
--------------------------------------------------------------------------------
--- Ligand                                                                   ---
--------------------------------------------------------------------------------
  Ligand loaded from file                  : /DATA2/COVID-19/PDBs_&_Models/AV-procd.sdf
  Ligand name                              :  
  "AV-unprocessed.smi:1633                                                  "

--------------------------------------------------------------------------------
  N.plc donors                             : 
  none found

  Acidic nitrogen acceptors                : 
  none found
  Sulfur acceptors                         :
  none found


  Donor atoms                              :      2
  7   10  
  Acceptor atoms                           :      3
  3   10  14  

  Hydrogens                                :  (n = 2)
  51   35   

  Lone pairs added to molecule             :      5
  Numbering                                : from 52 to 56
  Choline groups                           : 
   7   

--------------------------------------------------------------------------------
--- Postprocessing of typing                                                 ---
--------------------------------------------------------------------------------
  Fragment file                            : /home/scv26/CCDC/Discovery_2020/GOLD/gold/rotatable_bond_override.mol2
  acylurea fragment                        : no matches
  thioacylthiourea fragment                : no matches
  acylthiourea fragment                    : no matches
  thioacylurea fragment                    : no matches
  diarylamine fragment >C.ar-NH-C.ar<      : no matches
  sec-amine (1) fragment                   : no matches
  sec-amine (2) fragment                   : 1 matches
  Ligand bond 12-22  set to 1
  Ligand bond 12-11  set to 1
  Ligand bond 12-13  set to 1
  sec-amine (3) fragment                   : 1 matches
  Ligand bond 12-22  set to 1
  Ligand bond 12-13  set to 1
  Ligand bond 12-11  set to 1
  carboxylic ester                         : no matches

* Rotatable bonds in /DATA2/COVID-19/PDBs  :
  [   2    4 (flip) ]     [   7    8] [   8    9] [   9   10] 
  [   9   11] [  11   12] 
  No. of rotatable bonds                   :      6


* Fragments found in /DATA2/COVID-19/PDBs  :
  atom  15: benzene
  atom  16: benzene
  atom  17: benzene
  atom  19: benzene
  atom  21: benzene
  atom  22: benzene


* Checking torsion distributions:                                               
  No. of matched torsions                  :      0

--------------------------------------------------------------------------------
--- Shape fitting atoms selection (hydrophobic atoms)                        ---
--------------------------------------------------------------------------------
  Molecule                                 : /DATA2/COVID-19/PDBs_&_Models/AV-procd.sdf
  Selection                                : carbons only
  Atom numbers                             :  (n = 13)
  1    5    6    8    9    11   13   16   18   20   
  21   23   24   


--------------------------------------------------------------------------------
--- ChemScore ligand setup summary                                           ---
--------------------------------------------------------------------------------
  ChemScore ligand acceptors               :      3
  3 10 14 
  ChemScore ligand donors                  :      2
  7 ( 51 [+]  ) 10 ( 35  ) 
  ChemScore ligand CH donors               :      1
  13 ( 38 ) 

  ChemScore ligand lipophilic atoms        :  (n = 16)
  1    5    6    8    9    11   15   16   17   18   
  19   20   21   22   23   24   

  ChemScore ligand rotatable bonds         :      6
  2   (****) - 4   (****): SP2_SP2_BOND
  7   (****) - 8   (****): SP3_SP3_BOND
  8   (****) - 9   (****): SP3_SP3_BOND
  9   (****) - 10  (****): SP3_SP3_BOND
  9   (****) - 11  (****): SP3_SP3_BOND
  11  (****) - 12  (****): SP3_SP2_BOND

--------------------------------------------------------------------------------
--- PLP ligand setup summary                                                 ---
--------------------------------------------------------------------------------
    1  ****   C.3 NONPOLAR
    2  ****   C.2 NONPOLAR
    3  ****   O.2 ACCEPTOR
    4  ****  N.am NONPOLAR
    5  ****   C.3 NONPOLAR
    6  ****   C.3 NONPOLAR
    7  ****   N.4 DONOR
    8  ****   C.3 NONPOLAR
    9  ****   C.3 NONPOLAR
   10  ****   O.3 DONACC
   11  ****   C.3 NONPOLAR
   12  **** N.pl3 NONPOLAR
   13  ****   C.2 NONPOLAR
   14  ****   N.2 ACCEPTOR
   15  ****  C.ar NONPOLAR
   16  ****  C.ar NONPOLAR
   17  ****  C.ar NONPOLAR
   18  ****   C.3 NONPOLAR
   19  ****  C.ar NONPOLAR
   20  ****   C.3 NONPOLAR
   21  ****  C.ar NONPOLAR
   22  ****  C.ar NONPOLAR
   23  ****   C.3 NONPOLAR
   24  ****   C.3 NONPOLAR


--------------------------------------------------------------------------------
--- Automatic parameter setting                                              ---
--------------------------------------------------------------------------------
  Contribution base                        :   2500
  Contribution per rotatable bond          :   6000
  Contribution per df                      :   4000
  Contribution per water                   :  10000
  Ligand rotatable bonds                   :      6
  Protein flexible side chain bonds        :      0
  Total rotatable bonds                    :      6
  Hydrophobic vol ratio (P/L)              :   1.774
  Base multiplier (polar)                  :   1.200
  Base multiplier (apolar)                 :   4.614
  Base contribution                        : 12500.000
  Fitting points                           :      6
  Estimated maxops needed (optimal)        :  49000

--------------------------------------------------------------------------------

* Population settings                                                           
  maxops                                   :  49000
  popsiz                                   :    100
  select_pressure                          :   1.100
  n_islands                                :      4
  niche_siz                                :      2

* GA settings                                                                   
  pt_crosswt                               :     95
  allele_mutatewt                          :     95
  migratewt                                :     10

* Search settings                                                               
  start_vdw_linear_cutoff                  :   4.000
  initial_virtual_pt_match_max             :   3.000

--------------------------------------------------------------------------------

* Ligand initialisation time :                                                  
  total  0.0180 user  0.0180 sys  0.0000

--------------------------------------------------------------------------------

--------------------------------------------------------------------------------
** Docking run number  1 **
--------------------------------------------------------------------------------
  Rank fitness base is 5000.00 ; increment is 11.2233

* Initialising population(s) ...                                                
Number of constraints mappings 0
Number of constraints 0
  Population no.                           :      1
  Population size                          :    100
  Number of duplicates                     :      0
  Number of niche violations               :      0
  Number of errors                         :   4337

Number of constraints mappings 0
Number of constraints 0
  Population no.                           :      2
  Population size                          :    100
  Number of duplicates                     :      0
  Number of niche violations               :      0
  Number of errors                         :   4461

Number of constraints mappings 0
Number of constraints 0
  Population no.                           :      3
  Population size                          :    100
  Number of duplicates                     :      0
  Number of niche violations               :      0
  Number of errors                         :   4161

Number of constraints mappings 0
Number of constraints 0
  Population no.                           :      4
  Population size                          :    100
  Number of duplicates                     :      0
  Number of niche violations               :      0
  Number of errors                         :   4225


Doing GA, no. of population(s) 4 size 100 selection pressure 1.100000

 Operation      Score     S(PLP)   S(hbond)     S(cho)   S(metal)  DE(clash)   DE(tors)     intcor
         0      18.06     -18.98       0.33       0.00       0.00       0.00       1.49       0.26
        90      18.59     -15.45       1.54       0.00       0.00       0.00       0.87       0.26
       577      19.66     -16.86       1.80       0.00       0.00       0.00       1.42       0.26
       610      20.01     -15.43       2.27       0.00       0.00       0.00       1.25       0.26
       748      25.06     -25.41       0.33       0.13       0.00       0.00       0.99       0.26
      2244      25.14     -25.41       0.36       0.13       0.00       0.00       0.99       0.26
      2848      25.42     -26.99       0.55       0.25       0.00       1.48       1.36       0.26
      3582      28.64     -24.90       2.00       0.00       0.00       0.00       1.26       0.26
      3838      28.78     -22.92       2.00       0.45       0.00       0.00       0.88       0.26
      4194      29.90     -23.20       2.00       0.75       0.00       0.00       0.91       0.26
      4754      29.91     -23.17       2.00       1.00       0.00       0.00       1.26       0.26
      5329      29.91     -23.17       2.00       1.00       0.00       0.00       1.26       0.26
      5858      30.25     -23.41       2.00       0.77       0.00       0.00       0.86       0.26
      6822      32.78     -27.94       2.04       0.33       0.00       0.00       1.26       0.26
      6886      34.74     -27.59       2.00       1.00       0.00       0.00       1.06       0.26
     10382      36.89     -31.29       2.75       0.00       0.00       0.00       1.40       0.15
     13082      37.33     -30.31       3.00       0.00       0.00       0.00       1.06       0.15
     15830      37.51     -30.47       3.00       0.00       0.00       0.00       1.05       0.15
     17265      38.25     -38.81       0.00       0.00       0.00       0.00       0.35       0.15
     17807      38.69     -39.82       0.00       0.00       0.00       0.00       0.64       0.15
     18508      39.17     -40.31       0.00       0.00       0.00       0.00       0.64       0.15
     19049      40.29     -41.68       0.00       0.00       0.00       0.00       0.77       0.15
     19649      40.44     -39.16       2.00       0.00       0.00       2.82       1.03       0.15
     20184      46.75     -42.18       2.30       0.00       0.00       0.00       1.23       0.15
     25429      46.98     -42.25       2.35       0.00       0.00       0.00       1.23       0.15
     26100      47.02     -42.51       2.28       0.00       0.00       0.00       1.23       0.15
     27564      47.18     -43.45       1.97       0.00       0.00       0.00       1.16       0.15
     28516      47.48     -42.63       2.40       0.00       0.00       0.00       1.25       0.15
     28676      47.60     -42.49       2.48       0.00       0.00       0.00       1.23       0.15
     28968      48.21     -42.21       2.73       0.00       0.00       0.00       1.16       0.15
     30008      48.85     -42.17       3.00       0.00       0.00       0.00       1.23       0.15
     32496      48.95     -42.27       3.00       0.00       0.00       0.00       1.23       0.15
     33531      49.24     -42.80       2.89       0.00       0.00       0.00       1.19       0.15
     34108      49.87     -43.19       3.00       0.00       0.00       0.00       1.23       0.15
     35520      49.88     -43.21       3.00       0.00       0.00       0.00       1.23       0.15
     38223      49.93     -43.21       3.00       0.00       0.00       0.00       1.21       0.15
     42582      50.04     -43.31       3.00       0.00       0.00       0.00       1.21       0.15
     47598      50.09     -43.26       3.00       0.00       0.00       0.00       1.16       0.15
--------------------------------------------------------------------------------
Best docking solution after GA:
     49000      50.09     -43.26       3.00       0.00       0.00       0.00       1.16       0.15

#ops:      49000 #mutates:  23350 #cross:    23169 #migrate:   2481 
#dups:     11982 #niche:    24156 #errors:    2196 
--------------------------------------------------------------------------------

Doing AMOEBA simplex on best individual
Done simplexing #iterations 625, best score  50.79

Ligand is stored in gold_soln_AV-procd_m6533_1.sdf


--------------------------------------------------------------------------------
--- CHEMPLP breakdown of terms                                               ---
--------------------------------------------------------------------------------
CHEMPLP = - ( 1.0000*S(PLP) + -3.0000*S(hbond) + -6.0000*S(metal) + -3.0000*S(cho) )

Score = CHEMPLP - 1.0000*DE(clash) - 2.0000*DE(tors)

Internal energy term has been corrected with the best internal energy encountered.

--------------------------------------------------------------------------------


     Score     S(PLP)   S(hbond)     S(cho)   S(metal)  DE(clash)   DE(tors)     intcor
     50.79     -43.86       3.00       0.00       0.00       0.00       1.11       0.15

--------------------------------------------------------------------------------
--- PLP analysis of protein-ligand interactions                              ---
--------------------------------------------------------------------------------
hydrogen bonding        :      -2.00
metal                   :       0.00
buried (polar-nonpolar) :      -4.96
nonpolar                :     -37.20
repulsive               :       1.05
--------------------------------------------------------------------------------


--------------------------------------------------------------------------------
--- ChemScore analysis of protein-ligand interactions                        ---
--------------------------------------------------------------------------------

* Hydrogen bonds                                                                
Ligand donor    7 hydrogen   51 Protein acceptor 8028 bond energy  1.00 wt 2.00
Protein donor 7997 hydrogen 8008 Ligand acceptor   14 bond energy  1.00 wt 1.00


* CH..O interactions                                                            
  CH group selection                       : activated ring CH (adjacent to hetatom)

--------------------------------------------------------------------------------


--------------------------------------------------------------------------------
--- Intra-ligand clashes                                                     ---
--------------------------------------------------------------------------------

Ligand
--------------------------------------------------------------------------------

--------------------------------------------------------------------------------
--- Rescoring solution                                                       ---
--------------------------------------------------------------------------------

     Score         DG    S(hbond)    S(metal)    S(lipo)     H(rot)  DE(clash)    DE(int)
     11.65     -14.51       0.35        0.00     114.56       2.16       1.70       1.16

Doing AMOEBA simplex on best individual
Done simplexing #iterations 757, best score  13.08

     Score         DG    S(hbond)    S(metal)    S(lipo)     H(rot)  DE(clash)    DE(int)
     13.08     -15.49       0.50        0.00     118.61       2.16       1.26       1.15

--------------------------------------------------------------------------------
--- ChemScore breakdown of terms                                             ---
--------------------------------------------------------------------------------
DG = -5.4800 + -3.3400*S(hbond)
     + -6.0300*S(metal) + -0.1170*S(lipo) + 2.5600*H(rot)


H(rot) = 2.1608

Score = -(DG + DE(clash) + DE(int))


--------------------------------------------------------------------------------


--------------------------------------------------------------------------------
--- ChemScore analysis of protein-ligand interactions                        ---
--------------------------------------------------------------------------------

* Hydrogen bonds                                                                
Ligand donor    7 hydrogen   51 Protein acceptor 8028 bond energy  1.00 wt 0.25
Protein donor 7997 hydrogen 8008 Ligand acceptor   14 bond energy  1.00 wt 0.25

CHEMSCORE EXTRA INTERACTIONS:

* Clashes                                                                       
Clash for ligand atom   3 (**** ):   0.12
Clash for ligand atom  11 (**** ):   1.13
--------------------------------------------------------------------------------


--------------------------------------------------------------------------------
--- Chromosome decoded                                                       ---
--------------------------------------------------------------------------------
Ligand Torsions
[   1    2    4   24]    3.10
[   6    7    8    9] -164.04
[   7    8    9   10]  111.47
[  35   10    9    8]   46.41
[  12   11    9    8]  165.92
[  22   12   11    9]  -69.88
Protein Torsions
[6907 6896 6895 6894]  161.74 
[7974 7965 7964 7962]  -49.11 
[8008 7997 7996 7995]  -83.38 
[10167 10162 10161 10158] -110.16 
[10718 10713 10712 10709] -131.58 
[10763 10752 10751 10750]  -39.97 
[11005 11000 10999 10996]  117.80 
Mapping
Ligand acceptors to protein hydrogens (mapping then atom ids)
  3  19 [ 14->8008]
Ligand hydrogens to protein acceptors (mapping then atom ids)
  1  15 [ 51->8028]
Ligand shape atoms to protein points (mapping then atom ids & coords)
  8  8540 [ 16->(151.750 143.000 159.000)]
  9  9024 [ 18->(152.250 142.250 160.000)]
 10  8146 [ 20->(151.250 145.250 159.250)]
Ligand N+ atoms to protein TRP (mapping then atom ids & coords)
Chromosome values
Integers:
  -1   -1   18   14   -1   -1   -1   -1   -1   -1   -1   -1 
  -1 8539 9023 8145   -1   -1   -1 
--------------------------------------------------------------------------------

Current Ranking  1

--------------------------------------------------------------------------------

* GA execution time :                                                           
  total  1.0271 user  1.0231 sys  0.0040

--------------------------------------------------------------------------------
Fitness function evaluations: 99092

--------------------------------------------------------------------------------
** Docking run number  2 **
--------------------------------------------------------------------------------
  Rank fitness base is 5000.00 ; increment is 11.2233

* Initialising population(s) ...                                                
Number of constraints mappings 0
Number of constraints 0
  Population no.                           :      1
  Population size                          :    100
  Number of duplicates                     :      0
  Number of niche violations               :      0
  Number of errors                         :   4394

Number of constraints mappings 0
Number of constraints 0
  Population no.                           :      2
  Population size                          :    100
  Number of duplicates                     :      0
  Number of niche violations               :      0
  Number of errors                         :   4263

Number of constraints mappings 0
Number of constraints 0
  Population no.                           :      3
  Population size                          :    100
  Number of duplicates                     :      0
  Number of niche violations               :      0
  Number of errors                         :   4171

Number of constraints mappings 0
Number of constraints 0
  Population no.                           :      4
  Population size                          :    100
  Number of duplicates                     :      0
  Number of niche violations               :      0
  Number of errors                         :   4293


Doing GA, no. of population(s) 4 size 100 selection pressure 1.100000

 Operation      Score     S(PLP)   S(hbond)     S(cho)   S(metal)  DE(clash)   DE(tors)     intcor
         0      28.46     -24.63       2.00       0.00       0.00       0.00       1.16       0.15
       831      29.21     -25.38       2.00       0.00       0.00       0.00       1.16       0.15
      1036      30.85     -26.85       2.25       0.00       0.00       1.34       0.79       0.15
      2660      32.00     -27.77       2.33       0.00       0.00       1.34       0.79       0.15
      2924      35.10     -32.40       1.82       0.00       0.00       1.34       0.79       0.15
      3562      36.70     -32.69       2.06       0.00       0.00       0.00       1.16       0.15
      5039      36.90     -30.30       3.00       0.00       0.00       0.00       1.27       0.15
      5237      38.12     -35.50       1.69       0.00       0.00       0.00       1.30       0.15
      5625      46.00     -42.04       2.92       0.00       0.00       2.02       1.46       0.15
      8588      46.00     -42.04       2.92       0.00       0.00       2.02       1.46       0.15
     10411      48.74     -44.49       3.00       0.00       0.00       2.02       1.43       0.15
     16932      48.82     -44.29       3.00       0.00       0.00       1.80       1.41       0.15
     22887      48.89     -44.64       3.00       0.00       0.00       2.02       1.43       0.15
     23923      49.95     -46.00       3.00       0.00       0.00       2.02       1.59       0.15
     24166      50.44     -46.36       3.00       0.00       0.00       2.02       1.52       0.15
     31962      50.58     -46.57       3.00       0.00       0.00       2.02       1.56       0.15
     40607      50.60     -46.57       3.00       0.00       0.00       2.02       1.54       0.15
     40881      51.19     -45.18       2.42       0.00       0.00       0.00       0.69       0.15
     44609      51.48     -44.99       2.58       0.00       0.00       0.00       0.70       0.15
     45849      52.21     -45.18       2.76       0.00       0.00       0.00       0.69       0.15
     47345      52.60     -45.18       2.88       0.00       0.00       0.00       0.68       0.15
     47649      52.74     -44.86       3.04       0.00       0.00       0.00       0.69       0.15
     47885      52.80     -45.40       2.86       0.00       0.00       0.00       0.66       0.15
     48792      53.39     -45.72       2.92       0.00       0.00       0.00       0.62       0.15
--------------------------------------------------------------------------------
Best docking solution after GA:
     49000      53.39     -45.72       2.92       0.00       0.00       0.00       0.62       0.15

#ops:      49000 #mutates:  23304 #cross:    23202 #migrate:   2494 
#dups:     11722 #niche:    25792 #errors:    2002 
--------------------------------------------------------------------------------

Doing AMOEBA simplex on best individual
Done simplexing #iterations 814, best score  62.19

Ligand is stored in gold_soln_AV-procd_m6533_2.sdf


--------------------------------------------------------------------------------
--- CHEMPLP breakdown of terms                                               ---
--------------------------------------------------------------------------------
CHEMPLP = - ( 1.0000*S(PLP) + -3.0000*S(hbond) + -6.0000*S(metal) + -3.0000*S(cho) )

Score = CHEMPLP - 1.0000*DE(clash) - 2.0000*DE(tors)

Internal energy term has been corrected with the best internal energy encountered.

--------------------------------------------------------------------------------


     Score     S(PLP)   S(hbond)     S(cho)   S(metal)  DE(clash)   DE(tors)     intcor
     62.19     -48.82       4.76       0.00       0.00       0.00       0.53       0.15

--------------------------------------------------------------------------------
--- PLP analysis of protein-ligand interactions                              ---
--------------------------------------------------------------------------------
hydrogen bonding        :      -4.00
metal                   :       0.00
buried (polar-nonpolar) :      -5.97
nonpolar                :     -38.02
repulsive               :       0.11
--------------------------------------------------------------------------------


--------------------------------------------------------------------------------
--- ChemScore analysis of protein-ligand interactions                        ---
--------------------------------------------------------------------------------

* Hydrogen bonds                                                                
Ligand donor    7 hydrogen   51 Protein acceptor 8028 bond energy  1.00 wt 2.00
Ligand donor   10 hydrogen   35 Protein acceptor 7957 bond energy  1.00 wt 1.00
Protein donor 7989 hydrogen 7998 Ligand acceptor   10 bond energy  1.00 wt 0.77
Protein donor 7997 hydrogen 8010 Ligand acceptor   14 bond energy  1.00 wt 0.99


* CH..O interactions                                                            
  CH group selection                       : activated ring CH (adjacent to hetatom)

--------------------------------------------------------------------------------


--------------------------------------------------------------------------------
--- Intra-ligand clashes                                                     ---
--------------------------------------------------------------------------------

Ligand
--------------------------------------------------------------------------------

--------------------------------------------------------------------------------
--- Rescoring solution                                                       ---
--------------------------------------------------------------------------------

     Score         DG    S(hbond)    S(metal)    S(lipo)     H(rot)  DE(clash)    DE(int)
     14.52     -17.29       1.09        0.00     117.00       2.16       1.48       1.30

Doing AMOEBA simplex on best individual
Done simplexing #iterations 986, best score  18.27

     Score         DG    S(hbond)    S(metal)    S(lipo)     H(rot)  DE(clash)    DE(int)
     18.27     -21.13       2.23        0.00     117.27       2.16       1.34       1.53

--------------------------------------------------------------------------------
--- ChemScore breakdown of terms                                             ---
--------------------------------------------------------------------------------
DG = -5.4800 + -3.3400*S(hbond)
     + -6.0300*S(metal) + -0.1170*S(lipo) + 2.5600*H(rot)


H(rot) = 2.1608

Score = -(DG + DE(clash) + DE(int))


--------------------------------------------------------------------------------


--------------------------------------------------------------------------------
--- ChemScore analysis of protein-ligand interactions                        ---
--------------------------------------------------------------------------------

* Hydrogen bonds                                                                
Ligand donor    7 hydrogen   51 Protein acceptor 8028 bond energy  1.00 wt 0.40
Ligand donor   10 hydrogen   35 Protein acceptor 7957 bond energy  1.00 wt 0.94
Protein donor 7989 hydrogen 7998 Ligand acceptor   10 bond energy  1.00 wt 0.10
Protein donor 7997 hydrogen 8010 Ligand acceptor   14 bond energy  1.00 wt 0.79

CHEMSCORE EXTRA INTERACTIONS:

* Clashes                                                                       
Clash for ligand atom   5 (**** ):   0.01
Clash for ligand atom  11 (**** ):   1.15
Clash for ligand atom  13 (**** ):   0.13
Clash for ligand atom  14 (**** ):   0.03
Clash for ligand atom  15 (**** ):   0.01
Clash for ligand atom  18 (**** ):   0.01
--------------------------------------------------------------------------------


--------------------------------------------------------------------------------
--- Chromosome decoded                                                       ---
--------------------------------------------------------------------------------
Ligand Torsions
[   1    2    4   24] -176.90
[   6    7    8    9]  179.81
[   7    8    9   10] -170.23
[  35   10    9    8]    0.63
[  12   11    9    8]  162.69
[  22   12   11    9] -142.09
Protein Torsions
[6907 6896 6895 6894]  -20.69 
[7974 7965 7964 7962]  -84.79 
[8008 7997 7996 7995]   61.91 
[10167 10162 10161 10158]   96.95 
[10718 10713 10712 10709]   58.47 
[10763 10752 10751 10750]  172.52 
[11005 11000 10999 10996]   79.88 
Mapping
Ligand acceptors to protein hydrogens (mapping then atom ids)
Ligand hydrogens to protein acceptors (mapping then atom ids)
Ligand shape atoms to protein points (mapping then atom ids & coords)
  4  6043 [  8->(147.750 141.500 154.250)]
  8  9391 [ 16->(152.750 142.000 159.750)]
  9  9552 [ 18->(153.000 142.500 160.500)]
Ligand N+ atoms to protein TRP (mapping then atom ids & coords)
Chromosome values
Integers:
  -1   -1   -1   -1   -1   -1   -1   -1   -1 6042   -1   -1 
  -1 9390 9551   -1   -1   -1   -1 
--------------------------------------------------------------------------------

Current Ranking  2  1

--------------------------------------------------------------------------------

* GA execution time :                                                           
  total  1.0298 user  1.0298 sys  0.0000

--------------------------------------------------------------------------------
Fitness function evaluations: 100857

--------------------------------------------------------------------------------
** Docking run number  3 **
--------------------------------------------------------------------------------
  Rank fitness base is 5000.00 ; increment is 11.2233

* Initialising population(s) ...                                                
Number of constraints mappings 0
Number of constraints 0
  Population no.                           :      1
  Population size                          :    100
  Number of duplicates                     :      0
  Number of niche violations               :      0
  Number of errors                         :   4205

Number of constraints mappings 0
Number of constraints 0
  Population no.                           :      2
  Population size                          :    100
  Number of duplicates                     :      0
  Number of niche violations               :      0
  Number of errors                         :   4408

Number of constraints mappings 0
Number of constraints 0
  Population no.                           :      3
  Population size                          :    100
  Number of duplicates                     :      0
  Number of niche violations               :      0
  Number of errors                         :   4364

Number of constraints mappings 0
Number of constraints 0
  Population no.                           :      4
  Population size                          :    100
  Number of duplicates                     :      0
  Number of niche violations               :      0
  Number of errors                         :   4567


Doing GA, no. of population(s) 4 size 100 selection pressure 1.100000

 Operation      Score     S(PLP)   S(hbond)     S(cho)   S(metal)  DE(clash)   DE(tors)     intcor
         0      29.23     -28.38       1.00       0.00       0.00       0.00       1.15       0.11
      3600      30.13     -29.53       0.45       0.00       0.00       0.00       0.43       0.11
      5073      31.55     -29.35       1.90       0.00       0.00       0.00       1.81       0.11
      5276      37.66     -32.13       2.44       0.00       0.00       0.00       0.95       0.11
      5464      38.66     -31.94       2.84       0.00       0.00       0.00       0.95       0.11
      6020      40.22     -31.94       3.36       0.00       0.00       0.00       0.95       0.11
      9392      41.30     -33.21       3.29       0.00       0.00       0.00       0.95       0.11
     11551      41.43     -36.85       2.02       0.00       0.00       0.00       0.80       0.11
     11869      43.00     -39.03       2.00       0.00       0.00       0.00       1.07       0.11
     14096      43.30     -37.59       2.31       0.00       0.00       0.00       0.67       0.11
     15184      43.77     -36.53       2.78       0.00       0.00       0.00       0.60       0.11
     15817      44.85     -37.22       3.00       0.00       0.00       0.00       0.74       0.11
     15936      46.59     -38.40       3.09       0.00       0.00       0.00       0.60       0.11
     16392      47.99     -39.39       3.28       0.00       0.00       0.00       0.67       0.11
     17424      48.73     -38.84       3.71       0.00       0.00       0.00       0.67       0.11
     19903      49.05     -39.94       3.41       0.00       0.00       0.00       0.61       0.11
     20255      49.95     -39.09       3.99       0.00       0.00       0.00       0.61       0.11
     23733      50.47     -40.14       3.80       0.00       0.00       0.00       0.59       0.11
     25256      50.93     -40.00       4.00       0.00       0.00       0.00       0.59       0.11
     27652      51.07     -40.14       4.00       0.00       0.00       0.00       0.59       0.11
     30084      51.19     -40.26       4.00       0.00       0.00       0.00       0.59       0.11
     32083      51.21     -40.26       4.00       0.00       0.00       0.00       0.58       0.11
     34081      51.24     -40.18       4.00       0.00       0.00       0.00       0.53       0.11
     35543      51.41     -40.36       4.00       0.00       0.00       0.00       0.53       0.11
--------------------------------------------------------------------------------
Best docking solution after GA:
     49000      51.41     -40.36       4.00       0.00       0.00       0.00       0.53       0.11

#ops:      49000 #mutates:  23185 #cross:    23352 #migrate:   2463 
#dups:     14818 #niche:    26333 #errors:    1872 
--------------------------------------------------------------------------------

Doing AMOEBA simplex on best individual
Done simplexing #iterations 636, best score  53.03

Ligand is stored in gold_soln_AV-procd_m6533_3.sdf


--------------------------------------------------------------------------------
--- CHEMPLP breakdown of terms                                               ---
--------------------------------------------------------------------------------
CHEMPLP = - ( 1.0000*S(PLP) + -3.0000*S(hbond) + -6.0000*S(metal) + -3.0000*S(cho) )

Score = CHEMPLP - 1.0000*DE(clash) - 2.0000*DE(tors)

Internal energy term has been corrected with the best internal energy encountered.

--------------------------------------------------------------------------------


     Score     S(PLP)   S(hbond)     S(cho)   S(metal)  DE(clash)   DE(tors)     intcor
     53.03     -41.87       4.00       0.00       0.00       0.00       0.48       0.11

--------------------------------------------------------------------------------
--- PLP analysis of protein-ligand interactions                              ---
--------------------------------------------------------------------------------
hydrogen bonding        :      -3.94
metal                   :       0.00
buried (polar-nonpolar) :      -2.78
nonpolar                :     -33.89
repulsive               :       0.11
--------------------------------------------------------------------------------


--------------------------------------------------------------------------------
--- ChemScore analysis of protein-ligand interactions                        ---
--------------------------------------------------------------------------------

* Hydrogen bonds                                                                
Ligand donor    7 hydrogen   51 Protein acceptor 7948 bond energy  1.00 wt 2.00
Ligand donor   10 hydrogen   35 Protein acceptor 7957 bond energy  1.00 wt 1.00
Protein donor 7997 hydrogen 8010 Ligand acceptor   14 bond energy  1.00 wt 1.00


* CH..O interactions                                                            
  CH group selection                       : activated ring CH (adjacent to hetatom)

--------------------------------------------------------------------------------


--------------------------------------------------------------------------------
--- Intra-ligand clashes                                                     ---
--------------------------------------------------------------------------------

Ligand
--------------------------------------------------------------------------------

--------------------------------------------------------------------------------
--- Rescoring solution                                                       ---
--------------------------------------------------------------------------------

     Score         DG    S(hbond)    S(metal)    S(lipo)     H(rot)  DE(clash)    DE(int)
     16.34     -18.35       1.97        0.00     101.10       2.16       0.68       1.33

Doing AMOEBA simplex on best individual
Done simplexing #iterations 767, best score  20.05

     Score         DG    S(hbond)    S(metal)    S(lipo)     H(rot)  DE(clash)    DE(int)
     20.05     -20.71       2.78        0.00      98.16       2.16       0.13       0.53

--------------------------------------------------------------------------------
--- ChemScore breakdown of terms                                             ---
--------------------------------------------------------------------------------
DG = -5.4800 + -3.3400*S(hbond)
     + -6.0300*S(metal) + -0.1170*S(lipo) + 2.5600*H(rot)


H(rot) = 2.1608

Score = -(DG + DE(clash) + DE(int))


--------------------------------------------------------------------------------


--------------------------------------------------------------------------------
--- ChemScore analysis of protein-ligand interactions                        ---
--------------------------------------------------------------------------------

* Hydrogen bonds                                                                
Ligand donor    7 hydrogen   51 Protein acceptor 7948 bond energy  1.00 wt 0.99
Ligand donor   10 hydrogen   35 Protein acceptor 7957 bond energy  1.00 wt 0.92
Protein donor 7997 hydrogen 8010 Ligand acceptor   14 bond energy  1.00 wt 0.87

CHEMSCORE EXTRA INTERACTIONS:

* Clashes                                                                       
Clash for ligand atom  10 (**** ):   0.12
Clash for ligand atom  11 (**** ):   0.01
--------------------------------------------------------------------------------


--------------------------------------------------------------------------------
--- Chromosome decoded                                                       ---
--------------------------------------------------------------------------------
Ligand Torsions
[   1    2    4   24]    3.10
[   6    7    8    9]   64.51
[   7    8    9   10]   56.14
[  35   10    9    8]   35.80
[  12   11    9    8]  160.11
[  22   12   11    9] -136.85
Protein Torsions
[6907 6896 6895 6894]  169.90 
[7974 7965 7964 7962] -133.02 
[8008 7997 7996 7995]   71.43 
[10167 10162 10161 10158]  172.94 
[10718 10713 10712 10709]   67.57 
[10763 10752 10751 10750]    2.90 
[11005 11000 10999 10996]   45.47 
Mapping
Ligand acceptors to protein hydrogens (mapping then atom ids)
  3  21 [ 14->8010]
Ligand hydrogens to protein acceptors (mapping then atom ids)
  1   7 [ 51->7948]
Ligand shape atoms to protein points (mapping then atom ids & coords)
  5  7485 [  9->(150.750 138.750 155.250)]
  8  9008 [ 16->(152.250 141.750 159.000)]
  9  9029 [ 18->(152.250 142.500 159.500)]
 10  7417 [ 20->(150.500 145.000 160.000)]
 11  6919 [ 21->(149.750 142.500 157.750)]
 13  3417 [ 24->(145.000 136.750 152.000)]
Ligand N+ atoms to protein TRP (mapping then atom ids & coords)
Chromosome values
Integers:
  -1   -1   20    6   -1   -1   -1   -1   -1   -1 7484   -1 
  -1 9007 9028 7416 6918   -1 3416 
--------------------------------------------------------------------------------

Current Ranking  2  3  1

--------------------------------------------------------------------------------

* GA execution time :                                                           
  total  1.0549 user  1.0549 sys  0.0000

--------------------------------------------------------------------------------
Fitness function evaluations: 99461

--------------------------------------------------------------------------------
** Docking run number  4 **
--------------------------------------------------------------------------------
  Rank fitness base is 5000.00 ; increment is 11.2233

* Initialising population(s) ...                                                
Number of constraints mappings 0
Number of constraints 0
  Population no.                           :      1
  Population size                          :    100
  Number of duplicates                     :      0
  Number of niche violations               :      0
  Number of errors                         :   4114

Number of constraints mappings 0
Number of constraints 0
  Population no.                           :      2
  Population size                          :    100
  Number of duplicates                     :      0
  Number of niche violations               :      0
  Number of errors                         :   4343

Number of constraints mappings 0
Number of constraints 0
  Population no.                           :      3
  Population size                          :    100
  Number of duplicates                     :      0
  Number of niche violations               :      0
  Number of errors                         :   4465

Number of constraints mappings 0
Number of constraints 0
  Population no.                           :      4
  Population size                          :    100
  Number of duplicates                     :      0
  Number of niche violations               :      0
  Number of errors                         :   4435


Doing GA, no. of population(s) 4 size 100 selection pressure 1.100000

 Operation      Score     S(PLP)   S(hbond)     S(cho)   S(metal)  DE(clash)   DE(tors)     intcor
         0      23.47     -20.89       1.95       0.00       0.00       0.00       1.69       0.11
       146      23.57     -21.18       1.95       0.00       0.00       0.00       1.78       0.11
       654      27.22     -27.61       0.74       0.00       0.00       0.00       1.36       0.11
      1864      33.92     -26.88       3.29       0.00       0.00       0.00       1.48       0.11
      5991      36.69     -35.32       1.63       0.00       0.00       0.00       1.82       0.11
      7727      37.31     -35.34       1.69       0.00       0.00       0.00       1.61       0.11
      8842      37.53     -34.19       1.95       0.00       0.00       0.00       1.31       0.11
      9430      37.99     -41.22       0.00       0.00       0.00       0.00       1.67       0.11
     10398      38.15     -36.06       1.43       0.00       0.00       0.00       1.16       0.11
     10791      39.08     -36.56       1.71       0.00       0.00       0.00       1.36       0.11
     10958      40.04     -41.22       0.68       0.00       0.00       0.00       1.67       0.11
     11434      40.13     -39.45       1.17       0.00       0.00       0.00       1.47       0.11
     11818      40.37     -39.45       1.25       0.00       0.00       0.00       1.47       0.11
     12190      43.41     -38.50       2.48       0.00       0.00       0.00       1.31       0.11
     17163      44.12     -42.23       1.30       0.00       0.00       0.00       1.07       0.11
     21459      44.72     -40.73       1.98       0.00       0.00       0.00       1.03       0.11
     22378      44.77     -38.98       2.76       0.00       0.00       0.00       1.31       0.11
     22475      44.98     -37.70       3.24       0.00       0.00       0.00       1.29       0.11
     22827      47.92     -42.99       2.14       0.00       0.00       0.00       0.81       0.11
     26889      49.34     -43.60       2.38       0.00       0.00       0.00       0.75       0.11
     28279      49.65     -41.93       3.11       0.00       0.00       0.00       0.86       0.11
     28443      50.57     -42.99       3.03       0.00       0.00       0.00       0.81       0.11
     29844      50.79     -42.19       3.33       0.00       0.00       0.00       0.75       0.11
     30232      52.06     -42.94       3.50       0.00       0.00       0.00       0.75       0.11
     31176      52.37     -42.94       3.60       0.00       0.00       0.00       0.75       0.11
     32528      52.58     -42.95       3.68       0.00       0.00       0.00       0.76       0.11
     32890      53.02     -44.70       3.27       0.00       0.00       0.00       0.81       0.11
     33004      53.08     -43.38       3.70       0.00       0.00       0.00       0.75       0.11
     33854      53.76     -43.53       3.90       0.00       0.00       0.00       0.79       0.11
     34170      53.97     -42.96       4.19       0.00       0.00       0.00       0.84       0.11
     35503      54.10     -42.58       4.23       0.00       0.00       0.00       0.64       0.11
     35527      54.53     -43.06       4.23       0.00       0.00       0.00       0.66       0.11
     36322      54.72     -43.48       4.27       0.00       0.00       0.00       0.84       0.11
     36588      55.12     -43.22       4.41       0.00       0.00       0.00       0.72       0.11
     37570      55.18     -44.50       4.08       0.00       0.00       0.00       0.84       0.11
     37928      55.52     -43.86       4.33       0.00       0.00       0.00       0.72       0.11
     38436      55.92     -44.45       4.27       0.00       0.00       0.00       0.72       0.11
     39435      56.48     -45.49       4.10       0.00       0.00       0.00       0.72       0.11
     40043      56.62     -44.62       4.42       0.00       0.00       0.00       0.68       0.11
     41235      56.69     -44.17       4.57       0.00       0.00       0.00       0.65       0.11
     41331      56.74     -45.20       4.25       0.00       0.00       0.00       0.67       0.11
     41413      56.95     -45.46       4.27       0.00       0.00       0.00       0.72       0.11
     42047      57.27     -45.21       4.44       0.00       0.00       0.00       0.69       0.11
     42700      57.51     -45.66       4.41       0.00       0.00       0.00       0.74       0.11
     43273      57.55     -45.41       4.44       0.00       0.00       0.00       0.65       0.11
     43672      57.72     -45.21       4.63       0.00       0.00       0.00       0.74       0.11
     44688      57.81     -45.40       4.60       0.00       0.00       0.00       0.74       0.11
     44891      57.98     -45.68       4.56       0.00       0.00       0.00       0.74       0.11
     45695      58.07     -45.68       4.59       0.00       0.00       0.00       0.74       0.11
     45705      58.21     -45.06       4.80       0.00       0.00       0.00       0.68       0.11
     46483      58.23     -45.28       4.76       0.00       0.00       0.00       0.72       0.11
     47751      58.30     -45.96       4.57       0.00       0.00       0.00       0.74       0.11
     48036      58.32     -45.96       4.58       0.00       0.00       0.00       0.74       0.11
     48228      58.42     -45.87       4.64       0.00       0.00       0.00       0.74       0.11
--------------------------------------------------------------------------------
Best docking solution after GA:
     49000      58.42     -45.87       4.64       0.00       0.00       0.00       0.74       0.11

#ops:      49000 #mutates:  23441 #cross:    23105 #migrate:   2454 
#dups:     12105 #niche:    25486 #errors:    1667 
--------------------------------------------------------------------------------

Doing AMOEBA simplex on best individual
Done simplexing #iterations 389, best score  59.25

Ligand is stored in gold_soln_AV-procd_m6533_4.sdf


--------------------------------------------------------------------------------
--- CHEMPLP breakdown of terms                                               ---
--------------------------------------------------------------------------------
CHEMPLP = - ( 1.0000*S(PLP) + -3.0000*S(hbond) + -6.0000*S(metal) + -3.0000*S(cho) )

Score = CHEMPLP - 1.0000*DE(clash) - 2.0000*DE(tors)

Internal energy term has been corrected with the best internal energy encountered.

--------------------------------------------------------------------------------


     Score     S(PLP)   S(hbond)     S(cho)   S(metal)  DE(clash)   DE(tors)     intcor
     59.25     -46.20       4.79       0.00       0.00       0.00       0.72       0.11

--------------------------------------------------------------------------------
--- PLP analysis of protein-ligand interactions                              ---
--------------------------------------------------------------------------------
hydrogen bonding        :      -4.00
metal                   :       0.00
buried (polar-nonpolar) :      -7.30
nonpolar                :     -34.70
repulsive               :       0.07
--------------------------------------------------------------------------------


--------------------------------------------------------------------------------
--- ChemScore analysis of protein-ligand interactions                        ---
--------------------------------------------------------------------------------

* Hydrogen bonds                                                                
Ligand donor    7 hydrogen   51 Protein acceptor 8028 bond energy  1.00 wt 2.00
Ligand donor   10 hydrogen   35 Protein acceptor 7957 bond energy  1.00 wt 0.90
Protein donor 7989 hydrogen 7998 Ligand acceptor   10 bond energy  1.00 wt 0.90
Protein donor 7997 hydrogen 8008 Ligand acceptor   14 bond energy  1.00 wt 1.00


* CH..O interactions                                                            
  CH group selection                       : activated ring CH (adjacent to hetatom)

--------------------------------------------------------------------------------


--------------------------------------------------------------------------------
--- Intra-ligand clashes                                                     ---
--------------------------------------------------------------------------------

Ligand
--------------------------------------------------------------------------------

--------------------------------------------------------------------------------
--- Rescoring solution                                                       ---
--------------------------------------------------------------------------------

     Score         DG    S(hbond)    S(metal)    S(lipo)     H(rot)  DE(clash)    DE(int)
     18.00     -19.08       1.82        0.00     111.65       2.16       0.34       0.74

Doing AMOEBA simplex on best individual
Done simplexing #iterations 711, best score  19.90

     Score         DG    S(hbond)    S(metal)    S(lipo)     H(rot)  DE(clash)    DE(int)
     19.90     -20.99       2.36        0.00     112.59       2.16       0.49       0.60

--------------------------------------------------------------------------------
--- ChemScore breakdown of terms                                             ---
--------------------------------------------------------------------------------
DG = -5.4800 + -3.3400*S(hbond)
     + -6.0300*S(metal) + -0.1170*S(lipo) + 2.5600*H(rot)


H(rot) = 2.1608

Score = -(DG + DE(clash) + DE(int))


--------------------------------------------------------------------------------


--------------------------------------------------------------------------------
--- ChemScore analysis of protein-ligand interactions                        ---
--------------------------------------------------------------------------------

* Hydrogen bonds                                                                
Ligand donor    7 hydrogen   51 Protein acceptor 8028 bond energy  1.00 wt 0.82
Ligand donor   10 hydrogen   35 Protein acceptor 7957 bond energy  1.00 wt 0.85
Protein donor 7989 hydrogen 7998 Ligand acceptor   10 bond energy  1.00 wt 0.30
Protein donor 7997 hydrogen 8008 Ligand acceptor   14 bond energy  1.00 wt 0.38

CHEMSCORE EXTRA INTERACTIONS:

* Clashes                                                                       
Clash for ligand atom  11 (**** ):   0.34
Clash for ligand atom  12 (**** ):   0.15
--------------------------------------------------------------------------------


--------------------------------------------------------------------------------
--- Chromosome decoded                                                       ---
--------------------------------------------------------------------------------
Ligand Torsions
[   1    2    4   24]    3.10
[   6    7    8    9] -169.84
[   7    8    9   10] -170.91
[  35   10    9    8]    3.02
[  12   11    9    8]  149.46
[  22   12   11    9] -134.23
Protein Torsions
[6907 6896 6895 6894]  -56.81 
[7974 7965 7964 7962]  101.91 
[8008 7997 7996 7995]  -82.66 
[10167 10162 10161 10158]  -94.11 
[10718 10713 10712 10709] -106.16 
[10763 10752 10751 10750]  140.92 
[11005 11000 10999 10996] -130.16 
Mapping
Ligand acceptors to protein hydrogens (mapping then atom ids)
  2  18 [ 10->7998]
Ligand hydrogens to protein acceptors (mapping then atom ids)
  1  15 [ 51->8028]
  2   9 [ 35->7957]
Ligand shape atoms to protein points (mapping then atom ids & coords)
  4  6285 [  8->(148.250 141.750 155.250)]
  5  6639 [  9->(149.000 141.000 155.250)]
  6  6811 [ 11->(149.500 141.250 155.750)]
  8  8767 [ 16->(152.000 141.750 158.750)]
  9  9551 [ 18->(153.000 142.500 160.250)]
 10  8874 [ 20->(152.000 144.000 161.000)]
 11  7835 [ 21->(151.000 144.250 159.000)]
Ligand N+ atoms to protein TRP (mapping then atom ids & coords)
Chromosome values
Integers:
  -1   17   -1   14    8   -1   -1   -1   -1 6284 6638 6810 
  -1 8766 9550 8873 7834   -1   -1 
--------------------------------------------------------------------------------

Current Ranking  2  4  3  1

--------------------------------------------------------------------------------

* GA execution time :                                                           
  total  1.0642 user  1.0642 sys  0.0000

--------------------------------------------------------------------------------
Fitness function evaluations: 99252

--------------------------------------------------------------------------------
** Docking run number  5 **
--------------------------------------------------------------------------------
  Rank fitness base is 5000.00 ; increment is 11.2233

* Initialising population(s) ...                                                
Number of constraints mappings 0
Number of constraints 0
  Population no.                           :      1
  Population size                          :    100
  Number of duplicates                     :      0
  Number of niche violations               :      0
  Number of errors                         :   4435

Number of constraints mappings 0
Number of constraints 0
  Population no.                           :      2
  Population size                          :    100
  Number of duplicates                     :      0
  Number of niche violations               :      0
  Number of errors                         :   4307

Number of constraints mappings 0
Number of constraints 0
  Population no.                           :      3
  Population size                          :    100
  Number of duplicates                     :      0
  Number of niche violations               :      0
  Number of errors                         :   4348

Number of constraints mappings 0
Number of constraints 0
  Population no.                           :      4
  Population size                          :    100
  Number of duplicates                     :      0
  Number of niche violations               :      0
  Number of errors                         :   3965


Doing GA, no. of population(s) 4 size 100 selection pressure 1.100000

 Operation      Score     S(PLP)   S(hbond)     S(cho)   S(metal)  DE(clash)   DE(tors)     intcor
         0      22.70     -22.60       0.54       0.00       0.00       0.00       0.81       0.11
       905      27.65     -29.46       0.00       0.00       0.00       0.00       0.96       0.11
      1444      32.68     -27.93       1.92       0.00       0.00       0.00       0.56       0.11
      2701      38.51     -37.72       1.11       0.00       0.00       1.59       0.53       0.11
      3857      38.51     -37.72       1.11       0.00       0.00       1.59       0.53       0.11
     12862      38.87     -38.01       1.13       0.00       0.00       1.59       0.53       0.11
     13342      39.63     -38.27       1.30       0.00       0.00       1.59       0.53       0.11
     14218      40.70     -39.25       1.33       0.00       0.00       1.59       0.53       0.11
     18947      43.25     -38.64       2.00       0.00       0.00       0.00       0.75       0.11
     21191      43.52     -39.05       2.00       0.00       0.00       0.00       0.82       0.11
     21883      44.17     -39.71       2.00       0.00       0.00       0.00       0.82       0.11
     22427      44.71     -38.30       2.67       0.00       0.00       0.00       0.85       0.11
     22816      45.51     -41.19       2.06       0.00       0.00       0.00       0.98       0.11
     22872      45.51     -41.19       2.06       0.00       0.00       0.00       0.98       0.11
     24294      45.55     -38.30       2.95       0.00       0.00       0.00       0.85       0.11
     24484      45.82     -39.49       2.64       0.00       0.00       0.00       0.84       0.11
     25449      46.69     -42.18       2.09       0.00       0.00       0.00       0.93       0.11
     27274      46.86     -40.14       2.78       0.00       0.00       0.00       0.87       0.11
     27364      47.69     -41.27       2.75       0.00       0.00       0.00       0.97       0.11
     29285      48.68     -42.18       2.75       0.00       0.00       0.00       0.93       0.11
     32477      48.98     -43.95       2.25       0.00       0.00       0.00       0.91       0.11
     34253      49.56     -44.00       2.39       0.00       0.00       0.00       0.86       0.11
     34821      49.65     -43.83       2.49       0.00       0.00       0.00       0.88       0.11
     36422      50.58     -45.12       2.36       0.00       0.00       0.00       0.86       0.11
     36878      50.58     -45.12       2.36       0.00       0.00       0.00       0.86       0.11
     37114      50.62     -45.11       2.37       0.00       0.00       0.00       0.85       0.11
     40505      51.03     -45.00       2.37       0.00       0.00       0.00       0.59       0.11
     43513      52.29     -46.54       2.31       0.00       0.00       0.00       0.65       0.11
     44329      52.45     -46.70       2.30       0.00       0.00       0.00       0.63       0.11
     44517      53.66     -46.54       2.72       0.00       0.00       0.00       0.57       0.11
     44689      54.69     -47.45       2.73       0.00       0.00       0.00       0.54       0.11
     45381      54.69     -47.45       2.73       0.00       0.00       0.00       0.54       0.11
     47025      54.76     -47.55       2.75       0.00       0.00       0.00       0.57       0.11
     47244      54.78     -47.27       2.86       0.00       0.00       0.00       0.60       0.11
     47796      55.21     -47.79       2.83       0.00       0.00       0.00       0.60       0.11
     48989      55.26     -47.79       2.85       0.00       0.00       0.00       0.60       0.11
--------------------------------------------------------------------------------
Best docking solution after GA:
     49000      55.26     -47.79       2.85       0.00       0.00       0.00       0.60       0.11

#ops:      49000 #mutates:  23300 #cross:    23229 #migrate:   2471 
#dups:     14546 #niche:    24274 #errors:    2801 
--------------------------------------------------------------------------------

Doing AMOEBA simplex on best individual
Done simplexing #iterations 645, best score  58.16

Ligand is stored in gold_soln_AV-procd_m6533_5.sdf


--------------------------------------------------------------------------------
--- CHEMPLP breakdown of terms                                               ---
--------------------------------------------------------------------------------
CHEMPLP = - ( 1.0000*S(PLP) + -3.0000*S(hbond) + -6.0000*S(metal) + -3.0000*S(cho) )

Score = CHEMPLP - 1.0000*DE(clash) - 2.0000*DE(tors)

Internal energy term has been corrected with the best internal energy encountered.

--------------------------------------------------------------------------------


     Score     S(PLP)   S(hbond)     S(cho)   S(metal)  DE(clash)   DE(tors)     intcor
     58.16     -50.23       3.00       0.00       0.00       0.01       0.59       0.11

--------------------------------------------------------------------------------
--- PLP analysis of protein-ligand interactions                              ---
--------------------------------------------------------------------------------
hydrogen bonding        :      -3.00
metal                   :       0.00
buried (polar-nonpolar) :      -5.93
nonpolar                :     -40.33
repulsive               :       0.12
--------------------------------------------------------------------------------


--------------------------------------------------------------------------------
--- ChemScore analysis of protein-ligand interactions                        ---
--------------------------------------------------------------------------------

* Hydrogen bonds                                                                
Ligand donor    7 hydrogen   51 Protein acceptor 8028 bond energy  1.00 wt 2.00
Ligand donor   10 hydrogen   35 Protein acceptor 7957 bond energy  1.00 wt 1.00


* CH..O interactions                                                            
  CH group selection                       : activated ring CH (adjacent to hetatom)

--------------------------------------------------------------------------------


--------------------------------------------------------------------------------
--- Intra-ligand clashes                                                     ---
--------------------------------------------------------------------------------

Ligand
 13 (**** ) -  10 (**** ):   0.01 (dist   3.00)
--------------------------------------------------------------------------------

--------------------------------------------------------------------------------
--- Rescoring solution                                                       ---
--------------------------------------------------------------------------------

     Score         DG    S(hbond)    S(metal)    S(lipo)     H(rot)  DE(clash)    DE(int)
     14.47     -18.32       1.13        0.00     124.64       2.16       2.60       1.25

Doing AMOEBA simplex on best individual
Done simplexing #iterations 842, best score  18.54

     Score         DG    S(hbond)    S(metal)    S(lipo)     H(rot)  DE(clash)    DE(int)
     18.54     -19.40       1.45        0.00     124.80       2.16       0.17       0.69

--------------------------------------------------------------------------------
--- ChemScore breakdown of terms                                             ---
--------------------------------------------------------------------------------
DG = -5.4800 + -3.3400*S(hbond)
     + -6.0300*S(metal) + -0.1170*S(lipo) + 2.5600*H(rot)


H(rot) = 2.1608

Score = -(DG + DE(clash) + DE(int))


--------------------------------------------------------------------------------


--------------------------------------------------------------------------------
--- ChemScore analysis of protein-ligand interactions                        ---
--------------------------------------------------------------------------------

* Hydrogen bonds                                                                
Ligand donor    7 hydrogen   51 Protein acceptor 8028 bond energy  1.00 wt 0.48
Ligand donor   10 hydrogen   35 Protein acceptor 7957 bond energy  1.00 wt 0.97

CHEMSCORE EXTRA INTERACTIONS:

* Clashes                                                                       
Clash for ligand atom  11 (**** ):   0.09
Clash for ligand atom  18 (**** ):   0.07
--------------------------------------------------------------------------------


--------------------------------------------------------------------------------
--- Chromosome decoded                                                       ---
--------------------------------------------------------------------------------
Ligand Torsions
[   1    2    4   24] -176.90
[   6    7    8    9] -173.38
[   7    8    9   10] -179.11
[  35   10    9    8]   25.67
[  12   11    9    8]  162.73
[  22   12   11    9] -147.13
Protein Torsions
[6907 6896 6895 6894]   27.84 
[7974 7965 7964 7962]    2.02 
[8008 7997 7996 7995]  -86.17 
[10167 10162 10161 10158]  -46.16 
[10718 10713 10712 10709]   -7.60 
[10763 10752 10751 10750]  160.40 
[11005 11000 10999 10996]  -20.25 
Mapping
Ligand acceptors to protein hydrogens (mapping then atom ids)
Ligand hydrogens to protein acceptors (mapping then atom ids)
  1  15 [ 51->8028]
Ligand shape atoms to protein points (mapping then atom ids & coords)
  5  6506 [  9->(148.750 140.500 154.500)]
  8  9208 [ 16->(152.500 141.250 159.250)]
 11  8068 [ 21->(151.250 144.000 158.250)]
Ligand N+ atoms to protein TRP (mapping then atom ids & coords)
Chromosome values
Integers:
  -1   -1   -1   14   -1   -1   -1   -1   -1   -1 6505   -1 
  -1 9207   -1   -1 8067   -1   -1 
--------------------------------------------------------------------------------

Current Ranking  2  4  5  3  1

Top  3 (of  5) solutions are within 1.500 RMSD, finishing docking /DATA2/COVID-19/PDBs_&_Models/AV-procd.sdf.


--------------------------------------------------------------------------------

* GA execution time :                                                           
  total  0.9898 user  0.9898 sys  0.0000

--------------------------------------------------------------------------------
Fitness function evaluations: 99340

--------------------------------------------------------------------------------
--- Ranking analysis                                                         ---
--------------------------------------------------------------------------------


* Final ranked order of GA solutions:                                           
   2  4  5  3  1 

  _______________________________
  RMSD Matrix of RANKED solutions

        2    3    4    5  

   1 :  1.3  0.3  4.4  1.0
   2 :       1.4  4.6  1.6
   3 :            4.4  1.0
   4 :                 4.5

  Clustering method                        : complete linkage
  Structure ids in cluster table           : rank nos.
  Ordering of clusters and their members   : by rank (order if from rms_analysis)

  Distance | Clusters
   0.28    |  1  3 |  2 |  4 |  5 |
   1.02    |  1  3  5 |  2 |  4 |
   1.55    |  1  2  3  5 |  4 |
   4.59    |  1  2  3  4  5 |
  Finished Docking Ligand                  : /DATA2/COVID-19/PDBs_&_Models/AV-procd.sdf
--------------------------------------------------------------------------------

  Relative_Ligand_Energy (best encountered) :   0.111
  Relative_Ligand_Energy: fitness values have been corrected using this amount
