
--------------------------------------------------------------------------------
--- Ligand                                                                   ---
--------------------------------------------------------------------------------
  Ligand loaded from file                  : /DATA2/COVID-19/PDBs_&_Models/AV-procd.sdf
  Ligand name                              :  
  "AV-unprocessed.smi:215                                                   "

--------------------------------------------------------------------------------
  N.plc donors                             : 
  none found

  Acidic nitrogen acceptors                : 
  none found
  Sulfur acceptors                         :
  none found


  Donor atoms                              :      4
  4   8   25  27  
  Acceptor atoms                           :      6
  8   13  15  18  25  27  

  Hydrogens                                :  (n = 4)
  59   41   53   56   

  Lone pairs added to molecule             :      9
  Numbering                                : from 60 to 68
  Choline groups                           : 
   4   

--------------------------------------------------------------------------------
--- Postprocessing of typing                                                 ---
--------------------------------------------------------------------------------
  Fragment file                            : /home/scv26/CCDC/Discovery_2020/GOLD/gold/rotatable_bond_override.mol2
  acylurea fragment                        : no matches
  thioacylthiourea fragment                : no matches
  acylthiourea fragment                    : no matches
  thioacylurea fragment                    : no matches
  diarylamine fragment >C.ar-NH-C.ar<      : no matches
  sec-amine (1) fragment                   : no matches
  sec-amine (2) fragment                   : 2 matches
  Ligand bond 11-12  set to 1
  Ligand bond 20-16  set to 1
  Ligand bond 11-2  set to 1
  Ligand bond 20-21  set to 1
  Ligand bond 11-10  set to 1
  Ligand bond 20-19  set to 1
  sec-amine (3) fragment                   : 1 matches
  Ligand bond 20-16  set to 1
  Ligand bond 20-19  set to 1
  Ligand bond 20-21  set to 1
  carboxylic ester                         : no matches

* Rotatable bonds in /DATA2/COVID-19/PDBs  :
  [   3    4] [   4    6] [   6    7] [   7    8] 
  [  11   12] [  20   21] [  23   24] [  23   26] 
  [  24   25] [  26   27] 
  No. of rotatable bonds                   :     10


* Fragments found in /DATA2/COVID-19/PDBs  :
  atom  12: adenine
  atom  13: adenine
  atom  14: adenine
  atom  15: adenine
  atom  16: adenine
  atom  17: adenine
  atom  18: adenine
  atom  19: adenine
  atom  20: adenine


* Checking torsion distributions:                                               
  No. of matched torsions                  :      0

--------------------------------------------------------------------------------
--- Shape fitting atoms selection (hydrophobic atoms)                        ---
--------------------------------------------------------------------------------
  Molecule                                 : /DATA2/COVID-19/PDBs_&_Models/AV-procd.sdf
  Selection                                : carbons only
  Atom numbers                             :  (n = 15)
  1    2    3    5    6    7    9    10   14   19   
  21   22   24   26   28   


--------------------------------------------------------------------------------
--- ChemScore ligand setup summary                                           ---
--------------------------------------------------------------------------------
  ChemScore ligand acceptors               :      6
  8 13 15 18 25 27 
  ChemScore ligand donors                  :      4
  4 ( 59 [+]  ) 8 ( 41  ) 25 ( 53  ) 27 ( 56  ) 
  ChemScore ligand CH donors               :      2
  14 ( 46 ) 19 ( 47 ) 

  ChemScore ligand lipophilic atoms        :  (n = 15)
  1    2    3    5    6    7    9    10   17   21   
  22   23   24   26   28   

  ChemScore ligand rotatable bonds         :     10
  3   (****) - 4   (****): SP3_SP3_BOND
  4   (****) - 6   (****): SP3_SP3_BOND
  6   (****) - 7   (****): SP3_SP3_BOND
  7   (****) - 8   (****): SP3_SP3_BOND
  11  (****) - 12  (****): SP2_SP2_BOND
  20  (****) - 21  (****): SP3_SP2_BOND
  23  (****) - 24  (****): SP3_SP3_BOND
  23  (****) - 26  (****): SP3_SP3_BOND
  24  (****) - 25  (****): SP3_SP3_BOND
  26  (****) - 27  (****): SP3_SP3_BOND

--------------------------------------------------------------------------------
--- PLP ligand setup summary                                                 ---
--------------------------------------------------------------------------------
    1  ****   C.3 NONPOLAR
    2  ****   C.3 NONPOLAR
    3  ****   C.3 NONPOLAR
    4  ****   N.4 DONOR
    5  ****   C.3 NONPOLAR
    6  ****   C.3 NONPOLAR
    7  ****   C.3 NONPOLAR
    8  ****   O.3 DONACC
    9  ****   C.3 NONPOLAR
   10  ****   C.3 NONPOLAR
   11  **** N.pl3 NONPOLAR
   12  ****  C.ar NONPOLAR
   13  ****  N.ar ACCEPTOR
   14  ****  C.ar NONPOLAR
   15  ****  N.ar ACCEPTOR
   16  ****  C.ar NONPOLAR
   17  ****  C.ar NONPOLAR
   18  ****   N.2 ACCEPTOR
   19  ****   C.2 NONPOLAR
   20  **** N.pl3 NONPOLAR
   21  ****   C.3 NONPOLAR
   22  ****   C.3 NONPOLAR
   23  ****   C.3 NONPOLAR
   24  ****   C.3 NONPOLAR
   25  ****   O.3 DONACC
   26  ****   C.3 NONPOLAR
   27  ****   O.3 DONACC
   28  ****   C.3 NONPOLAR


--------------------------------------------------------------------------------
--- Automatic parameter setting                                              ---
--------------------------------------------------------------------------------
  Contribution base                        :   2500
  Contribution per rotatable bond          :   6000
  Contribution per df                      :   4000
  Contribution per water                   :  10000
  Ligand rotatable bonds                   :     10
  Protein flexible side chain bonds        :      0
  Total rotatable bonds                    :     10
  Hydrophobic vol ratio (P/L)              :   1.538
  Base multiplier (polar)                  :   2.200
  Base multiplier (apolar)                 :   4.614
  Base contribution                        : 15000.000
  Fitting points                           :     11
  Estimated maxops needed (optimal)        :  75500

--------------------------------------------------------------------------------

* Population settings                                                           
  maxops                                   :  75500
  popsiz                                   :    100
  select_pressure                          :   1.100
  n_islands                                :      5
  niche_siz                                :      2

* GA settings                                                                   
  pt_crosswt                               :     95
  allele_mutatewt                          :     95
  migratewt                                :     10

* Search settings                                                               
  start_vdw_linear_cutoff                  :   4.000
  initial_virtual_pt_match_max             :   3.000

--------------------------------------------------------------------------------

* Ligand initialisation time :                                                  
  total  0.0526 user  0.0526 sys  0.0000

--------------------------------------------------------------------------------

--------------------------------------------------------------------------------
** Docking run number  1 **
--------------------------------------------------------------------------------
  Rank fitness base is 5000.00 ; increment is 11.2233

* Initialising population(s) ...                                                
Number of constraints mappings 0
Number of constraints 0
  Population no.                           :      1
  Population size                          :    100
  Number of duplicates                     :      0
  Number of niche violations               :      0
  Number of errors                         :   2609

Number of constraints mappings 0
Number of constraints 0
  Population no.                           :      2
  Population size                          :    100
  Number of duplicates                     :      0
  Number of niche violations               :      0
  Number of errors                         :   2661

Number of constraints mappings 0
Number of constraints 0
  Population no.                           :      3
  Population size                          :    100
  Number of duplicates                     :      0
  Number of niche violations               :      0
  Number of errors                         :   2502

Number of constraints mappings 0
Number of constraints 0
  Population no.                           :      4
  Population size                          :    100
  Number of duplicates                     :      0
  Number of niche violations               :      0
  Number of errors                         :   2523

Number of constraints mappings 0
Number of constraints 0
  Population no.                           :      5
  Population size                          :    100
  Number of duplicates                     :      0
  Number of niche violations               :      0
  Number of errors                         :   2590


Doing GA, no. of population(s) 5 size 100 selection pressure 1.100000

 Operation      Score     S(PLP)   S(hbond)     S(cho)   S(metal)  DE(clash)   DE(tors)     intcor
         0      10.55     -19.42       0.00       0.00       0.00       4.70       3.02       1.74
       131      10.65     -11.79       1.66       0.86       0.00       1.74       4.35       1.74
      1011      13.09     -19.28       0.96       0.00       0.00       5.18       2.82       1.74
      1020      13.98     -17.56       0.00       0.00       0.00       2.69       1.31       1.74
      1652      16.83     -19.00       0.55       0.14       0.00       2.69       1.66       1.74
      1849      17.94     -24.47       0.77       0.00       0.00       3.58       3.50       1.74
      2030      22.40     -27.99       0.91       0.00       0.00       3.58       3.24       1.74
      3150      25.75     -29.99       1.00       0.61       0.00       5.18       2.82       1.74
      5427      28.57     -27.51       2.00       0.00       0.00       2.69       1.68       1.10
      7556      29.43     -19.15       3.33       1.00       0.00       0.00       1.90       1.10
      8016      30.19     -19.76       3.33       1.00       0.00       0.00       1.82       1.10
      8316      32.59     -22.35       3.12       1.00       0.00       0.00       1.61       1.10
      8386      35.34     -29.86       3.40       1.34       0.00       5.11       2.36       1.10
      9066      36.14     -31.53       2.43       1.34       0.00       2.28       2.75       1.10
     12186      37.68     -31.72       2.41       1.82       0.00       2.28       2.78       1.10
     12621      38.32     -33.05       3.37       1.35       0.00       3.10       3.43       1.10
     17281      38.34     -33.05       3.37       1.35       0.00       3.10       3.43       1.10
     18857      39.10     -31.99       2.94       0.00       0.00       0.00       1.36       0.99
     19363      42.58     -33.19       2.64       0.92       0.00       0.00       1.15       0.99
     24988      43.13     -33.97       2.51       0.92       0.00       0.00       1.07       0.99
     25148      44.81     -34.59       2.88       0.96       0.00       0.00       1.15       0.99
     26848      44.90     -34.58       2.95       0.96       0.00       0.00       1.20       0.99
     27578      45.36     -34.60       2.88       0.96       0.00       0.00       0.88       0.99
     29068      45.48     -35.04       2.92       1.00       0.00       0.00       1.15       0.99
     31607      45.86     -35.46       3.06       0.80       0.00       0.00       1.09       0.99
     31947      46.18     -35.19       3.07       0.80       0.00       0.00       0.82       0.99
     32055      48.28     -34.94       3.86       0.99       0.00       0.00       1.09       0.99
     34185      48.40     -35.04       3.83       1.00       0.00       0.00       1.05       0.99
     36005      48.57     -35.06       3.83       1.00       0.00       0.00       0.98       0.99
     36607      48.65     -34.56       4.16       1.00       0.00       0.00       1.18       0.99
     37161      48.86     -35.07       3.80       1.00       0.00       0.00       0.80       0.99
     37801      48.91     -35.08       3.82       1.00       0.00       0.00       0.81       0.99
     38560      49.92     -35.06       4.28       1.00       0.00       0.00       0.98       0.99
     39263      50.26     -35.09       4.45       1.00       0.00       0.00       1.09       0.99
     39623      50.53     -35.32       4.38       1.00       0.00       0.00       0.96       0.99
     39828      50.76     -35.26       4.46       1.00       0.00       0.00       0.93       0.99
     40364      51.48     -35.24       4.62       1.00       0.00       0.00       0.80       0.99
     41993      51.79     -35.91       4.61       1.00       0.00       0.00       0.98       0.99
     42743      52.20     -35.92       4.73       1.00       0.00       0.00       0.95       0.99
     44354      52.40     -35.87       4.73       1.00       0.00       0.00       0.82       0.99
     45033      52.73     -35.87       4.84       1.00       0.00       0.00       0.82       0.99
     45413      52.75     -35.90       4.90       1.00       0.00       0.00       0.93       0.99
     45429      52.83     -35.87       4.87       1.00       0.00       0.00       0.82       0.99
     46334      53.07     -35.98       4.86       1.00       0.00       0.00       0.73       0.99
     47848      53.15     -35.99       4.91       1.00       0.00       0.00       0.78       0.99
     48264      53.17     -35.81       4.91       1.00       0.00       0.00       0.68       0.99
     48999      53.23     -36.08       4.93       1.00       0.00       0.00       0.82       0.99
     53278      53.25     -35.78       4.94       0.98       0.00       0.00       0.64       0.99
     53385      53.26     -35.98       4.91       1.00       0.00       0.00       0.73       0.99
     53700      53.29     -36.07       4.92       1.00       0.00       0.00       0.77       0.99
     55090      53.30     -35.88       4.92       1.00       0.00       0.00       0.66       0.99
     55953      53.32     -35.98       4.94       1.00       0.00       0.00       0.75       0.99
     56165      53.36     -36.06       4.95       1.00       0.00       0.00       0.77       0.99
     56365      53.38     -36.11       4.94       1.00       0.00       0.00       0.78       0.99
     57985      53.39     -35.91       4.94       1.00       0.00       0.00       0.67       0.99
     58288      53.40     -35.97       4.94       1.00       0.00       0.00       0.70       0.99
     60714      53.41     -36.02       4.94       1.00       0.00       0.00       0.72       0.99
--------------------------------------------------------------------------------
Best docking solution after GA:
     75500      53.41     -36.02       4.94       1.00       0.00       0.00       0.72       0.99

#ops:      75500 #mutates:  35676 #cross:    36056 #migrate:   3768 
#dups:     23571 #niche:    44746 #errors:    5458 
--------------------------------------------------------------------------------

Doing AMOEBA simplex on best individual
Done simplexing #iterations 971, best score  54.59

Ligand is stored in gold_soln_AV-procd_m1655_1.sdf


--------------------------------------------------------------------------------
--- CHEMPLP breakdown of terms                                               ---
--------------------------------------------------------------------------------
CHEMPLP = - ( 1.0000*S(PLP) + -3.0000*S(hbond) + -6.0000*S(metal) + -3.0000*S(cho) )

Score = CHEMPLP - 1.0000*DE(clash) - 2.0000*DE(tors)

Internal energy term has been corrected with the best internal energy encountered.

--------------------------------------------------------------------------------


     Score     S(PLP)   S(hbond)     S(cho)   S(metal)  DE(clash)   DE(tors)     intcor
     54.59     -37.10       4.99       1.00       0.00       0.00       0.74       0.99

--------------------------------------------------------------------------------
--- PLP analysis of protein-ligand interactions                              ---
--------------------------------------------------------------------------------
hydrogen bonding        :      -4.58
metal                   :       0.00
buried (polar-nonpolar) :      -3.60
nonpolar                :     -29.51
repulsive               :       0.42
--------------------------------------------------------------------------------


--------------------------------------------------------------------------------
--- ChemScore analysis of protein-ligand interactions                        ---
--------------------------------------------------------------------------------

* Hydrogen bonds                                                                
Ligand donor    4 hydrogen   59 Protein acceptor 8028 bond energy  1.00 wt 2.00
Ligand donor    8 hydrogen   41 Protein acceptor 8028 bond energy  1.00 wt 1.00
Ligand donor   25 hydrogen   53 Protein acceptor 10747 bond energy  1.00 wt 0.99
Protein donor 10785 hydrogen 10796 Ligand acceptor   27 bond energy  1.00 wt 1.00


* CH..O interactions                                                            
  CH group selection                       : activated ring CH (adjacent to hetatom)
Ligand carbon   19 hydrogen   47 Protein acceptor 10171 bond energy  1.00 wt 1.00

--------------------------------------------------------------------------------


--------------------------------------------------------------------------------
--- Intra-ligand clashes                                                     ---
--------------------------------------------------------------------------------

Ligand
--------------------------------------------------------------------------------

--------------------------------------------------------------------------------
--- Rescoring solution                                                       ---
--------------------------------------------------------------------------------

     Score         DG    S(hbond)    S(metal)    S(lipo)     H(rot)  DE(clash)    DE(int)
      8.38     -14.67       3.49        0.00      76.83       4.48       2.47       3.81

Doing AMOEBA simplex on best individual
Done simplexing #iterations 1430, best score  10.36

     Score         DG    S(hbond)    S(metal)    S(lipo)     H(rot)  DE(clash)    DE(int)
     10.36     -15.37       3.68        0.00      77.57       4.48       1.20       3.81

--------------------------------------------------------------------------------
--- ChemScore breakdown of terms                                             ---
--------------------------------------------------------------------------------
DG = -5.4800 + -3.3400*S(hbond)
     + -6.0300*S(metal) + -0.1170*S(lipo) + 2.5600*H(rot)


H(rot) = 4.4787

Score = -(DG + DE(clash) + DE(int))


--------------------------------------------------------------------------------


--------------------------------------------------------------------------------
--- ChemScore analysis of protein-ligand interactions                        ---
--------------------------------------------------------------------------------

* Hydrogen bonds                                                                
Ligand donor    4 hydrogen   59 Protein acceptor 8028 bond energy  1.00 wt 0.88
Ligand donor    8 hydrogen   41 Protein acceptor 8028 bond energy  1.00 wt 0.98
Ligand donor   25 hydrogen   53 Protein acceptor 10747 bond energy  1.00 wt 0.97
Protein donor 10785 hydrogen 10796 Ligand acceptor   27 bond energy  1.00 wt 0.85

CHEMSCORE EXTRA INTERACTIONS:

* Clashes                                                                       
Clash for ligand atom   5 (**** ):   0.01
Clash for ligand atom  19 (**** ):   1.17
Clash for ligand atom  28 (**** ):   0.02
--------------------------------------------------------------------------------


--------------------------------------------------------------------------------
--- Chromosome decoded                                                       ---
--------------------------------------------------------------------------------
Ligand Torsions
[   5    4    3    2]  -58.29
[   7    6    4    3]   58.64
[   8    7    6    4]   41.51
[  41    8    7    6]    3.44
[   2   11   12   17]  161.48
[  28   21   20   16] -122.56
[  25   24   23   22] -153.09
[  27   26   23   22]  167.64
[  53   25   24   23]  161.96
[  56   27   26   23]  -30.59
Protein Torsions
[6907 6896 6895 6894]   -7.09 
[7974 7965 7964 7962]  108.43 
[8008 7997 7996 7995]  -68.02 
[10167 10162 10161 10158]   91.89 
[10718 10713 10712 10709] -172.88 
[10763 10752 10751 10750]   20.73 
[11005 11000 10999 10996]  150.50 
Mapping
Ligand acceptors to protein hydrogens (mapping then atom ids)
Ligand hydrogens to protein acceptors (mapping then atom ids)
  1  15 [ 59->8028]
Ligand shape atoms to protein points (mapping then atom ids & coords)
  6  7300 [  7->(150.500 141.750 157.500)]
 10  5061 [ 19->(146.500 138.750 152.500)]
 12  2725 [ 22->(144.250 134.250 151.750)]
 13  4735 [ 24->(146.250 132.250 150.500)]
 15  3617 [ 28->(145.250 133.000 151.500)]
Ligand N+ atoms to protein TRP (mapping then atom ids & coords)
Chromosome values
Integers:
  -1   -1   -1   -1   -1   -1   14   -1   -1   -1   -1   -1 
  -1   -1   -1   -1 7299   -1   -1   -1 5060   -1 2724 4734 
  -1 3616 
--------------------------------------------------------------------------------

Current Ranking  1

--------------------------------------------------------------------------------

* GA execution time :                                                           
  total  1.7990 user  1.7950 sys  0.0040

--------------------------------------------------------------------------------
Fitness function evaluations: 136490

--------------------------------------------------------------------------------
** Docking run number  2 **
--------------------------------------------------------------------------------
  Rank fitness base is 5000.00 ; increment is 11.2233

* Initialising population(s) ...                                                
Number of constraints mappings 0
Number of constraints 0
  Population no.                           :      1
  Population size                          :    100
  Number of duplicates                     :      0
  Number of niche violations               :      0
  Number of errors                         :   2539

Number of constraints mappings 0
Number of constraints 0
  Population no.                           :      2
  Population size                          :    100
  Number of duplicates                     :      0
  Number of niche violations               :      0
  Number of errors                         :   2642

Number of constraints mappings 0
Number of constraints 0
  Population no.                           :      3
  Population size                          :    100
  Number of duplicates                     :      0
  Number of niche violations               :      0
  Number of errors                         :   2533

Number of constraints mappings 0
Number of constraints 0
  Population no.                           :      4
  Population size                          :    100
  Number of duplicates                     :      0
  Number of niche violations               :      0
  Number of errors                         :   2594

Number of constraints mappings 0
Number of constraints 0
  Population no.                           :      5
  Population size                          :    100
  Number of duplicates                     :      0
  Number of niche violations               :      0
  Number of errors                         :   2699


Doing GA, no. of population(s) 5 size 100 selection pressure 1.100000

 Operation      Score     S(PLP)   S(hbond)     S(cho)   S(metal)  DE(clash)   DE(tors)     intcor
         0      16.13     -18.99       0.59       0.40       0.00       0.00       3.41       0.99
       462      17.99     -19.54       0.59       0.00       0.00       0.00       2.16       0.99
       697      18.97     -25.45       0.00       0.00       0.00       1.49       2.99       0.99
      1507      22.46     -27.00       1.28       0.41       0.00       1.80       4.40       0.99
      5264      23.20     -24.13       1.38       0.00       0.00       0.00       3.03       0.99
      7867      24.42     -29.60       0.00       0.00       0.00       0.00       3.09       0.99
      8452      24.98     -27.73       0.40       0.00       0.00       1.15       1.90       0.99
      8943      26.92     -25.88       1.33       0.48       0.00       1.15       2.12       0.99
     10247      27.12     -28.83       0.75       0.00       0.00       1.15       1.90       0.99
     10772      31.33     -29.93       1.60       0.00       0.00       0.00       2.20       0.99
     14876      32.10     -31.34       1.63       0.35       0.00       0.00       3.09       0.99
     15111      32.16     -32.15       1.67       0.06       0.00       0.00       3.09       0.99
     18816      37.59     -32.86       2.30       0.74       0.00       0.00       2.70       0.99
     25117      40.16     -32.86       3.16       0.74       0.00       0.00       2.70       0.99
     30507      40.37     -32.74       3.28       0.73       0.00       0.00       2.70       0.99
     31879      41.34     -32.57       3.64       0.73       0.00       0.00       2.67       0.99
     33639      41.51     -32.57       3.70       0.73       0.00       0.00       2.67       0.99
     37951      42.45     -30.25       4.49       0.00       0.00       0.03       1.12       0.99
     40104      43.45     -30.75       4.44       0.00       0.00       0.03       0.79       0.99
     42735      44.04     -34.88       4.14       0.00       0.00       0.00       2.12       0.99
     47577      44.16     -31.48       4.39       0.00       0.00       0.03       0.73       0.99
     49447      44.46     -31.44       4.38       0.00       0.00       0.03       0.54       0.99
     55041      44.78     -31.64       4.38       0.00       0.00       0.03       0.47       0.96
     55742      45.06     -31.44       4.59       0.00       0.00       0.03       0.54       0.96
     61432      45.33     -31.61       4.62       0.00       0.00       0.03       0.54       0.96
     62453      45.52     -31.75       4.64       0.00       0.00       0.03       0.54       0.96
     62731      45.57     -31.65       4.69       0.00       0.00       0.03       0.54       0.96
     65196      45.69     -31.79       4.69       0.00       0.00       0.03       0.54       0.95
     68785      45.73     -31.80       4.69       0.00       0.00       0.03       0.52       0.95
     68891      46.01     -31.96       4.69       0.00       0.00       0.03       0.47       0.95
     71896      46.04     -32.01       4.69       0.00       0.00       0.00       0.47       0.92
     72359      46.06     -31.88       4.78       0.00       0.00       0.03       0.53       0.92
     72626      46.23     -31.98       4.75       0.00       0.00       0.00       0.46       0.92
--------------------------------------------------------------------------------
Best docking solution after GA:
     75500      46.23     -31.98       4.75       0.00       0.00       0.00       0.46       0.90

#ops:      75500 #mutates:  36131 #cross:    35514 #migrate:   3855 
#dups:     18755 #niche:    38555 #errors:    3297 
--------------------------------------------------------------------------------

Doing AMOEBA simplex on best individual
Done simplexing #iterations 988, best score  47.71

Ligand is stored in gold_soln_AV-procd_m1655_2.sdf


--------------------------------------------------------------------------------
--- CHEMPLP breakdown of terms                                               ---
--------------------------------------------------------------------------------
CHEMPLP = - ( 1.0000*S(PLP) + -3.0000*S(hbond) + -6.0000*S(metal) + -3.0000*S(cho) )

Score = CHEMPLP - 1.0000*DE(clash) - 2.0000*DE(tors)

Internal energy term has been corrected with the best internal energy encountered.

--------------------------------------------------------------------------------


     Score     S(PLP)   S(hbond)     S(cho)   S(metal)  DE(clash)   DE(tors)     intcor
     47.71     -33.01       4.99       0.00       0.00       0.00       0.57       0.87

--------------------------------------------------------------------------------
--- PLP analysis of protein-ligand interactions                              ---
--------------------------------------------------------------------------------
hydrogen bonding        :      -6.90
metal                   :       0.00
buried (polar-nonpolar) :       8.02
nonpolar                :     -34.51
repulsive               :       0.16
--------------------------------------------------------------------------------


--------------------------------------------------------------------------------
--- ChemScore analysis of protein-ligand interactions                        ---
--------------------------------------------------------------------------------

* Hydrogen bonds                                                                
Ligand donor    4 hydrogen   59 Protein acceptor 10175 bond energy  1.00 wt 2.00
Ligand donor    8 hydrogen   41 Protein acceptor 10174 bond energy  1.00 wt 0.99
Protein donor 7989 hydrogen 7998 Ligand acceptor   13 bond energy  1.00 wt 1.00
Protein donor 7997 hydrogen 8008 Ligand acceptor   15 bond energy  1.00 wt 1.00


* CH..O interactions                                                            
  CH group selection                       : activated ring CH (adjacent to hetatom)

--------------------------------------------------------------------------------


--------------------------------------------------------------------------------
--- Intra-ligand clashes                                                     ---
--------------------------------------------------------------------------------

Ligand
--------------------------------------------------------------------------------

--------------------------------------------------------------------------------
--- Rescoring solution                                                       ---
--------------------------------------------------------------------------------

     Score         DG    S(hbond)    S(metal)    S(lipo)     H(rot)  DE(clash)    DE(int)
     -0.67     -10.50       1.79        0.00      89.75       4.48       7.03       4.14

Doing AMOEBA simplex on best individual
Done simplexing #iterations 1336, best score   2.50

     Score         DG    S(hbond)    S(metal)    S(lipo)     H(rot)  DE(clash)    DE(int)
      2.50     -11.22       2.12        0.00      86.43       4.48       4.55       4.17

--------------------------------------------------------------------------------
--- ChemScore breakdown of terms                                             ---
--------------------------------------------------------------------------------
DG = -5.4800 + -3.3400*S(hbond)
     + -6.0300*S(metal) + -0.1170*S(lipo) + 2.5600*H(rot)


H(rot) = 4.4787

Score = -(DG + DE(clash) + DE(int))


--------------------------------------------------------------------------------


--------------------------------------------------------------------------------
--- ChemScore analysis of protein-ligand interactions                        ---
--------------------------------------------------------------------------------

* Hydrogen bonds                                                                
Ligand donor    4 hydrogen   59 Protein acceptor 10175 bond energy  1.00 wt 0.93
Ligand donor    8 hydrogen   41 Protein acceptor 10174 bond energy  1.00 wt 0.22
Protein donor 7989 hydrogen 7998 Ligand acceptor   13 bond energy  1.00 wt 0.26
Protein donor 7997 hydrogen 8008 Ligand acceptor   15 bond energy  1.00 wt 0.72

CHEMSCORE EXTRA INTERACTIONS:

* Clashes                                                                       
Clash for ligand atom   1 (**** ):   2.59
Clash for ligand atom   8 (**** ):   0.02
Clash for ligand atom   9 (**** ):   0.03
Clash for ligand atom  10 (**** ):   1.76
Clash for ligand atom  12 (**** ):   0.09
Clash for ligand atom  14 (**** ):   0.03
Clash for ligand atom  24 (**** ):   0.01
Clash for ligand atom  27 (**** ):   0.02
--------------------------------------------------------------------------------


--------------------------------------------------------------------------------
--- Chromosome decoded                                                       ---
--------------------------------------------------------------------------------
Ligand Torsions
[   5    4    3    2]  -54.82
[   7    6    4    3] -179.59
[   8    7    6    4]  -67.90
[  41    8    7    6]  -25.82
[   2   11   12   17]  -13.51
[  28   21   20   16]    2.87
[  25   24   23   22] -157.30
[  27   26   23   22]  -64.61
[  53   25   24   23]  121.02
[  56   27   26   23] -154.04
Protein Torsions
[6907 6896 6895 6894]   94.23 
[7974 7965 7964 7962]   48.40 
[8008 7997 7996 7995]  -48.60 
[10167 10162 10161 10158]   69.95 
[10718 10713 10712 10709]    8.65 
[10763 10752 10751 10750]  142.53 
[11005 11000 10999 10996]   94.37 
Mapping
Ligand acceptors to protein hydrogens (mapping then atom ids)
  2  18 [ 13->7998]
  3  19 [ 15->8008]
Ligand hydrogens to protein acceptors (mapping then atom ids)
  1  24 [ 59->10175]
Ligand shape atoms to protein points (mapping then atom ids & coords)
Ligand N+ atoms to protein TRP (mapping then atom ids & coords)
Chromosome values
Integers:
  -1   17   18   -1   -1   -1   23   -1   -1   -1   -1   -1 
  -1   -1   -1   -1   -1   -1   -1   -1   -1   -1   -1   -1 
  -1   -1 
--------------------------------------------------------------------------------

Current Ranking  1  2

--------------------------------------------------------------------------------

* GA execution time :                                                           
  total  1.7242 user  1.7242 sys  0.0000

--------------------------------------------------------------------------------
Fitness function evaluations: 136584

--------------------------------------------------------------------------------
** Docking run number  3 **
--------------------------------------------------------------------------------
  Rank fitness base is 5000.00 ; increment is 11.2233

* Initialising population(s) ...                                                
Number of constraints mappings 0
Number of constraints 0
  Population no.                           :      1
  Population size                          :    100
  Number of duplicates                     :      0
  Number of niche violations               :      0
  Number of errors                         :   2709

Number of constraints mappings 0
Number of constraints 0
  Population no.                           :      2
  Population size                          :    100
  Number of duplicates                     :      0
  Number of niche violations               :      0
  Number of errors                         :   2842

Number of constraints mappings 0
Number of constraints 0
  Population no.                           :      3
  Population size                          :    100
  Number of duplicates                     :      0
  Number of niche violations               :      0
  Number of errors                         :   2624

Number of constraints mappings 0
Number of constraints 0
  Population no.                           :      4
  Population size                          :    100
  Number of duplicates                     :      0
  Number of niche violations               :      0
  Number of errors                         :   2574

Number of constraints mappings 0
Number of constraints 0
  Population no.                           :      5
  Population size                          :    100
  Number of duplicates                     :      0
  Number of niche violations               :      0
  Number of errors                         :   2573


Doing GA, no. of population(s) 5 size 100 selection pressure 1.100000

 Operation      Score     S(PLP)   S(hbond)     S(cho)   S(metal)  DE(clash)   DE(tors)     intcor
         0      18.11     -21.35       1.06       0.04       0.00       2.71       2.35       0.87
      1291      33.21     -38.59       0.30       0.00       0.00       0.44       3.36       0.87
      3111      34.09     -38.46       0.30       0.00       0.00       0.44       2.85       0.87
      5521      34.28     -38.58       0.30       0.00       0.00       0.44       2.82       0.87
      5573      44.33     -35.96       3.00       0.34       0.00       0.00       1.26       0.87
      5628      44.33     -35.96       3.00       0.34       0.00       0.00       1.26       0.87
      8923      48.42     -35.27       4.53       0.41       0.00       0.00       1.27       0.87
     12908      48.66     -35.10       4.56       0.46       0.00       0.00       1.19       0.87
     14028      49.33     -34.81       4.60       0.83       0.00       0.00       1.32       0.87
     14628      51.26     -36.59       4.89       0.69       0.00       0.00       1.47       0.87
     19039      51.49     -36.53       4.89       0.75       0.00       0.00       1.41       0.87
     19094      51.51     -36.61       4.94       0.69       0.00       0.00       1.42       0.87
     19713      51.53     -36.55       4.94       0.67       0.00       0.00       1.37       0.87
     21543      51.65     -37.12       5.00       0.69       0.00       0.00       1.71       0.87
     22349      51.73     -36.55       4.94       0.75       0.00       0.00       1.37       0.87
     25033      52.04     -36.93       4.98       0.68       0.00       0.00       1.37       0.87
     25588      52.21     -37.30       5.00       0.80       0.00       0.00       1.68       0.87
     26818      52.23     -37.26       5.00       0.82       0.00       0.00       1.68       0.87
     28443      52.48     -37.68       5.00       0.56       0.00       0.00       1.37       0.87
     29262      52.49     -37.29       5.00       0.82       0.00       0.00       1.56       0.87
     31213      52.53     -37.67       5.03       0.55       0.00       0.00       1.37       0.87
     31753      52.77     -37.07       4.99       0.82       0.00       0.00       1.30       0.87
     32583      52.86     -37.22       4.99       0.82       0.00       0.00       1.33       0.87
     34333      52.94     -37.73       5.00       0.65       0.00       0.00       1.30       0.87
     37518      52.95     -37.69       5.00       0.65       0.00       0.00       1.28       0.87
     37890      53.19     -37.19       4.89       0.91       0.00       0.00       1.12       0.87
     40078      53.45     -38.32       5.00       0.62       0.00       0.00       1.30       0.87
     41133      53.47     -38.29       5.00       0.62       0.00       0.00       1.28       0.87
     43878      53.53     -38.48       5.00       0.62       0.00       0.00       1.34       0.87
     45557      53.55     -38.35       5.00       0.62       0.00       0.00       1.27       0.87
     46377      53.55     -38.45       5.00       0.62       0.00       0.00       1.32       0.87
     46680      53.67     -37.62       5.00       0.86       0.00       0.00       1.21       0.87
     47746      53.69     -37.61       5.00       0.87       0.00       0.00       1.21       0.87
     51105      53.71     -37.48       4.99       0.91       0.00       0.00       1.18       0.87
     51419      53.71     -38.80       4.89       0.65       0.00       0.00       1.30       0.87
     52979      54.18     -38.98       5.00       0.65       0.00       0.00       1.31       0.87
     59274      54.20     -38.93       4.99       0.68       0.00       0.00       1.31       0.87
     64465      54.22     -38.88       4.99       0.69       0.00       0.00       1.29       0.87
     64565      54.38     -39.09       5.00       0.68       0.00       0.00       1.31       0.87
     67008      54.40     -39.14       5.00       0.68       0.00       0.00       1.33       0.87
     69579      54.42     -39.33       5.00       0.67       0.00       0.00       1.40       0.87
     69588      54.49     -39.08       4.99       0.68       0.00       0.00       1.24       0.87
     71979      54.54     -39.30       5.00       0.67       0.00       0.00       1.33       0.87
     73942      54.55     -39.34       5.00       0.67       0.00       0.00       1.34       0.87
--------------------------------------------------------------------------------
Best docking solution after GA:
     75500      54.55     -39.34       5.00       0.67       0.00       0.00       1.34       0.87

#ops:      75500 #mutates:  36048 #cross:    35670 #migrate:   3782 
#dups:     20439 #niche:    42777 #errors:    5813 
--------------------------------------------------------------------------------

Doing AMOEBA simplex on best individual
Done simplexing #iterations 537, best score  55.56

Ligand is stored in gold_soln_AV-procd_m1655_3.sdf


--------------------------------------------------------------------------------
--- CHEMPLP breakdown of terms                                               ---
--------------------------------------------------------------------------------
CHEMPLP = - ( 1.0000*S(PLP) + -3.0000*S(hbond) + -6.0000*S(metal) + -3.0000*S(cho) )

Score = CHEMPLP - 1.0000*DE(clash) - 2.0000*DE(tors)

Internal energy term has been corrected with the best internal energy encountered.

--------------------------------------------------------------------------------


     Score     S(PLP)   S(hbond)     S(cho)   S(metal)  DE(clash)   DE(tors)     intcor
     55.56     -40.61       4.99       0.62       0.00       0.00       1.37       0.87

--------------------------------------------------------------------------------
--- PLP analysis of protein-ligand interactions                              ---
--------------------------------------------------------------------------------
hydrogen bonding        :      -4.88
metal                   :       0.00
buried (polar-nonpolar) :      -1.46
nonpolar                :     -35.94
repulsive               :       0.48
--------------------------------------------------------------------------------


--------------------------------------------------------------------------------
--- ChemScore analysis of protein-ligand interactions                        ---
--------------------------------------------------------------------------------

* Hydrogen bonds                                                                
Ligand donor    4 hydrogen   59 Protein acceptor 8028 bond energy  1.00 wt 2.00
Ligand donor    8 hydrogen   41 Protein acceptor 8028 bond energy  1.00 wt 1.00
Ligand donor   25 hydrogen   53 Protein acceptor 10747 bond energy  1.00 wt 1.00
Protein donor 10785 hydrogen 10796 Ligand acceptor   27 bond energy  1.00 wt 0.99


* CH..O interactions                                                            
  CH group selection                       : activated ring CH (adjacent to hetatom)
Ligand carbon   19 hydrogen   47 Protein acceptor 10171 bond energy  1.00 wt 0.62

--------------------------------------------------------------------------------


--------------------------------------------------------------------------------
--- Intra-ligand clashes                                                     ---
--------------------------------------------------------------------------------

Ligand
--------------------------------------------------------------------------------

--------------------------------------------------------------------------------
--- Rescoring solution                                                       ---
--------------------------------------------------------------------------------

     Score         DG    S(hbond)    S(metal)    S(lipo)     H(rot)  DE(clash)    DE(int)
     11.43     -17.18       3.77        0.00      90.44       4.48       3.38       2.37

Doing AMOEBA simplex on best individual
Done simplexing #iterations 972, best score  12.55

     Score         DG    S(hbond)    S(metal)    S(lipo)     H(rot)  DE(clash)    DE(int)
     12.55     -17.82       3.90        0.00      92.21       4.48       2.99       2.28

--------------------------------------------------------------------------------
--- ChemScore breakdown of terms                                             ---
--------------------------------------------------------------------------------
DG = -5.4800 + -3.3400*S(hbond)
     + -6.0300*S(metal) + -0.1170*S(lipo) + 2.5600*H(rot)


H(rot) = 4.4787

Score = -(DG + DE(clash) + DE(int))


--------------------------------------------------------------------------------


--------------------------------------------------------------------------------
--- ChemScore analysis of protein-ligand interactions                        ---
--------------------------------------------------------------------------------

* Hydrogen bonds                                                                
Ligand donor    4 hydrogen   59 Protein acceptor 8028 bond energy  1.00 wt 0.99
Ligand donor    8 hydrogen   41 Protein acceptor 8028 bond energy  1.00 wt 0.97
Ligand donor   25 hydrogen   53 Protein acceptor 10747 bond energy  1.00 wt 0.99
Protein donor 10785 hydrogen 10796 Ligand acceptor   27 bond energy  1.00 wt 0.95

CHEMSCORE EXTRA INTERACTIONS:

* Clashes                                                                       
Clash for ligand atom   7 (**** ):   0.22
Clash for ligand atom  17 (**** ):   0.44
Clash for ligand atom  18 (**** ):   0.01
Clash for ligand atom  19 (**** ):   1.49
Clash for ligand atom  26 (**** ):   0.03
Clash for ligand atom  28 (**** ):   0.81
--------------------------------------------------------------------------------


--------------------------------------------------------------------------------
--- Chromosome decoded                                                       ---
--------------------------------------------------------------------------------
Ligand Torsions
[   5    4    3    2]  -65.26
[   7    6    4    3]  107.91
[   8    7    6    4]   54.94
[  41    8    7    6]  -47.83
[   2   11   12   17] -173.25
[  28   21   20   16] -118.70
[  25   24   23   22]  -56.78
[  27   26   23   22]  164.15
[  53   25   24   23] -133.05
[  56   27   26   23]  -89.11
Protein Torsions
[6907 6896 6895 6894]  -32.39 
[7974 7965 7964 7962]  -81.86 
[8008 7997 7996 7995]  -99.41 
[10167 10162 10161 10158]  178.07 
[10718 10713 10712 10709] -178.64 
[10763 10752 10751 10750]   68.34 
[11005 11000 10999 10996]  153.23 
Mapping
Ligand acceptors to protein hydrogens (mapping then atom ids)
Ligand hydrogens to protein acceptors (mapping then atom ids)
  2  15 [ 41->8028]
Ligand shape atoms to protein points (mapping then atom ids & coords)
  7  5788 [  9->(147.250 141.750 154.750)]
 11  3347 [ 21->(145.000 134.000 151.250)]
 13  3572 [ 24->(145.250 132.000 151.250)]
 14  2087 [ 26->(143.500 133.000 151.000)]
Ligand N+ atoms to protein TRP (mapping then atom ids & coords)
Chromosome values
Integers:
  -1   -1   -1   -1   -1   -1   -1   14   -1   -1   -1   -1 
  -1   -1   -1   -1   -1 5787   -1   -1   -1 3346   -1 3571 
2086   -1 
--------------------------------------------------------------------------------

Current Ranking  3  1  2

--------------------------------------------------------------------------------

* GA execution time :                                                           
  total  1.6384 user  1.6384 sys  0.0000

--------------------------------------------------------------------------------
Fitness function evaluations: 135701

--------------------------------------------------------------------------------
** Docking run number  4 **
--------------------------------------------------------------------------------
  Rank fitness base is 5000.00 ; increment is 11.2233

* Initialising population(s) ...                                                
Number of constraints mappings 0
Number of constraints 0
  Population no.                           :      1
  Population size                          :    100
  Number of duplicates                     :      0
  Number of niche violations               :      0
  Number of errors                         :   2432

Number of constraints mappings 0
Number of constraints 0
  Population no.                           :      2
  Population size                          :    100
  Number of duplicates                     :      0
  Number of niche violations               :      0
  Number of errors                         :   2583

Number of constraints mappings 0
Number of constraints 0
  Population no.                           :      3
  Population size                          :    100
  Number of duplicates                     :      0
  Number of niche violations               :      0
  Number of errors                         :   2567

Number of constraints mappings 0
Number of constraints 0
  Population no.                           :      4
  Population size                          :    100
  Number of duplicates                     :      0
  Number of niche violations               :      0
  Number of errors                         :   2672

Number of constraints mappings 0
Number of constraints 0
  Population no.                           :      5
  Population size                          :    100
  Number of duplicates                     :      0
  Number of niche violations               :      0
  Number of errors                         :   2517


Doing GA, no. of population(s) 5 size 100 selection pressure 1.100000

 Operation      Score     S(PLP)   S(hbond)     S(cho)   S(metal)  DE(clash)   DE(tors)     intcor
         0      14.41     -10.62       0.45       2.00       0.00       0.00       2.22       0.87
        13      15.87     -21.70       0.00       0.00       0.00       0.00       3.35       0.87
       368      17.43     -22.60       0.00       0.00       0.00       0.00       3.02       0.87
       445      33.04     -30.39       1.68       0.03       0.00       0.00       1.67       0.87
      6970      33.17     -29.68       2.68       0.03       0.00       0.00       2.75       0.87
      7265      33.26     -31.21       1.78       0.03       0.00       0.00       2.12       0.87
      8305      35.18     -31.58       2.00       0.00       0.00       0.00       1.64       0.87
     10081      38.92     -31.92       2.00       1.40       0.00       0.80       1.64       0.87
     12171      41.27     -31.92       2.78       1.40       0.00       0.80       1.64       0.87
     13844      41.63     -31.44       2.85       1.65       0.00       0.80       1.68       0.87
     16819      42.54     -34.80       3.25       0.13       0.00       0.00       1.62       0.87
     18078      44.52     -34.42       4.18       0.18       0.00       0.00       1.92       0.87
     24114      44.87     -31.24       3.86       1.68       0.00       0.44       1.71       0.87
     27584      44.99     -31.24       3.90       1.68       0.00       0.44       1.71       0.87
     28029      45.93     -32.75       3.77       1.67       0.00       0.44       1.78       0.87
     28649      46.28     -33.25       3.83       1.54       0.00       0.44       1.76       0.87
     28729      46.37     -31.76       3.91       1.70       0.00       0.00       1.55       0.87
     28909      46.77     -32.33       3.82       1.67       0.00       0.00       1.44       0.87
     31889      47.18     -33.45       4.00       1.62       0.00       0.44       1.78       0.87
     32964      47.19     -33.66       4.00       1.54       0.00       0.44       1.77       0.87
     33089      47.38     -33.67       3.90       1.54       0.00       0.00       1.74       0.87
     34599      48.53     -32.89       5.04       0.55       0.00       0.00       1.01       0.87
     37504      48.99     -32.89       5.20       0.55       0.00       0.00       1.01       0.87
     37649      51.36     -38.69       4.77       0.43       0.00       0.00       1.89       0.87
     41312      51.42     -41.45       3.98       0.34       0.00       0.00       1.93       0.87
     46839      51.72     -37.91       5.26       0.43       0.00       0.00       2.07       0.87
     47437      52.50     -40.92       4.35       0.50       0.00       0.00       1.93       0.87
     47632      52.50     -40.92       4.35       0.50       0.00       0.00       1.93       0.87
     58571      52.59     -40.92       4.38       0.50       0.00       0.00       1.93       0.87
     60111      52.64     -40.92       4.40       0.50       0.00       0.00       1.93       0.87
     61606      53.09     -40.92       4.55       0.50       0.00       0.00       1.93       0.87
     68866      53.89     -40.98       4.84       0.50       0.00       0.00       1.99       0.87
     69141      54.60     -40.72       5.26       0.50       0.00       0.00       2.14       0.87
     70854      54.93     -41.73       4.76       0.52       0.00       0.00       1.75       0.87
     72714      55.03     -41.73       4.79       0.52       0.00       0.00       1.75       0.87
     73475      55.05     -40.72       5.33       0.50       0.00       0.00       2.01       0.87
     73708      55.18     -41.73       4.84       0.52       0.00       0.00       1.75       0.87
     73834      55.62     -41.73       4.99       0.52       0.00       0.00       1.75       0.87
     74313      56.41     -41.45       5.49       0.52       0.00       0.00       1.97       0.87
--------------------------------------------------------------------------------
Best docking solution after GA:
     75500      56.41     -41.45       5.49       0.52       0.00       0.00       1.97       0.87

#ops:      75500 #mutates:  36088 #cross:    35642 #migrate:   3770 
#dups:     17326 #niche:    43361 #errors:    4743 
--------------------------------------------------------------------------------

Doing AMOEBA simplex on best individual
Done simplexing #iterations 1205, best score  59.52

Ligand is stored in gold_soln_AV-procd_m1655_4.sdf


--------------------------------------------------------------------------------
--- CHEMPLP breakdown of terms                                               ---
--------------------------------------------------------------------------------
CHEMPLP = - ( 1.0000*S(PLP) + -3.0000*S(hbond) + -6.0000*S(metal) + -3.0000*S(cho) )

Score = CHEMPLP - 1.0000*DE(clash) - 2.0000*DE(tors)

Internal energy term has been corrected with the best internal energy encountered.

--------------------------------------------------------------------------------


     Score     S(PLP)   S(hbond)     S(cho)   S(metal)  DE(clash)   DE(tors)     intcor
     59.52     -43.54       5.69       0.58       0.00       0.00       1.84       0.87

--------------------------------------------------------------------------------
--- PLP analysis of protein-ligand interactions                              ---
--------------------------------------------------------------------------------
hydrogen bonding        :      -7.02
metal                   :       0.00
buried (polar-nonpolar) :       5.95
nonpolar                :     -43.81
repulsive               :       0.66
--------------------------------------------------------------------------------


--------------------------------------------------------------------------------
--- ChemScore analysis of protein-ligand interactions                        ---
--------------------------------------------------------------------------------

* Hydrogen bonds                                                                
Ligand donor    4 hydrogen   59 Protein acceptor 8028 bond energy  1.00 wt 2.00
Ligand donor    8 hydrogen   41 Protein acceptor 8028 bond energy  1.00 wt 0.78
Ligand donor   25 hydrogen   53 Protein acceptor 10747 bond energy  1.00 wt 1.00
Ligand donor   27 hydrogen   56 Protein acceptor 10186 bond energy  1.00 wt 0.81
Protein donor 7954 hydrogen 7966 Ligand acceptor   18 bond energy  1.00 wt 0.13
Protein donor 10785 hydrogen 10796 Ligand acceptor   27 bond energy  1.00 wt 0.98


* CH..O interactions                                                            
  CH group selection                       : activated ring CH (adjacent to hetatom)
Ligand carbon   19 hydrogen   47 Protein acceptor 10171 bond energy  1.00 wt 0.58

--------------------------------------------------------------------------------


--------------------------------------------------------------------------------
--- Intra-ligand clashes                                                     ---
--------------------------------------------------------------------------------

Ligand
--------------------------------------------------------------------------------

--------------------------------------------------------------------------------
--- Rescoring solution                                                       ---
--------------------------------------------------------------------------------

     Score         DG    S(hbond)    S(metal)    S(lipo)     H(rot)  DE(clash)    DE(int)
      6.23     -16.16       2.88        0.00     107.03       4.48       7.42       2.51

Doing AMOEBA simplex on best individual
Done simplexing #iterations 1215, best score  14.20

     Score         DG    S(hbond)    S(metal)    S(lipo)     H(rot)  DE(clash)    DE(int)
     14.20     -18.51       3.89        0.00      98.31       4.48       2.38       1.92

--------------------------------------------------------------------------------
--- ChemScore breakdown of terms                                             ---
--------------------------------------------------------------------------------
DG = -5.4800 + -3.3400*S(hbond)
     + -6.0300*S(metal) + -0.1170*S(lipo) + 2.5600*H(rot)


H(rot) = 4.4787

Score = -(DG + DE(clash) + DE(int))


--------------------------------------------------------------------------------


--------------------------------------------------------------------------------
--- ChemScore analysis of protein-ligand interactions                        ---
--------------------------------------------------------------------------------

* Hydrogen bonds                                                                
Ligand donor    4 hydrogen   59 Protein acceptor 8028 bond energy  1.00 wt 0.96
Ligand donor    8 hydrogen   41 Protein acceptor 8028 bond energy  1.00 wt 0.33
Ligand donor   25 hydrogen   53 Protein acceptor 10747 bond energy  1.00 wt 0.98
Ligand donor   27 hydrogen   56 Protein acceptor 10186 bond energy  1.00 wt 0.93
Protein donor 10785 hydrogen 10796 Ligand acceptor   27 bond energy  1.00 wt 0.69

CHEMSCORE EXTRA INTERACTIONS:

* Clashes                                                                       
Clash for ligand atom   5 (**** ):   0.29
Clash for ligand atom   7 (**** ):   0.08
Clash for ligand atom  10 (**** ):   0.01
Clash for ligand atom  17 (**** ):   0.44
Clash for ligand atom  18 (**** ):   0.01
Clash for ligand atom  19 (**** ):   1.54
Clash for ligand atom  28 (**** ):   0.01
--------------------------------------------------------------------------------


--------------------------------------------------------------------------------
--- Chromosome decoded                                                       ---
--------------------------------------------------------------------------------
Ligand Torsions
[   5    4    3    2]  -63.05
[   7    6    4    3]  131.99
[   8    7    6    4]   56.55
[  41    8    7    6]  -50.94
[   2   11   12   17] -172.11
[  28   21   20   16] -147.65
[  25   24   23   22]  -40.70
[  27   26   23   22]  160.04
[  53   25   24   23]  147.80
[  56   27   26   23] -103.64
Protein Torsions
[6907 6896 6895 6894]  -46.64 
[7974 7965 7964 7962]  147.18 
[8008 7997 7996 7995]  116.46 
[10167 10162 10161 10158]  -55.71 
[10718 10713 10712 10709]  163.21 
[10763 10752 10751 10750]   -7.58 
[11005 11000 10999 10996]  153.46 
Mapping
Ligand acceptors to protein hydrogens (mapping then atom ids)
Ligand hydrogens to protein acceptors (mapping then atom ids)
Ligand shape atoms to protein points (mapping then atom ids & coords)
  2  6256 [  2->(148.250 140.000 154.250)]
  8  5881 [ 10->(147.500 139.500 153.500)]
 14  2481 [ 26->(144.000 133.250 150.750)]
Ligand N+ atoms to protein TRP (mapping then atom ids & coords)
Chromosome values
Integers:
  -1   -1   -1   -1   -1   -1   -1   -1   -1   -1   -1   -1 
6255   -1   -1   -1   -1   -1 5880   -1   -1   -1   -1   -1 
2480   -1 
--------------------------------------------------------------------------------

Current Ranking  4  3  1  2

Top  3 (of  4) solutions are within 1.500 RMSD, finishing docking /DATA2/COVID-19/PDBs_&_Models/AV-procd.sdf.


--------------------------------------------------------------------------------

* GA execution time :                                                           
  total  1.7390 user  1.7390 sys  0.0000

--------------------------------------------------------------------------------
Fitness function evaluations: 136872

--------------------------------------------------------------------------------
--- Ranking analysis                                                         ---
--------------------------------------------------------------------------------


* Final ranked order of GA solutions:                                           
   4  3  1  2 

  _______________________________
  RMSD Matrix of RANKED solutions

        2    3    4  

   1 :  0.5  1.0  9.9
   2 :       0.8  9.8
   3 :            9.7

  Clustering method                        : complete linkage
  Structure ids in cluster table           : rank nos.
  Ordering of clusters and their members   : by rank (order if from rms_analysis)

  Distance | Clusters
   0.52    |  1  2 |  3 |  4 |
   0.96    |  1  2  3 |  4 |
   9.90    |  1  2  3  4 |
  Finished Docking Ligand                  : /DATA2/COVID-19/PDBs_&_Models/AV-procd.sdf
--------------------------------------------------------------------------------

  Relative_Ligand_Energy (best encountered) :   0.870
  Relative_Ligand_Energy: fitness values have been corrected using this amount
