# WARNING: atom    3 in /DATA2/COVID-19/PDBs_&_Models/AV-procd.sdf is deduced as an acidic nitrogen

--------------------------------------------------------------------------------
--- Ligand                                                                   ---
--------------------------------------------------------------------------------
  Ligand loaded from file                  : /DATA2/COVID-19/PDBs_&_Models/AV-procd.sdf
  Ligand name                              :  
  "AV-unprocessed.smi:35                                                    "

--------------------------------------------------------------------------------
  N.plc donors                             : 
  none found

  Acidic nitrogen acceptors                : 

  3    
  Sulfur acceptors                         :
  none found


  Donor atoms                              :      3
  11  13  15  
  Acceptor atoms                           :      7
  1   3   5   8   11  13  15  

  Hydrogens                                :  (n = 3)
  23   25   27   

  Lone pairs added to molecule             :     13
  Numbering                                : from 29 to 41
  Choline groups                           : 
   

--------------------------------------------------------------------------------
--- Postprocessing of typing                                                 ---
--------------------------------------------------------------------------------
  Fragment file                            : /home/scv26/CCDC/Discovery_2020/GOLD/gold/rotatable_bond_override.mol2
  acylurea fragment                        : no matches
  thioacylthiourea fragment                : no matches
  acylthiourea fragment                    : no matches
  thioacylurea fragment                    : no matches
  diarylamine fragment >C.ar-NH-C.ar<      : no matches
  sec-amine (1) fragment                   : no matches
  sec-amine (2) fragment                   : no matches
  sec-amine (3) fragment                   : no matches
  carboxylic ester                         : no matches

* Rotatable bonds in /DATA2/COVID-19/PDBs  :
  [   6    7] [   9   10] [  10   11] [  12   13] 
  [  14   15] 
  No. of rotatable bonds                   :      5


* Fragments found in /DATA2/COVID-19/PDBs  :
  atom   7: ribose
  atom   8: ribose
  atom   9: ribose
  atom  12: ribose
  atom  14: ribose


* Checking torsion distributions:                                               
  No. of matched torsions                  :      0

--------------------------------------------------------------------------------
--- Shape fitting atoms selection (hydrophobic atoms)                        ---
--------------------------------------------------------------------------------
  Molecule                                 : /DATA2/COVID-19/PDBs_&_Models/AV-procd.sdf
  Selection                                : carbons only
  Atom numbers                             :  (n = 6)
  7    9    10   12   14   16   


--------------------------------------------------------------------------------
--- ChemScore ligand setup summary                                           ---
--------------------------------------------------------------------------------
  ChemScore ligand acceptors               :      7
  1 3 [-] 5 8 11 13 15 
  ChemScore ligand donors                  :      3
  11 ( 23  ) 13 ( 25  ) 15 ( 27  ) 
  ChemScore ligand CH donors               :      1
  16 ( 28 ) 

  ChemScore ligand lipophilic atoms        :  (n = 7)
  9    10   12   14   16   17   18   

  ChemScore ligand rotatable bonds         :      5
  6   (****) - 7   (****): SP3_SP2_BOND
  9   (****) - 10  (****): SP3_SP3_BOND
  10  (****) - 11  (****): SP3_SP3_BOND
  12  (****) - 13  (****): SP3_SP3_BOND
  14  (****) - 15  (****): SP3_SP3_BOND

--------------------------------------------------------------------------------
--- PLP ligand setup summary                                                 ---
--------------------------------------------------------------------------------
    1  ****   O.2 ACCEPTOR
    2  ****   C.2 NONPOLAR
    3  **** N.pl3 ACCEPTOR
    4  ****   C.2 NONPOLAR
    5  ****   O.2 ACCEPTOR
    6  ****  N.am NONPOLAR
    7  ****   C.3 NONPOLAR
    8  ****   O.3 ACCEPTOR
    9  ****   C.3 NONPOLAR
   10  ****   C.3 NONPOLAR
   11  ****   O.3 DONACC
   12  ****   C.3 NONPOLAR
   13  ****   O.3 DONACC
   14  ****   C.3 NONPOLAR
   15  ****   O.3 DONACC
   16  ****   C.2 NONPOLAR
   17  ****   C.2 NONPOLAR
   18  ****    Br NONPOLAR


--------------------------------------------------------------------------------
--- Automatic parameter setting                                              ---
--------------------------------------------------------------------------------
  Contribution base                        :   2500
  Contribution per rotatable bond          :   6000
  Contribution per df                      :   4000
  Contribution per water                   :  10000
  Ligand rotatable bonds                   :      5
  Protein flexible side chain bonds        :      0
  Total rotatable bonds                    :      5
  Hydrophobic vol ratio (P/L)              :   3.845
  Base multiplier (polar)                  :   2.000
  Base multiplier (apolar)                 :   4.614
  Base contribution                        : 15000.000
  Fitting points                           :     10
  Estimated maxops needed (optimal)        :  45500

--------------------------------------------------------------------------------

* Population settings                                                           
  maxops                                   :  45500
  popsiz                                   :    100
  select_pressure                          :   1.100
  n_islands                                :      4
  niche_siz                                :      2

* GA settings                                                                   
  pt_crosswt                               :     95
  allele_mutatewt                          :     95
  migratewt                                :     10

* Search settings                                                               
  start_vdw_linear_cutoff                  :   4.000
  initial_virtual_pt_match_max             :   3.000

--------------------------------------------------------------------------------

* Ligand initialisation time :                                                  
  total  0.0054 user  0.0014 sys  0.0040

--------------------------------------------------------------------------------

--------------------------------------------------------------------------------
** Docking run number  1 **
--------------------------------------------------------------------------------
  Rank fitness base is 5000.00 ; increment is 11.2233

* Initialising population(s) ...                                                
Number of constraints mappings 0
Number of constraints 0
  Population no.                           :      1
  Population size                          :    100
  Number of duplicates                     :      0
  Number of niche violations               :      0
  Number of errors                         :   7453

Number of constraints mappings 0
Number of constraints 0
  Population no.                           :      2
  Population size                          :    100
  Number of duplicates                     :      0
  Number of niche violations               :      0
  Number of errors                         :   7062

Number of constraints mappings 0
Number of constraints 0
  Population no.                           :      3
  Population size                          :    100
  Number of duplicates                     :      0
  Number of niche violations               :      0
  Number of errors                         :   7330

Number of constraints mappings 0
Number of constraints 0
  Population no.                           :      4
  Population size                          :    100
  Number of duplicates                     :      0
  Number of niche violations               :      0
  Number of errors                         :   7006


Doing GA, no. of population(s) 4 size 100 selection pressure 1.100000

 Operation      Score     S(PLP)   S(hbond)     S(cho)   S(metal)  DE(clash)   DE(tors)     intcor
         0      20.51     -12.59       2.19       0.87       0.00       0.00       0.65       0.00
      1822      20.53     -17.80       0.34       1.00       0.00       0.00       0.65       0.00
      1826      28.37     -22.62       1.23       1.00       0.00       0.00       0.47       0.00
      2534      29.00     -23.64       1.00       0.97       0.00       0.00       0.28       0.00
      3778      30.58     -23.20       1.47       1.00       0.00       0.00       0.02       0.00
      3970      32.56     -23.59       2.00       1.00       0.00       0.00       0.02       0.00
      6582      32.58     -23.59       2.01       1.00       0.00       0.00       0.02       0.00
      7430      33.19     -23.57       2.43       1.00       0.00       0.00       0.34       0.00
     10906      33.38     -23.79       2.42       1.00       0.00       0.00       0.34       0.00
     14190      33.43     -23.99       2.37       1.00       0.00       0.00       0.34       0.00
     16790      33.44     -24.00       2.35       1.00       0.00       0.00       0.31       0.00
     17093      33.46     -23.99       2.38       1.00       0.00       0.00       0.34       0.00
     17394      33.52     -24.02       2.37       1.00       0.00       0.00       0.31       0.00
     27034      33.64     -24.04       2.37       1.00       0.00       0.00       0.26       0.00
     30885      33.94     -20.51       4.00       0.88       0.00       0.00       0.61       0.00
     31449      35.11     -20.51       4.39       0.88       0.00       0.00       0.61       0.00
     32885      35.35     -20.51       4.47       0.88       0.00       0.00       0.61       0.00
     36153      35.39     -19.57       5.28       0.00       0.00       0.00       0.01       0.00
     37285      35.89     -19.57       5.44       0.00       0.00       0.00       0.01       0.00
     42001      36.09     -19.83       5.44       0.00       0.00       0.00       0.03       0.00
     42953      36.49     -20.04       5.50       0.00       0.00       0.00       0.04       0.00
     44410      36.55     -20.04       5.53       0.00       0.00       0.00       0.04       0.00
--------------------------------------------------------------------------------
Best docking solution after GA:
     45500      36.55     -20.04       5.53       0.00       0.00       0.00       0.04       0.00

#ops:      45500 #mutates:  21646 #cross:    21541 #migrate:   2313 
#dups:      8389 #niche:    27891 #errors:    1673 
--------------------------------------------------------------------------------

Doing AMOEBA simplex on best individual
Done simplexing #iterations 842, best score  37.66

Ligand is stored in gold_soln_AV-procd_m277_1.sdf


--------------------------------------------------------------------------------
--- CHEMPLP breakdown of terms                                               ---
--------------------------------------------------------------------------------
CHEMPLP = - ( 1.0000*S(PLP) + -3.0000*S(hbond) + -6.0000*S(metal) + -3.0000*S(cho) )

Score = CHEMPLP - 1.0000*DE(clash) - 2.0000*DE(tors)

Internal energy term has been corrected with the best internal energy encountered.

--------------------------------------------------------------------------------


     Score     S(PLP)   S(hbond)     S(cho)   S(metal)  DE(clash)   DE(tors)     intcor
     37.66     -19.67       6.02       0.00       0.00       0.00       0.04       0.00

--------------------------------------------------------------------------------
--- PLP analysis of protein-ligand interactions                              ---
--------------------------------------------------------------------------------
hydrogen bonding        :      -7.05
metal                   :       0.00
buried (polar-nonpolar) :       2.27
nonpolar                :     -14.21
repulsive               :       0.04
--------------------------------------------------------------------------------


--------------------------------------------------------------------------------
--- ChemScore analysis of protein-ligand interactions                        ---
--------------------------------------------------------------------------------

* Hydrogen bonds                                                                
Ligand donor   11 hydrogen   23 Protein acceptor 7948 bond energy  1.00 wt 1.00
Ligand donor   13 hydrogen   25 Protein acceptor 7957 bond energy  1.00 wt 0.63
Ligand donor   15 hydrogen   27 Protein acceptor 7957 bond energy  1.00 wt 0.51
Protein donor 7989 hydrogen 7998 Ligand acceptor   15 bond energy  1.00 wt 0.35
Protein donor 7997 hydrogen 8008 Ligand acceptor    3 bond energy  1.00 wt 2.00
Protein donor 8011 hydrogen 8017 Ligand acceptor   15 bond energy  1.00 wt 1.00
Protein donor 10752 hydrogen 10765 Ligand acceptor    1 bond energy  1.00 wt 0.52


* CH..O interactions                                                            
  CH group selection                       : activated ring CH (adjacent to hetatom)

--------------------------------------------------------------------------------


--------------------------------------------------------------------------------
--- Intra-ligand clashes                                                     ---
--------------------------------------------------------------------------------

Ligand
--------------------------------------------------------------------------------

--------------------------------------------------------------------------------
--- Rescoring solution                                                       ---
--------------------------------------------------------------------------------

     Score         DG    S(hbond)    S(metal)    S(lipo)     H(rot)  DE(clash)    DE(int)
      6.57     -11.85       3.41        0.00      36.27       3.63       2.59       2.69

Doing AMOEBA simplex on best individual
Done simplexing #iterations 885, best score  11.60

     Score         DG    S(hbond)    S(metal)    S(lipo)     H(rot)  DE(clash)    DE(int)
     11.60     -15.87       4.61        0.00      36.44       3.63       2.05       2.22

--------------------------------------------------------------------------------
--- ChemScore breakdown of terms                                             ---
--------------------------------------------------------------------------------
DG = -5.4800 + -3.3400*S(hbond)
     + -6.0300*S(metal) + -0.1170*S(lipo) + 2.5600*H(rot)


H(rot) = 3.6261

Score = -(DG + DE(clash) + DE(int))


--------------------------------------------------------------------------------


--------------------------------------------------------------------------------
--- ChemScore analysis of protein-ligand interactions                        ---
--------------------------------------------------------------------------------

* Hydrogen bonds                                                                
Ligand donor   11 hydrogen   23 Protein acceptor 7948 bond energy  1.00 wt 0.97
Ligand donor   13 hydrogen   25 Protein acceptor 7957 bond energy  1.00 wt 0.97
Ligand donor   15 hydrogen   27 Protein acceptor 7957 bond energy  1.00 wt 0.80
Protein donor 7989 hydrogen 7998 Ligand acceptor   15 bond energy  1.00 wt 0.43
Protein donor 7997 hydrogen 8008 Ligand acceptor    3 bond energy  1.00 wt 0.79
Protein donor 10752 hydrogen 10765 Ligand acceptor    1 bond energy  1.00 wt 0.65

CHEMSCORE EXTRA INTERACTIONS:

* Clashes                                                                       
Clash for ligand atom   5 (**** ):   0.13
Clash for ligand atom  13 (**** ):   1.83
Clash for ligand atom  15 (**** ):   0.09
--------------------------------------------------------------------------------


--------------------------------------------------------------------------------
--- Chromosome decoded                                                       ---
--------------------------------------------------------------------------------
Ligand Torsions
[   4    6    7   14]   63.58
[  11   10    9    8]  -60.90
[  23   11   10    9]  159.52
[  25   13   12    9]  -78.36
[  27   15   14    7]   88.56
Protein Torsions
[6907 6896 6895 6894]  -54.62 
[7974 7965 7964 7962]  146.46 
[8008 7997 7996 7995]  -40.18 
[10167 10162 10161 10158]  170.93 
[10718 10713 10712 10709]   75.48 
[10763 10752 10751 10750] -124.44 
[11005 11000 10999 10996]   77.51 
Mapping
Ligand acceptors to protein hydrogens (mapping then atom ids)
Ligand hydrogens to protein acceptors (mapping then atom ids)
  1   7 [ 23->7948]
  2   9 [ 25->7957]
Ligand shape atoms to protein points (mapping then atom ids & coords)
  1  6898 [  7->(149.750 141.500 157.000)]
  2  5881 [  9->(147.500 139.500 153.500)]
  4  5779 [ 12->(147.250 141.250 154.250)]
  5  6024 [ 14->(147.750 140.500 154.500)]
Chromosome values
Integers:
  -1   -1   -1   -1   -1   -1   -1    6    8   -1 6897 5880 
  -1 5778 6023   -1 
--------------------------------------------------------------------------------

Current Ranking  1

--------------------------------------------------------------------------------

* GA execution time :                                                           
  total  0.9756 user  0.9756 sys  0.0000

--------------------------------------------------------------------------------
Fitness function evaluations: 107271

--------------------------------------------------------------------------------
** Docking run number  2 **
--------------------------------------------------------------------------------
  Rank fitness base is 5000.00 ; increment is 11.2233

* Initialising population(s) ...                                                
Number of constraints mappings 0
Number of constraints 0
  Population no.                           :      1
  Population size                          :    100
  Number of duplicates                     :      0
  Number of niche violations               :      0
  Number of errors                         :   7226

Number of constraints mappings 0
Number of constraints 0
  Population no.                           :      2
  Population size                          :    100
  Number of duplicates                     :      0
  Number of niche violations               :      0
  Number of errors                         :   7138

Number of constraints mappings 0
Number of constraints 0
  Population no.                           :      3
  Population size                          :    100
  Number of duplicates                     :      0
  Number of niche violations               :      0
  Number of errors                         :   7617

Number of constraints mappings 0
Number of constraints 0
  Population no.                           :      4
  Population size                          :    100
  Number of duplicates                     :      0
  Number of niche violations               :      0
  Number of errors                         :   7210


Doing GA, no. of population(s) 4 size 100 selection pressure 1.100000

 Operation      Score     S(PLP)   S(hbond)     S(cho)   S(metal)  DE(clash)   DE(tors)     intcor
         0      14.43     -13.75       0.04       1.00       0.00       0.00       1.23       0.00
        59      16.31     -14.65       1.09       0.00       0.00       0.00       0.80       0.00
       882      19.98     -17.37       2.39       0.00       0.00       2.60       0.98       0.00
      2247      20.23     -17.61       1.65       0.00       0.00       0.00       1.17       0.00
      2567      21.05     -13.67       3.01       0.00       0.00       0.00       0.83       0.00
      2928      22.10     -18.79       1.56       0.00       0.00       0.00       0.70       0.00
      4445      22.63     -17.59       2.24       0.00       0.00       0.00       0.84       0.00
      4664      23.62     -17.79       2.41       0.00       0.00       0.00       0.70       0.00
      4956      25.35     -20.45       2.19       0.00       0.00       0.00       0.83       0.00
      5260      26.29     -20.91       2.35       0.00       0.00       0.00       0.83       0.00
      6472      26.83     -20.91       2.53       0.00       0.00       0.00       0.83       0.00
      7711      28.37     -19.61       3.06       0.01       0.00       0.00       0.23       0.00
     12402      30.54     -20.03       3.89       0.00       0.00       0.00       0.59       0.00
     15499      31.03     -20.36       3.81       0.01       0.00       0.00       0.39       0.00
     17515      31.76     -20.38       4.06       0.01       0.00       0.00       0.42       0.00
     19247      35.91     -25.27       2.83       1.00       0.00       0.00       0.42       0.00
     23462      36.04     -25.27       2.87       1.00       0.00       0.00       0.42       0.00
     27122      37.80     -25.20       3.48       1.00       0.00       0.00       0.42       0.00
     27694      37.89     -25.20       3.51       1.00       0.00       0.00       0.42       0.00
     32914      37.98     -25.47       3.52       1.00       0.00       0.00       0.53       0.00
     35422      38.08     -25.47       3.55       1.00       0.00       0.00       0.53       0.00
     38330      38.18     -25.35       3.63       1.00       0.00       0.00       0.53       0.00
     40286      38.53     -25.29       3.77       1.00       0.00       0.00       0.53       0.00
     43346      38.56     -25.10       3.90       0.99       0.00       0.00       0.61       0.00
     43506      38.73     -25.29       3.86       1.00       0.00       0.00       0.57       0.00
--------------------------------------------------------------------------------
Best docking solution after GA:
     45500      38.73     -25.29       3.86       1.00       0.00       0.00       0.57       0.00

#ops:      45500 #mutates:  21671 #cross:    21598 #migrate:   2231 
#dups:      8367 #niche:    25901 #errors:    2209 
--------------------------------------------------------------------------------

Doing AMOEBA simplex on best individual
Done simplexing #iterations 679, best score  39.51

Ligand is stored in gold_soln_AV-procd_m277_2.sdf


--------------------------------------------------------------------------------
--- CHEMPLP breakdown of terms                                               ---
--------------------------------------------------------------------------------
CHEMPLP = - ( 1.0000*S(PLP) + -3.0000*S(hbond) + -6.0000*S(metal) + -3.0000*S(cho) )

Score = CHEMPLP - 1.0000*DE(clash) - 2.0000*DE(tors)

Internal energy term has been corrected with the best internal energy encountered.

--------------------------------------------------------------------------------


     Score     S(PLP)   S(hbond)     S(cho)   S(metal)  DE(clash)   DE(tors)     intcor
     39.51     -25.55       4.03       1.00       0.00       0.00       0.57       0.00

--------------------------------------------------------------------------------
--- PLP analysis of protein-ligand interactions                              ---
--------------------------------------------------------------------------------
hydrogen bonding        :      -4.77
metal                   :       0.00
buried (polar-nonpolar) :       0.74
nonpolar                :     -22.98
repulsive               :       1.46
--------------------------------------------------------------------------------


--------------------------------------------------------------------------------
--- ChemScore analysis of protein-ligand interactions                        ---
--------------------------------------------------------------------------------

* Hydrogen bonds                                                                
Ligand donor   11 hydrogen   23 Protein acceptor 8028 bond energy  1.00 wt 1.00
Ligand donor   13 hydrogen   25 Protein acceptor 10175 bond energy  1.00 wt 0.65
Protein donor 7989 hydrogen 7998 Ligand acceptor    5 bond energy  1.00 wt 0.40
Protein donor 7997 hydrogen 8009 Ligand acceptor    3 bond energy  1.00 wt 1.98


* CH..O interactions                                                            
  CH group selection                       : activated ring CH (adjacent to hetatom)
Ligand carbon   16 hydrogen   28 Protein acceptor 8028 bond energy  1.00 wt 1.00

--------------------------------------------------------------------------------


--------------------------------------------------------------------------------
--- Intra-ligand clashes                                                     ---
--------------------------------------------------------------------------------

Ligand
--------------------------------------------------------------------------------

--------------------------------------------------------------------------------
--- Rescoring solution                                                       ---
--------------------------------------------------------------------------------

     Score         DG    S(hbond)    S(metal)    S(lipo)     H(rot)  DE(clash)    DE(int)
     -0.31      -5.06       1.17        0.00      42.31       3.63       2.99       2.38

Doing AMOEBA simplex on best individual
Done simplexing #iterations 934, best score   2.42

     Score         DG    S(hbond)    S(metal)    S(lipo)     H(rot)  DE(clash)    DE(int)
      2.42      -5.91       1.42        0.00      42.49       3.63       1.45       2.04

--------------------------------------------------------------------------------
--- ChemScore breakdown of terms                                             ---
--------------------------------------------------------------------------------
DG = -5.4800 + -3.3400*S(hbond)
     + -6.0300*S(metal) + -0.1170*S(lipo) + 2.5600*H(rot)


H(rot) = 3.6261

Score = -(DG + DE(clash) + DE(int))


--------------------------------------------------------------------------------


--------------------------------------------------------------------------------
--- ChemScore analysis of protein-ligand interactions                        ---
--------------------------------------------------------------------------------

* Hydrogen bonds                                                                
Ligand donor   11 hydrogen   23 Protein acceptor 8028 bond energy  1.00 wt 0.48
Ligand donor   13 hydrogen   25 Protein acceptor 10175 bond energy  1.00 wt 0.33
Protein donor 7989 hydrogen 7998 Ligand acceptor    5 bond energy  1.00 wt 0.02
Protein donor 7997 hydrogen 8009 Ligand acceptor    3 bond energy  1.00 wt 0.59

CHEMSCORE EXTRA INTERACTIONS:

* Clashes                                                                       
Clash for ligand atom   4 (**** ):   0.02
Clash for ligand atom   5 (**** ):   0.02
Clash for ligand atom   7 (**** ):   0.85
Clash for ligand atom   8 (**** ):   0.29
Clash for ligand atom  11 (**** ):   0.22
Clash for ligand atom  14 (**** ):   0.02
Clash for ligand atom  18 (**** ):   0.02
--------------------------------------------------------------------------------


--------------------------------------------------------------------------------
--- Chromosome decoded                                                       ---
--------------------------------------------------------------------------------
Ligand Torsions
[   4    6    7   14]   67.88
[  11   10    9    8]   28.48
[  23   11   10    9]   16.68
[  25   13   12    9]   72.23
[  27   15   14    7]   49.78
Protein Torsions
[6907 6896 6895 6894]  116.20 
[7974 7965 7964 7962]   30.66 
[8008 7997 7996 7995] -168.62 
[10167 10162 10161 10158]   -3.32 
[10718 10713 10712 10709]   90.31 
[10763 10752 10751 10750]  158.26 
[11005 11000 10999 10996]  -70.74 
Mapping
Ligand acceptors to protein hydrogens (mapping then atom ids)
  3  18 [  5->7998]
Ligand hydrogens to protein acceptors (mapping then atom ids)
  2  24 [ 25->10175]
Ligand shape atoms to protein points (mapping then atom ids & coords)
  2  6531 [  9->(148.750 141.750 155.000)]
  3  5099 [ 10->(146.500 141.250 154.250)]
  4  6262 [ 12->(148.250 140.500 154.250)]
  6  6896 [ 16->(149.750 141.500 156.500)]
Chromosome values
Integers:
  -1   -1   17   -1   -1   -1   -1   -1   23   -1   -1 6530 
5098 6261   -1 6895 
--------------------------------------------------------------------------------

Current Ranking  2  1

--------------------------------------------------------------------------------

* GA execution time :                                                           
  total  0.9601 user  0.9601 sys  0.0000

--------------------------------------------------------------------------------
Fitness function evaluations: 107305

--------------------------------------------------------------------------------
** Docking run number  3 **
--------------------------------------------------------------------------------
  Rank fitness base is 5000.00 ; increment is 11.2233

* Initialising population(s) ...                                                
Number of constraints mappings 0
Number of constraints 0
  Population no.                           :      1
  Population size                          :    100
  Number of duplicates                     :      0
  Number of niche violations               :      0
  Number of errors                         :   7181

Number of constraints mappings 0
Number of constraints 0
  Population no.                           :      2
  Population size                          :    100
  Number of duplicates                     :      0
  Number of niche violations               :      0
  Number of errors                         :   7308

Number of constraints mappings 0
Number of constraints 0
  Population no.                           :      3
  Population size                          :    100
  Number of duplicates                     :      0
  Number of niche violations               :      0
  Number of errors                         :   7271

Number of constraints mappings 0
Number of constraints 0
  Population no.                           :      4
  Population size                          :    100
  Number of duplicates                     :      0
  Number of niche violations               :      0
  Number of errors                         :   7080


Doing GA, no. of population(s) 4 size 100 selection pressure 1.100000

 Operation      Score     S(PLP)   S(hbond)     S(cho)   S(metal)  DE(clash)   DE(tors)     intcor
         0      16.26     -16.92       0.56       0.00       0.00       1.32       0.52       0.00
      1284      19.50     -14.81       2.14       0.00       0.00       0.00       0.88       0.00
      2370      20.93     -18.53       1.09       0.00       0.00       0.00       0.45       0.00
      2523      22.45     -16.48       2.61       0.00       0.00       0.00       0.94       0.00
      3776      25.10     -17.04       2.80       0.00       0.00       0.00       0.17       0.00
      4601      26.52     -18.92       3.09       0.00       0.00       0.00       0.83       0.00
      5495      26.65     -19.57       2.87       0.00       0.00       0.00       0.77       0.00
      6913      27.64     -18.92       3.46       0.00       0.00       0.00       0.83       0.00
      8251      27.67     -19.57       3.21       0.00       0.00       0.00       0.77       0.00
      8658      27.85     -19.05       3.46       0.00       0.00       0.00       0.79       0.00
      9425      28.15     -19.62       3.40       0.00       0.00       0.00       0.83       0.00
      9950      28.17     -17.41       3.61       0.00       0.00       0.00       0.03       0.00
     10313      28.25     -19.62       3.43       0.00       0.00       0.00       0.83       0.00
     10745      30.95     -21.01       3.87       0.00       0.00       0.00       0.83       0.00
     15093      31.76     -21.31       4.04       0.00       0.00       0.00       0.83       0.00
     18448      33.01     -21.31       4.46       0.00       0.00       0.00       0.83       0.00
     19181      33.35     -21.55       4.49       0.00       0.00       0.00       0.83       0.00
     21423      33.36     -17.43       5.48       0.00       0.00       0.00       0.26       0.00
     22439      33.52     -17.24       5.60       0.00       0.00       0.00       0.26       0.00
     29558      33.63     -17.19       5.65       0.00       0.00       0.00       0.26       0.00
     35631      33.63     -17.41       5.58       0.00       0.00       0.00       0.26       0.00
     37495      33.78     -17.29       5.67       0.00       0.00       0.00       0.26       0.00
     45230      33.81     -17.40       5.64       0.00       0.00       0.00       0.26       0.00
     45327      33.85     -17.64       5.58       0.00       0.00       0.00       0.26       0.00
--------------------------------------------------------------------------------
Best docking solution after GA:
     45500      33.85     -17.64       5.58       0.00       0.00       0.00       0.26       0.00

#ops:      45500 #mutates:  21665 #cross:    21516 #migrate:   2319 
#dups:     12262 #niche:    28941 #errors:    1249 
--------------------------------------------------------------------------------

Doing AMOEBA simplex on best individual
Done simplexing #iterations 836, best score  35.83

Ligand is stored in gold_soln_AV-procd_m277_3.sdf


--------------------------------------------------------------------------------
--- CHEMPLP breakdown of terms                                               ---
--------------------------------------------------------------------------------
CHEMPLP = - ( 1.0000*S(PLP) + -3.0000*S(hbond) + -6.0000*S(metal) + -3.0000*S(cho) )

Score = CHEMPLP - 1.0000*DE(clash) - 2.0000*DE(tors)

Internal energy term has been corrected with the best internal energy encountered.

--------------------------------------------------------------------------------


     Score     S(PLP)   S(hbond)     S(cho)   S(metal)  DE(clash)   DE(tors)     intcor
     35.83     -18.98       5.84       0.00       0.00       0.00       0.34       0.00

--------------------------------------------------------------------------------
--- PLP analysis of protein-ligand interactions                              ---
--------------------------------------------------------------------------------
hydrogen bonding        :      -5.97
metal                   :       0.00
buried (polar-nonpolar) :      -1.28
nonpolar                :     -11.12
repulsive               :       0.12
--------------------------------------------------------------------------------


--------------------------------------------------------------------------------
--- ChemScore analysis of protein-ligand interactions                        ---
--------------------------------------------------------------------------------

* Hydrogen bonds                                                                
Ligand donor   11 hydrogen   23 Protein acceptor 10175 bond energy  1.00 wt 1.00
Ligand donor   13 hydrogen   25 Protein acceptor 7957 bond energy  1.00 wt 1.00
Ligand donor   15 hydrogen   27 Protein acceptor 7957 bond energy  1.00 wt 1.00
Protein donor 8011 hydrogen 8017 Ligand acceptor   13 bond energy  1.00 wt 0.84
Protein donor 10752 hydrogen 10764 Ligand acceptor    3 bond energy  1.00 wt 2.00


* CH..O interactions                                                            
  CH group selection                       : activated ring CH (adjacent to hetatom)

--------------------------------------------------------------------------------


--------------------------------------------------------------------------------
--- Intra-ligand clashes                                                     ---
--------------------------------------------------------------------------------

Ligand
--------------------------------------------------------------------------------

--------------------------------------------------------------------------------
--- Rescoring solution                                                       ---
--------------------------------------------------------------------------------

     Score         DG    S(hbond)    S(metal)    S(lipo)     H(rot)  DE(clash)    DE(int)
      5.65      -9.94       3.10        0.00      28.92       3.63       1.84       2.45

Doing AMOEBA simplex on best individual
Done simplexing #iterations 810, best score  10.57

     Score         DG    S(hbond)    S(metal)    S(lipo)     H(rot)  DE(clash)    DE(int)
     10.57     -12.21       3.76        0.00      29.67       3.63       0.21       1.43

--------------------------------------------------------------------------------
--- ChemScore breakdown of terms                                             ---
--------------------------------------------------------------------------------
DG = -5.4800 + -3.3400*S(hbond)
     + -6.0300*S(metal) + -0.1170*S(lipo) + 2.5600*H(rot)


H(rot) = 3.6261

Score = -(DG + DE(clash) + DE(int))


--------------------------------------------------------------------------------


--------------------------------------------------------------------------------
--- ChemScore analysis of protein-ligand interactions                        ---
--------------------------------------------------------------------------------

* Hydrogen bonds                                                                
Ligand donor   11 hydrogen   23 Protein acceptor 10175 bond energy  1.00 wt 0.96
Ligand donor   13 hydrogen   25 Protein acceptor 7957 bond energy  1.00 wt 1.00
Ligand donor   15 hydrogen   27 Protein acceptor 7957 bond energy  1.00 wt 0.98
Protein donor 10752 hydrogen 10764 Ligand acceptor    3 bond energy  1.00 wt 0.82

CHEMSCORE EXTRA INTERACTIONS:

* Clashes                                                                       
Clash for ligand atom   1 (**** ):   0.09
Clash for ligand atom  13 (**** ):   0.10
Clash for ligand atom  15 (**** ):   0.02
--------------------------------------------------------------------------------


--------------------------------------------------------------------------------
--- Chromosome decoded                                                       ---
--------------------------------------------------------------------------------
Ligand Torsions
[   4    6    7   14]   58.25
[  11   10    9    8]   89.71
[  23   11   10    9]  117.99
[  25   13   12    9]  -72.11
[  27   15   14    7]  130.97
Protein Torsions
[6907 6896 6895 6894] -146.25 
[7974 7965 7964 7962] -167.96 
[8008 7997 7996 7995] -121.18 
[10167 10162 10161 10158]  137.47 
[10718 10713 10712 10709]   97.38 
[10763 10752 10751 10750]  -43.69 
[11005 11000 10999 10996] -117.29 
Mapping
Ligand acceptors to protein hydrogens (mapping then atom ids)
  6  22 [ 13->8017]
Ligand hydrogens to protein acceptors (mapping then atom ids)
  1  24 [ 23->10175]
  2   9 [ 25->7957]
  3   9 [ 27->7957]
Ligand shape atoms to protein points (mapping then atom ids & coords)
  2  6733 [  9->(149.250 141.000 155.500)]
  3  5721 [ 10->(147.250 138.750 153.250)]
  4  6282 [ 12->(148.250 141.500 155.250)]
  5  6627 [ 14->(149.000 139.250 154.250)]
Chromosome values
Integers:
  -1   -1   -1   -1   -1   21   -1   23    8    8   -1 6732 
5720 6281 6626   -1 
--------------------------------------------------------------------------------

Current Ranking  2  1  3

--------------------------------------------------------------------------------

* GA execution time :                                                           
  total  0.9848 user  0.9848 sys  0.0000

--------------------------------------------------------------------------------
Fitness function evaluations: 106758

--------------------------------------------------------------------------------
** Docking run number  4 **
--------------------------------------------------------------------------------
  Rank fitness base is 5000.00 ; increment is 11.2233

* Initialising population(s) ...                                                
Number of constraints mappings 0
Number of constraints 0
  Population no.                           :      1
  Population size                          :    100
  Number of duplicates                     :      0
  Number of niche violations               :      0
  Number of errors                         :   7554

Number of constraints mappings 0
Number of constraints 0
  Population no.                           :      2
  Population size                          :    100
  Number of duplicates                     :      0
  Number of niche violations               :      0
  Number of errors                         :   7499

Number of constraints mappings 0
Number of constraints 0
  Population no.                           :      3
  Population size                          :    100
  Number of duplicates                     :      0
  Number of niche violations               :      0
  Number of errors                         :   7495

Number of constraints mappings 0
Number of constraints 0
  Population no.                           :      4
  Population size                          :    100
  Number of duplicates                     :      0
  Number of niche violations               :      0
  Number of errors                         :   7303


Doing GA, no. of population(s) 4 size 100 selection pressure 1.100000

 Operation      Score     S(PLP)   S(hbond)     S(cho)   S(metal)  DE(clash)   DE(tors)     intcor
         0      15.64     -12.56       1.00       0.32       0.00       0.00       0.45       0.00
        22      16.05     -14.25       2.18       0.00       0.00       2.69       1.03       0.00
       202      17.40     -14.25       2.63       0.00       0.00       2.69       1.03       0.00
       310      17.83     -14.36       1.75       0.00       0.00       0.00       0.89       0.00
      1105      21.20     -14.29       2.59       0.00       0.00       0.00       0.43       0.00
      1387      23.60     -20.36       0.70       0.68       0.00       0.00       0.45       0.00
      2683      23.84     -20.36       0.78       0.68       0.00       0.00       0.45       0.00
      2819      28.86     -24.11       0.88       1.00       0.00       0.00       0.45       0.00
      3627      30.34     -24.11       1.38       1.00       0.00       0.00       0.45       0.00
      4339      31.63     -23.85       1.83       1.00       0.00       0.00       0.35       0.00
      8739      31.76     -23.85       1.87       1.00       0.00       0.00       0.35       0.00
      9543      31.95     -23.85       1.93       1.00       0.00       0.00       0.35       0.00
     11097      31.97     -20.71       4.03       0.00       0.00       0.00       0.41       0.00
     11821      32.77     -23.85       2.21       1.00       0.00       0.00       0.35       0.00
     12665      32.78     -21.15       4.15       0.00       0.00       0.00       0.41       0.00
     13533      32.79     -20.46       4.38       0.00       0.00       0.00       0.41       0.00
     13801      33.20     -21.00       4.12       0.00       0.00       0.00       0.08       0.00
     14705      33.34     -21.33       4.28       0.00       0.00       0.00       0.41       0.00
     16413      34.12     -21.43       4.40       0.00       0.00       0.00       0.26       0.00
     17428      34.19     -21.50       4.40       0.00       0.00       0.00       0.26       0.00
     17677      34.78     -21.87       4.36       0.00       0.00       0.00       0.08       0.00
     21322      34.88     -22.07       4.33       0.00       0.00       0.00       0.08       0.00
     21770      35.20     -22.33       4.34       0.00       0.00       0.00       0.08       0.00
     21797      35.40     -22.88       4.23       0.00       0.00       0.00       0.08       0.00
     25081      35.42     -22.79       4.24       0.00       0.00       0.00       0.05       0.00
     25303      35.42     -22.95       4.21       0.00       0.00       0.00       0.08       0.00
     25589      35.45     -22.88       4.24       0.00       0.00       0.00       0.08       0.00
     26182      35.83     -23.40       4.20       0.00       0.00       0.00       0.08       0.00
     26338      35.89     -23.46       4.20       0.00       0.00       0.00       0.08       0.00
     28842      35.90     -23.36       4.21       0.00       0.00       0.00       0.05       0.00
     33559      35.95     -23.41       4.21       0.00       0.00       0.00       0.05       0.00
--------------------------------------------------------------------------------
Best docking solution after GA:
     45500      35.95     -23.41       4.21       0.00       0.00       0.00       0.05       0.00

#ops:      45500 #mutates:  21606 #cross:    21637 #migrate:   2257 
#dups:     12744 #niche:    30045 #errors:    1424 
--------------------------------------------------------------------------------

Doing AMOEBA simplex on best individual
Done simplexing #iterations 1013, best score  37.17

Ligand is stored in gold_soln_AV-procd_m277_4.sdf


--------------------------------------------------------------------------------
--- CHEMPLP breakdown of terms                                               ---
--------------------------------------------------------------------------------
CHEMPLP = - ( 1.0000*S(PLP) + -3.0000*S(hbond) + -6.0000*S(metal) + -3.0000*S(cho) )

Score = CHEMPLP - 1.0000*DE(clash) - 2.0000*DE(tors)

Internal energy term has been corrected with the best internal energy encountered.

--------------------------------------------------------------------------------


     Score     S(PLP)   S(hbond)     S(cho)   S(metal)  DE(clash)   DE(tors)     intcor
     37.17     -24.75       4.18       0.00       0.00       0.00       0.06       0.00

--------------------------------------------------------------------------------
--- PLP analysis of protein-ligand interactions                              ---
--------------------------------------------------------------------------------
hydrogen bonding        :      -5.73
metal                   :       0.00
buried (polar-nonpolar) :      -4.97
nonpolar                :     -14.36
repulsive               :       0.03
--------------------------------------------------------------------------------


--------------------------------------------------------------------------------
--- ChemScore analysis of protein-ligand interactions                        ---
--------------------------------------------------------------------------------

* Hydrogen bonds                                                                
Ligand donor   11 hydrogen   23 Protein acceptor 7948 bond energy  1.00 wt 1.00
Ligand donor   13 hydrogen   25 Protein acceptor 7957 bond energy  1.00 wt 0.18
Protein donor 6896 hydrogen 6907 Ligand acceptor    1 bond energy  1.00 wt 1.00
Protein donor 7989 hydrogen 7998 Ligand acceptor   15 bond energy  1.00 wt 1.00
Protein donor 8011 hydrogen 8017 Ligand acceptor   13 bond energy  1.00 wt 1.00


* CH..O interactions                                                            
  CH group selection                       : activated ring CH (adjacent to hetatom)

--------------------------------------------------------------------------------


--------------------------------------------------------------------------------
--- Intra-ligand clashes                                                     ---
--------------------------------------------------------------------------------

Ligand
--------------------------------------------------------------------------------

--------------------------------------------------------------------------------
--- Rescoring solution                                                       ---
--------------------------------------------------------------------------------

     Score         DG    S(hbond)    S(metal)    S(lipo)     H(rot)  DE(clash)    DE(int)
      9.20     -11.93       3.61        0.00      31.42       3.63       0.34       2.38

Doing AMOEBA simplex on best individual
Done simplexing #iterations 925, best score  11.38

     Score         DG    S(hbond)    S(metal)    S(lipo)     H(rot)  DE(clash)    DE(int)
     11.38     -13.73       4.20        0.00      29.82       3.63       0.01       2.34

--------------------------------------------------------------------------------
--- ChemScore breakdown of terms                                             ---
--------------------------------------------------------------------------------
DG = -5.4800 + -3.3400*S(hbond)
     + -6.0300*S(metal) + -0.1170*S(lipo) + 2.5600*H(rot)


H(rot) = 3.6261

Score = -(DG + DE(clash) + DE(int))


--------------------------------------------------------------------------------


--------------------------------------------------------------------------------
--- ChemScore analysis of protein-ligand interactions                        ---
--------------------------------------------------------------------------------

* Hydrogen bonds                                                                
Ligand donor   11 hydrogen   23 Protein acceptor 7948 bond energy  1.00 wt 1.00
Ligand donor   13 hydrogen   25 Protein acceptor 7957 bond energy  1.00 wt 0.50
Protein donor 6896 hydrogen 6907 Ligand acceptor    1 bond energy  1.00 wt 1.00
Protein donor 7989 hydrogen 7998 Ligand acceptor   15 bond energy  1.00 wt 0.86
Protein donor 8011 hydrogen 8017 Ligand acceptor   13 bond energy  1.00 wt 0.85

CHEMSCORE EXTRA INTERACTIONS:

* Clashes                                                                       
Clash for ligand atom  18 (**** ):   0.01
--------------------------------------------------------------------------------


--------------------------------------------------------------------------------
--- Chromosome decoded                                                       ---
--------------------------------------------------------------------------------
Ligand Torsions
[   4    6    7   14]   57.44
[  11   10    9    8] -168.39
[  23   11   10    9]  179.00
[  25   13   12    9]  -20.00
[  27   15   14    7]  -52.18
Protein Torsions
[6907 6896 6895 6894]    0.22 
[7974 7965 7964 7962]   94.13 
[8008 7997 7996 7995]  -41.84 
[10167 10162 10161 10158]  175.26 
[10718 10713 10712 10709]    9.48 
[10763 10752 10751 10750]  174.10 
[11005 11000 10999 10996]  -51.78 
Mapping
Ligand acceptors to protein hydrogens (mapping then atom ids)
  1   3 [  1->6907]
  7  18 [ 15->7998]
Ligand hydrogens to protein acceptors (mapping then atom ids)
  1   7 [ 23->7948]
Ligand shape atoms to protein points (mapping then atom ids & coords)
  2  5912 [  9->(147.500 140.750 154.750)]
  4  6648 [ 12->(149.000 141.500 155.000)]
Chromosome values
Integers:
   2   -1   -1   -1   -1   -1   17    6   -1   -1   -1 5911 
  -1 6647   -1   -1 
--------------------------------------------------------------------------------

Current Ranking  2  1  4  3

--------------------------------------------------------------------------------

* GA execution time :                                                           
  total  0.9985 user  0.9985 sys  0.0000

--------------------------------------------------------------------------------
Fitness function evaluations: 107298

--------------------------------------------------------------------------------
** Docking run number  5 **
--------------------------------------------------------------------------------
  Rank fitness base is 5000.00 ; increment is 11.2233

* Initialising population(s) ...                                                
Number of constraints mappings 0
Number of constraints 0
  Population no.                           :      1
  Population size                          :    100
  Number of duplicates                     :      0
  Number of niche violations               :      0
  Number of errors                         :   7100

Number of constraints mappings 0
Number of constraints 0
  Population no.                           :      2
  Population size                          :    100
  Number of duplicates                     :      0
  Number of niche violations               :      0
  Number of errors                         :   7420

Number of constraints mappings 0
Number of constraints 0
  Population no.                           :      3
  Population size                          :    100
  Number of duplicates                     :      0
  Number of niche violations               :      0
  Number of errors                         :   7420

Number of constraints mappings 0
Number of constraints 0
  Population no.                           :      4
  Population size                          :    100
  Number of duplicates                     :      0
  Number of niche violations               :      0
  Number of errors                         :   7674


Doing GA, no. of population(s) 4 size 100 selection pressure 1.100000

 Operation      Score     S(PLP)   S(hbond)     S(cho)   S(metal)  DE(clash)   DE(tors)     intcor
         0      19.43     -17.73       1.41       0.48       0.00       2.39       0.79       0.00
      1116      21.04     -18.62       2.20       0.00       0.00       2.39       0.89       0.00
      1900      21.11     -16.56       1.89       0.00       0.00       0.00       0.56       0.00
      1944      22.12     -16.56       2.23       0.00       0.00       0.00       0.56       0.00
      2860      24.55     -18.47       2.40       0.00       0.00       0.00       0.56       0.00
      3453      26.75     -22.39       0.70       1.00       0.00       0.00       0.37       0.00
      8675      26.81     -22.39       0.72       1.00       0.00       0.00       0.37       0.00
      9025      27.57     -22.81       2.65       0.00       0.00       1.42       0.89       0.00
      9751      28.49     -22.39       1.28       1.00       0.00       0.00       0.37       0.00
     12198      28.81     -22.39       1.38       1.00       0.00       0.00       0.37       0.00
     13386      30.10     -22.39       1.82       1.00       0.00       0.00       0.37       0.00
     15111      31.69     -24.18       3.00       0.00       0.00       0.00       0.74       0.00
     18078      31.78     -24.20       3.02       0.00       0.00       0.00       0.74       0.00
     18812      32.64     -23.32       3.60       0.00       0.00       0.00       0.74       0.00
     22677      35.17     -24.65       4.00       0.00       0.00       0.00       0.74       0.00
     42282      35.31     -25.75       3.66       0.02       0.00       0.00       0.74       0.00
     42322      35.53     -25.88       3.56       0.20       0.00       0.00       0.82       0.00
     42806      35.64     -25.87       3.73       0.02       0.00       0.00       0.74       0.00
     43110      36.62     -26.09       3.84       0.21       0.00       0.00       0.82       0.00
     43665      37.08     -25.89       3.63       0.69       0.00       0.00       0.88       0.00
     44450      37.36     -26.35       3.90       0.39       0.00       0.00       0.93       0.00
     45102      37.42     -25.53       3.85       0.70       0.00       0.00       0.88       0.00
     45181      37.44     -25.07       3.94       0.75       0.00       0.00       0.86       0.00
--------------------------------------------------------------------------------
Best docking solution after GA:
     45500      37.44     -25.07       3.94       0.75       0.00       0.00       0.86       0.00

#ops:      45500 #mutates:  21719 #cross:    21475 #migrate:   2306 
#dups:      7939 #niche:    25368 #errors:    2166 
--------------------------------------------------------------------------------

Doing AMOEBA simplex on best individual
Done simplexing #iterations 634, best score  39.76

Ligand is stored in gold_soln_AV-procd_m277_5.sdf


--------------------------------------------------------------------------------
--- CHEMPLP breakdown of terms                                               ---
--------------------------------------------------------------------------------
CHEMPLP = - ( 1.0000*S(PLP) + -3.0000*S(hbond) + -6.0000*S(metal) + -3.0000*S(cho) )

Score = CHEMPLP - 1.0000*DE(clash) - 2.0000*DE(tors)

Internal energy term has been corrected with the best internal energy encountered.

--------------------------------------------------------------------------------


     Score     S(PLP)   S(hbond)     S(cho)   S(metal)  DE(clash)   DE(tors)     intcor
     39.76     -26.87       3.93       1.00       0.00       0.00       0.95       0.00

--------------------------------------------------------------------------------
--- PLP analysis of protein-ligand interactions                              ---
--------------------------------------------------------------------------------
hydrogen bonding        :      -5.00
metal                   :       0.00
buried (polar-nonpolar) :       1.55
nonpolar                :     -23.11
repulsive               :       1.99
--------------------------------------------------------------------------------


--------------------------------------------------------------------------------
--- ChemScore analysis of protein-ligand interactions                        ---
--------------------------------------------------------------------------------

* Hydrogen bonds                                                                
Ligand donor   11 hydrogen   23 Protein acceptor 8028 bond energy  1.00 wt 1.00
Protein donor 7997 hydrogen 8008 Ligand acceptor    3 bond energy  1.00 wt 2.00
Protein donor 8011 hydrogen 8017 Ligand acceptor    8 bond energy  1.00 wt 0.93


* CH..O interactions                                                            
  CH group selection                       : activated ring CH (adjacent to hetatom)
Ligand carbon   16 hydrogen   28 Protein acceptor 8028 bond energy  1.00 wt 1.00

--------------------------------------------------------------------------------


--------------------------------------------------------------------------------
--- Intra-ligand clashes                                                     ---
--------------------------------------------------------------------------------

Ligand
--------------------------------------------------------------------------------

--------------------------------------------------------------------------------
--- Rescoring solution                                                       ---
--------------------------------------------------------------------------------

     Score         DG    S(hbond)    S(metal)    S(lipo)     H(rot)  DE(clash)    DE(int)
      2.60      -5.00       0.99        0.00      46.89       3.63       1.54       0.86

Doing AMOEBA simplex on best individual
Done simplexing #iterations 793, best score   4.41

     Score         DG    S(hbond)    S(metal)    S(lipo)     H(rot)  DE(clash)    DE(int)
      4.41      -6.74       1.52        0.00      46.62       3.63       1.52       0.81

--------------------------------------------------------------------------------
--- ChemScore breakdown of terms                                             ---
--------------------------------------------------------------------------------
DG = -5.4800 + -3.3400*S(hbond)
     + -6.0300*S(metal) + -0.1170*S(lipo) + 2.5600*H(rot)


H(rot) = 3.6261

Score = -(DG + DE(clash) + DE(int))


--------------------------------------------------------------------------------


--------------------------------------------------------------------------------
--- ChemScore analysis of protein-ligand interactions                        ---
--------------------------------------------------------------------------------

* Hydrogen bonds                                                                
Ligand donor   11 hydrogen   23 Protein acceptor 8028 bond energy  1.00 wt 0.60
Protein donor 7997 hydrogen 8008 Ligand acceptor    3 bond energy  1.00 wt 0.39
Protein donor 8011 hydrogen 8017 Ligand acceptor    8 bond energy  1.00 wt 0.53

CHEMSCORE EXTRA INTERACTIONS:

* Clashes                                                                       
Clash for ligand atom   2 (**** ):   0.07
Clash for ligand atom   7 (**** ):   0.09
Clash for ligand atom   8 (**** ):   1.25
Clash for ligand atom   9 (**** ):   0.09
Clash for ligand atom  18 (**** ):   0.02
--------------------------------------------------------------------------------


--------------------------------------------------------------------------------
--- Chromosome decoded                                                       ---
--------------------------------------------------------------------------------
Ligand Torsions
[   4    6    7   14]   85.14
[  11   10    9    8]   84.71
[  23   11   10    9] -105.91
[  25   13   12    9] -160.47
[  27   15   14    7]   46.17
Protein Torsions
[6907 6896 6895 6894]   42.70 
[7974 7965 7964 7962]   87.99 
[8008 7997 7996 7995]  -69.64 
[10167 10162 10161 10158]  -42.56 
[10718 10713 10712 10709] -131.27 
[10763 10752 10751 10750]  103.91 
[11005 11000 10999 10996]  154.78 
Mapping
Ligand acceptors to protein hydrogens (mapping then atom ids)
  2  19 [  3->8008]
Ligand hydrogens to protein acceptors (mapping then atom ids)
  1  15 [ 23->8028]
Ligand shape atoms to protein points (mapping then atom ids & coords)
  2  5325 [  9->(146.750 140.500 153.500)]
  3  6014 [ 10->(147.750 140.000 154.250)]
  4  6028 [ 12->(147.750 140.750 154.250)]
  5  6506 [ 14->(148.750 140.500 154.500)]
Chromosome values
Integers:
  -1   18   -1   -1   -1   -1   -1   14   -1   -1   -1 5324 
6013 6027 6505   -1 
--------------------------------------------------------------------------------

Current Ranking  5  2  1  4  3

--------------------------------------------------------------------------------

* GA execution time :                                                           
  total  0.9608 user  0.9528 sys  0.0080

--------------------------------------------------------------------------------
Fitness function evaluations: 107631

--------------------------------------------------------------------------------
** Docking run number  6 **
--------------------------------------------------------------------------------
  Rank fitness base is 5000.00 ; increment is 11.2233

* Initialising population(s) ...                                                
Number of constraints mappings 0
Number of constraints 0
  Population no.                           :      1
  Population size                          :    100
  Number of duplicates                     :      0
  Number of niche violations               :      0
  Number of errors                         :   7751

Number of constraints mappings 0
Number of constraints 0
  Population no.                           :      2
  Population size                          :    100
  Number of duplicates                     :      0
  Number of niche violations               :      0
  Number of errors                         :   7591

Number of constraints mappings 0
Number of constraints 0
  Population no.                           :      3
  Population size                          :    100
  Number of duplicates                     :      0
  Number of niche violations               :      0
  Number of errors                         :   7483

Number of constraints mappings 0
Number of constraints 0
  Population no.                           :      4
  Population size                          :    100
  Number of duplicates                     :      0
  Number of niche violations               :      0
  Number of errors                         :   7439


Doing GA, no. of population(s) 4 size 100 selection pressure 1.100000

 Operation      Score     S(PLP)   S(hbond)     S(cho)   S(metal)  DE(clash)   DE(tors)     intcor
         0      14.82     -22.87       1.34       0.00       0.00       9.92       1.08       0.00
       558      16.79     -13.46       2.25       0.00       0.00       2.12       0.66       0.00
       624      18.62     -15.57       1.76       0.00       0.00       0.00       1.12       0.00
      1248      19.06     -14.07       1.90       0.00       0.00       0.59       0.06       0.00
      2327      19.76     -18.84       0.31       0.00       0.00       0.00       0.00       0.00
      2478      20.43     -13.30       2.86       0.00       0.00       1.36       0.05       0.00
      2778      22.16     -16.22       2.46       0.00       0.00       1.36       0.05       0.00
      3585      22.60     -16.05       2.89       0.00       0.00       0.00       1.06       0.00
      4009      27.91     -23.28       1.58       0.00       0.00       0.00       0.06       0.00
      4090      27.91     -23.28       1.58       0.00       0.00       0.00       0.06       0.00
      5222      28.21     -23.28       1.68       0.00       0.00       0.00       0.06       0.00
      7193      28.54     -22.85       3.42       0.00       0.00       4.26       0.16       0.00
      7233      28.93     -19.88       3.02       0.00       0.00       0.00       0.01       0.00
     11645      29.67     -23.31       2.13       0.00       0.00       0.00       0.02       0.00
     11870      29.82     -23.31       2.18       0.00       0.00       0.00       0.02       0.00
     13852      30.40     -23.96       1.16       1.00       0.00       0.00       0.02       0.00
     14332      31.20     -23.27       3.02       0.00       0.00       0.00       0.57       0.00
     15250      32.07     -23.65       1.82       1.00       0.00       0.00       0.02       0.00
     16264      32.29     -23.32       2.00       1.00       0.00       0.00       0.02       0.00
     29134      32.30     -23.33       2.00       1.00       0.00       0.00       0.01       0.00
     30642      32.31     -23.36       2.00       1.00       0.00       0.00       0.02       0.00
     32206      32.92     -23.07       3.30       0.00       0.00       0.00       0.03       0.00
     35118      33.71     -22.98       3.59       0.00       0.00       0.00       0.03       0.00
     36517      34.37     -22.96       3.82       0.00       0.00       0.00       0.03       0.00
     37893      34.44     -23.07       3.81       0.00       0.00       0.00       0.03       0.00
     41520      34.52     -23.18       3.79       0.00       0.00       0.00       0.02       0.00
     42468      34.53     -23.13       3.81       0.00       0.00       0.00       0.01       0.00
     42537      34.73     -23.07       3.90       0.00       0.00       0.00       0.03       0.00
     43726      34.85     -22.98       3.97       0.00       0.00       0.00       0.03       0.00
     45070      35.40     -22.97       4.16       0.00       0.00       0.00       0.03       0.00
--------------------------------------------------------------------------------
Best docking solution after GA:
     45500      35.40     -22.97       4.16       0.00       0.00       0.00       0.03       0.00

#ops:      45500 #mutates:  21566 #cross:    21685 #migrate:   2249 
#dups:      7258 #niche:    27011 #errors:    1523 
--------------------------------------------------------------------------------

Doing AMOEBA simplex on best individual
Done simplexing #iterations 627, best score  36.46

Ligand is stored in gold_soln_AV-procd_m277_6.sdf


--------------------------------------------------------------------------------
--- CHEMPLP breakdown of terms                                               ---
--------------------------------------------------------------------------------
CHEMPLP = - ( 1.0000*S(PLP) + -3.0000*S(hbond) + -6.0000*S(metal) + -3.0000*S(cho) )

Score = CHEMPLP - 1.0000*DE(clash) - 2.0000*DE(tors)

Internal energy term has been corrected with the best internal energy encountered.

--------------------------------------------------------------------------------


     Score     S(PLP)   S(hbond)     S(cho)   S(metal)  DE(clash)   DE(tors)     intcor
     36.46     -23.94       4.19       0.00       0.00       0.00       0.03       0.00

--------------------------------------------------------------------------------
--- PLP analysis of protein-ligand interactions                              ---
--------------------------------------------------------------------------------
hydrogen bonding        :      -6.09
metal                   :       0.00
buried (polar-nonpolar) :      -5.75
nonpolar                :     -13.62
repulsive               :       0.02
--------------------------------------------------------------------------------


--------------------------------------------------------------------------------
--- ChemScore analysis of protein-ligand interactions                        ---
--------------------------------------------------------------------------------

* Hydrogen bonds                                                                
Ligand donor   11 hydrogen   23 Protein acceptor 7948 bond energy  1.00 wt 1.00
Ligand donor   13 hydrogen   25 Protein acceptor 7957 bond energy  1.00 wt 0.19
Protein donor 6896 hydrogen 6908 Ligand acceptor    1 bond energy  1.00 wt 1.00
Protein donor 7989 hydrogen 7998 Ligand acceptor   15 bond energy  1.00 wt 1.00
Protein donor 8011 hydrogen 8017 Ligand acceptor   13 bond energy  1.00 wt 1.00


* CH..O interactions                                                            
  CH group selection                       : activated ring CH (adjacent to hetatom)

--------------------------------------------------------------------------------


--------------------------------------------------------------------------------
--- Intra-ligand clashes                                                     ---
--------------------------------------------------------------------------------

Ligand
--------------------------------------------------------------------------------

--------------------------------------------------------------------------------
--- Rescoring solution                                                       ---
--------------------------------------------------------------------------------

     Score         DG    S(hbond)    S(metal)    S(lipo)     H(rot)  DE(clash)    DE(int)
      8.56     -10.49       3.23        0.00      30.12       3.63       0.07       1.87

Doing AMOEBA simplex on best individual
Done simplexing #iterations 1021, best score  11.06

     Score         DG    S(hbond)    S(metal)    S(lipo)     H(rot)  DE(clash)    DE(int)
     11.06     -11.41       3.49        0.00      30.49       3.63       0.09       0.26

--------------------------------------------------------------------------------
--- ChemScore breakdown of terms                                             ---
--------------------------------------------------------------------------------
DG = -5.4800 + -3.3400*S(hbond)
     + -6.0300*S(metal) + -0.1170*S(lipo) + 2.5600*H(rot)


H(rot) = 3.6261

Score = -(DG + DE(clash) + DE(int))


--------------------------------------------------------------------------------


--------------------------------------------------------------------------------
--- ChemScore analysis of protein-ligand interactions                        ---
--------------------------------------------------------------------------------

* Hydrogen bonds                                                                
Ligand donor   11 hydrogen   23 Protein acceptor 7948 bond energy  1.00 wt 0.98
Ligand donor   13 hydrogen   25 Protein acceptor 7957 bond energy  1.00 wt 0.17
Protein donor 6896 hydrogen 6908 Ligand acceptor    1 bond energy  1.00 wt 1.00
Protein donor 7989 hydrogen 7998 Ligand acceptor   15 bond energy  1.00 wt 0.39
Protein donor 8011 hydrogen 8017 Ligand acceptor   13 bond energy  1.00 wt 0.95

CHEMSCORE EXTRA INTERACTIONS:

* Clashes                                                                       
Clash for ligand atom  18 (**** ):   0.09
--------------------------------------------------------------------------------


--------------------------------------------------------------------------------
--- Chromosome decoded                                                       ---
--------------------------------------------------------------------------------
Ligand Torsions
[   4    6    7   14]   57.52
[  11   10    9    8] -172.21
[  23   11   10    9]  161.37
[  25   13   12    9]    2.68
[  27   15   14    7]   61.84
Protein Torsions
[6907 6896 6895 6894] -116.18 
[7974 7965 7964 7962]   91.98 
[8008 7997 7996 7995]   41.02 
[10167 10162 10161 10158] -140.44 
[10718 10713 10712 10709]   -5.83 
[10763 10752 10751 10750]   -6.85 
[11005 11000 10999 10996]  -45.91 
Mapping
Ligand acceptors to protein hydrogens (mapping then atom ids)
  1   4 [  1->6908]
  6  22 [ 13->8017]
  7  18 [ 15->7998]
Ligand hydrogens to protein acceptors (mapping then atom ids)
Ligand shape atoms to protein points (mapping then atom ids & coords)
  2  6135 [  9->(148.000 139.750 154.250)]
  3  6018 [ 10->(147.750 140.250 154.000)]
  4  6276 [ 12->(148.250 141.250 154.750)]
  5  6905 [ 14->(149.750 141.750 156.750)]
Chromosome values
Integers:
   3   -1   -1   -1   -1   21   17   -1   -1   -1   -1 6134 
6017 6275 6904   -1 
--------------------------------------------------------------------------------

Current Ranking  5  2  1  4  6  3

--------------------------------------------------------------------------------

* GA execution time :                                                           
  total  0.9911 user  0.9911 sys  0.0000

--------------------------------------------------------------------------------
Fitness function evaluations: 108852

--------------------------------------------------------------------------------
** Docking run number  7 **
--------------------------------------------------------------------------------
  Rank fitness base is 5000.00 ; increment is 11.2233

* Initialising population(s) ...                                                
Number of constraints mappings 0
Number of constraints 0
  Population no.                           :      1
  Population size                          :    100
  Number of duplicates                     :      0
  Number of niche violations               :      0
  Number of errors                         :   7427

Number of constraints mappings 0
Number of constraints 0
  Population no.                           :      2
  Population size                          :    100
  Number of duplicates                     :      0
  Number of niche violations               :      0
  Number of errors                         :   7344

Number of constraints mappings 0
Number of constraints 0
  Population no.                           :      3
  Population size                          :    100
  Number of duplicates                     :      0
  Number of niche violations               :      0
  Number of errors                         :   7899

Number of constraints mappings 0
Number of constraints 0
  Population no.                           :      4
  Population size                          :    100
  Number of duplicates                     :      0
  Number of niche violations               :      0
  Number of errors                         :   7448


Doing GA, no. of population(s) 4 size 100 selection pressure 1.100000

 Operation      Score     S(PLP)   S(hbond)     S(cho)   S(metal)  DE(clash)   DE(tors)     intcor
         0      14.06      -8.90       1.72       0.00       0.00       0.00       0.00       0.00
       335      16.52     -13.73       1.84       0.00       0.00       0.26       1.24       0.00
       340      20.28     -12.41       3.38       0.00       0.00       2.12       0.08       0.00
      2632      21.35     -12.02       3.39       0.00       0.00       0.00       0.42       0.00
      3172      21.35     -12.02       3.39       0.00       0.00       0.00       0.42       0.00
      3262      22.38     -21.06       0.64       0.37       0.00       0.00       0.86       0.00
      3298      22.38     -21.06       0.64       0.37       0.00       0.00       0.86       0.00
      4315      22.91     -18.37       1.36       0.79       0.00       0.00       0.96       0.00
      4783      23.62     -20.08       1.36       0.79       0.00       1.12       0.89       0.00
      4857      23.95     -20.37       0.19       1.00       0.00       0.00       0.00       0.00
      4873      25.24     -20.48       0.90       0.69       0.00       0.00       0.00       0.00
      6009      28.24     -20.48       1.90       0.69       0.00       0.00       0.00       0.00
      6969      28.46     -21.61       1.45       0.84       0.00       0.00       0.00       0.00
      9174      29.49     -24.17       1.00       1.00       0.00       0.59       0.05       0.00
     12113      29.69     -23.80       1.00       1.00       0.00       0.00       0.06       0.00
     12441      33.15     -23.90       2.12       1.00       0.00       0.00       0.06       0.00
     13593      33.20     -23.90       2.12       1.00       0.00       0.00       0.03       0.00
     13705      34.11     -24.16       2.32       1.00       0.00       0.00       0.02       0.00
     21704      34.15     -24.16       2.34       1.00       0.00       0.00       0.02       0.00
     23061      35.48     -24.42       2.72       1.00       0.00       0.00       0.05       0.00
     26165      35.49     -24.42       2.72       1.00       0.00       0.00       0.05       0.00
     27651      35.56     -24.54       2.70       1.00       0.00       0.00       0.04       0.00
     28803      35.68     -24.47       2.79       1.00       0.00       0.00       0.07       0.00
     32843      35.76     -24.58       2.77       1.00       0.00       0.00       0.07       0.00
     35803      35.86     -24.67       2.87       1.00       0.00       0.00       0.21       0.00
     45001      36.69     -25.46       2.88       1.00       0.00       0.00       0.21       0.00
--------------------------------------------------------------------------------
Best docking solution after GA:
     45500      36.69     -25.46       2.88       1.00       0.00       0.00       0.21       0.00

#ops:      45500 #mutates:  21654 #cross:    21613 #migrate:   2233 
#dups:      8622 #niche:    28108 #errors:    1529 
--------------------------------------------------------------------------------

Doing AMOEBA simplex on best individual
Done simplexing #iterations 746, best score  39.77

Ligand is stored in gold_soln_AV-procd_m277_7.sdf


--------------------------------------------------------------------------------
--- CHEMPLP breakdown of terms                                               ---
--------------------------------------------------------------------------------
CHEMPLP = - ( 1.0000*S(PLP) + -3.0000*S(hbond) + -6.0000*S(metal) + -3.0000*S(cho) )

Score = CHEMPLP - 1.0000*DE(clash) - 2.0000*DE(tors)

Internal energy term has been corrected with the best internal energy encountered.

--------------------------------------------------------------------------------


     Score     S(PLP)   S(hbond)     S(cho)   S(metal)  DE(clash)   DE(tors)     intcor
     39.77     -25.28       4.13       1.00       0.00       0.00       0.46       0.00

--------------------------------------------------------------------------------
--- PLP analysis of protein-ligand interactions                              ---
--------------------------------------------------------------------------------
hydrogen bonding        :      -4.62
metal                   :       0.00
buried (polar-nonpolar) :       1.64
nonpolar                :     -22.43
repulsive               :       2.26
--------------------------------------------------------------------------------


--------------------------------------------------------------------------------
--- ChemScore analysis of protein-ligand interactions                        ---
--------------------------------------------------------------------------------

* Hydrogen bonds                                                                
Ligand donor   11 hydrogen   23 Protein acceptor 8028 bond energy  1.00 wt 1.00
Ligand donor   13 hydrogen   25 Protein acceptor 10175 bond energy  1.00 wt 0.60
Protein donor 7989 hydrogen 7998 Ligand acceptor    5 bond energy  1.00 wt 0.55
Protein donor 7997 hydrogen 8008 Ligand acceptor    3 bond energy  1.00 wt 1.98


* CH..O interactions                                                            
  CH group selection                       : activated ring CH (adjacent to hetatom)
Ligand carbon   16 hydrogen   28 Protein acceptor 8028 bond energy  1.00 wt 1.00

--------------------------------------------------------------------------------


--------------------------------------------------------------------------------
--- Intra-ligand clashes                                                     ---
--------------------------------------------------------------------------------

Ligand
--------------------------------------------------------------------------------

--------------------------------------------------------------------------------
--- Rescoring solution                                                       ---
--------------------------------------------------------------------------------

     Score         DG    S(hbond)    S(metal)    S(lipo)     H(rot)  DE(clash)    DE(int)
      0.03      -4.24       0.89        0.00      43.26       3.63       1.96       2.24

Doing AMOEBA simplex on best individual
Done simplexing #iterations 979, best score   3.53

     Score         DG    S(hbond)    S(metal)    S(lipo)     H(rot)  DE(clash)    DE(int)
      3.53      -5.23       1.29        0.00      40.24       3.63       1.26       0.43

--------------------------------------------------------------------------------
--- ChemScore breakdown of terms                                             ---
--------------------------------------------------------------------------------
DG = -5.4800 + -3.3400*S(hbond)
     + -6.0300*S(metal) + -0.1170*S(lipo) + 2.5600*H(rot)


H(rot) = 3.6261

Score = -(DG + DE(clash) + DE(int))


--------------------------------------------------------------------------------


--------------------------------------------------------------------------------
--- ChemScore analysis of protein-ligand interactions                        ---
--------------------------------------------------------------------------------

* Hydrogen bonds                                                                
Ligand donor   11 hydrogen   23 Protein acceptor 8028 bond energy  1.00 wt 0.04
Ligand donor   13 hydrogen   25 Protein acceptor 10175 bond energy  1.00 wt 0.80
Protein donor 7989 hydrogen 7998 Ligand acceptor    5 bond energy  1.00 wt 0.03
Protein donor 7997 hydrogen 8008 Ligand acceptor    3 bond energy  1.00 wt 0.42

CHEMSCORE EXTRA INTERACTIONS:

* Clashes                                                                       
Clash for ligand atom   7 (**** ):   0.17
Clash for ligand atom   8 (**** ):   0.60
Clash for ligand atom  11 (**** ):   0.47
Clash for ligand atom  18 (**** ):   0.02
--------------------------------------------------------------------------------


--------------------------------------------------------------------------------
--- Chromosome decoded                                                       ---
--------------------------------------------------------------------------------
Ligand Torsions
[   4    6    7   14]   64.42
[  11   10    9    8]   30.00
[  23   11   10    9]   -2.35
[  25   13   12    9]   70.69
[  27   15   14    7]   20.30
Protein Torsions
[6907 6896 6895 6894]   25.57 
[7974 7965 7964 7962]   16.74 
[8008 7997 7996 7995]  -49.56 
[10167 10162 10161 10158]  -28.26 
[10718 10713 10712 10709]  -38.89 
[10763 10752 10751 10750]   63.44 
[11005 11000 10999 10996]  -48.10 
Mapping
Ligand acceptors to protein hydrogens (mapping then atom ids)
  4  23 [  8->8030]
Ligand hydrogens to protein acceptors (mapping then atom ids)
Ligand shape atoms to protein points (mapping then atom ids & coords)
  1  6502 [  7->(148.750 140.250 154.250)]
  2  6023 [  9->(147.750 140.500 154.250)]
  4  5751 [ 12->(147.250 140.000 153.750)]
  5  6265 [ 14->(148.250 140.750 154.250)]
Chromosome values
Integers:
  -1   -1   -1   22   -1   -1   -1   -1   -1   -1 6501 6022 
  -1 5750 6264   -1 
--------------------------------------------------------------------------------

Current Ranking  7  5  2  1  4  6  3

Top  3 (of  7) solutions are within 1.500 RMSD, finishing docking /DATA2/COVID-19/PDBs_&_Models/AV-procd.sdf.


--------------------------------------------------------------------------------

* GA execution time :                                                           
  total  0.9725 user  0.9725 sys  0.0000

--------------------------------------------------------------------------------
Fitness function evaluations: 108610

--------------------------------------------------------------------------------
--- Ranking analysis                                                         ---
--------------------------------------------------------------------------------


* Final ranked order of GA solutions:                                           
   7  5  2  1  4  6  3 

  _______________________________
  RMSD Matrix of RANKED solutions

        2    3    4    5    6    7  

   1 :  1.0  0.2  3.6  3.6  3.6  5.0
   2 :       0.9  3.6  3.6  3.7  5.0
   3 :            3.5  3.5  3.6  4.9
   4 :                 2.2  2.3  2.8
   5 :                      0.2  3.3
   6 :                           3.2

  Clustering method                        : complete linkage
  Structure ids in cluster table           : rank nos.
  Ordering of clusters and their members   : by rank (order if from rms_analysis)

  Distance | Clusters
   0.17    |  1  3 |  2 |  4 |  5 |  6 |  7 |
   0.19    |  1  3 |  2 |  4 |  5  6 |  7 |
   0.97    |  1  2  3 |  4 |  5  6 |  7 |
   2.26    |  1  2  3 |  4  5  6 |  7 |
   3.31    |  1  2  3 |  4  5  6  7 |
   5.00    |  1  2  3  4  5  6  7 |
  Finished Docking Ligand                  : /DATA2/COVID-19/PDBs_&_Models/AV-procd.sdf
--------------------------------------------------------------------------------

  Relative_Ligand_Energy (best encountered) :   0.004
  Relative_Ligand_Energy: fitness values have been corrected using this amount
