# WARNING: atom   15 in /DATA2/COVID-19/PDBs_&_Models/AV-procd.sdf is deduced as a singly charged oxygen
# WARNING: atom   15 in /DATA2/COVID-19/PDBs_&_Models/AV-procd.sdf is deduced as a singly charged oxygen

--------------------------------------------------------------------------------
--- Ligand                                                                   ---
--------------------------------------------------------------------------------
  Ligand loaded from file                  : /DATA2/COVID-19/PDBs_&_Models/AV-procd.sdf
  Ligand name                              :  
  "AV-unprocessed.smi:2783                                                  "

--------------------------------------------------------------------------------
  N.plc donors                             : 
  none found

  Acidic nitrogen acceptors                : 
  none found
  Sulfur acceptors                         :
  none found

  15 (single OCO2 atom)

  Donor atoms                              :      1
  8   
  Acceptor atoms                           :      4
  2   7   12  15  

  Hydrogens                                :  (n = 1)
  25   

  Lone pairs added to molecule             :      6
  Numbering                                : from 29 to 15
  Choline groups                           : 
   

--------------------------------------------------------------------------------
--- Postprocessing of typing                                                 ---
--------------------------------------------------------------------------------
  Fragment file                            : /home/scv26/CCDC/Discovery_2020/GOLD/gold/rotatable_bond_override.mol2
  acylurea fragment                        : no matches
  thioacylthiourea fragment                : no matches
  acylthiourea fragment                    : no matches
  thioacylurea fragment                    : no matches
  diarylamine fragment >C.ar-NH-C.ar<      : no matches
  sec-amine (1) fragment                   : no matches
  sec-amine (2) fragment                   : no matches
  sec-amine (3) fragment                   : no matches
  carboxylic ester                         : no matches

* Rotatable bonds in /DATA2/COVID-19/PDBs  :
  [   2    3] [   3    6] [   8    9] 
  No. of rotatable bonds                   :      3


* Fragments found in /DATA2/COVID-19/PDBs  :


* Checking torsion distributions:                                               
  Rotatable bond [10  9  8  6] matches torsion: aromatic amide
   C.ar ( 1H ) | C.ar | N.am ( 1H ) | C.2 ( O.2 ) 
  No. of matched torsions                  :      1

--------------------------------------------------------------------------------
--- Shape fitting atoms selection (hydrophobic atoms)                        ---
--------------------------------------------------------------------------------
  Molecule                                 : /DATA2/COVID-19/PDBs_&_Models/AV-procd.sdf
  Selection                                : carbons only
  Atom numbers                             :  (n = 6)
  1    4    5    10   11   13   


--------------------------------------------------------------------------------
--- ChemScore ligand setup summary                                           ---
--------------------------------------------------------------------------------
  ChemScore ligand acceptors               :      4
  2 7 12 15 [-] 
  ChemScore ligand donors                  :      1
  8 ( 25  ) 
  ChemScore ligand CH donors               :      2
  11 ( 27 ) 13 ( 28 ) 

  ChemScore ligand lipophilic atoms        :  (n = 9)
  1    3    4    5    9    10   11   13   14   

  ChemScore ligand rotatable bonds         :      3
  2   (****) - 3   (****): SP3_SP3_BOND
  3   (****) - 6   (****): SP3_SP2_BOND
  8   (****) - 9   (****): SP2_SP2_BOND

--------------------------------------------------------------------------------
--- PLP ligand setup summary                                                 ---
--------------------------------------------------------------------------------
    1  ****   C.3 NONPOLAR
    2  ****   O.3 ACCEPTOR
    3  ****   C.3 NONPOLAR
    4  ****   C.3 NONPOLAR
    5  ****   C.3 NONPOLAR
    6  ****   C.2 NONPOLAR
    7  ****   O.2 ACCEPTOR
    8  ****  N.am DONOR
    9  ****  C.ar NONPOLAR
   10  ****  C.ar NONPOLAR
   11  ****  C.ar NONPOLAR
   12  ****  N.ar ACCEPTOR
   13  ****  C.ar NONPOLAR
   14  ****  C.ar NONPOLAR
   15  **** O.co2 ACCEPTOR


--------------------------------------------------------------------------------
--- Automatic parameter setting                                              ---
--------------------------------------------------------------------------------
  Contribution base                        :   2500
  Contribution per rotatable bond          :   6000
  Contribution per df                      :   4000
  Contribution per water                   :  10000
  Ligand rotatable bonds                   :      3
  Protein flexible side chain bonds        :      0
  Total rotatable bonds                    :      3
  Hydrophobic vol ratio (P/L)              :   3.845
  Base multiplier (polar)                  :   1.000
  Base multiplier (apolar)                 :   4.614
  Base contribution                        : 12500.000
  Fitting points                           :      5
  Estimated maxops needed (optimal)        :  31000

--------------------------------------------------------------------------------

* Population settings                                                           
  maxops                                   :  31000
  popsiz                                   :    100
  select_pressure                          :   1.100
  n_islands                                :      3
  niche_siz                                :      2

* GA settings                                                                   
  pt_crosswt                               :     95
  allele_mutatewt                          :     95
  migratewt                                :     10

* Search settings                                                               
  start_vdw_linear_cutoff                  :   4.000
  initial_virtual_pt_match_max             :   3.000

--------------------------------------------------------------------------------

* Ligand initialisation time :                                                  
  total  0.0040 user  0.0040 sys  0.0000

--------------------------------------------------------------------------------

--------------------------------------------------------------------------------
** Docking run number  1 **
--------------------------------------------------------------------------------
  Rank fitness base is 5000.00 ; increment is 11.2233

* Initialising population(s) ...                                                
Number of constraints mappings 0
Number of constraints 0
  Population no.                           :      1
  Population size                          :    100
  Number of duplicates                     :      0
  Number of niche violations               :      0
  Number of errors                         :  11250

Number of constraints mappings 0
Number of constraints 0
  Population no.                           :      2
  Population size                          :    100
  Number of duplicates                     :      0
  Number of niche violations               :      0
  Number of errors                         :  11284

Number of constraints mappings 0
Number of constraints 0
  Population no.                           :      3
  Population size                          :    100
  Number of duplicates                     :      0
  Number of niche violations               :      0
  Number of errors                         :  11440


Doing GA, no. of population(s) 3 size 100 selection pressure 1.100000

 Operation      Score     S(PLP)   S(hbond)     S(cho)   S(metal)  DE(clash)   DE(tors)     intcor
         0      14.24      -7.20       3.00       0.00       0.00       0.00       1.27       0.04
       623      19.57     -13.65       1.84       1.00       0.00       0.00       1.32       0.04
      1055      24.32     -14.08       2.80       1.00       0.00       0.00       0.60       0.04
      2768      24.32     -14.04       2.80       1.00       0.00       0.00       0.57       0.04
      4419      25.62     -20.78       2.00       0.00       0.00       0.35       0.42       0.04
      4695      26.58     -21.73       2.00       0.00       0.00       0.35       0.42       0.04
      5583      28.35     -23.51       2.00       0.00       0.00       0.35       0.42       0.04
      7641      29.46     -23.93       2.00       0.00       0.00       0.00       0.26       0.04
     10369      31.14     -25.78       2.00       0.00       0.00       0.00       0.34       0.04
     13711      31.24     -25.89       2.00       0.00       0.00       0.00       0.34       0.04
     15099      32.00     -26.74       2.00       0.00       0.00       0.00       0.39       0.04
     16544      32.00     -26.61       2.00       0.00       0.00       0.00       0.33       0.04
     23617      32.02     -26.76       2.00       0.00       0.00       0.00       0.39       0.04
     24275      32.06     -26.67       2.00       0.00       0.00       0.00       0.33       0.04
     25055      32.09     -26.70       2.00       0.00       0.00       0.00       0.33       0.04
     30047      32.48     -26.95       2.00       0.00       0.00       0.00       0.26       0.04
     30256      32.94     -27.54       2.00       0.00       0.00       0.00       0.32       0.04
--------------------------------------------------------------------------------
Best docking solution after GA:
     31000      32.94     -27.54       2.00       0.00       0.00       0.00       0.32       0.04

#ops:      31000 #mutates:  14828 #cross:    14666 #migrate:   1506 
#dups:      7621 #niche:    13544 #errors:    3102 
--------------------------------------------------------------------------------

Doing AMOEBA simplex on best individual
Done simplexing #iterations 446, best score  33.57

Ligand is stored in gold_soln_AV-procd_m10725_1.sdf


--------------------------------------------------------------------------------
--- CHEMPLP breakdown of terms                                               ---
--------------------------------------------------------------------------------
CHEMPLP = - ( 1.0000*S(PLP) + -3.0000*S(hbond) + -6.0000*S(metal) + -3.0000*S(cho) )

Score = CHEMPLP - 1.0000*DE(clash) - 2.0000*DE(tors)

Internal energy term has been corrected with the best internal energy encountered.

--------------------------------------------------------------------------------


     Score     S(PLP)   S(hbond)     S(cho)   S(metal)  DE(clash)   DE(tors)     intcor
     33.57     -28.29       2.00       0.00       0.00       0.00       0.38       0.04

--------------------------------------------------------------------------------
--- PLP analysis of protein-ligand interactions                              ---
--------------------------------------------------------------------------------
hydrogen bonding        :      -2.00
metal                   :       0.00
buried (polar-nonpolar) :      -4.38
nonpolar                :     -21.87
repulsive               :       0.26
--------------------------------------------------------------------------------


--------------------------------------------------------------------------------
--- ChemScore analysis of protein-ligand interactions                        ---
--------------------------------------------------------------------------------

* Hydrogen bonds                                                                
Protein donor 7989 hydrogen 7998 Ligand acceptor    2 bond energy  1.00 wt 1.00
Protein donor 7997 hydrogen 8010 Ligand acceptor    7 bond energy  1.00 wt 1.00


* CH..O interactions                                                            
  CH group selection                       : activated ring CH (adjacent to hetatom)

--------------------------------------------------------------------------------


--------------------------------------------------------------------------------
--- Intra-ligand clashes                                                     ---
--------------------------------------------------------------------------------

Ligand
--------------------------------------------------------------------------------

--------------------------------------------------------------------------------
--- Rescoring solution                                                       ---
--------------------------------------------------------------------------------

     Score         DG    S(hbond)    S(metal)    S(lipo)     H(rot)  DE(clash)    DE(int)
     13.99     -15.70       1.59        0.00      69.14       1.24       0.00       1.71

Doing AMOEBA simplex on best individual
Done simplexing #iterations 576, best score  15.06

     Score         DG    S(hbond)    S(metal)    S(lipo)     H(rot)  DE(clash)    DE(int)
     15.06     -16.83       1.85        0.00      71.22       1.24       0.09       1.68

--------------------------------------------------------------------------------
--- ChemScore breakdown of terms                                             ---
--------------------------------------------------------------------------------
DG = -5.4800 + -3.3400*S(hbond)
     + -6.0300*S(metal) + -0.1170*S(lipo) + 2.5600*H(rot)


H(rot) = 1.2402

Score = -(DG + DE(clash) + DE(int))


--------------------------------------------------------------------------------


--------------------------------------------------------------------------------
--- ChemScore analysis of protein-ligand interactions                        ---
--------------------------------------------------------------------------------

* Hydrogen bonds                                                                
Protein donor 7989 hydrogen 7998 Ligand acceptor    2 bond energy  1.00 wt 0.86
Protein donor 7997 hydrogen 8010 Ligand acceptor    7 bond energy  1.00 wt 1.00

CHEMSCORE EXTRA INTERACTIONS:

* Clashes                                                                       
Clash for ligand atom   4 (**** ):   0.09
--------------------------------------------------------------------------------


--------------------------------------------------------------------------------
--- Chromosome decoded                                                       ---
--------------------------------------------------------------------------------
Ligand Torsions
[   1    2    3    4] -179.87
[   2    3    6    7]   -7.42
[  10    9    8    6]  -39.71    matched torsion: aromatic amide
Protein Torsions
[6907 6896 6895 6894]    0.31 
[7974 7965 7964 7962]   54.80 
[8008 7997 7996 7995]   79.91 
[10167 10162 10161 10158] -174.55 
[10718 10713 10712 10709]   86.54 
[10763 10752 10751 10750]   59.05 
[11005 11000 10999 10996] -174.68 
Mapping
Ligand acceptors to protein hydrogens (mapping then atom ids)
  1  18 [  2->7998]
  2  21 [  7->8010]
Ligand hydrogens to protein acceptors (mapping then atom ids)
Ligand shape atoms to protein points (mapping then atom ids & coords)
  4  9209 [ 10->(152.500 141.250 159.500)]
  5  9768 [ 11->(154.000 141.250 160.500)]
  6  9538 [ 13->(153.000 142.000 160.750)]
Chromosome values
Integers:
  17   20   -1   -1   -1   -1   -1   -1 9208 9767 9537 
--------------------------------------------------------------------------------

Current Ranking  1

--------------------------------------------------------------------------------

* GA execution time :                                                           
  total  0.6098 user  0.6098 sys  0.0000

--------------------------------------------------------------------------------
Fitness function evaluations: 87922

--------------------------------------------------------------------------------
** Docking run number  2 **
--------------------------------------------------------------------------------
  Rank fitness base is 5000.00 ; increment is 11.2233

* Initialising population(s) ...                                                
Number of constraints mappings 0
Number of constraints 0
  Population no.                           :      1
  Population size                          :    100
  Number of duplicates                     :      0
  Number of niche violations               :      0
  Number of errors                         :  11457

Number of constraints mappings 0
Number of constraints 0
  Population no.                           :      2
  Population size                          :    100
  Number of duplicates                     :      0
  Number of niche violations               :      0
  Number of errors                         :  11364

Number of constraints mappings 0
Number of constraints 0
  Population no.                           :      3
  Population size                          :    100
  Number of duplicates                     :      0
  Number of niche violations               :      0
  Number of errors                         :  11737


Doing GA, no. of population(s) 3 size 100 selection pressure 1.100000

 Operation      Score     S(PLP)   S(hbond)     S(cho)   S(metal)  DE(clash)   DE(tors)     intcor
         0      15.05     -11.24       1.89       1.49       0.00       3.70       1.34       0.04
        51      16.20     -14.03       1.24       0.98       0.00       3.28       0.62       0.04
        99      17.41     -13.73       1.82       1.43       0.00       3.70       1.21       0.04
      1100      18.12     -19.86       0.49       0.00       0.00       0.46       1.40       0.04
      1539      18.32     -20.45       0.00       0.00       0.00       0.00       1.09       0.04
      2125      22.65     -21.63       0.40       0.00       0.00       0.00       0.11       0.04
      3884      22.83     -23.75       0.59       0.00       0.00       0.00       1.37       0.04
      4309      27.23     -24.78       1.00       0.00       0.00       0.00       0.29       0.04
     12268      27.51     -25.06       1.00       0.00       0.00       0.00       0.29       0.03
     12385      27.51     -25.06       1.00       0.00       0.00       0.00       0.29       0.03
     12828      29.69     -23.50       3.00       0.00       0.00       0.00       1.42       0.03
     13830      30.72     -24.96       2.86       0.00       0.00       0.00       1.42       0.03
     13970      30.93     -24.27       2.40       0.00       0.00       0.00       0.28       0.03
     14150      31.33     -24.06       2.60       0.00       0.00       0.00       0.28       0.03
     14858      31.76     -23.60       2.90       0.00       0.00       0.00       0.28       0.03
     16798      32.54     -25.70       2.38       0.00       0.00       0.00       0.16       0.03
     18388      32.64     -25.70       2.41       0.00       0.00       0.00       0.16       0.03
     19840      35.16     -27.61       2.70       0.00       0.00       0.00       0.29       0.03
     23962      35.28     -27.79       2.70       0.00       0.00       0.24       0.20       0.03
     28468      36.54     -28.10       3.00       0.00       0.00       0.00       0.30       0.03
     30223      36.58     -28.12       3.00       0.00       0.00       0.00       0.28       0.03
--------------------------------------------------------------------------------
Best docking solution after GA:
     31000      36.58     -28.12       3.00       0.00       0.00       0.00       0.28       0.03

#ops:      31000 #mutates:  14908 #cross:    14548 #migrate:   1544 
#dups:      7113 #niche:    13206 #errors:    3119 
--------------------------------------------------------------------------------

Doing AMOEBA simplex on best individual
Done simplexing #iterations 657, best score  38.06

Ligand is stored in gold_soln_AV-procd_m10725_2.sdf


--------------------------------------------------------------------------------
--- CHEMPLP breakdown of terms                                               ---
--------------------------------------------------------------------------------
CHEMPLP = - ( 1.0000*S(PLP) + -3.0000*S(hbond) + -6.0000*S(metal) + -3.0000*S(cho) )

Score = CHEMPLP - 1.0000*DE(clash) - 2.0000*DE(tors)

Internal energy term has been corrected with the best internal energy encountered.

--------------------------------------------------------------------------------


     Score     S(PLP)   S(hbond)     S(cho)   S(metal)  DE(clash)   DE(tors)     intcor
     38.06     -29.61       2.99       0.00       0.00       0.00       0.28       0.03

--------------------------------------------------------------------------------
--- PLP analysis of protein-ligand interactions                              ---
--------------------------------------------------------------------------------
hydrogen bonding        :      -2.85
metal                   :       0.00
buried (polar-nonpolar) :      -3.23
nonpolar                :     -23.80
repulsive               :       0.25
--------------------------------------------------------------------------------


--------------------------------------------------------------------------------
--- ChemScore analysis of protein-ligand interactions                        ---
--------------------------------------------------------------------------------

* Hydrogen bonds                                                                
Protein donor 7989 hydrogen 7998 Ligand acceptor    2 bond energy  1.00 wt 0.99
Protein donor 7997 hydrogen 8009 Ligand acceptor   15 bond energy  1.00 wt 2.00


* CH..O interactions                                                            
  CH group selection                       : activated ring CH (adjacent to hetatom)

--------------------------------------------------------------------------------


--------------------------------------------------------------------------------
--- Intra-ligand clashes                                                     ---
--------------------------------------------------------------------------------

Ligand
--------------------------------------------------------------------------------

--------------------------------------------------------------------------------
--- Rescoring solution                                                       ---
--------------------------------------------------------------------------------

     Score         DG    S(hbond)    S(metal)    S(lipo)     H(rot)  DE(clash)    DE(int)
     11.39     -14.54       1.16        0.00      71.32       1.24       1.16       1.98

Doing AMOEBA simplex on best individual
Done simplexing #iterations 697, best score  15.48

     Score         DG    S(hbond)    S(metal)    S(lipo)     H(rot)  DE(clash)    DE(int)
     15.48     -16.95       1.89        0.00      71.24       1.24       0.15       1.32

--------------------------------------------------------------------------------
--- ChemScore breakdown of terms                                             ---
--------------------------------------------------------------------------------
DG = -5.4800 + -3.3400*S(hbond)
     + -6.0300*S(metal) + -0.1170*S(lipo) + 2.5600*H(rot)


H(rot) = 1.2402

Score = -(DG + DE(clash) + DE(int))


--------------------------------------------------------------------------------


--------------------------------------------------------------------------------
--- ChemScore analysis of protein-ligand interactions                        ---
--------------------------------------------------------------------------------

* Hydrogen bonds                                                                
Protein donor 7989 hydrogen 7998 Ligand acceptor    2 bond energy  1.00 wt 0.93
Protein donor 7997 hydrogen 8009 Ligand acceptor   15 bond energy  1.00 wt 0.96

CHEMSCORE EXTRA INTERACTIONS:

* Clashes                                                                       
Clash for ligand atom   1 (**** ):   0.08
Clash for ligand atom  12 (**** ):   0.07
--------------------------------------------------------------------------------


--------------------------------------------------------------------------------
--- Chromosome decoded                                                       ---
--------------------------------------------------------------------------------
Ligand Torsions
[   1    2    3    4] -162.73
[   2    3    6    7]  116.46
[  10    9    8    6]   14.63    matched torsion: aromatic amide
Protein Torsions
[6907 6896 6895 6894] -115.37 
[7974 7965 7964 7962]  -79.95 
[8008 7997 7996 7995]  126.07 
[10167 10162 10161 10158] -159.59 
[10718 10713 10712 10709]  139.01 
[10763 10752 10751 10750]  163.14 
[11005 11000 10999 10996]  126.29 
Mapping
Ligand acceptors to protein hydrogens (mapping then atom ids)
  4  20 [ 15->8009]
Ligand hydrogens to protein acceptors (mapping then atom ids)
Ligand shape atoms to protein points (mapping then atom ids & coords)
  5  9277 [ 11->(152.500 143.250 161.000)]
  6  9816 [ 13->(154.500 140.750 160.500)]
Chromosome values
Integers:
  -1   -1   -1   19   -1   -1   -1   -1   -1 9276 9815 
--------------------------------------------------------------------------------

Current Ranking  2  1

--------------------------------------------------------------------------------

* GA execution time :                                                           
  total  0.6047 user  0.6047 sys  0.0000

--------------------------------------------------------------------------------
Fitness function evaluations: 89116

--------------------------------------------------------------------------------
** Docking run number  3 **
--------------------------------------------------------------------------------
  Rank fitness base is 5000.00 ; increment is 11.2233

* Initialising population(s) ...                                                
Number of constraints mappings 0
Number of constraints 0
  Population no.                           :      1
  Population size                          :    100
  Number of duplicates                     :      0
  Number of niche violations               :      0
  Number of errors                         :  11353

Number of constraints mappings 0
Number of constraints 0
  Population no.                           :      2
  Population size                          :    100
  Number of duplicates                     :      0
  Number of niche violations               :      0
  Number of errors                         :  11043

Number of constraints mappings 0
Number of constraints 0
  Population no.                           :      3
  Population size                          :    100
  Number of duplicates                     :      0
  Number of niche violations               :      0
  Number of errors                         :  11242


Doing GA, no. of population(s) 3 size 100 selection pressure 1.100000

 Operation      Score     S(PLP)   S(hbond)     S(cho)   S(metal)  DE(clash)   DE(tors)     intcor
         0      17.01     -15.87       0.00       0.81       0.00       0.78       0.27       0.03
      1263      21.04     -18.82       0.78       0.00       0.00       0.00       0.08       0.03
      3029      21.58     -19.42       0.78       0.00       0.00       0.00       0.11       0.03
      4124      21.59     -19.42       0.78       0.00       0.00       0.00       0.11       0.03
      4206      21.59     -19.32       0.78       0.00       0.00       0.00       0.05       0.03
      4869      22.47     -18.14       1.07       0.92       0.00       0.00       0.83       0.03
      5688      24.02     -22.40       0.30       0.31       0.00       0.00       0.12       0.03
      5949      25.78     -22.40       0.89       0.31       0.00       0.00       0.12       0.03
      7347      26.83     -22.63       1.22       0.21       0.00       0.00       0.06       0.03
     10242      29.50     -26.58       0.00       1.00       0.00       0.00       0.06       0.03
     11909      29.61     -26.66       0.00       1.02       0.00       0.00       0.07       0.03
     12081      30.01     -22.15       1.64       1.02       0.00       0.00       0.08       0.03
     13419      31.09     -24.79       1.20       1.00       0.00       0.00       0.17       0.03
     13941      31.72     -24.79       1.41       1.00       0.00       0.00       0.17       0.03
     14112      32.08     -25.45       1.54       0.77       0.00       0.00       0.17       0.03
     14412      32.81     -26.42       1.70       0.53       0.00       0.00       0.17       0.03
     14778      33.49     -24.79       2.00       1.00       0.00       0.00       0.17       0.03
     15494      33.72     -26.42       2.00       0.53       0.00       0.00       0.17       0.03
     15690      34.08     -28.20       2.00       0.92       0.00       0.35       1.29       0.03
     15948      34.08     -28.20       2.00       0.92       0.00       0.35       1.29       0.03
     18528      34.14     -26.33       2.00       0.66       0.00       0.00       0.11       0.03
     20229      34.30     -26.20       2.00       0.75       0.00       0.00       0.10       0.03
     21982      34.64     -26.71       1.98       0.73       0.00       0.00       0.12       0.03
     25433      35.11     -28.57       1.95       0.62       0.00       0.35       0.42       0.03
     25677      35.40     -26.89       2.28       0.89       0.00       0.35       0.35       0.03
     25789      35.47     -28.98       1.85       0.50       0.00       0.00       0.30       0.03
     25973      35.77     -29.66       1.70       0.73       0.00       0.35       0.42       0.03
     27917      37.08     -30.61       2.00       0.49       0.00       0.35       0.34       0.03
     28167      38.65     -31.62       2.00       0.68       0.00       0.35       0.35       0.03
     28919      38.67     -31.05       2.00       0.93       0.00       0.35       0.42       0.03
     28968      38.83     -31.48       2.00       0.79       0.00       0.35       0.35       0.03
     29808      39.28     -31.61       2.00       0.87       0.00       0.35       0.32       0.03
--------------------------------------------------------------------------------
Best docking solution after GA:
     31000      39.28     -31.61       2.00       0.87       0.00       0.35       0.32       0.03

#ops:      31000 #mutates:  14677 #cross:    14788 #migrate:   1535 
#dups:      6810 #niche:    13723 #errors:    2259 
--------------------------------------------------------------------------------

Doing AMOEBA simplex on best individual
Done simplexing #iterations 223, best score  39.69

Ligand is stored in gold_soln_AV-procd_m10725_3.sdf


--------------------------------------------------------------------------------
--- CHEMPLP breakdown of terms                                               ---
--------------------------------------------------------------------------------
CHEMPLP = - ( 1.0000*S(PLP) + -3.0000*S(hbond) + -6.0000*S(metal) + -3.0000*S(cho) )

Score = CHEMPLP - 1.0000*DE(clash) - 2.0000*DE(tors)

Internal energy term has been corrected with the best internal energy encountered.

--------------------------------------------------------------------------------


     Score     S(PLP)   S(hbond)     S(cho)   S(metal)  DE(clash)   DE(tors)     intcor
     39.69     -31.68       2.00       0.88       0.00       0.00       0.33       0.03

--------------------------------------------------------------------------------
--- PLP analysis of protein-ligand interactions                              ---
--------------------------------------------------------------------------------
hydrogen bonding        :      -2.13
metal                   :       0.00
buried (polar-nonpolar) :      -2.66
nonpolar                :     -27.02
repulsive               :       0.28
--------------------------------------------------------------------------------


--------------------------------------------------------------------------------
--- ChemScore analysis of protein-ligand interactions                        ---
--------------------------------------------------------------------------------

* Hydrogen bonds                                                                
Protein donor 7997 hydrogen 8010 Ligand acceptor   15 bond energy  1.00 wt 2.00


* CH..O interactions                                                            
  CH group selection                       : activated ring CH (adjacent to hetatom)
Ligand carbon   11 hydrogen   27 Protein acceptor 7957 bond energy  1.00 wt 0.88

--------------------------------------------------------------------------------


--------------------------------------------------------------------------------
--- Intra-ligand clashes                                                     ---
--------------------------------------------------------------------------------

Ligand
--------------------------------------------------------------------------------

--------------------------------------------------------------------------------
--- Rescoring solution                                                       ---
--------------------------------------------------------------------------------

     Score         DG    S(hbond)    S(metal)    S(lipo)     H(rot)  DE(clash)    DE(int)
      8.23     -14.51       0.90        0.00      78.62       1.24       0.59       5.69

Doing AMOEBA simplex on best individual
Done simplexing #iterations 635, best score   9.69

     Score         DG    S(hbond)    S(metal)    S(lipo)     H(rot)  DE(clash)    DE(int)
      9.69     -15.30       1.00        0.00      82.56       1.24       0.01       5.60

--------------------------------------------------------------------------------
--- ChemScore breakdown of terms                                             ---
--------------------------------------------------------------------------------
DG = -5.4800 + -3.3400*S(hbond)
     + -6.0300*S(metal) + -0.1170*S(lipo) + 2.5600*H(rot)


H(rot) = 1.2402

Score = -(DG + DE(clash) + DE(int))


--------------------------------------------------------------------------------


--------------------------------------------------------------------------------
--- ChemScore analysis of protein-ligand interactions                        ---
--------------------------------------------------------------------------------

* Hydrogen bonds                                                                
Protein donor 7997 hydrogen 8010 Ligand acceptor   15 bond energy  1.00 wt 1.00

CHEMSCORE EXTRA INTERACTIONS:

* Clashes                                                                       
Clash for ligand atom  11 (**** ):   0.01
--------------------------------------------------------------------------------


--------------------------------------------------------------------------------
--- Chromosome decoded                                                       ---
--------------------------------------------------------------------------------
Ligand Torsions
[   1    2    3    4] -178.78
[   2    3    6    7]   -2.85
[  10    9    8    6]  140.57    matched torsion: aromatic amide
Protein Torsions
[6907 6896 6895 6894]  -11.37 
[7974 7965 7964 7962] -141.08 
[8008 7997 7996 7995]   58.70 
[10167 10162 10161 10158]   23.47 
[10718 10713 10712 10709]   80.04 
[10763 10752 10751 10750]   31.63 
[11005 11000 10999 10996]  121.65 
Mapping
Ligand acceptors to protein hydrogens (mapping then atom ids)
  3  18 [ 12->7998]
Ligand hydrogens to protein acceptors (mapping then atom ids)
Ligand shape atoms to protein points (mapping then atom ids & coords)
  1  9640 [  1->(153.250 142.000 160.750)]
  2  6933 [  4->(149.750 144.250 159.250)]
  6  8233 [ 13->(151.500 139.000 155.750)]
Chromosome values
Integers:
  -1   -1   17   -1   -1 9639 6932   -1   -1   -1 8232 
--------------------------------------------------------------------------------

Current Ranking  3  2  1

--------------------------------------------------------------------------------

* GA execution time :                                                           
  total  0.6115 user  0.6115 sys  0.0000

--------------------------------------------------------------------------------
Fitness function evaluations: 87314

--------------------------------------------------------------------------------
** Docking run number  4 **
--------------------------------------------------------------------------------
  Rank fitness base is 5000.00 ; increment is 11.2233

* Initialising population(s) ...                                                
Number of constraints mappings 0
Number of constraints 0
  Population no.                           :      1
  Population size                          :    100
  Number of duplicates                     :      0
  Number of niche violations               :      0
  Number of errors                         :  11238

Number of constraints mappings 0
Number of constraints 0
  Population no.                           :      2
  Population size                          :    100
  Number of duplicates                     :      0
  Number of niche violations               :      0
  Number of errors                         :  11365

Number of constraints mappings 0
Number of constraints 0
  Population no.                           :      3
  Population size                          :    100
  Number of duplicates                     :      0
  Number of niche violations               :      0
  Number of errors                         :  11565


Doing GA, no. of population(s) 3 size 100 selection pressure 1.100000

 Operation      Score     S(PLP)   S(hbond)     S(cho)   S(metal)  DE(clash)   DE(tors)     intcor
         0      13.54     -13.78       0.00       0.00       0.00       0.00       0.14       0.03
        86      19.98     -19.88       0.00       1.00       0.00       0.00       1.47       0.03
       234      24.52     -24.08       1.00       0.00       0.00       0.00       1.30       0.03
       957      25.03     -24.59       1.00       0.00       0.00       0.00       1.30       0.03
      1181      31.76     -29.48       2.00       0.19       0.00       1.25       1.54       0.03
      2859      32.14     -29.52       2.00       0.30       0.00       1.25       1.54       0.03
      2963      33.16     -27.89       2.00       0.00       0.00       0.00       0.38       0.03
      3710      33.41     -28.14       2.00       0.00       0.00       0.00       0.38       0.03
      3983      33.59     -28.33       2.00       0.00       0.00       0.00       0.39       0.03
      4028      37.91     -32.09       2.00       0.00       0.00       0.00       0.11       0.03
      6277      38.46     -32.81       2.00       0.00       0.00       0.00       0.19       0.03
      9495      38.47     -32.95       2.00       0.00       0.00       0.00       0.26       0.03
     10457      38.50     -32.85       2.00       0.00       0.00       0.00       0.19       0.03
     11331      38.50     -32.99       2.00       0.00       0.00       0.00       0.26       0.03
     15716      38.53     -32.82       2.00       0.00       0.00       0.00       0.16       0.03
     18442      38.57     -32.91       2.00       0.00       0.00       0.00       0.19       0.03
--------------------------------------------------------------------------------
Best docking solution after GA:
     31000      38.57     -32.91       2.00       0.00       0.00       0.00       0.19       0.03

#ops:      31000 #mutates:  14683 #cross:    14726 #migrate:   1591 
#dups:     11271 #niche:    15979 #errors:    1329 
--------------------------------------------------------------------------------

Doing AMOEBA simplex on best individual
Done simplexing #iterations 534, best score  39.86

Ligand is stored in gold_soln_AV-procd_m10725_4.sdf


--------------------------------------------------------------------------------
--- CHEMPLP breakdown of terms                                               ---
--------------------------------------------------------------------------------
CHEMPLP = - ( 1.0000*S(PLP) + -3.0000*S(hbond) + -6.0000*S(metal) + -3.0000*S(cho) )

Score = CHEMPLP - 1.0000*DE(clash) - 2.0000*DE(tors)

Internal energy term has been corrected with the best internal energy encountered.

--------------------------------------------------------------------------------


     Score     S(PLP)   S(hbond)     S(cho)   S(metal)  DE(clash)   DE(tors)     intcor
     39.86     -34.31       2.00       0.00       0.00       0.00       0.24       0.03

--------------------------------------------------------------------------------
--- PLP analysis of protein-ligand interactions                              ---
--------------------------------------------------------------------------------
hydrogen bonding        :      -1.03
metal                   :       0.00
buried (polar-nonpolar) :      -3.44
nonpolar                :     -31.88
repulsive               :       1.69
--------------------------------------------------------------------------------


--------------------------------------------------------------------------------
--- ChemScore analysis of protein-ligand interactions                        ---
--------------------------------------------------------------------------------

* Hydrogen bonds                                                                
Protein donor 7997 hydrogen 8009 Ligand acceptor   15 bond energy  1.00 wt 2.00


* CH..O interactions                                                            
  CH group selection                       : activated ring CH (adjacent to hetatom)

--------------------------------------------------------------------------------


--------------------------------------------------------------------------------
--- Intra-ligand clashes                                                     ---
--------------------------------------------------------------------------------

Ligand
--------------------------------------------------------------------------------

--------------------------------------------------------------------------------
--- Rescoring solution                                                       ---
--------------------------------------------------------------------------------

     Score         DG    S(hbond)    S(metal)    S(lipo)     H(rot)  DE(clash)    DE(int)
     13.72     -15.39       0.97        0.00      84.11       1.24       0.59       1.08

Doing AMOEBA simplex on best individual
Done simplexing #iterations 529, best score  14.57

     Score         DG    S(hbond)    S(metal)    S(lipo)     H(rot)  DE(clash)    DE(int)
     14.57     -15.55       1.00        0.00      84.73       1.24       0.05       0.94

--------------------------------------------------------------------------------
--- ChemScore breakdown of terms                                             ---
--------------------------------------------------------------------------------
DG = -5.4800 + -3.3400*S(hbond)
     + -6.0300*S(metal) + -0.1170*S(lipo) + 2.5600*H(rot)


H(rot) = 1.2402

Score = -(DG + DE(clash) + DE(int))


--------------------------------------------------------------------------------


--------------------------------------------------------------------------------
--- ChemScore analysis of protein-ligand interactions                        ---
--------------------------------------------------------------------------------

* Hydrogen bonds                                                                
Protein donor 7997 hydrogen 8009 Ligand acceptor   15 bond energy  1.00 wt 1.00

CHEMSCORE EXTRA INTERACTIONS:

* Clashes                                                                       
Clash for ligand atom   8 (**** ):   0.01
Clash for ligand atom  12 (**** ):   0.04
--------------------------------------------------------------------------------


--------------------------------------------------------------------------------
--- Chromosome decoded                                                       ---
--------------------------------------------------------------------------------
Ligand Torsions
[   1    2    3    4]  -51.05
[   2    3    6    7]   -2.97
[  10    9    8    6]   28.52    matched torsion: aromatic amide
Protein Torsions
[6907 6896 6895 6894]  -42.92 
[7974 7965 7964 7962]   31.89 
[8008 7997 7996 7995] -146.59 
[10167 10162 10161 10158]  -68.19 
[10718 10713 10712 10709]  -55.36 
[10763 10752 10751 10750]  -68.52 
[11005 11000 10999 10996]  -12.94 
Mapping
Ligand acceptors to protein hydrogens (mapping then atom ids)
  3  18 [ 12->7998]
  4  20 [ 15->8009]
Ligand hydrogens to protein acceptors (mapping then atom ids)
Ligand shape atoms to protein points (mapping then atom ids & coords)
  3  9664 [  5->(153.250 142.750 160.250)]
  4  6387 [ 10->(148.500 141.000 154.750)]
  6  7481 [ 13->(150.750 138.250 155.000)]
Chromosome values
Integers:
  -1   -1   17   19   -1   -1   -1 9663 6386   -1 7480 
--------------------------------------------------------------------------------

Current Ranking  4  3  2  1

--------------------------------------------------------------------------------

* GA execution time :                                                           
  total  0.6427 user  0.6427 sys  0.0000

--------------------------------------------------------------------------------
Fitness function evaluations: 87179

--------------------------------------------------------------------------------
** Docking run number  5 **
--------------------------------------------------------------------------------
  Rank fitness base is 5000.00 ; increment is 11.2233

* Initialising population(s) ...                                                
Number of constraints mappings 0
Number of constraints 0
  Population no.                           :      1
  Population size                          :    100
  Number of duplicates                     :      0
  Number of niche violations               :      0
  Number of errors                         :  11088

Number of constraints mappings 0
Number of constraints 0
  Population no.                           :      2
  Population size                          :    100
  Number of duplicates                     :      0
  Number of niche violations               :      0
  Number of errors                         :  12001

Number of constraints mappings 0
Number of constraints 0
  Population no.                           :      3
  Population size                          :    100
  Number of duplicates                     :      0
  Number of niche violations               :      0
  Number of errors                         :  11463


Doing GA, no. of population(s) 3 size 100 selection pressure 1.100000

 Operation      Score     S(PLP)   S(hbond)     S(cho)   S(metal)  DE(clash)   DE(tors)     intcor
         0      22.57     -21.39       0.00       1.00       0.00       0.00       0.93       0.03
       828      27.19     -28.21       0.09       0.10       0.00       0.00       0.81       0.03
      2316      32.92     -28.21       2.00       0.10       0.00       0.00       0.81       0.03
      4656      33.34     -28.93       2.00       0.00       0.00       0.00       0.81       0.03
      5367      34.58     -30.40       1.92       0.00       0.00       0.00       0.81       0.03
      6156      35.78     -30.97       2.00       0.15       0.00       0.00       0.84       0.03
      6518      36.01     -30.87       1.95       0.00       0.00       0.00       0.38       0.03
      8978      36.15     -30.87       2.00       0.00       0.00       0.00       0.38       0.03
      9098      37.20     -31.54       2.00       0.13       0.00       0.00       0.38       0.03
     10716      37.32     -31.13       2.00       0.34       0.00       0.00       0.43       0.03
     13438      37.66     -31.74       2.00       0.34       0.00       0.00       0.57       0.03
     16123      37.70     -31.63       2.00       0.30       0.00       0.00       0.43       0.03
     16580      37.74     -31.69       2.00       0.43       0.00       0.00       0.63       0.03
     16967      37.74     -31.74       2.00       0.39       0.00       0.00       0.61       0.03
     17132      37.90     -31.94       2.00       0.40       0.00       0.00       0.63       0.03
     18938      37.92     -31.92       2.00       0.42       0.00       0.00       0.64       0.03
     20035      37.98     -32.10       2.00       0.25       0.00       0.00       0.44       0.03
     20978      38.06     -31.90       2.00       0.38       0.00       0.00       0.50       0.03
     25812      38.12     -31.97       2.00       0.34       0.00       0.00       0.45       0.03
     28779      38.36     -33.38       1.95       0.00       0.00       0.00       0.45       0.03
     29973      38.42     -33.42       1.95       0.00       0.00       0.00       0.44       0.03
     30738      38.51     -33.38       2.00       0.00       0.00       0.00       0.45       0.03
--------------------------------------------------------------------------------
Best docking solution after GA:
     31000      38.51     -33.38       2.00       0.00       0.00       0.00       0.45       0.03

#ops:      31000 #mutates:  14621 #cross:    14836 #migrate:   1543 
#dups:      8737 #niche:    14731 #errors:    1950 
--------------------------------------------------------------------------------

Doing AMOEBA simplex on best individual
Done simplexing #iterations 716, best score  41.16

Ligand is stored in gold_soln_AV-procd_m10725_5.sdf


--------------------------------------------------------------------------------
--- CHEMPLP breakdown of terms                                               ---
--------------------------------------------------------------------------------
CHEMPLP = - ( 1.0000*S(PLP) + -3.0000*S(hbond) + -6.0000*S(metal) + -3.0000*S(cho) )

Score = CHEMPLP - 1.0000*DE(clash) - 2.0000*DE(tors)

Internal energy term has been corrected with the best internal energy encountered.

--------------------------------------------------------------------------------


     Score     S(PLP)   S(hbond)     S(cho)   S(metal)  DE(clash)   DE(tors)     intcor
     41.16     -35.86       2.00       0.00       0.00       0.00       0.37       0.03

--------------------------------------------------------------------------------
--- PLP analysis of protein-ligand interactions                              ---
--------------------------------------------------------------------------------
hydrogen bonding        :      -2.44
metal                   :       0.00
buried (polar-nonpolar) :      -3.46
nonpolar                :     -30.32
repulsive               :       1.22
--------------------------------------------------------------------------------


--------------------------------------------------------------------------------
--- ChemScore analysis of protein-ligand interactions                        ---
--------------------------------------------------------------------------------

* Hydrogen bonds                                                                
Protein donor 7997 hydrogen 8010 Ligand acceptor   15 bond energy  1.00 wt 2.00


* CH..O interactions                                                            
  CH group selection                       : activated ring CH (adjacent to hetatom)

--------------------------------------------------------------------------------


--------------------------------------------------------------------------------
--- Intra-ligand clashes                                                     ---
--------------------------------------------------------------------------------

Ligand
--------------------------------------------------------------------------------

--------------------------------------------------------------------------------
--- Rescoring solution                                                       ---
--------------------------------------------------------------------------------

     Score         DG    S(hbond)    S(metal)    S(lipo)     H(rot)  DE(clash)    DE(int)
     14.38     -15.07       0.91        0.00      83.22       1.24       0.24       0.45

Doing AMOEBA simplex on best individual
Done simplexing #iterations 387, best score  14.97

     Score         DG    S(hbond)    S(metal)    S(lipo)     H(rot)  DE(clash)    DE(int)
     14.97     -15.53       1.00        0.00      84.52       1.24       0.24       0.33

--------------------------------------------------------------------------------
--- ChemScore breakdown of terms                                             ---
--------------------------------------------------------------------------------
DG = -5.4800 + -3.3400*S(hbond)
     + -6.0300*S(metal) + -0.1170*S(lipo) + 2.5600*H(rot)


H(rot) = 1.2402

Score = -(DG + DE(clash) + DE(int))


--------------------------------------------------------------------------------


--------------------------------------------------------------------------------
--- ChemScore analysis of protein-ligand interactions                        ---
--------------------------------------------------------------------------------

* Hydrogen bonds                                                                
Protein donor 7997 hydrogen 8010 Ligand acceptor   15 bond energy  1.00 wt 1.00

CHEMSCORE EXTRA INTERACTIONS:

* Clashes                                                                       
Clash for ligand atom   8 (**** ):   0.24
--------------------------------------------------------------------------------


--------------------------------------------------------------------------------
--- Chromosome decoded                                                       ---
--------------------------------------------------------------------------------
Ligand Torsions
[   1    2    3    4]  -67.16
[   2    3    6    7]   -1.05
[  10    9    8    6]   39.63    matched torsion: aromatic amide
Protein Torsions
[6907 6896 6895 6894] -100.44 
[7974 7965 7964 7962] -110.45 
[8008 7997 7996 7995]   87.20 
[10167 10162 10161 10158]   -0.69 
[10718 10713 10712 10709]  -77.31 
[10763 10752 10751 10750]  -37.12 
[11005 11000 10999 10996]   32.39 
Mapping
Ligand acceptors to protein hydrogens (mapping then atom ids)
  3  18 [ 12->7998]
Ligand hydrogens to protein acceptors (mapping then atom ids)
Ligand shape atoms to protein points (mapping then atom ids & coords)
  1  8895 [  1->(152.000 144.250 161.250)]
  2  9360 [  4->(152.500 144.500 158.250)]
  4  6630 [ 10->(149.000 140.000 154.250)]
  5  6516 [ 11->(148.750 141.000 155.000)]
  6  8489 [ 13->(151.750 138.500 155.250)]
Chromosome values
Integers:
  -1   -1   17   -1   -1 8894 9359   -1 6629 6515 8488 
--------------------------------------------------------------------------------

Current Ranking  5  4  3  2  1

--------------------------------------------------------------------------------

* GA execution time :                                                           
  total  0.6238 user  0.6238 sys  0.0000

--------------------------------------------------------------------------------
Fitness function evaluations: 88477

--------------------------------------------------------------------------------
** Docking run number  6 **
--------------------------------------------------------------------------------
  Rank fitness base is 5000.00 ; increment is 11.2233

* Initialising population(s) ...                                                
Number of constraints mappings 0
Number of constraints 0
  Population no.                           :      1
  Population size                          :    100
  Number of duplicates                     :      0
  Number of niche violations               :      0
  Number of errors                         :  11677

Number of constraints mappings 0
Number of constraints 0
  Population no.                           :      2
  Population size                          :    100
  Number of duplicates                     :      0
  Number of niche violations               :      0
  Number of errors                         :  11591

Number of constraints mappings 0
Number of constraints 0
  Population no.                           :      3
  Population size                          :    100
  Number of duplicates                     :      0
  Number of niche violations               :      0
  Number of errors                         :  11507


Doing GA, no. of population(s) 3 size 100 selection pressure 1.100000

 Operation      Score     S(PLP)   S(hbond)     S(cho)   S(metal)  DE(clash)   DE(tors)     intcor
         0      18.74     -19.62       0.00       0.00       0.00       0.00       0.46       0.03
       649      26.59     -25.31       1.13       0.00       0.00       1.13       0.50       0.03
       790      27.44     -26.67       0.96       0.00       0.00       1.13       0.50       0.03
      1222      28.86     -25.40       1.86       0.00       0.00       1.13       0.51       0.03
      2305      29.23     -25.31       2.01       0.00       0.00       1.13       0.50       0.03
      3925      30.83     -26.95       2.00       0.00       0.00       1.13       0.51       0.03
      3977      30.86     -33.00       0.68       0.00       0.00       1.37       1.42       0.03
      5018      31.06     -33.00       0.74       0.00       0.00       1.37       1.42       0.03
      7351      31.54     -27.51       2.00       0.00       0.00       1.13       0.43       0.03
      7469      33.94     -33.00       1.70       0.00       0.00       1.37       1.42       0.03
      8726      35.04     -33.00       2.07       0.00       0.00       1.37       1.42       0.03
     10199      35.17     -33.15       2.07       0.00       0.00       1.37       1.43       0.03
     12860      35.46     -32.34       1.82       0.00       0.00       0.00       1.19       0.03
     13454      36.11     -32.67       1.92       0.00       0.00       0.00       1.17       0.03
     14452      36.34     -32.78       1.95       0.00       0.00       0.00       1.16       0.03
     15678      36.45     -32.75       2.03       0.00       0.00       0.00       1.22       0.03
     21882      36.47     -32.78       2.04       0.00       0.00       0.00       1.23       0.03
     26725      36.48     -32.85       2.05       0.00       0.00       0.00       1.28       0.03
     29757      36.63     -33.14       2.00       0.00       0.00       0.00       1.27       0.03
     29822      36.72     -33.06       2.02       0.00       0.00       0.00       1.22       0.03
--------------------------------------------------------------------------------
Best docking solution after GA:
     31000      36.72     -33.06       2.02       0.00       0.00       0.00       1.22       0.03

#ops:      31000 #mutates:  14710 #cross:    14780 #migrate:   1510 
#dups:      7479 #niche:    14121 #errors:    2965 
--------------------------------------------------------------------------------

Doing AMOEBA simplex on best individual
Done simplexing #iterations 495, best score  39.99

Ligand is stored in gold_soln_AV-procd_m10725_6.sdf


--------------------------------------------------------------------------------
--- CHEMPLP breakdown of terms                                               ---
--------------------------------------------------------------------------------
CHEMPLP = - ( 1.0000*S(PLP) + -3.0000*S(hbond) + -6.0000*S(metal) + -3.0000*S(cho) )

Score = CHEMPLP - 1.0000*DE(clash) - 2.0000*DE(tors)

Internal energy term has been corrected with the best internal energy encountered.

--------------------------------------------------------------------------------


     Score     S(PLP)   S(hbond)     S(cho)   S(metal)  DE(clash)   DE(tors)     intcor
     39.99     -35.36       2.18       0.00       0.00       0.22       0.87       0.03

--------------------------------------------------------------------------------
--- PLP analysis of protein-ligand interactions                              ---
--------------------------------------------------------------------------------
hydrogen bonding        :      -3.32
metal                   :       0.00
buried (polar-nonpolar) :      -3.34
nonpolar                :     -29.16
repulsive               :       0.46
--------------------------------------------------------------------------------


--------------------------------------------------------------------------------
--- ChemScore analysis of protein-ligand interactions                        ---
--------------------------------------------------------------------------------

* Hydrogen bonds                                                                
Protein donor 6933 hydrogen 6945 Ligand acceptor    2 bond energy  1.00 wt 0.18
Protein donor 7997 hydrogen 8008 Ligand acceptor   15 bond energy  1.00 wt 2.00


* CH..O interactions                                                            
  CH group selection                       : activated ring CH (adjacent to hetatom)

--------------------------------------------------------------------------------


--------------------------------------------------------------------------------
--- Intra-ligand clashes                                                     ---
--------------------------------------------------------------------------------

Ligand
  8 (**** ) -   5 (**** ):   0.22 (dist   2.74)
--------------------------------------------------------------------------------

--------------------------------------------------------------------------------
--- Rescoring solution                                                       ---
--------------------------------------------------------------------------------

     Score         DG    S(hbond)    S(metal)    S(lipo)     H(rot)  DE(clash)    DE(int)
     12.49     -14.68       0.91        0.00      79.81       1.24       0.00       2.19

Doing AMOEBA simplex on best individual
Done simplexing #iterations 752, best score  13.65

     Score         DG    S(hbond)    S(metal)    S(lipo)     H(rot)  DE(clash)    DE(int)
     13.65     -15.14       0.98        0.00      81.79       1.24       0.01       1.49

--------------------------------------------------------------------------------
--- ChemScore breakdown of terms                                             ---
--------------------------------------------------------------------------------
DG = -5.4800 + -3.3400*S(hbond)
     + -6.0300*S(metal) + -0.1170*S(lipo) + 2.5600*H(rot)


H(rot) = 1.2402

Score = -(DG + DE(clash) + DE(int))


--------------------------------------------------------------------------------


--------------------------------------------------------------------------------
--- ChemScore analysis of protein-ligand interactions                        ---
--------------------------------------------------------------------------------

* Hydrogen bonds                                                                
Protein donor 7997 hydrogen 8008 Ligand acceptor   15 bond energy  1.00 wt 0.98

CHEMSCORE EXTRA INTERACTIONS:

* Clashes                                                                       
--------------------------------------------------------------------------------


--------------------------------------------------------------------------------
--- Chromosome decoded                                                       ---
--------------------------------------------------------------------------------
Ligand Torsions
[   1    2    3    4]  -63.92
[   2    3    6    7]   38.71
[  10    9    8    6]   24.76    matched torsion: aromatic amide
Protein Torsions
[6907 6896 6895 6894]  112.27 
[7974 7965 7964 7962]  147.03 
[8008 7997 7996 7995]  -61.86 
[10167 10162 10161 10158]  150.40 
[10718 10713 10712 10709]  -63.58 
[10763 10752 10751 10750] -119.36 
[11005 11000 10999 10996] -166.58 
Mapping
Ligand acceptors to protein hydrogens (mapping then atom ids)
Ligand hydrogens to protein acceptors (mapping then atom ids)
Ligand shape atoms to protein points (mapping then atom ids & coords)
  1  9295 [  1->(152.500 143.500 161.000)]
  2  9365 [  4->(152.500 144.500 159.500)]
  3  9735 [  5->(153.750 141.500 160.500)]
  4  6889 [ 10->(149.750 141.000 156.000)]
Chromosome values
Integers:
  -1   -1   -1   -1   -1 9294 9364 9734 6888   -1   -1 
--------------------------------------------------------------------------------

Current Ranking  5  6  4  3  2  1

Top  3 (of  6) solutions are within 1.500 RMSD, finishing docking /DATA2/COVID-19/PDBs_&_Models/AV-procd.sdf.


--------------------------------------------------------------------------------

* GA execution time :                                                           
  total  0.6044 user  0.6004 sys  0.0040

--------------------------------------------------------------------------------
Fitness function evaluations: 89050

--------------------------------------------------------------------------------
--- Ranking analysis                                                         ---
--------------------------------------------------------------------------------


* Final ranked order of GA solutions:                                           
   5  6  4  3  2  1 

  _______________________________
  RMSD Matrix of RANKED solutions

        2    3    4    5    6  

   1 :  0.7  0.7  1.4  5.4  5.8
   2 :       1.3  1.5  5.3  5.8
   3 :            1.6  5.5  5.9
   4 :                 5.3  5.5
   5 :                      2.2

  Clustering method                        : complete linkage
  Structure ids in cluster table           : rank nos.
  Ordering of clusters and their members   : by rank (order if from rms_analysis)

  Distance | Clusters
   0.69    |  1  2 |  3 |  4 |  5 |  6 |
   1.31    |  1  2  3 |  4 |  5 |  6 |
   1.56    |  1  2  3  4 |  5 |  6 |
   2.17    |  1  2  3  4 |  5  6 |
   5.87    |  1  2  3  4  5  6 |
  Finished Docking Ligand                  : /DATA2/COVID-19/PDBs_&_Models/AV-procd.sdf
--------------------------------------------------------------------------------

  Relative_Ligand_Energy (best encountered) :   0.032
  Relative_Ligand_Energy: fitness values have been corrected using this amount
