
--------------------------------------------------------------------------------
--- Ligand                                                                   ---
--------------------------------------------------------------------------------
  Ligand loaded from file                  : /DATA2/COVID-19/PDBs_&_Models/AV-procd.sdf
  Ligand name                              :  
  "AV-unprocessed.smi:2882                                                  "

--------------------------------------------------------------------------------
  N.plc donors                             : 
  none found

  Acidic nitrogen acceptors                : 
  none found
  Sulfur acceptors                         :
  none found

  N.1 atom 1 is not an acceptor (skipped)

  Donor atoms                              :      1
  9   
  Acceptor atoms                           :      4
  1   4   7   16  

  Hydrogens                                :  (n = 1)
  19   

  Lone pairs added to molecule             :      5
  Numbering                                : from 29 to 33
  Choline groups                           : 
   

--------------------------------------------------------------------------------
--- Postprocessing of typing                                                 ---
--------------------------------------------------------------------------------
  Fragment file                            : /home/scv26/CCDC/Discovery_2020/GOLD/gold/rotatable_bond_override.mol2
  acylurea fragment                        : no matches
  thioacylthiourea fragment                : no matches
  acylthiourea fragment                    : no matches
  thioacylurea fragment                    : no matches
  diarylamine fragment >C.ar-NH-C.ar<      : no matches
  sec-amine (1) fragment                   : no matches
  sec-amine (2) fragment                   : 1 matches
  Ligand bond 9-8  set to 1
  Ligand bond 9-10  set to 1
  Ligand bond 9-19  set to 1
  sec-amine (3) fragment                   : no matches
  carboxylic ester                         : no matches

* Rotatable bonds in /DATA2/COVID-19/PDBs  :
  [   2    3] [   8    9] [   9   10] 
  No. of rotatable bonds                   :      3


* Fragments found in /DATA2/COVID-19/PDBs  :
  atom  10: ribose
  atom  11: ribose
  atom  12: ribose
  atom  13: ribose
  atom  14: ribose
  atom  15: ribose
  atom  16: ribose


* Checking torsion distributions:                                               
  No. of matched torsions                  :      0

--------------------------------------------------------------------------------
--- Shape fitting atoms selection (hydrophobic atoms)                        ---
--------------------------------------------------------------------------------
  Molecule                                 : /DATA2/COVID-19/PDBs_&_Models/AV-procd.sdf
  Selection                                : carbons only
  Atom numbers                             :  (n = 8)
  5    6    10   11   12   13   14   15   


--------------------------------------------------------------------------------
--- ChemScore ligand setup summary                                           ---
--------------------------------------------------------------------------------
  ChemScore ligand acceptors               :      4
  1 4 7 16 
  ChemScore ligand donors                  :      1
  9 ( 19  ) 
  ChemScore ligand CH donors               :      2
  5 ( 17 ) 6 ( 18 ) 

  ChemScore ligand lipophilic atoms        :  (n = 9)
  3    5    6    10   11   12   13   14   15   

  ChemScore ligand rotatable bonds         :      3
  2   (****) - 3   (****): UNKNOWN_BOND
  8   (****) - 9   (****): SP2_SP2_BOND
  9   (****) - 10  (****): SP3_SP2_BOND

--------------------------------------------------------------------------------
--- PLP ligand setup summary                                                 ---
--------------------------------------------------------------------------------
    1  ****   N.1 ACCEPTOR
    2  ****   C.1 NONPOLAR
    3  ****  C.ar NONPOLAR
    4  ****  N.ar ACCEPTOR
    5  ****  C.ar NONPOLAR
    6  ****  C.ar NONPOLAR
    7  ****  N.ar ACCEPTOR
    8  ****  C.ar NONPOLAR
    9  **** N.pl3 DONOR
   10  ****   C.3 NONPOLAR
   11  ****   C.3 NONPOLAR
   12  ****   C.3 NONPOLAR
   13  ****   C.3 NONPOLAR
   14  ****   C.3 NONPOLAR
   15  ****   C.3 NONPOLAR
   16  ****   O.3 ACCEPTOR


--------------------------------------------------------------------------------
--- Automatic parameter setting                                              ---
--------------------------------------------------------------------------------
  Contribution base                        :   2500
  Contribution per rotatable bond          :   6000
  Contribution per df                      :   4000
  Contribution per water                   :  10000
  Ligand rotatable bonds                   :      3
  Protein flexible side chain bonds        :      0
  Total rotatable bonds                    :      3
  Hydrophobic vol ratio (P/L)              :   2.884
  Base multiplier (polar)                  :   1.000
  Base multiplier (apolar)                 :   4.614
  Base contribution                        : 12500.000
  Fitting points                           :      5
  Estimated maxops needed (optimal)        :  31000

--------------------------------------------------------------------------------

* Population settings                                                           
  maxops                                   :  31000
  popsiz                                   :    100
  select_pressure                          :   1.100
  n_islands                                :      3
  niche_siz                                :      2

* GA settings                                                                   
  pt_crosswt                               :     95
  allele_mutatewt                          :     95
  migratewt                                :     10

* Search settings                                                               
  start_vdw_linear_cutoff                  :   4.000
  initial_virtual_pt_match_max             :   3.000

--------------------------------------------------------------------------------

* Ligand initialisation time :                                                  
  total  0.0044 user  0.0044 sys  0.0000

--------------------------------------------------------------------------------

--------------------------------------------------------------------------------
** Docking run number  1 **
--------------------------------------------------------------------------------
  Rank fitness base is 5000.00 ; increment is 11.2233

* Initialising population(s) ...                                                
Number of constraints mappings 0
Number of constraints 0
  Population no.                           :      1
  Population size                          :    100
  Number of duplicates                     :      0
  Number of niche violations               :      0
  Number of errors                         :   8828

Number of constraints mappings 0
Number of constraints 0
  Population no.                           :      2
  Population size                          :    100
  Number of duplicates                     :      0
  Number of niche violations               :      0
  Number of errors                         :   8865

Number of constraints mappings 0
Number of constraints 0
  Population no.                           :      3
  Population size                          :    100
  Number of duplicates                     :      0
  Number of niche violations               :      0
  Number of errors                         :   8873


Doing GA, no. of population(s) 3 size 100 selection pressure 1.100000

 Operation      Score     S(PLP)   S(hbond)     S(cho)   S(metal)  DE(clash)   DE(tors)     intcor
         0      25.40     -23.22       1.01       0.00       0.00       0.00       0.43       0.01
       993      25.63     -25.77       0.48       0.01       0.00       0.00       0.81       0.01
      2714      26.38     -24.40       1.15       0.00       0.00       0.00       0.75       0.01
      3005      27.14     -25.07       1.15       0.00       0.00       0.00       0.70       0.01
      4086      29.05     -24.64       0.16       1.83       0.00       0.00       0.78       0.01
      4154      29.56     -27.32       1.15       0.00       0.00       0.00       0.62       0.01
      4217      29.58     -27.33       1.15       0.00       0.00       0.00       0.62       0.01
      4877      30.33     -28.33       1.07       0.00       0.00       0.00       0.62       0.01
      5583      31.84     -30.36       1.07       0.06       0.00       0.00       0.95       0.01
      8295      33.40     -30.48       1.05       0.00       0.00       0.00       0.13       0.01
     13282      35.67     -32.46       1.13       0.00       0.00       0.00       0.10       0.01
     19717      35.84     -32.52       1.16       0.00       0.00       0.00       0.09       0.01
     21862      35.84     -32.52       1.16       0.00       0.00       0.00       0.09       0.01
     22519      35.84     -32.52       1.16       0.00       0.00       0.00       0.09       0.01
     23303      36.19     -29.62       1.11       1.17       0.00       0.00       0.14       0.01
     24281      39.02     -32.61       1.05       1.22       0.00       0.00       0.20       0.01
     25619      39.33     -33.25       1.04       1.22       0.00       0.24       0.24       0.01
     27014      39.55     -34.38       1.13       0.83       0.00       0.24       0.24       0.01
     29315      39.75     -33.15       1.11       1.17       0.00       0.00       0.12       0.01
     29625      39.75     -33.15       1.11       1.17       0.00       0.00       0.12       0.01
     29752      39.75     -33.15       1.11       1.17       0.00       0.00       0.12       0.01
     30493      39.85     -33.39       1.08       1.19       0.00       0.04       0.15       0.01
--------------------------------------------------------------------------------
Best docking solution after GA:
     31000      39.85     -33.39       1.08       1.19       0.00       0.04       0.15       0.01

#ops:      31000 #mutates:  14877 #cross:    14531 #migrate:   1592 
#dups:      6259 #niche:    14608 #errors:    2000 
--------------------------------------------------------------------------------

Doing AMOEBA simplex on best individual
Done simplexing #iterations 492, best score  40.84

Ligand is stored in gold_soln_AV-procd_m11073_1.sdf


--------------------------------------------------------------------------------
--- CHEMPLP breakdown of terms                                               ---
--------------------------------------------------------------------------------
CHEMPLP = - ( 1.0000*S(PLP) + -3.0000*S(hbond) + -6.0000*S(metal) + -3.0000*S(cho) )

Score = CHEMPLP - 1.0000*DE(clash) - 2.0000*DE(tors)

Internal energy term has been corrected with the best internal energy encountered.

--------------------------------------------------------------------------------


     Score     S(PLP)   S(hbond)     S(cho)   S(metal)  DE(clash)   DE(tors)     intcor
     40.84     -33.55       1.32       1.20       0.00       0.00       0.14       0.01

--------------------------------------------------------------------------------
--- PLP analysis of protein-ligand interactions                              ---
--------------------------------------------------------------------------------
hydrogen bonding        :      -2.70
metal                   :       0.00
buried (polar-nonpolar) :      -1.97
nonpolar                :     -29.90
repulsive               :       1.39
--------------------------------------------------------------------------------


--------------------------------------------------------------------------------
--- ChemScore analysis of protein-ligand interactions                        ---
--------------------------------------------------------------------------------

* Hydrogen bonds                                                                
Protein donor 7989 hydrogen 7998 Ligand acceptor    4 bond energy  1.00 wt 0.50
Protein donor 7997 hydrogen 8009 Ligand acceptor    1 bond energy  1.00 wt 0.82


* CH..O interactions                                                            
  CH group selection                       : activated ring CH (adjacent to hetatom)
Ligand carbon    5 hydrogen   17 Protein acceptor 7957 bond energy  1.00 wt 0.90
Ligand carbon    6 hydrogen   18 Protein acceptor 8028 bond energy  1.00 wt 0.30

--------------------------------------------------------------------------------


--------------------------------------------------------------------------------
--- Intra-ligand clashes                                                     ---
--------------------------------------------------------------------------------

Ligand
--------------------------------------------------------------------------------

--------------------------------------------------------------------------------
--- Rescoring solution                                                       ---
--------------------------------------------------------------------------------

     Score         DG    S(hbond)    S(metal)    S(lipo)     H(rot)  DE(clash)    DE(int)
     10.86     -12.70       0.04        0.00      82.33       1.00       0.24       1.60

Doing AMOEBA simplex on best individual
Done simplexing #iterations 549, best score  11.77

     Score         DG    S(hbond)    S(metal)    S(lipo)     H(rot)  DE(clash)    DE(int)
     11.77     -13.31       0.08        0.00      86.52       1.00       0.03       1.52

--------------------------------------------------------------------------------
--- ChemScore breakdown of terms                                             ---
--------------------------------------------------------------------------------
DG = -5.4800 + -3.3400*S(hbond)
     + -6.0300*S(metal) + -0.1170*S(lipo) + 2.5600*H(rot)


H(rot) = 1.0000

Score = -(DG + DE(clash) + DE(int))


--------------------------------------------------------------------------------


--------------------------------------------------------------------------------
--- ChemScore analysis of protein-ligand interactions                        ---
--------------------------------------------------------------------------------

* Hydrogen bonds                                                                
Protein donor 7997 hydrogen 8009 Ligand acceptor    1 bond energy  1.00 wt 0.08

CHEMSCORE EXTRA INTERACTIONS:

* Clashes                                                                       
Clash for ligand atom  13 (**** ):   0.02
Clash for ligand atom  14 (**** ):   0.01
--------------------------------------------------------------------------------


--------------------------------------------------------------------------------
--- Chromosome decoded                                                       ---
--------------------------------------------------------------------------------
Ligand Torsions
[   1    2    3    8]  114.30
[   3    8    9   10] -159.07
[   8    9   10   15] -171.72
Protein Torsions
[6907 6896 6895 6894]  -91.07 
[7974 7965 7964 7962] -136.19 
[8008 7997 7996 7995] -165.65 
[10167 10162 10161 10158]  140.90 
[10718 10713 10712 10709] -158.81 
[10763 10752 10751 10750] -147.18 
[11005 11000 10999 10996]   50.26 
Mapping
Ligand acceptors to protein hydrogens (mapping then atom ids)
  1  20 [  1->8009]
  2  18 [  4->7998]
Ligand hydrogens to protein acceptors (mapping then atom ids)
Ligand shape atoms to protein points (mapping then atom ids & coords)
  3  8238 [ 10->(151.500 141.500 158.500)]
Chromosome values
Integers:
  19   17   -1   -1   -1   -1   -1 8237   -1   -1   -1   -1 
  -1 
--------------------------------------------------------------------------------

Current Ranking  1

--------------------------------------------------------------------------------

* GA execution time :                                                           
  total  0.6110 user  0.6110 sys  0.0000

--------------------------------------------------------------------------------
Fitness function evaluations: 80459

--------------------------------------------------------------------------------
** Docking run number  2 **
--------------------------------------------------------------------------------
  Rank fitness base is 5000.00 ; increment is 11.2233

* Initialising population(s) ...                                                
Number of constraints mappings 0
Number of constraints 0
  Population no.                           :      1
  Population size                          :    100
  Number of duplicates                     :      0
  Number of niche violations               :      0
  Number of errors                         :   8959

Number of constraints mappings 0
Number of constraints 0
  Population no.                           :      2
  Population size                          :    100
  Number of duplicates                     :      0
  Number of niche violations               :      0
  Number of errors                         :   8850

Number of constraints mappings 0
Number of constraints 0
  Population no.                           :      3
  Population size                          :    100
  Number of duplicates                     :      0
  Number of niche violations               :      0
  Number of errors                         :   9064


Doing GA, no. of population(s) 3 size 100 selection pressure 1.100000

 Operation      Score     S(PLP)   S(hbond)     S(cho)   S(metal)  DE(clash)   DE(tors)     intcor
         0      20.99     -19.87       0.80       0.00       0.00       0.11       0.58       0.01
       765      22.05     -17.92       0.66       1.00       0.00       0.00       0.43       0.01
      1745      25.86     -22.96       1.58       0.00       0.00       0.00       0.92       0.01
      1961      25.86     -22.96       1.58       0.00       0.00       0.00       0.92       0.01
      3882      28.64     -26.76       1.00       0.00       0.00       0.00       0.57       0.01
      4353      28.68     -26.80       1.00       0.00       0.00       0.00       0.57       0.01
      4614      28.76     -27.98       0.63       0.00       0.00       0.00       0.57       0.01
      4779      30.15     -28.28       1.00       0.00       0.00       0.00       0.57       0.01
      5949      30.34     -27.96       0.17       1.00       0.00       0.00       0.57       0.01
      6855      30.54     -29.24       1.00       0.00       0.00       0.00       0.85       0.01
      8490      30.75     -29.16       0.89       0.00       0.00       0.00       0.55       0.01
      8902      32.42     -27.17       1.00       0.81       0.00       0.00       0.09       0.01
     13872      32.42     -27.17       1.00       0.81       0.00       0.00       0.09       0.01
     14064      32.48     -29.38       0.09       1.09       0.00       0.00       0.23       0.01
     14634      32.48     -29.38       0.09       1.09       0.00       0.00       0.23       0.01
     16800      32.59     -27.54       0.96       0.78       0.00       0.00       0.09       0.01
     17256      32.61     -29.34       0.09       1.13       0.00       0.00       0.20       0.01
     18318      32.61     -29.34       0.09       1.13       0.00       0.00       0.20       0.01
     19200      32.66     -27.48       0.99       0.79       0.00       0.00       0.09       0.01
     19623      32.70     -29.33       0.09       1.16       0.00       0.00       0.19       0.01
     19630      34.40     -27.06       1.96       1.00       0.00       0.00       0.77       0.01
     24580      34.40     -27.06       1.96       1.00       0.00       0.00       0.77       0.01
     24712      34.53     -27.24       1.96       1.00       0.00       0.00       0.80       0.01
     25369      34.85     -27.43       2.00       1.00       0.00       0.00       0.80       0.01
     28693      34.85     -27.43       2.00       1.00       0.00       0.00       0.80       0.01
     30201      34.85     -27.44       2.00       1.00       0.00       0.00       0.80       0.01
     30520      34.85     -27.44       2.00       1.00       0.00       0.00       0.80       0.01
     30603      37.13     -29.56       1.60       1.09       0.00       0.00       0.25       0.01
--------------------------------------------------------------------------------
Best docking solution after GA:
     31000      37.13     -29.56       1.60       1.09       0.00       0.00       0.25       0.01

#ops:      31000 #mutates:  14640 #cross:    14763 #migrate:   1597 
#dups:      7457 #niche:    15296 #errors:    1890 
--------------------------------------------------------------------------------

Doing AMOEBA simplex on best individual
Done simplexing #iterations 569, best score  39.81

Ligand is stored in gold_soln_AV-procd_m11073_2.sdf


--------------------------------------------------------------------------------
--- CHEMPLP breakdown of terms                                               ---
--------------------------------------------------------------------------------
CHEMPLP = - ( 1.0000*S(PLP) + -3.0000*S(hbond) + -6.0000*S(metal) + -3.0000*S(cho) )

Score = CHEMPLP - 1.0000*DE(clash) - 2.0000*DE(tors)

Internal energy term has been corrected with the best internal energy encountered.

--------------------------------------------------------------------------------


     Score     S(PLP)   S(hbond)     S(cho)   S(metal)  DE(clash)   DE(tors)     intcor
     39.81     -32.50       1.65       1.00       0.00       0.00       0.33       0.01

--------------------------------------------------------------------------------
--- PLP analysis of protein-ligand interactions                              ---
--------------------------------------------------------------------------------
hydrogen bonding        :      -1.99
metal                   :       0.00
buried (polar-nonpolar) :      -1.99
nonpolar                :     -29.38
repulsive               :       1.44
--------------------------------------------------------------------------------


--------------------------------------------------------------------------------
--- ChemScore analysis of protein-ligand interactions                        ---
--------------------------------------------------------------------------------

* Hydrogen bonds                                                                
Protein donor 7989 hydrogen 7998 Ligand acceptor    4 bond energy  1.00 wt 0.65
Protein donor 7997 hydrogen 8008 Ligand acceptor    1 bond energy  1.00 wt 1.00


* CH..O interactions                                                            
  CH group selection                       : activated ring CH (adjacent to hetatom)
Ligand carbon    5 hydrogen   17 Protein acceptor 7957 bond energy  1.00 wt 1.00

--------------------------------------------------------------------------------


--------------------------------------------------------------------------------
--- Intra-ligand clashes                                                     ---
--------------------------------------------------------------------------------

Ligand
--------------------------------------------------------------------------------

--------------------------------------------------------------------------------
--- Rescoring solution                                                       ---
--------------------------------------------------------------------------------

     Score         DG    S(hbond)    S(metal)    S(lipo)     H(rot)  DE(clash)    DE(int)
     11.98     -15.34       0.53        0.00      90.93       1.00       3.11       0.25

Doing AMOEBA simplex on best individual
Done simplexing #iterations 677, best score  15.85

     Score         DG    S(hbond)    S(metal)    S(lipo)     H(rot)  DE(clash)    DE(int)
     15.85     -16.28       0.92        0.00      87.87       1.00       0.03       0.40

--------------------------------------------------------------------------------
--- ChemScore breakdown of terms                                             ---
--------------------------------------------------------------------------------
DG = -5.4800 + -3.3400*S(hbond)
     + -6.0300*S(metal) + -0.1170*S(lipo) + 2.5600*H(rot)


H(rot) = 1.0000

Score = -(DG + DE(clash) + DE(int))


--------------------------------------------------------------------------------


--------------------------------------------------------------------------------
--- ChemScore analysis of protein-ligand interactions                        ---
--------------------------------------------------------------------------------

* Hydrogen bonds                                                                
Protein donor 7997 hydrogen 8008 Ligand acceptor    1 bond energy  1.00 wt 0.92

CHEMSCORE EXTRA INTERACTIONS:

* Clashes                                                                       
Clash for ligand atom   5 (**** ):   0.02
--------------------------------------------------------------------------------


--------------------------------------------------------------------------------
--- Chromosome decoded                                                       ---
--------------------------------------------------------------------------------
Ligand Torsions
[   1    2    3    8]    6.43
[   3    8    9   10]  147.06
[   8    9   10   15]  171.53
Protein Torsions
[6907 6896 6895 6894]  -50.42 
[7974 7965 7964 7962]  158.21 
[8008 7997 7996 7995]  -49.33 
[10167 10162 10161 10158]   50.63 
[10718 10713 10712 10709]  108.33 
[10763 10752 10751 10750]   38.54 
[11005 11000 10999 10996]  160.24 
Mapping
Ligand acceptors to protein hydrogens (mapping then atom ids)
  1  19 [  1->8008]
Ligand hydrogens to protein acceptors (mapping then atom ids)
Ligand shape atoms to protein points (mapping then atom ids & coords)
  3  7769 [ 10->(151.000 143.000 158.250)]
  5  9116 [ 12->(152.250 144.000 158.500)]
Chromosome values
Integers:
  18   -1   -1   -1   -1   -1   -1 7768   -1 9115   -1   -1 
  -1 
--------------------------------------------------------------------------------

Current Ranking  1  2

--------------------------------------------------------------------------------

* GA execution time :                                                           
  total  0.5992 user  0.5952 sys  0.0040

--------------------------------------------------------------------------------
Fitness function evaluations: 81299

--------------------------------------------------------------------------------
** Docking run number  3 **
--------------------------------------------------------------------------------
  Rank fitness base is 5000.00 ; increment is 11.2233

* Initialising population(s) ...                                                
Number of constraints mappings 0
Number of constraints 0
  Population no.                           :      1
  Population size                          :    100
  Number of duplicates                     :      0
  Number of niche violations               :      0
  Number of errors                         :   8684

Number of constraints mappings 0
Number of constraints 0
  Population no.                           :      2
  Population size                          :    100
  Number of duplicates                     :      0
  Number of niche violations               :      0
  Number of errors                         :   9103

Number of constraints mappings 0
Number of constraints 0
  Population no.                           :      3
  Population size                          :    100
  Number of duplicates                     :      0
  Number of niche violations               :      0
  Number of errors                         :   9072


Doing GA, no. of population(s) 3 size 100 selection pressure 1.100000

 Operation      Score     S(PLP)   S(hbond)     S(cho)   S(metal)  DE(clash)   DE(tors)     intcor
         0      17.88     -12.34       1.66       0.88       0.00       0.00       1.04       0.01
       192      18.02     -12.55       1.61       0.88       0.00       0.00       1.00       0.01
      1299      21.78     -22.92       0.16       0.11       0.00       0.00       0.98       0.01
      1418      28.11     -23.93       1.00       0.91       0.00       0.00       0.78       0.01
      4015      28.11     -23.93       1.00       0.91       0.00       0.00       0.78       0.01
      7466      31.13     -27.51       1.44       0.00       0.00       0.00       0.36       0.01
      7727      31.13     -27.51       1.44       0.00       0.00       0.00       0.36       0.01
     10211      31.38     -24.40       1.59       0.99       0.00       0.00       0.39       0.01
     11057      31.65     -28.13       1.41       0.00       0.00       0.00       0.36       0.01
     12183      32.99     -30.60       0.93       0.00       0.00       0.00       0.20       0.01
     12241      34.01     -30.76       1.00       0.08       0.00       0.00       0.01       0.01
     13663      34.01     -30.76       1.00       0.08       0.00       0.00       0.01       0.01
     14637      34.27     -31.60       0.94       0.01       0.00       0.00       0.10       0.01
     15330      35.81     -32.70       0.98       0.07       0.00       0.00       0.02       0.01
     17527      35.98     -32.97       0.96       0.05       0.00       0.00       0.02       0.01
     18136      36.05     -33.10       0.94       0.04       0.00       0.00       0.01       0.01
     22299      36.09     -33.08       0.96       0.05       0.00       0.00       0.01       0.01
     23604      36.09     -33.08       0.96       0.05       0.00       0.00       0.01       0.01
     23901      36.09     -33.08       0.96       0.05       0.00       0.00       0.01       0.01
     24213      36.17     -33.13       0.96       0.06       0.00       0.00       0.01       0.01
     26208      36.17     -33.13       0.96       0.06       0.00       0.00       0.01       0.01
     26241      36.17     -33.13       0.96       0.06       0.00       0.00       0.01       0.01
     27096      36.17     -33.11       0.96       0.06       0.00       0.00       0.01       0.01
     29613      36.17     -33.11       0.96       0.06       0.00       0.00       0.01       0.01
     29667      36.17     -33.11       0.96       0.06       0.00       0.00       0.01       0.01
     30171      36.17     -33.11       0.96       0.06       0.00       0.00       0.01       0.01
     30295      36.17     -33.11       0.96       0.06       0.00       0.00       0.01       0.01
     30507      36.17     -33.11       0.96       0.06       0.00       0.00       0.01       0.01
     30681      36.17     -33.11       0.96       0.06       0.00       0.00       0.01       0.01
     30988      36.17     -33.11       0.96       0.06       0.00       0.00       0.01       0.01
--------------------------------------------------------------------------------
Best docking solution after GA:
     31000      36.17     -33.11       0.96       0.06       0.00       0.00       0.01       0.01

#ops:      31000 #mutates:  14781 #cross:    14699 #migrate:   1520 
#dups:      8711 #niche:    14747 #errors:    2080 
--------------------------------------------------------------------------------

Doing AMOEBA simplex on best individual
Done simplexing #iterations 566, best score  38.45

Ligand is stored in gold_soln_AV-procd_m11073_3.sdf


--------------------------------------------------------------------------------
--- CHEMPLP breakdown of terms                                               ---
--------------------------------------------------------------------------------
CHEMPLP = - ( 1.0000*S(PLP) + -3.0000*S(hbond) + -6.0000*S(metal) + -3.0000*S(cho) )

Score = CHEMPLP - 1.0000*DE(clash) - 2.0000*DE(tors)

Internal energy term has been corrected with the best internal energy encountered.

--------------------------------------------------------------------------------


     Score     S(PLP)   S(hbond)     S(cho)   S(metal)  DE(clash)   DE(tors)     intcor
     38.45     -34.23       1.00       0.44       0.00       0.00       0.05       0.01

--------------------------------------------------------------------------------
--- PLP analysis of protein-ligand interactions                              ---
--------------------------------------------------------------------------------
hydrogen bonding        :      -1.57
metal                   :       0.00
buried (polar-nonpolar) :      -0.98
nonpolar                :     -32.04
repulsive               :       1.10
--------------------------------------------------------------------------------


--------------------------------------------------------------------------------
--- ChemScore analysis of protein-ligand interactions                        ---
--------------------------------------------------------------------------------

* Hydrogen bonds                                                                
Protein donor 7997 hydrogen 8008 Ligand acceptor    1 bond energy  1.00 wt 1.00


* CH..O interactions                                                            
  CH group selection                       : activated ring CH (adjacent to hetatom)
Ligand carbon    5 hydrogen   17 Protein acceptor 7957 bond energy  1.00 wt 0.44

--------------------------------------------------------------------------------


--------------------------------------------------------------------------------
--- Intra-ligand clashes                                                     ---
--------------------------------------------------------------------------------

Ligand
--------------------------------------------------------------------------------

--------------------------------------------------------------------------------
--- Rescoring solution                                                       ---
--------------------------------------------------------------------------------

     Score         DG    S(hbond)    S(metal)    S(lipo)     H(rot)  DE(clash)    DE(int)
     14.22     -15.09       0.56        0.00      88.09       1.00       0.86       0.01

Doing AMOEBA simplex on best individual
Done simplexing #iterations 577, best score  15.98

     Score         DG    S(hbond)    S(metal)    S(lipo)     H(rot)  DE(clash)    DE(int)
     15.98     -16.07       0.95        0.00      85.29       1.00       0.07       0.02

--------------------------------------------------------------------------------
--- ChemScore breakdown of terms                                             ---
--------------------------------------------------------------------------------
DG = -5.4800 + -3.3400*S(hbond)
     + -6.0300*S(metal) + -0.1170*S(lipo) + 2.5600*H(rot)


H(rot) = 1.0000

Score = -(DG + DE(clash) + DE(int))


--------------------------------------------------------------------------------


--------------------------------------------------------------------------------
--- ChemScore analysis of protein-ligand interactions                        ---
--------------------------------------------------------------------------------

* Hydrogen bonds                                                                
Protein donor 7997 hydrogen 8008 Ligand acceptor    1 bond energy  1.00 wt 0.95

CHEMSCORE EXTRA INTERACTIONS:

* Clashes                                                                       
Clash for ligand atom  11 (**** ):   0.07
--------------------------------------------------------------------------------


--------------------------------------------------------------------------------
--- Chromosome decoded                                                       ---
--------------------------------------------------------------------------------
Ligand Torsions
[   1    2    3    8] -159.39
[   3    8    9   10] -179.02
[   8    9   10   15]  129.36
Protein Torsions
[6907 6896 6895 6894]  -27.94 
[7974 7965 7964 7962]  -66.69 
[8008 7997 7996 7995]  -32.65 
[10167 10162 10161 10158]   96.32 
[10718 10713 10712 10709]  145.77 
[10763 10752 10751 10750]  -32.88 
[11005 11000 10999 10996]  152.64 
Mapping
Ligand acceptors to protein hydrogens (mapping then atom ids)
  1  19 [  1->8008]
Ligand hydrogens to protein acceptors (mapping then atom ids)
Ligand shape atoms to protein points (mapping then atom ids & coords)
  2  6375 [  6->(148.500 140.250 154.250)]
  8  8532 [ 15->(151.750 142.750 159.250)]
Chromosome values
Integers:
  18   -1   -1   -1   -1   -1 6374   -1   -1   -1   -1   -1 
8531 
--------------------------------------------------------------------------------

Current Ranking  1  2  3

Top  3 (of  3) solutions are within 1.500 RMSD, finishing docking /DATA2/COVID-19/PDBs_&_Models/AV-procd.sdf.


--------------------------------------------------------------------------------

* GA execution time :                                                           
  total  0.5958 user  0.5958 sys  0.0000

--------------------------------------------------------------------------------
Fitness function evaluations: 80380

--------------------------------------------------------------------------------
--- Ranking analysis                                                         ---
--------------------------------------------------------------------------------


* Final ranked order of GA solutions:                                           
   1  2  3 

  _______________________________
  RMSD Matrix of RANKED solutions

        2    3  

   1 :  1.0  1.1
   2 :       0.7

  Clustering method                        : complete linkage
  Structure ids in cluster table           : rank nos.
  Ordering of clusters and their members   : by rank (order if from rms_analysis)

  Distance | Clusters
   0.71    |  1 |  2  3 |
   1.07    |  1  2  3 |
  Finished Docking Ligand                  : /DATA2/COVID-19/PDBs_&_Models/AV-procd.sdf
--------------------------------------------------------------------------------

  Relative_Ligand_Energy (best encountered) :   0.010
  Relative_Ligand_Energy: fitness values have been corrected using this amount
