
--------------------------------------------------------------------------------
--- Ligand                                                                   ---
--------------------------------------------------------------------------------
  Ligand loaded from file                  : /DATA2/COVID-19/PDBs_&_Models/AV-procd.sdf
  Ligand name                              :  
  "AV-unprocessed.smi:176                                                   "

--------------------------------------------------------------------------------
  N.plc donors                             : 
  none found

  Acidic nitrogen acceptors                : 
  none found
  Sulfur acceptors                         :
  none found


  Donor atoms                              :      3
  1   5   17  
  Acceptor atoms                           :      7
  1   5   10  13  17  24  26  

  Hydrogens                                :  (n = 3)
  29   34   43   

  Lone pairs added to molecule             :     10
  Numbering                                : from 58 to 67
  Choline groups                           : 
   

--------------------------------------------------------------------------------
--- Postprocessing of typing                                                 ---
--------------------------------------------------------------------------------
  Fragment file                            : /home/scv26/CCDC/Discovery_2020/GOLD/gold/rotatable_bond_override.mol2
  acylurea fragment                        : no matches
  thioacylthiourea fragment                : no matches
  acylthiourea fragment                    : no matches
  thioacylurea fragment                    : no matches
  diarylamine fragment >C.ar-NH-C.ar<      : no matches
  sec-amine (1) fragment                   : no matches
  sec-amine (2) fragment                   : 1 matches
  Ligand bond 8-27  set to 1
  Ligand bond 8-7  set to 1
  Ligand bond 8-9  set to 1
  sec-amine (3) fragment                   : 1 matches
  Ligand bond 8-27  set to 1
  Ligand bond 8-9  set to 1
  Ligand bond 8-7  set to 1
  carboxylic ester                         : no matches

* Rotatable bonds in /DATA2/COVID-19/PDBs  :
  [   1    2] [   2    3] [   3    4] [   4    5] 
  [   7    8] [  12   13] [  16   17] 
  No. of rotatable bonds                   :      7


* Fragments found in /DATA2/COVID-19/PDBs  :
  atom   8: adenine
  atom   9: adenine
  atom  10: adenine
  atom  11: adenine
  atom  12: adenine
  atom  24: adenine
  atom  25: adenine
  atom  26: adenine
  atom  27: adenine


* Checking torsion distributions:                                               
  No. of matched torsions                  :      0

--------------------------------------------------------------------------------
--- Shape fitting atoms selection (hydrophobic atoms)                        ---
--------------------------------------------------------------------------------
  Molecule                                 : /DATA2/COVID-19/PDBs_&_Models/AV-procd.sdf
  Selection                                : carbons only
  Atom numbers                             :  (n = 15)
  2    4    6    7    9    14   15   18   19   20   
  21   22   23   25   28   


--------------------------------------------------------------------------------
--- ChemScore ligand setup summary                                           ---
--------------------------------------------------------------------------------
  ChemScore ligand acceptors               :      7
  1 5 10 13 17 24 26 
  ChemScore ligand donors                  :      3
  1 ( 29  ) 5 ( 34  ) 17 ( 43  ) 
  ChemScore ligand CH donors               :      2
  9 ( 38 ) 25 ( 55 ) 

  ChemScore ligand lipophilic atoms        :  (n = 16)
  2    3    4    6    7    11   14   15   16   18   
  19   20   21   22   23   28   

  ChemScore ligand rotatable bonds         :      7
  1   (****) - 2   (****): SP3_SP3_BOND
  2   (****) - 3   (****): SP3_SP3_BOND
  3   (****) - 4   (****): SP3_SP3_BOND
  4   (****) - 5   (****): SP3_SP3_BOND
  7   (****) - 8   (****): SP3_SP2_BOND
  12  (****) - 13  (****): SP3_SP2_BOND
  16  (****) - 17  (****): SP3_SP3_BOND

--------------------------------------------------------------------------------
--- PLP ligand setup summary                                                 ---
--------------------------------------------------------------------------------
    1  ****   O.3 DONACC
    2  ****   C.3 NONPOLAR
    3  ****   C.3 NONPOLAR
    4  ****   C.3 NONPOLAR
    5  ****   O.3 DONACC
    6  ****   C.3 NONPOLAR
    7  ****   C.3 NONPOLAR
    8  **** N.pl3 NONPOLAR
    9  ****   C.2 NONPOLAR
   10  ****   N.2 ACCEPTOR
   11  ****  C.ar NONPOLAR
   12  ****  C.ar NONPOLAR
   13  ****   N.3 ACCEPTOR
   14  ****   C.3 NONPOLAR
   15  ****   C.3 NONPOLAR
   16  ****   C.3 NONPOLAR
   17  ****   O.3 DONACC
   18  ****   C.3 NONPOLAR
   19  ****   C.3 NONPOLAR
   20  ****   C.3 NONPOLAR
   21  ****   C.3 NONPOLAR
   22  ****   C.3 NONPOLAR
   23  ****   C.3 NONPOLAR
   24  ****  N.ar ACCEPTOR
   25  ****  C.ar NONPOLAR
   26  ****  N.ar ACCEPTOR
   27  ****  C.ar NONPOLAR
   28  ****   C.3 NONPOLAR


--------------------------------------------------------------------------------
--- Automatic parameter setting                                              ---
--------------------------------------------------------------------------------
  Contribution base                        :   2500
  Contribution per rotatable bond          :   6000
  Contribution per df                      :   4000
  Contribution per water                   :  10000
  Ligand rotatable bonds                   :      7
  Protein flexible side chain bonds        :      0
  Total rotatable bonds                    :      7
  Hydrophobic vol ratio (P/L)              :   1.538
  Base multiplier (polar)                  :   2.000
  Base multiplier (apolar)                 :   4.614
  Base contribution                        : 15000.000
  Fitting points                           :     10
  Estimated maxops needed (optimal)        :  57500

--------------------------------------------------------------------------------

* Population settings                                                           
  maxops                                   :  57500
  popsiz                                   :    100
  select_pressure                          :   1.100
  n_islands                                :      5
  niche_siz                                :      2

* GA settings                                                                   
  pt_crosswt                               :     95
  allele_mutatewt                          :     95
  migratewt                                :     10

* Search settings                                                               
  start_vdw_linear_cutoff                  :   4.000
  initial_virtual_pt_match_max             :   3.000

--------------------------------------------------------------------------------

* Ligand initialisation time :                                                  
  total  0.0597 user  0.0557 sys  0.0040

--------------------------------------------------------------------------------

--------------------------------------------------------------------------------
** Docking run number  1 **
--------------------------------------------------------------------------------
  Rank fitness base is 5000.00 ; increment is 11.2233

* Initialising population(s) ...                                                
Number of constraints mappings 0
Number of constraints 0
  Population no.                           :      1
  Population size                          :    100
  Number of duplicates                     :      0
  Number of niche violations               :      0
  Number of errors                         :   2321

Number of constraints mappings 0
Number of constraints 0
  Population no.                           :      2
  Population size                          :    100
  Number of duplicates                     :      0
  Number of niche violations               :      0
  Number of errors                         :   2287

Number of constraints mappings 0
Number of constraints 0
  Population no.                           :      3
  Population size                          :    100
  Number of duplicates                     :      0
  Number of niche violations               :      0
  Number of errors                         :   2351

Number of constraints mappings 0
Number of constraints 0
  Population no.                           :      4
  Population size                          :    100
  Number of duplicates                     :      0
  Number of niche violations               :      0
  Number of errors                         :   2323

Number of constraints mappings 0
Number of constraints 0
  Population no.                           :      5
  Population size                          :    100
  Number of duplicates                     :      0
  Number of niche violations               :      0
  Number of errors                         :   2343


Doing GA, no. of population(s) 5 size 100 selection pressure 1.100000

 Operation      Score     S(PLP)   S(hbond)     S(cho)   S(metal)  DE(clash)   DE(tors)     intcor
         0      23.26     -24.96       1.06       0.28       0.00       3.92       1.37       0.95
      1762      25.46     -22.49       1.00       0.72       0.00       0.00       1.58       0.95
      3239      28.06     -24.16       0.72       0.99       0.00       0.00       1.10       0.95
      3483      31.90     -30.51       0.70       0.51       0.00       0.00       1.59       0.95
      5478      33.71     -35.04       0.23       0.00       0.00       0.00       1.48       0.95
      7572      36.11     -37.33       0.26       0.00       0.00       0.00       1.48       0.95
     13779      36.44     -36.37       0.25       0.00       0.00       0.00       0.82       0.95
     13992      36.50     -37.76       0.24       0.00       0.00       0.00       1.47       0.95
     15664      37.10     -37.16       0.21       0.00       0.00       0.00       0.82       0.95
     18220      37.75     -38.36       0.03       0.00       0.00       0.00       0.82       0.95
     18233      37.77     -33.49       1.89       0.00       0.00       0.00       1.18       0.95
     19143      38.17     -33.75       1.94       0.00       0.00       0.00       1.18       0.95
     21107      40.20     -35.79       1.89       0.00       0.00       0.00       1.11       0.95
     22309      40.72     -37.11       1.66       0.00       0.00       0.01       1.15       0.95
     22428      41.43     -36.49       2.42       0.00       0.00       0.00       1.63       0.95
     23986      43.39     -39.44       1.19       0.55       0.00       0.00       1.11       0.95
     32194      45.03     -39.54       2.45       0.00       0.00       1.04       0.88       0.95
     35478      45.27     -39.58       2.20       0.00       0.00       0.00       0.93       0.95
     36793      45.54     -39.55       2.20       0.00       0.00       0.00       0.77       0.95
     37164      45.60     -38.80       2.57       0.00       0.00       0.00       0.93       0.95
     40552      47.70     -40.51       2.70       0.00       0.00       0.00       0.93       0.95
     41917      47.76     -41.10       2.52       0.00       0.00       0.00       0.93       0.95
     43393      48.29     -41.09       2.60       0.00       0.00       0.00       0.77       0.95
     45506      48.93     -41.00       2.79       0.00       0.00       0.00       0.69       0.95
     46786      49.25     -41.25       2.81       0.00       0.00       0.00       0.69       0.95
     50778      49.37     -41.71       2.81       0.00       0.00       0.00       0.86       0.95
     52238      49.43     -42.58       2.62       0.00       0.00       0.00       0.99       0.95
     52473      49.49     -41.71       2.81       0.00       0.00       0.00       0.80       0.94
     53658      49.70     -41.72       2.81       0.00       0.00       0.00       0.69       0.94
     53698      49.73     -41.95       2.81       0.00       0.00       0.00       0.79       0.94
     54837      49.74     -42.20       2.72       0.00       0.00       0.00       0.77       0.94
     54838      49.84     -42.00       2.80       0.00       0.00       0.00       0.75       0.94
     54949      49.90     -42.13       2.80       0.00       0.00       0.00       0.79       0.94
     56394      49.93     -41.76       2.87       0.00       0.00       0.00       0.69       0.94
--------------------------------------------------------------------------------
Best docking solution after GA:
     57500      49.93     -41.76       2.87       0.00       0.00       0.00       0.69       0.94

#ops:      57500 #mutates:  27422 #cross:    27191 #migrate:   2887 
#dups:     11490 #niche:    29092 #errors:    2542 
--------------------------------------------------------------------------------

Doing AMOEBA simplex on best individual
Done simplexing #iterations 749, best score  50.94

Ligand is stored in gold_soln_AV-procd_m1436_1.sdf


--------------------------------------------------------------------------------
--- CHEMPLP breakdown of terms                                               ---
--------------------------------------------------------------------------------
CHEMPLP = - ( 1.0000*S(PLP) + -3.0000*S(hbond) + -6.0000*S(metal) + -3.0000*S(cho) )

Score = CHEMPLP - 1.0000*DE(clash) - 2.0000*DE(tors)

Internal energy term has been corrected with the best internal energy encountered.

--------------------------------------------------------------------------------


     Score     S(PLP)   S(hbond)     S(cho)   S(metal)  DE(clash)   DE(tors)     intcor
     50.94     -43.04       2.80       0.00       0.00       0.00       0.72       0.94

--------------------------------------------------------------------------------
--- PLP analysis of protein-ligand interactions                              ---
--------------------------------------------------------------------------------
hydrogen bonding        :      -3.97
metal                   :       0.00
buried (polar-nonpolar) :      -8.38
nonpolar                :     -29.73
repulsive               :       0.20
--------------------------------------------------------------------------------


--------------------------------------------------------------------------------
--- ChemScore analysis of protein-ligand interactions                        ---
--------------------------------------------------------------------------------

* Hydrogen bonds                                                                
Ligand donor   17 hydrogen   43 Protein acceptor 8028 bond energy  1.00 wt 1.00
Protein donor 7989 hydrogen 7998 Ligand acceptor   24 bond energy  1.00 wt 0.80
Protein donor 10752 hydrogen 10765 Ligand acceptor   26 bond energy  1.00 wt 1.00


* CH..O interactions                                                            
  CH group selection                       : activated ring CH (adjacent to hetatom)

--------------------------------------------------------------------------------


--------------------------------------------------------------------------------
--- Intra-ligand clashes                                                     ---
--------------------------------------------------------------------------------

Ligand
--------------------------------------------------------------------------------

--------------------------------------------------------------------------------
--- Rescoring solution                                                       ---
--------------------------------------------------------------------------------

     Score         DG    S(hbond)    S(metal)    S(lipo)     H(rot)  DE(clash)    DE(int)
     12.09     -15.74       1.98        0.00     112.40       3.71       2.96       0.69

Doing AMOEBA simplex on best individual
Done simplexing #iterations 1015, best score  13.92

     Score         DG    S(hbond)    S(metal)    S(lipo)     H(rot)  DE(clash)    DE(int)
     13.92     -14.81       1.85        0.00     107.97       3.71       0.18       0.71

--------------------------------------------------------------------------------
--- ChemScore breakdown of terms                                             ---
--------------------------------------------------------------------------------
DG = -5.4800 + -3.3400*S(hbond)
     + -6.0300*S(metal) + -0.1170*S(lipo) + 2.5600*H(rot)


H(rot) = 3.7109

Score = -(DG + DE(clash) + DE(int))


--------------------------------------------------------------------------------


--------------------------------------------------------------------------------
--- ChemScore analysis of protein-ligand interactions                        ---
--------------------------------------------------------------------------------

* Hydrogen bonds                                                                
Ligand donor   17 hydrogen   43 Protein acceptor 8028 bond energy  1.00 wt 1.00
Protein donor 7989 hydrogen 7998 Ligand acceptor   24 bond energy  1.00 wt 0.14
Protein donor 10752 hydrogen 10765 Ligand acceptor   26 bond energy  1.00 wt 0.71

CHEMSCORE EXTRA INTERACTIONS:

* Clashes                                                                       
Clash for ligand atom   4 (**** ):   0.17
--------------------------------------------------------------------------------


--------------------------------------------------------------------------------
--- Chromosome decoded                                                       ---
--------------------------------------------------------------------------------
Ligand Torsions
[  29    1    2    3]  125.14
[   1    2    3   28]  168.68
[   5    4    3    2]  -54.38
[  34    5    4    3]  169.47
[   6    7    8   27]  -55.62
[  23   13   12   11]  115.24
[  43   17   16   15]   25.18
Protein Torsions
[6907 6896 6895 6894] -170.14 
[7974 7965 7964 7962]  103.97 
[8008 7997 7996 7995]  -21.12 
[10167 10162 10161 10158]   39.62 
[10718 10713 10712 10709]   72.85 
[10763 10752 10751 10750]  148.65 
[11005 11000 10999 10996]  108.31 
Mapping
Ligand acceptors to protein hydrogens (mapping then atom ids)
  7  45 [ 26->10765]
Ligand hydrogens to protein acceptors (mapping then atom ids)
Ligand shape atoms to protein points (mapping then atom ids & coords)
  7  6908 [ 15->(149.750 141.750 157.500)]
  8  7821 [ 18->(151.000 144.000 159.500)]
  9  8399 [ 19->(151.500 145.000 159.000)]
 10  8850 [ 20->(152.000 143.750 160.000)]
 11  9559 [ 21->(153.000 142.750 159.500)]
 12  8510 [ 22->(151.750 142.000 158.500)]
 13  8511 [ 23->(151.750 142.000 158.750)]
Chromosome values
Integers:
  -1   -1   -1   -1   -1   -1   44   -1   -1   -1   -1   -1 
  -1   -1   -1   -1 6907 7820 8398 8849 9558 8509 8510   -1 
  -1 
--------------------------------------------------------------------------------

Current Ranking  1

--------------------------------------------------------------------------------

* GA execution time :                                                           
  total  1.2924 user  1.2884 sys  0.0040

--------------------------------------------------------------------------------
Fitness function evaluations: 109449

--------------------------------------------------------------------------------
** Docking run number  2 **
--------------------------------------------------------------------------------
  Rank fitness base is 5000.00 ; increment is 11.2233

* Initialising population(s) ...                                                
Number of constraints mappings 0
Number of constraints 0
  Population no.                           :      1
  Population size                          :    100
  Number of duplicates                     :      0
  Number of niche violations               :      0
  Number of errors                         :   2300

Number of constraints mappings 0
Number of constraints 0
  Population no.                           :      2
  Population size                          :    100
  Number of duplicates                     :      0
  Number of niche violations               :      0
  Number of errors                         :   2456

Number of constraints mappings 0
Number of constraints 0
  Population no.                           :      3
  Population size                          :    100
  Number of duplicates                     :      0
  Number of niche violations               :      0
  Number of errors                         :   2363

Number of constraints mappings 0
Number of constraints 0
  Population no.                           :      4
  Population size                          :    100
  Number of duplicates                     :      0
  Number of niche violations               :      0
  Number of errors                         :   2398

Number of constraints mappings 0
Number of constraints 0
  Population no.                           :      5
  Population size                          :    100
  Number of duplicates                     :      0
  Number of niche violations               :      0
  Number of errors                         :   2215


Doing GA, no. of population(s) 5 size 100 selection pressure 1.100000

 Operation      Score     S(PLP)   S(hbond)     S(cho)   S(metal)  DE(clash)   DE(tors)     intcor
         0      21.91     -25.54       0.20       0.00       0.00       0.00       2.58       0.94
      2373      23.08     -20.56       1.51       0.00       0.00       0.00       1.48       0.94
      2486      23.25     -25.76       0.00       0.00       0.00       0.58       1.44       0.94
      2926      23.25     -25.76       0.00       0.00       0.00       0.58       1.44       0.94
      3191      23.29     -26.79       0.00       0.00       0.00       0.92       1.76       0.94
      3283      24.45     -26.14       0.34       0.00       0.00       0.84       1.41       0.94
      3570      25.01     -28.35       0.20       0.00       0.00       0.00       2.43       0.94
      5518      25.47     -25.59       1.00       0.00       0.00       0.88       1.59       0.94
      5682      30.75     -31.03       0.33       0.00       0.00       0.00       1.11       0.94
      6706      31.24     -30.16       0.00       1.00       0.00       0.00       1.43       0.94
      9362      34.81     -36.92       0.99       0.00       0.00       1.52       2.25       0.94
     10807      37.09     -32.25       1.92       0.00       0.00       0.00       0.93       0.94
     12863      38.09     -38.87       0.73       0.00       0.00       1.47       1.22       0.94
     16243      38.35     -38.87       0.82       0.00       0.00       1.47       1.22       0.94
     17809      41.16     -34.11       2.02       0.56       0.00       0.00       0.81       0.94
     18484      41.30     -34.30       2.04       0.52       0.00       0.00       0.81       0.94
     22313      41.80     -40.81       1.59       0.00       0.00       1.73       1.50       0.94
     22865      42.86     -38.45       2.10       0.05       0.00       0.00       1.50       0.94
     25113      42.99     -38.81       1.64       0.11       0.00       0.00       1.00       0.93
     25136      44.36     -37.44       2.55       0.19       0.00       0.52       0.85       0.93
     26223      44.53     -37.91       2.34       0.22       0.00       0.00       1.00       0.93
     26248      44.84     -37.91       2.45       0.22       0.00       0.00       1.00       0.93
     26488      45.03     -37.58       2.62       0.22       0.00       0.00       0.99       0.93
     26803      45.82     -38.81       2.59       0.11       0.00       0.00       1.00       0.93
     29182      46.03     -40.92       2.37       0.00       0.00       0.00       1.46       0.93
     30008      46.06     -38.93       2.59       0.11       0.00       0.00       0.94       0.93
     30182      46.68     -40.92       2.59       0.00       0.00       0.00       1.46       0.93
     30419      46.99     -40.11       2.49       0.14       0.00       0.00       0.96       0.93
     30964      47.04     -39.80       2.60       0.16       0.00       0.00       0.99       0.93
     33118      47.32     -40.11       2.60       0.14       0.00       0.00       0.96       0.93
     33949      47.52     -40.42       2.55       0.16       0.00       0.00       0.99       0.93
     34133      48.06     -40.81       2.75       0.00       0.00       0.00       0.96       0.93
     35188      48.59     -42.78       2.79       0.00       0.00       0.00       1.74       0.92
     36490      48.66     -43.22       2.02       0.00       0.00       0.00       0.77       0.92
     37625      48.80     -43.24       2.06       0.00       0.00       0.00       0.77       0.92
     37638      49.20     -43.17       2.35       0.00       0.00       0.00       0.96       0.92
     38874      49.24     -42.64       2.58       0.00       0.00       0.00       1.02       0.92
     40771      49.39     -43.06       2.32       0.00       0.00       0.00       0.77       0.92
     44055      49.41     -42.85       2.58       0.00       0.00       0.00       1.04       0.92
     44511      49.82     -42.49       2.65       0.00       0.00       0.00       0.77       0.92
     45616      50.64     -43.22       2.68       0.00       0.00       0.00       0.77       0.92
     48032      50.66     -43.20       2.68       0.00       0.00       0.00       0.75       0.92
     48501      51.02     -43.22       2.81       0.00       0.00       0.00       0.77       0.92
     48726      51.36     -43.24       2.91       0.00       0.00       0.00       0.77       0.92
     48801      51.81     -43.17       3.09       0.00       0.00       0.00       0.77       0.92
     51121      51.86     -42.90       3.19       0.00       0.00       0.00       0.77       0.92
     53696      52.29     -43.01       3.26       0.00       0.00       0.00       0.71       0.92
     54537      52.50     -43.08       3.28       0.00       0.00       0.00       0.66       0.92
     57442      52.52     -42.91       3.34       0.00       0.00       0.00       0.66       0.92
--------------------------------------------------------------------------------
Best docking solution after GA:
     57500      52.52     -42.91       3.34       0.00       0.00       0.00       0.66       0.92

#ops:      57500 #mutates:  27444 #cross:    27267 #migrate:   2789 
#dups:     12498 #niche:    31830 #errors:    2743 
--------------------------------------------------------------------------------

Doing AMOEBA simplex on best individual
Done simplexing #iterations 737, best score  54.29

Ligand is stored in gold_soln_AV-procd_m1436_2.sdf


--------------------------------------------------------------------------------
--- CHEMPLP breakdown of terms                                               ---
--------------------------------------------------------------------------------
CHEMPLP = - ( 1.0000*S(PLP) + -3.0000*S(hbond) + -6.0000*S(metal) + -3.0000*S(cho) )

Score = CHEMPLP - 1.0000*DE(clash) - 2.0000*DE(tors)

Internal energy term has been corrected with the best internal energy encountered.

--------------------------------------------------------------------------------


     Score     S(PLP)   S(hbond)     S(cho)   S(metal)  DE(clash)   DE(tors)     intcor
     54.29     -43.70       3.65       0.00       0.00       0.00       0.64       0.92

--------------------------------------------------------------------------------
--- PLP analysis of protein-ligand interactions                              ---
--------------------------------------------------------------------------------
hydrogen bonding        :      -3.68
metal                   :       0.00
buried (polar-nonpolar) :      -8.23
nonpolar                :     -31.52
repulsive               :       0.55
--------------------------------------------------------------------------------


--------------------------------------------------------------------------------
--- ChemScore analysis of protein-ligand interactions                        ---
--------------------------------------------------------------------------------

* Hydrogen bonds                                                                
Ligand donor    1 hydrogen   29 Protein acceptor 7948 bond energy  1.00 wt 1.00
Ligand donor   17 hydrogen   43 Protein acceptor 8028 bond energy  1.00 wt 1.00
Protein donor 7989 hydrogen 7998 Ligand acceptor   24 bond energy  1.00 wt 0.65
Protein donor 10752 hydrogen 10765 Ligand acceptor   26 bond energy  1.00 wt 1.00


* CH..O interactions                                                            
  CH group selection                       : activated ring CH (adjacent to hetatom)

--------------------------------------------------------------------------------


--------------------------------------------------------------------------------
--- Intra-ligand clashes                                                     ---
--------------------------------------------------------------------------------

Ligand
--------------------------------------------------------------------------------

--------------------------------------------------------------------------------
--- Rescoring solution                                                       ---
--------------------------------------------------------------------------------

     Score         DG    S(hbond)    S(metal)    S(lipo)     H(rot)  DE(clash)    DE(int)
     10.99     -14.52       1.76        0.00     108.19       3.71       1.85       1.68

Doing AMOEBA simplex on best individual
Done simplexing #iterations 818, best score  14.05

     Score         DG    S(hbond)    S(metal)    S(lipo)     H(rot)  DE(clash)    DE(int)
     14.05     -16.43       2.19        0.00     112.35       3.71       0.72       1.66

--------------------------------------------------------------------------------
--- ChemScore breakdown of terms                                             ---
--------------------------------------------------------------------------------
DG = -5.4800 + -3.3400*S(hbond)
     + -6.0300*S(metal) + -0.1170*S(lipo) + 2.5600*H(rot)


H(rot) = 3.7109

Score = -(DG + DE(clash) + DE(int))


--------------------------------------------------------------------------------


--------------------------------------------------------------------------------
--- ChemScore analysis of protein-ligand interactions                        ---
--------------------------------------------------------------------------------

* Hydrogen bonds                                                                
Ligand donor    1 hydrogen   29 Protein acceptor 7948 bond energy  1.00 wt 0.70
Ligand donor   17 hydrogen   43 Protein acceptor 8028 bond energy  1.00 wt 0.99
Protein donor 7989 hydrogen 7998 Ligand acceptor   24 bond energy  1.00 wt 0.31
Protein donor 10752 hydrogen 10765 Ligand acceptor   26 bond energy  1.00 wt 0.19

CHEMSCORE EXTRA INTERACTIONS:

* Clashes                                                                       
Clash for ligand atom   6 (**** ):   0.24
Clash for ligand atom  21 (**** ):   0.10
Clash for ligand atom  23 (**** ):   0.07
Clash for ligand atom  25 (**** ):   0.07
Clash for ligand atom  26 (**** ):   0.24
--------------------------------------------------------------------------------


--------------------------------------------------------------------------------
--- Chromosome decoded                                                       ---
--------------------------------------------------------------------------------
Ligand Torsions
[  29    1    2    3]   49.91
[   1    2    3   28]   51.18
[   5    4    3    2]  -54.50
[  34    5    4    3]  127.14
[   6    7    8   27]  -21.41
[  23   13   12   11]  114.30
[  43   17   16   15]   38.73
Protein Torsions
[6907 6896 6895 6894]  -85.24 
[7974 7965 7964 7962]  -42.78 
[8008 7997 7996 7995]  -43.18 
[10167 10162 10161 10158]  -75.42 
[10718 10713 10712 10709]  164.30 
[10763 10752 10751 10750]  166.58 
[11005 11000 10999 10996]   78.49 
Mapping
Ligand acceptors to protein hydrogens (mapping then atom ids)
  7  45 [ 26->10765]
Ligand hydrogens to protein acceptors (mapping then atom ids)
  3  15 [ 43->8028]
Ligand shape atoms to protein points (mapping then atom ids & coords)
  6  6817 [ 14->(149.500 141.500 156.500)]
  7  7731 [ 15->(151.000 141.500 158.000)]
  9  8639 [ 19->(151.750 144.500 159.500)]
 10  9053 [ 20->(152.250 143.000 160.500)]
 12  8247 [ 22->(151.500 142.000 158.250)]
 13  7731 [ 23->(151.000 141.500 158.000)]
Chromosome values
Integers:
  -1   -1   -1   -1   -1   -1   44   -1   -1   14   -1   -1 
  -1   -1   -1 6816 7730   -1 8638 9052   -1 8246 7730   -1 
  -1 
--------------------------------------------------------------------------------

Current Ranking  2  1

--------------------------------------------------------------------------------

* GA execution time :                                                           
  total  1.2896 user  1.2896 sys  0.0000

--------------------------------------------------------------------------------
Fitness function evaluations: 109118

--------------------------------------------------------------------------------
** Docking run number  3 **
--------------------------------------------------------------------------------
  Rank fitness base is 5000.00 ; increment is 11.2233

* Initialising population(s) ...                                                
Number of constraints mappings 0
Number of constraints 0
  Population no.                           :      1
  Population size                          :    100
  Number of duplicates                     :      0
  Number of niche violations               :      0
  Number of errors                         :   2315

Number of constraints mappings 0
Number of constraints 0
  Population no.                           :      2
  Population size                          :    100
  Number of duplicates                     :      0
  Number of niche violations               :      0
  Number of errors                         :   2309

Number of constraints mappings 0
Number of constraints 0
  Population no.                           :      3
  Population size                          :    100
  Number of duplicates                     :      0
  Number of niche violations               :      0
  Number of errors                         :   2425

Number of constraints mappings 0
Number of constraints 0
  Population no.                           :      4
  Population size                          :    100
  Number of duplicates                     :      0
  Number of niche violations               :      0
  Number of errors                         :   2259

Number of constraints mappings 0
Number of constraints 0
  Population no.                           :      5
  Population size                          :    100
  Number of duplicates                     :      0
  Number of niche violations               :      0
  Number of errors                         :   2340


Doing GA, no. of population(s) 5 size 100 selection pressure 1.100000

 Operation      Score     S(PLP)   S(hbond)     S(cho)   S(metal)  DE(clash)   DE(tors)     intcor
         0      24.64     -25.40       0.00       0.00       0.00       0.00       0.84       0.92
       725      25.85     -27.72       1.19       0.00       0.00       2.21       2.07       0.92
      2365      25.85     -27.72       1.19       0.00       0.00       2.21       2.07       0.92
      2824      30.82     -27.46       0.50       1.00       0.00       0.00       1.03       0.92
      4379      31.60     -27.24       0.70       1.00       0.00       0.00       0.83       0.92
      5393      33.56     -32.01       1.52       0.00       0.00       1.21       1.36       0.92
      6839      35.23     -31.21       0.73       0.92       0.00       0.00       0.92       0.92
      7423      38.16     -34.66       1.00       0.47       0.00       0.00       0.92       0.92
      8953      40.37     -36.89       1.00       0.47       0.00       0.00       0.92       0.92
      9889      42.98     -36.91       1.49       0.84       0.00       0.00       0.92       0.92
     14449      43.94     -37.60       1.49       0.84       0.00       0.00       0.78       0.92
     21189      46.53     -40.03       1.49       0.84       0.00       0.00       0.70       0.92
     22859      47.92     -40.03       1.95       0.84       0.00       0.00       0.70       0.92
     25104      47.92     -40.04       1.95       0.84       0.00       0.00       0.70       0.92
     28599      48.10     -40.32       1.90       0.87       0.00       0.00       0.73       0.92
     35722      49.32     -40.32       2.32       0.87       0.00       0.00       0.73       0.89
     55057      49.58     -40.32       2.40       0.87       0.00       0.00       0.73       0.89
--------------------------------------------------------------------------------
Best docking solution after GA:
     57500      49.58     -40.32       2.40       0.87       0.00       0.00       0.73       0.89

#ops:      57500 #mutates:  27412 #cross:    27260 #migrate:   2828 
#dups:     12760 #niche:    29997 #errors:    3295 
--------------------------------------------------------------------------------

Doing AMOEBA simplex on best individual
Done simplexing #iterations 853, best score  52.85

Ligand is stored in gold_soln_AV-procd_m1436_3.sdf


--------------------------------------------------------------------------------
--- CHEMPLP breakdown of terms                                               ---
--------------------------------------------------------------------------------
CHEMPLP = - ( 1.0000*S(PLP) + -3.0000*S(hbond) + -6.0000*S(metal) + -3.0000*S(cho) )

Score = CHEMPLP - 1.0000*DE(clash) - 2.0000*DE(tors)

Internal energy term has been corrected with the best internal energy encountered.

--------------------------------------------------------------------------------


     Score     S(PLP)   S(hbond)     S(cho)   S(metal)  DE(clash)   DE(tors)     intcor
     52.85     -42.47       2.58       0.99       0.00       0.00       0.61       0.89

--------------------------------------------------------------------------------
--- PLP analysis of protein-ligand interactions                              ---
--------------------------------------------------------------------------------
hydrogen bonding        :      -2.94
metal                   :       0.00
buried (polar-nonpolar) :      -7.69
nonpolar                :     -31.42
repulsive               :       0.30
--------------------------------------------------------------------------------


--------------------------------------------------------------------------------
--- ChemScore analysis of protein-ligand interactions                        ---
--------------------------------------------------------------------------------

* Hydrogen bonds                                                                
Ligand donor    1 hydrogen   29 Protein acceptor 7948 bond energy  1.00 wt 0.99
Ligand donor   17 hydrogen   43 Protein acceptor 8028 bond energy  1.00 wt 1.00
Protein donor 7989 hydrogen 7998 Ligand acceptor   24 bond energy  1.00 wt 0.59


* CH..O interactions                                                            
  CH group selection                       : activated ring CH (adjacent to hetatom)
Ligand carbon   25 hydrogen   55 Protein acceptor 7957 bond energy  1.00 wt 0.99

--------------------------------------------------------------------------------


--------------------------------------------------------------------------------
--- Intra-ligand clashes                                                     ---
--------------------------------------------------------------------------------

Ligand
--------------------------------------------------------------------------------

--------------------------------------------------------------------------------
--- Rescoring solution                                                       ---
--------------------------------------------------------------------------------

     Score         DG    S(hbond)    S(metal)    S(lipo)     H(rot)  DE(clash)    DE(int)
     10.57     -13.86       1.50        0.00     110.07       3.71       1.38       1.91

Doing AMOEBA simplex on best individual
Done simplexing #iterations 902, best score  13.38

     Score         DG    S(hbond)    S(metal)    S(lipo)     H(rot)  DE(clash)    DE(int)
     13.38     -15.59       1.90        0.00     113.40       3.71       0.41       1.80

--------------------------------------------------------------------------------
--- ChemScore breakdown of terms                                             ---
--------------------------------------------------------------------------------
DG = -5.4800 + -3.3400*S(hbond)
     + -6.0300*S(metal) + -0.1170*S(lipo) + 2.5600*H(rot)


H(rot) = 3.7109

Score = -(DG + DE(clash) + DE(int))


--------------------------------------------------------------------------------


--------------------------------------------------------------------------------
--- ChemScore analysis of protein-ligand interactions                        ---
--------------------------------------------------------------------------------

* Hydrogen bonds                                                                
Ligand donor    1 hydrogen   29 Protein acceptor 7948 bond energy  1.00 wt 0.95
Ligand donor   17 hydrogen   43 Protein acceptor 8028 bond energy  1.00 wt 0.94
Protein donor 7989 hydrogen 7998 Ligand acceptor   24 bond energy  1.00 wt 0.01

CHEMSCORE EXTRA INTERACTIONS:

* Clashes                                                                       
Clash for ligand atom   6 (**** ):   0.05
Clash for ligand atom  15 (**** ):   0.33
Clash for ligand atom  20 (**** ):   0.01
Clash for ligand atom  26 (**** ):   0.01
--------------------------------------------------------------------------------


--------------------------------------------------------------------------------
--- Chromosome decoded                                                       ---
--------------------------------------------------------------------------------
Ligand Torsions
[  29    1    2    3]   90.96
[   1    2    3   28]   52.23
[   5    4    3    2]  -56.16
[  34    5    4    3]   26.96
[   6    7    8   27]   -4.64
[  23   13   12   11]   98.54
[  43   17   16   15]   28.38
Protein Torsions
[6907 6896 6895 6894]  -36.63 
[7974 7965 7964 7962]  -81.33 
[8008 7997 7996 7995]  109.82 
[10167 10162 10161 10158]  134.81 
[10718 10713 10712 10709]  -39.54 
[10763 10752 10751 10750] -137.55 
[11005 11000 10999 10996]   20.17 
Mapping
Ligand acceptors to protein hydrogens (mapping then atom ids)
  6  18 [ 24->7998]
Ligand hydrogens to protein acceptors (mapping then atom ids)
Ligand shape atoms to protein points (mapping then atom ids & coords)
  7  7028 [ 15->(150.000 142.500 157.750)]
  8  8042 [ 18->(151.250 143.500 159.250)]
 11  9047 [ 21->(152.250 143.000 159.000)]
 13  7513 [ 23->(150.750 142.250 158.500)]
Chromosome values
Integers:
  -1   -1   -1   -1   -1   17   -1   -1   -1   -1   -1   -1 
  -1   -1   -1   -1 7027 8041   -1   -1 9046   -1 7512   -1 
  -1 
--------------------------------------------------------------------------------

Current Ranking  2  3  1

Top  3 (of  3) solutions are within 1.500 RMSD, finishing docking /DATA2/COVID-19/PDBs_&_Models/AV-procd.sdf.


--------------------------------------------------------------------------------

* GA execution time :                                                           
  total  1.2518 user  1.2518 sys  0.0000

--------------------------------------------------------------------------------
Fitness function evaluations: 109500

--------------------------------------------------------------------------------
--- Ranking analysis                                                         ---
--------------------------------------------------------------------------------


* Final ranked order of GA solutions:                                           
   2  3  1 

  _______________________________
  RMSD Matrix of RANKED solutions

        2    3  

   1 :  0.7  0.5
   2 :       1.0

  Clustering method                        : complete linkage
  Structure ids in cluster table           : rank nos.
  Ordering of clusters and their members   : by rank (order if from rms_analysis)

  Distance | Clusters
   0.53    |  1  3 |  2 |
   1.01    |  1  2  3 |
  Finished Docking Ligand                  : /DATA2/COVID-19/PDBs_&_Models/AV-procd.sdf
--------------------------------------------------------------------------------

  Relative_Ligand_Energy (best encountered) :   0.886
  Relative_Ligand_Energy: fitness values have been corrected using this amount
