
--------------------------------------------------------------------------------
--- Ligand                                                                   ---
--------------------------------------------------------------------------------
  Ligand loaded from file                  : /DATA2/COVID-19/PDBs_&_Models/AV-procd.sdf
  Ligand name                              :  
  "AV-unprocessed.smi:2345                                                  "

--------------------------------------------------------------------------------
  N.plc donors                             : 
  none found

  Acidic nitrogen acceptors                : 
  none found
  Sulfur acceptors                         :
   3 : (thiol or thioether)    (S)  

  Donor atoms                              :      2
  9   12  
  Acceptor atoms                           :      2
  11  16  

  Hydrogens                                :  (n = 2)
  33   34   

  Lone pairs added to molecule             :      3
  Numbering                                : from 38 to 40
  Choline groups                           : 
   

--------------------------------------------------------------------------------
--- Postprocessing of typing                                                 ---
--------------------------------------------------------------------------------
  Fragment file                            : /home/scv26/CCDC/Discovery_2020/GOLD/gold/rotatable_bond_override.mol2
  acylurea fragment                        : no matches
  thioacylthiourea fragment                : no matches
  acylthiourea fragment                    : no matches
  thioacylurea fragment                    : no matches
  diarylamine fragment >C.ar-NH-C.ar<      : no matches
  sec-amine (1) fragment                   : no matches
  sec-amine (2) fragment                   : no matches
  sec-amine (3) fragment                   : no matches
  carboxylic ester                         : no matches

* Rotatable bonds in /DATA2/COVID-19/PDBs  :
  [   2    3] [   3    4] [   8    9] [  12   13] 
  No. of rotatable bonds                   :      4


* Fragments found in /DATA2/COVID-19/PDBs  :


* Checking torsion distributions:                                               
  Rotatable bond [14 13 12 10] matches torsion: aromatic amide
   C.ar ( 1H ) | C.ar | N.am ( 1H ) | C.2 ( O.2 ) 
  No. of matched torsions                  :      1

--------------------------------------------------------------------------------
--- Shape fitting atoms selection (hydrophobic atoms)                        ---
--------------------------------------------------------------------------------
  Molecule                                 : /DATA2/COVID-19/PDBs_&_Models/AV-procd.sdf
  Selection                                : carbons only
  Atom numbers                             :  (n = 10)
  1    2    4    5    6    7    8    14   15   17   
  


--------------------------------------------------------------------------------
--- ChemScore ligand setup summary                                           ---
--------------------------------------------------------------------------------
  ChemScore ligand acceptors               :      2
  11 16 
  ChemScore ligand donors                  :      2
  9 ( 33  ) 12 ( 34  ) 
  ChemScore ligand CH donors               :      2
  15 ( 36 ) 17 ( 37 ) 

  ChemScore ligand lipophilic atoms        :  (n = 13)
  1    2    3    4    5    6    7    8    13   14   
  15   17   18   

  ChemScore ligand rotatable bonds         :      4
  2   (****) - 3   (****): SP3_SP3_BOND
  3   (****) - 4   (****): SP3_SP3_BOND
  8   (****) - 9   (****): SP3_SP2_BOND
  12  (****) - 13  (****): SP2_SP2_BOND

--------------------------------------------------------------------------------
--- PLP ligand setup summary                                                 ---
--------------------------------------------------------------------------------
    1  ****   C.3 NONPOLAR
    2  ****   C.3 NONPOLAR
    3  ****   S.3 NONPOLAR
    4  ****   C.3 NONPOLAR
    5  ****   C.3 NONPOLAR
    6  ****   C.3 NONPOLAR
    7  ****   C.3 NONPOLAR
    8  ****   C.3 NONPOLAR
    9  ****  N.am DONOR
   10  ****   C.2 NONPOLAR
   11  ****   O.2 ACCEPTOR
   12  ****  N.am DONOR
   13  ****  C.ar NONPOLAR
   14  ****  C.ar NONPOLAR
   15  ****  C.ar NONPOLAR
   16  ****  N.ar ACCEPTOR
   17  ****  C.ar NONPOLAR
   18  ****  C.ar NONPOLAR
   19  ****     F NONPOLAR


--------------------------------------------------------------------------------
--- Automatic parameter setting                                              ---
--------------------------------------------------------------------------------
  Contribution base                        :   2500
  Contribution per rotatable bond          :   6000
  Contribution per df                      :   4000
  Contribution per water                   :  10000
  Ligand rotatable bonds                   :      4
  Protein flexible side chain bonds        :      0
  Total rotatable bonds                    :      4
  Hydrophobic vol ratio (P/L)              :   2.307
  Base multiplier (polar)                  :   0.800
  Base multiplier (apolar)                 :   4.614
  Base contribution                        : 12500.000
  Fitting points                           :      4
  Estimated maxops needed (optimal)        :  37000

--------------------------------------------------------------------------------

* Population settings                                                           
  maxops                                   :  37000
  popsiz                                   :    100
  select_pressure                          :   1.100
  n_islands                                :      3
  niche_siz                                :      2

* GA settings                                                                   
  pt_crosswt                               :     95
  allele_mutatewt                          :     95
  migratewt                                :     10

* Search settings                                                               
  start_vdw_linear_cutoff                  :   4.000
  initial_virtual_pt_match_max             :   3.000

--------------------------------------------------------------------------------

* Ligand initialisation time :                                                  
  total  0.0059 user  0.0059 sys  0.0000

--------------------------------------------------------------------------------

--------------------------------------------------------------------------------
** Docking run number  1 **
--------------------------------------------------------------------------------
  Rank fitness base is 5000.00 ; increment is 11.2233

* Initialising population(s) ...                                                
Number of constraints mappings 0
Number of constraints 0
  Population no.                           :      1
  Population size                          :    100
  Number of duplicates                     :      0
  Number of niche violations               :      0
  Number of errors                         :   6258

Number of constraints mappings 0
Number of constraints 0
  Population no.                           :      2
  Population size                          :    100
  Number of duplicates                     :      0
  Number of niche violations               :      0
  Number of errors                         :   6129

Number of constraints mappings 0
Number of constraints 0
  Population no.                           :      3
  Population size                          :    100
  Number of duplicates                     :      0
  Number of niche violations               :      0
  Number of errors                         :   6164


Doing GA, no. of population(s) 3 size 100 selection pressure 1.100000

 Operation      Score     S(PLP)   S(hbond)     S(cho)   S(metal)  DE(clash)   DE(tors)     intcor
         0      20.15     -19.13       1.00       0.00       0.00       0.00       1.09       0.11
       897      20.71     -22.44       0.83       1.00       0.00       6.42       0.44       0.07
      1835      22.93     -21.10       0.00       0.97       0.00       0.00       0.57       0.07
      2296      23.17     -22.21       1.00       0.00       0.00       0.00       1.05       0.07
      2313      23.31     -22.35       1.00       0.00       0.00       0.00       1.05       0.07
      2658      24.33     -19.06       2.00       0.00       0.00       0.00       0.40       0.07
      3026      24.38     -21.00       0.00       1.40       0.00       0.00       0.44       0.07
      4537      25.63     -24.97       1.00       0.00       0.00       0.00       1.21       0.07
      5350      26.00     -25.18       0.00       0.84       0.00       0.00       0.89       0.07
      5565      26.11     -19.40       1.98       1.00       0.00       0.00       1.14       0.07
      5767      27.86     -22.81       1.74       0.30       0.00       0.00       0.57       0.07
      5965      32.48     -27.65       0.23       1.82       0.00       0.00       0.68       0.07
      6832      32.56     -27.68       0.23       1.82       0.00       0.00       0.66       0.07
      8567      32.88     -27.67       0.23       1.82       0.00       0.00       0.49       0.07
      9024      34.18     -29.25       0.22       2.02       0.00       0.00       0.92       0.07
     10833      34.68     -29.79       0.22       2.02       0.00       0.00       0.94       0.07
     12922      35.39     -31.01       0.25       1.93       0.00       0.00       1.11       0.07
     14288      35.74     -31.82       0.39       1.64       0.00       0.00       1.12       0.07
     15181      36.24     -27.95       1.23       2.17       0.00       0.00       0.98       0.07
     16478      36.25     -31.66       0.36       1.87       0.00       0.00       1.09       0.07
     21009      36.57     -37.24       0.00       0.00       0.00       0.00       0.37       0.07
     21402      36.57     -37.24       0.00       0.00       0.00       0.00       0.37       0.07
     23011      36.78     -27.79       1.23       2.17       0.00       0.00       0.63       0.07
     27631      36.79     -27.73       1.21       2.20       0.00       0.00       0.62       0.07
     27904      37.97     -29.05       1.22       2.15       0.00       0.00       0.63       0.07
     31780      40.09     -40.81       0.00       0.00       0.00       0.00       0.39       0.07
     33760      40.52     -41.24       0.00       0.00       0.00       0.00       0.39       0.07
     33802      41.16     -41.47       0.00       0.00       0.00       0.00       0.19       0.07
     35395      41.30     -41.54       0.00       0.00       0.00       0.00       0.15       0.07
     36226      41.59     -41.89       0.00       0.00       0.00       0.00       0.19       0.07
     36619      41.74     -41.98       0.00       0.00       0.00       0.00       0.15       0.07
--------------------------------------------------------------------------------
Best docking solution after GA:
     37000      41.74     -41.98       0.00       0.00       0.00       0.00       0.15       0.07

#ops:      37000 #mutates:  17627 #cross:    17538 #migrate:   1835 
#dups:      6631 #niche:    16576 #errors:    3380 
--------------------------------------------------------------------------------

Doing AMOEBA simplex on best individual
Done simplexing #iterations 364, best score  43.64

Ligand is stored in gold_soln_AV-procd_m9364_1.sdf


--------------------------------------------------------------------------------
--- CHEMPLP breakdown of terms                                               ---
--------------------------------------------------------------------------------
CHEMPLP = - ( 1.0000*S(PLP) + -3.0000*S(hbond) + -6.0000*S(metal) + -3.0000*S(cho) )

Score = CHEMPLP - 1.0000*DE(clash) - 2.0000*DE(tors)

Internal energy term has been corrected with the best internal energy encountered.

--------------------------------------------------------------------------------


     Score     S(PLP)   S(hbond)     S(cho)   S(metal)  DE(clash)   DE(tors)     intcor
     43.64     -43.70       0.00       0.00       0.00       0.00       0.04       0.02

--------------------------------------------------------------------------------
--- PLP analysis of protein-ligand interactions                              ---
--------------------------------------------------------------------------------
hydrogen bonding        :       0.00
metal                   :       0.00
buried (polar-nonpolar) :      -3.26
nonpolar                :     -39.78
repulsive               :       0.51
--------------------------------------------------------------------------------


--------------------------------------------------------------------------------
--- ChemScore analysis of protein-ligand interactions                        ---
--------------------------------------------------------------------------------

* Hydrogen bonds                                                                


* CH..O interactions                                                            
  CH group selection                       : activated ring CH (adjacent to hetatom)

--------------------------------------------------------------------------------


--------------------------------------------------------------------------------
--- Intra-ligand clashes                                                     ---
--------------------------------------------------------------------------------

Ligand
--------------------------------------------------------------------------------

--------------------------------------------------------------------------------
--- Rescoring solution                                                       ---
--------------------------------------------------------------------------------

     Score         DG    S(hbond)    S(metal)    S(lipo)     H(rot)  DE(clash)    DE(int)
     10.96     -14.70       0.00        0.00     108.32       1.35       0.59       3.15

Doing AMOEBA simplex on best individual
Done simplexing #iterations 802, best score  12.91

     Score         DG    S(hbond)    S(metal)    S(lipo)     H(rot)  DE(clash)    DE(int)
     12.91     -15.15       0.00        0.00     112.15       1.35       1.00       1.25

--------------------------------------------------------------------------------
--- ChemScore breakdown of terms                                             ---
--------------------------------------------------------------------------------
DG = -5.4800 + -3.3400*S(hbond)
     + -6.0300*S(metal) + -0.1170*S(lipo) + 2.5600*H(rot)


H(rot) = 1.3475

Score = -(DG + DE(clash) + DE(int))


--------------------------------------------------------------------------------


--------------------------------------------------------------------------------
--- ChemScore analysis of protein-ligand interactions                        ---
--------------------------------------------------------------------------------

* Hydrogen bonds                                                                

CHEMSCORE EXTRA INTERACTIONS:

* Clashes                                                                       
Clash for ligand atom   8 (**** ):   0.81
Clash for ligand atom  10 (**** ):   0.04
Clash for ligand atom  16 (**** ):   0.07
Clash for ligand atom  17 (**** ):   0.07
--------------------------------------------------------------------------------


--------------------------------------------------------------------------------
--- Chromosome decoded                                                       ---
--------------------------------------------------------------------------------
Ligand Torsions
[   1    2    3    4] -177.85
[   2    3    4    8] -172.05
[  10    9    8    4]  -60.90
[  14   13   12   10]   -2.24    matched torsion: aromatic amide
Protein Torsions
[6907 6896 6895 6894]  179.05 
[7974 7965 7964 7962]   81.55 
[8008 7997 7996 7995] -166.74 
[10167 10162 10161 10158]   15.74 
[10718 10713 10712 10709]  169.42 
[10763 10752 10751 10750]   29.93 
[11005 11000 10999 10996]  -94.82 
Mapping
Ligand acceptors to protein hydrogens (mapping then atom ids)
Ligand hydrogens to protein acceptors (mapping then atom ids)
Ligand shape atoms to protein points (mapping then atom ids & coords)
  2  5574 [  2->(147.000 141.250 154.250)]
  8  8567 [ 14->(151.750 143.500 159.500)]
  9  9181 [ 15->(152.250 144.750 161.000)]
 10  9295 [ 17->(152.500 143.500 161.000)]
Chromosome values
Integers:
  -1   -1   -1   -1   -1 5573   -1   -1   -1   -1   -1 8566 
9180 9294 
--------------------------------------------------------------------------------

Current Ranking  1

--------------------------------------------------------------------------------

* GA execution time :                                                           
  total  0.6669 user  0.6669 sys  0.0000

--------------------------------------------------------------------------------
Fitness function evaluations: 81597

--------------------------------------------------------------------------------
** Docking run number  2 **
--------------------------------------------------------------------------------
  Rank fitness base is 5000.00 ; increment is 11.2233

* Initialising population(s) ...                                                
Number of constraints mappings 0
Number of constraints 0
  Population no.                           :      1
  Population size                          :    100
  Number of duplicates                     :      0
  Number of niche violations               :      0
  Number of errors                         :   5776

Number of constraints mappings 0
Number of constraints 0
  Population no.                           :      2
  Population size                          :    100
  Number of duplicates                     :      0
  Number of niche violations               :      0
  Number of errors                         :   6206

Number of constraints mappings 0
Number of constraints 0
  Population no.                           :      3
  Population size                          :    100
  Number of duplicates                     :      0
  Number of niche violations               :      0
  Number of errors                         :   6073


Doing GA, no. of population(s) 3 size 100 selection pressure 1.100000

 Operation      Score     S(PLP)   S(hbond)     S(cho)   S(metal)  DE(clash)   DE(tors)     intcor
         0      19.79     -15.10       1.94       0.00       0.00       0.00       0.58       0.02
       510      23.00     -18.68       1.15       0.54       0.00       0.00       0.37       0.02
       798      24.18     -20.99       1.30       0.00       0.00       0.00       0.37       0.02
       984      24.18     -20.99       1.30       0.00       0.00       0.00       0.37       0.02
      1848      26.91     -22.39       1.94       0.00       0.00       0.00       0.66       0.02
      2434      28.22     -26.59       1.00       0.00       0.00       0.00       0.69       0.02
      2906      29.33     -22.57       1.63       1.25       0.00       0.31       0.80       0.02
      4757      29.64     -22.34       1.76       1.30       0.00       0.31       0.80       0.02
      5775      29.83     -27.65       1.00       0.00       0.00       0.00       0.42       0.02
      5845      29.88     -28.06       1.00       0.00       0.00       0.00       0.60       0.02
      6121      29.88     -28.06       1.00       0.00       0.00       0.00       0.60       0.02
      6859      30.19     -28.38       1.00       0.00       0.00       0.00       0.60       0.01
      7043      30.32     -26.27       1.11       0.84       0.00       0.00       0.90       0.01
      7052      30.70     -26.02       1.87       0.00       0.00       0.00       0.47       0.01
      7754      30.77     -26.12       1.87       0.00       0.00       0.00       0.49       0.01
      8281      31.66     -29.92       1.00       0.00       0.00       0.00       0.64       0.01
     10121      31.97     -27.26       1.97       0.00       0.00       0.00       0.60       0.01
     10852      33.60     -30.03       1.86       0.00       0.00       0.00       1.01       0.01
     13273      33.78     -30.01       1.93       0.00       0.00       0.00       1.01       0.01
     14239      34.48     -30.57       1.98       0.00       0.00       0.00       1.01       0.01
     14890      34.86     -30.64       1.98       0.00       0.00       0.00       0.86       0.01
     19528      35.17     -30.85       1.98       0.00       0.00       0.00       0.81       0.01
     21322      35.22     -31.02       1.98       0.00       0.00       0.00       0.87       0.01
     25870      35.50     -31.16       1.98       0.00       0.00       0.00       0.80       0.01
     25968      35.69     -31.54       1.96       0.00       0.00       0.00       0.87       0.01
     28780      37.02     -35.47       1.00       0.00       0.00       0.00       0.73       0.01
     32318      37.31     -37.41       0.34       0.00       0.00       0.00       0.57       0.01
     32866      38.76     -36.56       1.00       0.00       0.00       0.00       0.40       0.01
     33925      40.00     -37.63       1.00       0.00       0.00       0.00       0.32       0.01
     35368      40.01     -37.60       1.00       0.00       0.00       0.00       0.30       0.01
     35398      40.05     -37.65       1.00       0.00       0.00       0.00       0.31       0.01
     36731      40.28     -38.17       1.00       0.00       0.00       0.00       0.45       0.01
--------------------------------------------------------------------------------
Best docking solution after GA:
     37000      40.28     -38.17       1.00       0.00       0.00       0.00       0.45       0.01

#ops:      37000 #mutates:  17658 #cross:    17386 #migrate:   1956 
#dups:      6636 #niche:    18379 #errors:    1987 
--------------------------------------------------------------------------------

Doing AMOEBA simplex on best individual
Done simplexing #iterations 666, best score  43.98

Ligand is stored in gold_soln_AV-procd_m9364_2.sdf


--------------------------------------------------------------------------------
--- CHEMPLP breakdown of terms                                               ---
--------------------------------------------------------------------------------
CHEMPLP = - ( 1.0000*S(PLP) + -3.0000*S(hbond) + -6.0000*S(metal) + -3.0000*S(cho) )

Score = CHEMPLP - 1.0000*DE(clash) - 2.0000*DE(tors)

Internal energy term has been corrected with the best internal energy encountered.

--------------------------------------------------------------------------------


     Score     S(PLP)   S(hbond)     S(cho)   S(metal)  DE(clash)   DE(tors)     intcor
     43.98     -41.81       1.00       0.00       0.00       0.00       0.42       0.01

--------------------------------------------------------------------------------
--- PLP analysis of protein-ligand interactions                              ---
--------------------------------------------------------------------------------
hydrogen bonding        :      -1.00
metal                   :       0.00
buried (polar-nonpolar) :      -5.59
nonpolar                :     -35.39
repulsive               :       0.09
--------------------------------------------------------------------------------


--------------------------------------------------------------------------------
--- ChemScore analysis of protein-ligand interactions                        ---
--------------------------------------------------------------------------------

* Hydrogen bonds                                                                
Ligand donor    9 hydrogen   33 Protein acceptor 8028 bond energy  1.00 wt 1.00


* CH..O interactions                                                            
  CH group selection                       : activated ring CH (adjacent to hetatom)

--------------------------------------------------------------------------------


--------------------------------------------------------------------------------
--- Intra-ligand clashes                                                     ---
--------------------------------------------------------------------------------

Ligand
--------------------------------------------------------------------------------

--------------------------------------------------------------------------------
--- Rescoring solution                                                       ---
--------------------------------------------------------------------------------

     Score         DG    S(hbond)    S(metal)    S(lipo)     H(rot)  DE(clash)    DE(int)
     14.87     -16.35       0.95        0.00      95.19       1.35       0.07       1.42

Doing AMOEBA simplex on best individual
Done simplexing #iterations 637, best score  16.45

     Score         DG    S(hbond)    S(metal)    S(lipo)     H(rot)  DE(clash)    DE(int)
     16.45     -17.23       1.02        0.00     100.81       1.35       0.05       0.73

--------------------------------------------------------------------------------
--- ChemScore breakdown of terms                                             ---
--------------------------------------------------------------------------------
DG = -5.4800 + -3.3400*S(hbond)
     + -6.0300*S(metal) + -0.1170*S(lipo) + 2.5600*H(rot)


H(rot) = 1.3475

Score = -(DG + DE(clash) + DE(int))


--------------------------------------------------------------------------------


--------------------------------------------------------------------------------
--- ChemScore analysis of protein-ligand interactions                        ---
--------------------------------------------------------------------------------

* Hydrogen bonds                                                                
Ligand donor    9 hydrogen   33 Protein acceptor 8028 bond energy  1.00 wt 0.99
Ligand donor   12 hydrogen   34 Protein acceptor 8028 bond energy  1.00 wt 0.03

CHEMSCORE EXTRA INTERACTIONS:

* Clashes                                                                       
Clash for ligand atom   2 (**** ):   0.04
Clash for ligand atom   3 (**** ):   0.01
--------------------------------------------------------------------------------


--------------------------------------------------------------------------------
--- Chromosome decoded                                                       ---
--------------------------------------------------------------------------------
Ligand Torsions
[   1    2    3    4]  176.41
[   2    3    4    8]  -83.14
[  10    9    8    4] -109.71
[  14   13   12   10]   15.93    matched torsion: aromatic amide
Protein Torsions
[6907 6896 6895 6894]   10.24 
[7974 7965 7964 7962]  137.23 
[8008 7997 7996 7995] -177.86 
[10167 10162 10161 10158]  -79.90 
[10718 10713 10712 10709]  102.77 
[10763 10752 10751 10750]  144.14 
[11005 11000 10999 10996] -104.51 
Mapping
Ligand acceptors to protein hydrogens (mapping then atom ids)
Ligand hydrogens to protein acceptors (mapping then atom ids)
Ligand shape atoms to protein points (mapping then atom ids & coords)
  3  6027 [  4->(147.750 140.750 154.000)]
  8  9005 [ 14->(152.250 141.500 159.250)]
 10  9561 [ 17->(153.000 142.750 160.000)]
Chromosome values
Integers:
  -1   -1   -1   -1   -1   -1 6026   -1   -1   -1   -1 9004 
  -1 9560 
--------------------------------------------------------------------------------

Current Ranking  2  1

--------------------------------------------------------------------------------

* GA execution time :                                                           
  total  0.6761 user  0.6761 sys  0.0000

--------------------------------------------------------------------------------
Fitness function evaluations: 81087

--------------------------------------------------------------------------------
** Docking run number  3 **
--------------------------------------------------------------------------------
  Rank fitness base is 5000.00 ; increment is 11.2233

* Initialising population(s) ...                                                
Number of constraints mappings 0
Number of constraints 0
  Population no.                           :      1
  Population size                          :    100
  Number of duplicates                     :      0
  Number of niche violations               :      0
  Number of errors                         :   5942

Number of constraints mappings 0
Number of constraints 0
  Population no.                           :      2
  Population size                          :    100
  Number of duplicates                     :      0
  Number of niche violations               :      0
  Number of errors                         :   6428

Number of constraints mappings 0
Number of constraints 0
  Population no.                           :      3
  Population size                          :    100
  Number of duplicates                     :      0
  Number of niche violations               :      0
  Number of errors                         :   6322


Doing GA, no. of population(s) 3 size 100 selection pressure 1.100000

 Operation      Score     S(PLP)   S(hbond)     S(cho)   S(metal)  DE(clash)   DE(tors)     intcor
         0      28.26     -30.00       0.00       0.00       0.00       0.00       0.88       0.01
      2603      30.47     -32.18       0.00       0.00       0.00       0.00       0.86       0.01
      4166      31.03     -32.73       0.00       0.00       0.00       0.00       0.85       0.01
     12385      31.53     -33.27       0.00       0.00       0.00       0.00       0.88       0.01
     15921      33.13     -33.93       0.00       0.00       0.00       0.00       0.41       0.01
     17832      33.28     -34.05       0.00       0.00       0.00       0.00       0.39       0.01
     22516      33.41     -27.06       0.55       1.79       0.00       0.00       0.34       0.01
     25932      34.85     -28.04       0.55       1.98       0.00       0.00       0.40       0.01
     36237      34.86     -28.03       0.55       1.98       0.00       0.00       0.39       0.01
--------------------------------------------------------------------------------
Best docking solution after GA:
     37000      34.86     -28.03       0.55       1.98       0.00       0.00       0.39       0.01

#ops:      37000 #mutates:  17500 #cross:    17654 #migrate:   1846 
#dups:      8044 #niche:    17439 #errors:    4360 
--------------------------------------------------------------------------------

Doing AMOEBA simplex on best individual
Done simplexing #iterations 786, best score  38.22

Ligand is stored in gold_soln_AV-procd_m9364_3.sdf


--------------------------------------------------------------------------------
--- CHEMPLP breakdown of terms                                               ---
--------------------------------------------------------------------------------
CHEMPLP = - ( 1.0000*S(PLP) + -3.0000*S(hbond) + -6.0000*S(metal) + -3.0000*S(cho) )

Score = CHEMPLP - 1.0000*DE(clash) - 2.0000*DE(tors)

Internal energy term has been corrected with the best internal energy encountered.

--------------------------------------------------------------------------------


     Score     S(PLP)   S(hbond)     S(cho)   S(metal)  DE(clash)   DE(tors)     intcor
     38.22     -29.72       0.98       1.92       0.00       0.00       0.10       0.01

--------------------------------------------------------------------------------
--- PLP analysis of protein-ligand interactions                              ---
--------------------------------------------------------------------------------
hydrogen bonding        :      -1.91
metal                   :       0.00
buried (polar-nonpolar) :       1.06
nonpolar                :     -32.60
repulsive               :       2.72
--------------------------------------------------------------------------------


--------------------------------------------------------------------------------
--- ChemScore analysis of protein-ligand interactions                        ---
--------------------------------------------------------------------------------

* Hydrogen bonds                                                                
Protein donor 7954 hydrogen 7966 Ligand acceptor   11 bond energy  1.00 wt 0.98


* CH..O interactions                                                            
  CH group selection                       : activated ring CH (adjacent to hetatom)
Ligand carbon   15 hydrogen   36 Protein acceptor 7921 bond energy  1.00 wt 1.00
Ligand carbon   17 hydrogen   37 Protein acceptor 10957 bond energy  1.00 wt 0.92

--------------------------------------------------------------------------------


--------------------------------------------------------------------------------
--- Intra-ligand clashes                                                     ---
--------------------------------------------------------------------------------

Ligand
--------------------------------------------------------------------------------

--------------------------------------------------------------------------------
--- Rescoring solution                                                       ---
--------------------------------------------------------------------------------

     Score         DG    S(hbond)    S(metal)    S(lipo)     H(rot)  DE(clash)    DE(int)
      8.63     -13.28       0.56        0.00      80.10       1.35       3.05       1.60

Doing AMOEBA simplex on best individual
Done simplexing #iterations 779, best score  10.94

     Score         DG    S(hbond)    S(metal)    S(lipo)     H(rot)  DE(clash)    DE(int)
     10.94     -13.94       0.89        0.00      76.54       1.35       1.64       1.36

--------------------------------------------------------------------------------
--- ChemScore breakdown of terms                                             ---
--------------------------------------------------------------------------------
DG = -5.4800 + -3.3400*S(hbond)
     + -6.0300*S(metal) + -0.1170*S(lipo) + 2.5600*H(rot)


H(rot) = 1.3475

Score = -(DG + DE(clash) + DE(int))


--------------------------------------------------------------------------------


--------------------------------------------------------------------------------
--- ChemScore analysis of protein-ligand interactions                        ---
--------------------------------------------------------------------------------

* Hydrogen bonds                                                                
Protein donor 7954 hydrogen 7966 Ligand acceptor   11 bond energy  1.00 wt 0.89

CHEMSCORE EXTRA INTERACTIONS:

* Clashes                                                                       
Clash for ligand atom   3 (**** ):   0.12
Clash for ligand atom  11 (**** ):   1.34
Clash for ligand atom  15 (**** ):   0.16
Clash for ligand atom  16 (**** ):   0.02
--------------------------------------------------------------------------------


--------------------------------------------------------------------------------
--- Chromosome decoded                                                       ---
--------------------------------------------------------------------------------
Ligand Torsions
[   1    2    3    4] -175.11
[   2    3    4    8] -176.05
[  10    9    8    4] -111.98
[  14   13   12   10]   -6.15    matched torsion: aromatic amide
Protein Torsions
[6907 6896 6895 6894]  -38.98 
[7974 7965 7964 7962]  110.47 
[8008 7997 7996 7995]  -51.89 
[10167 10162 10161 10158] -163.88 
[10718 10713 10712 10709] -163.09 
[10763 10752 10751 10750] -172.37 
[11005 11000 10999 10996]  -26.22 
Mapping
Ligand acceptors to protein hydrogens (mapping then atom ids)
Ligand hydrogens to protein acceptors (mapping then atom ids)
Ligand shape atoms to protein points (mapping then atom ids & coords)
  3  6379 [  4->(148.500 140.500 154.750)]
  4  6391 [  5->(148.500 141.250 154.750)]
  8  3151 [ 14->(144.750 135.750 151.250)]
  9  2709 [ 15->(144.250 134.000 150.000)]
Chromosome values
Integers:
  -1   -1   -1   -1   -1   -1 6378 6390   -1   -1   -1 3150 
2708   -1 
--------------------------------------------------------------------------------

Current Ranking  2  1  3

--------------------------------------------------------------------------------

* GA execution time :                                                           
  total  0.6555 user  0.6555 sys  0.0000

--------------------------------------------------------------------------------
Fitness function evaluations: 81995

--------------------------------------------------------------------------------
** Docking run number  4 **
--------------------------------------------------------------------------------
  Rank fitness base is 5000.00 ; increment is 11.2233

* Initialising population(s) ...                                                
Number of constraints mappings 0
Number of constraints 0
  Population no.                           :      1
  Population size                          :    100
  Number of duplicates                     :      0
  Number of niche violations               :      0
  Number of errors                         :   6137

Number of constraints mappings 0
Number of constraints 0
  Population no.                           :      2
  Population size                          :    100
  Number of duplicates                     :      0
  Number of niche violations               :      0
  Number of errors                         :   6053

Number of constraints mappings 0
Number of constraints 0
  Population no.                           :      3
  Population size                          :    100
  Number of duplicates                     :      0
  Number of niche violations               :      0
  Number of errors                         :   6030


Doing GA, no. of population(s) 3 size 100 selection pressure 1.100000

 Operation      Score     S(PLP)   S(hbond)     S(cho)   S(metal)  DE(clash)   DE(tors)     intcor
         0      24.53     -23.56       0.55       0.37       0.00       0.00       0.90       0.01
       534      26.47     -29.09       0.00       0.00       0.00       0.00       1.32       0.01
      1551      27.25     -29.20       0.00       0.00       0.00       0.00       0.98       0.01
      2067      28.97     -30.92       0.00       0.00       0.00       0.00       0.98       0.01
      2445      30.87     -22.20       2.63       1.00       0.00       0.00       1.11       0.01
      2904      30.87     -31.89       0.00       0.00       0.00       0.00       0.52       0.01
      3368      32.14     -33.64       0.00       0.00       0.00       0.00       0.75       0.01
      4859      32.44     -34.50       0.00       0.00       0.00       0.00       1.04       0.01
      5261      34.26     -35.80       0.00       0.00       0.00       0.00       0.77       0.01
      6358      35.01     -37.08       0.00       0.00       0.00       0.00       1.04       0.01
      7945      35.03     -35.98       0.00       0.00       0.00       0.00       0.48       0.01
      8032      35.42     -36.34       0.00       0.00       0.00       0.00       0.46       0.01
      8604      36.92     -38.46       0.00       0.00       0.00       0.00       0.77       0.01
      9825      37.09     -38.66       0.00       0.00       0.00       0.00       0.79       0.01
     10362      37.10     -38.55       0.00       0.00       0.00       0.00       0.73       0.01
     10910      37.50     -38.91       0.00       0.00       0.00       0.00       0.71       0.01
     11850      37.54     -39.12       0.00       0.00       0.00       0.00       0.79       0.01
     12799      38.06     -39.37       0.00       0.00       0.00       0.00       0.66       0.01
     12918      38.10     -39.37       0.00       0.00       0.00       0.00       0.64       0.01
     13456      38.14     -39.36       0.00       0.00       0.00       0.00       0.61       0.01
     15009      38.17     -39.38       0.00       0.00       0.00       0.00       0.61       0.01
     15051      38.35     -39.62       0.00       0.00       0.00       0.00       0.64       0.01
     16565      38.36     -39.62       0.00       0.00       0.00       0.00       0.63       0.01
     17263      38.39     -39.52       0.00       0.00       0.00       0.00       0.57       0.01
     17529      38.52     -39.44       0.00       0.00       0.00       0.00       0.47       0.01
     17942      38.65     -39.71       0.00       0.00       0.00       0.00       0.53       0.01
     18840      38.67     -39.59       0.00       0.00       0.00       0.00       0.47       0.01
     18863      39.98     -32.00       1.99       1.07       0.00       0.00       0.61       0.01
     21832      46.55     -36.32       2.00       1.62       0.00       0.00       0.32       0.01
     22880      46.93     -36.37       2.00       1.74       0.00       0.00       0.33       0.01
     23377      47.13     -36.15       2.00       2.00       0.00       0.00       0.51       0.01
     24753      48.18     -36.99       2.00       2.00       0.00       0.00       0.41       0.01
     25824      48.89     -37.62       2.00       2.00       0.00       0.00       0.37       0.01
     26264      49.25     -37.92       1.99       2.00       0.00       0.00       0.33       0.01
     27122      49.45     -38.08       1.99       2.00       0.00       0.00       0.31       0.01
     28509      50.54     -39.33       1.96       2.00       0.00       0.00       0.34       0.01
     29597      51.38     -40.49       1.98       2.00       0.00       0.00       0.53       0.01
     30636      51.99     -40.71       1.96       2.00       0.00       0.00       0.30       0.01
     32649      52.10     -40.82       1.96       2.00       0.00       0.00       0.30       0.01
     34764      52.19     -40.90       1.96       2.00       0.00       0.00       0.30       0.01
     35489      52.21     -40.92       1.96       2.00       0.00       0.00       0.30       0.01
     35976      52.36     -40.96       2.00       2.00       0.00       0.00       0.30       0.01
     36957      52.50     -41.10       2.00       2.00       0.00       0.00       0.30       0.01
--------------------------------------------------------------------------------
Best docking solution after GA:
     37000      52.50     -41.10       2.00       2.00       0.00       0.00       0.30       0.01

#ops:      37000 #mutates:  17649 #cross:    17506 #migrate:   1845 
#dups:      8929 #niche:    20413 #errors:    1744 
--------------------------------------------------------------------------------

Doing AMOEBA simplex on best individual
Done simplexing #iterations 479, best score  52.85

Ligand is stored in gold_soln_AV-procd_m9364_4.sdf


--------------------------------------------------------------------------------
--- CHEMPLP breakdown of terms                                               ---
--------------------------------------------------------------------------------
CHEMPLP = - ( 1.0000*S(PLP) + -3.0000*S(hbond) + -6.0000*S(metal) + -3.0000*S(cho) )

Score = CHEMPLP - 1.0000*DE(clash) - 2.0000*DE(tors)

Internal energy term has been corrected with the best internal energy encountered.

--------------------------------------------------------------------------------


     Score     S(PLP)   S(hbond)     S(cho)   S(metal)  DE(clash)   DE(tors)     intcor
     52.85     -41.38       2.00       2.00       0.00       0.00       0.27       0.01

--------------------------------------------------------------------------------
--- PLP analysis of protein-ligand interactions                              ---
--------------------------------------------------------------------------------
hydrogen bonding        :      -2.00
metal                   :       0.00
buried (polar-nonpolar) :      -3.76
nonpolar                :     -36.50
repulsive               :       1.30
--------------------------------------------------------------------------------


--------------------------------------------------------------------------------
--- ChemScore analysis of protein-ligand interactions                        ---
--------------------------------------------------------------------------------

* Hydrogen bonds                                                                
Ligand donor    9 hydrogen   33 Protein acceptor 8028 bond energy  1.00 wt 1.00
Ligand donor   12 hydrogen   34 Protein acceptor 8028 bond energy  1.00 wt 1.00


* CH..O interactions                                                            
  CH group selection                       : activated ring CH (adjacent to hetatom)
Ligand carbon   15 hydrogen   36 Protein acceptor 7948 bond energy  1.00 wt 1.00
Ligand carbon   17 hydrogen   37 Protein acceptor 10175 bond energy  1.00 wt 1.00

--------------------------------------------------------------------------------


--------------------------------------------------------------------------------
--- Intra-ligand clashes                                                     ---
--------------------------------------------------------------------------------

Ligand
--------------------------------------------------------------------------------

--------------------------------------------------------------------------------
--- Rescoring solution                                                       ---
--------------------------------------------------------------------------------

     Score         DG    S(hbond)    S(metal)    S(lipo)     H(rot)  DE(clash)    DE(int)
     17.74     -22.84       1.92        0.00     123.20       1.35       2.71       2.40

Doing AMOEBA simplex on best individual
Done simplexing #iterations 723, best score  20.52

     Score         DG    S(hbond)    S(metal)    S(lipo)     H(rot)  DE(clash)    DE(int)
     20.52     -22.66       1.91        0.00     121.89       1.35       0.60       1.54

--------------------------------------------------------------------------------
--- ChemScore breakdown of terms                                             ---
--------------------------------------------------------------------------------
DG = -5.4800 + -3.3400*S(hbond)
     + -6.0300*S(metal) + -0.1170*S(lipo) + 2.5600*H(rot)


H(rot) = 1.3475

Score = -(DG + DE(clash) + DE(int))


--------------------------------------------------------------------------------


--------------------------------------------------------------------------------
--- ChemScore analysis of protein-ligand interactions                        ---
--------------------------------------------------------------------------------

* Hydrogen bonds                                                                
Ligand donor    9 hydrogen   33 Protein acceptor 8028 bond energy  1.00 wt 0.93
Ligand donor   12 hydrogen   34 Protein acceptor 8028 bond energy  1.00 wt 0.98

CHEMSCORE EXTRA INTERACTIONS:

* Clashes                                                                       
Clash for ligand atom   1 (**** ):   0.22
Clash for ligand atom   2 (**** ):   0.08
Clash for ligand atom   7 (**** ):   0.02
Clash for ligand atom  15 (**** ):   0.01
Clash for ligand atom  16 (**** ):   0.02
Clash for ligand atom  19 (**** ):   0.24
--------------------------------------------------------------------------------


--------------------------------------------------------------------------------
--- Chromosome decoded                                                       ---
--------------------------------------------------------------------------------
Ligand Torsions
[   1    2    3    4]  -82.53
[   2    3    4    8]  163.45
[  10    9    8    4]  -66.03
[  14   13   12   10]   -1.71    matched torsion: aromatic amide
Protein Torsions
[6907 6896 6895 6894]  -32.02 
[7974 7965 7964 7962]   96.87 
[8008 7997 7996 7995] -128.06 
[10167 10162 10161 10158]  -81.34 
[10718 10713 10712 10709] -132.78 
[10763 10752 10751 10750]  -81.41 
[11005 11000 10999 10996]  -23.05 
Mapping
Ligand acceptors to protein hydrogens (mapping then atom ids)
Ligand hydrogens to protein acceptors (mapping then atom ids)
  2  15 [ 34->8028]
Ligand shape atoms to protein points (mapping then atom ids & coords)
  2  9756 [  2->(154.000 140.500 160.500)]
  3  7169 [  4->(150.250 143.000 158.500)]
  4  9179 [  5->(152.250 144.750 160.500)]
  5  8146 [  6->(151.250 145.250 159.250)]
  7  8254 [  8->(151.500 142.250 158.750)]
Chromosome values
Integers:
  -1   -1   -1   14   -1 9755 7168 9178 8145   -1 8253   -1 
  -1   -1 
--------------------------------------------------------------------------------

Current Ranking  4  2  1  3

--------------------------------------------------------------------------------

* GA execution time :                                                           
  total  0.6837 user  0.6837 sys  0.0000

--------------------------------------------------------------------------------
Fitness function evaluations: 80385

--------------------------------------------------------------------------------
** Docking run number  5 **
--------------------------------------------------------------------------------
  Rank fitness base is 5000.00 ; increment is 11.2233

* Initialising population(s) ...                                                
Number of constraints mappings 0
Number of constraints 0
  Population no.                           :      1
  Population size                          :    100
  Number of duplicates                     :      0
  Number of niche violations               :      0
  Number of errors                         :   6276

Number of constraints mappings 0
Number of constraints 0
  Population no.                           :      2
  Population size                          :    100
  Number of duplicates                     :      0
  Number of niche violations               :      0
  Number of errors                         :   6130

Number of constraints mappings 0
Number of constraints 0
  Population no.                           :      3
  Population size                          :    100
  Number of duplicates                     :      0
  Number of niche violations               :      0
  Number of errors                         :   6002


Doing GA, no. of population(s) 3 size 100 selection pressure 1.100000

 Operation      Score     S(PLP)   S(hbond)     S(cho)   S(metal)  DE(clash)   DE(tors)     intcor
         0      34.66     -30.19       1.77       0.00       0.00       0.00       0.42       0.01
      2961      34.91     -30.28       1.88       0.00       0.00       0.00       0.51       0.01
      3699      37.15     -32.23       1.88       0.00       0.00       0.00       0.37       0.01
      8958      37.92     -32.65       2.00       0.00       0.00       0.00       0.37       0.01
     13554      37.96     -32.70       2.00       0.00       0.00       0.00       0.38       0.01
     14174      38.28     -32.92       2.00       0.00       0.00       0.00       0.33       0.01
     14401      38.32     -32.98       2.00       0.00       0.00       0.00       0.33       0.01
     14415      38.37     -32.63       2.16       0.00       0.00       0.00       0.37       0.01
     14784      38.78     -32.93       2.19       0.00       0.00       0.00       0.37       0.01
     16513      38.98     -33.18       2.21       0.00       0.00       0.00       0.42       0.01
     16791      39.66     -33.73       2.28       0.00       0.00       0.00       0.47       0.01
     17271      42.48     -36.00       2.30       0.00       0.00       0.00       0.22       0.01
     18912      42.48     -36.05       2.28       0.00       0.00       0.00       0.22       0.01
     22004      42.51     -36.28       2.24       0.00       0.00       0.00       0.24       0.01
     24697      42.60     -36.30       2.25       0.00       0.00       0.00       0.24       0.01
     32983      45.00     -34.89       1.75       1.82       0.00       0.00       0.30       0.01
     34247      46.82     -40.48       1.22       1.09       0.00       0.00       0.30       0.01
     34927      52.86     -42.52       1.75       1.82       0.00       0.00       0.20       0.01
     35590      53.26     -43.56       1.66       2.00       0.00       0.00       0.64       0.01
     35682      53.30     -44.21       1.75       1.82       0.00       0.00       0.82       0.01
     35701      53.49     -43.87       1.75       1.82       0.00       0.00       0.55       0.01
     35732      53.54     -43.86       1.75       1.82       0.00       0.00       0.53       0.01
     35923      53.56     -42.71       1.75       2.00       0.00       0.00       0.21       0.01
     36044      53.70     -43.60       1.74       2.00       0.00       0.00       0.56       0.01
     36253      54.01     -43.98       1.75       2.00       0.00       0.00       0.61       0.01
--------------------------------------------------------------------------------
Best docking solution after GA:
     37000      54.01     -43.98       1.75       2.00       0.00       0.00       0.61       0.01

#ops:      37000 #mutates:  17424 #cross:    17700 #migrate:   1876 
#dups:      7040 #niche:    17989 #errors:    3134 
--------------------------------------------------------------------------------

Doing AMOEBA simplex on best individual
Done simplexing #iterations 357, best score  55.96

Ligand is stored in gold_soln_AV-procd_m9364_5.sdf


--------------------------------------------------------------------------------
--- CHEMPLP breakdown of terms                                               ---
--------------------------------------------------------------------------------
CHEMPLP = - ( 1.0000*S(PLP) + -3.0000*S(hbond) + -6.0000*S(metal) + -3.0000*S(cho) )

Score = CHEMPLP - 1.0000*DE(clash) - 2.0000*DE(tors)

Internal energy term has been corrected with the best internal energy encountered.

--------------------------------------------------------------------------------


     Score     S(PLP)   S(hbond)     S(cho)   S(metal)  DE(clash)   DE(tors)     intcor
     55.96     -44.96       2.00       2.00       0.00       0.00       0.51       0.01

--------------------------------------------------------------------------------
--- PLP analysis of protein-ligand interactions                              ---
--------------------------------------------------------------------------------
hydrogen bonding        :      -2.00
metal                   :       0.00
buried (polar-nonpolar) :      -3.41
nonpolar                :     -40.68
repulsive               :       1.34
--------------------------------------------------------------------------------


--------------------------------------------------------------------------------
--- ChemScore analysis of protein-ligand interactions                        ---
--------------------------------------------------------------------------------

* Hydrogen bonds                                                                
Ligand donor    9 hydrogen   33 Protein acceptor 8028 bond energy  1.00 wt 1.00
Ligand donor   12 hydrogen   34 Protein acceptor 8028 bond energy  1.00 wt 1.00


* CH..O interactions                                                            
  CH group selection                       : activated ring CH (adjacent to hetatom)
Ligand carbon   15 hydrogen   36 Protein acceptor 7948 bond energy  1.00 wt 1.00
Ligand carbon   17 hydrogen   37 Protein acceptor 10175 bond energy  1.00 wt 1.00

--------------------------------------------------------------------------------


--------------------------------------------------------------------------------
--- Intra-ligand clashes                                                     ---
--------------------------------------------------------------------------------

Ligand
--------------------------------------------------------------------------------

--------------------------------------------------------------------------------
--- Rescoring solution                                                       ---
--------------------------------------------------------------------------------

     Score         DG    S(hbond)    S(metal)    S(lipo)     H(rot)  DE(clash)    DE(int)
     18.37     -21.76       1.71        0.00     119.74       1.35       1.57       1.82

Doing AMOEBA simplex on best individual
Done simplexing #iterations 641, best score  20.63

     Score         DG    S(hbond)    S(metal)    S(lipo)     H(rot)  DE(clash)    DE(int)
     20.63     -22.40       1.95        0.00     118.49       1.35       0.03       1.74

--------------------------------------------------------------------------------
--- ChemScore breakdown of terms                                             ---
--------------------------------------------------------------------------------
DG = -5.4800 + -3.3400*S(hbond)
     + -6.0300*S(metal) + -0.1170*S(lipo) + 2.5600*H(rot)


H(rot) = 1.3475

Score = -(DG + DE(clash) + DE(int))


--------------------------------------------------------------------------------


--------------------------------------------------------------------------------
--- ChemScore analysis of protein-ligand interactions                        ---
--------------------------------------------------------------------------------

* Hydrogen bonds                                                                
Ligand donor    9 hydrogen   33 Protein acceptor 8028 bond energy  1.00 wt 0.96
Ligand donor   12 hydrogen   34 Protein acceptor 8028 bond energy  1.00 wt 0.99

CHEMSCORE EXTRA INTERACTIONS:

* Clashes                                                                       
Clash for ligand atom   8 (**** ):   0.03
--------------------------------------------------------------------------------


--------------------------------------------------------------------------------
--- Chromosome decoded                                                       ---
--------------------------------------------------------------------------------
Ligand Torsions
[   1    2    3    4]  156.68
[   2    3    4    8]   83.51
[  10    9    8    4]  -72.36
[  14   13   12   10]   -6.63    matched torsion: aromatic amide
Protein Torsions
[6907 6896 6895 6894]  159.75 
[7974 7965 7964 7962]  139.24 
[8008 7997 7996 7995]  177.42 
[10167 10162 10161 10158] -147.62 
[10718 10713 10712 10709]  110.89 
[10763 10752 10751 10750]  120.49 
[11005 11000 10999 10996]   36.21 
Mapping
Ligand acceptors to protein hydrogens (mapping then atom ids)
Ligand hydrogens to protein acceptors (mapping then atom ids)
  1  15 [ 33->8028]
Ligand shape atoms to protein points (mapping then atom ids & coords)
  3  9028 [  4->(152.250 142.500 159.250)]
  4  8583 [  5->(151.750 143.750 159.500)]
  7  9037 [  8->(152.250 142.750 159.250)]
  8  6505 [ 14->(148.750 140.500 154.250)]
 10  6155 [ 17->(148.000 141.000 154.500)]
Chromosome values
Integers:
  -1   -1   14   -1   -1   -1 9027 8582   -1   -1 9036 6504 
  -1 6154 
--------------------------------------------------------------------------------

Current Ranking  5  4  2  1  3

--------------------------------------------------------------------------------

* GA execution time :                                                           
  total  0.6610 user  0.6610 sys  0.0000

--------------------------------------------------------------------------------
Fitness function evaluations: 81166

--------------------------------------------------------------------------------
** Docking run number  6 **
--------------------------------------------------------------------------------
  Rank fitness base is 5000.00 ; increment is 11.2233

* Initialising population(s) ...                                                
Number of constraints mappings 0
Number of constraints 0
  Population no.                           :      1
  Population size                          :    100
  Number of duplicates                     :      0
  Number of niche violations               :      0
  Number of errors                         :   6068

Number of constraints mappings 0
Number of constraints 0
  Population no.                           :      2
  Population size                          :    100
  Number of duplicates                     :      0
  Number of niche violations               :      0
  Number of errors                         :   6010

Number of constraints mappings 0
Number of constraints 0
  Population no.                           :      3
  Population size                          :    100
  Number of duplicates                     :      0
  Number of niche violations               :      0
  Number of errors                         :   5930


Doing GA, no. of population(s) 3 size 100 selection pressure 1.100000

 Operation      Score     S(PLP)   S(hbond)     S(cho)   S(metal)  DE(clash)   DE(tors)     intcor
         0      26.28     -25.52       0.48       0.00       0.00       0.00       0.34       0.01
      2759      27.23     -25.89       0.66       0.00       0.00       0.00       0.32       0.01
      2858      27.52     -24.10       1.33       0.13       0.00       0.00       0.50       0.01
      4521      28.15     -29.12       0.20       0.00       0.00       0.00       0.79       0.01
      5345      28.20     -24.19       1.29       0.48       0.00       0.00       0.65       0.01
      6716      30.94     -25.70       1.00       1.00       0.00       0.00       0.39       0.01
      7697      30.96     -26.19       0.75       1.00       0.00       0.00       0.24       0.01
      8429      31.26     -25.39       1.36       1.00       0.00       0.00       0.61       0.01
      8492      31.75     -25.48       1.49       1.00       0.00       0.00       0.61       0.01
      8498      33.21     -26.54       1.63       1.00       0.00       0.00       0.61       0.01
     10180      33.36     -26.50       1.69       1.00       0.00       0.00       0.62       0.01
     11567      33.70     -26.15       1.00       1.63       0.00       0.00       0.18       0.01
     14512      34.04     -26.29       0.98       1.74       0.00       0.00       0.19       0.01
     14867      34.27     -25.50       1.00       2.00       0.00       0.00       0.12       0.01
     16472      34.57     -25.83       0.96       2.00       0.00       0.00       0.08       0.01
     16759      38.15     -37.63       0.59       0.00       0.00       0.00       0.63       0.01
     19377      38.24     -37.80       0.56       0.00       0.00       0.00       0.63       0.01
     19453      39.31     -37.77       0.93       0.00       0.00       0.00       0.63       0.01
     20954      39.96     -37.47       1.29       0.00       0.00       0.00       0.69       0.01
     21884      40.08     -37.72       1.22       0.00       0.00       0.00       0.65       0.01
     26452      40.36     -37.71       1.25       0.00       0.00       0.00       0.56       0.01
     26640      40.51     -38.04       1.17       0.00       0.00       0.00       0.53       0.01
     31007      40.98     -38.27       1.23       0.00       0.00       0.00       0.50       0.01
     35660      41.05     -38.18       1.21       0.00       0.00       0.00       0.38       0.01
     36932      41.72     -38.54       1.39       0.00       0.00       0.00       0.50       0.01
--------------------------------------------------------------------------------
Best docking solution after GA:
     37000      41.72     -38.54       1.39       0.00       0.00       0.00       0.50       0.01

#ops:      37000 #mutates:  17537 #cross:    17682 #migrate:   1781 
#dups:      8077 #niche:    19177 #errors:    2185 
--------------------------------------------------------------------------------

Doing AMOEBA simplex on best individual
Done simplexing #iterations 347, best score  43.70

Ligand is stored in gold_soln_AV-procd_m9364_6.sdf


--------------------------------------------------------------------------------
--- CHEMPLP breakdown of terms                                               ---
--------------------------------------------------------------------------------
CHEMPLP = - ( 1.0000*S(PLP) + -3.0000*S(hbond) + -6.0000*S(metal) + -3.0000*S(cho) )

Score = CHEMPLP - 1.0000*DE(clash) - 2.0000*DE(tors)

Internal energy term has been corrected with the best internal energy encountered.

--------------------------------------------------------------------------------


     Score     S(PLP)   S(hbond)     S(cho)   S(metal)  DE(clash)   DE(tors)     intcor
     43.70     -40.89       1.29       0.00       0.00       0.00       0.54       0.01

--------------------------------------------------------------------------------
--- PLP analysis of protein-ligand interactions                              ---
--------------------------------------------------------------------------------
hydrogen bonding        :      -1.79
metal                   :       0.00
buried (polar-nonpolar) :      -4.51
nonpolar                :     -34.47
repulsive               :       0.15
--------------------------------------------------------------------------------


--------------------------------------------------------------------------------
--- ChemScore analysis of protein-ligand interactions                        ---
--------------------------------------------------------------------------------

* Hydrogen bonds                                                                
Ligand donor    9 hydrogen   33 Protein acceptor 8028 bond energy  1.00 wt 1.00
Ligand donor   12 hydrogen   34 Protein acceptor 8028 bond energy  1.00 wt 0.29


* CH..O interactions                                                            
  CH group selection                       : activated ring CH (adjacent to hetatom)

--------------------------------------------------------------------------------


--------------------------------------------------------------------------------
--- Intra-ligand clashes                                                     ---
--------------------------------------------------------------------------------

Ligand
--------------------------------------------------------------------------------

--------------------------------------------------------------------------------
--- Rescoring solution                                                       ---
--------------------------------------------------------------------------------

     Score         DG    S(hbond)    S(metal)    S(lipo)     H(rot)  DE(clash)    DE(int)
     17.17     -18.69       1.38        0.00     103.15       1.35       0.20       1.33

Doing AMOEBA simplex on best individual
Done simplexing #iterations 773, best score  19.16

     Score         DG    S(hbond)    S(metal)    S(lipo)     H(rot)  DE(clash)    DE(int)
     19.16     -20.32       1.84        0.00     103.92       1.35       0.59       0.57

--------------------------------------------------------------------------------
--- ChemScore breakdown of terms                                             ---
--------------------------------------------------------------------------------
DG = -5.4800 + -3.3400*S(hbond)
     + -6.0300*S(metal) + -0.1170*S(lipo) + 2.5600*H(rot)


H(rot) = 1.3475

Score = -(DG + DE(clash) + DE(int))


--------------------------------------------------------------------------------


--------------------------------------------------------------------------------
--- ChemScore analysis of protein-ligand interactions                        ---
--------------------------------------------------------------------------------

* Hydrogen bonds                                                                
Ligand donor    9 hydrogen   33 Protein acceptor 8028 bond energy  1.00 wt 1.00
Ligand donor   12 hydrogen   34 Protein acceptor 8028 bond energy  1.00 wt 0.84

CHEMSCORE EXTRA INTERACTIONS:

* Clashes                                                                       
Clash for ligand atom   5 (**** ):   0.01
Clash for ligand atom  16 (**** ):   0.02
Clash for ligand atom  19 (**** ):   0.56
--------------------------------------------------------------------------------


--------------------------------------------------------------------------------
--- Chromosome decoded                                                       ---
--------------------------------------------------------------------------------
Ligand Torsions
[   1    2    3    4] -154.80
[   2    3    4    8]  -72.60
[  10    9    8    4] -111.42
[  14   13   12   10]   33.25    matched torsion: aromatic amide
Protein Torsions
[6907 6896 6895 6894]  -28.45 
[7974 7965 7964 7962]   54.83 
[8008 7997 7996 7995]  116.43 
[10167 10162 10161 10158] -117.75 
[10718 10713 10712 10709]  -10.68 
[10763 10752 10751 10750]  130.98 
[11005 11000 10999 10996] -144.65 
Mapping
Ligand acceptors to protein hydrogens (mapping then atom ids)
Ligand hydrogens to protein acceptors (mapping then atom ids)
Ligand shape atoms to protein points (mapping then atom ids & coords)
  3  6264 [  4->(148.250 140.750 154.000)]
  7  5922 [  8->(147.500 141.250 154.750)]
  8  8500 [ 14->(151.750 141.250 159.250)]
  9  9722 [ 15->(153.500 142.500 161.500)]
 10  8941 [ 17->(152.000 145.000 160.750)]
Chromosome values
Integers:
  -1   -1   -1   -1   -1   -1 6263   -1   -1   -1 5921 8499 
9721 8940 
--------------------------------------------------------------------------------

Current Ranking  5  4  2  6  1  3

--------------------------------------------------------------------------------

* GA execution time :                                                           
  total  0.6749 user  0.6749 sys  0.0000

--------------------------------------------------------------------------------
Fitness function evaluations: 80208

--------------------------------------------------------------------------------
** Docking run number  7 **
--------------------------------------------------------------------------------
  Rank fitness base is 5000.00 ; increment is 11.2233

* Initialising population(s) ...                                                
Number of constraints mappings 0
Number of constraints 0
  Population no.                           :      1
  Population size                          :    100
  Number of duplicates                     :      0
  Number of niche violations               :      0
  Number of errors                         :   6219

Number of constraints mappings 0
Number of constraints 0
  Population no.                           :      2
  Population size                          :    100
  Number of duplicates                     :      0
  Number of niche violations               :      0
  Number of errors                         :   6134

Number of constraints mappings 0
Number of constraints 0
  Population no.                           :      3
  Population size                          :    100
  Number of duplicates                     :      0
  Number of niche violations               :      0
  Number of errors                         :   6042


Doing GA, no. of population(s) 3 size 100 selection pressure 1.100000

 Operation      Score     S(PLP)   S(hbond)     S(cho)   S(metal)  DE(clash)   DE(tors)     intcor
         0      19.53     -18.92       0.00       0.49       0.00       0.00       0.44       0.01
       165      21.95     -20.43       1.06       0.00       0.00       0.00       0.83       0.01
       654      21.95     -20.43       1.06       0.00       0.00       0.00       0.83       0.01
       823      23.27     -24.51       0.39       0.00       0.00       0.00       1.21       0.01
      2707      25.91     -19.98       1.54       0.93       0.00       0.00       0.74       0.01
      3466      26.39     -18.98       2.02       0.98       0.00       0.00       0.81       0.01
      4999      27.22     -23.09       2.00       0.00       0.00       0.00       0.94       0.01
      5111      28.05     -24.71       2.00       0.00       0.00       0.00       1.34       0.01
      5222      29.86     -25.94       2.00       0.00       0.00       0.00       1.04       0.01
      7458      30.23     -24.02       1.77       0.87       0.00       0.00       0.86       0.01
      7773      31.44     -27.27       1.66       0.00       0.00       0.00       0.41       0.01
      8772      32.57     -27.38       2.00       0.00       0.00       0.00       0.41       0.01
      9555      34.65     -27.49       1.69       0.89       0.00       0.00       0.30       0.01
     10185      34.65     -27.49       1.69       0.89       0.00       0.00       0.30       0.01
     10665      34.70     -27.53       1.69       0.89       0.00       0.00       0.29       0.01
     13299      37.69     -28.94       1.39       1.89       0.00       0.00       0.56       0.01
     15982      46.55     -37.21       1.39       1.89       0.00       0.00       0.26       0.01
     19051      47.35     -37.39       1.57       1.91       0.00       0.00       0.25       0.01
     21199      47.55     -36.66       1.80       2.00       0.00       0.00       0.26       0.01
     21961      50.62     -40.89       1.80       2.00       0.00       0.00       0.84       0.01
     24387      50.85     -40.37       1.78       1.97       0.00       0.00       0.40       0.01
     25334      51.29     -40.78       2.00       2.00       0.00       0.00       0.75       0.01
     25763      51.58     -41.17       2.00       2.00       0.00       0.00       0.80       0.01
     33608      51.77     -40.52       2.00       2.00       0.00       0.00       0.38       0.01
     35055      51.80     -40.56       2.00       2.00       0.00       0.00       0.39       0.01
     35393      52.44     -42.39       1.86       2.00       0.00       0.00       0.78       0.01
--------------------------------------------------------------------------------
Best docking solution after GA:
     37000      52.44     -42.39       1.86       2.00       0.00       0.00       0.78       0.01

#ops:      37000 #mutates:  17847 #cross:    17230 #migrate:   1923 
#dups:     10085 #niche:    18922 #errors:    2265 
--------------------------------------------------------------------------------

Doing AMOEBA simplex on best individual
Done simplexing #iterations 684, best score  55.90

Ligand is stored in gold_soln_AV-procd_m9364_7.sdf


--------------------------------------------------------------------------------
--- CHEMPLP breakdown of terms                                               ---
--------------------------------------------------------------------------------
CHEMPLP = - ( 1.0000*S(PLP) + -3.0000*S(hbond) + -6.0000*S(metal) + -3.0000*S(cho) )

Score = CHEMPLP - 1.0000*DE(clash) - 2.0000*DE(tors)

Internal energy term has been corrected with the best internal energy encountered.

--------------------------------------------------------------------------------


     Score     S(PLP)   S(hbond)     S(cho)   S(metal)  DE(clash)   DE(tors)     intcor
     55.90     -45.02       1.96       2.00       0.00       0.00       0.51       0.01

--------------------------------------------------------------------------------
--- PLP analysis of protein-ligand interactions                              ---
--------------------------------------------------------------------------------
hydrogen bonding        :      -2.00
metal                   :       0.00
buried (polar-nonpolar) :      -3.74
nonpolar                :     -39.63
repulsive               :       1.19
--------------------------------------------------------------------------------


--------------------------------------------------------------------------------
--- ChemScore analysis of protein-ligand interactions                        ---
--------------------------------------------------------------------------------

* Hydrogen bonds                                                                
Ligand donor    9 hydrogen   33 Protein acceptor 8028 bond energy  1.00 wt 0.96
Ligand donor   12 hydrogen   34 Protein acceptor 8028 bond energy  1.00 wt 1.00


* CH..O interactions                                                            
  CH group selection                       : activated ring CH (adjacent to hetatom)
Ligand carbon   15 hydrogen   36 Protein acceptor 7948 bond energy  1.00 wt 1.00
Ligand carbon   17 hydrogen   37 Protein acceptor 10175 bond energy  1.00 wt 1.00

--------------------------------------------------------------------------------


--------------------------------------------------------------------------------
--- Intra-ligand clashes                                                     ---
--------------------------------------------------------------------------------

Ligand
--------------------------------------------------------------------------------

--------------------------------------------------------------------------------
--- Rescoring solution                                                       ---
--------------------------------------------------------------------------------

     Score         DG    S(hbond)    S(metal)    S(lipo)     H(rot)  DE(clash)    DE(int)
     16.52     -22.41       1.82        0.00     122.28       1.35       2.26       3.63

Doing AMOEBA simplex on best individual
Done simplexing #iterations 607, best score  20.57

     Score         DG    S(hbond)    S(metal)    S(lipo)     H(rot)  DE(clash)    DE(int)
     20.57     -22.20       1.93        0.00     117.39       1.35       0.03       1.60

--------------------------------------------------------------------------------
--- ChemScore breakdown of terms                                             ---
--------------------------------------------------------------------------------
DG = -5.4800 + -3.3400*S(hbond)
     + -6.0300*S(metal) + -0.1170*S(lipo) + 2.5600*H(rot)


H(rot) = 1.3475

Score = -(DG + DE(clash) + DE(int))


--------------------------------------------------------------------------------


--------------------------------------------------------------------------------
--- ChemScore analysis of protein-ligand interactions                        ---
--------------------------------------------------------------------------------

* Hydrogen bonds                                                                
Ligand donor    9 hydrogen   33 Protein acceptor 8028 bond energy  1.00 wt 0.93
Ligand donor   12 hydrogen   34 Protein acceptor 8028 bond energy  1.00 wt 1.00

CHEMSCORE EXTRA INTERACTIONS:

* Clashes                                                                       
Clash for ligand atom   8 (**** ):   0.03
--------------------------------------------------------------------------------


--------------------------------------------------------------------------------
--- Chromosome decoded                                                       ---
--------------------------------------------------------------------------------
Ligand Torsions
[   1    2    3    4] -173.70
[   2    3    4    8]   92.15
[  10    9    8    4]  -60.78
[  14   13   12   10]  -18.74    matched torsion: aromatic amide
Protein Torsions
[6907 6896 6895 6894]  -58.48 
[7974 7965 7964 7962] -100.38 
[8008 7997 7996 7995]   95.83 
[10167 10162 10161 10158] -171.18 
[10718 10713 10712 10709]  -20.85 
[10763 10752 10751 10750]  -71.55 
[11005 11000 10999 10996] -137.60 
Mapping
Ligand acceptors to protein hydrogens (mapping then atom ids)
Ligand hydrogens to protein acceptors (mapping then atom ids)
Ligand shape atoms to protein points (mapping then atom ids & coords)
  3  8817 [  4->(152.000 143.250 159.750)]
  8  6629 [ 14->(149.000 139.750 154.250)]
 10  5750 [ 17->(147.250 140.000 153.500)]
Chromosome values
Integers:
  -1   -1   -1   -1   -1   -1 8816   -1   -1   -1   -1 6628 
  -1 5749 
--------------------------------------------------------------------------------

Current Ranking  5  7  4  2  6  1  3

Top  3 (of  7) solutions are within 1.500 RMSD, finishing docking /DATA2/COVID-19/PDBs_&_Models/AV-procd.sdf.


--------------------------------------------------------------------------------

* GA execution time :                                                           
  total  0.6664 user  0.6664 sys  0.0000

--------------------------------------------------------------------------------
Fitness function evaluations: 80677

--------------------------------------------------------------------------------
--- Ranking analysis                                                         ---
--------------------------------------------------------------------------------


* Final ranked order of GA solutions:                                           
   5  7  4  2  6  1  3 

  _______________________________
  RMSD Matrix of RANKED solutions

        2    3    4    5    6    7  

   1 :  0.4  0.6  6.7  6.7  7.4  7.2
   2 :       0.6  6.7  6.6  7.4  7.1
   3 :            6.7  6.7  7.4  7.1
   4 :                 0.9  3.7  9.0
   5 :                      3.6  9.3
   6 :                          10.1

  Clustering method                        : complete linkage
  Structure ids in cluster table           : rank nos.
  Ordering of clusters and their members   : by rank (order if from rms_analysis)

  Distance | Clusters
   0.35    |  1  2 |  3 |  4 |  5 |  6 |  7 |
   0.65    |  1  2  3 |  4 |  5 |  6 |  7 |
   0.92    |  1  2  3 |  4  5 |  6 |  7 |
   3.66    |  1  2  3 |  4  5  6 |  7 |
   7.17    |  1  2  3  7 |  4  5  6 |
  10.09    |  1  2  3  4  5  6  7 |
  Finished Docking Ligand                  : /DATA2/COVID-19/PDBs_&_Models/AV-procd.sdf
--------------------------------------------------------------------------------

  Relative_Ligand_Energy (best encountered) :   0.010
  Relative_Ligand_Energy: fitness values have been corrected using this amount
