
--------------------------------------------------------------------------------
--- Ligand                                                                   ---
--------------------------------------------------------------------------------
  Ligand loaded from file                  : /DATA2/COVID-19/PDBs_&_Models/AV-procd.sdf
  Ligand name                              :  
  "AV-unprocessed.smi:2693                                                  "

--------------------------------------------------------------------------------
  N.plc donors                             : 
  none found

  Acidic nitrogen acceptors                : 
  none found
  Sulfur acceptors                         :
  none found


  Donor atoms                              :      2
  8   11  
  Acceptor atoms                           :      4
  5   10  16  22  

  Hydrogens                                :  (n = 2)
  30   31   

  Lone pairs added to molecule             :      6
  Numbering                                : from 46 to 51
  Choline groups                           : 
   

--------------------------------------------------------------------------------
--- Postprocessing of typing                                                 ---
--------------------------------------------------------------------------------
  Fragment file                            : /home/scv26/CCDC/Discovery_2020/GOLD/gold/rotatable_bond_override.mol2
  acylurea fragment                        : no matches
  thioacylthiourea fragment                : no matches
  acylthiourea fragment                    : no matches
  thioacylurea fragment                    : no matches
  diarylamine fragment >C.ar-NH-C.ar<      : no matches
  sec-amine (1) fragment                   : no matches
  sec-amine (2) fragment                   : 1 matches
  Ligand bond 2-4  set to 1
  Ligand bond 2-1  set to 1
  Ligand bond 2-3  set to 1
  sec-amine (3) fragment                   : no matches
  carboxylic ester                         : no matches

* Rotatable bonds in /DATA2/COVID-19/PDBs  :
  [   2    4] [   7    8] [  11   12] 
  No. of rotatable bonds                   :      3


* Fragments found in /DATA2/COVID-19/PDBs  :
  atom  13: ribose
  atom  14: ribose
  atom  15: ribose
  atom  16: ribose
  atom  17: ribose


* Checking torsion distributions:                                               
  Rotatable bond [ 6  7  8  9] matches torsion: aromatic amide
   C.ar ( 1H ) | C.ar | N.am ( 1H ) | C.2 ( O.2 ) 
  No. of matched torsions                  :      1

--------------------------------------------------------------------------------
--- Shape fitting atoms selection (hydrophobic atoms)                        ---
--------------------------------------------------------------------------------
  Molecule                                 : /DATA2/COVID-19/PDBs_&_Models/AV-procd.sdf
  Selection                                : carbons only
  Atom numbers                             :  (n = 11)
  1    3    6    12   13   14   15   17   19   20   
  21   


--------------------------------------------------------------------------------
--- ChemScore ligand setup summary                                           ---
--------------------------------------------------------------------------------
  ChemScore ligand acceptors               :      4
  5 10 16 22 
  ChemScore ligand donors                  :      2
  8 ( 30  ) 11 ( 31  ) 
  ChemScore ligand CH donors               :      2
  6 ( 29 ) 21 ( 45 ) 

  ChemScore ligand lipophilic atoms        :  (n = 13)
  1    3    6    7    12   13   14   15   17   18   
  19   20   21   

  ChemScore ligand rotatable bonds         :      3
  2   (****) - 4   (****): SP2_SP2_BOND
  7   (****) - 8   (****): SP2_SP2_BOND
  11  (****) - 12  (****): SP3_SP2_BOND

--------------------------------------------------------------------------------
--- PLP ligand setup summary                                                 ---
--------------------------------------------------------------------------------
    1  ****   C.3 NONPOLAR
    2  **** N.pl3 NONPOLAR
    3  ****   C.3 NONPOLAR
    4  ****  C.ar NONPOLAR
    5  ****  N.ar ACCEPTOR
    6  ****  C.ar NONPOLAR
    7  ****  C.ar NONPOLAR
    8  ****  N.am DONOR
    9  ****   C.2 NONPOLAR
   10  ****   O.2 ACCEPTOR
   11  ****  N.am DONOR
   12  ****   C.3 NONPOLAR
   13  ****   C.3 NONPOLAR
   14  ****   C.3 NONPOLAR
   15  ****   C.3 NONPOLAR
   16  ****   O.3 ACCEPTOR
   17  ****   C.3 NONPOLAR
   18  ****   C.3 NONPOLAR
   19  ****   C.3 NONPOLAR
   20  ****   C.3 NONPOLAR
   21  ****  C.ar NONPOLAR
   22  ****  N.ar ACCEPTOR


--------------------------------------------------------------------------------
--- Automatic parameter setting                                              ---
--------------------------------------------------------------------------------
  Contribution base                        :   2500
  Contribution per rotatable bond          :   6000
  Contribution per df                      :   4000
  Contribution per water                   :  10000
  Ligand rotatable bonds                   :      3
  Protein flexible side chain bonds        :      0
  Total rotatable bonds                    :      3
  Hydrophobic vol ratio (P/L)              :   2.097
  Base multiplier (polar)                  :   1.200
  Base multiplier (apolar)                 :   4.614
  Base contribution                        : 12500.000
  Fitting points                           :      6
  Estimated maxops needed (optimal)        :  31000

--------------------------------------------------------------------------------

* Population settings                                                           
  maxops                                   :  31000
  popsiz                                   :    100
  select_pressure                          :   1.100
  n_islands                                :      3
  niche_siz                                :      2

* GA settings                                                                   
  pt_crosswt                               :     95
  allele_mutatewt                          :     95
  migratewt                                :     10

* Search settings                                                               
  start_vdw_linear_cutoff                  :   4.000
  initial_virtual_pt_match_max             :   3.000

--------------------------------------------------------------------------------

* Ligand initialisation time :                                                  
  total  0.0114 user  0.0114 sys  0.0000

--------------------------------------------------------------------------------

--------------------------------------------------------------------------------
** Docking run number  1 **
--------------------------------------------------------------------------------
  Rank fitness base is 5000.00 ; increment is 11.2233

* Initialising population(s) ...                                                
Number of constraints mappings 0
Number of constraints 0
  Population no.                           :      1
  Population size                          :    100
  Number of duplicates                     :      0
  Number of niche violations               :      0
  Number of errors                         :   4575

Number of constraints mappings 0
Number of constraints 0
  Population no.                           :      2
  Population size                          :    100
  Number of duplicates                     :      0
  Number of niche violations               :      0
  Number of errors                         :   4579

Number of constraints mappings 0
Number of constraints 0
  Population no.                           :      3
  Population size                          :    100
  Number of duplicates                     :      0
  Number of niche violations               :      0
  Number of errors                         :   4510


Doing GA, no. of population(s) 3 size 100 selection pressure 1.100000

 Operation      Score     S(PLP)   S(hbond)     S(cho)   S(metal)  DE(clash)   DE(tors)     intcor
         0      21.45     -24.08       0.00       0.00       0.00       0.00       1.42       0.19
       530      23.42     -21.30       1.52       0.00       0.00       0.00       1.31       0.19
      2069      23.95     -21.76       1.48       0.00       0.00       0.00       1.22       0.19
      2851      27.81     -25.90       0.16       0.92       0.00       0.00       0.77       0.19
      4463      27.86     -21.05       1.67       1.40       0.00       0.00       1.29       0.19
      4553      28.77     -25.76       1.45       0.00       0.00       0.00       0.77       0.19
      6460      31.25     -27.26       0.46       1.00       0.00       0.00       0.29       0.19
     13767      31.72     -27.06       0.66       1.00       0.00       0.00       0.25       0.19
     14577      31.98     -27.94       0.54       1.00       0.00       0.00       0.39       0.19
     14913      32.25     -29.00       0.28       1.00       0.00       0.00       0.39       0.19
     16680      32.85     -29.28       0.39       1.00       0.00       0.00       0.39       0.19
     18089      33.22     -29.15       0.57       1.00       0.00       0.00       0.41       0.19
     30071      33.26     -29.27       0.53       1.00       0.00       0.00       0.40       0.19
--------------------------------------------------------------------------------
Best docking solution after GA:
     31000      33.26     -29.27       0.53       1.00       0.00       0.00       0.40       0.19

#ops:      31000 #mutates:  14678 #cross:    14758 #migrate:   1564 
#dups:      7122 #niche:    14535 #errors:    2549 
--------------------------------------------------------------------------------

Doing AMOEBA simplex on best individual
Done simplexing #iterations 598, best score  34.69

Ligand is stored in gold_soln_AV-procd_m10401_1.sdf


--------------------------------------------------------------------------------
--- CHEMPLP breakdown of terms                                               ---
--------------------------------------------------------------------------------
CHEMPLP = - ( 1.0000*S(PLP) + -3.0000*S(hbond) + -6.0000*S(metal) + -3.0000*S(cho) )

Score = CHEMPLP - 1.0000*DE(clash) - 2.0000*DE(tors)

Internal energy term has been corrected with the best internal energy encountered.

--------------------------------------------------------------------------------


     Score     S(PLP)   S(hbond)     S(cho)   S(metal)  DE(clash)   DE(tors)     intcor
     34.69     -30.08       0.68       1.00       0.00       0.00       0.31       0.19

--------------------------------------------------------------------------------
--- PLP analysis of protein-ligand interactions                              ---
--------------------------------------------------------------------------------
hydrogen bonding        :      -1.91
metal                   :       0.00
buried (polar-nonpolar) :      -3.91
nonpolar                :     -24.45
repulsive               :       0.58
--------------------------------------------------------------------------------


--------------------------------------------------------------------------------
--- ChemScore analysis of protein-ligand interactions                        ---
--------------------------------------------------------------------------------

* Hydrogen bonds                                                                
Protein donor 8011 hydrogen 8017 Ligand acceptor   16 bond energy  1.00 wt 0.68


* CH..O interactions                                                            
  CH group selection                       : activated ring CH (adjacent to hetatom)
Ligand carbon    6 hydrogen   29 Protein acceptor 10171 bond energy  1.00 wt 1.00

--------------------------------------------------------------------------------


--------------------------------------------------------------------------------
--- Intra-ligand clashes                                                     ---
--------------------------------------------------------------------------------

Ligand
--------------------------------------------------------------------------------

--------------------------------------------------------------------------------
--- Rescoring solution                                                       ---
--------------------------------------------------------------------------------

     Score         DG    S(hbond)    S(metal)    S(lipo)     H(rot)  DE(clash)    DE(int)
      8.90     -13.16       0.46        0.00      74.34       1.00       2.44       1.81

Doing AMOEBA simplex on best individual
Done simplexing #iterations 743, best score  10.70

     Score         DG    S(hbond)    S(metal)    S(lipo)     H(rot)  DE(clash)    DE(int)
     10.70     -12.63       0.39        0.00      71.88       1.00       0.09       1.85

--------------------------------------------------------------------------------
--- ChemScore breakdown of terms                                             ---
--------------------------------------------------------------------------------
DG = -5.4800 + -3.3400*S(hbond)
     + -6.0300*S(metal) + -0.1170*S(lipo) + 2.5600*H(rot)


H(rot) = 1.0000

Score = -(DG + DE(clash) + DE(int))


--------------------------------------------------------------------------------


--------------------------------------------------------------------------------
--- ChemScore analysis of protein-ligand interactions                        ---
--------------------------------------------------------------------------------

* Hydrogen bonds                                                                
Protein donor 8011 hydrogen 8017 Ligand acceptor   16 bond energy  1.00 wt 0.39

CHEMSCORE EXTRA INTERACTIONS:

* Clashes                                                                       
Clash for ligand atom   7 (**** ):   0.01
Clash for ligand atom  15 (**** ):   0.08
--------------------------------------------------------------------------------


--------------------------------------------------------------------------------
--- Chromosome decoded                                                       ---
--------------------------------------------------------------------------------
Ligand Torsions
[   1    2    4   22]   -7.92
[   6    7    8    9] -177.04    matched torsion: aromatic amide
[  18   12   11    9]  100.95
Protein Torsions
[6907 6896 6895 6894] -123.21 
[7974 7965 7964 7962] -125.02 
[8008 7997 7996 7995]  159.29 
[10167 10162 10161 10158]  167.07 
[10718 10713 10712 10709]  -87.42 
[10763 10752 10751 10750]   91.87 
[11005 11000 10999 10996] -138.30 
Mapping
Ligand acceptors to protein hydrogens (mapping then atom ids)
Ligand hydrogens to protein acceptors (mapping then atom ids)
Ligand shape atoms to protein points (mapping then atom ids & coords)
  1  3546 [  1->(145.250 131.000 151.250)]
  3  3385 [  6->(145.000 135.750 150.750)]
  8  6889 [ 17->(149.750 141.000 156.000)]
  9  6887 [ 19->(149.750 140.750 156.000)]
Chromosome values
Integers:
  -1   -1   -1   -1   -1   -1 3545   -1 3384   -1   -1   -1 
  -1 6888 6886   -1   -1 
--------------------------------------------------------------------------------

Current Ranking  1

--------------------------------------------------------------------------------

* GA execution time :                                                           
  total  0.6313 user  0.6313 sys  0.0000

--------------------------------------------------------------------------------
Fitness function evaluations: 68099

--------------------------------------------------------------------------------
** Docking run number  2 **
--------------------------------------------------------------------------------
  Rank fitness base is 5000.00 ; increment is 11.2233

* Initialising population(s) ...                                                
Number of constraints mappings 0
Number of constraints 0
  Population no.                           :      1
  Population size                          :    100
  Number of duplicates                     :      0
  Number of niche violations               :      0
  Number of errors                         :   4712

Number of constraints mappings 0
Number of constraints 0
  Population no.                           :      2
  Population size                          :    100
  Number of duplicates                     :      0
  Number of niche violations               :      0
  Number of errors                         :   4444

Number of constraints mappings 0
Number of constraints 0
  Population no.                           :      3
  Population size                          :    100
  Number of duplicates                     :      0
  Number of niche violations               :      0
  Number of errors                         :   4602


Doing GA, no. of population(s) 3 size 100 selection pressure 1.100000

 Operation      Score     S(PLP)   S(hbond)     S(cho)   S(metal)  DE(clash)   DE(tors)     intcor
         0      18.71     -17.19       0.45       0.20       0.00       0.00       0.31       0.19
       253      21.14     -18.22       1.12       0.00       0.00       0.00       0.31       0.19
      1143      21.24     -21.35       0.00       0.00       0.00       0.00       0.15       0.19
      2502      21.28     -19.53       1.69       0.00       0.00       0.00       1.75       0.19
      3965      21.29     -15.83       1.33       1.23       0.00       0.00       1.19       0.19
      4040      27.39     -23.01       1.46       0.07       0.00       0.00       0.19       0.19
      5675      28.54     -22.71       1.00       2.00       0.00       0.00       1.68       0.19
     10028      29.73     -24.29       1.00       1.91       0.00       0.00       1.74       0.19
     11787      29.81     -22.82       1.74       0.64       0.00       0.00       0.16       0.19
     15312      30.02     -24.64       1.00       1.91       0.00       0.00       1.77       0.19
     17018      30.72     -23.54       2.36       0.40       0.00       0.00       0.63       0.19
     17444      30.76     -24.02       1.94       0.69       0.00       0.00       0.66       0.19
     21291      34.12     -31.07       0.10       1.00       0.00       0.00       0.22       0.19
     23409      34.38     -31.29       0.11       1.00       0.00       0.00       0.22       0.19
     27639      34.88     -32.13       0.00       1.00       0.00       0.00       0.22       0.19
     29418      34.90     -32.16       0.00       1.00       0.00       0.00       0.22       0.19
     29721      37.34     -34.92       0.00       0.89       0.00       0.00       0.22       0.19
     30900      37.43     -34.97       0.00       0.89       0.00       0.00       0.20       0.19
--------------------------------------------------------------------------------
Best docking solution after GA:
     31000      37.43     -34.97       0.00       0.89       0.00       0.00       0.20       0.19

#ops:      31000 #mutates:  14880 #cross:    14614 #migrate:   1506 
#dups:      6684 #niche:    13237 #errors:    2641 
--------------------------------------------------------------------------------

Doing AMOEBA simplex on best individual
Done simplexing #iterations 622, best score  40.86

Ligand is stored in gold_soln_AV-procd_m10401_2.sdf


--------------------------------------------------------------------------------
--- CHEMPLP breakdown of terms                                               ---
--------------------------------------------------------------------------------
CHEMPLP = - ( 1.0000*S(PLP) + -3.0000*S(hbond) + -6.0000*S(metal) + -3.0000*S(cho) )

Score = CHEMPLP - 1.0000*DE(clash) - 2.0000*DE(tors)

Internal energy term has been corrected with the best internal energy encountered.

--------------------------------------------------------------------------------


     Score     S(PLP)   S(hbond)     S(cho)   S(metal)  DE(clash)   DE(tors)     intcor
     40.86     -37.07       0.34       1.00       0.00       0.00       0.21       0.19

--------------------------------------------------------------------------------
--- PLP analysis of protein-ligand interactions                              ---
--------------------------------------------------------------------------------
hydrogen bonding        :      -1.33
metal                   :       0.00
buried (polar-nonpolar) :      -2.30
nonpolar                :     -34.50
repulsive               :       1.23
--------------------------------------------------------------------------------


--------------------------------------------------------------------------------
--- ChemScore analysis of protein-ligand interactions                        ---
--------------------------------------------------------------------------------

* Hydrogen bonds                                                                
Protein donor 7954 hydrogen 7966 Ligand acceptor   10 bond energy  1.00 wt 0.34


* CH..O interactions                                                            
  CH group selection                       : activated ring CH (adjacent to hetatom)
Ligand carbon    6 hydrogen   29 Protein acceptor 10171 bond energy  1.00 wt 1.00

--------------------------------------------------------------------------------


--------------------------------------------------------------------------------
--- Intra-ligand clashes                                                     ---
--------------------------------------------------------------------------------

Ligand
--------------------------------------------------------------------------------

--------------------------------------------------------------------------------
--- Rescoring solution                                                       ---
--------------------------------------------------------------------------------

     Score         DG    S(hbond)    S(metal)    S(lipo)     H(rot)  DE(clash)    DE(int)
      7.63     -12.39       0.00        0.00      80.82       1.00       3.50       1.26

Doing AMOEBA simplex on best individual
Done simplexing #iterations 841, best score  11.93

     Score         DG    S(hbond)    S(metal)    S(lipo)     H(rot)  DE(clash)    DE(int)
     11.93     -14.35       0.48        0.00      83.91       1.00       1.17       1.25

--------------------------------------------------------------------------------
--- ChemScore breakdown of terms                                             ---
--------------------------------------------------------------------------------
DG = -5.4800 + -3.3400*S(hbond)
     + -6.0300*S(metal) + -0.1170*S(lipo) + 2.5600*H(rot)


H(rot) = 1.0000

Score = -(DG + DE(clash) + DE(int))


--------------------------------------------------------------------------------


--------------------------------------------------------------------------------
--- ChemScore analysis of protein-ligand interactions                        ---
--------------------------------------------------------------------------------

* Hydrogen bonds                                                                
Protein donor 7954 hydrogen 7966 Ligand acceptor   10 bond energy  1.00 wt 0.48

CHEMSCORE EXTRA INTERACTIONS:

* Clashes                                                                       
Clash for ligand atom   5 (**** ):   0.02
Clash for ligand atom   7 (**** ):   0.76
Clash for ligand atom   9 (**** ):   0.08
Clash for ligand atom  10 (**** ):   0.05
Clash for ligand atom  12 (**** ):   0.01
Clash for ligand atom  13 (**** ):   0.15
Clash for ligand atom  14 (**** ):   0.09
Clash for ligand atom  19 (**** ):   0.01
--------------------------------------------------------------------------------


--------------------------------------------------------------------------------
--- Chromosome decoded                                                       ---
--------------------------------------------------------------------------------
Ligand Torsions
[   1    2    4   22]  172.47
[   6    7    8    9]  -17.60    matched torsion: aromatic amide
[  18   12   11    9]  137.88
Protein Torsions
[6907 6896 6895 6894] -160.35 
[7974 7965 7964 7962]   54.14 
[8008 7997 7996 7995]  -80.46 
[10167 10162 10161 10158]   76.62 
[10718 10713 10712 10709] -123.86 
[10763 10752 10751 10750]   38.11 
[11005 11000 10999 10996] -156.10 
Mapping
Ligand acceptors to protein hydrogens (mapping then atom ids)
Ligand hydrogens to protein acceptors (mapping then atom ids)
Ligand shape atoms to protein points (mapping then atom ids & coords)
  1  2459 [  1->(144.000 133.000 148.750)]
  2  3866 [  3->(145.500 131.750 151.250)]
  5  6264 [ 13->(148.250 140.750 154.000)]
Chromosome values
Integers:
  -1   -1   -1   -1   -1   -1 2458 3865   -1   -1 6263   -1 
  -1   -1   -1   -1   -1 
--------------------------------------------------------------------------------

Current Ranking  2  1

--------------------------------------------------------------------------------

* GA execution time :                                                           
  total  0.6090 user  0.6090 sys  0.0000

--------------------------------------------------------------------------------
Fitness function evaluations: 68525

--------------------------------------------------------------------------------
** Docking run number  3 **
--------------------------------------------------------------------------------
  Rank fitness base is 5000.00 ; increment is 11.2233

* Initialising population(s) ...                                                
Number of constraints mappings 0
Number of constraints 0
  Population no.                           :      1
  Population size                          :    100
  Number of duplicates                     :      0
  Number of niche violations               :      0
  Number of errors                         :   4296

Number of constraints mappings 0
Number of constraints 0
  Population no.                           :      2
  Population size                          :    100
  Number of duplicates                     :      0
  Number of niche violations               :      0
  Number of errors                         :   4416

Number of constraints mappings 0
Number of constraints 0
  Population no.                           :      3
  Population size                          :    100
  Number of duplicates                     :      0
  Number of niche violations               :      0
  Number of errors                         :   4877


Doing GA, no. of population(s) 3 size 100 selection pressure 1.100000

 Operation      Score     S(PLP)   S(hbond)     S(cho)   S(metal)  DE(clash)   DE(tors)     intcor
         0      26.28     -23.12       1.92       0.36       0.00       0.00       1.93       0.19
       963      31.07     -28.69       0.00       1.00       0.00       0.00       0.40       0.19
      3702      32.36     -30.13       0.00       0.95       0.00       0.00       0.40       0.19
      3888      32.51     -30.12       0.00       1.00       0.00       0.00       0.40       0.19
      6684      32.78     -30.30       0.00       1.00       0.00       0.00       0.35       0.19
      6856      33.61     -30.97       0.00       1.00       0.00       0.00       0.27       0.19
      8904      33.88     -31.21       0.00       1.00       0.00       0.00       0.25       0.19
      9465      34.48     -32.53       0.00       1.00       0.00       0.00       0.62       0.19
     11728      34.74     -32.79       0.00       1.00       0.00       0.00       0.62       0.19
     12486      35.59     -32.88       0.00       1.00       0.00       0.00       0.24       0.19
     13383      35.64     -32.87       0.00       1.00       0.00       0.00       0.21       0.19
     14967      35.74     -32.96       0.00       1.00       0.00       0.00       0.20       0.19
     16303      38.52     -35.21       0.23       1.00       0.00       0.00       0.28       0.19
     19083      38.60     -35.17       0.28       1.00       0.00       0.00       0.29       0.19
     21486      38.75     -35.29       0.28       1.00       0.00       0.00       0.28       0.19
     30026      38.80     -35.35       0.28       1.00       0.00       0.00       0.28       0.19
--------------------------------------------------------------------------------
Best docking solution after GA:
     31000      38.80     -35.35       0.28       1.00       0.00       0.00       0.28       0.19

#ops:      31000 #mutates:  14674 #cross:    14806 #migrate:   1520 
#dups:      7085 #niche:    14762 #errors:    2535 
--------------------------------------------------------------------------------

Doing AMOEBA simplex on best individual
Done simplexing #iterations 643, best score  41.19

Ligand is stored in gold_soln_AV-procd_m10401_3.sdf


--------------------------------------------------------------------------------
--- CHEMPLP breakdown of terms                                               ---
--------------------------------------------------------------------------------
CHEMPLP = - ( 1.0000*S(PLP) + -3.0000*S(hbond) + -6.0000*S(metal) + -3.0000*S(cho) )

Score = CHEMPLP - 1.0000*DE(clash) - 2.0000*DE(tors)

Internal energy term has been corrected with the best internal energy encountered.

--------------------------------------------------------------------------------


     Score     S(PLP)   S(hbond)     S(cho)   S(metal)  DE(clash)   DE(tors)     intcor
     41.19     -37.43       0.32       1.00       0.00       0.00       0.20       0.19

--------------------------------------------------------------------------------
--- PLP analysis of protein-ligand interactions                              ---
--------------------------------------------------------------------------------
hydrogen bonding        :      -1.31
metal                   :       0.00
buried (polar-nonpolar) :      -2.79
nonpolar                :     -34.36
repulsive               :       0.95
--------------------------------------------------------------------------------


--------------------------------------------------------------------------------
--- ChemScore analysis of protein-ligand interactions                        ---
--------------------------------------------------------------------------------

* Hydrogen bonds                                                                
Protein donor 7954 hydrogen 7966 Ligand acceptor   10 bond energy  1.00 wt 0.32


* CH..O interactions                                                            
  CH group selection                       : activated ring CH (adjacent to hetatom)
Ligand carbon    6 hydrogen   29 Protein acceptor 10171 bond energy  1.00 wt 1.00

--------------------------------------------------------------------------------


--------------------------------------------------------------------------------
--- Intra-ligand clashes                                                     ---
--------------------------------------------------------------------------------

Ligand
--------------------------------------------------------------------------------

--------------------------------------------------------------------------------
--- Rescoring solution                                                       ---
--------------------------------------------------------------------------------

     Score         DG    S(hbond)    S(metal)    S(lipo)     H(rot)  DE(clash)    DE(int)
     10.04     -13.18       0.26        0.00      80.13       1.00       1.96       1.18

Doing AMOEBA simplex on best individual
Done simplexing #iterations 628, best score  12.63

     Score         DG    S(hbond)    S(metal)    S(lipo)     H(rot)  DE(clash)    DE(int)
     12.63     -14.64       0.62        0.00      82.56       1.00       0.82       1.18

--------------------------------------------------------------------------------
--- ChemScore breakdown of terms                                             ---
--------------------------------------------------------------------------------
DG = -5.4800 + -3.3400*S(hbond)
     + -6.0300*S(metal) + -0.1170*S(lipo) + 2.5600*H(rot)


H(rot) = 1.0000

Score = -(DG + DE(clash) + DE(int))


--------------------------------------------------------------------------------


--------------------------------------------------------------------------------
--- ChemScore analysis of protein-ligand interactions                        ---
--------------------------------------------------------------------------------

* Hydrogen bonds                                                                
Protein donor 7954 hydrogen 7966 Ligand acceptor   10 bond energy  1.00 wt 0.62

CHEMSCORE EXTRA INTERACTIONS:

* Clashes                                                                       
Clash for ligand atom   7 (**** ):   0.44
Clash for ligand atom   9 (**** ):   0.08
Clash for ligand atom  10 (**** ):   0.12
Clash for ligand atom  12 (**** ):   0.01
Clash for ligand atom  13 (**** ):   0.15
Clash for ligand atom  19 (**** ):   0.02
--------------------------------------------------------------------------------


--------------------------------------------------------------------------------
--- Chromosome decoded                                                       ---
--------------------------------------------------------------------------------
Ligand Torsions
[   1    2    4   22]    2.05
[   6    7    8    9]  -20.01    matched torsion: aromatic amide
[  18   12   11    9]  137.19
Protein Torsions
[6907 6896 6895 6894] -160.90 
[7974 7965 7964 7962] -107.11 
[8008 7997 7996 7995] -109.65 
[10167 10162 10161 10158] -101.87 
[10718 10713 10712 10709] -128.85 
[10763 10752 10751 10750]  -33.38 
[11005 11000 10999 10996]  -69.16 
Mapping
Ligand acceptors to protein hydrogens (mapping then atom ids)
Ligand hydrogens to protein acceptors (mapping then atom ids)
Ligand shape atoms to protein points (mapping then atom ids & coords)
  1  3552 [  1->(145.250 131.500 151.250)]
  2  3070 [  3->(144.750 133.000 150.000)]
  3  3649 [  6->(145.250 135.000 151.000)]
Chromosome values
Integers:
  -1   -1   -1   -1   -1   -1 3551 3069 3648   -1   -1   -1 
  -1   -1   -1   -1   -1 
--------------------------------------------------------------------------------

Current Ranking  3  2  1

--------------------------------------------------------------------------------

* GA execution time :                                                           
  total  0.6164 user  0.6164 sys  0.0000

--------------------------------------------------------------------------------
Fitness function evaluations: 67818

--------------------------------------------------------------------------------
** Docking run number  4 **
--------------------------------------------------------------------------------
  Rank fitness base is 5000.00 ; increment is 11.2233

* Initialising population(s) ...                                                
Number of constraints mappings 0
Number of constraints 0
  Population no.                           :      1
  Population size                          :    100
  Number of duplicates                     :      0
  Number of niche violations               :      0
  Number of errors                         :   4496

Number of constraints mappings 0
Number of constraints 0
  Population no.                           :      2
  Population size                          :    100
  Number of duplicates                     :      0
  Number of niche violations               :      0
  Number of errors                         :   4595

Number of constraints mappings 0
Number of constraints 0
  Population no.                           :      3
  Population size                          :    100
  Number of duplicates                     :      0
  Number of niche violations               :      0
  Number of errors                         :   4665


Doing GA, no. of population(s) 3 size 100 selection pressure 1.100000

 Operation      Score     S(PLP)   S(hbond)     S(cho)   S(metal)  DE(clash)   DE(tors)     intcor
         0      18.55     -17.37       0.70       0.07       0.00       0.00       0.66       0.19
       584      21.69     -21.58       0.23       0.00       0.00       0.00       0.38       0.19
      1435      22.83     -18.06       1.11       0.86       0.00       0.00       0.66       0.19
      2201      24.40     -22.14       0.00       1.00       0.00       0.00       0.46       0.19
      2651      24.55     -21.72       0.70       0.56       0.00       0.00       0.57       0.19
      2873      24.91     -21.35       0.86       0.52       0.00       0.00       0.40       0.19
      4702      25.09     -20.00       1.78       1.00       0.00       0.00       1.72       0.19
      4877      27.69     -21.89       1.00       1.29       0.00       0.00       0.63       0.19
      5783      29.32     -25.38       0.66       0.81       0.00       0.00       0.33       0.19
      5809      29.84     -22.84       2.43       1.00       0.00       0.00       1.75       0.19
      7660      29.84     -23.27       2.26       1.00       0.00       0.00       1.71       0.19
      7783      30.34     -23.15       2.49       1.00       0.00       0.00       1.73       0.19
      9145      30.57     -23.09       2.55       1.00       0.00       0.00       1.67       0.19
      9885      30.84     -27.37       0.29       1.00       0.00       0.00       0.30       0.19
     11697      30.85     -27.34       0.30       1.00       0.00       0.00       0.28       0.19
     11787      30.90     -27.36       0.30       1.00       0.00       0.00       0.27       0.19
     11829      31.09     -27.94       0.19       1.00       0.00       0.00       0.30       0.19
     12726      31.36     -27.91       0.25       1.00       0.00       0.00       0.24       0.19
     14136      31.38     -28.44       0.14       1.00       0.00       0.00       0.34       0.19
     14628      31.43     -28.42       0.16       1.00       0.00       0.00       0.33       0.19
     15279      31.44     -28.27       0.19       1.00       0.00       0.00       0.29       0.19
     15750      31.44     -28.33       0.18       1.00       0.00       0.00       0.31       0.19
     16055      31.46     -30.55       0.00       0.73       0.00       0.00       0.73       0.19
     16232      31.48     -27.95       0.25       1.00       0.00       0.00       0.19       0.19
     16781      33.82     -30.10       0.67       1.00       0.00       0.00       0.73       0.19
     16982      35.14     -31.37       0.67       1.00       0.00       0.00       0.71       0.19
     22798      35.31     -31.38       0.71       1.00       0.00       0.00       0.70       0.19
     24294      36.18     -32.81       0.62       1.00       0.00       0.00       0.84       0.19
     25752      36.88     -35.16       0.00       1.00       0.00       0.00       0.73       0.19
     28895      37.25     -35.50       0.00       1.00       0.00       0.00       0.72       0.19
     29207      37.57     -35.50       0.13       1.00       0.00       0.00       0.76       0.19
     29341      37.67     -35.17       0.31       1.00       0.00       0.00       0.81       0.19
     29511      38.02     -35.47       0.31       1.00       0.00       0.00       0.78       0.19
     30281      38.09     -35.52       0.31       1.00       0.00       0.00       0.77       0.19
--------------------------------------------------------------------------------
Best docking solution after GA:
     31000      38.09     -35.52       0.31       1.00       0.00       0.00       0.77       0.19

#ops:      31000 #mutates:  14832 #cross:    14618 #migrate:   1550 
#dups:      7826 #niche:    15084 #errors:    2801 
--------------------------------------------------------------------------------

Doing AMOEBA simplex on best individual
Done simplexing #iterations 741, best score  40.90

Ligand is stored in gold_soln_AV-procd_m10401_4.sdf


--------------------------------------------------------------------------------
--- CHEMPLP breakdown of terms                                               ---
--------------------------------------------------------------------------------
CHEMPLP = - ( 1.0000*S(PLP) + -3.0000*S(hbond) + -6.0000*S(metal) + -3.0000*S(cho) )

Score = CHEMPLP - 1.0000*DE(clash) - 2.0000*DE(tors)

Internal energy term has been corrected with the best internal energy encountered.

--------------------------------------------------------------------------------


     Score     S(PLP)   S(hbond)     S(cho)   S(metal)  DE(clash)   DE(tors)     intcor
     40.90     -37.43       0.34       1.00       0.00       0.00       0.37       0.19

--------------------------------------------------------------------------------
--- PLP analysis of protein-ligand interactions                              ---
--------------------------------------------------------------------------------
hydrogen bonding        :      -0.99
metal                   :       0.00
buried (polar-nonpolar) :      -2.94
nonpolar                :     -33.84
repulsive               :       1.31
--------------------------------------------------------------------------------


--------------------------------------------------------------------------------
--- ChemScore analysis of protein-ligand interactions                        ---
--------------------------------------------------------------------------------

* Hydrogen bonds                                                                
Protein donor 7954 hydrogen 7966 Ligand acceptor   10 bond energy  1.00 wt 0.34


* CH..O interactions                                                            
  CH group selection                       : activated ring CH (adjacent to hetatom)
Ligand carbon   21 hydrogen   45 Protein acceptor 10171 bond energy  1.00 wt 1.00

--------------------------------------------------------------------------------


--------------------------------------------------------------------------------
--- Intra-ligand clashes                                                     ---
--------------------------------------------------------------------------------

Ligand
--------------------------------------------------------------------------------

--------------------------------------------------------------------------------
--- Rescoring solution                                                       ---
--------------------------------------------------------------------------------

     Score         DG    S(hbond)    S(metal)    S(lipo)     H(rot)  DE(clash)    DE(int)
      9.96     -13.61       0.30        0.00      82.78       1.00       1.60       2.05

Doing AMOEBA simplex on best individual
Done simplexing #iterations 730, best score  11.93

     Score         DG    S(hbond)    S(metal)    S(lipo)     H(rot)  DE(clash)    DE(int)
     11.93     -14.77       0.57        0.00      85.07       1.00       0.82       2.03

--------------------------------------------------------------------------------
--- ChemScore breakdown of terms                                             ---
--------------------------------------------------------------------------------
DG = -5.4800 + -3.3400*S(hbond)
     + -6.0300*S(metal) + -0.1170*S(lipo) + 2.5600*H(rot)


H(rot) = 1.0000

Score = -(DG + DE(clash) + DE(int))


--------------------------------------------------------------------------------


--------------------------------------------------------------------------------
--- ChemScore analysis of protein-ligand interactions                        ---
--------------------------------------------------------------------------------

* Hydrogen bonds                                                                
Protein donor 7954 hydrogen 7966 Ligand acceptor   10 bond energy  1.00 wt 0.57

CHEMSCORE EXTRA INTERACTIONS:

* Clashes                                                                       
Clash for ligand atom   7 (**** ):   0.44
Clash for ligand atom   9 (**** ):   0.01
Clash for ligand atom  10 (**** ):   0.07
Clash for ligand atom  13 (**** ):   0.15
Clash for ligand atom  19 (**** ):   0.02
Clash for ligand atom  22 (**** ):   0.12
--------------------------------------------------------------------------------


--------------------------------------------------------------------------------
--- Chromosome decoded                                                       ---
--------------------------------------------------------------------------------
Ligand Torsions
[   1    2    4   22]  163.92
[   6    7    8    9]  158.44    matched torsion: aromatic amide
[  18   12   11    9]  143.03
Protein Torsions
[6907 6896 6895 6894] -148.83 
[7974 7965 7964 7962] -113.53 
[8008 7997 7996 7995]   48.02 
[10167 10162 10161 10158] -170.76 
[10718 10713 10712 10709]  126.99 
[10763 10752 10751 10750]   56.46 
[11005 11000 10999 10996]  -76.55 
Mapping
Ligand acceptors to protein hydrogens (mapping then atom ids)
Ligand hydrogens to protein acceptors (mapping then atom ids)
Ligand shape atoms to protein points (mapping then atom ids & coords)
  1  3593 [  1->(145.250 132.500 150.500)]
  2  2661 [  3->(144.250 133.000 150.000)]
 11  3649 [ 21->(145.250 135.000 151.000)]
Chromosome values
Integers:
  -1   -1   -1   -1   -1   -1 3592 2660   -1   -1   -1   -1 
  -1   -1   -1   -1 3648 
--------------------------------------------------------------------------------

Current Ranking  3  4  2  1

Top  3 (of  4) solutions are within 1.500 RMSD, finishing docking /DATA2/COVID-19/PDBs_&_Models/AV-procd.sdf.


--------------------------------------------------------------------------------

* GA execution time :                                                           
  total  0.6229 user  0.6229 sys  0.0000

--------------------------------------------------------------------------------
Fitness function evaluations: 67735

--------------------------------------------------------------------------------
--- Ranking analysis                                                         ---
--------------------------------------------------------------------------------


* Final ranked order of GA solutions:                                           
   3  4  2  1 

  _______________________________
  RMSD Matrix of RANKED solutions

        2    3    4  

   1 :  0.9  0.2  2.5
   2 :       0.8  2.5
   3 :            2.5

  Clustering method                        : complete linkage
  Structure ids in cluster table           : rank nos.
  Ordering of clusters and their members   : by rank (order if from rms_analysis)

  Distance | Clusters
   0.22    |  1  3 |  2 |  4 |
   0.88    |  1  2  3 |  4 |
   2.53    |  1  2  3  4 |
  Finished Docking Ligand                  : /DATA2/COVID-19/PDBs_&_Models/AV-procd.sdf
--------------------------------------------------------------------------------

  Relative_Ligand_Energy (best encountered) :   0.185
  Relative_Ligand_Energy: fitness values have been corrected using this amount
