
--------------------------------------------------------------------------------
--- Ligand                                                                   ---
--------------------------------------------------------------------------------
  Ligand loaded from file                  : /DATA2/COVID-19/PDBs_&_Models/AV-procd.sdf
  Ligand name                              :  
  "AV-unprocessed.smi:3027                                                  "

--------------------------------------------------------------------------------
  N.plc donors                             : 
  none found

  Acidic nitrogen acceptors                : 
  none found
  Sulfur acceptors                         :
  none found


  Donor atoms                              :      1
  9   
  Acceptor atoms                           :      1
  4   

  Hydrogens                                :  (n = 2)
  26   37   

  Lone pairs added to molecule             :      1
  Numbering                                : from 38 to 38
  Choline groups                           : 
   

--------------------------------------------------------------------------------
--- Postprocessing of typing                                                 ---
--------------------------------------------------------------------------------
  Fragment file                            : /home/scv26/CCDC/Discovery_2020/GOLD/gold/rotatable_bond_override.mol2
  acylurea fragment                        : no matches
  thioacylthiourea fragment                : no matches
  acylthiourea fragment                    : no matches
  thioacylurea fragment                    : no matches
  diarylamine fragment >C.ar-NH-C.ar<      : no matches
  sec-amine (1) fragment                   : no matches
  sec-amine (2) fragment                   : no matches
  sec-amine (3) fragment                   : no matches
  carboxylic ester                         : no matches

* Rotatable bonds in /DATA2/COVID-19/PDBs  :
  [   5    6] [   6    7] [   7    9] [   9   10] 
  No. of rotatable bonds                   :      4


* Fragments found in /DATA2/COVID-19/PDBs  :


* Checking torsion distributions:                                               
  No. of matched torsions                  :      0

--------------------------------------------------------------------------------
--- Shape fitting atoms selection (hydrophobic atoms)                        ---
--------------------------------------------------------------------------------
  Molecule                                 : /DATA2/COVID-19/PDBs_&_Models/AV-procd.sdf
  Selection                                : carbons only
  Atom numbers                             :  (n = 11)
  1    3    6    7    8    10   11   12   13   14   
  15   


--------------------------------------------------------------------------------
--- ChemScore ligand setup summary                                           ---
--------------------------------------------------------------------------------
  ChemScore ligand acceptors               :      1
  4 
  ChemScore ligand donors                  :      1
  9 ( 26 [+] 37 [+]  ) 
  ChemScore ligand CH donors               :      2
  3 ( 19 ) 15 ( 36 ) 

  ChemScore ligand lipophilic atoms        :  (n = 12)
  1    2    3    6    7    8    10   11   12   13   
  14   15   

  ChemScore ligand rotatable bonds         :      4
  5   (****) - 6   (****): SP3_SP2_BOND
  6   (****) - 7   (****): SP3_SP3_BOND
  7   (****) - 9   (****): SP3_SP3_BOND
  9   (****) - 10  (****): SP3_SP3_BOND

--------------------------------------------------------------------------------
--- PLP ligand setup summary                                                 ---
--------------------------------------------------------------------------------
    1  ****   C.3 NONPOLAR
    2  ****   C.2 NONPOLAR
    3  ****   C.2 NONPOLAR
    4  ****   N.2 ACCEPTOR
    5  **** N.pl3 NONPOLAR
    6  ****   C.3 NONPOLAR
    7  ****   C.3 NONPOLAR
    8  ****   C.3 NONPOLAR
    9  ****   N.4 DONOR
   10  ****   C.3 NONPOLAR
   11  ****   C.3 NONPOLAR
   12  ****   C.3 NONPOLAR
   13  ****   C.3 NONPOLAR
   14  ****   C.3 NONPOLAR
   15  ****   C.2 NONPOLAR


--------------------------------------------------------------------------------
--- Automatic parameter setting                                              ---
--------------------------------------------------------------------------------
  Contribution base                        :   2500
  Contribution per rotatable bond          :   6000
  Contribution per df                      :   4000
  Contribution per water                   :  10000
  Ligand rotatable bonds                   :      4
  Protein flexible side chain bonds        :      0
  Total rotatable bonds                    :      4
  Hydrophobic vol ratio (P/L)              :   2.097
  Base multiplier (polar)                  :   0.400
  Base multiplier (apolar)                 :   4.614
  Base contribution                        : 12500.000
  Fitting points                           :      2
  Estimated maxops needed (optimal)        :  37000

--------------------------------------------------------------------------------

* Population settings                                                           
  maxops                                   :  37000
  popsiz                                   :    100
  select_pressure                          :   1.100
  n_islands                                :      3
  niche_siz                                :      2

* GA settings                                                                   
  pt_crosswt                               :     95
  allele_mutatewt                          :     95
  migratewt                                :     10

* Search settings                                                               
  start_vdw_linear_cutoff                  :   4.000
  initial_virtual_pt_match_max             :   3.000

--------------------------------------------------------------------------------

* Ligand initialisation time :                                                  
  total  0.0049 user  0.0049 sys  0.0000

--------------------------------------------------------------------------------

--------------------------------------------------------------------------------
** Docking run number  1 **
--------------------------------------------------------------------------------
  Rank fitness base is 5000.00 ; increment is 11.2233

* Initialising population(s) ...                                                
Number of constraints mappings 0
Number of constraints 0
  Population no.                           :      1
  Population size                          :    100
  Number of duplicates                     :      0
  Number of niche violations               :      0
  Number of errors                         :   7069

Number of constraints mappings 0
Number of constraints 0
  Population no.                           :      2
  Population size                          :    100
  Number of duplicates                     :      0
  Number of niche violations               :      0
  Number of errors                         :   7362

Number of constraints mappings 0
Number of constraints 0
  Population no.                           :      3
  Population size                          :    100
  Number of duplicates                     :      0
  Number of niche violations               :      0
  Number of errors                         :   6991


Doing GA, no. of population(s) 3 size 100 selection pressure 1.100000

 Operation      Score     S(PLP)   S(hbond)     S(cho)   S(metal)  DE(clash)   DE(tors)     intcor
         0      23.30     -21.21       1.44       1.00       0.00       1.56       1.97       0.27
       723      23.85     -18.13       1.69       1.00       0.00       0.00       1.31       0.27
      1613      28.32     -23.65       2.00       0.00       0.00       0.00       0.80       0.27
      1844      28.43     -24.08       2.00       0.00       0.00       0.00       0.96       0.27
      3389      28.86     -22.26       2.00       1.00       0.00       1.99       0.34       0.27
      4075      29.44     -22.46       1.39       1.25       0.00       0.00       0.60       0.27
      4529      30.65     -26.19       1.98       0.00       0.00       0.00       0.88       0.27
      4783      30.67     -26.26       1.95       0.00       0.00       0.00       0.86       0.27
      4834      30.74     -26.89       1.76       0.00       0.00       0.00       0.86       0.27
      6794      31.91     -27.40       2.00       0.00       0.00       0.00       0.88       0.27
      7174      36.59     -27.23       2.96       0.81       0.00       0.00       1.11       0.27
      9229      38.84     -32.04       2.35       0.34       0.00       0.00       0.77       0.27
     11631      39.46     -31.69       3.00       0.00       0.00       0.00       0.75       0.27
     12582      39.53     -31.76       3.00       0.00       0.00       0.00       0.75       0.27
     13860      40.52     -32.75       3.00       0.00       0.00       0.00       0.75       0.27
     15621      40.63     -32.87       3.00       0.00       0.00       0.00       0.75       0.27
     16516      40.66     -32.87       3.00       0.00       0.00       0.00       0.71       0.21
     17239      40.79     -32.98       3.00       0.00       0.00       0.00       0.70       0.21
     21418      40.80     -33.06       3.00       0.00       0.00       0.00       0.70       0.14
     22053      40.86     -33.12       3.00       0.00       0.00       0.00       0.70       0.14
     27328      40.86     -35.66       2.00       0.00       0.00       0.00       0.45       0.11
     27510      41.57     -34.32       2.86       0.00       0.00       0.00       0.72       0.11
     30724      41.59     -36.33       2.00       0.00       0.00       0.00       0.42       0.11
     32971      41.78     -36.89       2.00       0.00       0.00       0.47       0.37       0.11
     33321      42.78     -37.89       2.00       0.00       0.00       0.00       0.61       0.11
     34450      42.88     -37.94       2.00       0.00       0.00       0.00       0.58       0.11
     34803      42.93     -37.94       2.00       0.00       0.00       0.00       0.56       0.11
     35865      43.13     -38.18       2.00       0.00       0.00       0.00       0.58       0.11
     36018      43.20     -38.03       2.00       0.00       0.00       0.00       0.47       0.11
     36063      43.27     -38.14       2.00       0.00       0.00       0.00       0.49       0.11
--------------------------------------------------------------------------------
Best docking solution after GA:
     37000      43.27     -38.14       2.00       0.00       0.00       0.00       0.49       0.11

#ops:      37000 #mutates:  17679 #cross:    17498 #migrate:   1823 
#dups:      8790 #niche:    17933 #errors:    2268 
--------------------------------------------------------------------------------

Doing AMOEBA simplex on best individual
Done simplexing #iterations 824, best score  46.15

Ligand is stored in gold_soln_AV-procd_m11515_1.sdf


--------------------------------------------------------------------------------
--- CHEMPLP breakdown of terms                                               ---
--------------------------------------------------------------------------------
CHEMPLP = - ( 1.0000*S(PLP) + -3.0000*S(hbond) + -6.0000*S(metal) + -3.0000*S(cho) )

Score = CHEMPLP - 1.0000*DE(clash) - 2.0000*DE(tors)

Internal energy term has been corrected with the best internal energy encountered.

--------------------------------------------------------------------------------


     Score     S(PLP)   S(hbond)     S(cho)   S(metal)  DE(clash)   DE(tors)     intcor
     46.15     -40.74       2.00       0.00       0.00       0.00       0.35       0.11

--------------------------------------------------------------------------------
--- PLP analysis of protein-ligand interactions                              ---
--------------------------------------------------------------------------------
hydrogen bonding        :      -1.00
metal                   :       0.00
buried (polar-nonpolar) :      -3.36
nonpolar                :     -36.98
repulsive               :       0.21
--------------------------------------------------------------------------------


--------------------------------------------------------------------------------
--- ChemScore analysis of protein-ligand interactions                        ---
--------------------------------------------------------------------------------

* Hydrogen bonds                                                                
Ligand donor    9 hydrogen   26 Protein acceptor 8028 bond energy  1.00 wt 2.00


* CH..O interactions                                                            
  CH group selection                       : activated ring CH (adjacent to hetatom)

--------------------------------------------------------------------------------


--------------------------------------------------------------------------------
--- Intra-ligand clashes                                                     ---
--------------------------------------------------------------------------------

Ligand
--------------------------------------------------------------------------------

--------------------------------------------------------------------------------
--- Rescoring solution                                                       ---
--------------------------------------------------------------------------------

     Score         DG    S(hbond)    S(metal)    S(lipo)     H(rot)  DE(clash)    DE(int)
     15.60     -17.15       0.99        0.00     102.12       1.40       0.04       1.51

Doing AMOEBA simplex on best individual
Done simplexing #iterations 602, best score  16.73

     Score         DG    S(hbond)    S(metal)    S(lipo)     H(rot)  DE(clash)    DE(int)
     16.73     -17.30       0.99        0.00     103.26       1.40       0.04       0.53

--------------------------------------------------------------------------------
--- ChemScore breakdown of terms                                             ---
--------------------------------------------------------------------------------
DG = -5.4800 + -3.3400*S(hbond)
     + -6.0300*S(metal) + -0.1170*S(lipo) + 2.5600*H(rot)


H(rot) = 1.3991

Score = -(DG + DE(clash) + DE(int))


--------------------------------------------------------------------------------


--------------------------------------------------------------------------------
--- ChemScore analysis of protein-ligand interactions                        ---
--------------------------------------------------------------------------------

* Hydrogen bonds                                                                
Ligand donor    9 hydrogen   26 Protein acceptor 8028 bond energy  1.00 wt 0.99

CHEMSCORE EXTRA INTERACTIONS:

* Clashes                                                                       
Clash for ligand atom  12 (**** ):   0.04
--------------------------------------------------------------------------------


--------------------------------------------------------------------------------
--- Chromosome decoded                                                       ---
--------------------------------------------------------------------------------
Ligand Torsions
[   4    5    6    7] -122.72
[   5    6    7    8]  -72.96
[  10    9    7    6] -177.03
[  14   10    9    7]  158.75
Protein Torsions
[6907 6896 6895 6894]   40.31 
[7974 7965 7964 7962]  125.21 
[8008 7997 7996 7995] -132.17 
[10167 10162 10161 10158] -121.81 
[10718 10713 10712 10709] -165.53 
[10763 10752 10751 10750]  -66.94 
[11005 11000 10999 10996] -175.22 
Mapping
Ligand acceptors to protein hydrogens (mapping then atom ids)
Ligand hydrogens to protein acceptors (mapping then atom ids)
  1  15 [ 26->8028]
Ligand shape atoms to protein points (mapping then atom ids & coords)
  3  8295 [  6->(151.500 143.500 157.500)]
  6  6522 [ 10->(148.750 141.250 155.250)]
Chromosome values
Integers:
  -1   14   -1   -1   -1 8294   -1   -1 6521   -1   -1   -1 
  -1   -1 
--------------------------------------------------------------------------------

Current Ranking  1

--------------------------------------------------------------------------------

* GA execution time :                                                           
  total  0.6749 user  0.6709 sys  0.0040

--------------------------------------------------------------------------------
Fitness function evaluations: 84354

--------------------------------------------------------------------------------
** Docking run number  2 **
--------------------------------------------------------------------------------
  Rank fitness base is 5000.00 ; increment is 11.2233

* Initialising population(s) ...                                                
Number of constraints mappings 0
Number of constraints 0
  Population no.                           :      1
  Population size                          :    100
  Number of duplicates                     :      0
  Number of niche violations               :      0
  Number of errors                         :   7074

Number of constraints mappings 0
Number of constraints 0
  Population no.                           :      2
  Population size                          :    100
  Number of duplicates                     :      0
  Number of niche violations               :      0
  Number of errors                         :   6936

Number of constraints mappings 0
Number of constraints 0
  Population no.                           :      3
  Population size                          :    100
  Number of duplicates                     :      0
  Number of niche violations               :      0
  Number of errors                         :   7312


Doing GA, no. of population(s) 3 size 100 selection pressure 1.100000

 Operation      Score     S(PLP)   S(hbond)     S(cho)   S(metal)  DE(clash)   DE(tors)     intcor
         0      19.51     -20.82       0.34       0.00       0.00       0.00       1.21       0.11
        35      21.92     -20.78       0.00       0.63       0.00       0.00       0.42       0.11
       780      23.43     -25.69       0.25       0.00       0.00       0.00       1.56       0.11
      2046      24.29     -27.30       0.00       0.00       0.00       0.00       1.56       0.11
      2067      25.15     -28.17       0.00       0.00       0.00       0.00       1.56       0.11
      2215      25.22     -26.97       0.00       0.00       0.00       0.00       0.93       0.11
      2359      28.52     -29.88       0.42       0.00       0.00       0.00       1.37       0.11
      3615      30.13     -26.09       2.00       0.00       0.00       0.00       1.03       0.11
      4529      31.23     -28.70       1.69       0.00       0.00       0.00       1.29       0.03
      5013      34.06     -29.83       2.00       0.00       0.00       0.00       0.90       0.03
      5934      34.17     -29.03       2.00       0.00       0.00       0.00       0.45       0.03
      6268      36.32     -32.89       2.00       0.00       0.00       0.00       1.30       0.03
      7525      36.55     -33.01       2.00       0.00       0.00       0.00       1.25       0.03
      7768      37.01     -32.32       2.00       0.00       0.00       0.00       0.67       0.03
      7976      38.01     -32.88       2.00       0.00       0.00       0.00       0.45       0.03
      9274      38.56     -33.87       2.00       0.00       0.00       0.00       0.67       0.03
     10138      39.00     -34.31       2.00       0.00       0.00       0.00       0.67       0.03
     10492      39.59     -34.90       2.00       0.00       0.00       0.00       0.67       0.03
     10813      40.35     -35.66       2.00       0.00       0.00       0.00       0.67       0.03
     11262      41.95     -36.74       2.00       0.00       0.00       0.00       0.41       0.03
     11532      42.20     -37.21       2.00       0.00       0.00       0.47       0.29       0.03
     12198      42.81     -37.43       2.00       0.00       0.00       0.00       0.33       0.03
     13885      42.81     -37.23       2.00       0.00       0.00       0.00       0.23       0.03
     15268      42.97     -37.40       2.00       0.00       0.00       0.00       0.23       0.03
     15469      43.15     -37.62       2.00       0.00       0.00       0.00       0.25       0.03
     19812      43.17     -37.58       2.00       0.00       0.00       0.00       0.22       0.03
     21539      43.67     -38.55       2.00       0.00       0.00       0.00       0.45       0.03
     21581      43.99     -38.72       2.00       0.00       0.00       0.00       0.37       0.03
     27319      44.10     -38.89       2.00       0.00       0.00       0.00       0.41       0.03
     33711      44.46     -39.24       2.00       0.00       0.00       0.00       0.41       0.03
     34740      44.48     -39.53       2.00       0.00       0.00       0.47       0.30       0.03
     36118      44.84     -39.47       2.00       0.00       0.00       0.00       0.33       0.03
--------------------------------------------------------------------------------
Best docking solution after GA:
     37000      44.84     -39.47       2.00       0.00       0.00       0.00       0.33       0.03

#ops:      37000 #mutates:  17763 #cross:    17417 #migrate:   1820 
#dups:     11538 #niche:    20768 #errors:    2143 
--------------------------------------------------------------------------------

Doing AMOEBA simplex on best individual
Done simplexing #iterations 467, best score  45.89

Ligand is stored in gold_soln_AV-procd_m11515_2.sdf


--------------------------------------------------------------------------------
--- CHEMPLP breakdown of terms                                               ---
--------------------------------------------------------------------------------
CHEMPLP = - ( 1.0000*S(PLP) + -3.0000*S(hbond) + -6.0000*S(metal) + -3.0000*S(cho) )

Score = CHEMPLP - 1.0000*DE(clash) - 2.0000*DE(tors)

Internal energy term has been corrected with the best internal energy encountered.

--------------------------------------------------------------------------------


     Score     S(PLP)   S(hbond)     S(cho)   S(metal)  DE(clash)   DE(tors)     intcor
     45.89     -40.52       2.00       0.00       0.00       0.00       0.33       0.03

--------------------------------------------------------------------------------
--- PLP analysis of protein-ligand interactions                              ---
--------------------------------------------------------------------------------
hydrogen bonding        :      -1.00
metal                   :       0.00
buried (polar-nonpolar) :      -1.80
nonpolar                :     -36.46
repulsive               :       0.19
--------------------------------------------------------------------------------


--------------------------------------------------------------------------------
--- ChemScore analysis of protein-ligand interactions                        ---
--------------------------------------------------------------------------------

* Hydrogen bonds                                                                
Ligand donor    9 hydrogen   26 Protein acceptor 8028 bond energy  1.00 wt 2.00


* CH..O interactions                                                            
  CH group selection                       : activated ring CH (adjacent to hetatom)

--------------------------------------------------------------------------------


--------------------------------------------------------------------------------
--- Intra-ligand clashes                                                     ---
--------------------------------------------------------------------------------

Ligand
--------------------------------------------------------------------------------

--------------------------------------------------------------------------------
--- Rescoring solution                                                       ---
--------------------------------------------------------------------------------

     Score         DG    S(hbond)    S(metal)    S(lipo)     H(rot)  DE(clash)    DE(int)
     15.33     -18.03       1.00        0.00     109.44       1.40       1.35       1.34

Doing AMOEBA simplex on best individual
Done simplexing #iterations 483, best score  17.32

     Score         DG    S(hbond)    S(metal)    S(lipo)     H(rot)  DE(clash)    DE(int)
     17.32     -17.97       1.00        0.00     108.89       1.40       0.21       0.44

--------------------------------------------------------------------------------
--- ChemScore breakdown of terms                                             ---
--------------------------------------------------------------------------------
DG = -5.4800 + -3.3400*S(hbond)
     + -6.0300*S(metal) + -0.1170*S(lipo) + 2.5600*H(rot)


H(rot) = 1.3991

Score = -(DG + DE(clash) + DE(int))


--------------------------------------------------------------------------------


--------------------------------------------------------------------------------
--- ChemScore analysis of protein-ligand interactions                        ---
--------------------------------------------------------------------------------

* Hydrogen bonds                                                                
Ligand donor    9 hydrogen   26 Protein acceptor 8028 bond energy  1.00 wt 1.00

CHEMSCORE EXTRA INTERACTIONS:

* Clashes                                                                       
Clash for ligand atom   3 (**** ):   0.03
Clash for ligand atom  11 (**** ):   0.13
Clash for ligand atom  12 (**** ):   0.03
Clash for ligand atom  13 (**** ):   0.02
--------------------------------------------------------------------------------


--------------------------------------------------------------------------------
--- Chromosome decoded                                                       ---
--------------------------------------------------------------------------------
Ligand Torsions
[   4    5    6    7] -123.62
[   5    6    7    8]  -69.27
[  10    9    7    6] -176.66
[  14   10    9    7]  158.02
Protein Torsions
[6907 6896 6895 6894] -155.82 
[7974 7965 7964 7962]   59.43 
[8008 7997 7996 7995]   44.81 
[10167 10162 10161 10158]  -76.19 
[10718 10713 10712 10709]  -46.10 
[10763 10752 10751 10750]  179.11 
[11005 11000 10999 10996]  -65.60 
Mapping
Ligand acceptors to protein hydrogens (mapping then atom ids)
Ligand hydrogens to protein acceptors (mapping then atom ids)
  1  15 [ 26->8028]
Ligand shape atoms to protein points (mapping then atom ids & coords)
  3  9323 [  6->(152.500 144.000 158.250)]
  4  7299 [  7->(150.500 141.750 157.250)]
Chromosome values
Integers:
  -1   14   -1   -1   -1 9322 7298   -1   -1   -1   -1   -1 
  -1   -1 
--------------------------------------------------------------------------------

Current Ranking  1  2

--------------------------------------------------------------------------------

* GA execution time :                                                           
  total  0.6549 user  0.6509 sys  0.0040

--------------------------------------------------------------------------------
Fitness function evaluations: 82607

--------------------------------------------------------------------------------
** Docking run number  3 **
--------------------------------------------------------------------------------
  Rank fitness base is 5000.00 ; increment is 11.2233

* Initialising population(s) ...                                                
Number of constraints mappings 0
Number of constraints 0
  Population no.                           :      1
  Population size                          :    100
  Number of duplicates                     :      0
  Number of niche violations               :      0
  Number of errors                         :   7248

Number of constraints mappings 0
Number of constraints 0
  Population no.                           :      2
  Population size                          :    100
  Number of duplicates                     :      0
  Number of niche violations               :      0
  Number of errors                         :   7285

Number of constraints mappings 0
Number of constraints 0
  Population no.                           :      3
  Population size                          :    100
  Number of duplicates                     :      0
  Number of niche violations               :      0
  Number of errors                         :   7208


Doing GA, no. of population(s) 3 size 100 selection pressure 1.100000

 Operation      Score     S(PLP)   S(hbond)     S(cho)   S(metal)  DE(clash)   DE(tors)     intcor
         0      23.43     -20.88       1.59       0.00       0.00       0.00       1.13       0.03
       214      24.61     -21.42       1.09       0.90       0.00       0.00       1.40       0.03
       487      26.61     -27.50       0.00       0.00       0.00       0.00       0.45       0.03
       954      29.61     -31.54       0.00       0.00       0.00       0.00       0.98       0.03
      1059      33.13     -33.27       0.85       0.00       0.00       0.00       1.36       0.03
      2261      33.52     -33.27       0.98       0.00       0.00       0.00       1.36       0.03
      4983      33.60     -26.45       2.67       0.57       0.00       0.00       1.30       0.03
      6195      34.40     -26.78       3.00       0.00       0.00       0.00       0.71       0.03
      6603      36.08     -28.57       3.00       0.93       0.00       2.13       1.08       0.03
      6704      38.86     -29.97       2.34       0.98       0.00       0.00       0.55       0.03
      7163      39.18     -30.49       2.13       1.12       0.00       0.00       0.55       0.03
      8195      39.92     -30.54       2.34       1.12       0.00       0.00       0.51       0.03
      8402      40.42     -28.54       2.85       1.65       0.00       0.00       0.82       0.03
      8450      40.81     -30.04       2.89       1.03       0.00       0.00       0.51       0.03
      9566      40.89     -30.00       2.84       1.12       0.00       0.00       0.51       0.03
      9638      41.24     -30.00       2.94       0.91       0.00       0.00       0.18       0.03
      9689      41.37     -30.06       2.88       1.00       0.00       0.00       0.18       0.03
     10868      41.57     -30.19       3.00       1.13       0.00       0.00       0.51       0.03
     11717      41.58     -29.99       2.89       1.08       0.00       0.00       0.18       0.03
     12008      43.12     -32.66       2.98       1.11       0.00       0.00       0.93       0.03
     14285      43.28     -32.60       3.00       1.12       0.00       0.00       0.85       0.03
     14474      44.22     -33.43       3.00       1.14       0.00       0.00       0.84       0.03
     15734      44.52     -33.64       3.00       1.16       0.00       0.00       0.81       0.03
     17504      44.54     -33.88       2.98       1.11       0.00       0.00       0.82       0.03
     18333      44.75     -33.78       3.00       1.16       0.00       0.00       0.77       0.03
     20598      44.86     -33.86       3.00       1.17       0.00       0.00       0.77       0.03
     21410      45.08     -34.13       3.00       1.16       0.00       0.00       0.78       0.03
     25868      45.12     -34.10       3.00       1.16       0.00       0.00       0.75       0.03
     28565      45.18     -34.33       3.00       1.11       0.00       0.00       0.75       0.03
     31334      45.19     -34.30       3.00       1.13       0.00       0.00       0.76       0.03
     31758      45.27     -34.36       3.00       1.11       0.00       0.00       0.72       0.03
     32145      45.32     -34.34       3.00       1.12       0.00       0.00       0.70       0.03
     32530      45.33     -34.40       3.00       1.14       0.00       0.00       0.76       0.03
     33703      45.47     -34.45       3.00       1.13       0.00       0.00       0.70       0.03
     33727      45.50     -34.51       3.00       1.10       0.00       0.00       0.66       0.03
     34706      45.85     -34.68       3.00       1.12       0.00       0.00       0.61       0.03
     36370      45.87     -34.65       3.00       1.12       0.00       0.00       0.59       0.03
     36419      45.90     -34.77       3.00       1.12       0.00       0.00       0.63       0.03
     36481      46.07     -34.57       3.00       1.10       0.00       0.00       0.41       0.03
     36832      46.39     -35.34       2.98       1.13       0.00       0.00       0.66       0.03
     36985      46.42     -35.30       3.00       1.14       0.00       0.00       0.66       0.03
--------------------------------------------------------------------------------
Best docking solution after GA:
     37000      46.42     -35.30       3.00       1.14       0.00       0.00       0.66       0.03

#ops:      37000 #mutates:  17540 #cross:    17630 #migrate:   1830 
#dups:      8960 #niche:    20163 #errors:    1395 
--------------------------------------------------------------------------------

Doing AMOEBA simplex on best individual
Done simplexing #iterations 653, best score  47.60

Ligand is stored in gold_soln_AV-procd_m11515_3.sdf


--------------------------------------------------------------------------------
--- CHEMPLP breakdown of terms                                               ---
--------------------------------------------------------------------------------
CHEMPLP = - ( 1.0000*S(PLP) + -3.0000*S(hbond) + -6.0000*S(metal) + -3.0000*S(cho) )

Score = CHEMPLP - 1.0000*DE(clash) - 2.0000*DE(tors)

Internal energy term has been corrected with the best internal energy encountered.

--------------------------------------------------------------------------------


     Score     S(PLP)   S(hbond)     S(cho)   S(metal)  DE(clash)   DE(tors)     intcor
     47.60     -36.61       3.00       1.11       0.00       0.00       0.69       0.03

--------------------------------------------------------------------------------
--- PLP analysis of protein-ligand interactions                              ---
--------------------------------------------------------------------------------
hydrogen bonding        :      -2.00
metal                   :       0.00
buried (polar-nonpolar) :      -4.34
nonpolar                :     -30.40
repulsive               :       0.18
--------------------------------------------------------------------------------


--------------------------------------------------------------------------------
--- ChemScore analysis of protein-ligand interactions                        ---
--------------------------------------------------------------------------------

* Hydrogen bonds                                                                
Ligand donor    9 hydrogen   37 Protein acceptor 8028 bond energy  1.00 wt 2.00
Protein donor 7989 hydrogen 7998 Ligand acceptor    4 bond energy  1.00 wt 1.00


* CH..O interactions                                                            
  CH group selection                       : activated ring CH (adjacent to hetatom)
Ligand carbon    3 hydrogen   19 Protein acceptor 7948 bond energy  1.00 wt 0.52
Ligand carbon    3 hydrogen   19 Protein acceptor 7949 bond energy  1.00 wt 0.59

--------------------------------------------------------------------------------


--------------------------------------------------------------------------------
--- Intra-ligand clashes                                                     ---
--------------------------------------------------------------------------------

Ligand
--------------------------------------------------------------------------------

--------------------------------------------------------------------------------
--- Rescoring solution                                                       ---
--------------------------------------------------------------------------------

     Score         DG    S(hbond)    S(metal)    S(lipo)     H(rot)  DE(clash)    DE(int)
     17.58     -19.68       1.81        0.00     100.30       1.40       0.06       2.05

Doing AMOEBA simplex on best individual
Done simplexing #iterations 899, best score  18.44

     Score         DG    S(hbond)    S(metal)    S(lipo)     H(rot)  DE(clash)    DE(int)
     18.44     -20.58       1.96        0.00     103.77       1.40       0.15       1.99

--------------------------------------------------------------------------------
--- ChemScore breakdown of terms                                             ---
--------------------------------------------------------------------------------
DG = -5.4800 + -3.3400*S(hbond)
     + -6.0300*S(metal) + -0.1170*S(lipo) + 2.5600*H(rot)


H(rot) = 1.3991

Score = -(DG + DE(clash) + DE(int))


--------------------------------------------------------------------------------


--------------------------------------------------------------------------------
--- ChemScore analysis of protein-ligand interactions                        ---
--------------------------------------------------------------------------------

* Hydrogen bonds                                                                
Ligand donor    9 hydrogen   37 Protein acceptor 8028 bond energy  1.00 wt 0.99
Protein donor 7989 hydrogen 7998 Ligand acceptor    4 bond energy  1.00 wt 0.97

CHEMSCORE EXTRA INTERACTIONS:

* Clashes                                                                       
Clash for ligand atom   3 (**** ):   0.03
Clash for ligand atom   4 (**** ):   0.06
Clash for ligand atom   6 (**** ):   0.05
--------------------------------------------------------------------------------


--------------------------------------------------------------------------------
--- Chromosome decoded                                                       ---
--------------------------------------------------------------------------------
Ligand Torsions
[   4    5    6    7]   70.29
[   5    6    7    8]  -39.34
[  10    9    7    6]  -89.22
[  14   10    9    7]   65.51
Protein Torsions
[6907 6896 6895 6894]   88.38 
[7974 7965 7964 7962]   46.03 
[8008 7997 7996 7995]   26.58 
[10167 10162 10161 10158]  -16.49 
[10718 10713 10712 10709]  133.23 
[10763 10752 10751 10750]  -38.76 
[11005 11000 10999 10996]   66.28 
Mapping
Ligand acceptors to protein hydrogens (mapping then atom ids)
  1  18 [  4->7998]
Ligand hydrogens to protein acceptors (mapping then atom ids)
  2  15 [ 37->8028]
Ligand shape atoms to protein points (mapping then atom ids & coords)
  2  8230 [  3->(151.500 138.750 155.500)]
  6  7198 [ 10->(150.250 144.250 158.250)]
  7  9172 [ 11->(152.250 144.750 158.750)]
  8  8054 [ 12->(151.250 143.750 158.750)]
  9  9632 [ 13->(153.250 141.750 160.000)]
Chromosome values
Integers:
  17   -1   14   -1 8229   -1   -1   -1 7197 9171 8053 9631 
  -1   -1 
--------------------------------------------------------------------------------

Current Ranking  3  1  2

--------------------------------------------------------------------------------

* GA execution time :                                                           
  total  0.6862 user  0.6862 sys  0.0000

--------------------------------------------------------------------------------
Fitness function evaluations: 84372

--------------------------------------------------------------------------------
** Docking run number  4 **
--------------------------------------------------------------------------------
  Rank fitness base is 5000.00 ; increment is 11.2233

* Initialising population(s) ...                                                
Number of constraints mappings 0
Number of constraints 0
  Population no.                           :      1
  Population size                          :    100
  Number of duplicates                     :      0
  Number of niche violations               :      0
  Number of errors                         :   7313

Number of constraints mappings 0
Number of constraints 0
  Population no.                           :      2
  Population size                          :    100
  Number of duplicates                     :      0
  Number of niche violations               :      0
  Number of errors                         :   7191

Number of constraints mappings 0
Number of constraints 0
  Population no.                           :      3
  Population size                          :    100
  Number of duplicates                     :      0
  Number of niche violations               :      0
  Number of errors                         :   7066


Doing GA, no. of population(s) 3 size 100 selection pressure 1.100000

 Operation      Score     S(PLP)   S(hbond)     S(cho)   S(metal)  DE(clash)   DE(tors)     intcor
         0      23.52     -23.17       0.10       0.71       0.00       0.00       1.05       0.03
        43      23.52     -23.17       0.10       0.71       0.00       0.00       1.05       0.03
      1123      25.80     -21.47       2.00       0.65       0.00       0.69       1.48       0.03
      1474      29.01     -27.66       0.00       1.00       0.00       0.00       0.83       0.03
      2435      29.14     -30.08       0.00       0.13       0.00       0.00       0.68       0.03
      3212      30.03     -28.58       0.00       0.96       0.00       0.00       0.72       0.03
      3577      30.39     -26.09       1.38       0.98       0.00       0.69       1.06       0.03
      3947      33.09     -31.84       0.00       0.89       0.00       0.00       0.72       0.03
      3957      34.68     -30.48       1.33       0.61       0.00       0.00       0.82       0.03
      5025      37.15     -30.05       2.00       0.90       0.00       0.00       0.82       0.03
      5385      37.15     -30.05       2.00       0.90       0.00       0.00       0.82       0.03
      5679      37.23     -29.82       2.15       0.95       0.00       0.00       0.94       0.03
      6378      38.70     -29.80       2.59       1.00       0.00       0.00       0.94       0.03
      8346      39.01     -30.08       2.58       1.00       0.00       0.00       0.92       0.03
     10575      39.16     -30.59       2.38       1.00       0.00       0.00       0.80       0.03
     12846      40.21     -29.78       2.95       1.00       0.00       0.00       0.72       0.03
     13136      40.23     -29.66       2.93       0.89       0.00       0.00       0.46       0.03
     27811      40.28     -29.42       3.00       0.97       0.00       0.00       0.54       0.03
     28495      40.42     -29.46       3.00       1.00       0.00       0.00       0.54       0.03
     32384      40.95     -30.06       2.70       1.09       0.00       0.00       0.25       0.03
     33743      42.09     -31.23       2.70       1.14       0.00       0.00       0.34       0.03
     36070      42.19     -31.43       2.80       1.10       0.00       0.00       0.48       0.03
     36635      42.27     -32.40       2.54       1.12       0.00       0.00       0.56       0.03
--------------------------------------------------------------------------------
Best docking solution after GA:
     37000      42.27     -32.40       2.54       1.12       0.00       0.00       0.56       0.03

#ops:      37000 #mutates:  17594 #cross:    17494 #migrate:   1912 
#dups:      6526 #niche:    18598 #errors:    1704 
--------------------------------------------------------------------------------

Doing AMOEBA simplex on best individual
Done simplexing #iterations 663, best score  45.92

Ligand is stored in gold_soln_AV-procd_m11515_4.sdf


--------------------------------------------------------------------------------
--- CHEMPLP breakdown of terms                                               ---
--------------------------------------------------------------------------------
CHEMPLP = - ( 1.0000*S(PLP) + -3.0000*S(hbond) + -6.0000*S(metal) + -3.0000*S(cho) )

Score = CHEMPLP - 1.0000*DE(clash) - 2.0000*DE(tors)

Internal energy term has been corrected with the best internal energy encountered.

--------------------------------------------------------------------------------


     Score     S(PLP)   S(hbond)     S(cho)   S(metal)  DE(clash)   DE(tors)     intcor
     45.92     -34.77       2.90       1.09       0.00       0.00       0.42       0.03

--------------------------------------------------------------------------------
--- PLP analysis of protein-ligand interactions                              ---
--------------------------------------------------------------------------------
hydrogen bonding        :      -2.00
metal                   :       0.00
buried (polar-nonpolar) :      -4.16
nonpolar                :     -28.09
repulsive               :       0.19
--------------------------------------------------------------------------------


--------------------------------------------------------------------------------
--- ChemScore analysis of protein-ligand interactions                        ---
--------------------------------------------------------------------------------

* Hydrogen bonds                                                                
Ligand donor    9 hydrogen   37 Protein acceptor 8028 bond energy  1.00 wt 2.00
Protein donor 7989 hydrogen 7998 Ligand acceptor    4 bond energy  1.00 wt 0.90


* CH..O interactions                                                            
  CH group selection                       : activated ring CH (adjacent to hetatom)
Ligand carbon    3 hydrogen   19 Protein acceptor 7948 bond energy  1.00 wt 0.12
Ligand carbon    3 hydrogen   19 Protein acceptor 7949 bond energy  1.00 wt 0.97

--------------------------------------------------------------------------------


--------------------------------------------------------------------------------
--- Intra-ligand clashes                                                     ---
--------------------------------------------------------------------------------

Ligand
--------------------------------------------------------------------------------

--------------------------------------------------------------------------------
--- Rescoring solution                                                       ---
--------------------------------------------------------------------------------

     Score         DG    S(hbond)    S(metal)    S(lipo)     H(rot)  DE(clash)    DE(int)
     14.65     -15.97       0.96        0.00      92.74       1.40       0.00       1.32

Doing AMOEBA simplex on best individual
Done simplexing #iterations 763, best score  18.32

     Score         DG    S(hbond)    S(metal)    S(lipo)     H(rot)  DE(clash)    DE(int)
     18.32     -18.85       1.76        0.00      94.56       1.40       0.02       0.51

--------------------------------------------------------------------------------
--- ChemScore breakdown of terms                                             ---
--------------------------------------------------------------------------------
DG = -5.4800 + -3.3400*S(hbond)
     + -6.0300*S(metal) + -0.1170*S(lipo) + 2.5600*H(rot)


H(rot) = 1.3991

Score = -(DG + DE(clash) + DE(int))


--------------------------------------------------------------------------------


--------------------------------------------------------------------------------
--- ChemScore analysis of protein-ligand interactions                        ---
--------------------------------------------------------------------------------

* Hydrogen bonds                                                                
Ligand donor    9 hydrogen   37 Protein acceptor 8028 bond energy  1.00 wt 0.94
Protein donor 7989 hydrogen 7998 Ligand acceptor    4 bond energy  1.00 wt 0.82

CHEMSCORE EXTRA INTERACTIONS:

* Clashes                                                                       
Clash for ligand atom  11 (**** ):   0.02
--------------------------------------------------------------------------------


--------------------------------------------------------------------------------
--- Chromosome decoded                                                       ---
--------------------------------------------------------------------------------
Ligand Torsions
[   4    5    6    7] -168.60
[   5    6    7    8]  -79.71
[  10    9    7    6]  168.01
[  14   10    9    7]   59.23
Protein Torsions
[6907 6896 6895 6894]  140.03 
[7974 7965 7964 7962] -170.40 
[8008 7997 7996 7995] -151.50 
[10167 10162 10161 10158]  121.29 
[10718 10713 10712 10709]   -0.51 
[10763 10752 10751 10750]    4.66 
[11005 11000 10999 10996]  152.56 
Mapping
Ligand acceptors to protein hydrogens (mapping then atom ids)
  1  18 [  4->7998]
Ligand hydrogens to protein acceptors (mapping then atom ids)
  2  15 [ 37->8028]
Ligand shape atoms to protein points (mapping then atom ids & coords)
  8  8656 [ 12->(151.750 144.750 159.750)]
Chromosome values
Integers:
  17   -1   14   -1   -1   -1   -1   -1   -1   -1 8655   -1 
  -1   -1 
--------------------------------------------------------------------------------

Current Ranking  3  1  4  2

--------------------------------------------------------------------------------

* GA execution time :                                                           
  total  0.6994 user  0.6994 sys  0.0000

--------------------------------------------------------------------------------
Fitness function evaluations: 85220

--------------------------------------------------------------------------------
** Docking run number  5 **
--------------------------------------------------------------------------------
  Rank fitness base is 5000.00 ; increment is 11.2233

* Initialising population(s) ...                                                
Number of constraints mappings 0
Number of constraints 0
  Population no.                           :      1
  Population size                          :    100
  Number of duplicates                     :      0
  Number of niche violations               :      0
  Number of errors                         :   6942

Number of constraints mappings 0
Number of constraints 0
  Population no.                           :      2
  Population size                          :    100
  Number of duplicates                     :      0
  Number of niche violations               :      0
  Number of errors                         :   7125

Number of constraints mappings 0
Number of constraints 0
  Population no.                           :      3
  Population size                          :    100
  Number of duplicates                     :      0
  Number of niche violations               :      0
  Number of errors                         :   7252


Doing GA, no. of population(s) 3 size 100 selection pressure 1.100000

 Operation      Score     S(PLP)   S(hbond)     S(cho)   S(metal)  DE(clash)   DE(tors)     intcor
         0      18.18     -19.68       0.00       1.00       0.00       0.92       1.80       0.03
        90      18.67     -15.35       2.00       0.00       0.00       0.00       1.35       0.03
       255      21.33     -18.04       1.98       0.00       0.00       0.00       1.34       0.03
       373      23.70     -13.64       2.78       1.00       0.00       0.00       0.66       0.03
       647      26.05     -25.38       0.82       0.00       0.00       0.00       0.91       0.03
      2843      29.38     -25.18       2.00       0.00       0.00       0.00       0.91       0.03
      3730      32.04     -27.89       2.00       0.00       0.00       0.00       0.94       0.03
      4741      32.48     -28.51       2.00       0.00       0.00       0.00       1.03       0.03
      5173      33.79     -27.99       2.00       0.45       0.00       0.00       0.78       0.03
      6037      36.16     -31.35       2.00       0.00       0.00       0.00       0.61       0.03
      6956      37.18     -31.02       2.85       0.00       0.00       0.00       1.21       0.03
      7353      39.99     -28.72       3.00       1.06       0.00       0.00       0.47       0.03
      9981      41.29     -30.64       3.00       0.85       0.00       0.00       0.47       0.03
     11921      41.31     -30.65       3.00       0.85       0.00       0.00       0.46       0.03
     13098      42.28     -31.00       3.00       1.03       0.00       0.00       0.41       0.03
     13215      42.43     -31.10       3.00       1.04       0.00       0.00       0.41       0.03
     14762      42.46     -30.95       3.00       1.10       0.00       0.00       0.41       0.03
     15342      42.46     -31.03       3.00       1.07       0.00       0.00       0.41       0.03
     16878      42.51     -30.65       3.00       1.07       0.00       0.00       0.19       0.03
     17625      42.57     -31.11       3.00       1.07       0.00       0.00       0.39       0.03
     17706      42.76     -31.15       3.00       1.13       0.00       0.00       0.40       0.03
     17767      43.33     -32.98       3.00       0.71       0.00       0.00       0.41       0.03
     19036      43.57     -33.00       3.00       1.05       0.00       0.00       0.80       0.01
     21870      43.67     -33.05       3.00       0.88       0.00       0.00       0.52       0.01
     22444      43.77     -33.15       3.00       0.88       0.00       0.00       0.52       0.01
     22765      43.80     -33.17       3.00       0.88       0.00       0.00       0.52       0.01
     23022      43.85     -33.22       3.00       0.88       0.00       0.00       0.51       0.01
     26355      43.88     -33.26       3.00       0.88       0.00       0.00       0.51       0.01
     30718      44.24     -32.06       3.00       1.18       0.00       0.00       0.19       0.01
     34413      44.45     -32.08       3.00       1.25       0.00       0.00       0.19       0.01
--------------------------------------------------------------------------------
Best docking solution after GA:
     37000      44.45     -32.08       3.00       1.25       0.00       0.00       0.19       0.01

#ops:      37000 #mutates:  17712 #cross:    17413 #migrate:   1875 
#dups:      9135 #niche:    19906 #errors:    1373 
--------------------------------------------------------------------------------

Doing AMOEBA simplex on best individual
Done simplexing #iterations 423, best score  45.58

Ligand is stored in gold_soln_AV-procd_m11515_5.sdf


--------------------------------------------------------------------------------
--- CHEMPLP breakdown of terms                                               ---
--------------------------------------------------------------------------------
CHEMPLP = - ( 1.0000*S(PLP) + -3.0000*S(hbond) + -6.0000*S(metal) + -3.0000*S(cho) )

Score = CHEMPLP - 1.0000*DE(clash) - 2.0000*DE(tors)

Internal energy term has been corrected with the best internal energy encountered.

--------------------------------------------------------------------------------


     Score     S(PLP)   S(hbond)     S(cho)   S(metal)  DE(clash)   DE(tors)     intcor
     45.58     -32.49       3.00       1.42       0.00       0.00       0.09       0.01

--------------------------------------------------------------------------------
--- PLP analysis of protein-ligand interactions                              ---
--------------------------------------------------------------------------------
hydrogen bonding        :      -2.00
metal                   :       0.00
buried (polar-nonpolar) :      -4.56
nonpolar                :     -26.62
repulsive               :       0.20
--------------------------------------------------------------------------------


--------------------------------------------------------------------------------
--- ChemScore analysis of protein-ligand interactions                        ---
--------------------------------------------------------------------------------

* Hydrogen bonds                                                                
Ligand donor    9 hydrogen   26 Protein acceptor 8028 bond energy  1.00 wt 2.00
Protein donor 7989 hydrogen 7998 Ligand acceptor    4 bond energy  1.00 wt 1.00


* CH..O interactions                                                            
  CH group selection                       : activated ring CH (adjacent to hetatom)
Ligand carbon    3 hydrogen   19 Protein acceptor 7948 bond energy  1.00 wt 0.63
Ligand carbon    3 hydrogen   19 Protein acceptor 7957 bond energy  1.00 wt 0.79

--------------------------------------------------------------------------------


--------------------------------------------------------------------------------
--- Intra-ligand clashes                                                     ---
--------------------------------------------------------------------------------

Ligand
--------------------------------------------------------------------------------

--------------------------------------------------------------------------------
--- Rescoring solution                                                       ---
--------------------------------------------------------------------------------

     Score         DG    S(hbond)    S(metal)    S(lipo)     H(rot)  DE(clash)    DE(int)
     15.70     -16.04       0.95        0.00      93.63       1.40       0.15       0.19

Doing AMOEBA simplex on best individual
Done simplexing #iterations 825, best score  19.20

     Score         DG    S(hbond)    S(metal)    S(lipo)     H(rot)  DE(clash)    DE(int)
     19.20     -19.42       1.92        0.00      94.89       1.40       0.01       0.20

--------------------------------------------------------------------------------
--- ChemScore breakdown of terms                                             ---
--------------------------------------------------------------------------------
DG = -5.4800 + -3.3400*S(hbond)
     + -6.0300*S(metal) + -0.1170*S(lipo) + 2.5600*H(rot)


H(rot) = 1.3991

Score = -(DG + DE(clash) + DE(int))


--------------------------------------------------------------------------------


--------------------------------------------------------------------------------
--- ChemScore analysis of protein-ligand interactions                        ---
--------------------------------------------------------------------------------

* Hydrogen bonds                                                                
Ligand donor    9 hydrogen   26 Protein acceptor 8028 bond energy  1.00 wt 0.97
Protein donor 7989 hydrogen 7998 Ligand acceptor    4 bond energy  1.00 wt 0.95

CHEMSCORE EXTRA INTERACTIONS:

* Clashes                                                                       
--------------------------------------------------------------------------------


--------------------------------------------------------------------------------
--- Chromosome decoded                                                       ---
--------------------------------------------------------------------------------
Ligand Torsions
[   4    5    6    7]  116.42
[   5    6    7    8]  -57.75
[  10    9    7    6]  -55.40
[  14   10    9    7] -166.81
Protein Torsions
[6907 6896 6895 6894]  175.93 
[7974 7965 7964 7962]  173.97 
[8008 7997 7996 7995]  -56.39 
[10167 10162 10161 10158]   60.28 
[10718 10713 10712 10709] -132.14 
[10763 10752 10751 10750]  126.15 
[11005 11000 10999 10996]  -95.03 
Mapping
Ligand acceptors to protein hydrogens (mapping then atom ids)
Ligand hydrogens to protein acceptors (mapping then atom ids)
  1  15 [ 26->8028]
Ligand shape atoms to protein points (mapping then atom ids & coords)
  3  7530 [  6->(150.750 143.000 157.250)]
  7  8764 [ 11->(152.000 141.500 159.000)]
  9  9159 [ 13->(152.250 144.500 159.500)]
 10  7606 [ 14->(150.750 144.500 159.000)]
Chromosome values
Integers:
  -1   14   -1   -1   -1 7529   -1   -1   -1 8763   -1 9158 
7605   -1 
--------------------------------------------------------------------------------

Current Ranking  3  1  4  2  5

--------------------------------------------------------------------------------

* GA execution time :                                                           
  total  0.6797 user  0.6797 sys  0.0000

--------------------------------------------------------------------------------
Fitness function evaluations: 83841

--------------------------------------------------------------------------------
** Docking run number  6 **
--------------------------------------------------------------------------------
  Rank fitness base is 5000.00 ; increment is 11.2233

* Initialising population(s) ...                                                
Number of constraints mappings 0
Number of constraints 0
  Population no.                           :      1
  Population size                          :    100
  Number of duplicates                     :      0
  Number of niche violations               :      0
  Number of errors                         :   7278

Number of constraints mappings 0
Number of constraints 0
  Population no.                           :      2
  Population size                          :    100
  Number of duplicates                     :      0
  Number of niche violations               :      0
  Number of errors                         :   7170

Number of constraints mappings 0
Number of constraints 0
  Population no.                           :      3
  Population size                          :    100
  Number of duplicates                     :      0
  Number of niche violations               :      0
  Number of errors                         :   6962


Doing GA, no. of population(s) 3 size 100 selection pressure 1.100000

 Operation      Score     S(PLP)   S(hbond)     S(cho)   S(metal)  DE(clash)   DE(tors)     intcor
         0      23.48     -26.40       0.00       1.00       0.00       3.62       1.15       0.01
       677      25.76     -17.86       2.78       0.32       0.00       0.00       0.71       0.01
      1151      29.37     -21.06       2.78       0.32       0.00       0.00       0.50       0.01
      1924      31.27     -23.04       2.39       0.68       0.00       0.00       0.50       0.01
      2351      33.66     -24.24       2.83       1.00       0.00       0.00       1.04       0.01
      2755      34.86     -25.45       2.47       1.00       0.00       0.00       0.50       0.01
      5895      36.60     -27.33       2.78       1.00       0.00       0.00       1.04       0.01
      8058      36.63     -27.39       2.78       1.00       0.00       0.00       1.06       0.01
      8108      38.18     -28.41       3.00       0.95       0.00       0.00       1.04       0.01
      8730      38.55     -28.82       2.94       1.00       0.00       0.00       1.06       0.01
      9030      38.55     -28.79       2.94       1.00       0.00       0.00       1.04       0.01
     12299      38.56     -28.67       2.98       1.00       0.00       0.00       1.03       0.01
     14111      38.78     -29.05       2.94       1.00       0.00       0.00       1.04       0.01
     15461      38.82     -28.99       2.97       1.00       0.00       0.00       1.04       0.01
     15479      38.86     -29.00       2.97       1.00       0.00       0.00       1.03       0.01
     16662      39.00     -29.07       2.99       1.00       0.00       0.00       1.03       0.01
     17034      39.05     -29.16       3.00       0.99       0.00       0.00       1.04       0.01
     17362      39.08     -29.15       3.00       1.00       0.00       0.00       1.04       0.01
     20877      40.42     -29.96       2.84       1.00       0.00       0.00       0.54       0.01
     20946      40.71     -29.79       3.00       1.00       0.00       0.00       0.54       0.01
     23571      41.02     -30.17       2.98       1.00       0.00       0.00       0.54       0.01
     24951      41.16     -30.65       3.00       0.93       0.00       0.00       0.65       0.01
     27534      41.22     -30.59       3.00       0.95       0.00       0.00       0.62       0.01
     30911      41.39     -31.70       2.78       0.86       0.00       0.00       0.62       0.01
     34551      41.55     -31.57       2.80       0.92       0.00       0.00       0.59       0.01
--------------------------------------------------------------------------------
Best docking solution after GA:
     37000      41.55     -31.57       2.80       0.92       0.00       0.00       0.59       0.01

#ops:      37000 #mutates:  17629 #cross:    17523 #migrate:   1848 
#dups:      9069 #niche:    20570 #errors:    1314 
--------------------------------------------------------------------------------

Doing AMOEBA simplex on best individual
Done simplexing #iterations 545, best score  42.50

Ligand is stored in gold_soln_AV-procd_m11515_6.sdf


--------------------------------------------------------------------------------
--- CHEMPLP breakdown of terms                                               ---
--------------------------------------------------------------------------------
CHEMPLP = - ( 1.0000*S(PLP) + -3.0000*S(hbond) + -6.0000*S(metal) + -3.0000*S(cho) )

Score = CHEMPLP - 1.0000*DE(clash) - 2.0000*DE(tors)

Internal energy term has been corrected with the best internal energy encountered.

--------------------------------------------------------------------------------


     Score     S(PLP)   S(hbond)     S(cho)   S(metal)  DE(clash)   DE(tors)     intcor
     42.50     -31.58       2.99       0.98       0.00       0.00       0.50       0.01

--------------------------------------------------------------------------------
--- PLP analysis of protein-ligand interactions                              ---
--------------------------------------------------------------------------------
hydrogen bonding        :      -1.93
metal                   :       0.00
buried (polar-nonpolar) :      -0.87
nonpolar                :     -30.59
repulsive               :       0.85
--------------------------------------------------------------------------------


--------------------------------------------------------------------------------
--- ChemScore analysis of protein-ligand interactions                        ---
--------------------------------------------------------------------------------

* Hydrogen bonds                                                                
Ligand donor    9 hydrogen   26 Protein acceptor 7948 bond energy  1.00 wt 2.00
Ligand donor    9 hydrogen   37 Protein acceptor 7957 bond energy  1.00 wt 0.99


* CH..O interactions                                                            
  CH group selection                       : activated ring CH (adjacent to hetatom)
Ligand carbon   15 hydrogen   36 Protein acceptor 10171 bond energy  1.00 wt 0.98

--------------------------------------------------------------------------------


--------------------------------------------------------------------------------
--- Intra-ligand clashes                                                     ---
--------------------------------------------------------------------------------

Ligand
--------------------------------------------------------------------------------

--------------------------------------------------------------------------------
--- Rescoring solution                                                       ---
--------------------------------------------------------------------------------

     Score         DG    S(hbond)    S(metal)    S(lipo)     H(rot)  DE(clash)    DE(int)
     15.08     -17.00       1.78        0.00      78.25       1.40       0.37       1.56

Doing AMOEBA simplex on best individual
Done simplexing #iterations 635, best score  16.35

     Score         DG    S(hbond)    S(metal)    S(lipo)     H(rot)  DE(clash)    DE(int)
     16.35     -17.16       1.91        0.00      76.03       1.40       0.15       0.65

--------------------------------------------------------------------------------
--- ChemScore breakdown of terms                                             ---
--------------------------------------------------------------------------------
DG = -5.4800 + -3.3400*S(hbond)
     + -6.0300*S(metal) + -0.1170*S(lipo) + 2.5600*H(rot)


H(rot) = 1.3991

Score = -(DG + DE(clash) + DE(int))


--------------------------------------------------------------------------------


--------------------------------------------------------------------------------
--- ChemScore analysis of protein-ligand interactions                        ---
--------------------------------------------------------------------------------

* Hydrogen bonds                                                                
Ligand donor    9 hydrogen   26 Protein acceptor 7948 bond energy  1.00 wt 1.00
Ligand donor    9 hydrogen   37 Protein acceptor 7957 bond energy  1.00 wt 0.91

CHEMSCORE EXTRA INTERACTIONS:

* Clashes                                                                       
Clash for ligand atom   4 (**** ):   0.02
Clash for ligand atom   5 (**** ):   0.13
--------------------------------------------------------------------------------


--------------------------------------------------------------------------------
--- Chromosome decoded                                                       ---
--------------------------------------------------------------------------------
Ligand Torsions
[   4    5    6    7]    2.43
[   5    6    7    8] -152.84
[  10    9    7    6] -163.29
[  14   10    9    7]  168.43
Protein Torsions
[6907 6896 6895 6894]   -7.53 
[7974 7965 7964 7962]  179.65 
[8008 7997 7996 7995]  141.74 
[10167 10162 10161 10158]   16.13 
[10718 10713 10712 10709]  175.75 
[10763 10752 10751 10750]  143.94 
[11005 11000 10999 10996]    8.55 
Mapping
Ligand acceptors to protein hydrogens (mapping then atom ids)
Ligand hydrogens to protein acceptors (mapping then atom ids)
  1   7 [ 26->7948]
Ligand shape atoms to protein points (mapping then atom ids & coords)
  1  2274 [  1->(143.750 132.750 151.000)]
  3  5047 [  6->(146.500 138.250 152.000)]
  4  5903 [  7->(147.500 140.500 153.500)]
  6  6886 [ 10->(149.750 138.750 154.250)]
Chromosome values
Integers:
  -1    6   -1 2273   -1 5046 5902   -1 6885   -1   -1   -1 
  -1   -1 
--------------------------------------------------------------------------------

Current Ranking  3  1  4  2  5  6

--------------------------------------------------------------------------------

* GA execution time :                                                           
  total  0.6654 user  0.6654 sys  0.0000

--------------------------------------------------------------------------------
Fitness function evaluations: 83303

--------------------------------------------------------------------------------
** Docking run number  7 **
--------------------------------------------------------------------------------
  Rank fitness base is 5000.00 ; increment is 11.2233

* Initialising population(s) ...                                                
Number of constraints mappings 0
Number of constraints 0
  Population no.                           :      1
  Population size                          :    100
  Number of duplicates                     :      0
  Number of niche violations               :      0
  Number of errors                         :   6974

Number of constraints mappings 0
Number of constraints 0
  Population no.                           :      2
  Population size                          :    100
  Number of duplicates                     :      0
  Number of niche violations               :      0
  Number of errors                         :   6935

Number of constraints mappings 0
Number of constraints 0
  Population no.                           :      3
  Population size                          :    100
  Number of duplicates                     :      0
  Number of niche violations               :      0
  Number of errors                         :   6965


Doing GA, no. of population(s) 3 size 100 selection pressure 1.100000

 Operation      Score     S(PLP)   S(hbond)     S(cho)   S(metal)  DE(clash)   DE(tors)     intcor
         0      27.16     -22.30       2.00       0.00       0.00       0.00       0.57       0.01
       397      29.11     -24.54       0.92       1.30       0.00       0.00       1.05       0.01
       514      31.23     -24.16       2.05       1.00       0.00       0.00       1.05       0.01
      1384      36.80     -29.92       2.24       1.20       0.00       0.00       1.72       0.01
      3451      37.21     -30.16       2.30       0.87       0.00       0.00       1.23       0.01
      4975      37.27     -29.73       2.49       0.86       0.00       0.00       1.27       0.01
      5272      37.79     -31.15       2.80       0.00       0.00       0.00       0.89       0.01
      6430      40.51     -31.50       2.37       1.41       0.00       0.00       1.17       0.01
      8461      40.51     -31.51       2.40       1.38       0.00       0.00       1.17       0.01
      8869      40.54     -31.46       2.40       1.43       0.00       0.00       1.21       0.01
      9087      45.17     -33.71       3.00       1.50       0.00       0.00       1.03       0.01
     11652      45.68     -33.95       3.00       1.64       0.00       0.00       1.09       0.01
     14677      45.85     -34.01       3.00       1.69       0.00       0.00       1.11       0.01
     18198      46.16     -34.33       3.00       1.65       0.00       0.00       1.07       0.01
     22287      46.32     -34.45       3.00       1.67       0.00       0.00       1.07       0.01
     25746      46.51     -34.49       3.00       1.73       0.00       0.00       1.09       0.01
--------------------------------------------------------------------------------
Best docking solution after GA:
     37000      46.51     -34.49       3.00       1.73       0.00       0.00       1.09       0.01

#ops:      37000 #mutates:  17467 #cross:    17746 #migrate:   1787 
#dups:      9990 #niche:    21084 #errors:    1693 
--------------------------------------------------------------------------------

Doing AMOEBA simplex on best individual
Done simplexing #iterations 398, best score  48.37

Ligand is stored in gold_soln_AV-procd_m11515_7.sdf


--------------------------------------------------------------------------------
--- CHEMPLP breakdown of terms                                               ---
--------------------------------------------------------------------------------
CHEMPLP = - ( 1.0000*S(PLP) + -3.0000*S(hbond) + -6.0000*S(metal) + -3.0000*S(cho) )

Score = CHEMPLP - 1.0000*DE(clash) - 2.0000*DE(tors)

Internal energy term has been corrected with the best internal energy encountered.

--------------------------------------------------------------------------------


     Score     S(PLP)   S(hbond)     S(cho)   S(metal)  DE(clash)   DE(tors)     intcor
     48.37     -35.63       3.00       1.94       0.00       0.00       1.03       0.01

--------------------------------------------------------------------------------
--- PLP analysis of protein-ligand interactions                              ---
--------------------------------------------------------------------------------
hydrogen bonding        :      -2.00
metal                   :       0.00
buried (polar-nonpolar) :      -2.22
nonpolar                :     -29.64
repulsive               :       0.19
--------------------------------------------------------------------------------


--------------------------------------------------------------------------------
--- ChemScore analysis of protein-ligand interactions                        ---
--------------------------------------------------------------------------------

* Hydrogen bonds                                                                
Ligand donor    9 hydrogen   37 Protein acceptor 8028 bond energy  1.00 wt 2.00
Protein donor 7989 hydrogen 7998 Ligand acceptor    4 bond energy  1.00 wt 1.00


* CH..O interactions                                                            
  CH group selection                       : activated ring CH (adjacent to hetatom)
Ligand carbon    3 hydrogen   19 Protein acceptor 7948 bond energy  1.00 wt 1.00
Ligand carbon    3 hydrogen   19 Protein acceptor 7949 bond energy  1.00 wt 0.01
Ligand carbon    3 hydrogen   19 Protein acceptor 7957 bond energy  1.00 wt 0.93

--------------------------------------------------------------------------------


--------------------------------------------------------------------------------
--- Intra-ligand clashes                                                     ---
--------------------------------------------------------------------------------

Ligand
--------------------------------------------------------------------------------

--------------------------------------------------------------------------------
--- Rescoring solution                                                       ---
--------------------------------------------------------------------------------

     Score         DG    S(hbond)    S(metal)    S(lipo)     H(rot)  DE(clash)    DE(int)
     16.39     -20.04       1.69        0.00     106.74       1.40       1.12       2.53

Doing AMOEBA simplex on best individual
Done simplexing #iterations 533, best score  18.47

     Score         DG    S(hbond)    S(metal)    S(lipo)     H(rot)  DE(clash)    DE(int)
     18.47     -20.91       1.95        0.00     106.72       1.40       0.08       2.35

--------------------------------------------------------------------------------
--- ChemScore breakdown of terms                                             ---
--------------------------------------------------------------------------------
DG = -5.4800 + -3.3400*S(hbond)
     + -6.0300*S(metal) + -0.1170*S(lipo) + 2.5600*H(rot)


H(rot) = 1.3991

Score = -(DG + DE(clash) + DE(int))


--------------------------------------------------------------------------------


--------------------------------------------------------------------------------
--- ChemScore analysis of protein-ligand interactions                        ---
--------------------------------------------------------------------------------

* Hydrogen bonds                                                                
Ligand donor    9 hydrogen   37 Protein acceptor 8028 bond energy  1.00 wt 1.00
Protein donor 7989 hydrogen 7998 Ligand acceptor    4 bond energy  1.00 wt 0.96

CHEMSCORE EXTRA INTERACTIONS:

* Clashes                                                                       
Clash for ligand atom   1 (**** ):   0.01
Clash for ligand atom   3 (**** ):   0.02
Clash for ligand atom   6 (**** ):   0.01
Clash for ligand atom   8 (**** ):   0.03
Clash for ligand atom  11 (**** ):   0.01
--------------------------------------------------------------------------------


--------------------------------------------------------------------------------
--- Chromosome decoded                                                       ---
--------------------------------------------------------------------------------
Ligand Torsions
[   4    5    6    7]   69.12
[   5    6    7    8]  -31.31
[  10    9    7    6] -100.48
[  14   10    9    7]   68.76
Protein Torsions
[6907 6896 6895 6894] -102.15 
[7974 7965 7964 7962] -158.66 
[8008 7997 7996 7995]   64.94 
[10167 10162 10161 10158]  150.49 
[10718 10713 10712 10709] -102.65 
[10763 10752 10751 10750]  -79.91 
[11005 11000 10999 10996]  174.99 
Mapping
Ligand acceptors to protein hydrogens (mapping then atom ids)
  1  18 [  4->7998]
Ligand hydrogens to protein acceptors (mapping then atom ids)
  2  15 [ 37->8028]
Ligand shape atoms to protein points (mapping then atom ids & coords)
  4  7278 [  7->(150.500 140.500 157.250)]
  8  8423 [ 12->(151.500 145.500 160.250)]
  9  9619 [ 13->(153.000 144.000 159.250)]
 11  7973 [ 15->(151.250 138.500 155.250)]
Chromosome values
Integers:
  17   -1   14   -1   -1   -1 7277   -1   -1   -1 8422 9618 
  -1 7972 
--------------------------------------------------------------------------------

Current Ranking  7  3  1  4  2  5  6

--------------------------------------------------------------------------------

* GA execution time :                                                           
  total  0.6806 user  0.6806 sys  0.0000

--------------------------------------------------------------------------------
Fitness function evaluations: 83005

--------------------------------------------------------------------------------
** Docking run number  8 **
--------------------------------------------------------------------------------
  Rank fitness base is 5000.00 ; increment is 11.2233

* Initialising population(s) ...                                                
Number of constraints mappings 0
Number of constraints 0
  Population no.                           :      1
  Population size                          :    100
  Number of duplicates                     :      0
  Number of niche violations               :      0
  Number of errors                         :   7300

Number of constraints mappings 0
Number of constraints 0
  Population no.                           :      2
  Population size                          :    100
  Number of duplicates                     :      0
  Number of niche violations               :      0
  Number of errors                         :   7165

Number of constraints mappings 0
Number of constraints 0
  Population no.                           :      3
  Population size                          :    100
  Number of duplicates                     :      0
  Number of niche violations               :      0
  Number of errors                         :   7115


Doing GA, no. of population(s) 3 size 100 selection pressure 1.100000

 Operation      Score     S(PLP)   S(hbond)     S(cho)   S(metal)  DE(clash)   DE(tors)     intcor
         0      25.87     -25.42       0.00       0.89       0.00       0.00       1.11       0.01
       485      25.87     -25.42       0.00       0.89       0.00       0.00       1.11       0.01
      2168      28.56     -27.80       0.00       0.99       0.00       0.00       1.11       0.01
      4426      33.66     -25.46       2.10       0.87       0.00       0.00       0.36       0.01
      6127      35.12     -26.84       2.00       1.00       0.00       0.00       0.36       0.01
      6166      36.37     -23.93       3.00       1.77       0.00       0.00       0.94       0.01
      6579      36.93     -28.00       3.00       1.00       0.00       0.00       1.54       0.01
      7641      39.31     -30.76       2.00       1.05       0.00       0.00       0.30       0.01
      8756      40.18     -31.41       2.00       1.00       0.00       0.00       0.12       0.01
     10905      40.97     -32.04       2.06       1.00       0.00       0.00       0.12       0.01
     11466      41.25     -32.14       2.16       1.07       0.00       0.00       0.30       0.01
     12246      41.51     -32.71       2.04       1.00       0.00       0.00       0.16       0.01
     12964      41.60     -32.29       2.23       1.08       0.00       0.00       0.31       0.01
     12984      41.68     -32.62       2.17       1.05       0.00       0.00       0.31       0.01
     13347      41.74     -32.94       2.23       0.99       0.00       0.00       0.44       0.01
     13551      43.50     -33.17       2.77       0.96       0.00       0.00       0.43       0.01
     14412      43.60     -33.20       2.70       0.98       0.00       0.00       0.33       0.01
     15129      43.61     -32.53       2.89       1.10       0.00       0.00       0.46       0.01
     15444      43.96     -33.20       2.98       0.89       0.00       0.00       0.43       0.01
     15699      44.30     -32.72       2.95       1.12       0.00       0.00       0.33       0.01
     16064      44.35     -32.81       2.92       1.14       0.00       0.00       0.32       0.01
     17265      44.63     -33.37       2.86       1.11       0.00       0.00       0.33       0.01
     18143      45.32     -34.01       3.00       0.98       0.00       0.00       0.32       0.01
     19214      45.44     -33.56       3.00       1.17       0.00       0.00       0.32       0.01
     19818      46.04     -34.55       3.00       1.04       0.00       0.00       0.33       0.01
     20704      46.15     -34.65       3.00       1.06       0.00       0.00       0.35       0.01
     22420      46.15     -34.63       3.00       1.06       0.00       0.00       0.34       0.01
     24446      46.33     -35.09       3.00       1.13       0.00       0.00       0.59       0.01
     26243      46.64     -35.56       3.00       1.08       0.00       0.00       0.59       0.01
     28394      46.78     -35.75       3.00       1.15       0.00       0.00       0.70       0.01
     29883      46.80     -35.73       3.00       1.13       0.00       0.00       0.67       0.01
     30236      46.86     -35.89       3.00       1.12       0.00       0.00       0.70       0.01
     30738      46.94     -36.09       3.00       1.08       0.00       0.00       0.70       0.01
     31680      47.08     -36.10       3.00       1.09       0.00       0.00       0.64       0.01
     31710      47.10     -36.20       3.00       1.07       0.00       0.00       0.67       0.01
     32241      47.13     -36.14       3.00       1.09       0.00       0.00       0.64       0.01
     32472      47.24     -36.09       3.00       1.10       0.00       0.00       0.59       0.01
     33309      47.26     -36.16       3.00       1.08       0.00       0.00       0.58       0.01
     34014      47.28     -36.23       3.00       1.09       0.00       0.00       0.61       0.01
     35947      47.29     -36.29       3.00       1.10       0.00       0.00       0.66       0.01
--------------------------------------------------------------------------------
Best docking solution after GA:
     37000      47.29     -36.29       3.00       1.10       0.00       0.00       0.66       0.01

#ops:      37000 #mutates:  17628 #cross:    17623 #migrate:   1749 
#dups:      9628 #niche:    22135 #errors:     940 
--------------------------------------------------------------------------------

Doing AMOEBA simplex on best individual
Done simplexing #iterations 269, best score  47.41

Ligand is stored in gold_soln_AV-procd_m11515_8.sdf


--------------------------------------------------------------------------------
--- CHEMPLP breakdown of terms                                               ---
--------------------------------------------------------------------------------
CHEMPLP = - ( 1.0000*S(PLP) + -3.0000*S(hbond) + -6.0000*S(metal) + -3.0000*S(cho) )

Score = CHEMPLP - 1.0000*DE(clash) - 2.0000*DE(tors)

Internal energy term has been corrected with the best internal energy encountered.

--------------------------------------------------------------------------------


     Score     S(PLP)   S(hbond)     S(cho)   S(metal)  DE(clash)   DE(tors)     intcor
     47.41     -36.35       3.00       1.09       0.00       0.00       0.61       0.01

--------------------------------------------------------------------------------
--- PLP analysis of protein-ligand interactions                              ---
--------------------------------------------------------------------------------
hydrogen bonding        :      -2.00
metal                   :       0.00
buried (polar-nonpolar) :      -4.97
nonpolar                :     -29.63
repulsive               :       0.22
--------------------------------------------------------------------------------


--------------------------------------------------------------------------------
--- ChemScore analysis of protein-ligand interactions                        ---
--------------------------------------------------------------------------------

* Hydrogen bonds                                                                
Ligand donor    9 hydrogen   37 Protein acceptor 8028 bond energy  1.00 wt 2.00
Protein donor 7989 hydrogen 7998 Ligand acceptor    4 bond energy  1.00 wt 1.00


* CH..O interactions                                                            
  CH group selection                       : activated ring CH (adjacent to hetatom)
Ligand carbon    3 hydrogen   19 Protein acceptor 7948 bond energy  1.00 wt 0.19
Ligand carbon    3 hydrogen   19 Protein acceptor 7949 bond energy  1.00 wt 0.91

--------------------------------------------------------------------------------


--------------------------------------------------------------------------------
--- Intra-ligand clashes                                                     ---
--------------------------------------------------------------------------------

Ligand
--------------------------------------------------------------------------------

--------------------------------------------------------------------------------
--- Rescoring solution                                                       ---
--------------------------------------------------------------------------------

     Score         DG    S(hbond)    S(metal)    S(lipo)     H(rot)  DE(clash)    DE(int)
     17.90     -20.00       1.89        0.00     100.72       1.40       0.07       2.03

Doing AMOEBA simplex on best individual
Done simplexing #iterations 589, best score  18.55

     Score         DG    S(hbond)    S(metal)    S(lipo)     H(rot)  DE(clash)    DE(int)
     18.55     -20.70       1.95        0.00     104.95       1.40       0.10       2.04

--------------------------------------------------------------------------------
--- ChemScore breakdown of terms                                             ---
--------------------------------------------------------------------------------
DG = -5.4800 + -3.3400*S(hbond)
     + -6.0300*S(metal) + -0.1170*S(lipo) + 2.5600*H(rot)


H(rot) = 1.3991

Score = -(DG + DE(clash) + DE(int))


--------------------------------------------------------------------------------


--------------------------------------------------------------------------------
--- ChemScore analysis of protein-ligand interactions                        ---
--------------------------------------------------------------------------------

* Hydrogen bonds                                                                
Ligand donor    9 hydrogen   37 Protein acceptor 8028 bond energy  1.00 wt 1.00
Protein donor 7989 hydrogen 7998 Ligand acceptor    4 bond energy  1.00 wt 0.96

CHEMSCORE EXTRA INTERACTIONS:

* Clashes                                                                       
Clash for ligand atom   3 (**** ):   0.03
Clash for ligand atom   4 (**** ):   0.06
Clash for ligand atom   6 (**** ):   0.01
--------------------------------------------------------------------------------


--------------------------------------------------------------------------------
--- Chromosome decoded                                                       ---
--------------------------------------------------------------------------------
Ligand Torsions
[   4    5    6    7]   71.26
[   5    6    7    8]  -37.18
[  10    9    7    6]  -65.83
[  14   10    9    7]  158.64
Protein Torsions
[6907 6896 6895 6894]    8.23 
[7974 7965 7964 7962]   32.13 
[8008 7997 7996 7995]   -3.78 
[10167 10162 10161 10158]  158.89 
[10718 10713 10712 10709]  172.27 
[10763 10752 10751 10750] -100.90 
[11005 11000 10999 10996]   47.39 
Mapping
Ligand acceptors to protein hydrogens (mapping then atom ids)
  1  18 [  4->7998]
Ligand hydrogens to protein acceptors (mapping then atom ids)
  2  15 [ 37->8028]
Ligand shape atoms to protein points (mapping then atom ids & coords)
  5  6822 [  8->(149.500 141.750 156.250)]
  7  7034 [ 11->(150.000 142.750 158.250)]
  9  8945 [ 13->(152.000 145.250 159.000)]
 11  8225 [ 15->(151.500 138.250 156.000)]
Chromosome values
Integers:
  17   -1   14   -1   -1   -1   -1 6821   -1 7033   -1 8944 
  -1 8224 
--------------------------------------------------------------------------------

Current Ranking  7  3  8  1  4  2  5  6

Top  3 (of  8) solutions are within 1.500 RMSD, finishing docking /DATA2/COVID-19/PDBs_&_Models/AV-procd.sdf.


--------------------------------------------------------------------------------

* GA execution time :                                                           
  total  0.6935 user  0.6935 sys  0.0000

--------------------------------------------------------------------------------
Fitness function evaluations: 83066

--------------------------------------------------------------------------------
--- Ranking analysis                                                         ---
--------------------------------------------------------------------------------


* Final ranked order of GA solutions:                                           
   7  3  8  1  4  2  5  6 

  _______________________________
  RMSD Matrix of RANKED solutions

        2    3    4    5    6    7    8  

   1 :  0.5  1.0  6.6  1.1  6.6  0.9  6.4
   2 :       0.9  6.5  1.1  6.5  1.1  6.4
   3 :            6.4  1.4  6.5  1.5  6.5
   4 :                 6.5  0.4  6.4  9.3
   5 :                      6.5  1.0  6.7
   6 :                           6.4  9.6
   7 :                                6.5

  Clustering method                        : complete linkage
  Structure ids in cluster table           : rank nos.
  Ordering of clusters and their members   : by rank (order if from rms_analysis)

  Distance | Clusters
   0.44    |  1 |  2 |  3 |  4  6 |  5 |  7 |  8 |
   0.51    |  1  2 |  3 |  4  6 |  5 |  7 |  8 |
   0.96    |  1  2 |  3 |  4  6 |  5  7 |  8 |
   0.99    |  1  2  3 |  4  6 |  5  7 |  8 |
   1.45    |  1  2  3  5  7 |  4  6 |  8 |
   6.60    |  1  2  3  4  5  6  7 |  8 |
   9.59    |  1  2  3  4  5  6  7  8 |
  Finished Docking Ligand                  : /DATA2/COVID-19/PDBs_&_Models/AV-procd.sdf
--------------------------------------------------------------------------------

  Relative_Ligand_Energy (best encountered) :   0.010
  Relative_Ligand_Energy: fitness values have been corrected using this amount
