
--------------------------------------------------------------------------------
--- Ligand                                                                   ---
--------------------------------------------------------------------------------
  Ligand loaded from file                  : /DATA2/COVID-19/PDBs_&_Models/AV-procd.sdf
  Ligand name                              :  
  "AV-unprocessed.smi:479                                                   "

--------------------------------------------------------------------------------
  N.plc donors                             : 
  pro:   19 
  

  Acidic nitrogen acceptors                : 
  none found
  Sulfur acceptors                         :
  none found


  Donor atoms                              :      2
  15  19  
  Acceptor atoms                           :      4
  2   8   12  15  

  Hydrogens                                :  (n = 2)
  38   46   

  Lone pairs added to molecule             :      8
  Numbering                                : from 47 to 54
  Choline groups                           : 
   

--------------------------------------------------------------------------------
--- Postprocessing of typing                                                 ---
--------------------------------------------------------------------------------
  Fragment file                            : /home/scv26/CCDC/Discovery_2020/GOLD/gold/rotatable_bond_override.mol2
  acylurea fragment                        : no matches
  thioacylthiourea fragment                : no matches
  acylthiourea fragment                    : no matches
  thioacylurea fragment                    : no matches
  diarylamine fragment >C.ar-NH-C.ar<      : no matches
  sec-amine (1) fragment                   : no matches
  sec-amine (2) fragment                   : 1 matches
  Ligand bond 17-25  set to 1
  Ligand bond 17-16  set to 1
  Ligand bond 17-18  set to 1
  sec-amine (3) fragment                   : 1 matches
  Ligand bond 17-25  set to 1
  Ligand bond 17-18  set to 1
  Ligand bond 17-16  set to 1
  carboxylic ester                         : no matches

* Rotatable bonds in /DATA2/COVID-19/PDBs  :
  [   2    3] [   5    6] [  11   12] [  12   13] 
  [  13   14] [  14   15] [  14   16] [  16   17] 
  No. of rotatable bonds                   :      8


* Fragments found in /DATA2/COVID-19/PDBs  :
  atom   3: benzene
  atom   4: benzene
  atom   5: benzene
  atom   9: benzene
  atom  10: benzene
  atom  11: benzene
  atom  20: benzene
  atom  21: benzene
  atom  22: benzene
  atom  23: benzene
  atom  24: benzene
  atom  25: benzene


* Checking torsion distributions:                                               
  Rotatable bond [ 4  3  2  1] matches torsion: ortho-substituted aromatic methoxy
   C.ar ( 1H ) | C.ar ( C.ar ( 0H ) ) | O.3 | C.3 ( 3H ) 
  Rotatable bond [10 11 12 13] matches torsion: ortho-substituoed aromatic-aliphatic ether
   C.ar ( 1H ) | C.ar ( C.ar ( 0H ) ) | O.3 | C.3 ( 2H ) 
  No. of matched torsions                  :      2

--------------------------------------------------------------------------------
--- Shape fitting atoms selection (hydrophobic atoms)                        ---
--------------------------------------------------------------------------------
  Molecule                                 : /DATA2/COVID-19/PDBs_&_Models/AV-procd.sdf
  Selection                                : carbons only
  Atom numbers                             :  (n = 13)
  1    4    7    9    10   13   14   16   18   21   
  22   23   24   


--------------------------------------------------------------------------------
--- ChemScore ligand setup summary                                           ---
--------------------------------------------------------------------------------
  ChemScore ligand acceptors               :      4
  2 8 12 15 
  ChemScore ligand donors                  :      2
  15 ( 38  ) 19 ( 46 [+]  ) 
  ChemScore ligand CH donors               :      1
  18 ( 41 ) 

  ChemScore ligand lipophilic atoms        :  (n = 17)
  1    3    4    5    7    9    10   11   13   14   
  16   20   21   22   23   24   25   

  ChemScore ligand rotatable bonds         :      8
  2   (****) - 3   (****): SP3_SP2_BOND
  5   (****) - 6   (****): SP2_SP2_BOND
  11  (****) - 12  (****): SP3_SP2_BOND
  12  (****) - 13  (****): SP3_SP3_BOND
  13  (****) - 14  (****): SP3_SP3_BOND
  14  (****) - 15  (****): SP3_SP3_BOND
  14  (****) - 16  (****): SP3_SP3_BOND
  16  (****) - 17  (****): SP3_SP2_BOND

--------------------------------------------------------------------------------
--- PLP ligand setup summary                                                 ---
--------------------------------------------------------------------------------
    1  ****   C.3 NONPOLAR
    2  ****   O.3 ACCEPTOR
    3  ****  C.ar NONPOLAR
    4  ****  C.ar NONPOLAR
    5  ****  C.ar NONPOLAR
    6  ****   C.2 NONPOLAR
    7  ****   C.3 NONPOLAR
    8  ****   O.2 ACCEPTOR
    9  ****  C.ar NONPOLAR
   10  ****  C.ar NONPOLAR
   11  ****  C.ar NONPOLAR
   12  ****   O.3 ACCEPTOR
   13  ****   C.3 NONPOLAR
   14  ****   C.3 NONPOLAR
   15  ****   O.3 DONACC
   16  ****   C.3 NONPOLAR
   17  **** N.pl3 NONPOLAR
   18  ****   C.2 NONPOLAR
   19  **** N.pl3 DONOR
   20  ****  C.ar NONPOLAR
   21  ****  C.ar NONPOLAR
   22  ****  C.ar NONPOLAR
   23  ****  C.ar NONPOLAR
   24  ****  C.ar NONPOLAR
   25  ****  C.ar NONPOLAR


--------------------------------------------------------------------------------
--- Automatic parameter setting                                              ---
--------------------------------------------------------------------------------
  Contribution base                        :   2500
  Contribution per rotatable bond          :   6000
  Contribution per df                      :   4000
  Contribution per water                   :  10000
  Ligand rotatable bonds                   :      8
  Protein flexible side chain bonds        :      0
  Total rotatable bonds                    :      8
  Hydrophobic vol ratio (P/L)              :   1.774
  Base multiplier (polar)                  :   1.200
  Base multiplier (apolar)                 :   4.614
  Base contribution                        : 12500.000
  Fitting points                           :      6
  Estimated maxops needed (optimal)        :  61000

--------------------------------------------------------------------------------

* Population settings                                                           
  maxops                                   :  61000
  popsiz                                   :    100
  select_pressure                          :   1.100
  n_islands                                :      5
  niche_siz                                :      2

* GA settings                                                                   
  pt_crosswt                               :     95
  allele_mutatewt                          :     95
  migratewt                                :     10

* Search settings                                                               
  start_vdw_linear_cutoff                  :   4.000
  initial_virtual_pt_match_max             :   3.000

--------------------------------------------------------------------------------

* Ligand initialisation time :                                                  
  total  0.0198 user  0.0198 sys  0.0000

--------------------------------------------------------------------------------

--------------------------------------------------------------------------------
** Docking run number  1 **
--------------------------------------------------------------------------------
  Rank fitness base is 5000.00 ; increment is 11.2233

* Initialising population(s) ...                                                
Number of constraints mappings 0
Number of constraints 0
  Population no.                           :      1
  Population size                          :    100
  Number of duplicates                     :      0
  Number of niche violations               :      0
  Number of errors                         :   3826

Number of constraints mappings 0
Number of constraints 0
  Population no.                           :      2
  Population size                          :    100
  Number of duplicates                     :      0
  Number of niche violations               :      0
  Number of errors                         :   3957

Number of constraints mappings 0
Number of constraints 0
  Population no.                           :      3
  Population size                          :    100
  Number of duplicates                     :      0
  Number of niche violations               :      0
  Number of errors                         :   3952

Number of constraints mappings 0
Number of constraints 0
  Population no.                           :      4
  Population size                          :    100
  Number of duplicates                     :      0
  Number of niche violations               :      0
  Number of errors                         :   4078

Number of constraints mappings 0
Number of constraints 0
  Population no.                           :      5
  Population size                          :    100
  Number of duplicates                     :      0
  Number of niche violations               :      0
  Number of errors                         :   3891


Doing GA, no. of population(s) 5 size 100 selection pressure 1.100000

 Operation      Score     S(PLP)   S(hbond)     S(cho)   S(metal)  DE(clash)   DE(tors)     intcor
         0      21.39     -19.57       1.48       0.00       0.00       0.00       1.78       0.93
       119      22.37     -20.57       1.48       0.00       0.00       0.00       1.79       0.93
       464      23.72     -22.40       1.48       0.00       0.00       0.00       1.98       0.84
      1589      23.92     -25.65       0.00       1.00       0.00       0.00       2.79       0.84
      1774      27.57     -29.01       0.00       0.00       0.00       0.00       1.14       0.84
      2386      28.67     -28.41       1.00       0.00       0.00       0.00       1.79       0.84
      5282      37.01     -36.45       1.00       0.52       0.00       0.00       2.42       0.84
      9262      37.06     -36.73       1.00       0.46       0.00       0.00       2.40       0.74
     20177      37.36     -36.54       0.50       0.68       0.00       0.00       1.72       0.73
     23383      37.62     -37.39       1.00       0.48       0.00       0.00       2.37       0.53
     23519      38.89     -40.40       0.61       0.00       0.00       0.00       1.93       0.53
     28425      39.15     -37.10       1.49       0.00       0.00       0.00       1.47       0.53
     30260      42.60     -39.01       2.00       0.00       0.00       0.00       1.47       0.53
     30265      44.16     -39.01       2.52       0.00       0.00       0.00       1.47       0.53
     34783      44.52     -41.80       1.86       0.00       0.00       0.00       1.68       0.51
     35100      45.37     -40.11       2.54       0.00       0.00       0.00       1.43       0.51
     36956      46.65     -43.94       1.59       0.00       0.00       0.00       1.24       0.44
     38121      46.68     -43.90       1.60       0.00       0.00       0.00       1.23       0.44
     38341      47.16     -44.25       1.58       0.00       0.00       0.00       1.13       0.44
     39423      47.49     -43.68       2.05       0.00       0.00       0.00       1.39       0.44
     40935      47.84     -44.30       1.81       0.00       0.00       0.00       1.16       0.44
     42050      47.92     -44.80       1.72       0.00       0.00       0.00       1.24       0.44
     46725      48.16     -41.55       2.85       0.00       0.00       0.00       1.19       0.44
     48506      49.02     -45.42       1.72       0.00       0.00       0.00       1.00       0.44
     51517      49.26     -45.47       1.76       0.00       0.00       0.00       0.95       0.40
     54167      49.48     -45.78       1.75       0.00       0.00       0.00       0.97       0.40
     55557      49.52     -45.73       1.78       0.00       0.00       0.00       0.97       0.40
     56181      49.57     -45.52       1.82       0.00       0.00       0.00       0.91       0.40
     57137      49.61     -45.42       1.85       0.00       0.00       0.00       0.89       0.40
     57448      50.06     -46.02       1.86       0.00       0.00       0.00       0.97       0.40
     58253      50.92     -46.44       1.97       0.00       0.00       0.00       0.91       0.40
--------------------------------------------------------------------------------
Best docking solution after GA:
     61000      50.92     -46.44       1.97       0.00       0.00       0.00       0.91       0.40

#ops:      61000 #mutates:  29064 #cross:    28797 #migrate:   3139 
#dups:     12078 #niche:    26154 #errors:    5249 
--------------------------------------------------------------------------------

Doing AMOEBA simplex on best individual
Done simplexing #iterations 576, best score  52.98

Ligand is stored in gold_soln_AV-procd_m2674_1.sdf


--------------------------------------------------------------------------------
--- CHEMPLP breakdown of terms                                               ---
--------------------------------------------------------------------------------
CHEMPLP = - ( 1.0000*S(PLP) + -3.0000*S(hbond) + -6.0000*S(metal) + -3.0000*S(cho) )

Score = CHEMPLP - 1.0000*DE(clash) - 2.0000*DE(tors)

Internal energy term has been corrected with the best internal energy encountered.

--------------------------------------------------------------------------------


     Score     S(PLP)   S(hbond)     S(cho)   S(metal)  DE(clash)   DE(tors)     intcor
     52.98     -48.26       1.99       0.00       0.00       0.00       0.83       0.40

--------------------------------------------------------------------------------
--- PLP analysis of protein-ligand interactions                              ---
--------------------------------------------------------------------------------
hydrogen bonding        :      -2.95
metal                   :       0.00
buried (polar-nonpolar) :      -5.91
nonpolar                :     -40.18
repulsive               :       0.15
--------------------------------------------------------------------------------


--------------------------------------------------------------------------------
--- ChemScore analysis of protein-ligand interactions                        ---
--------------------------------------------------------------------------------

* Hydrogen bonds                                                                
Protein donor 6896 hydrogen 6907 Ligand acceptor    2 bond energy  1.00 wt 1.00
Protein donor 6896 hydrogen 6908 Ligand acceptor   15 bond energy  1.00 wt 0.99


* CH..O interactions                                                            
  CH group selection                       : activated ring CH (adjacent to hetatom)

--------------------------------------------------------------------------------


--------------------------------------------------------------------------------
--- Intra-ligand clashes                                                     ---
--------------------------------------------------------------------------------

Ligand
--------------------------------------------------------------------------------

--------------------------------------------------------------------------------
--- Rescoring solution                                                       ---
--------------------------------------------------------------------------------

     Score         DG    S(hbond)    S(metal)    S(lipo)     H(rot)  DE(clash)    DE(int)
     14.51     -15.42       0.96        0.00     117.74       2.75       0.00       0.91

Doing AMOEBA simplex on best individual
Done simplexing #iterations 822, best score  17.70

     Score         DG    S(hbond)    S(metal)    S(lipo)     H(rot)  DE(clash)    DE(int)
     17.70     -18.67       1.62        0.00     126.53       2.75       0.02       0.95

--------------------------------------------------------------------------------
--- ChemScore breakdown of terms                                             ---
--------------------------------------------------------------------------------
DG = -5.4800 + -3.3400*S(hbond)
     + -6.0300*S(metal) + -0.1170*S(lipo) + 2.5600*H(rot)


H(rot) = 2.7487

Score = -(DG + DE(clash) + DE(int))


--------------------------------------------------------------------------------


--------------------------------------------------------------------------------
--- ChemScore analysis of protein-ligand interactions                        ---
--------------------------------------------------------------------------------

* Hydrogen bonds                                                                
Protein donor 6896 hydrogen 6907 Ligand acceptor    2 bond energy  1.00 wt 0.65
Protein donor 6896 hydrogen 6908 Ligand acceptor   15 bond energy  1.00 wt 0.97

CHEMSCORE EXTRA INTERACTIONS:

* Clashes                                                                       
Clash for ligand atom  20 (**** ):   0.01
--------------------------------------------------------------------------------


--------------------------------------------------------------------------------
--- Chromosome decoded                                                       ---
--------------------------------------------------------------------------------
Ligand Torsions
[   4    3    2    1]   -1.08    matched torsion: ortho-substituted aromatic methoxy
[   7    6    5    4] -158.10
[  10   11   12   13]   -4.92    matched torsion: ortho-substituoed aromatic-aliphatic ether
[  14   13   12   11]  152.74
[  15   14   13   12]  -36.82
[  38   15   14   13] -148.97
[  17   16   14   13]  -78.42
[  25   17   16   14]  174.22
Protein Torsions
[6907 6896 6895 6894] -120.69 
[7974 7965 7964 7962]   58.39 
[8008 7997 7996 7995]  -37.64 
[10167 10162 10161 10158]   54.39 
[10718 10713 10712 10709]  137.28 
[10763 10752 10751 10750]  147.91 
[11005 11000 10999 10996]  163.58 
Mapping
Ligand acceptors to protein hydrogens (mapping then atom ids)
  1   3 [  2->6907]
Ligand hydrogens to protein acceptors (mapping then atom ids)
Ligand shape atoms to protein points (mapping then atom ids & coords)
  4  4812 [  9->(146.250 136.250 162.000)]
 10  8349 [ 21->(151.500 144.250 158.000)]
 11  9377 [ 22->(152.500 145.000 159.250)]
 13  8512 [ 24->(151.750 142.000 159.000)]
Chromosome values
Integers:
   2   -1   -1   -1   -1   -1   -1   -1   -1 4811   -1   -1 
  -1   -1   -1 8348 9376   -1 8511 
--------------------------------------------------------------------------------

Current Ranking  1

--------------------------------------------------------------------------------

* GA execution time :                                                           
  total  1.2823 user  1.2823 sys  0.0000

--------------------------------------------------------------------------------
Fitness function evaluations: 121895

--------------------------------------------------------------------------------
** Docking run number  2 **
--------------------------------------------------------------------------------
  Rank fitness base is 5000.00 ; increment is 11.2233

* Initialising population(s) ...                                                
Number of constraints mappings 0
Number of constraints 0
  Population no.                           :      1
  Population size                          :    100
  Number of duplicates                     :      0
  Number of niche violations               :      0
  Number of errors                         :   3828

Number of constraints mappings 0
Number of constraints 0
  Population no.                           :      2
  Population size                          :    100
  Number of duplicates                     :      0
  Number of niche violations               :      0
  Number of errors                         :   3987

Number of constraints mappings 0
Number of constraints 0
  Population no.                           :      3
  Population size                          :    100
  Number of duplicates                     :      0
  Number of niche violations               :      0
  Number of errors                         :   3940

Number of constraints mappings 0
Number of constraints 0
  Population no.                           :      4
  Population size                          :    100
  Number of duplicates                     :      0
  Number of niche violations               :      0
  Number of errors                         :   3977

Number of constraints mappings 0
Number of constraints 0
  Population no.                           :      5
  Population size                          :    100
  Number of duplicates                     :      0
  Number of niche violations               :      0
  Number of errors                         :   3930


Doing GA, no. of population(s) 5 size 100 selection pressure 1.100000

 Operation      Score     S(PLP)   S(hbond)     S(cho)   S(metal)  DE(clash)   DE(tors)     intcor
         0      18.63     -21.32       0.00       0.00       0.00       0.00       1.55       0.40
       871      18.63     -19.47       1.34       0.00       0.00       0.00       2.63       0.40
       937      22.26     -20.88       1.47       0.00       0.00       0.00       1.72       0.40
      1289      24.55     -27.10       0.75       0.00       0.00       0.00       2.60       0.40
      2374      25.20     -27.10       0.97       0.00       0.00       0.00       2.60       0.40
      4049      26.31     -26.69       0.99       0.00       0.00       0.00       1.88       0.40
      4738      28.51     -31.50       0.00       0.00       0.00       0.00       1.70       0.40
      5018      28.91     -31.16       0.00       0.00       0.00       0.00       1.33       0.40
      5113      29.22     -26.76       2.14       0.00       0.00       0.00       2.18       0.40
      5363      30.10     -31.93       0.21       0.00       0.00       0.00       1.43       0.40
      5832      30.33     -32.60       0.02       0.00       0.00       0.00       1.36       0.40
      7957      35.84     -31.14       2.30       0.00       0.00       0.00       1.31       0.40
      8497      37.43     -34.37       2.41       0.00       0.00       0.00       2.29       0.40
      9097      38.69     -36.24       2.05       0.00       0.00       0.00       2.06       0.40
     12582      38.72     -36.22       2.05       0.00       0.00       0.00       2.03       0.40
     14797      39.83     -34.59       2.90       0.00       0.00       0.00       1.93       0.40
     15415      40.90     -36.06       2.57       0.00       0.00       0.00       1.64       0.40
     17761      41.02     -36.06       2.57       0.00       0.00       0.00       1.58       0.40
     17928      42.14     -32.65       3.90       0.00       0.00       0.00       1.30       0.40
     18595      42.48     -36.53       2.94       0.00       0.00       0.00       1.64       0.40
     18901      44.91     -38.32       3.12       0.00       0.00       0.00       1.58       0.40
     20956      47.11     -38.77       3.61       0.00       0.00       0.00       1.45       0.40
     22361      48.47     -41.19       3.00       0.00       0.00       0.00       1.06       0.40
     25410      48.71     -41.48       3.00       0.00       0.00       0.00       1.09       0.40
     25815      49.11     -42.12       3.00       0.00       0.00       0.00       1.21       0.40
     28830      49.17     -42.12       3.00       0.00       0.00       0.00       1.18       0.40
     29290      49.57     -42.79       3.00       0.00       0.00       0.00       1.31       0.40
     32557      49.67     -41.15       3.50       0.00       0.00       0.00       1.19       0.40
     33351      49.74     -41.21       3.49       0.00       0.00       0.00       1.18       0.40
     34126      50.21     -41.23       3.72       0.00       0.00       0.00       1.30       0.40
     36536      50.35     -41.33       3.75       0.00       0.00       0.00       1.32       0.40
     37231      50.41     -41.31       3.77       0.00       0.00       0.00       1.31       0.40
     37371      50.43     -41.61       3.70       0.00       0.00       0.00       1.35       0.40
     38366      50.69     -41.64       3.76       0.00       0.00       0.00       1.32       0.40
     38696      51.03     -41.69       3.83       0.00       0.00       0.00       1.27       0.40
     42171      51.27     -41.83       3.86       0.00       0.00       0.00       1.27       0.40
     44221      51.28     -41.85       3.84       0.00       0.00       0.00       1.25       0.40
     44441      51.37     -41.74       3.90       0.00       0.00       0.00       1.24       0.40
     47190      51.41     -41.81       3.90       0.00       0.00       0.00       1.26       0.40
     47536      51.42     -41.83       3.90       0.00       0.00       0.00       1.26       0.40
     48537      51.53     -41.81       3.92       0.00       0.00       0.02       1.21       0.40
     51582      51.56     -42.26       3.76       0.00       0.00       0.04       1.16       0.40
     52345      51.74     -42.59       3.75       0.00       0.00       0.00       1.26       0.40
     56160      51.90     -42.61       3.80       0.00       0.00       0.00       1.25       0.40
     56920      51.90     -42.19       3.87       0.00       0.00       0.00       1.15       0.40
     57186      52.00     -42.45       3.89       0.00       0.00       0.04       1.24       0.40
     57391      52.08     -42.64       3.80       0.00       0.00       0.04       1.16       0.40
     57415      52.18     -42.56       3.87       0.00       0.00       0.00       1.20       0.40
     58226      52.19     -42.62       3.87       0.00       0.00       0.02       1.22       0.40
     60031      52.21     -42.64       3.87       0.00       0.00       0.02       1.21       0.40
     60901      52.24     -42.66       3.87       0.00       0.00       0.00       1.22       0.40
--------------------------------------------------------------------------------
Best docking solution after GA:
     61000      52.24     -42.66       3.87       0.00       0.00       0.00       1.22       0.40

#ops:      61000 #mutates:  29036 #cross:    28916 #migrate:   3048 
#dups:     17603 #niche:    32649 #errors:    2373 
--------------------------------------------------------------------------------

Doing AMOEBA simplex on best individual
Done simplexing #iterations 757, best score  53.91

Ligand is stored in gold_soln_AV-procd_m2674_2.sdf


--------------------------------------------------------------------------------
--- CHEMPLP breakdown of terms                                               ---
--------------------------------------------------------------------------------
CHEMPLP = - ( 1.0000*S(PLP) + -3.0000*S(hbond) + -6.0000*S(metal) + -3.0000*S(cho) )

Score = CHEMPLP - 1.0000*DE(clash) - 2.0000*DE(tors)

Internal energy term has been corrected with the best internal energy encountered.

--------------------------------------------------------------------------------


     Score     S(PLP)   S(hbond)     S(cho)   S(metal)  DE(clash)   DE(tors)     intcor
     53.91     -44.33       3.83       0.00       0.00       0.00       1.16       0.40

--------------------------------------------------------------------------------
--- PLP analysis of protein-ligand interactions                              ---
--------------------------------------------------------------------------------
hydrogen bonding        :      -4.00
metal                   :       0.00
buried (polar-nonpolar) :      -6.45
nonpolar                :     -33.83
repulsive               :       0.08
--------------------------------------------------------------------------------


--------------------------------------------------------------------------------
--- ChemScore analysis of protein-ligand interactions                        ---
--------------------------------------------------------------------------------

* Hydrogen bonds                                                                
Ligand donor   19 hydrogen   46 Protein acceptor 8028 bond energy  1.00 wt 2.00
Protein donor 6931 hydrogen 6943 Ligand acceptor    2 bond energy  1.00 wt 1.00
Protein donor 6934 hydrogen 6947 Ligand acceptor    2 bond energy  1.00 wt 0.83


* CH..O interactions                                                            
  CH group selection                       : activated ring CH (adjacent to hetatom)

--------------------------------------------------------------------------------


--------------------------------------------------------------------------------
--- Intra-ligand clashes                                                     ---
--------------------------------------------------------------------------------

Ligand
--------------------------------------------------------------------------------

--------------------------------------------------------------------------------
--- Rescoring solution                                                       ---
--------------------------------------------------------------------------------

     Score         DG    S(hbond)    S(metal)    S(lipo)     H(rot)  DE(clash)    DE(int)
     15.05     -17.31       1.96        0.00     105.43       2.75       0.00       2.26

Doing AMOEBA simplex on best individual
Done simplexing #iterations 797, best score  17.05

     Score         DG    S(hbond)    S(metal)    S(lipo)     H(rot)  DE(clash)    DE(int)
     17.05     -18.49       2.30        0.00     105.64       2.75       0.00       1.44

--------------------------------------------------------------------------------
--- ChemScore breakdown of terms                                             ---
--------------------------------------------------------------------------------
DG = -5.4800 + -3.3400*S(hbond)
     + -6.0300*S(metal) + -0.1170*S(lipo) + 2.5600*H(rot)


H(rot) = 2.7487

Score = -(DG + DE(clash) + DE(int))


--------------------------------------------------------------------------------


--------------------------------------------------------------------------------
--- ChemScore analysis of protein-ligand interactions                        ---
--------------------------------------------------------------------------------

* Hydrogen bonds                                                                
Ligand donor   19 hydrogen   46 Protein acceptor 8028 bond energy  1.00 wt 0.99
Protein donor 6931 hydrogen 6943 Ligand acceptor    2 bond energy  1.00 wt 0.79
Protein donor 6934 hydrogen 6947 Ligand acceptor    2 bond energy  1.00 wt 0.52

CHEMSCORE EXTRA INTERACTIONS:

* Clashes                                                                       
--------------------------------------------------------------------------------


--------------------------------------------------------------------------------
--- Chromosome decoded                                                       ---
--------------------------------------------------------------------------------
Ligand Torsions
[   4    3    2    1]   16.21    matched torsion: ortho-substituted aromatic methoxy
[   7    6    5    4]  178.06
[  10   11   12   13]    5.21    matched torsion: ortho-substituoed aromatic-aliphatic ether
[  14   13   12   11]   86.73
[  15   14   13   12]  -88.06
[  38   15   14   13] -178.15
[  17   16   14   13] -149.13
[  25   17   16   14]  114.44
Protein Torsions
[6907 6896 6895 6894] -177.72 
[7974 7965 7964 7962]  154.29 
[8008 7997 7996 7995] -137.16 
[10167 10162 10161 10158] -108.40 
[10718 10713 10712 10709]  132.95 
[10763 10752 10751 10750] -131.51 
[11005 11000 10999 10996]    7.40 
Mapping
Ligand acceptors to protein hydrogens (mapping then atom ids)
Ligand hydrogens to protein acceptors (mapping then atom ids)
  2  15 [ 46->8028]
Ligand shape atoms to protein points (mapping then atom ids & coords)
  1  4812 [  1->(146.250 136.250 162.000)]
 10  8885 [ 21->(152.000 144.250 158.750)]
 11  8961 [ 22->(152.000 145.750 160.000)]
 12  9681 [ 23->(153.250 143.250 160.000)]
 13  9039 [ 24->(152.250 142.750 159.750)]
Chromosome values
Integers:
  -1   -1   -1   -1   -1   14 4811   -1   -1   -1   -1   -1 
  -1   -1   -1 8884 8960 9680 9038 
--------------------------------------------------------------------------------

Current Ranking  2  1

--------------------------------------------------------------------------------

* GA execution time :                                                           
  total  1.3732 user  1.3692 sys  0.0040

--------------------------------------------------------------------------------
Fitness function evaluations: 121476

--------------------------------------------------------------------------------
** Docking run number  3 **
--------------------------------------------------------------------------------
  Rank fitness base is 5000.00 ; increment is 11.2233

* Initialising population(s) ...                                                
Number of constraints mappings 0
Number of constraints 0
  Population no.                           :      1
  Population size                          :    100
  Number of duplicates                     :      0
  Number of niche violations               :      0
  Number of errors                         :   3910

Number of constraints mappings 0
Number of constraints 0
  Population no.                           :      2
  Population size                          :    100
  Number of duplicates                     :      0
  Number of niche violations               :      0
  Number of errors                         :   3752

Number of constraints mappings 0
Number of constraints 0
  Population no.                           :      3
  Population size                          :    100
  Number of duplicates                     :      0
  Number of niche violations               :      0
  Number of errors                         :   3773

Number of constraints mappings 0
Number of constraints 0
  Population no.                           :      4
  Population size                          :    100
  Number of duplicates                     :      0
  Number of niche violations               :      0
  Number of errors                         :   3935

Number of constraints mappings 0
Number of constraints 0
  Population no.                           :      5
  Population size                          :    100
  Number of duplicates                     :      0
  Number of niche violations               :      0
  Number of errors                         :   3812


Doing GA, no. of population(s) 5 size 100 selection pressure 1.100000

 Operation      Score     S(PLP)   S(hbond)     S(cho)   S(metal)  DE(clash)   DE(tors)     intcor
         0      28.59     -31.62       0.00       0.00       0.00       0.00       1.69       0.35
       570      28.59     -31.62       0.00       0.00       0.00       0.00       1.69       0.35
      3675      29.20     -32.36       0.00       0.00       0.00       0.00       1.73       0.31
      5120      33.89     -32.59       1.36       0.02       0.00       0.00       1.57       0.31
     12179      34.90     -37.06       0.06       0.96       0.00       2.87       1.30       0.27
     15576      38.79     -36.31       0.93       0.59       0.00       0.00       1.18       0.27
     17376      40.51     -37.02       0.85       0.75       0.00       0.00       0.79       0.27
     27007      41.63     -37.85       1.00       0.83       0.00       0.00       0.99       0.27
     35286      43.42     -39.79       0.91       0.77       0.00       0.00       0.84       0.26
     40146      43.43     -39.74       0.91       0.77       0.00       0.00       0.81       0.26
     43755      43.59     -39.87       0.93       0.78       0.00       0.00       0.82       0.26
     46681      44.98     -40.88       1.00       0.89       0.00       0.00       0.92       0.26
     47926      45.18     -41.35       1.00       0.82       0.00       0.00       0.95       0.26
     55116      45.64     -41.60       1.00       0.94       0.00       0.00       0.98       0.20
     56325      46.23     -47.38       0.00       0.00       0.00       0.00       0.67       0.20
--------------------------------------------------------------------------------
Best docking solution after GA:
     61000      46.23     -47.38       0.00       0.00       0.00       0.00       0.67       0.20

#ops:      61000 #mutates:  28907 #cross:    29045 #migrate:   3048 
#dups:     17722 #niche:    24285 #errors:    6604 
--------------------------------------------------------------------------------

Doing AMOEBA simplex on best individual
Done simplexing #iterations 889, best score  51.50

Ligand is stored in gold_soln_AV-procd_m2674_3.sdf


--------------------------------------------------------------------------------
--- CHEMPLP breakdown of terms                                               ---
--------------------------------------------------------------------------------
CHEMPLP = - ( 1.0000*S(PLP) + -3.0000*S(hbond) + -6.0000*S(metal) + -3.0000*S(cho) )

Score = CHEMPLP - 1.0000*DE(clash) - 2.0000*DE(tors)

Internal energy term has been corrected with the best internal energy encountered.

--------------------------------------------------------------------------------


     Score     S(PLP)   S(hbond)     S(cho)   S(metal)  DE(clash)   DE(tors)     intcor
     51.50     -53.20       0.00       0.00       0.00       0.00       0.95       0.20

--------------------------------------------------------------------------------
--- PLP analysis of protein-ligand interactions                              ---
--------------------------------------------------------------------------------
hydrogen bonding        :      -1.79
metal                   :       0.00
buried (polar-nonpolar) :      -5.41
nonpolar                :     -45.97
repulsive               :       0.32
--------------------------------------------------------------------------------


--------------------------------------------------------------------------------
--- ChemScore analysis of protein-ligand interactions                        ---
--------------------------------------------------------------------------------

* Hydrogen bonds                                                                


* CH..O interactions                                                            
  CH group selection                       : activated ring CH (adjacent to hetatom)

--------------------------------------------------------------------------------


--------------------------------------------------------------------------------
--- Intra-ligand clashes                                                     ---
--------------------------------------------------------------------------------

Ligand
--------------------------------------------------------------------------------

--------------------------------------------------------------------------------
--- Rescoring solution                                                       ---
--------------------------------------------------------------------------------

     Score         DG    S(hbond)    S(metal)    S(lipo)     H(rot)  DE(clash)    DE(int)
     11.49     -13.28       0.00        0.00     126.81       2.75       1.12       0.67

Doing AMOEBA simplex on best individual
Done simplexing #iterations 704, best score  13.52

     Score         DG    S(hbond)    S(metal)    S(lipo)     H(rot)  DE(clash)    DE(int)
     13.52     -14.22       0.00        0.00     134.84       2.75       0.07       0.63

--------------------------------------------------------------------------------
--- ChemScore breakdown of terms                                             ---
--------------------------------------------------------------------------------
DG = -5.4800 + -3.3400*S(hbond)
     + -6.0300*S(metal) + -0.1170*S(lipo) + 2.5600*H(rot)


H(rot) = 2.7487

Score = -(DG + DE(clash) + DE(int))


--------------------------------------------------------------------------------


--------------------------------------------------------------------------------
--- ChemScore analysis of protein-ligand interactions                        ---
--------------------------------------------------------------------------------

* Hydrogen bonds                                                                

CHEMSCORE EXTRA INTERACTIONS:

* Clashes                                                                       
Clash for ligand atom   7 (**** ):   0.04
Clash for ligand atom   8 (**** ):   0.02
Clash for ligand atom  19 (**** ):   0.01
--------------------------------------------------------------------------------


--------------------------------------------------------------------------------
--- Chromosome decoded                                                       ---
--------------------------------------------------------------------------------
Ligand Torsions
[   4    3    2    1]   -6.24    matched torsion: ortho-substituted aromatic methoxy
[   7    6    5    4]   -1.96
[  10   11   12   13]  -15.66    matched torsion: ortho-substituoed aromatic-aliphatic ether
[  14   13   12   11] -155.41
[  15   14   13   12]   57.83
[  38   15   14   13]  113.61
[  17   16   14   13]  -79.83
[  25   17   16   14] -143.44
Protein Torsions
[6907 6896 6895 6894]  132.21 
[7974 7965 7964 7962]   61.44 
[8008 7997 7996 7995]   78.97 
[10167 10162 10161 10158]  172.99 
[10718 10713 10712 10709]  100.04 
[10763 10752 10751 10750]  133.54 
[11005 11000 10999 10996]   -2.88 
Mapping
Ligand acceptors to protein hydrogens (mapping then atom ids)
Ligand hydrogens to protein acceptors (mapping then atom ids)
Ligand shape atoms to protein points (mapping then atom ids & coords)
  2  8758 [  4->(152.000 141.000 159.000)]
  3  7889 [  7->(151.000 145.250 158.750)]
  4  9592 [  9->(153.000 143.250 160.500)]
  5  9647 [ 10->(153.250 142.250 161.000)]
Chromosome values
Integers:
  -1   -1   -1   -1   -1   -1   -1 8757 7888 9591 9646   -1 
  -1   -1   -1   -1   -1   -1   -1 
--------------------------------------------------------------------------------

Current Ranking  2  1  3

--------------------------------------------------------------------------------

* GA execution time :                                                           
  total  1.3115 user  1.3035 sys  0.0080

--------------------------------------------------------------------------------
Fitness function evaluations: 121645

--------------------------------------------------------------------------------
** Docking run number  4 **
--------------------------------------------------------------------------------
  Rank fitness base is 5000.00 ; increment is 11.2233

* Initialising population(s) ...                                                
Number of constraints mappings 0
Number of constraints 0
  Population no.                           :      1
  Population size                          :    100
  Number of duplicates                     :      0
  Number of niche violations               :      0
  Number of errors                         :   3913

Number of constraints mappings 0
Number of constraints 0
  Population no.                           :      2
  Population size                          :    100
  Number of duplicates                     :      0
  Number of niche violations               :      0
  Number of errors                         :   3889

Number of constraints mappings 0
Number of constraints 0
  Population no.                           :      3
  Population size                          :    100
  Number of duplicates                     :      0
  Number of niche violations               :      0
  Number of errors                         :   3833

Number of constraints mappings 0
Number of constraints 0
  Population no.                           :      4
  Population size                          :    100
  Number of duplicates                     :      0
  Number of niche violations               :      0
  Number of errors                         :   3995

Number of constraints mappings 0
Number of constraints 0
  Population no.                           :      5
  Population size                          :    100
  Number of duplicates                     :      0
  Number of niche violations               :      0
  Number of errors                         :   3767


Doing GA, no. of population(s) 5 size 100 selection pressure 1.100000

 Operation      Score     S(PLP)   S(hbond)     S(cho)   S(metal)  DE(clash)   DE(tors)     intcor
         0      23.91     -24.82       0.29       0.55       0.00       0.00       1.82       0.20
      3226      24.29     -25.99       0.65       0.00       0.00       0.00       1.93       0.20
      3777      25.26     -28.47       0.60       0.00       0.00       0.00       2.61       0.20
      4846      29.61     -27.15       1.72       0.00       0.00       0.00       1.45       0.20
      5951      31.53     -35.16       0.00       0.00       0.00       0.00       1.92       0.20
      8252      34.42     -24.50       3.29       0.79       0.00       0.00       1.25       0.20
     11261      36.13     -33.29       2.00       0.00       0.00       0.00       1.68       0.20
     11536      42.28     -39.67       2.00       0.00       0.00       0.00       1.80       0.20
     18101      42.66     -39.53       2.00       0.00       0.00       0.00       1.53       0.20
     19684      43.26     -39.53       2.15       0.00       0.00       0.00       1.46       0.20
     19789      46.50     -37.49       3.46       0.00       0.00       0.00       0.78       0.20
     21739      46.75     -37.67       3.47       0.00       0.00       0.00       0.76       0.20
     21777      47.57     -40.84       3.31       0.00       0.00       0.00       1.70       0.20
     23255      47.58     -37.84       3.42       0.00       0.00       0.00       0.36       0.20
     24171      47.90     -41.91       2.85       0.00       0.00       0.00       1.38       0.20
     24420      49.63     -39.38       3.59       0.00       0.00       0.00       0.36       0.20
     27478      49.65     -39.67       3.58       0.00       0.00       0.00       0.48       0.20
     28818      49.77     -39.71       3.58       0.00       0.00       0.00       0.44       0.20
     29194      49.79     -40.92       3.19       0.00       0.00       0.00       0.45       0.20
     31794      49.79     -40.93       3.19       0.00       0.00       0.00       0.45       0.20
     32163      49.88     -39.80       3.58       0.00       0.00       0.00       0.43       0.20
     32265      51.16     -41.42       3.42       0.00       0.00       0.00       0.36       0.20
     38973      51.26     -42.24       3.23       0.00       0.00       0.00       0.43       0.20
     39449      51.59     -41.82       3.42       0.00       0.00       0.00       0.34       0.20
     42496      51.66     -41.92       3.42       0.00       0.00       0.00       0.36       0.20
     43578      53.50     -44.30       3.34       0.00       0.00       0.00       0.52       0.20
     47358      53.51     -44.35       3.34       0.00       0.00       0.00       0.54       0.20
     47636      53.54     -44.34       3.34       0.00       0.00       0.00       0.51       0.20
     47773      53.62     -44.52       3.34       0.00       0.00       0.00       0.57       0.20
     49185      53.97     -44.27       3.49       0.00       0.00       0.00       0.48       0.20
     51018      54.08     -44.49       3.48       0.00       0.00       0.00       0.53       0.20
     51978      54.18     -43.98       3.71       0.00       0.00       0.00       0.55       0.20
     52220      54.45     -45.23       3.34       0.00       0.00       0.00       0.51       0.20
     52263      54.58     -44.85       3.53       0.00       0.00       0.00       0.53       0.20
     54883      54.77     -45.20       3.48       0.00       0.00       0.00       0.52       0.20
     56806      54.82     -45.08       3.53       0.00       0.00       0.00       0.53       0.20
     57261      54.88     -45.10       3.53       0.00       0.00       0.00       0.51       0.20
     58113      54.88     -45.30       3.48       0.00       0.00       0.00       0.52       0.20
     60723      54.94     -45.15       3.53       0.00       0.00       0.00       0.50       0.20
--------------------------------------------------------------------------------
Best docking solution after GA:
     61000      54.94     -45.15       3.53       0.00       0.00       0.00       0.50       0.20

#ops:      61000 #mutates:  29033 #cross:    29016 #migrate:   2951 
#dups:     16258 #niche:    29404 #errors:    2699 
--------------------------------------------------------------------------------

Doing AMOEBA simplex on best individual
Done simplexing #iterations 762, best score  57.22

Ligand is stored in gold_soln_AV-procd_m2674_4.sdf


--------------------------------------------------------------------------------
--- CHEMPLP breakdown of terms                                               ---
--------------------------------------------------------------------------------
CHEMPLP = - ( 1.0000*S(PLP) + -3.0000*S(hbond) + -6.0000*S(metal) + -3.0000*S(cho) )

Score = CHEMPLP - 1.0000*DE(clash) - 2.0000*DE(tors)

Internal energy term has been corrected with the best internal energy encountered.

--------------------------------------------------------------------------------


     Score     S(PLP)   S(hbond)     S(cho)   S(metal)  DE(clash)   DE(tors)     intcor
     57.22     -47.98       3.37       0.00       0.00       0.00       0.54       0.20

--------------------------------------------------------------------------------
--- PLP analysis of protein-ligand interactions                              ---
--------------------------------------------------------------------------------
hydrogen bonding        :      -3.62
metal                   :       0.00
buried (polar-nonpolar) :      -4.50
nonpolar                :     -40.17
repulsive               :       0.13
--------------------------------------------------------------------------------


--------------------------------------------------------------------------------
--- ChemScore analysis of protein-ligand interactions                        ---
--------------------------------------------------------------------------------

* Hydrogen bonds                                                                
Ligand donor   19 hydrogen   46 Protein acceptor 8028 bond energy  1.00 wt 2.00
Protein donor 6931 hydrogen 6943 Ligand acceptor    2 bond energy  1.00 wt 0.89
Protein donor 6934 hydrogen 6947 Ligand acceptor    2 bond energy  1.00 wt 0.48


* CH..O interactions                                                            
  CH group selection                       : activated ring CH (adjacent to hetatom)

--------------------------------------------------------------------------------


--------------------------------------------------------------------------------
--- Intra-ligand clashes                                                     ---
--------------------------------------------------------------------------------

Ligand
--------------------------------------------------------------------------------

--------------------------------------------------------------------------------
--- Rescoring solution                                                       ---
--------------------------------------------------------------------------------

     Score         DG    S(hbond)    S(metal)    S(lipo)     H(rot)  DE(clash)    DE(int)
     17.26     -19.22       2.05        0.00     119.02       2.75       0.41       1.55

Doing AMOEBA simplex on best individual
Done simplexing #iterations 905, best score  19.26

     Score         DG    S(hbond)    S(metal)    S(lipo)     H(rot)  DE(clash)    DE(int)
     19.26     -20.02       2.04        0.00     126.01       2.75       0.13       0.63

--------------------------------------------------------------------------------
--- ChemScore breakdown of terms                                             ---
--------------------------------------------------------------------------------
DG = -5.4800 + -3.3400*S(hbond)
     + -6.0300*S(metal) + -0.1170*S(lipo) + 2.5600*H(rot)


H(rot) = 2.7487

Score = -(DG + DE(clash) + DE(int))


--------------------------------------------------------------------------------


--------------------------------------------------------------------------------
--- ChemScore analysis of protein-ligand interactions                        ---
--------------------------------------------------------------------------------

* Hydrogen bonds                                                                
Ligand donor   19 hydrogen   46 Protein acceptor 8028 bond energy  1.00 wt 0.99
Protein donor 6931 hydrogen 6943 Ligand acceptor    2 bond energy  1.00 wt 0.80
Protein donor 6934 hydrogen 6947 Ligand acceptor    2 bond energy  1.00 wt 0.25

CHEMSCORE EXTRA INTERACTIONS:

* Clashes                                                                       
Clash for ligand atom   1 (**** ):   0.07
Clash for ligand atom  22 (**** ):   0.05
--------------------------------------------------------------------------------


--------------------------------------------------------------------------------
--- Chromosome decoded                                                       ---
--------------------------------------------------------------------------------
Ligand Torsions
[   4    3    2    1]    2.84    matched torsion: ortho-substituted aromatic methoxy
[   7    6    5    4] -170.32
[  10   11   12   13]   -2.57    matched torsion: ortho-substituoed aromatic-aliphatic ether
[  14   13   12   11]  147.56
[  15   14   13   12] -156.45
[  38   15   14   13]  -49.49
[  17   16   14   13] -169.29
[  25   17   16   14]  174.53
Protein Torsions
[6907 6896 6895 6894]  -30.71 
[7974 7965 7964 7962]  149.80 
[8008 7997 7996 7995]   54.13 
[10167 10162 10161 10158]  -23.19 
[10718 10713 10712 10709]   98.77 
[10763 10752 10751 10750]  -14.52 
[11005 11000 10999 10996] -150.72 
Mapping
Ligand acceptors to protein hydrogens (mapping then atom ids)
Ligand hydrogens to protein acceptors (mapping then atom ids)
  2  15 [ 46->8028]
Ligand shape atoms to protein points (mapping then atom ids & coords)
  9  6997 [ 18->(150.000 141.250 157.000)]
 10  8842 [ 21->(152.000 143.750 158.000)]
 11  8670 [ 22->(151.750 145.000 159.750)]
 12  9408 [ 23->(152.750 142.500 160.000)]
 13  9259 [ 24->(152.500 143.000 160.500)]
Chromosome values
Integers:
  -1   -1   -1   -1   -1   14   -1   -1   -1   -1   -1   -1 
  -1   -1 6996 8841 8669 9407 9258 
--------------------------------------------------------------------------------

Current Ranking  4  2  1  3

--------------------------------------------------------------------------------

* GA execution time :                                                           
  total  1.3299 user  1.3299 sys  0.0000

--------------------------------------------------------------------------------
Fitness function evaluations: 121248

--------------------------------------------------------------------------------
** Docking run number  5 **
--------------------------------------------------------------------------------
  Rank fitness base is 5000.00 ; increment is 11.2233

* Initialising population(s) ...                                                
Number of constraints mappings 0
Number of constraints 0
  Population no.                           :      1
  Population size                          :    100
  Number of duplicates                     :      0
  Number of niche violations               :      0
  Number of errors                         :   3771

Number of constraints mappings 0
Number of constraints 0
  Population no.                           :      2
  Population size                          :    100
  Number of duplicates                     :      0
  Number of niche violations               :      0
  Number of errors                         :   3812

Number of constraints mappings 0
Number of constraints 0
  Population no.                           :      3
  Population size                          :    100
  Number of duplicates                     :      0
  Number of niche violations               :      0
  Number of errors                         :   3937

Number of constraints mappings 0
Number of constraints 0
  Population no.                           :      4
  Population size                          :    100
  Number of duplicates                     :      0
  Number of niche violations               :      0
  Number of errors                         :   3851

Number of constraints mappings 0
Number of constraints 0
  Population no.                           :      5
  Population size                          :    100
  Number of duplicates                     :      0
  Number of niche violations               :      0
  Number of errors                         :   3880


Doing GA, no. of population(s) 5 size 100 selection pressure 1.100000

 Operation      Score     S(PLP)   S(hbond)     S(cho)   S(metal)  DE(clash)   DE(tors)     intcor
         0      23.70     -26.35       0.51       1.26       0.00       0.00       4.09       0.20
      2226      24.74     -24.30       1.86       0.00       0.00       0.00       2.67       0.20
      2397      31.03     -35.64       0.05       0.00       0.00       0.00       2.47       0.20
      3776      31.91     -36.43       0.05       0.00       0.00       0.00       2.43       0.20
      5482      35.83     -40.47       0.10       0.00       0.00       0.00       2.57       0.20
      7768      36.47     -41.13       0.10       0.00       0.00       0.00       2.58       0.20
      9695      36.99     -42.09       0.00       0.00       0.00       0.00       2.65       0.20
     10941      37.55     -42.09       0.19       0.00       0.00       0.00       2.65       0.20
     15176      39.55     -30.66       4.13       0.00       0.00       0.00       1.85       0.20
     19233      40.86     -30.91       4.24       0.00       0.00       0.00       1.48       0.20
     19843      40.89     -30.87       4.24       0.00       0.00       0.00       1.45       0.20
     22498      40.98     -30.87       4.27       0.00       0.00       0.00       1.45       0.20
     22978      41.58     -45.31       0.42       0.00       0.00       0.00       2.60       0.20
     27147      42.11     -33.75       3.91       0.00       0.00       0.00       1.79       0.20
     34278      42.31     -33.92       3.91       0.00       0.00       0.00       1.77       0.18
     35394      43.83     -35.84       3.09       0.00       0.00       0.00       0.73       0.18
     38159      44.50     -35.84       3.32       0.00       0.00       0.00       0.73       0.18
     41159      44.94     -36.25       3.32       0.00       0.00       0.00       0.72       0.18
     45014      45.00     -35.58       3.58       0.00       0.00       0.00       0.74       0.18
     48388      45.94     -36.34       3.61       0.00       0.00       0.00       0.70       0.18
     54405      45.95     -36.25       3.66       0.00       0.00       0.00       0.72       0.18
     55673      45.98     -36.47       3.59       0.00       0.00       0.00       0.70       0.13
     56918      46.04     -36.52       3.59       0.00       0.00       0.00       0.70       0.13
     59514      46.30     -36.56       3.67       0.00       0.00       0.00       0.70       0.13
     59544      46.30     -36.61       3.64       0.00       0.00       0.00       0.68       0.13
--------------------------------------------------------------------------------
Best docking solution after GA:
     61000      46.30     -36.61       3.64       0.00       0.00       0.00       0.68       0.13

#ops:      61000 #mutates:  28895 #cross:    29117 #migrate:   2988 
#dups:     15253 #niche:    26946 #errors:    4634 
--------------------------------------------------------------------------------

Doing AMOEBA simplex on best individual
Done simplexing #iterations 536, best score  47.26

Ligand is stored in gold_soln_AV-procd_m2674_5.sdf


--------------------------------------------------------------------------------
--- CHEMPLP breakdown of terms                                               ---
--------------------------------------------------------------------------------
CHEMPLP = - ( 1.0000*S(PLP) + -3.0000*S(hbond) + -6.0000*S(metal) + -3.0000*S(cho) )

Score = CHEMPLP - 1.0000*DE(clash) - 2.0000*DE(tors)

Internal energy term has been corrected with the best internal energy encountered.

--------------------------------------------------------------------------------


     Score     S(PLP)   S(hbond)     S(cho)   S(metal)  DE(clash)   DE(tors)     intcor
     47.26     -37.28       3.77       0.00       0.00       0.00       0.73       0.13

--------------------------------------------------------------------------------
--- PLP analysis of protein-ligand interactions                              ---
--------------------------------------------------------------------------------
hydrogen bonding        :      -3.96
metal                   :       0.00
buried (polar-nonpolar) :      -7.39
nonpolar                :     -27.32
repulsive               :       0.24
--------------------------------------------------------------------------------


--------------------------------------------------------------------------------
--- ChemScore analysis of protein-ligand interactions                        ---
--------------------------------------------------------------------------------

* Hydrogen bonds                                                                
Ligand donor   15 hydrogen   38 Protein acceptor 10175 bond energy  1.00 wt 0.77
Ligand donor   19 hydrogen   46 Protein acceptor 7948 bond energy  1.00 wt 2.00
Protein donor 10162 hydrogen 10167 Ligand acceptor    8 bond energy  1.00 wt 1.00


* CH..O interactions                                                            
  CH group selection                       : activated ring CH (adjacent to hetatom)

--------------------------------------------------------------------------------


--------------------------------------------------------------------------------
--- Intra-ligand clashes                                                     ---
--------------------------------------------------------------------------------

Ligand
--------------------------------------------------------------------------------

--------------------------------------------------------------------------------
--- Rescoring solution                                                       ---
--------------------------------------------------------------------------------

     Score         DG    S(hbond)    S(metal)    S(lipo)     H(rot)  DE(clash)    DE(int)
     15.22     -15.90       2.58        0.00      75.55       2.75       0.00       0.68

Doing AMOEBA simplex on best individual
Done simplexing #iterations 805, best score  16.55

     Score         DG    S(hbond)    S(metal)    S(lipo)     H(rot)  DE(clash)    DE(int)
     16.55     -17.43       2.83        0.00      81.48       2.75       0.07       0.81

--------------------------------------------------------------------------------
--- ChemScore breakdown of terms                                             ---
--------------------------------------------------------------------------------
DG = -5.4800 + -3.3400*S(hbond)
     + -6.0300*S(metal) + -0.1170*S(lipo) + 2.5600*H(rot)


H(rot) = 2.7487

Score = -(DG + DE(clash) + DE(int))


--------------------------------------------------------------------------------


--------------------------------------------------------------------------------
--- ChemScore analysis of protein-ligand interactions                        ---
--------------------------------------------------------------------------------

* Hydrogen bonds                                                                
Ligand donor   15 hydrogen   38 Protein acceptor 10175 bond energy  1.00 wt 0.88
Ligand donor   19 hydrogen   46 Protein acceptor 7948 bond energy  1.00 wt 0.96
Protein donor 10162 hydrogen 10167 Ligand acceptor    8 bond energy  1.00 wt 0.99

CHEMSCORE EXTRA INTERACTIONS:

* Clashes                                                                       
Clash for ligand atom   9 (**** ):   0.01
Clash for ligand atom  21 (**** ):   0.07
--------------------------------------------------------------------------------


--------------------------------------------------------------------------------
--- Chromosome decoded                                                       ---
--------------------------------------------------------------------------------
Ligand Torsions
[   4    3    2    1]    1.85    matched torsion: ortho-substituted aromatic methoxy
[   7    6    5    4]    5.66
[  10   11   12   13]    9.86    matched torsion: ortho-substituoed aromatic-aliphatic ether
[  14   13   12   11]   99.78
[  15   14   13   12]  -76.72
[  38   15   14   13]   76.23
[  17   16   14   13] -160.92
[  25   17   16   14]  174.83
Protein Torsions
[6907 6896 6895 6894]  168.44 
[7974 7965 7964 7962]   43.87 
[8008 7997 7996 7995] -177.11 
[10167 10162 10161 10158] -154.72 
[10718 10713 10712 10709]  140.66 
[10763 10752 10751 10750]   90.81 
[11005 11000 10999 10996] -152.81 
Mapping
Ligand acceptors to protein hydrogens (mapping then atom ids)
  2  29 [  8->10167]
Ligand hydrogens to protein acceptors (mapping then atom ids)
  2   7 [ 46->7948]
Ligand shape atoms to protein points (mapping then atom ids & coords)
  9  3699 [ 18->(145.250 137.000 152.000)]
 10  4157 [ 21->(145.750 131.750 149.250)]
 11  4173 [ 22->(145.750 132.000 150.000)]
 12  2250 [ 23->(143.750 132.250 150.750)]
 13  3052 [ 24->(144.750 132.500 151.250)]
Chromosome values
Integers:
  -1   28   -1   -1   -1    6   -1   -1   -1   -1   -1   -1 
  -1   -1 3698 4156 4172 2249 3051 
--------------------------------------------------------------------------------

Current Ranking  4  2  1  3  5

--------------------------------------------------------------------------------

* GA execution time :                                                           
  total  1.2551 user  1.2551 sys  0.0000

--------------------------------------------------------------------------------
Fitness function evaluations: 121672

--------------------------------------------------------------------------------
** Docking run number  6 **
--------------------------------------------------------------------------------
  Rank fitness base is 5000.00 ; increment is 11.2233

* Initialising population(s) ...                                                
Number of constraints mappings 0
Number of constraints 0
  Population no.                           :      1
  Population size                          :    100
  Number of duplicates                     :      0
  Number of niche violations               :      0
  Number of errors                         :   3846

Number of constraints mappings 0
Number of constraints 0
  Population no.                           :      2
  Population size                          :    100
  Number of duplicates                     :      0
  Number of niche violations               :      0
  Number of errors                         :   4067

Number of constraints mappings 0
Number of constraints 0
  Population no.                           :      3
  Population size                          :    100
  Number of duplicates                     :      0
  Number of niche violations               :      0
  Number of errors                         :   4043

Number of constraints mappings 0
Number of constraints 0
  Population no.                           :      4
  Population size                          :    100
  Number of duplicates                     :      0
  Number of niche violations               :      0
  Number of errors                         :   3985

Number of constraints mappings 0
Number of constraints 0
  Population no.                           :      5
  Population size                          :    100
  Number of duplicates                     :      0
  Number of niche violations               :      0
  Number of errors                         :   3894


Doing GA, no. of population(s) 5 size 100 selection pressure 1.100000

 Operation      Score     S(PLP)   S(hbond)     S(cho)   S(metal)  DE(clash)   DE(tors)     intcor
         0      18.54     -23.98       0.04       0.00       0.00       2.78       1.46       0.13
       180      19.60     -19.55       1.10       0.00       0.00       0.00       1.69       0.13
       413      27.51     -28.11       0.14       1.00       0.00       0.00       2.08       0.13
      5272      28.55     -28.91       0.82       0.00       0.00       0.00       1.48       0.13
      5377      29.26     -28.55       1.18       0.00       0.00       0.00       1.48       0.13
      6062      30.46     -27.63       1.00       0.79       0.00       0.00       1.33       0.13
      6097      32.13     -31.61       1.11       0.00       0.00       0.00       1.48       0.13
      6674      32.30     -30.31       0.91       1.00       0.00       0.00       1.94       0.13
     10782      32.89     -30.62       0.77       0.83       0.00       0.00       1.33       0.13
     12522      33.62     -31.40       0.77       0.81       0.00       0.00       1.33       0.13
     13099      35.35     -29.07       1.95       0.54       0.00       0.00       0.67       0.13
     14079      36.32     -29.39       2.03       0.65       0.00       0.00       0.62       0.13
     19498      38.11     -31.64       2.44       0.38       0.00       0.00       1.05       0.13
     19779      43.51     -38.69       2.00       0.00       0.00       0.00       0.65       0.13
     21575      43.58     -39.12       2.82       0.00       0.00       0.94       1.59       0.13
     22238      44.28     -39.12       3.00       0.00       0.00       0.94       1.51       0.13
     22553      44.32     -39.22       3.00       0.00       0.00       0.94       1.55       0.13
     24818      44.44     -39.38       3.00       0.00       0.00       0.94       1.57       0.13
     26121      49.56     -44.01       3.00       0.00       0.00       0.94       1.32       0.13
     37055      50.70     -44.23       3.31       0.00       0.00       0.94       1.32       0.13
     37750      51.12     -45.49       3.17       0.00       0.00       0.94       1.54       0.13
     38005      53.29     -47.27       3.07       0.00       0.00       0.94       1.19       0.13
     40899      53.67     -45.91       3.43       0.00       0.00       0.00       1.34       0.13
     41170      54.07     -47.19       3.04       0.00       0.00       0.00       1.19       0.13
     41540      54.16     -47.29       3.04       0.00       0.00       0.00       1.19       0.13
     43998      54.24     -46.71       3.35       0.00       0.00       0.00       1.34       0.13
     47795      54.76     -46.81       3.40       0.00       0.00       0.00       1.19       0.13
     50855      54.77     -46.99       3.34       0.00       0.00       0.00       1.19       0.13
     52317      54.93     -48.93       3.02       0.00       0.00       0.00       1.60       0.13
     53047      55.05     -48.67       3.16       0.00       0.00       0.00       1.61       0.13
     54144      55.14     -47.50       3.32       0.00       0.00       0.00       1.23       0.13
     56002      55.21     -48.86       3.14       0.00       0.00       0.00       1.60       0.13
     56571      55.54     -48.71       3.32       0.00       0.00       0.00       1.63       0.13
     56807      55.62     -48.92       3.27       0.00       0.00       0.00       1.61       0.13
     58027      55.66     -48.92       3.28       0.00       0.00       0.00       1.61       0.13
     58312      55.66     -48.85       3.30       0.00       0.00       0.00       1.61       0.13
     58581      55.69     -47.66       3.42       0.00       0.00       0.00       1.18       0.13
     59092      55.71     -48.62       3.27       0.00       0.00       0.00       1.42       0.13
     59122      55.81     -48.64       3.30       0.00       0.00       0.00       1.44       0.13
     59672      55.85     -49.09       3.27       0.00       0.00       0.00       1.59       0.13
     60077      55.89     -49.10       3.27       0.00       0.00       0.00       1.57       0.13
--------------------------------------------------------------------------------
Best docking solution after GA:
     61000      55.89     -49.10       3.27       0.00       0.00       0.00       1.57       0.13

#ops:      61000 #mutates:  29004 #cross:    28961 #migrate:   3035 
#dups:     13037 #niche:    27211 #errors:    4625 
--------------------------------------------------------------------------------

Doing AMOEBA simplex on best individual
Done simplexing #iterations 758, best score  57.39

Ligand is stored in gold_soln_AV-procd_m2674_6.sdf


--------------------------------------------------------------------------------
--- CHEMPLP breakdown of terms                                               ---
--------------------------------------------------------------------------------
CHEMPLP = - ( 1.0000*S(PLP) + -3.0000*S(hbond) + -6.0000*S(metal) + -3.0000*S(cho) )

Score = CHEMPLP - 1.0000*DE(clash) - 2.0000*DE(tors)

Internal energy term has been corrected with the best internal energy encountered.

--------------------------------------------------------------------------------


     Score     S(PLP)   S(hbond)     S(cho)   S(metal)  DE(clash)   DE(tors)     intcor
     57.39     -50.69       3.22       0.00       0.00       0.00       1.55       0.13

--------------------------------------------------------------------------------
--- PLP analysis of protein-ligand interactions                              ---
--------------------------------------------------------------------------------
hydrogen bonding        :      -4.15
metal                   :       0.00
buried (polar-nonpolar) :      -4.12
nonpolar                :     -43.23
repulsive               :       0.06
--------------------------------------------------------------------------------


--------------------------------------------------------------------------------
--- ChemScore analysis of protein-ligand interactions                        ---
--------------------------------------------------------------------------------

* Hydrogen bonds                                                                
Ligand donor   19 hydrogen   46 Protein acceptor 8028 bond energy  1.00 wt 1.92
Protein donor 6931 hydrogen 6943 Ligand acceptor    2 bond energy  1.00 wt 0.99
Protein donor 6934 hydrogen 6947 Ligand acceptor    2 bond energy  1.00 wt 0.31


* CH..O interactions                                                            
  CH group selection                       : activated ring CH (adjacent to hetatom)

--------------------------------------------------------------------------------


--------------------------------------------------------------------------------
--- Intra-ligand clashes                                                     ---
--------------------------------------------------------------------------------

Ligand
--------------------------------------------------------------------------------

--------------------------------------------------------------------------------
--- Rescoring solution                                                       ---
--------------------------------------------------------------------------------

     Score         DG    S(hbond)    S(metal)    S(lipo)     H(rot)  DE(clash)    DE(int)
     15.71     -18.84       1.56        0.00     129.69       2.75       0.98       2.15

Doing AMOEBA simplex on best individual
Done simplexing #iterations 853, best score  17.41

     Score         DG    S(hbond)    S(metal)    S(lipo)     H(rot)  DE(clash)    DE(int)
     17.41     -19.37       1.71        0.00     130.12       2.75       0.53       1.44

--------------------------------------------------------------------------------
--- ChemScore breakdown of terms                                             ---
--------------------------------------------------------------------------------
DG = -5.4800 + -3.3400*S(hbond)
     + -6.0300*S(metal) + -0.1170*S(lipo) + 2.5600*H(rot)


H(rot) = 2.7487

Score = -(DG + DE(clash) + DE(int))


--------------------------------------------------------------------------------


--------------------------------------------------------------------------------
--- ChemScore analysis of protein-ligand interactions                        ---
--------------------------------------------------------------------------------

* Hydrogen bonds                                                                
Ligand donor   19 hydrogen   46 Protein acceptor 8028 bond energy  1.00 wt 0.95
Protein donor 6931 hydrogen 6943 Ligand acceptor    2 bond energy  1.00 wt 0.23
Protein donor 6934 hydrogen 6947 Ligand acceptor    2 bond energy  1.00 wt 0.53

CHEMSCORE EXTRA INTERACTIONS:

* Clashes                                                                       
Clash for ligand atom   1 (**** ):   0.15
Clash for ligand atom  10 (**** ):   0.15
Clash for ligand atom  20 (**** ):   0.02
Clash for ligand atom  22 (**** ):   0.19
Clash for ligand atom  25 (**** ):   0.01
--------------------------------------------------------------------------------


--------------------------------------------------------------------------------
--- Chromosome decoded                                                       ---
--------------------------------------------------------------------------------
Ligand Torsions
[   4    3    2    1]   30.00    matched torsion: ortho-substituted aromatic methoxy
[   7    6    5    4]   25.95
[  10   11   12   13]    1.50    matched torsion: ortho-substituoed aromatic-aliphatic ether
[  14   13   12   11]  152.78
[  15   14   13   12] -109.19
[  38   15   14   13] -108.89
[  17   16   14   13] -174.28
[  25   17   16   14]  117.37
Protein Torsions
[6907 6896 6895 6894]   95.67 
[7974 7965 7964 7962]  -65.92 
[8008 7997 7996 7995]  -39.41 
[10167 10162 10161 10158] -142.88 
[10718 10713 10712 10709]   38.66 
[10763 10752 10751 10750]   48.77 
[11005 11000 10999 10996] -158.14 
Mapping
Ligand acceptors to protein hydrogens (mapping then atom ids)
  3   5 [ 12->6909]
Ligand hydrogens to protein acceptors (mapping then atom ids)
Ligand shape atoms to protein points (mapping then atom ids & coords)
  2  4526 [  4->(146.000 135.250 161.500)]
  8  7285 [ 16->(150.500 141.000 157.750)]
  9  7143 [ 18->(150.250 142.000 157.000)]
 10  7787 [ 21->(151.000 143.500 157.500)]
 11  9487 [ 22->(152.750 143.750 160.250)]
 13  9739 [ 24->(153.750 141.750 160.250)]
Chromosome values
Integers:
  -1   -1    4   -1   -1   -1   -1 4525   -1   -1   -1   -1 
  -1 7284 7142 7786 9486   -1 9738 
--------------------------------------------------------------------------------

Current Ranking  6  4  2  1  3  5

--------------------------------------------------------------------------------

* GA execution time :                                                           
  total  1.2999 user  1.2959 sys  0.0040

--------------------------------------------------------------------------------
Fitness function evaluations: 122571

--------------------------------------------------------------------------------
** Docking run number  7 **
--------------------------------------------------------------------------------
  Rank fitness base is 5000.00 ; increment is 11.2233

* Initialising population(s) ...                                                
Number of constraints mappings 0
Number of constraints 0
  Population no.                           :      1
  Population size                          :    100
  Number of duplicates                     :      0
  Number of niche violations               :      0
  Number of errors                         :   3846

Number of constraints mappings 0
Number of constraints 0
  Population no.                           :      2
  Population size                          :    100
  Number of duplicates                     :      0
  Number of niche violations               :      0
  Number of errors                         :   3823

Number of constraints mappings 0
Number of constraints 0
  Population no.                           :      3
  Population size                          :    100
  Number of duplicates                     :      0
  Number of niche violations               :      0
  Number of errors                         :   3915

Number of constraints mappings 0
Number of constraints 0
  Population no.                           :      4
  Population size                          :    100
  Number of duplicates                     :      0
  Number of niche violations               :      0
  Number of errors                         :   3892

Number of constraints mappings 0
Number of constraints 0
  Population no.                           :      5
  Population size                          :    100
  Number of duplicates                     :      0
  Number of niche violations               :      0
  Number of errors                         :   3995


Doing GA, no. of population(s) 5 size 100 selection pressure 1.100000

 Operation      Score     S(PLP)   S(hbond)     S(cho)   S(metal)  DE(clash)   DE(tors)     intcor
         0      23.20     -24.22       0.00       1.00       0.00       0.00       2.08       0.13
       417      23.21     -25.37       1.41       0.00       0.00       0.00       3.27       0.13
       631      28.29     -27.25       0.38       1.00       0.00       0.00       1.63       0.13
      1737      35.92     -37.33       1.45       0.00       0.00       0.00       2.95       0.13
      8162      36.98     -37.99       1.55       0.00       0.00       0.00       2.90       0.13
     16248      39.36     -33.64       2.13       0.00       0.00       0.00       0.40       0.13
     16558      41.50     -37.77       2.00       0.00       0.00       0.00       1.20       0.13
     18228      43.26     -38.98       2.00       0.00       0.00       0.00       0.93       0.13
     21361      43.83     -37.29       2.93       0.00       0.00       0.00       1.19       0.13
     23771      44.02     -37.29       2.99       0.00       0.00       0.00       1.19       0.13
     23774      45.59     -39.37       2.62       0.00       0.00       0.00       0.88       0.13
     24349      49.31     -41.93       2.95       0.00       0.00       0.00       0.81       0.13
     28964      49.31     -41.93       2.95       0.00       0.00       0.00       0.81       0.13
     30569      49.42     -41.59       3.06       0.00       0.00       0.00       0.74       0.13
     34556      49.55     -41.39       3.27       0.00       0.00       0.00       0.89       0.13
     38083      49.94     -41.80       3.20       0.00       0.00       0.00       0.80       0.13
     44377      50.42     -42.71       3.21       0.00       0.00       0.00       1.02       0.13
     49692      51.48     -43.26       3.21       0.00       0.00       0.00       0.77       0.13
     52817      52.29     -46.89       3.29       0.00       0.00       0.00       2.31       0.13
     56327      52.91     -46.76       3.60       0.00       0.00       0.00       2.40       0.13
     58232      52.91     -46.77       3.60       0.00       0.00       0.00       2.40       0.13
     59447      53.11     -47.95       3.15       0.00       0.00       0.00       2.22       0.13
     60633      53.23     -48.35       3.09       0.00       0.00       0.00       2.26       0.13
--------------------------------------------------------------------------------
Best docking solution after GA:
     61000      53.23     -48.35       3.09       0.00       0.00       0.00       2.26       0.13

#ops:      61000 #mutates:  28991 #cross:    29015 #migrate:   2994 
#dups:     21590 #niche:    27811 #errors:    4001 
--------------------------------------------------------------------------------

Doing AMOEBA simplex on best individual
Done simplexing #iterations 1058, best score  57.16

Ligand is stored in gold_soln_AV-procd_m2674_7.sdf


--------------------------------------------------------------------------------
--- CHEMPLP breakdown of terms                                               ---
--------------------------------------------------------------------------------
CHEMPLP = - ( 1.0000*S(PLP) + -3.0000*S(hbond) + -6.0000*S(metal) + -3.0000*S(cho) )

Score = CHEMPLP - 1.0000*DE(clash) - 2.0000*DE(tors)

Internal energy term has been corrected with the best internal energy encountered.

--------------------------------------------------------------------------------


     Score     S(PLP)   S(hbond)     S(cho)   S(metal)  DE(clash)   DE(tors)     intcor
     57.16     -50.12       3.44       0.00       0.00       0.00       1.70       0.13

--------------------------------------------------------------------------------
--- PLP analysis of protein-ligand interactions                              ---
--------------------------------------------------------------------------------
hydrogen bonding        :      -3.77
metal                   :       0.00
buried (polar-nonpolar) :      -4.23
nonpolar                :     -41.87
repulsive               :       0.14
--------------------------------------------------------------------------------


--------------------------------------------------------------------------------
--- ChemScore analysis of protein-ligand interactions                        ---
--------------------------------------------------------------------------------

* Hydrogen bonds                                                                
Ligand donor   19 hydrogen   46 Protein acceptor 8028 bond energy  1.00 wt 2.00
Protein donor 6931 hydrogen 6943 Ligand acceptor    2 bond energy  1.00 wt 0.90
Protein donor 6934 hydrogen 6947 Ligand acceptor    2 bond energy  1.00 wt 0.54


* CH..O interactions                                                            
  CH group selection                       : activated ring CH (adjacent to hetatom)

--------------------------------------------------------------------------------


--------------------------------------------------------------------------------
--- Intra-ligand clashes                                                     ---
--------------------------------------------------------------------------------

Ligand
--------------------------------------------------------------------------------

--------------------------------------------------------------------------------
--- Rescoring solution                                                       ---
--------------------------------------------------------------------------------

     Score         DG    S(hbond)    S(metal)    S(lipo)     H(rot)  DE(clash)    DE(int)
     16.01     -18.58       1.71        0.00     123.32       2.75       0.30       2.26

Doing AMOEBA simplex on best individual
Done simplexing #iterations 873, best score  17.61

     Score         DG    S(hbond)    S(metal)    S(lipo)     H(rot)  DE(clash)    DE(int)
     17.61     -19.92       2.05        0.00     125.10       2.75       0.08       2.24

--------------------------------------------------------------------------------
--- ChemScore breakdown of terms                                             ---
--------------------------------------------------------------------------------
DG = -5.4800 + -3.3400*S(hbond)
     + -6.0300*S(metal) + -0.1170*S(lipo) + 2.5600*H(rot)


H(rot) = 2.7487

Score = -(DG + DE(clash) + DE(int))


--------------------------------------------------------------------------------


--------------------------------------------------------------------------------
--- ChemScore analysis of protein-ligand interactions                        ---
--------------------------------------------------------------------------------

* Hydrogen bonds                                                                
Ligand donor   19 hydrogen   46 Protein acceptor 8028 bond energy  1.00 wt 1.00
Protein donor 6931 hydrogen 6943 Ligand acceptor    2 bond energy  1.00 wt 0.78
Protein donor 6934 hydrogen 6947 Ligand acceptor    2 bond energy  1.00 wt 0.27

CHEMSCORE EXTRA INTERACTIONS:

* Clashes                                                                       
Clash for ligand atom   1 (**** ):   0.07
--------------------------------------------------------------------------------


--------------------------------------------------------------------------------
--- Chromosome decoded                                                       ---
--------------------------------------------------------------------------------
Ligand Torsions
[   4    3    2    1]    2.92    matched torsion: ortho-substituted aromatic methoxy
[   7    6    5    4] -144.19
[  10   11   12   13]   -6.04    matched torsion: ortho-substituoed aromatic-aliphatic ether
[  14   13   12   11]  153.45
[  15   14   13   12] -127.51
[  38   15   14   13]   23.94
[  17   16   14   13] -166.01
[  25   17   16   14]  137.13
Protein Torsions
[6907 6896 6895 6894]  159.49 
[7974 7965 7964 7962]   77.99 
[8008 7997 7996 7995] -118.50 
[10167 10162 10161 10158]  -32.11 
[10718 10713 10712 10709] -131.05 
[10763 10752 10751 10750]  172.41 
[11005 11000 10999 10996] -109.55 
Mapping
Ligand acceptors to protein hydrogens (mapping then atom ids)
Ligand hydrogens to protein acceptors (mapping then atom ids)
  2  15 [ 46->8028]
Ligand shape atoms to protein points (mapping then atom ids & coords)
  2  5853 [  4->(147.500 135.250 161.750)]
 10  8369 [ 21->(151.500 144.500 158.500)]
 11  9368 [ 22->(152.500 144.500 160.250)]
 12  9529 [ 23->(153.000 141.750 159.750)]
Chromosome values
Integers:
  -1   -1   -1   -1   -1   14   -1 5852   -1   -1   -1   -1 
  -1   -1   -1 8368 9367 9528   -1 
--------------------------------------------------------------------------------

Current Ranking  6  4  7  2  1  3  5

Top  3 (of  7) solutions are within 1.500 RMSD, finishing docking /DATA2/COVID-19/PDBs_&_Models/AV-procd.sdf.


--------------------------------------------------------------------------------

* GA execution time :                                                           
  total  1.2880 user  1.2880 sys  0.0000

--------------------------------------------------------------------------------
Fitness function evaluations: 122267

--------------------------------------------------------------------------------
--- Ranking analysis                                                         ---
--------------------------------------------------------------------------------


* Final ranked order of GA solutions:                                           
   6  4  7  2  1  3  5 

  _______________________________
  RMSD Matrix of RANKED solutions

        2    3    4    5    6    7  

   1 :  0.9  0.8  1.9  2.5 10.0 11.9
   2 :       0.5  1.9  2.4 10.0 11.8
   3 :            2.1  2.6 10.0 11.9
   4 :                 2.9  9.6 11.4
   5 :                      9.6 11.9
   6 :                          14.3

  Clustering method                        : complete linkage
  Structure ids in cluster table           : rank nos.
  Ordering of clusters and their members   : by rank (order if from rms_analysis)

  Distance | Clusters
   0.54    |  1 |  2  3 |  4 |  5 |  6 |  7 |
   0.94    |  1  2  3 |  4 |  5 |  6 |  7 |
   2.07    |  1  2  3  4 |  5 |  6 |  7 |
   2.91    |  1  2  3  4  5 |  6 |  7 |
   9.98    |  1  2  3  4  5  6 |  7 |
  14.30    |  1  2  3  4  5  6  7 |
  Finished Docking Ligand                  : /DATA2/COVID-19/PDBs_&_Models/AV-procd.sdf
--------------------------------------------------------------------------------

  Relative_Ligand_Energy (best encountered) :   0.134
  Relative_Ligand_Energy: fitness values have been corrected using this amount
