
--------------------------------------------------------------------------------
--- Ligand                                                                   ---
--------------------------------------------------------------------------------
  Ligand loaded from file                  : /DATA2/COVID-19/PDBs_&_Models/AV-procd.sdf
  Ligand name                              :  
  "AV-unprocessed.smi:3307                                                  "

--------------------------------------------------------------------------------
  N.plc donors                             : 
  none found

  Acidic nitrogen acceptors                : 
  none found
  Sulfur acceptors                         :
  none found


  Donor atoms                              :      1
  12  
  Acceptor atoms                           :      1
  13  

  Hydrogens                                :  (n = 2)
  30   31   

  Lone pairs added to molecule             :      1
  Numbering                                : from 32 to 32
  Choline groups                           : 
   

--------------------------------------------------------------------------------
--- Postprocessing of typing                                                 ---
--------------------------------------------------------------------------------
  Fragment file                            : /home/scv26/CCDC/Discovery_2020/GOLD/gold/rotatable_bond_override.mol2
  acylurea fragment                        : no matches
  thioacylthiourea fragment                : no matches
  acylthiourea fragment                    : no matches
  thioacylurea fragment                    : no matches
  diarylamine fragment >C.ar-NH-C.ar<      : no matches
  sec-amine (1) fragment                   : no matches
  sec-amine (2) fragment                   : no matches
  sec-amine (3) fragment                   : no matches
  carboxylic ester                         : no matches

* Rotatable bonds in /DATA2/COVID-19/PDBs  :
  [   6    7] [   7    8] 
  No. of rotatable bonds                   :      2


* Fragments found in /DATA2/COVID-19/PDBs  :


* Checking torsion distributions:                                               
  No. of matched torsions                  :      0

--------------------------------------------------------------------------------
--- Shape fitting atoms selection (hydrophobic atoms)                        ---
--------------------------------------------------------------------------------
  Molecule                                 : /DATA2/COVID-19/PDBs_&_Models/AV-procd.sdf
  Selection                                : carbons only
  Atom numbers                             :  (n = 8)
  1    3    5    7    8    9    10   11   


--------------------------------------------------------------------------------
--- ChemScore ligand setup summary                                           ---
--------------------------------------------------------------------------------
  ChemScore ligand acceptors               :      1
  13 
  ChemScore ligand donors                  :      1
  12 ( 30 [+] 31 [+]  ) 
  ChemScore ligand CH donors               :      0
  

  ChemScore ligand lipophilic atoms        :  (n = 10)
  1    2    3    4    5    7    8    9    10   11   
  

  ChemScore ligand rotatable bonds         :      2
  6   (****) - 7   (****): SP3_SP2_BOND
  7   (****) - 8   (****): SP3_SP3_BOND

--------------------------------------------------------------------------------
--- PLP ligand setup summary                                                 ---
--------------------------------------------------------------------------------
    1  ****   C.3 NONPOLAR
    2  ****   C.2 NONPOLAR
    3  ****   C.2 NONPOLAR
    4  ****   C.2 NONPOLAR
    5  ****   C.3 NONPOLAR
    6  **** N.pl3 NONPOLAR
    7  ****   C.3 NONPOLAR
    8  ****   C.3 NONPOLAR
    9  ****   C.3 NONPOLAR
   10  ****   C.3 NONPOLAR
   11  ****   C.3 NONPOLAR
   12  ****   N.4 DONOR
   13  ****   N.2 ACCEPTOR


--------------------------------------------------------------------------------
--- Automatic parameter setting                                              ---
--------------------------------------------------------------------------------
  Contribution base                        :   2500
  Contribution per rotatable bond          :   6000
  Contribution per df                      :   4000
  Contribution per water                   :  10000
  Ligand rotatable bonds                   :      2
  Protein flexible side chain bonds        :      0
  Total rotatable bonds                    :      2
  Hydrophobic vol ratio (P/L)              :   2.884
  Base multiplier (polar)                  :   0.400
  Base multiplier (apolar)                 :   4.614
  Base contribution                        : 12500.000
  Fitting points                           :      2
  Estimated maxops needed (optimal)        :  25000

--------------------------------------------------------------------------------

* Population settings                                                           
  maxops                                   :  25000
  popsiz                                   :    100
  select_pressure                          :   1.100
  n_islands                                :      2
  niche_siz                                :      2

* GA settings                                                                   
  pt_crosswt                               :     95
  allele_mutatewt                          :     95
  migratewt                                :     10

* Search settings                                                               
  start_vdw_linear_cutoff                  :   4.000
  initial_virtual_pt_match_max             :   3.000

--------------------------------------------------------------------------------

* Ligand initialisation time :                                                  
  total  0.0030 user  0.0030 sys  0.0000

--------------------------------------------------------------------------------

--------------------------------------------------------------------------------
** Docking run number  1 **
--------------------------------------------------------------------------------
  Rank fitness base is 5000.00 ; increment is 11.2233

* Initialising population(s) ...                                                
Number of constraints mappings 0
Number of constraints 0
  Population no.                           :      1
  Population size                          :    100
  Number of duplicates                     :      0
  Number of niche violations               :      0
  Number of errors                         :  10501

Number of constraints mappings 0
Number of constraints 0
  Population no.                           :      2
  Population size                          :    100
  Number of duplicates                     :      0
  Number of niche violations               :      0
  Number of errors                         :  10815


Doing GA, no. of population(s) 2 size 100 selection pressure 1.100000

 Operation      Score     S(PLP)   S(hbond)     S(cho)   S(metal)  DE(clash)   DE(tors)     intcor
         0      23.29     -21.36       0.71       0.00       0.00       0.00       0.10       0.00
       182      24.45     -23.13       0.55       0.00       0.00       0.00       0.17       0.00
       890      24.88     -23.13       0.70       0.00       0.00       0.00       0.17       0.00
      1207      28.80     -23.11       2.00       0.00       0.00       0.00       0.16       0.00
      1353      31.20     -27.00       2.00       0.00       0.00       0.00       0.91       0.00
      1910      31.51     -25.86       2.00       0.00       0.00       0.00       0.17       0.00
      3676      31.73     -25.86       2.00       0.00       0.00       0.00       0.07       0.00
      3809      32.29     -26.91       2.00       0.00       0.00       0.00       0.31       0.00
      3844      34.25     -28.38       2.00       0.00       0.00       0.00       0.07       0.00
      4779      35.91     -30.66       2.00       0.00       0.00       0.00       0.38       0.00
      7645      36.78     -30.87       2.00       0.00       0.00       0.00       0.04       0.00
      7880      37.05     -31.54       2.00       0.00       0.00       0.00       0.24       0.00
     10293      37.07     -31.50       2.00       0.00       0.00       0.00       0.22       0.00
     10740      37.52     -32.01       2.00       0.00       0.00       0.00       0.24       0.00
     12081      37.74     -32.19       2.00       0.00       0.00       0.00       0.23       0.00
     12763      37.95     -32.45       2.00       0.00       0.00       0.00       0.25       0.00
     13468      37.96     -32.50       2.00       0.00       0.00       0.00       0.27       0.00
     13561      37.99     -32.51       2.00       0.00       0.00       0.00       0.26       0.00
--------------------------------------------------------------------------------
Best docking solution after GA:
     25000      37.99     -32.51       2.00       0.00       0.00       0.00       0.26       0.00

#ops:      25000 #mutates:  11812 #cross:    11948 #migrate:   1240 
#dups:      5657 #niche:    12098 #errors:    1457 
--------------------------------------------------------------------------------

Doing AMOEBA simplex on best individual
Done simplexing #iterations 455, best score  39.07

Ligand is stored in gold_soln_AV-procd_m12707_1.sdf


--------------------------------------------------------------------------------
--- CHEMPLP breakdown of terms                                               ---
--------------------------------------------------------------------------------
CHEMPLP = - ( 1.0000*S(PLP) + -3.0000*S(hbond) + -6.0000*S(metal) + -3.0000*S(cho) )

Score = CHEMPLP - 1.0000*DE(clash) - 2.0000*DE(tors)

Internal energy term has been corrected with the best internal energy encountered.

--------------------------------------------------------------------------------


     Score     S(PLP)   S(hbond)     S(cho)   S(metal)  DE(clash)   DE(tors)     intcor
     39.07     -33.55       2.00       0.00       0.00       0.00       0.24       0.00

--------------------------------------------------------------------------------
--- PLP analysis of protein-ligand interactions                              ---
--------------------------------------------------------------------------------
hydrogen bonding        :      -0.94
metal                   :       0.00
buried (polar-nonpolar) :      -4.43
nonpolar                :     -28.65
repulsive               :       0.17
--------------------------------------------------------------------------------


--------------------------------------------------------------------------------
--- ChemScore analysis of protein-ligand interactions                        ---
--------------------------------------------------------------------------------

* Hydrogen bonds                                                                
Ligand donor   12 hydrogen   30 Protein acceptor 8028 bond energy  1.00 wt 2.00


* CH..O interactions                                                            
  CH group selection                       : activated ring CH (adjacent to hetatom)

--------------------------------------------------------------------------------


--------------------------------------------------------------------------------
--- Intra-ligand clashes                                                     ---
--------------------------------------------------------------------------------

Ligand
--------------------------------------------------------------------------------

--------------------------------------------------------------------------------
--- Rescoring solution                                                       ---
--------------------------------------------------------------------------------

     Score         DG    S(hbond)    S(metal)    S(lipo)     H(rot)  DE(clash)    DE(int)
     14.20     -16.15       0.93        0.00      90.00       1.16       0.46       1.49

Doing AMOEBA simplex on best individual
Done simplexing #iterations 659, best score  14.95

     Score         DG    S(hbond)    S(metal)    S(lipo)     H(rot)  DE(clash)    DE(int)
     14.95     -16.60       1.00        0.00      91.97       1.16       0.14       1.51

--------------------------------------------------------------------------------
--- ChemScore breakdown of terms                                             ---
--------------------------------------------------------------------------------
DG = -5.4800 + -3.3400*S(hbond)
     + -6.0300*S(metal) + -0.1170*S(lipo) + 2.5600*H(rot)


H(rot) = 1.1628

Score = -(DG + DE(clash) + DE(int))


--------------------------------------------------------------------------------


--------------------------------------------------------------------------------
--- ChemScore analysis of protein-ligand interactions                        ---
--------------------------------------------------------------------------------

* Hydrogen bonds                                                                
Ligand donor   12 hydrogen   30 Protein acceptor 8028 bond energy  1.00 wt 1.00

CHEMSCORE EXTRA INTERACTIONS:

* Clashes                                                                       
Clash for ligand atom   3 (**** ):   0.11
Clash for ligand atom  12 (**** ):   0.02
--------------------------------------------------------------------------------


--------------------------------------------------------------------------------
--- Chromosome decoded                                                       ---
--------------------------------------------------------------------------------
Ligand Torsions
[   4    6    7    8] -165.06
[  12    8    7    6]  169.98
Protein Torsions
[6907 6896 6895 6894]   62.13 
[7974 7965 7964 7962]  -55.20 
[8008 7997 7996 7995] -159.07 
[10167 10162 10161 10158]   10.32 
[10718 10713 10712 10709] -112.53 
[10763 10752 10751 10750]   15.90 
[11005 11000 10999 10996]  -76.91 
Mapping
Ligand acceptors to protein hydrogens (mapping then atom ids)
Ligand hydrogens to protein acceptors (mapping then atom ids)
  1  15 [ 30->8028]
Ligand shape atoms to protein points (mapping then atom ids & coords)
  1  9794 [  1->(154.250 140.750 160.750)]
  5  8287 [  8->(151.500 143.250 158.500)]
  8  6271 [ 11->(148.250 141.000 154.500)]
Chromosome values
Integers:
  -1   14   -1 9793   -1   -1   -1 8286   -1   -1 6270 
--------------------------------------------------------------------------------

Current Ranking  1

--------------------------------------------------------------------------------

* GA execution time :                                                           
  total  0.4420 user  0.4420 sys  0.0000

--------------------------------------------------------------------------------
Fitness function evaluations: 63771

--------------------------------------------------------------------------------
** Docking run number  2 **
--------------------------------------------------------------------------------
  Rank fitness base is 5000.00 ; increment is 11.2233

* Initialising population(s) ...                                                
Number of constraints mappings 0
Number of constraints 0
  Population no.                           :      1
  Population size                          :    100
  Number of duplicates                     :      0
  Number of niche violations               :      0
  Number of errors                         :  10458

Number of constraints mappings 0
Number of constraints 0
  Population no.                           :      2
  Population size                          :    100
  Number of duplicates                     :      0
  Number of niche violations               :      0
  Number of errors                         :  10592


Doing GA, no. of population(s) 2 size 100 selection pressure 1.100000

 Operation      Score     S(PLP)   S(hbond)     S(cho)   S(metal)  DE(clash)   DE(tors)     intcor
         0      27.15     -22.27       1.95       0.00       0.00       0.00       0.49       0.00
       230      27.15     -22.27       1.95       0.00       0.00       0.00       0.49       0.00
      1384      27.70     -22.68       2.00       0.00       0.00       0.00       0.49       0.00
      2183      28.70     -23.68       2.00       0.00       0.00       0.00       0.49       0.00
      2500      31.99     -26.38       2.00       0.00       0.00       0.00       0.20       0.00
      3100      35.48     -30.72       2.00       0.00       0.00       0.00       0.62       0.00
      5132      35.88     -31.01       2.00       0.00       0.00       0.00       0.57       0.00
      6155      37.04     -31.86       2.00       0.00       0.00       0.00       0.41       0.00
      9751      37.68     -32.32       2.00       0.00       0.00       0.00       0.32       0.00
      9758      38.08     -32.59       2.00       0.00       0.00       0.00       0.26       0.00
     18328      38.18     -32.25       2.00       0.00       0.00       0.00       0.03       0.00
--------------------------------------------------------------------------------
Best docking solution after GA:
     25000      38.18     -32.25       2.00       0.00       0.00       0.00       0.03       0.00

#ops:      25000 #mutates:  12023 #cross:    11771 #migrate:   1206 
#dups:      6170 #niche:    12514 #errors:    1712 
--------------------------------------------------------------------------------

Doing AMOEBA simplex on best individual
Done simplexing #iterations 594, best score  39.48

Ligand is stored in gold_soln_AV-procd_m12707_2.sdf


--------------------------------------------------------------------------------
--- CHEMPLP breakdown of terms                                               ---
--------------------------------------------------------------------------------
CHEMPLP = - ( 1.0000*S(PLP) + -3.0000*S(hbond) + -6.0000*S(metal) + -3.0000*S(cho) )

Score = CHEMPLP - 1.0000*DE(clash) - 2.0000*DE(tors)

Internal energy term has been corrected with the best internal energy encountered.

--------------------------------------------------------------------------------


     Score     S(PLP)   S(hbond)     S(cho)   S(metal)  DE(clash)   DE(tors)     intcor
     39.48     -33.52       2.00       0.00       0.00       0.00       0.02       0.00

--------------------------------------------------------------------------------
--- PLP analysis of protein-ligand interactions                              ---
--------------------------------------------------------------------------------
hydrogen bonding        :      -1.00
metal                   :       0.00
buried (polar-nonpolar) :      -1.54
nonpolar                :     -30.32
repulsive               :       0.34
--------------------------------------------------------------------------------


--------------------------------------------------------------------------------
--- ChemScore analysis of protein-ligand interactions                        ---
--------------------------------------------------------------------------------

* Hydrogen bonds                                                                
Ligand donor   12 hydrogen   31 Protein acceptor 8028 bond energy  1.00 wt 2.00


* CH..O interactions                                                            
  CH group selection                       : activated ring CH (adjacent to hetatom)

--------------------------------------------------------------------------------


--------------------------------------------------------------------------------
--- Intra-ligand clashes                                                     ---
--------------------------------------------------------------------------------

Ligand
--------------------------------------------------------------------------------

--------------------------------------------------------------------------------
--- Rescoring solution                                                       ---
--------------------------------------------------------------------------------

     Score         DG    S(hbond)    S(metal)    S(lipo)     H(rot)  DE(clash)    DE(int)
     13.03     -16.35       1.00        0.00      89.78       1.16       2.01       1.31

Doing AMOEBA simplex on best individual
Done simplexing #iterations 448, best score  13.72

     Score         DG    S(hbond)    S(metal)    S(lipo)     H(rot)  DE(clash)    DE(int)
     13.72     -16.29       0.99        0.00      89.53       1.16       1.25       1.32

--------------------------------------------------------------------------------
--- ChemScore breakdown of terms                                             ---
--------------------------------------------------------------------------------
DG = -5.4800 + -3.3400*S(hbond)
     + -6.0300*S(metal) + -0.1170*S(lipo) + 2.5600*H(rot)


H(rot) = 1.1628

Score = -(DG + DE(clash) + DE(int))


--------------------------------------------------------------------------------


--------------------------------------------------------------------------------
--- ChemScore analysis of protein-ligand interactions                        ---
--------------------------------------------------------------------------------

* Hydrogen bonds                                                                
Ligand donor   12 hydrogen   31 Protein acceptor 8028 bond energy  1.00 wt 0.99

CHEMSCORE EXTRA INTERACTIONS:

* Clashes                                                                       
Clash for ligand atom   4 (**** ):   0.02
Clash for ligand atom  11 (**** ):   1.15
Clash for ligand atom  12 (**** ):   0.07
--------------------------------------------------------------------------------


--------------------------------------------------------------------------------
--- Chromosome decoded                                                       ---
--------------------------------------------------------------------------------
Ligand Torsions
[   4    6    7    8]  175.69
[  12    8    7    6]  -61.49
Protein Torsions
[6907 6896 6895 6894]  -30.67 
[7974 7965 7964 7962]   39.61 
[8008 7997 7996 7995]   14.26 
[10167 10162 10161 10158] -144.59 
[10718 10713 10712 10709]   -6.44 
[10763 10752 10751 10750]   -1.54 
[11005 11000 10999 10996]  -37.32 
Mapping
Ligand acceptors to protein hydrogens (mapping then atom ids)
Ligand hydrogens to protein acceptors (mapping then atom ids)
Ligand shape atoms to protein points (mapping then atom ids & coords)
  5  8025 [  8->(151.250 143.250 158.000)]
  6  9214 [  9->(152.500 141.750 159.250)]
  7  8409 [ 10->(151.500 145.250 158.750)]
Chromosome values
Integers:
  -1   -1   -1   -1   -1   -1   -1 8024 9213 8408   -1 
--------------------------------------------------------------------------------

Current Ranking  2  1

--------------------------------------------------------------------------------

* GA execution time :                                                           
  total  0.4290 user  0.4290 sys  0.0000

--------------------------------------------------------------------------------
Fitness function evaluations: 63358

--------------------------------------------------------------------------------
** Docking run number  3 **
--------------------------------------------------------------------------------
  Rank fitness base is 5000.00 ; increment is 11.2233

* Initialising population(s) ...                                                
Number of constraints mappings 0
Number of constraints 0
  Population no.                           :      1
  Population size                          :    100
  Number of duplicates                     :      0
  Number of niche violations               :      0
  Number of errors                         :  10651

Number of constraints mappings 0
Number of constraints 0
  Population no.                           :      2
  Population size                          :    100
  Number of duplicates                     :      0
  Number of niche violations               :      0
  Number of errors                         :  10564


Doing GA, no. of population(s) 2 size 100 selection pressure 1.100000

 Operation      Score     S(PLP)   S(hbond)     S(cho)   S(metal)  DE(clash)   DE(tors)     intcor
         0      21.96     -19.39       1.28       0.00       0.00       0.00       0.64       0.00
       383      23.71     -21.85       0.79       0.00       0.00       0.00       0.25       0.00
       606      25.05     -19.73       2.00       0.00       0.00       0.00       0.34       0.00
      1203      25.62     -20.83       2.00       0.00       0.00       0.00       0.60       0.00
      1545      26.60     -20.85       2.00       0.00       0.00       0.00       0.12       0.00
      1725      26.65     -20.85       2.00       0.00       0.00       0.00       0.10       0.00
      2262      26.77     -22.50       2.00       0.00       0.00       0.00       0.86       0.00
      2391      27.70     -22.01       2.00       0.00       0.00       0.00       0.16       0.00
      3867      31.87     -27.40       1.72       0.00       0.00       0.00       0.35       0.00
      4025      34.39     -29.94       1.72       0.00       0.00       0.00       0.36       0.00
      8062      34.89     -30.34       1.76       0.00       0.00       0.00       0.36       0.00
      9037      35.56     -31.07       1.76       0.00       0.00       0.00       0.38       0.00
     12935      36.13     -30.90       2.00       0.00       0.00       0.00       0.38       0.00
     13306      36.32     -31.06       2.00       0.00       0.00       0.00       0.37       0.00
     20837      36.54     -31.28       2.00       0.00       0.00       0.00       0.37       0.00
--------------------------------------------------------------------------------
Best docking solution after GA:
     25000      36.54     -31.28       2.00       0.00       0.00       0.00       0.37       0.00

#ops:      25000 #mutates:  11785 #cross:    11982 #migrate:   1233 
#dups:      6397 #niche:    12672 #errors:    1558 
--------------------------------------------------------------------------------

Doing AMOEBA simplex on best individual
Done simplexing #iterations 460, best score  38.24

Ligand is stored in gold_soln_AV-procd_m12707_3.sdf


--------------------------------------------------------------------------------
--- CHEMPLP breakdown of terms                                               ---
--------------------------------------------------------------------------------
CHEMPLP = - ( 1.0000*S(PLP) + -3.0000*S(hbond) + -6.0000*S(metal) + -3.0000*S(cho) )

Score = CHEMPLP - 1.0000*DE(clash) - 2.0000*DE(tors)

Internal energy term has been corrected with the best internal energy encountered.

--------------------------------------------------------------------------------


     Score     S(PLP)   S(hbond)     S(cho)   S(metal)  DE(clash)   DE(tors)     intcor
     38.24     -32.99       2.00       0.00       0.00       0.00       0.37       0.00

--------------------------------------------------------------------------------
--- PLP analysis of protein-ligand interactions                              ---
--------------------------------------------------------------------------------
hydrogen bonding        :      -1.00
metal                   :       0.00
buried (polar-nonpolar) :      -2.03
nonpolar                :     -29.87
repulsive               :       0.43
--------------------------------------------------------------------------------


--------------------------------------------------------------------------------
--- ChemScore analysis of protein-ligand interactions                        ---
--------------------------------------------------------------------------------

* Hydrogen bonds                                                                
Ligand donor   12 hydrogen   31 Protein acceptor 8028 bond energy  1.00 wt 2.00


* CH..O interactions                                                            
  CH group selection                       : activated ring CH (adjacent to hetatom)

--------------------------------------------------------------------------------


--------------------------------------------------------------------------------
--- Intra-ligand clashes                                                     ---
--------------------------------------------------------------------------------

Ligand
--------------------------------------------------------------------------------

--------------------------------------------------------------------------------
--- Rescoring solution                                                       ---
--------------------------------------------------------------------------------

     Score         DG    S(hbond)    S(metal)    S(lipo)     H(rot)  DE(clash)    DE(int)
     13.22     -15.88       0.99        0.00      86.18       1.16       1.67       1.00

Doing AMOEBA simplex on best individual
Done simplexing #iterations 571, best score  14.50

     Score         DG    S(hbond)    S(metal)    S(lipo)     H(rot)  DE(clash)    DE(int)
     14.50     -16.01       1.00        0.00      86.95       1.16       1.15       0.35

--------------------------------------------------------------------------------
--- ChemScore breakdown of terms                                             ---
--------------------------------------------------------------------------------
DG = -5.4800 + -3.3400*S(hbond)
     + -6.0300*S(metal) + -0.1170*S(lipo) + 2.5600*H(rot)


H(rot) = 1.1628

Score = -(DG + DE(clash) + DE(int))


--------------------------------------------------------------------------------


--------------------------------------------------------------------------------
--- ChemScore analysis of protein-ligand interactions                        ---
--------------------------------------------------------------------------------

* Hydrogen bonds                                                                
Ligand donor   12 hydrogen   31 Protein acceptor 8028 bond energy  1.00 wt 1.00

CHEMSCORE EXTRA INTERACTIONS:

* Clashes                                                                       
Clash for ligand atom  11 (**** ):   1.15
--------------------------------------------------------------------------------


--------------------------------------------------------------------------------
--- Chromosome decoded                                                       ---
--------------------------------------------------------------------------------
Ligand Torsions
[   4    6    7    8]  155.48
[  12    8    7    6]  -52.18
Protein Torsions
[6907 6896 6895 6894] -178.36 
[7974 7965 7964 7962] -142.39 
[8008 7997 7996 7995]   -0.63 
[10167 10162 10161 10158]  -20.46 
[10718 10713 10712 10709] -147.91 
[10763 10752 10751 10750]  -55.68 
[11005 11000 10999 10996]   47.67 
Mapping
Ligand acceptors to protein hydrogens (mapping then atom ids)
Ligand hydrogens to protein acceptors (mapping then atom ids)
  2  15 [ 31->8028]
Ligand shape atoms to protein points (mapping then atom ids & coords)
  1  5920 [  1->(147.500 141.250 154.250)]
  4  7510 [  7->(150.750 142.250 157.750)]
  5  8517 [  8->(151.750 142.250 159.000)]
  6  8786 [  9->(152.000 142.500 159.250)]
  7  8085 [ 10->(151.250 144.250 158.250)]
Chromosome values
Integers:
  -1   -1   14 5919   -1   -1 7509 8516 8785 8084   -1 
--------------------------------------------------------------------------------

Current Ranking  2  1  3

--------------------------------------------------------------------------------

* GA execution time :                                                           
  total  0.4304 user  0.4304 sys  0.0000

--------------------------------------------------------------------------------
Fitness function evaluations: 63609

--------------------------------------------------------------------------------
** Docking run number  4 **
--------------------------------------------------------------------------------
  Rank fitness base is 5000.00 ; increment is 11.2233

* Initialising population(s) ...                                                
Number of constraints mappings 0
Number of constraints 0
  Population no.                           :      1
  Population size                          :    100
  Number of duplicates                     :      0
  Number of niche violations               :      0
  Number of errors                         :  10777

Number of constraints mappings 0
Number of constraints 0
  Population no.                           :      2
  Population size                          :    100
  Number of duplicates                     :      0
  Number of niche violations               :      0
  Number of errors                         :  10507


Doing GA, no. of population(s) 2 size 100 selection pressure 1.100000

 Operation      Score     S(PLP)   S(hbond)     S(cho)   S(metal)  DE(clash)   DE(tors)     intcor
         0      22.28     -17.02       1.87       0.00       0.00       0.00       0.18       0.00
         3      26.58     -21.35       1.95       0.00       0.00       0.00       0.31       0.00
       121      29.38     -27.27       0.91       0.00       0.00       0.00       0.31       0.00
       885      29.43     -28.20       0.62       0.00       0.00       0.00       0.31       0.00
      1385      30.16     -26.55       1.95       0.00       0.00       0.00       1.12       0.00
      2323      30.36     -26.64       1.98       0.00       0.00       0.00       1.11       0.00
      2892      32.46     -26.81       1.98       0.00       0.00       0.00       0.15       0.00
      3085      34.24     -29.74       2.00       0.00       0.00       0.00       0.75       0.00
      4880      34.44     -29.10       2.00       0.00       0.00       0.00       0.33       0.00
      5626      35.29     -29.97       2.00       0.00       0.00       0.00       0.34       0.00
      6634      35.38     -30.09       2.00       0.00       0.00       0.00       0.36       0.00
      7904      35.65     -30.41       2.00       0.00       0.00       0.00       0.38       0.00
      9214      36.06     -30.43       2.00       0.00       0.00       0.00       0.18       0.00
     11174      36.22     -30.70       2.00       0.00       0.00       0.00       0.24       0.00
     13202      36.29     -30.82       2.00       0.00       0.00       0.00       0.26       0.00
--------------------------------------------------------------------------------
Best docking solution after GA:
     25000      36.29     -30.82       2.00       0.00       0.00       0.00       0.26       0.00

#ops:      25000 #mutates:  11879 #cross:    11863 #migrate:   1258 
#dups:      6763 #niche:    12423 #errors:    1106 
--------------------------------------------------------------------------------

Doing AMOEBA simplex on best individual
Done simplexing #iterations 481, best score  38.04

Ligand is stored in gold_soln_AV-procd_m12707_4.sdf


--------------------------------------------------------------------------------
--- CHEMPLP breakdown of terms                                               ---
--------------------------------------------------------------------------------
CHEMPLP = - ( 1.0000*S(PLP) + -3.0000*S(hbond) + -6.0000*S(metal) + -3.0000*S(cho) )

Score = CHEMPLP - 1.0000*DE(clash) - 2.0000*DE(tors)

Internal energy term has been corrected with the best internal energy encountered.

--------------------------------------------------------------------------------


     Score     S(PLP)   S(hbond)     S(cho)   S(metal)  DE(clash)   DE(tors)     intcor
     38.04     -32.50       2.00       0.00       0.00       0.00       0.23       0.00

--------------------------------------------------------------------------------
--- PLP analysis of protein-ligand interactions                              ---
--------------------------------------------------------------------------------
hydrogen bonding        :      -1.00
metal                   :       0.00
buried (polar-nonpolar) :      -2.28
nonpolar                :     -29.35
repulsive               :       0.70
--------------------------------------------------------------------------------


--------------------------------------------------------------------------------
--- ChemScore analysis of protein-ligand interactions                        ---
--------------------------------------------------------------------------------

* Hydrogen bonds                                                                
Ligand donor   12 hydrogen   31 Protein acceptor 8028 bond energy  1.00 wt 2.00


* CH..O interactions                                                            
  CH group selection                       : activated ring CH (adjacent to hetatom)

--------------------------------------------------------------------------------


--------------------------------------------------------------------------------
--- Intra-ligand clashes                                                     ---
--------------------------------------------------------------------------------

Ligand
--------------------------------------------------------------------------------

--------------------------------------------------------------------------------
--- Rescoring solution                                                       ---
--------------------------------------------------------------------------------

     Score         DG    S(hbond)    S(metal)    S(lipo)     H(rot)  DE(clash)    DE(int)
     14.14     -15.33       0.97        0.00      81.98       1.16       0.92       0.26

Doing AMOEBA simplex on best individual
Done simplexing #iterations 520, best score  15.45

     Score         DG    S(hbond)    S(metal)    S(lipo)     H(rot)  DE(clash)    DE(int)
     15.45     -15.73       0.99        0.00      84.77       1.16       0.20       0.08

--------------------------------------------------------------------------------
--- ChemScore breakdown of terms                                             ---
--------------------------------------------------------------------------------
DG = -5.4800 + -3.3400*S(hbond)
     + -6.0300*S(metal) + -0.1170*S(lipo) + 2.5600*H(rot)


H(rot) = 1.1628

Score = -(DG + DE(clash) + DE(int))


--------------------------------------------------------------------------------


--------------------------------------------------------------------------------
--- ChemScore analysis of protein-ligand interactions                        ---
--------------------------------------------------------------------------------

* Hydrogen bonds                                                                
Ligand donor   12 hydrogen   31 Protein acceptor 8028 bond energy  1.00 wt 0.99

CHEMSCORE EXTRA INTERACTIONS:

* Clashes                                                                       
Clash for ligand atom   5 (**** ):   0.01
Clash for ligand atom  11 (**** ):   0.19
--------------------------------------------------------------------------------


--------------------------------------------------------------------------------
--- Chromosome decoded                                                       ---
--------------------------------------------------------------------------------
Ligand Torsions
[   4    6    7    8]  132.53
[  12    8    7    6]  -46.44
Protein Torsions
[6907 6896 6895 6894]  -18.56 
[7974 7965 7964 7962] -100.69 
[8008 7997 7996 7995]   24.67 
[10167 10162 10161 10158]  -13.50 
[10718 10713 10712 10709]   55.26 
[10763 10752 10751 10750]  -97.71 
[11005 11000 10999 10996]  -42.74 
Mapping
Ligand acceptors to protein hydrogens (mapping then atom ids)
Ligand hydrogens to protein acceptors (mapping then atom ids)
  2  15 [ 31->8028]
Ligand shape atoms to protein points (mapping then atom ids & coords)
  3  8748 [  5->(152.000 138.250 155.500)]
  4  6817 [  7->(149.500 141.500 156.500)]
  5  7752 [  8->(151.000 142.500 158.500)]
  6  8909 [  9->(152.000 144.500 160.000)]
  7  9135 [ 10->(152.250 144.250 158.250)]
  8  8638 [ 11->(151.750 144.500 159.250)]
Chromosome values
Integers:
  -1   -1   14   -1   -1 8747 6816 7751 8908 9134 8637 
--------------------------------------------------------------------------------

Current Ranking  2  1  3  4

--------------------------------------------------------------------------------

* GA execution time :                                                           
  total  0.4313 user  0.4313 sys  0.0000

--------------------------------------------------------------------------------
Fitness function evaluations: 63490

--------------------------------------------------------------------------------
** Docking run number  5 **
--------------------------------------------------------------------------------
  Rank fitness base is 5000.00 ; increment is 11.2233

* Initialising population(s) ...                                                
Number of constraints mappings 0
Number of constraints 0
  Population no.                           :      1
  Population size                          :    100
  Number of duplicates                     :      0
  Number of niche violations               :      0
  Number of errors                         :  10745

Number of constraints mappings 0
Number of constraints 0
  Population no.                           :      2
  Population size                          :    100
  Number of duplicates                     :      0
  Number of niche violations               :      0
  Number of errors                         :  10468


Doing GA, no. of population(s) 2 size 100 selection pressure 1.100000

 Operation      Score     S(PLP)   S(hbond)     S(cho)   S(metal)  DE(clash)   DE(tors)     intcor
         0      23.21     -23.12       0.16       0.00       0.00       0.00       0.19       0.00
       576      24.71     -25.47       0.00       0.00       0.00       0.00       0.38       0.00
       723      26.05     -17.51       2.96       0.00       0.00       0.00       0.17       0.00
       795      27.73     -22.65       2.00       0.00       0.00       0.00       0.46       0.00
      2342      27.96     -23.75       1.50       0.00       0.00       0.00       0.15       0.00
      2586      30.91     -24.97       2.00       0.00       0.00       0.00       0.03       0.00
      2967      31.41     -26.01       2.00       0.00       0.00       0.00       0.30       0.00
      3070      31.95     -26.36       2.00       0.00       0.00       0.00       0.20       0.00
      4142      33.12     -27.80       2.00       0.00       0.00       0.00       0.34       0.00
      4179      33.76     -28.36       2.00       0.00       0.00       0.00       0.30       0.00
      4504      34.58     -28.99       2.00       0.00       0.00       0.00       0.20       0.00
      5493      34.75     -29.12       2.00       0.00       0.00       0.00       0.19       0.00
      6104      34.91     -29.30       2.00       0.00       0.00       0.00       0.19       0.00
      6371      35.06     -29.65       2.00       0.00       0.00       0.00       0.29       0.00
      6451      36.55     -30.61       2.00       0.00       0.00       0.00       0.03       0.00
      7109      36.70     -30.80       2.00       0.00       0.00       0.00       0.05       0.00
      7535      37.12     -31.24       2.00       0.00       0.00       0.00       0.06       0.00
      7988      37.70     -32.09       2.00       0.00       0.00       0.00       0.19       0.00
      9170      37.78     -32.16       2.00       0.00       0.00       0.00       0.19       0.00
     11709      37.83     -32.27       2.00       0.00       0.00       0.00       0.22       0.00
     12602      37.89     -32.38       2.00       0.00       0.00       0.00       0.24       0.00
--------------------------------------------------------------------------------
Best docking solution after GA:
     25000      37.89     -32.38       2.00       0.00       0.00       0.00       0.24       0.00

#ops:      25000 #mutates:  11824 #cross:    11915 #migrate:   1261 
#dups:      7949 #niche:    14619 #errors:    1351 
--------------------------------------------------------------------------------

Doing AMOEBA simplex on best individual
Done simplexing #iterations 546, best score  39.13

Ligand is stored in gold_soln_AV-procd_m12707_5.sdf


--------------------------------------------------------------------------------
--- CHEMPLP breakdown of terms                                               ---
--------------------------------------------------------------------------------
CHEMPLP = - ( 1.0000*S(PLP) + -3.0000*S(hbond) + -6.0000*S(metal) + -3.0000*S(cho) )

Score = CHEMPLP - 1.0000*DE(clash) - 2.0000*DE(tors)

Internal energy term has been corrected with the best internal energy encountered.

--------------------------------------------------------------------------------


     Score     S(PLP)   S(hbond)     S(cho)   S(metal)  DE(clash)   DE(tors)     intcor
     39.13     -33.65       2.00       0.00       0.00       0.00       0.26       0.00

--------------------------------------------------------------------------------
--- PLP analysis of protein-ligand interactions                              ---
--------------------------------------------------------------------------------
hydrogen bonding        :      -0.88
metal                   :       0.00
buried (polar-nonpolar) :      -4.40
nonpolar                :     -28.75
repulsive               :       0.17
--------------------------------------------------------------------------------


--------------------------------------------------------------------------------
--- ChemScore analysis of protein-ligand interactions                        ---
--------------------------------------------------------------------------------

* Hydrogen bonds                                                                
Ligand donor   12 hydrogen   30 Protein acceptor 8028 bond energy  1.00 wt 2.00


* CH..O interactions                                                            
  CH group selection                       : activated ring CH (adjacent to hetatom)

--------------------------------------------------------------------------------


--------------------------------------------------------------------------------
--- Intra-ligand clashes                                                     ---
--------------------------------------------------------------------------------

Ligand
--------------------------------------------------------------------------------

--------------------------------------------------------------------------------
--- Rescoring solution                                                       ---
--------------------------------------------------------------------------------

     Score         DG    S(hbond)    S(metal)    S(lipo)     H(rot)  DE(clash)    DE(int)
     14.04     -16.48       1.00        0.00      91.02       1.16       1.22       1.21

Doing AMOEBA simplex on best individual
Done simplexing #iterations 510, best score  16.02

     Score         DG    S(hbond)    S(metal)    S(lipo)     H(rot)  DE(clash)    DE(int)
     16.02     -16.40       1.00        0.00      90.26       1.16       0.13       0.24

--------------------------------------------------------------------------------
--- ChemScore breakdown of terms                                             ---
--------------------------------------------------------------------------------
DG = -5.4800 + -3.3400*S(hbond)
     + -6.0300*S(metal) + -0.1170*S(lipo) + 2.5600*H(rot)


H(rot) = 1.1628

Score = -(DG + DE(clash) + DE(int))


--------------------------------------------------------------------------------


--------------------------------------------------------------------------------
--- ChemScore analysis of protein-ligand interactions                        ---
--------------------------------------------------------------------------------

* Hydrogen bonds                                                                
Ligand donor   12 hydrogen   30 Protein acceptor 8028 bond energy  1.00 wt 1.00

CHEMSCORE EXTRA INTERACTIONS:

* Clashes                                                                       
Clash for ligand atom   3 (**** ):   0.11
Clash for ligand atom  12 (**** ):   0.02
--------------------------------------------------------------------------------


--------------------------------------------------------------------------------
--- Chromosome decoded                                                       ---
--------------------------------------------------------------------------------
Ligand Torsions
[   4    6    7    8] -165.55
[  12    8    7    6]  167.70
Protein Torsions
[6907 6896 6895 6894] -147.36 
[7974 7965 7964 7962]    6.11 
[8008 7997 7996 7995]   52.85 
[10167 10162 10161 10158]   61.24 
[10718 10713 10712 10709]  -13.42 
[10763 10752 10751 10750]   81.55 
[11005 11000 10999 10996]    8.90 
Mapping
Ligand acceptors to protein hydrogens (mapping then atom ids)
Ligand hydrogens to protein acceptors (mapping then atom ids)
  1  15 [ 30->8028]
Ligand shape atoms to protein points (mapping then atom ids & coords)
  1  9531 [  1->(153.000 141.750 160.250)]
  2  9667 [  3->(153.250 142.750 161.000)]
  8  7006 [ 11->(150.000 141.750 156.250)]
Chromosome values
Integers:
  -1   14   -1 9530 9666   -1   -1   -1   -1   -1 7005 
--------------------------------------------------------------------------------

Current Ranking  2  5  1  3  4

--------------------------------------------------------------------------------

* GA execution time :                                                           
  total  0.4363 user  0.4323 sys  0.0040

--------------------------------------------------------------------------------
Fitness function evaluations: 63289

--------------------------------------------------------------------------------
** Docking run number  6 **
--------------------------------------------------------------------------------
  Rank fitness base is 5000.00 ; increment is 11.2233

* Initialising population(s) ...                                                
Number of constraints mappings 0
Number of constraints 0
  Population no.                           :      1
  Population size                          :    100
  Number of duplicates                     :      0
  Number of niche violations               :      0
  Number of errors                         :  10877

Number of constraints mappings 0
Number of constraints 0
  Population no.                           :      2
  Population size                          :    100
  Number of duplicates                     :      0
  Number of niche violations               :      0
  Number of errors                         :  10653


Doing GA, no. of population(s) 2 size 100 selection pressure 1.100000

 Operation      Score     S(PLP)   S(hbond)     S(cho)   S(metal)  DE(clash)   DE(tors)     intcor
         0      26.98     -28.50       0.00       0.00       0.00       0.00       0.76       0.00
        74      27.34     -28.74       0.00       0.00       0.00       0.00       0.70       0.00
       878      28.27     -28.39       0.00       0.00       0.00       0.00       0.06       0.00
      2191      29.89     -29.75       0.59       0.00       0.00       0.00       0.81       0.00
      3025      31.30     -25.73       2.06       0.00       0.00       0.43       0.09       0.00
      3641      32.59     -29.91       1.54       0.00       0.00       0.00       0.96       0.00
      4836      33.64     -30.29       1.76       0.00       0.00       0.00       0.96       0.00
      7077      34.28     -29.62       1.62       0.00       0.00       0.00       0.11       0.00
      7691      34.69     -29.62       2.00       0.00       0.00       0.00       0.46       0.00
      8141      34.74     -29.70       2.00       0.00       0.00       0.00       0.48       0.00
      8241      35.53     -29.65       2.00       0.00       0.00       0.00       0.06       0.00
      8695      37.92     -32.93       1.76       0.00       0.00       0.00       0.14       0.00
     11550      38.84     -33.91       1.79       0.00       0.00       0.00       0.21       0.00
     19675      39.02     -33.95       1.82       0.00       0.00       0.00       0.20       0.00
     20194      39.13     -34.20       1.82       0.00       0.00       0.00       0.26       0.00
     22090      39.13     -34.39       1.82       0.00       0.00       0.00       0.36       0.00
     23615      39.19     -34.38       1.81       0.00       0.00       0.00       0.31       0.00
     24128      39.23     -34.38       1.84       0.00       0.00       0.00       0.33       0.00
     24240      39.24     -34.30       1.84       0.00       0.00       0.00       0.29       0.00
--------------------------------------------------------------------------------
Best docking solution after GA:
     25000      39.24     -34.30       1.84       0.00       0.00       0.00       0.29       0.00

#ops:      25000 #mutates:  11791 #cross:    11913 #migrate:   1296 
#dups:      9063 #niche:    14370 #errors:    1029 
--------------------------------------------------------------------------------

Doing AMOEBA simplex on best individual
Done simplexing #iterations 527, best score  40.61

Ligand is stored in gold_soln_AV-procd_m12707_6.sdf


--------------------------------------------------------------------------------
--- CHEMPLP breakdown of terms                                               ---
--------------------------------------------------------------------------------
CHEMPLP = - ( 1.0000*S(PLP) + -3.0000*S(hbond) + -6.0000*S(metal) + -3.0000*S(cho) )

Score = CHEMPLP - 1.0000*DE(clash) - 2.0000*DE(tors)

Internal energy term has been corrected with the best internal energy encountered.

--------------------------------------------------------------------------------


     Score     S(PLP)   S(hbond)     S(cho)   S(metal)  DE(clash)   DE(tors)     intcor
     40.61     -35.28       1.98       0.00       0.00       0.00       0.31       0.00

--------------------------------------------------------------------------------
--- PLP analysis of protein-ligand interactions                              ---
--------------------------------------------------------------------------------
hydrogen bonding        :      -0.74
metal                   :       0.00
buried (polar-nonpolar) :      -2.34
nonpolar                :     -34.25
repulsive               :       1.63
--------------------------------------------------------------------------------


--------------------------------------------------------------------------------
--- ChemScore analysis of protein-ligand interactions                        ---
--------------------------------------------------------------------------------

* Hydrogen bonds                                                                
Ligand donor   12 hydrogen   31 Protein acceptor 8029 bond energy  1.00 wt 1.98


* CH..O interactions                                                            
  CH group selection                       : activated ring CH (adjacent to hetatom)

--------------------------------------------------------------------------------


--------------------------------------------------------------------------------
--- Intra-ligand clashes                                                     ---
--------------------------------------------------------------------------------

Ligand
--------------------------------------------------------------------------------

--------------------------------------------------------------------------------
--- Rescoring solution                                                       ---
--------------------------------------------------------------------------------

     Score         DG    S(hbond)    S(metal)    S(lipo)     H(rot)  DE(clash)    DE(int)
     14.43     -16.78       0.84        0.00      98.02       1.16       2.06       0.29

Doing AMOEBA simplex on best individual
Done simplexing #iterations 557, best score  14.88

     Score         DG    S(hbond)    S(metal)    S(lipo)     H(rot)  DE(clash)    DE(int)
     14.88     -17.36       0.98        0.00      99.17       1.16       2.25       0.23

--------------------------------------------------------------------------------
--- ChemScore breakdown of terms                                             ---
--------------------------------------------------------------------------------
DG = -5.4800 + -3.3400*S(hbond)
     + -6.0300*S(metal) + -0.1170*S(lipo) + 2.5600*H(rot)


H(rot) = 1.1628

Score = -(DG + DE(clash) + DE(int))


--------------------------------------------------------------------------------


--------------------------------------------------------------------------------
--- ChemScore analysis of protein-ligand interactions                        ---
--------------------------------------------------------------------------------

* Hydrogen bonds                                                                
Ligand donor   12 hydrogen   31 Protein acceptor 8029 bond energy  1.00 wt 0.98

CHEMSCORE EXTRA INTERACTIONS:

* Clashes                                                                       
Clash for ligand atom   5 (**** ):   0.02
Clash for ligand atom   7 (**** ):   0.02
Clash for ligand atom   9 (**** ):   1.31
Clash for ligand atom  12 (**** ):   0.89
--------------------------------------------------------------------------------


--------------------------------------------------------------------------------
--- Chromosome decoded                                                       ---
--------------------------------------------------------------------------------
Ligand Torsions
[   4    6    7    8]  107.55
[  12    8    7    6] -160.63
Protein Torsions
[6907 6896 6895 6894]  -98.78 
[7974 7965 7964 7962] -130.96 
[8008 7997 7996 7995]  -69.18 
[10167 10162 10161 10158]  -51.80 
[10718 10713 10712 10709]  -20.80 
[10763 10752 10751 10750]  176.72 
[11005 11000 10999 10996] -130.74 
Mapping
Ligand acceptors to protein hydrogens (mapping then atom ids)
Ligand hydrogens to protein acceptors (mapping then atom ids)
Ligand shape atoms to protein points (mapping then atom ids & coords)
  1  9239 [  1->(152.500 142.500 161.000)]
  2  9290 [  3->(152.500 143.500 159.750)]
  3  9134 [  5->(152.250 144.250 158.000)]
  8  6406 [ 11->(148.500 145.000 160.500)]
Chromosome values
Integers:
  -1   -1   -1 9238 9289 9133   -1   -1   -1   -1 6405 
--------------------------------------------------------------------------------

Current Ranking  6  2  5  1  3  4

--------------------------------------------------------------------------------

* GA execution time :                                                           
  total  0.4416 user  0.4416 sys  0.0000

--------------------------------------------------------------------------------
Fitness function evaluations: 64016

--------------------------------------------------------------------------------
** Docking run number  7 **
--------------------------------------------------------------------------------
  Rank fitness base is 5000.00 ; increment is 11.2233

* Initialising population(s) ...                                                
Number of constraints mappings 0
Number of constraints 0
  Population no.                           :      1
  Population size                          :    100
  Number of duplicates                     :      0
  Number of niche violations               :      0
  Number of errors                         :  10466

Number of constraints mappings 0
Number of constraints 0
  Population no.                           :      2
  Population size                          :    100
  Number of duplicates                     :      0
  Number of niche violations               :      0
  Number of errors                         :  10359


Doing GA, no. of population(s) 2 size 100 selection pressure 1.100000

 Operation      Score     S(PLP)   S(hbond)     S(cho)   S(metal)  DE(clash)   DE(tors)     intcor
         0      21.27     -18.17       1.44       0.00       0.00       0.00       0.62       0.00
       129      25.07     -20.64       1.92       0.00       0.00       0.00       0.67       0.00
       281      28.79     -23.02       2.00       0.00       0.00       0.00       0.11       0.00
      1107      32.95     -28.17       2.00       0.00       0.00       0.00       0.61       0.00
      2107      33.34     -28.30       2.00       0.00       0.00       0.00       0.48       0.00
      3010      34.60     -29.72       1.92       0.00       0.00       0.00       0.44       0.00
      3290      36.89     -31.58       2.00       0.00       0.00       0.00       0.35       0.00
      5625      36.95     -31.14       2.00       0.00       0.00       0.00       0.10       0.00
      5768      36.99     -31.21       2.00       0.00       0.00       0.00       0.11       0.00
      5787      37.43     -31.70       2.00       0.00       0.00       0.00       0.14       0.00
      6208      37.70     -31.94       2.00       0.00       0.00       0.00       0.12       0.00
      6242      37.70     -31.91       2.00       0.00       0.00       0.00       0.10       0.00
      6772      37.88     -32.08       2.00       0.00       0.00       0.00       0.10       0.00
      7260      37.89     -32.04       2.00       0.00       0.00       0.00       0.07       0.00
      7280      37.94     -32.18       2.00       0.00       0.00       0.00       0.12       0.00
      7590      37.94     -32.14       2.00       0.00       0.00       0.00       0.10       0.00
     10016      38.09     -32.29       2.00       0.00       0.00       0.00       0.10       0.00
     12336      38.10     -32.39       2.00       0.00       0.00       0.00       0.15       0.00
     12361      38.10     -32.35       2.00       0.00       0.00       0.00       0.12       0.00
     24662      38.18     -32.43       2.00       0.00       0.00       0.00       0.12       0.00
--------------------------------------------------------------------------------
Best docking solution after GA:
     25000      38.18     -32.43       2.00       0.00       0.00       0.00       0.12       0.00

#ops:      25000 #mutates:  11804 #cross:    11969 #migrate:   1227 
#dups:      7155 #niche:    14016 #errors:     817 
--------------------------------------------------------------------------------

Doing AMOEBA simplex on best individual
Done simplexing #iterations 487, best score  38.72

Ligand is stored in gold_soln_AV-procd_m12707_7.sdf


--------------------------------------------------------------------------------
--- CHEMPLP breakdown of terms                                               ---
--------------------------------------------------------------------------------
CHEMPLP = - ( 1.0000*S(PLP) + -3.0000*S(hbond) + -6.0000*S(metal) + -3.0000*S(cho) )

Score = CHEMPLP - 1.0000*DE(clash) - 2.0000*DE(tors)

Internal energy term has been corrected with the best internal energy encountered.

--------------------------------------------------------------------------------


     Score     S(PLP)   S(hbond)     S(cho)   S(metal)  DE(clash)   DE(tors)     intcor
     38.72     -33.01       2.00       0.00       0.00       0.00       0.15       0.00

--------------------------------------------------------------------------------
--- PLP analysis of protein-ligand interactions                              ---
--------------------------------------------------------------------------------
hydrogen bonding        :      -0.90
metal                   :       0.00
buried (polar-nonpolar) :      -3.64
nonpolar                :     -29.25
repulsive               :       0.19
--------------------------------------------------------------------------------


--------------------------------------------------------------------------------
--- ChemScore analysis of protein-ligand interactions                        ---
--------------------------------------------------------------------------------

* Hydrogen bonds                                                                
Ligand donor   12 hydrogen   30 Protein acceptor 8028 bond energy  1.00 wt 2.00


* CH..O interactions                                                            
  CH group selection                       : activated ring CH (adjacent to hetatom)

--------------------------------------------------------------------------------


--------------------------------------------------------------------------------
--- Intra-ligand clashes                                                     ---
--------------------------------------------------------------------------------

Ligand
--------------------------------------------------------------------------------

--------------------------------------------------------------------------------
--- Rescoring solution                                                       ---
--------------------------------------------------------------------------------

     Score         DG    S(hbond)    S(metal)    S(lipo)     H(rot)  DE(clash)    DE(int)
     13.92     -16.12       0.99        0.00      88.15       1.16       0.66       1.55

Doing AMOEBA simplex on best individual
Done simplexing #iterations 468, best score  14.78

     Score         DG    S(hbond)    S(metal)    S(lipo)     H(rot)  DE(clash)    DE(int)
     14.78     -16.30       1.00        0.00      89.39       1.16       0.03       1.49

--------------------------------------------------------------------------------
--- ChemScore breakdown of terms                                             ---
--------------------------------------------------------------------------------
DG = -5.4800 + -3.3400*S(hbond)
     + -6.0300*S(metal) + -0.1170*S(lipo) + 2.5600*H(rot)


H(rot) = 1.1628

Score = -(DG + DE(clash) + DE(int))


--------------------------------------------------------------------------------


--------------------------------------------------------------------------------
--- ChemScore analysis of protein-ligand interactions                        ---
--------------------------------------------------------------------------------

* Hydrogen bonds                                                                
Ligand donor   12 hydrogen   30 Protein acceptor 8028 bond energy  1.00 wt 1.00

CHEMSCORE EXTRA INTERACTIONS:

* Clashes                                                                       
Clash for ligand atom   3 (**** ):   0.02
Clash for ligand atom  12 (**** ):   0.01
--------------------------------------------------------------------------------


--------------------------------------------------------------------------------
--- Chromosome decoded                                                       ---
--------------------------------------------------------------------------------
Ligand Torsions
[   4    6    7    8] -169.52
[  12    8    7    6]  171.11
Protein Torsions
[6907 6896 6895 6894]  138.69 
[7974 7965 7964 7962]  177.48 
[8008 7997 7996 7995]   30.75 
[10167 10162 10161 10158] -147.22 
[10718 10713 10712 10709]   39.33 
[10763 10752 10751 10750]  177.43 
[11005 11000 10999 10996]  -49.05 
Mapping
Ligand acceptors to protein hydrogens (mapping then atom ids)
Ligand hydrogens to protein acceptors (mapping then atom ids)
  1  15 [ 30->8028]
Ligand shape atoms to protein points (mapping then atom ids & coords)
  1  9801 [  1->(154.250 141.250 160.500)]
  2  8520 [  3->(151.750 142.250 159.750)]
  5  8000 [  8->(151.250 142.500 158.500)]
  8  6742 [ 11->(149.250 141.500 156.000)]
Chromosome values
Integers:
  -1   14   -1 9800 8519   -1   -1 7999   -1   -1 6741 
--------------------------------------------------------------------------------

Current Ranking  6  2  5  1  7  3  4

--------------------------------------------------------------------------------

* GA execution time :                                                           
  total  0.4372 user  0.4372 sys  0.0000

--------------------------------------------------------------------------------
Fitness function evaluations: 62949

--------------------------------------------------------------------------------
** Docking run number  8 **
--------------------------------------------------------------------------------
  Rank fitness base is 5000.00 ; increment is 11.2233

* Initialising population(s) ...                                                
Number of constraints mappings 0
Number of constraints 0
  Population no.                           :      1
  Population size                          :    100
  Number of duplicates                     :      0
  Number of niche violations               :      0
  Number of errors                         :  10849

Number of constraints mappings 0
Number of constraints 0
  Population no.                           :      2
  Population size                          :    100
  Number of duplicates                     :      0
  Number of niche violations               :      0
  Number of errors                         :  10705


Doing GA, no. of population(s) 2 size 100 selection pressure 1.100000

 Operation      Score     S(PLP)   S(hbond)     S(cho)   S(metal)  DE(clash)   DE(tors)     intcor
         0      23.28     -18.55       2.00       0.00       0.00       0.00       0.64       0.00
       660      24.06     -21.01       1.41       0.00       0.00       0.00       0.59       0.00
       705      24.28     -24.95       0.00       0.00       0.00       0.00       0.34       0.00
       783      24.63     -25.72       0.00       0.00       0.00       0.00       0.54       0.00
      1251      25.69     -23.38       1.02       0.00       0.00       0.00       0.38       0.00
      1942      26.01     -26.68       0.00       0.00       0.00       0.00       0.34       0.00
      1977      27.91     -25.39       1.09       0.00       0.00       0.00       0.38       0.00
      2554      28.47     -23.74       2.00       0.00       0.00       0.00       0.63       0.00
      2697      28.49     -22.90       2.00       0.00       0.00       0.00       0.21       0.00
      2907      30.38     -26.51       1.84       0.00       0.00       0.00       0.82       0.00
      3326      31.79     -26.56       1.82       0.00       0.00       0.00       0.12       0.00
      4840      32.38     -27.27       1.73       0.00       0.00       0.00       0.03       0.00
      7130      32.57     -30.24       0.81       0.00       0.00       0.00       0.05       0.00
      9410      33.31     -29.49       1.72       0.00       0.00       0.00       0.67       0.00
     10219      34.63     -29.42       1.76       0.00       0.00       0.00       0.04       0.00
     11535      34.66     -29.47       1.76       0.00       0.00       0.00       0.05       0.00
     13253      34.82     -29.60       1.76       0.00       0.00       0.00       0.03       0.00
     16825      35.45     -30.07       1.81       0.00       0.00       0.00       0.03       0.00
     18022      35.88     -30.21       2.00       0.00       0.00       0.00       0.16       0.00
     19522      36.01     -30.64       2.00       0.00       0.00       0.00       0.31       0.00
     20226      36.05     -30.67       2.00       0.00       0.00       0.00       0.31       0.00
     20457      36.10     -30.38       2.00       0.00       0.00       0.00       0.14       0.00
     21299      36.18     -30.59       2.00       0.00       0.00       0.00       0.20       0.00
     21372      36.37     -30.65       2.00       0.00       0.00       0.00       0.14       0.00
     21449      36.61     -31.06       2.00       0.00       0.00       0.00       0.22       0.00
     22148      37.10     -31.70       2.00       0.00       0.00       0.00       0.30       0.00
     24136      37.28     -32.01       2.00       0.00       0.00       0.00       0.37       0.00
--------------------------------------------------------------------------------
Best docking solution after GA:
     25000      37.28     -32.01       2.00       0.00       0.00       0.00       0.37       0.00

#ops:      25000 #mutates:  11835 #cross:    11916 #migrate:   1249 
#dups:      6191 #niche:    12384 #errors:    1735 
--------------------------------------------------------------------------------

Doing AMOEBA simplex on best individual
Done simplexing #iterations 354, best score  38.02

Ligand is stored in gold_soln_AV-procd_m12707_8.sdf


--------------------------------------------------------------------------------
--- CHEMPLP breakdown of terms                                               ---
--------------------------------------------------------------------------------
CHEMPLP = - ( 1.0000*S(PLP) + -3.0000*S(hbond) + -6.0000*S(metal) + -3.0000*S(cho) )

Score = CHEMPLP - 1.0000*DE(clash) - 2.0000*DE(tors)

Internal energy term has been corrected with the best internal energy encountered.

--------------------------------------------------------------------------------


     Score     S(PLP)   S(hbond)     S(cho)   S(metal)  DE(clash)   DE(tors)     intcor
     38.02     -32.78       2.00       0.00       0.00       0.00       0.38       0.00

--------------------------------------------------------------------------------
--- PLP analysis of protein-ligand interactions                              ---
--------------------------------------------------------------------------------
hydrogen bonding        :      -1.00
metal                   :       0.00
buried (polar-nonpolar) :      -4.07
nonpolar                :     -27.97
repulsive               :       0.18
--------------------------------------------------------------------------------


--------------------------------------------------------------------------------
--- ChemScore analysis of protein-ligand interactions                        ---
--------------------------------------------------------------------------------

* Hydrogen bonds                                                                
Ligand donor   12 hydrogen   30 Protein acceptor 8028 bond energy  1.00 wt 2.00


* CH..O interactions                                                            
  CH group selection                       : activated ring CH (adjacent to hetatom)

--------------------------------------------------------------------------------


--------------------------------------------------------------------------------
--- Intra-ligand clashes                                                     ---
--------------------------------------------------------------------------------

Ligand
--------------------------------------------------------------------------------

--------------------------------------------------------------------------------
--- Rescoring solution                                                       ---
--------------------------------------------------------------------------------

     Score         DG    S(hbond)    S(metal)    S(lipo)     H(rot)  DE(clash)    DE(int)
     15.35     -15.72       1.00        0.00      84.48       1.16       0.00       0.37

Doing AMOEBA simplex on best individual
Done simplexing #iterations 457, best score  15.55

     Score         DG    S(hbond)    S(metal)    S(lipo)     H(rot)  DE(clash)    DE(int)
     15.55     -15.93       1.00        0.00      86.25       1.16       0.01       0.37

--------------------------------------------------------------------------------
--- ChemScore breakdown of terms                                             ---
--------------------------------------------------------------------------------
DG = -5.4800 + -3.3400*S(hbond)
     + -6.0300*S(metal) + -0.1170*S(lipo) + 2.5600*H(rot)


H(rot) = 1.1628

Score = -(DG + DE(clash) + DE(int))


--------------------------------------------------------------------------------


--------------------------------------------------------------------------------
--- ChemScore analysis of protein-ligand interactions                        ---
--------------------------------------------------------------------------------

* Hydrogen bonds                                                                
Ligand donor   12 hydrogen   30 Protein acceptor 8028 bond energy  1.00 wt 1.00

CHEMSCORE EXTRA INTERACTIONS:

* Clashes                                                                       
Clash for ligand atom  12 (**** ):   0.01
--------------------------------------------------------------------------------


--------------------------------------------------------------------------------
--- Chromosome decoded                                                       ---
--------------------------------------------------------------------------------
Ligand Torsions
[   4    6    7    8] -150.83
[  12    8    7    6]  177.89
Protein Torsions
[6907 6896 6895 6894] -121.61 
[7974 7965 7964 7962]  100.27 
[8008 7997 7996 7995]  150.47 
[10167 10162 10161 10158]   85.05 
[10718 10713 10712 10709]  105.35 
[10763 10752 10751 10750] -124.76 
[11005 11000 10999 10996] -107.35 
Mapping
Ligand acceptors to protein hydrogens (mapping then atom ids)
Ligand hydrogens to protein acceptors (mapping then atom ids)
  1  15 [ 30->8028]
Ligand shape atoms to protein points (mapping then atom ids & coords)
  2  9610 [  3->(153.000 143.500 160.750)]
  3  8159 [  5->(151.250 145.500 160.250)]
  5  7292 [  8->(150.500 141.500 157.000)]
  6  6908 [  9->(149.750 141.750 157.500)]
Chromosome values
Integers:
  -1   14   -1   -1 9609 8158   -1 7291 6907   -1   -1 
--------------------------------------------------------------------------------

Current Ranking  6  2  5  1  7  3  4  8

--------------------------------------------------------------------------------

* GA execution time :                                                           
  total  0.4283 user  0.4283 sys  0.0000

--------------------------------------------------------------------------------
Fitness function evaluations: 63659

--------------------------------------------------------------------------------
** Docking run number  9 **
--------------------------------------------------------------------------------
  Rank fitness base is 5000.00 ; increment is 11.2233

* Initialising population(s) ...                                                
Number of constraints mappings 0
Number of constraints 0
  Population no.                           :      1
  Population size                          :    100
  Number of duplicates                     :      0
  Number of niche violations               :      0
  Number of errors                         :  10449

Number of constraints mappings 0
Number of constraints 0
  Population no.                           :      2
  Population size                          :    100
  Number of duplicates                     :      0
  Number of niche violations               :      0
  Number of errors                         :  11129


Doing GA, no. of population(s) 2 size 100 selection pressure 1.100000

 Operation      Score     S(PLP)   S(hbond)     S(cho)   S(metal)  DE(clash)   DE(tors)     intcor
         0      24.82     -21.31       1.92       0.00       0.00       0.00       1.12       0.00
        89      29.07     -25.01       2.00       0.00       0.00       1.11       0.42       0.00
      1190      29.19     -30.23       0.00       0.00       0.00       0.00       0.52       0.00
      2031      29.30     -29.33       0.00       0.00       0.00       0.00       0.02       0.00
      2908      30.41     -27.37       1.28       0.00       0.00       0.00       0.40       0.00
      3094      30.73     -27.51       1.44       0.00       0.00       0.00       0.55       0.00
      3248      31.29     -28.39       1.34       0.00       0.00       0.00       0.57       0.00
      3613      33.96     -29.15       1.95       0.00       0.00       0.00       0.52       0.00
      4450      34.11     -29.48       1.89       0.00       0.00       0.00       0.52       0.00
      4752      34.60     -29.78       1.95       0.00       0.00       0.00       0.52       0.00
      5518      35.42     -30.92       2.00       0.00       0.00       0.00       0.75       0.00
      6131      35.64     -30.91       1.92       0.00       0.00       0.00       0.52       0.00
      6330      37.46     -31.48       2.00       0.00       0.00       0.00       0.01       0.00
      7510      38.64     -32.99       2.00       0.00       0.00       0.00       0.17       0.00
     11668      38.80     -33.16       2.00       0.00       0.00       0.00       0.18       0.00
     13740      39.51     -33.73       2.00       0.00       0.00       0.00       0.11       0.00
     17354      39.57     -33.87       2.00       0.00       0.00       0.00       0.15       0.00
     18126      39.60     -33.84       2.00       0.00       0.00       0.00       0.12       0.00
--------------------------------------------------------------------------------
Best docking solution after GA:
     25000      39.60     -33.84       2.00       0.00       0.00       0.00       0.12       0.00

#ops:      25000 #mutates:  11841 #cross:    11859 #migrate:   1300 
#dups:      7495 #niche:    14399 #errors:    1511 
--------------------------------------------------------------------------------

Doing AMOEBA simplex on best individual
Done simplexing #iterations 419, best score  40.75

Ligand is stored in gold_soln_AV-procd_m12707_9.sdf


--------------------------------------------------------------------------------
--- CHEMPLP breakdown of terms                                               ---
--------------------------------------------------------------------------------
CHEMPLP = - ( 1.0000*S(PLP) + -3.0000*S(hbond) + -6.0000*S(metal) + -3.0000*S(cho) )

Score = CHEMPLP - 1.0000*DE(clash) - 2.0000*DE(tors)

Internal energy term has been corrected with the best internal energy encountered.

--------------------------------------------------------------------------------


     Score     S(PLP)   S(hbond)     S(cho)   S(metal)  DE(clash)   DE(tors)     intcor
     40.75     -34.99       2.00       0.00       0.00       0.00       0.12       0.00

--------------------------------------------------------------------------------
--- PLP analysis of protein-ligand interactions                              ---
--------------------------------------------------------------------------------
hydrogen bonding        :      -1.00
metal                   :       0.00
buried (polar-nonpolar) :      -5.24
nonpolar                :     -28.78
repulsive               :       0.03
--------------------------------------------------------------------------------


--------------------------------------------------------------------------------
--- ChemScore analysis of protein-ligand interactions                        ---
--------------------------------------------------------------------------------

* Hydrogen bonds                                                                
Ligand donor   12 hydrogen   31 Protein acceptor 8028 bond energy  1.00 wt 2.00


* CH..O interactions                                                            
  CH group selection                       : activated ring CH (adjacent to hetatom)

--------------------------------------------------------------------------------


--------------------------------------------------------------------------------
--- Intra-ligand clashes                                                     ---
--------------------------------------------------------------------------------

Ligand
--------------------------------------------------------------------------------

--------------------------------------------------------------------------------
--- Rescoring solution                                                       ---
--------------------------------------------------------------------------------

     Score         DG    S(hbond)    S(metal)    S(lipo)     H(rot)  DE(clash)    DE(int)
     12.83     -14.87       0.49        0.00      91.64       1.16       0.60       1.44

Doing AMOEBA simplex on best individual
Done simplexing #iterations 640, best score  15.22

     Score         DG    S(hbond)    S(metal)    S(lipo)     H(rot)  DE(clash)    DE(int)
     15.22     -16.82       0.99        0.00      94.24       1.16       0.06       1.54

--------------------------------------------------------------------------------
--- ChemScore breakdown of terms                                             ---
--------------------------------------------------------------------------------
DG = -5.4800 + -3.3400*S(hbond)
     + -6.0300*S(metal) + -0.1170*S(lipo) + 2.5600*H(rot)


H(rot) = 1.1628

Score = -(DG + DE(clash) + DE(int))


--------------------------------------------------------------------------------


--------------------------------------------------------------------------------
--- ChemScore analysis of protein-ligand interactions                        ---
--------------------------------------------------------------------------------

* Hydrogen bonds                                                                
Ligand donor   12 hydrogen   31 Protein acceptor 8028 bond energy  1.00 wt 0.99

CHEMSCORE EXTRA INTERACTIONS:

* Clashes                                                                       
Clash for ligand atom   7 (**** ):   0.04
Clash for ligand atom   8 (**** ):   0.01
--------------------------------------------------------------------------------


--------------------------------------------------------------------------------
--- Chromosome decoded                                                       ---
--------------------------------------------------------------------------------
Ligand Torsions
[   4    6    7    8] -116.47
[  12    8    7    6]   75.01
Protein Torsions
[6907 6896 6895 6894]  139.81 
[7974 7965 7964 7962]   26.15 
[8008 7997 7996 7995]  145.75 
[10167 10162 10161 10158]   61.80 
[10718 10713 10712 10709]  -99.48 
[10763 10752 10751 10750]  -36.11 
[11005 11000 10999 10996]   68.86 
Mapping
Ligand acceptors to protein hydrogens (mapping then atom ids)
Ligand hydrogens to protein acceptors (mapping then atom ids)
  2  15 [ 31->8028]
Ligand shape atoms to protein points (mapping then atom ids & coords)
  1  9766 [  1->(154.000 141.000 161.250)]
  2  9468 [  3->(152.750 143.500 160.000)]
  3  8394 [  5->(151.500 144.750 161.000)]
  5  7339 [  8->(150.500 143.250 158.500)]
Chromosome values
Integers:
  -1   -1   14 9765 9467 8393   -1 7338   -1   -1   -1 
--------------------------------------------------------------------------------

Current Ranking  9  6  2  5  1  7  3  4  8

--------------------------------------------------------------------------------

* GA execution time :                                                           
  total  0.4370 user  0.4370 sys  0.0000

--------------------------------------------------------------------------------
Fitness function evaluations: 63949

--------------------------------------------------------------------------------
** Docking run number 10 **
--------------------------------------------------------------------------------
  Rank fitness base is 5000.00 ; increment is 11.2233

* Initialising population(s) ...                                                
Number of constraints mappings 0
Number of constraints 0
  Population no.                           :      1
  Population size                          :    100
  Number of duplicates                     :      0
  Number of niche violations               :      0
  Number of errors                         :  10893

Number of constraints mappings 0
Number of constraints 0
  Population no.                           :      2
  Population size                          :    100
  Number of duplicates                     :      0
  Number of niche violations               :      0
  Number of errors                         :  10452


Doing GA, no. of population(s) 2 size 100 selection pressure 1.100000

 Operation      Score     S(PLP)   S(hbond)     S(cho)   S(metal)  DE(clash)   DE(tors)     intcor
         0      24.32     -22.30       0.90       0.00       0.00       0.00       0.34       0.00
        45      29.37     -24.60       1.64       0.00       0.00       0.00       0.08       0.00
       615      29.54     -25.20       1.81       0.00       0.00       0.00       0.54       0.00
      1141      31.05     -27.18       1.34       0.00       0.00       0.00       0.08       0.00
      2219      32.59     -28.22       1.70       0.00       0.00       0.00       0.36       0.00
      3385      32.72     -27.49       1.79       0.00       0.00       0.00       0.07       0.00
      4042      33.71     -27.84       2.00       0.00       0.00       0.00       0.07       0.00
      4163      34.48     -28.63       2.00       0.00       0.00       0.00       0.07       0.00
      4583      35.25     -30.04       2.00       0.00       0.00       0.00       0.40       0.00
      6697      35.56     -30.35       2.00       0.00       0.00       0.00       0.40       0.00
      7933      36.59     -31.29       2.00       0.00       0.00       0.00       0.35       0.00
      8093      37.08     -31.22       2.00       0.00       0.00       0.00       0.07       0.00
      9589      37.15     -31.18       2.00       0.00       0.00       0.00       0.02       0.00
      9807      37.53     -31.65       2.00       0.00       0.00       0.00       0.06       0.00
      9859      37.62     -31.75       2.00       0.00       0.00       0.00       0.06       0.00
      9911      37.70     -31.83       2.00       0.00       0.00       0.00       0.07       0.00
--------------------------------------------------------------------------------
Best docking solution after GA:
     25000      37.70     -31.83       2.00       0.00       0.00       0.00       0.07       0.00

#ops:      25000 #mutates:  12024 #cross:    11736 #migrate:   1240 
#dups:      7515 #niche:    12642 #errors:    1464 
--------------------------------------------------------------------------------

Doing AMOEBA simplex on best individual
Done simplexing #iterations 398, best score  37.98

Ligand is stored in gold_soln_AV-procd_m12707_10.sdf


--------------------------------------------------------------------------------
--- CHEMPLP breakdown of terms                                               ---
--------------------------------------------------------------------------------
CHEMPLP = - ( 1.0000*S(PLP) + -3.0000*S(hbond) + -6.0000*S(metal) + -3.0000*S(cho) )

Score = CHEMPLP - 1.0000*DE(clash) - 2.0000*DE(tors)

Internal energy term has been corrected with the best internal energy encountered.

--------------------------------------------------------------------------------


     Score     S(PLP)   S(hbond)     S(cho)   S(metal)  DE(clash)   DE(tors)     intcor
     37.98     -32.14       2.00       0.00       0.00       0.00       0.08       0.00

--------------------------------------------------------------------------------
--- PLP analysis of protein-ligand interactions                              ---
--------------------------------------------------------------------------------
hydrogen bonding        :      -1.00
metal                   :       0.00
buried (polar-nonpolar) :      -4.14
nonpolar                :     -26.91
repulsive               :       0.16
--------------------------------------------------------------------------------


--------------------------------------------------------------------------------
--- ChemScore analysis of protein-ligand interactions                        ---
--------------------------------------------------------------------------------

* Hydrogen bonds                                                                
Ligand donor   12 hydrogen   30 Protein acceptor 8028 bond energy  1.00 wt 2.00


* CH..O interactions                                                            
  CH group selection                       : activated ring CH (adjacent to hetatom)

--------------------------------------------------------------------------------


--------------------------------------------------------------------------------
--- Intra-ligand clashes                                                     ---
--------------------------------------------------------------------------------

Ligand
--------------------------------------------------------------------------------

--------------------------------------------------------------------------------
--- Rescoring solution                                                       ---
--------------------------------------------------------------------------------

     Score         DG    S(hbond)    S(metal)    S(lipo)     H(rot)  DE(clash)    DE(int)
     14.18     -15.97       0.98        0.00      87.26       1.16       0.40       1.39

Doing AMOEBA simplex on best individual
Done simplexing #iterations 584, best score  14.89

     Score         DG    S(hbond)    S(metal)    S(lipo)     H(rot)  DE(clash)    DE(int)
     14.89     -16.27       0.98        0.00      89.83       1.16       0.06       1.32

--------------------------------------------------------------------------------
--- ChemScore breakdown of terms                                             ---
--------------------------------------------------------------------------------
DG = -5.4800 + -3.3400*S(hbond)
     + -6.0300*S(metal) + -0.1170*S(lipo) + 2.5600*H(rot)


H(rot) = 1.1628

Score = -(DG + DE(clash) + DE(int))


--------------------------------------------------------------------------------


--------------------------------------------------------------------------------
--- ChemScore analysis of protein-ligand interactions                        ---
--------------------------------------------------------------------------------

* Hydrogen bonds                                                                
Ligand donor   12 hydrogen   30 Protein acceptor 8028 bond energy  1.00 wt 0.98

CHEMSCORE EXTRA INTERACTIONS:

* Clashes                                                                       
Clash for ligand atom   3 (**** ):   0.03
Clash for ligand atom  12 (**** ):   0.02
--------------------------------------------------------------------------------


--------------------------------------------------------------------------------
--- Chromosome decoded                                                       ---
--------------------------------------------------------------------------------
Ligand Torsions
[   4    6    7    8] -171.59
[  12    8    7    6]  176.24
Protein Torsions
[6907 6896 6895 6894]  158.87 
[7974 7965 7964 7962]   87.31 
[8008 7997 7996 7995]  -62.96 
[10167 10162 10161 10158]   51.63 
[10718 10713 10712 10709]   32.62 
[10763 10752 10751 10750]  -29.95 
[11005 11000 10999 10996]   63.34 
Mapping
Ligand acceptors to protein hydrogens (mapping then atom ids)
Ligand hydrogens to protein acceptors (mapping then atom ids)
  1  15 [ 30->8028]
Ligand shape atoms to protein points (mapping then atom ids & coords)
  1  9793 [  1->(154.250 140.750 160.500)]
  2  9532 [  3->(153.000 141.750 160.500)]
  3  8699 [  5->(151.750 145.750 160.750)]
  5  7746 [  8->(151.000 142.250 158.500)]
Chromosome values
Integers:
  -1   14   -1 9792 9531 8698   -1 7745   -1   -1   -1 
--------------------------------------------------------------------------------

Current Ranking  9  6  2  5  1  7  3  4  8 10

--------------------------------------------------------------------------------

* GA execution time :                                                           
  total  0.4289 user  0.4289 sys  0.0000

--------------------------------------------------------------------------------
Fitness function evaluations: 63204

--------------------------------------------------------------------------------
--- Ranking analysis                                                         ---
--------------------------------------------------------------------------------


* Final ranked order of GA solutions:                                           
   9  6  2  5  1  7  3  4  8 10 

  _______________________________
  RMSD Matrix of RANKED solutions

        2    3    4    5    6    7    8    9   10  

   1 :  3.7  5.8  1.1  1.1  1.1  5.7  5.8  1.2  1.2
   2 :       6.1  4.1  4.0  4.1  6.0  5.9  4.0  4.2
   3 :            5.7  5.7  5.6  0.5  0.6  5.6  5.7
   4 :                 0.2  0.3  5.6  5.6  0.5  0.5
   5 :                      0.2  5.6  5.6  0.3  0.5
   6 :                           5.5  5.5  0.4  0.4
   7 :                                0.4  5.6  5.6
   8 :                                     5.6  5.6
   9 :                                          0.6

  Clustering method                        : complete linkage
  Structure ids in cluster table           : rank nos.
  Ordering of clusters and their members   : by rank (order if from rms_analysis)

  Distance | Clusters
   0.20    |  1 |  2 |  3 |  4 |  5  6 |  7 |  8 |  9 | 10 |
   0.30    |  1 |  2 |  3 |  4  5  6 |  7 |  8 |  9 | 10 |
   0.37    |  1 |  2 |  3 |  4  5  6 |  7  8 |  9 | 10 |
   0.49    |  1 |  2 |  3 |  4  5  6  9 |  7  8 | 10 |
   0.57    |  1 |  2 |  3 |  4  5  6  9 10 |  7  8 |
   0.61    |  1 |  2 |  3  7  8 |  4  5  6  9 10 |
   1.18    |  1  4  5  6  9 10 |  2 |  3  7  8 |
   4.17    |  1  2  4  5  6  9 10 |  3  7  8 |
   6.08    |  1  2  3  4  5  6  7  8  9 10 |
  Finished Docking Ligand                  : /DATA2/COVID-19/PDBs_&_Models/AV-procd.sdf
--------------------------------------------------------------------------------

  Relative_Ligand_Energy (best encountered) :   0.000
  Relative_Ligand_Energy: fitness values have been corrected using this amount
