
--------------------------------------------------------------------------------
--- Ligand                                                                   ---
--------------------------------------------------------------------------------
  Ligand loaded from file                  : /DATA2/COVID-19/PDBs_&_Models/AV-procd.sdf
  Ligand name                              :  
  "AV-unprocessed.smi:842                                                   "

--------------------------------------------------------------------------------
  N.plc donors                             : 
  none found

  Acidic nitrogen acceptors                : 
  none found
  Sulfur acceptors                         :
  none found


  Donor atoms                              :      3
  5   6   9   
  Acceptor atoms                           :      3
  5   8   19  

  Hydrogens                                :  (n = 3)
  29   30   31   

  Lone pairs added to molecule             :      5
  Numbering                                : from 43 to 47
  Choline groups                           : 
   

--------------------------------------------------------------------------------
--- Postprocessing of typing                                                 ---
--------------------------------------------------------------------------------
  Fragment file                            : /home/scv26/CCDC/Discovery_2020/GOLD/gold/rotatable_bond_override.mol2
  acylurea fragment                        : no matches
  thioacylthiourea fragment                : no matches
  acylthiourea fragment                    : no matches
  thioacylurea fragment                    : no matches
  diarylamine fragment >C.ar-NH-C.ar<      : no matches
  sec-amine (1) fragment                   : no matches
  sec-amine (2) fragment                   : 1 matches
  Ligand bond 14-13  set to 1
  Ligand bond 14-15  set to 1
  Ligand bond 14-18  set to 1
  sec-amine (3) fragment                   : no matches
  carboxylic ester                         : no matches

* Rotatable bonds in /DATA2/COVID-19/PDBs  :
  [   2    3] [   3    4] [   3    6] [   4    5] 
  [   9   10] [  13   14] 
  No. of rotatable bonds                   :      6


* Fragments found in /DATA2/COVID-19/PDBs  :


* Checking torsion distributions:                                               
  Rotatable bond [20 10  9  7] matches torsion: aromatic amide
   C.ar ( 1H ) | C.ar | N.am ( 1H ) | C.2 ( O.2 ) 
  No. of matched torsions                  :      1

--------------------------------------------------------------------------------
--- Shape fitting atoms selection (hydrophobic atoms)                        ---
--------------------------------------------------------------------------------
  Molecule                                 : /DATA2/COVID-19/PDBs_&_Models/AV-procd.sdf
  Selection                                : carbons only
  Atom numbers                             :  (n = 11)
  1    2    3    4    11   12   15   16   17   18   
  20   


--------------------------------------------------------------------------------
--- ChemScore ligand setup summary                                           ---
--------------------------------------------------------------------------------
  ChemScore ligand acceptors               :      3
  5 8 19 
  ChemScore ligand donors                  :      3
  5 ( 29  ) 6 ( 30  ) 9 ( 31  ) 
  ChemScore ligand CH donors               :      1
  20 ( 42 ) 

  ChemScore ligand lipophilic atoms        :  (n = 12)
  1    2    3    4    10   11   12   15   16   17   
  18   20   

  ChemScore ligand rotatable bonds         :      6
  2   (****) - 3   (****): SP3_SP3_BOND
  3   (****) - 4   (****): SP3_SP3_BOND
  3   (****) - 6   (****): SP3_SP2_BOND
  4   (****) - 5   (****): SP3_SP3_BOND
  9   (****) - 10  (****): SP2_SP2_BOND
  13  (****) - 14  (****): SP2_SP2_BOND

--------------------------------------------------------------------------------
--- PLP ligand setup summary                                                 ---
--------------------------------------------------------------------------------
    1  ****   C.3 NONPOLAR
    2  ****   C.3 NONPOLAR
    3  ****   C.3 NONPOLAR
    4  ****   C.3 NONPOLAR
    5  ****   O.3 DONACC
    6  ****  N.am DONOR
    7  ****   C.2 NONPOLAR
    8  ****   O.2 ACCEPTOR
    9  ****  N.am DONOR
   10  ****  C.ar NONPOLAR
   11  ****  C.ar NONPOLAR
   12  ****  C.ar NONPOLAR
   13  ****  C.ar NONPOLAR
   14  **** N.pl3 NONPOLAR
   15  ****   C.3 NONPOLAR
   16  ****   C.3 NONPOLAR
   17  ****   C.3 NONPOLAR
   18  ****   C.3 NONPOLAR
   19  ****  N.ar ACCEPTOR
   20  ****  C.ar NONPOLAR


--------------------------------------------------------------------------------
--- Automatic parameter setting                                              ---
--------------------------------------------------------------------------------
  Contribution base                        :   2500
  Contribution per rotatable bond          :   6000
  Contribution per df                      :   4000
  Contribution per water                   :  10000
  Ligand rotatable bonds                   :      6
  Protein flexible side chain bonds        :      0
  Total rotatable bonds                    :      6
  Hydrophobic vol ratio (P/L)              :   2.097
  Base multiplier (polar)                  :   1.200
  Base multiplier (apolar)                 :   4.614
  Base contribution                        : 12500.000
  Fitting points                           :      6
  Estimated maxops needed (optimal)        :  49000

--------------------------------------------------------------------------------

* Population settings                                                           
  maxops                                   :  49000
  popsiz                                   :    100
  select_pressure                          :   1.100
  n_islands                                :      4
  niche_siz                                :      2

* GA settings                                                                   
  pt_crosswt                               :     95
  allele_mutatewt                          :     95
  migratewt                                :     10

* Search settings                                                               
  start_vdw_linear_cutoff                  :   4.000
  initial_virtual_pt_match_max             :   3.000

--------------------------------------------------------------------------------

* Ligand initialisation time :                                                  
  total  0.0091 user  0.0091 sys  0.0000

--------------------------------------------------------------------------------

--------------------------------------------------------------------------------
** Docking run number  1 **
--------------------------------------------------------------------------------
  Rank fitness base is 5000.00 ; increment is 11.2233

* Initialising population(s) ...                                                
Number of constraints mappings 0
Number of constraints 0
  Population no.                           :      1
  Population size                          :    100
  Number of duplicates                     :      0
  Number of niche violations               :      0
  Number of errors                         :   4057

Number of constraints mappings 0
Number of constraints 0
  Population no.                           :      2
  Population size                          :    100
  Number of duplicates                     :      0
  Number of niche violations               :      0
  Number of errors                         :   4230

Number of constraints mappings 0
Number of constraints 0
  Population no.                           :      3
  Population size                          :    100
  Number of duplicates                     :      0
  Number of niche violations               :      0
  Number of errors                         :   4347

Number of constraints mappings 0
Number of constraints 0
  Population no.                           :      4
  Population size                          :    100
  Number of duplicates                     :      0
  Number of niche violations               :      0
  Number of errors                         :   4071


Doing GA, no. of population(s) 4 size 100 selection pressure 1.100000

 Operation      Score     S(PLP)   S(hbond)     S(cho)   S(metal)  DE(clash)   DE(tors)     intcor
         0      21.60     -20.90       1.16       0.00       0.00       0.00       1.61       0.33
       105      22.82     -22.11       1.02       0.00       0.00       0.00       1.34       0.33
       182      23.00     -23.51       0.42       0.00       0.00       0.00       1.04       0.33
       401      23.34     -22.80       1.02       0.00       0.00       0.00       1.42       0.33
       438      23.36     -23.01       0.42       0.00       0.00       0.00       0.61       0.33
       555      27.65     -24.39       1.67       0.00       0.00       0.00       1.03       0.33
      2679      30.96     -27.26       1.81       0.00       0.00       0.00       1.03       0.33
      2687      31.37     -28.04       1.48       0.00       0.00       0.00       0.73       0.33
      2772      31.86     -31.86       1.35       0.00       0.00       0.00       2.19       0.33
      3731      33.32     -29.80       1.48       0.00       0.00       0.00       0.63       0.33
      5847      33.53     -29.93       1.48       0.00       0.00       0.00       0.59       0.33
      6319      33.77     -29.75       1.48       0.00       0.00       0.00       0.38       0.33
      6367      34.63     -31.32       1.83       0.00       0.00       0.00       1.26       0.33
      8247      34.89     -31.32       1.92       0.00       0.00       0.00       1.26       0.33
      9359      35.81     -30.62       2.30       0.00       0.00       0.00       1.02       0.32
      9710      37.74     -30.92       2.58       0.00       0.00       0.00       0.62       0.32
     11409      37.92     -31.10       2.58       0.00       0.00       0.00       0.60       0.29
     13815      38.07     -31.47       2.52       0.00       0.00       0.00       0.62       0.29
     13915      38.28     -31.65       2.49       0.00       0.00       0.00       0.56       0.29
     17869      38.85     -31.81       2.58       0.00       0.00       0.00       0.49       0.29
     18075      38.98     -32.05       2.59       0.00       0.00       0.00       0.56       0.29
     18639      39.06     -31.33       2.74       0.00       0.00       0.00       0.39       0.29
     25972      39.32     -31.26       2.85       0.00       0.00       0.00       0.39       0.29
     28847      39.99     -32.00       2.74       0.00       0.00       0.00       0.26       0.29
     29904      40.61     -34.18       2.57       0.00       0.00       0.00       0.79       0.29
     34340      40.83     -34.18       2.64       0.00       0.00       0.00       0.79       0.29
     40552      40.84     -34.24       2.64       0.00       0.00       0.00       0.81       0.29
     44576      41.00     -34.43       2.64       0.00       0.00       0.00       0.82       0.29
     46403      41.13     -28.81       3.90       1.00       0.00       0.00       1.33       0.29
     46723      41.15     -28.84       3.90       1.00       0.00       0.00       1.34       0.29
     47293      41.60     -34.30       2.87       0.00       0.00       0.00       0.81       0.29
--------------------------------------------------------------------------------
Best docking solution after GA:
     49000      41.60     -34.30       2.87       0.00       0.00       0.00       0.81       0.29

#ops:      49000 #mutates:  23194 #cross:    23339 #migrate:   2467 
#dups:     11665 #niche:    29823 #errors:    1314 
--------------------------------------------------------------------------------

Doing AMOEBA simplex on best individual
Done simplexing #iterations 786, best score  41.80

Ligand is stored in gold_soln_AV-procd_m3917_1.sdf


--------------------------------------------------------------------------------
--- CHEMPLP breakdown of terms                                               ---
--------------------------------------------------------------------------------
CHEMPLP = - ( 1.0000*S(PLP) + -3.0000*S(hbond) + -6.0000*S(metal) + -3.0000*S(cho) )

Score = CHEMPLP - 1.0000*DE(clash) - 2.0000*DE(tors)

Internal energy term has been corrected with the best internal energy encountered.

--------------------------------------------------------------------------------


     Score     S(PLP)   S(hbond)     S(cho)   S(metal)  DE(clash)   DE(tors)     intcor
     41.80     -34.38       2.92       0.00       0.00       0.00       0.81       0.29

--------------------------------------------------------------------------------
--- PLP analysis of protein-ligand interactions                              ---
--------------------------------------------------------------------------------
hydrogen bonding        :      -3.00
metal                   :       0.00
buried (polar-nonpolar) :      -2.80
nonpolar                :     -27.45
repulsive               :       0.07
--------------------------------------------------------------------------------


--------------------------------------------------------------------------------
--- ChemScore analysis of protein-ligand interactions                        ---
--------------------------------------------------------------------------------

* Hydrogen bonds                                                                
Ligand donor    5 hydrogen   29 Protein acceptor 7948 bond energy  1.00 wt 1.00
Ligand donor    6 hydrogen   30 Protein acceptor 7948 bond energy  1.00 wt 1.00
Ligand donor    9 hydrogen   31 Protein acceptor 7948 bond energy  1.00 wt 0.92


* CH..O interactions                                                            
  CH group selection                       : activated ring CH (adjacent to hetatom)

--------------------------------------------------------------------------------


--------------------------------------------------------------------------------
--- Intra-ligand clashes                                                     ---
--------------------------------------------------------------------------------

Ligand
--------------------------------------------------------------------------------

--------------------------------------------------------------------------------
--- Rescoring solution                                                       ---
--------------------------------------------------------------------------------

     Score         DG    S(hbond)    S(metal)    S(lipo)     H(rot)  DE(clash)    DE(int)
     13.26     -15.51       1.56        0.00      84.95       1.99       0.08       2.17

Doing AMOEBA simplex on best individual
Done simplexing #iterations 1197, best score  15.94

     Score         DG    S(hbond)    S(metal)    S(lipo)     H(rot)  DE(clash)    DE(int)
     15.94     -18.18       2.39        0.00      83.82       1.99       0.03       2.20

--------------------------------------------------------------------------------
--- ChemScore breakdown of terms                                             ---
--------------------------------------------------------------------------------
DG = -5.4800 + -3.3400*S(hbond)
     + -6.0300*S(metal) + -0.1170*S(lipo) + 2.5600*H(rot)


H(rot) = 1.9926

Score = -(DG + DE(clash) + DE(int))


--------------------------------------------------------------------------------


--------------------------------------------------------------------------------
--- ChemScore analysis of protein-ligand interactions                        ---
--------------------------------------------------------------------------------

* Hydrogen bonds                                                                
Ligand donor    5 hydrogen   29 Protein acceptor 7948 bond energy  1.00 wt 0.94
Ligand donor    6 hydrogen   30 Protein acceptor 7948 bond energy  1.00 wt 0.81
Ligand donor    9 hydrogen   31 Protein acceptor 7948 bond energy  1.00 wt 0.64

CHEMSCORE EXTRA INTERACTIONS:

* Clashes                                                                       
Clash for ligand atom  12 (**** ):   0.01
Clash for ligand atom  18 (**** ):   0.01
--------------------------------------------------------------------------------


--------------------------------------------------------------------------------
--- Chromosome decoded                                                       ---
--------------------------------------------------------------------------------
Ligand Torsions
[   1    2    3    4]  -48.02
[   5    4    3    2] -156.41
[   2    3    6    7]  -74.49
[  29    5    4    3]   72.02
[  20   10    9    7]   19.68    matched torsion: aromatic amide
[  18   14   13   12]   23.59
Protein Torsions
[6907 6896 6895 6894]   89.43 
[7974 7965 7964 7962]  -33.89 
[8008 7997 7996 7995]  127.38 
[10167 10162 10161 10158]   87.91 
[10718 10713 10712 10709]   21.37 
[10763 10752 10751 10750]   68.88 
[11005 11000 10999 10996]  -81.20 
Mapping
Ligand acceptors to protein hydrogens (mapping then atom ids)
Ligand hydrogens to protein acceptors (mapping then atom ids)
  2   7 [ 30->7948]
  3   7 [ 31->7948]
Ligand shape atoms to protein points (mapping then atom ids & coords)
  7  8517 [ 15->(151.750 142.250 159.000)]
  8  9000 [ 16->(152.250 141.000 159.250)]
 10  9116 [ 18->(152.250 144.000 158.500)]
 11  7968 [ 20->(151.250 138.250 155.000)]
Chromosome values
Integers:
  -1   -1   -1   -1    6    6   -1   -1   -1   -1   -1   -1 
8516 8999   -1 9115 7967 
--------------------------------------------------------------------------------

Current Ranking  1

--------------------------------------------------------------------------------

* GA execution time :                                                           
  total  0.9712 user  0.9672 sys  0.0040

--------------------------------------------------------------------------------
Fitness function evaluations: 100600

--------------------------------------------------------------------------------
** Docking run number  2 **
--------------------------------------------------------------------------------
  Rank fitness base is 5000.00 ; increment is 11.2233

* Initialising population(s) ...                                                
Number of constraints mappings 0
Number of constraints 0
  Population no.                           :      1
  Population size                          :    100
  Number of duplicates                     :      0
  Number of niche violations               :      0
  Number of errors                         :   3992

Number of constraints mappings 0
Number of constraints 0
  Population no.                           :      2
  Population size                          :    100
  Number of duplicates                     :      0
  Number of niche violations               :      0
  Number of errors                         :   4054

Number of constraints mappings 0
Number of constraints 0
  Population no.                           :      3
  Population size                          :    100
  Number of duplicates                     :      0
  Number of niche violations               :      0
  Number of errors                         :   4120

Number of constraints mappings 0
Number of constraints 0
  Population no.                           :      4
  Population size                          :    100
  Number of duplicates                     :      0
  Number of niche violations               :      0
  Number of errors                         :   4007


Doing GA, no. of population(s) 4 size 100 selection pressure 1.100000

 Operation      Score     S(PLP)   S(hbond)     S(cho)   S(metal)  DE(clash)   DE(tors)     intcor
         0      22.86     -22.73       0.95       0.00       0.00       0.00       1.50       0.29
       402      25.03     -24.16       1.94       0.00       0.00       0.79       2.23       0.29
      1174      28.71     -24.82       2.86       0.00       0.00       0.00       2.49       0.29
      2068      29.80     -26.30       1.95       0.54       0.00       0.00       2.12       0.29
      2784      29.93     -26.28       1.79       0.65       0.00       0.00       1.97       0.29
      4277      30.11     -31.17       1.31       0.00       0.00       2.02       1.63       0.29
      4607      30.80     -26.84       2.00       0.00       0.00       0.00       1.17       0.29
      4950      30.82     -26.79       2.54       0.00       0.00       0.00       1.94       0.29
      5310      32.28     -27.26       2.54       0.00       0.00       0.00       1.44       0.29
      5414      33.23     -30.20       2.00       0.00       0.00       0.00       1.63       0.29
      6455      33.40     -29.43       2.00       0.00       0.00       0.00       1.16       0.29
      7752      34.17     -33.34       1.04       0.16       0.00       0.79       1.13       0.29
      8106      34.40     -31.76       1.10       0.00       0.00       0.00       0.47       0.29
      9674      35.32     -31.57       2.66       0.00       0.00       0.00       2.26       0.29
     11221      35.62     -31.62       2.71       0.00       0.00       0.00       2.21       0.29
     11385      35.89     -31.94       2.66       0.00       0.00       0.00       2.16       0.29
     12279      36.07     -28.92       2.82       0.00       0.00       0.00       0.80       0.29
     12427      36.11     -29.59       2.61       0.00       0.00       0.00       0.80       0.29
     14511      37.04     -34.37       2.27       0.00       0.00       0.00       2.21       0.29
     16110      37.15     -34.31       2.36       0.00       0.00       0.00       2.26       0.29
     16933      37.26     -34.63       2.24       0.00       0.00       0.00       2.18       0.29
     19525      37.39     -35.11       2.33       0.00       0.00       0.00       2.50       0.29
     21729      38.30     -34.71       2.33       0.00       0.00       0.00       1.84       0.29
     22989      39.80     -34.71       2.83       0.00       0.00       0.00       1.84       0.29
     25787      39.90     -34.70       2.83       0.00       0.00       0.00       1.79       0.29
     26340      40.45     -35.26       2.86       0.00       0.00       0.00       1.84       0.29
     28996      40.53     -35.26       2.86       0.00       0.00       0.00       1.80       0.29
     29037      40.55     -35.25       2.86       0.00       0.00       0.00       1.79       0.29
     29453      40.56     -35.23       2.86       0.00       0.00       0.00       1.77       0.29
     30468      41.41     -35.96       2.70       0.00       0.00       0.00       1.46       0.29
     38104      41.55     -36.10       2.70       0.00       0.00       0.00       1.46       0.29
     39251      41.58     -35.60       2.87       0.00       0.00       0.00       1.46       0.29
     39723      42.30     -36.33       2.96       0.00       0.00       0.00       1.60       0.29
     44861      42.34     -36.46       2.98       0.00       0.00       0.00       1.67       0.29
     44909      42.37     -36.08       2.98       0.00       0.00       0.00       1.46       0.29
     45389      42.37     -36.09       2.83       0.00       0.00       0.00       1.24       0.29
     45391      43.00     -37.20       2.90       0.00       0.00       0.00       1.60       0.29
     47255      43.30     -37.52       2.93       0.00       0.00       0.00       1.64       0.29
     47795      43.30     -37.47       2.93       0.00       0.00       0.00       1.62       0.29
     48696      43.35     -37.32       2.94       0.00       0.00       0.00       1.54       0.29
--------------------------------------------------------------------------------
Best docking solution after GA:
     49000      43.35     -37.32       2.94       0.00       0.00       0.00       1.54       0.29

#ops:      49000 #mutates:  23289 #cross:    23303 #migrate:   2408 
#dups:      9811 #niche:    29859 #errors:    1029 
--------------------------------------------------------------------------------

Doing AMOEBA simplex on best individual
Done simplexing #iterations 621, best score  44.30

Ligand is stored in gold_soln_AV-procd_m3917_2.sdf


--------------------------------------------------------------------------------
--- CHEMPLP breakdown of terms                                               ---
--------------------------------------------------------------------------------
CHEMPLP = - ( 1.0000*S(PLP) + -3.0000*S(hbond) + -6.0000*S(metal) + -3.0000*S(cho) )

Score = CHEMPLP - 1.0000*DE(clash) - 2.0000*DE(tors)

Internal energy term has been corrected with the best internal energy encountered.

--------------------------------------------------------------------------------


     Score     S(PLP)   S(hbond)     S(cho)   S(metal)  DE(clash)   DE(tors)     intcor
     44.30     -38.03       2.91       0.00       0.00       0.00       1.37       0.29

--------------------------------------------------------------------------------
--- PLP analysis of protein-ligand interactions                              ---
--------------------------------------------------------------------------------
hydrogen bonding        :      -4.81
metal                   :       0.00
buried (polar-nonpolar) :      -3.17
nonpolar                :     -31.07
repulsive               :       0.32
--------------------------------------------------------------------------------


--------------------------------------------------------------------------------
--- ChemScore analysis of protein-ligand interactions                        ---
--------------------------------------------------------------------------------

* Hydrogen bonds                                                                
Ligand donor    5 hydrogen   29 Protein acceptor 7921 bond energy  1.00 wt 1.00
Ligand donor    6 hydrogen   30 Protein acceptor 7948 bond energy  1.00 wt 1.00
Ligand donor    9 hydrogen   31 Protein acceptor 7948 bond energy  1.00 wt 0.91


* CH..O interactions                                                            
  CH group selection                       : activated ring CH (adjacent to hetatom)

--------------------------------------------------------------------------------


--------------------------------------------------------------------------------
--- Intra-ligand clashes                                                     ---
--------------------------------------------------------------------------------

Ligand
--------------------------------------------------------------------------------

--------------------------------------------------------------------------------
--- Rescoring solution                                                       ---
--------------------------------------------------------------------------------

     Score         DG    S(hbond)    S(metal)    S(lipo)     H(rot)  DE(clash)    DE(int)
     14.49     -20.18       2.84        0.00      88.13       1.99       1.89       3.80

Doing AMOEBA simplex on best individual
Done simplexing #iterations 692, best score  16.93

     Score         DG    S(hbond)    S(metal)    S(lipo)     H(rot)  DE(clash)    DE(int)
     16.93     -19.82       2.82        0.00      85.52       1.99       0.16       2.73

--------------------------------------------------------------------------------
--- ChemScore breakdown of terms                                             ---
--------------------------------------------------------------------------------
DG = -5.4800 + -3.3400*S(hbond)
     + -6.0300*S(metal) + -0.1170*S(lipo) + 2.5600*H(rot)


H(rot) = 1.9926

Score = -(DG + DE(clash) + DE(int))


--------------------------------------------------------------------------------


--------------------------------------------------------------------------------
--- ChemScore analysis of protein-ligand interactions                        ---
--------------------------------------------------------------------------------

* Hydrogen bonds                                                                
Ligand donor    5 hydrogen   29 Protein acceptor 7921 bond energy  1.00 wt 0.96
Ligand donor    6 hydrogen   30 Protein acceptor 7948 bond energy  1.00 wt 0.99
Ligand donor    9 hydrogen   31 Protein acceptor 7948 bond energy  1.00 wt 0.88

CHEMSCORE EXTRA INTERACTIONS:

* Clashes                                                                       
Clash for ligand atom   3 (**** ):   0.01
Clash for ligand atom   4 (**** ):   0.04
Clash for ligand atom  14 (**** ):   0.01
Clash for ligand atom  18 (**** ):   0.10
--------------------------------------------------------------------------------


--------------------------------------------------------------------------------
--- Chromosome decoded                                                       ---
--------------------------------------------------------------------------------
Ligand Torsions
[   1    2    3    4]  -54.31
[   5    4    3    2]  137.55
[   2    3    6    7]  -50.15
[  29    5    4    3]  162.42
[  20   10    9    7]   -9.00    matched torsion: aromatic amide
[  18   14   13   12]  148.82
Protein Torsions
[6907 6896 6895 6894]   46.72 
[7974 7965 7964 7962]   95.80 
[8008 7997 7996 7995] -130.29 
[10167 10162 10161 10158]  140.27 
[10718 10713 10712 10709]  138.20 
[10763 10752 10751 10750]   71.13 
[11005 11000 10999 10996] -152.03 
Mapping
Ligand acceptors to protein hydrogens (mapping then atom ids)
Ligand hydrogens to protein acceptors (mapping then atom ids)
  2   7 [ 30->7948]
  3   7 [ 31->7948]
Ligand shape atoms to protein points (mapping then atom ids & coords)
  2  3693 [  2->(145.250 136.750 152.000)]
  3  3416 [  3->(145.000 136.750 151.750)]
  4  3975 [  4->(145.500 136.500 152.250)]
  8  8827 [ 16->(152.000 143.500 158.750)]
  9  9606 [ 17->(153.000 143.500 159.750)]
 10  8327 [ 18->(151.500 144.000 157.250)]
 11  6498 [ 20->(148.750 139.750 154.250)]
Chromosome values
Integers:
  -1   -1   -1   -1    6    6   -1 3692 3415 3974   -1   -1 
  -1 8826 9605 8326 6497 
--------------------------------------------------------------------------------

Current Ranking  2  1

--------------------------------------------------------------------------------

* GA execution time :                                                           
  total  0.9891 user  0.9891 sys  0.0000

--------------------------------------------------------------------------------
Fitness function evaluations: 98897

--------------------------------------------------------------------------------
** Docking run number  3 **
--------------------------------------------------------------------------------
  Rank fitness base is 5000.00 ; increment is 11.2233

* Initialising population(s) ...                                                
Number of constraints mappings 0
Number of constraints 0
  Population no.                           :      1
  Population size                          :    100
  Number of duplicates                     :      0
  Number of niche violations               :      0
  Number of errors                         :   4129

Number of constraints mappings 0
Number of constraints 0
  Population no.                           :      2
  Population size                          :    100
  Number of duplicates                     :      0
  Number of niche violations               :      0
  Number of errors                         :   4196

Number of constraints mappings 0
Number of constraints 0
  Population no.                           :      3
  Population size                          :    100
  Number of duplicates                     :      0
  Number of niche violations               :      0
  Number of errors                         :   4191

Number of constraints mappings 0
Number of constraints 0
  Population no.                           :      4
  Population size                          :    100
  Number of duplicates                     :      0
  Number of niche violations               :      0
  Number of errors                         :   4139


Doing GA, no. of population(s) 4 size 100 selection pressure 1.100000

 Operation      Score     S(PLP)   S(hbond)     S(cho)   S(metal)  DE(clash)   DE(tors)     intcor
         0      29.55     -28.93       0.85       0.00       0.00       0.00       1.12       0.29
      1944      29.88     -29.16       1.59       0.00       0.00       0.00       2.17       0.29
      2129      32.72     -24.96       2.11       1.00       0.00       0.00       0.93       0.29
      3496      33.40     -31.09       1.90       0.00       0.00       0.00       1.83       0.29
      3584      34.06     -32.15       1.76       0.00       0.00       0.00       1.83       0.29
      6353      34.39     -32.37       1.80       0.00       0.00       0.00       1.83       0.29
      7040      35.33     -33.05       1.89       0.00       0.00       0.00       1.83       0.29
     10389      36.09     -32.78       2.12       0.00       0.00       0.00       1.67       0.29
     13700      36.84     -33.04       2.93       0.00       0.00       0.00       2.63       0.29
     15176      37.38     -33.36       3.00       0.00       0.00       0.00       2.63       0.29
     15540      38.64     -34.04       2.89       0.00       0.00       0.00       2.18       0.29
     23924      38.71     -34.04       2.89       0.00       0.00       0.00       2.15       0.29
     24293      39.05     -32.73       3.00       0.00       0.00       0.00       1.48       0.29
     26318      39.42     -33.47       2.89       0.00       0.00       0.00       1.51       0.29
     27634      39.50     -33.59       2.91       0.00       0.00       0.00       1.55       0.29
     41560      39.74     -34.84       2.57       0.00       0.00       0.00       1.55       0.29
     42575      40.44     -35.74       2.44       0.00       0.00       0.00       1.45       0.29
     45721      40.64     -33.31       2.74       0.00       0.00       0.00       0.58       0.29
     46174      40.82     -35.62       2.61       0.00       0.00       0.00       1.47       0.29
     46618      41.11     -35.78       2.64       0.00       0.00       0.00       1.43       0.29
     46854      41.73     -37.34       2.34       0.00       0.00       0.00       1.47       0.29
     48326      42.17     -36.10       2.90       0.00       0.00       0.00       1.45       0.29
--------------------------------------------------------------------------------
Best docking solution after GA:
     49000      42.17     -36.10       2.90       0.00       0.00       0.00       1.45       0.29

#ops:      49000 #mutates:  23282 #cross:    23213 #migrate:   2505 
#dups:      9434 #niche:    26260 #errors:    1619 
--------------------------------------------------------------------------------

Doing AMOEBA simplex on best individual
Done simplexing #iterations 763, best score  44.34

Ligand is stored in gold_soln_AV-procd_m3917_3.sdf


--------------------------------------------------------------------------------
--- CHEMPLP breakdown of terms                                               ---
--------------------------------------------------------------------------------
CHEMPLP = - ( 1.0000*S(PLP) + -3.0000*S(hbond) + -6.0000*S(metal) + -3.0000*S(cho) )

Score = CHEMPLP - 1.0000*DE(clash) - 2.0000*DE(tors)

Internal energy term has been corrected with the best internal energy encountered.

--------------------------------------------------------------------------------


     Score     S(PLP)   S(hbond)     S(cho)   S(metal)  DE(clash)   DE(tors)     intcor
     44.34     -37.75       2.83       0.00       0.00       0.00       1.09       0.29

--------------------------------------------------------------------------------
--- PLP analysis of protein-ligand interactions                              ---
--------------------------------------------------------------------------------
hydrogen bonding        :      -3.97
metal                   :       0.00
buried (polar-nonpolar) :       0.52
nonpolar                :     -35.12
repulsive               :       0.37
--------------------------------------------------------------------------------


--------------------------------------------------------------------------------
--- ChemScore analysis of protein-ligand interactions                        ---
--------------------------------------------------------------------------------

* Hydrogen bonds                                                                
Ligand donor    5 hydrogen   29 Protein acceptor 7948 bond energy  1.00 wt 1.00
Ligand donor    6 hydrogen   30 Protein acceptor 7948 bond energy  1.00 wt 1.00
Ligand donor    9 hydrogen   31 Protein acceptor 7948 bond energy  1.00 wt 0.83


* CH..O interactions                                                            
  CH group selection                       : activated ring CH (adjacent to hetatom)

--------------------------------------------------------------------------------


--------------------------------------------------------------------------------
--- Intra-ligand clashes                                                     ---
--------------------------------------------------------------------------------

Ligand
--------------------------------------------------------------------------------

--------------------------------------------------------------------------------
--- Rescoring solution                                                       ---
--------------------------------------------------------------------------------

     Score         DG    S(hbond)    S(metal)    S(lipo)     H(rot)  DE(clash)    DE(int)
     13.35     -19.95       2.69        0.00      90.38       1.99       2.83       3.77

Doing AMOEBA simplex on best individual
Done simplexing #iterations 723, best score  16.39

     Score         DG    S(hbond)    S(metal)    S(lipo)     H(rot)  DE(clash)    DE(int)
     16.39     -20.43       2.82        0.00      90.73       1.99       1.42       2.62

--------------------------------------------------------------------------------
--- ChemScore breakdown of terms                                             ---
--------------------------------------------------------------------------------
DG = -5.4800 + -3.3400*S(hbond)
     + -6.0300*S(metal) + -0.1170*S(lipo) + 2.5600*H(rot)


H(rot) = 1.9926

Score = -(DG + DE(clash) + DE(int))


--------------------------------------------------------------------------------


--------------------------------------------------------------------------------
--- ChemScore analysis of protein-ligand interactions                        ---
--------------------------------------------------------------------------------

* Hydrogen bonds                                                                
Ligand donor    5 hydrogen   29 Protein acceptor 7948 bond energy  1.00 wt 0.99
Ligand donor    6 hydrogen   30 Protein acceptor 7948 bond energy  1.00 wt 0.98
Ligand donor    9 hydrogen   31 Protein acceptor 7948 bond energy  1.00 wt 0.85

CHEMSCORE EXTRA INTERACTIONS:

* Clashes                                                                       
Clash for ligand atom   3 (**** ):   0.01
Clash for ligand atom   4 (**** ):   0.02
Clash for ligand atom  14 (**** ):   0.33
Clash for ligand atom  18 (**** ):   1.05
--------------------------------------------------------------------------------


--------------------------------------------------------------------------------
--- Chromosome decoded                                                       ---
--------------------------------------------------------------------------------
Ligand Torsions
[   1    2    3    4]  -58.82
[   5    4    3    2]  -76.56
[   2    3    6    7]  -46.39
[  29    5    4    3]  -45.78
[  20   10    9    7]  -17.62    matched torsion: aromatic amide
[  18   14   13   12]  145.71
Protein Torsions
[6907 6896 6895 6894]    9.29 
[7974 7965 7964 7962]  163.15 
[8008 7997 7996 7995]  -35.78 
[10167 10162 10161 10158]  -40.78 
[10718 10713 10712 10709]    8.80 
[10763 10752 10751 10750] -158.48 
[11005 11000 10999 10996]  -97.00 
Mapping
Ligand acceptors to protein hydrogens (mapping then atom ids)
Ligand hydrogens to protein acceptors (mapping then atom ids)
  1   7 [ 29->7948]
  2   7 [ 30->7948]
Ligand shape atoms to protein points (mapping then atom ids & coords)
  3  4834 [  3->(146.250 138.250 152.750)]
  4  3142 [  4->(144.750 135.500 151.250)]
  5  8222 [ 11->(151.500 138.250 155.250)]
  8  8286 [ 16->(151.500 143.250 158.250)]
Chromosome values
Integers:
  -1   -1   -1    6    6   -1   -1   -1 4833 3141 8221   -1 
  -1 8285   -1   -1   -1 
--------------------------------------------------------------------------------

Current Ranking  3  2  1

--------------------------------------------------------------------------------

* GA execution time :                                                           
  total  0.9641 user  0.9641 sys  0.0000

--------------------------------------------------------------------------------
Fitness function evaluations: 100075

--------------------------------------------------------------------------------
** Docking run number  4 **
--------------------------------------------------------------------------------
  Rank fitness base is 5000.00 ; increment is 11.2233

* Initialising population(s) ...                                                
Number of constraints mappings 0
Number of constraints 0
  Population no.                           :      1
  Population size                          :    100
  Number of duplicates                     :      0
  Number of niche violations               :      0
  Number of errors                         :   4063

Number of constraints mappings 0
Number of constraints 0
  Population no.                           :      2
  Population size                          :    100
  Number of duplicates                     :      0
  Number of niche violations               :      0
  Number of errors                         :   4233

Number of constraints mappings 0
Number of constraints 0
  Population no.                           :      3
  Population size                          :    100
  Number of duplicates                     :      0
  Number of niche violations               :      0
  Number of errors                         :   4132

Number of constraints mappings 0
Number of constraints 0
  Population no.                           :      4
  Population size                          :    100
  Number of duplicates                     :      0
  Number of niche violations               :      0
  Number of errors                         :   4030


Doing GA, no. of population(s) 4 size 100 selection pressure 1.100000

 Operation      Score     S(PLP)   S(hbond)     S(cho)   S(metal)  DE(clash)   DE(tors)     intcor
         0      25.73     -27.17       0.83       0.00       0.00       0.00       2.11       0.29
       563      26.47     -25.83       0.25       1.00       0.00       0.00       1.69       0.29
      1460      31.36     -32.30       1.00       0.00       0.00       0.00       2.11       0.29
      2124      33.48     -32.89       1.51       0.00       0.00       0.00       2.11       0.29
      2204      36.21     -33.29       2.29       0.00       0.00       0.00       2.11       0.29
      2700      36.27     -33.91       2.10       0.00       0.00       0.00       2.11       0.29
      3376      36.46     -33.29       2.37       0.00       0.00       0.00       2.11       0.29
      3828      36.61     -33.29       2.42       0.00       0.00       0.00       2.11       0.29
      6247      36.98     -33.39       2.49       0.00       0.00       0.00       2.09       0.29
      7488      37.00     -34.12       2.25       0.00       0.00       0.00       2.09       0.29
      8417      37.18     -33.22       2.63       0.00       0.00       0.00       2.11       0.29
      9577      37.29     -30.95       3.33       0.00       0.00       0.00       1.97       0.29
     10039      37.67     -33.82       2.50       0.00       0.00       0.00       1.96       0.29
     12265      38.65     -33.04       3.09       0.00       0.00       0.00       1.97       0.29
     12636      39.38     -32.76       3.14       0.00       0.00       0.00       1.54       0.29
     14671      39.72     -33.25       3.03       0.00       0.00       0.00       1.45       0.29
     17179      39.86     -33.25       3.08       0.00       0.00       0.00       1.45       0.29
     17350      40.56     -33.60       2.88       0.00       0.00       0.00       0.98       0.29
     18018      40.69     -33.78       2.86       0.00       0.00       0.00       0.98       0.29
     19946      40.78     -33.61       2.90       0.00       0.00       0.00       0.90       0.29
     21410      40.78     -33.66       2.88       0.00       0.00       0.00       0.90       0.29
     21642      40.82     -33.64       2.86       0.00       0.00       0.00       0.85       0.29
     25939      40.89     -34.84       2.85       0.00       0.00       0.00       1.40       0.29
     26607      40.92     -33.93       2.86       0.00       0.00       0.00       0.93       0.29
     28647      40.96     -33.86       2.86       0.00       0.00       0.00       0.87       0.29
     30938      40.98     -35.03       2.82       0.00       0.00       0.00       1.40       0.29
     31803      41.46     -35.41       2.89       0.00       0.00       0.00       1.45       0.29
     36547      41.61     -35.57       2.89       0.00       0.00       0.00       1.45       0.29
     44799      41.90     -35.63       2.89       0.00       0.00       0.00       1.34       0.29
     45875      41.93     -35.64       2.91       0.00       0.00       0.00       1.37       0.29
     47315      42.03     -35.91       2.87       0.00       0.00       0.00       1.39       0.29
     47514      42.05     -35.39       2.90       0.00       0.00       0.00       1.17       0.29
     48974      42.07     -35.46       2.89       0.00       0.00       0.00       1.17       0.29
--------------------------------------------------------------------------------
Best docking solution after GA:
     49000      42.07     -35.46       2.89       0.00       0.00       0.00       1.17       0.29

#ops:      49000 #mutates:  23377 #cross:    23096 #migrate:   2527 
#dups:     12129 #niche:    29279 #errors:    1509 
--------------------------------------------------------------------------------

Doing AMOEBA simplex on best individual
Done simplexing #iterations 833, best score  44.12

Ligand is stored in gold_soln_AV-procd_m3917_4.sdf


--------------------------------------------------------------------------------
--- CHEMPLP breakdown of terms                                               ---
--------------------------------------------------------------------------------
CHEMPLP = - ( 1.0000*S(PLP) + -3.0000*S(hbond) + -6.0000*S(metal) + -3.0000*S(cho) )

Score = CHEMPLP - 1.0000*DE(clash) - 2.0000*DE(tors)

Internal energy term has been corrected with the best internal energy encountered.

--------------------------------------------------------------------------------


     Score     S(PLP)   S(hbond)     S(cho)   S(metal)  DE(clash)   DE(tors)     intcor
     44.12     -37.26       2.86       0.00       0.00       0.00       1.01       0.29

--------------------------------------------------------------------------------
--- PLP analysis of protein-ligand interactions                              ---
--------------------------------------------------------------------------------
hydrogen bonding        :      -5.00
metal                   :       0.00
buried (polar-nonpolar) :      -4.02
nonpolar                :     -29.16
repulsive               :       0.26
--------------------------------------------------------------------------------


--------------------------------------------------------------------------------
--- ChemScore analysis of protein-ligand interactions                        ---
--------------------------------------------------------------------------------

* Hydrogen bonds                                                                
Ligand donor    5 hydrogen   29 Protein acceptor 10171 bond energy  1.00 wt 1.00
Ligand donor    6 hydrogen   30 Protein acceptor 7948 bond energy  1.00 wt 1.00
Ligand donor    9 hydrogen   31 Protein acceptor 7948 bond energy  1.00 wt 0.86


* CH..O interactions                                                            
  CH group selection                       : activated ring CH (adjacent to hetatom)

--------------------------------------------------------------------------------


--------------------------------------------------------------------------------
--- Intra-ligand clashes                                                     ---
--------------------------------------------------------------------------------

Ligand
--------------------------------------------------------------------------------

--------------------------------------------------------------------------------
--- Rescoring solution                                                       ---
--------------------------------------------------------------------------------

     Score         DG    S(hbond)    S(metal)    S(lipo)     H(rot)  DE(clash)    DE(int)
     17.10     -18.96       2.76        0.00      80.17       1.99       0.04       1.82

Doing AMOEBA simplex on best individual
Done simplexing #iterations 704, best score  18.42

     Score         DG    S(hbond)    S(metal)    S(lipo)     H(rot)  DE(clash)    DE(int)
     18.42     -19.95       2.93        0.00      83.52       1.99       0.09       1.44

--------------------------------------------------------------------------------
--- ChemScore breakdown of terms                                             ---
--------------------------------------------------------------------------------
DG = -5.4800 + -3.3400*S(hbond)
     + -6.0300*S(metal) + -0.1170*S(lipo) + 2.5600*H(rot)


H(rot) = 1.9926

Score = -(DG + DE(clash) + DE(int))


--------------------------------------------------------------------------------


--------------------------------------------------------------------------------
--- ChemScore analysis of protein-ligand interactions                        ---
--------------------------------------------------------------------------------

* Hydrogen bonds                                                                
Ligand donor    5 hydrogen   29 Protein acceptor 10171 bond energy  1.00 wt 1.00
Ligand donor    6 hydrogen   30 Protein acceptor 7948 bond energy  1.00 wt 1.00
Ligand donor    9 hydrogen   31 Protein acceptor 7948 bond energy  1.00 wt 0.94

CHEMSCORE EXTRA INTERACTIONS:

* Clashes                                                                       
Clash for ligand atom   5 (**** ):   0.02
Clash for ligand atom  14 (**** ):   0.03
Clash for ligand atom  18 (**** ):   0.04
--------------------------------------------------------------------------------


--------------------------------------------------------------------------------
--- Chromosome decoded                                                       ---
--------------------------------------------------------------------------------
Ligand Torsions
[   1    2    3    4]  -53.33
[   5    4    3    2]  140.19
[   2    3    6    7]  -58.55
[  29    5    4    3]  -44.36
[  20   10    9    7]  141.18    matched torsion: aromatic amide
[  18   14   13   12]   -3.19
Protein Torsions
[6907 6896 6895 6894] -102.31 
[7974 7965 7964 7962] -148.89 
[8008 7997 7996 7995]  -74.78 
[10167 10162 10161 10158]  173.11 
[10718 10713 10712 10709]  127.58 
[10763 10752 10751 10750]  147.89 
[11005 11000 10999 10996]  -94.87 
Mapping
Ligand acceptors to protein hydrogens (mapping then atom ids)
  3  18 [ 19->7998]
Ligand hydrogens to protein acceptors (mapping then atom ids)
  1  22 [ 29->10171]
  2   7 [ 30->7948]
  3   8 [ 31->7949]
Ligand shape atoms to protein points (mapping then atom ids & coords)
  1  1547 [  1->(142.500 134.750 153.000)]
  3  3416 [  3->(145.000 136.750 151.750)]
  4  3658 [  4->(145.250 135.500 151.250)]
  7  8515 [ 15->(151.750 142.250 158.500)]
  8  8516 [ 16->(151.750 142.250 158.750)]
  9  9435 [ 17->(152.750 143.000 160.250)]
 10  8560 [ 18->(151.750 143.500 157.750)]
 11  6804 [ 20->(149.500 139.000 154.250)]
Chromosome values
Integers:
  -1   -1   17   21    6    7 1546   -1 3415 3657   -1   -1 
8514 8515 9434 8559 6803 
--------------------------------------------------------------------------------

Current Ranking  3  2  4  1

Top  3 (of  4) solutions are within 1.500 RMSD, finishing docking /DATA2/COVID-19/PDBs_&_Models/AV-procd.sdf.


--------------------------------------------------------------------------------

* GA execution time :                                                           
  total  0.9669 user  0.9669 sys  0.0000

--------------------------------------------------------------------------------
Fitness function evaluations: 98948

--------------------------------------------------------------------------------
--- Ranking analysis                                                         ---
--------------------------------------------------------------------------------


* Final ranked order of GA solutions:                                           
   3  2  4  1 

  _______________________________
  RMSD Matrix of RANKED solutions

        2    3    4  

   1 :  0.6  1.3  3.8
   2 :       1.2  3.8
   3 :            3.6

  Clustering method                        : complete linkage
  Structure ids in cluster table           : rank nos.
  Ordering of clusters and their members   : by rank (order if from rms_analysis)

  Distance | Clusters
   0.61    |  1  2 |  3 |  4 |
   1.35    |  1  2  3 |  4 |
   3.81    |  1  2  3  4 |
  Finished Docking Ligand                  : /DATA2/COVID-19/PDBs_&_Models/AV-procd.sdf
--------------------------------------------------------------------------------

  Relative_Ligand_Energy (best encountered) :   0.286
  Relative_Ligand_Energy: fitness values have been corrected using this amount
