
--------------------------------------------------------------------------------
--- Ligand                                                                   ---
--------------------------------------------------------------------------------
  Ligand loaded from file                  : /DATA2/COVID-19/PDBs_&_Models/AV-procd.sdf
  Ligand name                              :  
  "AV-unprocessed.smi:2226                                                  "

--------------------------------------------------------------------------------
  N.plc donors                             : 
  none found

  Acidic nitrogen acceptors                : 
  none found
  Sulfur acceptors                         :
  none found


  Donor atoms                              :      3
  2   10  13  
  Acceptor atoms                           :      3
  12  15  18  

  Hydrogens                                :  (n = 3)
  40   34   35   

  Lone pairs added to molecule             :      5
  Numbering                                : from 41 to 45
  Choline groups                           : 
   2   

--------------------------------------------------------------------------------
--- Postprocessing of typing                                                 ---
--------------------------------------------------------------------------------
  Fragment file                            : /home/scv26/CCDC/Discovery_2020/GOLD/gold/rotatable_bond_override.mol2
  acylurea fragment                        : no matches
  thioacylthiourea fragment                : no matches
  acylthiourea fragment                    : no matches
  thioacylurea fragment                    : no matches
  diarylamine fragment >C.ar-NH-C.ar<      : no matches
  sec-amine (1) fragment                   : no matches
  sec-amine (2) fragment                   : no matches
  sec-amine (3) fragment                   : no matches
  carboxylic ester                         : no matches

* Rotatable bonds in /DATA2/COVID-19/PDBs  :
  [   9   10] [  13   14] 
  No. of rotatable bonds                   :      2


* Fragments found in /DATA2/COVID-19/PDBs  :


* Checking torsion distributions:                                               
  No. of matched torsions                  :      0

--------------------------------------------------------------------------------
--- Shape fitting atoms selection (hydrophobic atoms)                        ---
--------------------------------------------------------------------------------
  Molecule                                 : /DATA2/COVID-19/PDBs_&_Models/AV-procd.sdf
  Selection                                : carbons only
  Atom numbers                             :  (n = 11)
  1    3    4    5    6    7    8    9    16   17   
  19   


--------------------------------------------------------------------------------
--- ChemScore ligand setup summary                                           ---
--------------------------------------------------------------------------------
  ChemScore ligand acceptors               :      3
  12 15 18 
  ChemScore ligand donors                  :      3
  2 ( 40 [+]  ) 10 ( 34  ) 13 ( 35  ) 
  ChemScore ligand CH donors               :      2
  16 ( 36 ) 17 ( 37 ) 

  ChemScore ligand lipophilic atoms        :  (n = 11)
  1    3    4    5    6    7    8    9    16   17   
  19   

  ChemScore ligand rotatable bonds         :      2
  9   (****) - 10  (****): SP3_SP2_BOND
  13  (****) - 14  (****): SP2_SP2_BOND

--------------------------------------------------------------------------------
--- PLP ligand setup summary                                                 ---
--------------------------------------------------------------------------------
    1  ****   C.3 NONPOLAR
    2  ****   N.4 DONOR
    3  ****   C.3 NONPOLAR
    4  ****   C.3 NONPOLAR
    5  ****   C.3 NONPOLAR
    6  ****   C.3 NONPOLAR
    7  ****   C.3 NONPOLAR
    8  ****   C.3 NONPOLAR
    9  ****   C.3 NONPOLAR
   10  ****  N.am DONOR
   11  ****   C.2 NONPOLAR
   12  ****   O.2 ACCEPTOR
   13  ****  N.am DONOR
   14  ****   C.2 NONPOLAR
   15  ****   N.2 ACCEPTOR
   16  ****   C.2 NONPOLAR
   17  ****   C.2 NONPOLAR
   18  ****   O.3 ACCEPTOR
   19  ****   C.3 NONPOLAR


--------------------------------------------------------------------------------
--- Automatic parameter setting                                              ---
--------------------------------------------------------------------------------
  Contribution base                        :   2500
  Contribution per rotatable bond          :   6000
  Contribution per df                      :   4000
  Contribution per water                   :  10000
  Ligand rotatable bonds                   :      2
  Protein flexible side chain bonds        :      0
  Total rotatable bonds                    :      2
  Hydrophobic vol ratio (P/L)              :   2.097
  Base multiplier (polar)                  :   1.400
  Base multiplier (apolar)                 :   4.614
  Base contribution                        : 15000.000
  Fitting points                           :      7
  Estimated maxops needed (optimal)        :  27500

--------------------------------------------------------------------------------

* Population settings                                                           
  maxops                                   :  27500
  popsiz                                   :    100
  select_pressure                          :   1.100
  n_islands                                :      2
  niche_siz                                :      2

* GA settings                                                                   
  pt_crosswt                               :     95
  allele_mutatewt                          :     95
  migratewt                                :     10

* Search settings                                                               
  start_vdw_linear_cutoff                  :   4.000
  initial_virtual_pt_match_max             :   3.000

--------------------------------------------------------------------------------

* Ligand initialisation time :                                                  
  total  0.0071 user  0.0071 sys  0.0000

--------------------------------------------------------------------------------

--------------------------------------------------------------------------------
** Docking run number  1 **
--------------------------------------------------------------------------------
  Rank fitness base is 5000.00 ; increment is 11.2233

* Initialising population(s) ...                                                
Number of constraints mappings 0
Number of constraints 0
  Population no.                           :      1
  Population size                          :    100
  Number of duplicates                     :      0
  Number of niche violations               :      0
  Number of errors                         :   5534

Number of constraints mappings 0
Number of constraints 0
  Population no.                           :      2
  Population size                          :    100
  Number of duplicates                     :      0
  Number of niche violations               :      0
  Number of errors                         :   5326


Doing GA, no. of population(s) 2 size 100 selection pressure 1.100000

 Operation      Score     S(PLP)   S(hbond)     S(cho)   S(metal)  DE(clash)   DE(tors)     intcor
         0      22.93     -20.12       1.35       0.00       0.00       0.00       0.63       0.01
       272      27.05     -23.95       1.61       0.00       0.00       0.00       0.86       0.01
      1640      28.69     -23.59       1.98       0.00       0.00       0.15       0.35       0.01
      2073      28.88     -26.53       1.53       0.00       0.00       0.15       1.05       0.01
      2203      28.91     -26.57       1.53       0.00       0.00       0.15       1.05       0.01
      3124      28.98     -22.62       1.34       0.79       0.00       0.00       0.03       0.01
      3366      30.32     -21.36       2.00       1.00       0.00       0.00       0.02       0.01
      3816      32.22     -27.82       2.00       0.00       0.00       0.00       0.81       0.01
      4334      32.39     -27.90       2.00       0.00       0.00       0.00       0.76       0.01
      5819      32.82     -26.83       2.14       0.00       0.00       0.00       0.22       0.01
      6131      33.49     -28.99       2.00       0.00       0.00       0.00       0.76       0.01
      6589      33.99     -29.28       2.00       0.00       0.00       0.00       0.65       0.01
      9964      34.12     -28.88       2.00       0.00       0.00       0.00       0.38       0.01
     10965      34.15     -30.98       1.39       0.00       0.00       0.00       0.50       0.01
     11407      34.15     -28.90       2.00       0.00       0.00       0.00       0.38       0.01
     11761      34.18     -31.04       1.39       0.00       0.00       0.00       0.52       0.01
     14845      34.33     -31.70       1.22       0.00       0.00       0.00       0.52       0.01
     16193      35.40     -32.56       1.29       0.00       0.00       0.00       0.52       0.01
     16901      35.42     -32.52       1.30       0.00       0.00       0.00       0.50       0.01
     18617      35.45     -32.60       1.29       0.00       0.00       0.00       0.50       0.01
     18941      35.96     -28.38       2.74       0.00       0.00       0.00       0.31       0.01
     21001      36.10     -28.61       2.70       0.00       0.00       0.00       0.32       0.01
     21169      36.22     -28.61       2.77       0.00       0.00       0.00       0.35       0.01
     21447      36.25     -27.69       2.98       0.00       0.00       0.00       0.19       0.01
     21533      36.79     -28.82       2.90       0.00       0.00       0.00       0.36       0.01
     25547      36.80     -28.49       2.99       0.00       0.00       0.00       0.34       0.01
     27253      36.81     -28.60       2.96       0.00       0.00       0.00       0.34       0.01
--------------------------------------------------------------------------------
Best docking solution after GA:
     27500      36.81     -28.60       2.96       0.00       0.00       0.00       0.34       0.01

#ops:      27500 #mutates:  13042 #cross:    13091 #migrate:   1367 
#dups:      7923 #niche:    15280 #errors:    1581 
--------------------------------------------------------------------------------

Doing AMOEBA simplex on best individual
Done simplexing #iterations 591, best score  38.95

Ligand is stored in gold_soln_AV-procd_m9002_1.sdf


--------------------------------------------------------------------------------
--- CHEMPLP breakdown of terms                                               ---
--------------------------------------------------------------------------------
CHEMPLP = - ( 1.0000*S(PLP) + -3.0000*S(hbond) + -6.0000*S(metal) + -3.0000*S(cho) )

Score = CHEMPLP - 1.0000*DE(clash) - 2.0000*DE(tors)

Internal energy term has been corrected with the best internal energy encountered.

--------------------------------------------------------------------------------


     Score     S(PLP)   S(hbond)     S(cho)   S(metal)  DE(clash)   DE(tors)     intcor
     38.95     -30.66       3.00       0.00       0.00       0.00       0.36       0.01

--------------------------------------------------------------------------------
--- PLP analysis of protein-ligand interactions                              ---
--------------------------------------------------------------------------------
hydrogen bonding        :      -2.30
metal                   :       0.00
buried (polar-nonpolar) :      -6.49
nonpolar                :     -22.09
repulsive               :       0.13
--------------------------------------------------------------------------------


--------------------------------------------------------------------------------
--- ChemScore analysis of protein-ligand interactions                        ---
--------------------------------------------------------------------------------

* Hydrogen bonds                                                                
Ligand donor    2 hydrogen   40 Protein acceptor 10175 bond energy  1.00 wt 2.00
Ligand donor   10 hydrogen   34 Protein acceptor 8028 bond energy  1.00 wt 1.00


* CH..O interactions                                                            
  CH group selection                       : activated ring CH (adjacent to hetatom)

--------------------------------------------------------------------------------


--------------------------------------------------------------------------------
--- Intra-ligand clashes                                                     ---
--------------------------------------------------------------------------------

Ligand
--------------------------------------------------------------------------------

--------------------------------------------------------------------------------
--- Rescoring solution                                                       ---
--------------------------------------------------------------------------------

     Score         DG    S(hbond)    S(metal)    S(lipo)     H(rot)  DE(clash)    DE(int)
     12.79     -14.84       1.26        0.00      65.83       1.00       0.26       1.79

Doing AMOEBA simplex on best individual
Done simplexing #iterations 663, best score  15.02

     Score         DG    S(hbond)    S(metal)    S(lipo)     H(rot)  DE(clash)    DE(int)
     15.02     -17.78       2.14        0.00      65.93       1.00       0.97       1.79

--------------------------------------------------------------------------------
--- ChemScore breakdown of terms                                             ---
--------------------------------------------------------------------------------
DG = -5.4800 + -3.3400*S(hbond)
     + -6.0300*S(metal) + -0.1170*S(lipo) + 2.5600*H(rot)


H(rot) = 1.0000

Score = -(DG + DE(clash) + DE(int))


--------------------------------------------------------------------------------


--------------------------------------------------------------------------------
--- ChemScore analysis of protein-ligand interactions                        ---
--------------------------------------------------------------------------------

* Hydrogen bonds                                                                
Ligand donor    2 hydrogen   40 Protein acceptor 10175 bond energy  1.00 wt 0.83
Ligand donor   10 hydrogen   34 Protein acceptor 8028 bond energy  1.00 wt 0.94
Ligand donor   13 hydrogen   35 Protein acceptor 8028 bond energy  1.00 wt 0.37

CHEMSCORE EXTRA INTERACTIONS:

* Clashes                                                                       
Clash for ligand atom   1 (**** ):   0.02
Clash for ligand atom  11 (**** ):   0.01
Clash for ligand atom  16 (**** ):   0.94
--------------------------------------------------------------------------------


--------------------------------------------------------------------------------
--- Chromosome decoded                                                       ---
--------------------------------------------------------------------------------
Ligand Torsions
[  11   10    9    8] -140.83
[  18   14   13   11]   13.08
Protein Torsions
[6907 6896 6895 6894] -138.01 
[7974 7965 7964 7962]   58.03 
[8008 7997 7996 7995]  -21.41 
[10167 10162 10161 10158]  106.14 
[10718 10713 10712 10709]  118.11 
[10763 10752 10751 10750]   31.56 
[11005 11000 10999 10996]  101.76 
Mapping
Ligand acceptors to protein hydrogens (mapping then atom ids)
Ligand hydrogens to protein acceptors (mapping then atom ids)
  1  24 [ 40->10175]
Ligand shape atoms to protein points (mapping then atom ids & coords)
  6  5569 [  7->(147.000 141.000 154.000)]
  9  8871 [ 16->(152.000 144.000 160.250)]
 10  9659 [ 17->(153.250 142.500 161.750)]
 11  6046 [ 19->(147.750 141.500 155.000)]
Ligand N+ atoms to protein TRP (mapping then atom ids & coords)
Chromosome values
Integers:
  -1   -1   -1   23   -1   -1   -1   -1   -1   -1   -1   -1 
5568   -1   -1 8870 9658 6045 
--------------------------------------------------------------------------------

Current Ranking  1

--------------------------------------------------------------------------------

* GA execution time :                                                           
  total  0.5088 user  0.5088 sys  0.0000

--------------------------------------------------------------------------------
Fitness function evaluations: 57185

--------------------------------------------------------------------------------
** Docking run number  2 **
--------------------------------------------------------------------------------
  Rank fitness base is 5000.00 ; increment is 11.2233

* Initialising population(s) ...                                                
Number of constraints mappings 0
Number of constraints 0
  Population no.                           :      1
  Population size                          :    100
  Number of duplicates                     :      0
  Number of niche violations               :      0
  Number of errors                         :   5443

Number of constraints mappings 0
Number of constraints 0
  Population no.                           :      2
  Population size                          :    100
  Number of duplicates                     :      0
  Number of niche violations               :      0
  Number of errors                         :   5513


Doing GA, no. of population(s) 2 size 100 selection pressure 1.100000

 Operation      Score     S(PLP)   S(hbond)     S(cho)   S(metal)  DE(clash)   DE(tors)     intcor
         0      20.83     -11.09       3.93       0.00       0.00       0.00       1.03       0.01
       108      25.36     -14.99       3.93       0.00       0.00       0.00       0.71       0.01
       473      28.29     -24.19       1.45       0.00       0.00       0.00       0.12       0.01
      2110      29.11     -17.75       3.14       0.89       0.00       0.00       0.37       0.01
      3218      29.13     -19.24       3.00       0.46       0.00       0.00       0.25       0.01
      3316      29.60     -18.51       3.93       0.00       0.00       0.00       0.35       0.01
      3640      32.30     -23.07       2.32       1.00       0.00       0.00       0.37       0.01
      5429      35.75     -25.43       3.67       0.00       0.00       0.00       0.35       0.01
      5617      35.93     -25.84       3.67       0.00       0.00       0.00       0.46       0.01
      8541      35.95     -25.72       3.70       0.00       0.00       0.00       0.44       0.01
     10046      36.07     -25.56       3.79       0.00       0.00       0.00       0.42       0.01
     11178      36.07     -25.56       3.79       0.00       0.00       0.00       0.42       0.01
--------------------------------------------------------------------------------
Best docking solution after GA:
     27500      36.07     -25.56       3.79       0.00       0.00       0.00       0.42       0.01

#ops:      27500 #mutates:  13159 #cross:    12955 #migrate:   1386 
#dups:      6604 #niche:    14242 #errors:    1786 
--------------------------------------------------------------------------------

Doing AMOEBA simplex on best individual
Done simplexing #iterations 644, best score  38.26

Ligand is stored in gold_soln_AV-procd_m9002_2.sdf


--------------------------------------------------------------------------------
--- CHEMPLP breakdown of terms                                               ---
--------------------------------------------------------------------------------
CHEMPLP = - ( 1.0000*S(PLP) + -3.0000*S(hbond) + -6.0000*S(metal) + -3.0000*S(cho) )

Score = CHEMPLP - 1.0000*DE(clash) - 2.0000*DE(tors)

Internal energy term has been corrected with the best internal energy encountered.

--------------------------------------------------------------------------------


     Score     S(PLP)   S(hbond)     S(cho)   S(metal)  DE(clash)   DE(tors)     intcor
     38.26     -27.43       4.00       0.00       0.00       0.00       0.59       0.01

--------------------------------------------------------------------------------
--- PLP analysis of protein-ligand interactions                              ---
--------------------------------------------------------------------------------
hydrogen bonding        :      -3.00
metal                   :       0.00
buried (polar-nonpolar) :       1.62
nonpolar                :     -25.59
repulsive               :       0.19
--------------------------------------------------------------------------------


--------------------------------------------------------------------------------
--- ChemScore analysis of protein-ligand interactions                        ---
--------------------------------------------------------------------------------

* Hydrogen bonds                                                                
Ligand donor    2 hydrogen   40 Protein acceptor 10186 bond energy  1.00 wt 2.00
Ligand donor   10 hydrogen   34 Protein acceptor 10747 bond energy  1.00 wt 1.00
Ligand donor   13 hydrogen   35 Protein acceptor 10747 bond energy  1.00 wt 1.00


* CH..O interactions                                                            
  CH group selection                       : activated ring CH (adjacent to hetatom)

--------------------------------------------------------------------------------


--------------------------------------------------------------------------------
--- Intra-ligand clashes                                                     ---
--------------------------------------------------------------------------------

Ligand
--------------------------------------------------------------------------------

--------------------------------------------------------------------------------
--- Rescoring solution                                                       ---
--------------------------------------------------------------------------------

     Score         DG    S(hbond)    S(metal)    S(lipo)     H(rot)  DE(clash)    DE(int)
     13.94     -17.54       2.03        0.00      66.91       1.00       3.18       0.42

Doing AMOEBA simplex on best individual
Done simplexing #iterations 636, best score  16.80

     Score         DG    S(hbond)    S(metal)    S(lipo)     H(rot)  DE(clash)    DE(int)
     16.80     -17.97       2.22        0.00      65.33       1.00       0.73       0.44

--------------------------------------------------------------------------------
--- ChemScore breakdown of terms                                             ---
--------------------------------------------------------------------------------
DG = -5.4800 + -3.3400*S(hbond)
     + -6.0300*S(metal) + -0.1170*S(lipo) + 2.5600*H(rot)


H(rot) = 1.0000

Score = -(DG + DE(clash) + DE(int))


--------------------------------------------------------------------------------


--------------------------------------------------------------------------------
--- ChemScore analysis of protein-ligand interactions                        ---
--------------------------------------------------------------------------------

* Hydrogen bonds                                                                
Ligand donor    2 hydrogen   40 Protein acceptor 10186 bond energy  1.00 wt 0.97
Ligand donor   10 hydrogen   34 Protein acceptor 10747 bond energy  1.00 wt 0.95
Ligand donor   13 hydrogen   35 Protein acceptor 10747 bond energy  1.00 wt 0.30

CHEMSCORE EXTRA INTERACTIONS:

* Clashes                                                                       
Clash for ligand atom   1 (**** ):   0.20
Clash for ligand atom   3 (**** ):   0.38
Clash for ligand atom   4 (**** ):   0.10
Clash for ligand atom   8 (**** ):   0.05
Clash for ligand atom  19 (**** ):   0.01
--------------------------------------------------------------------------------


--------------------------------------------------------------------------------
--- Chromosome decoded                                                       ---
--------------------------------------------------------------------------------
Ligand Torsions
[  11   10    9    8]  -75.75
[  18   14   13   11]  136.61
Protein Torsions
[6907 6896 6895 6894]  -52.94 
[7974 7965 7964 7962]  -91.25 
[8008 7997 7996 7995]   35.84 
[10167 10162 10161 10158] -138.15 
[10718 10713 10712 10709]    3.63 
[10763 10752 10751 10750]  -41.81 
[11005 11000 10999 10996]   33.88 
Mapping
Ligand acceptors to protein hydrogens (mapping then atom ids)
Ligand hydrogens to protein acceptors (mapping then atom ids)
  3  40 [ 35->10747]
Ligand shape atoms to protein points (mapping then atom ids & coords)
  1  3073 [  1->(144.750 133.000 150.750)]
  4  2755 [  5->(144.250 135.500 151.500)]
  5  1755 [  6->(143.000 133.750 152.000)]
Ligand N+ atoms to protein TRP (mapping then atom ids & coords)
Chromosome values
Integers:
  -1   -1   -1   -1   -1   39   -1 3072   -1   -1 2754 1754 
  -1   -1   -1   -1   -1   -1 
--------------------------------------------------------------------------------

Current Ranking  1  2

--------------------------------------------------------------------------------

* GA execution time :                                                           
  total  0.4941 user  0.4941 sys  0.0000

--------------------------------------------------------------------------------
Fitness function evaluations: 56994

--------------------------------------------------------------------------------
** Docking run number  3 **
--------------------------------------------------------------------------------
  Rank fitness base is 5000.00 ; increment is 11.2233

* Initialising population(s) ...                                                
Number of constraints mappings 0
Number of constraints 0
  Population no.                           :      1
  Population size                          :    100
  Number of duplicates                     :      0
  Number of niche violations               :      0
  Number of errors                         :   5526

Number of constraints mappings 0
Number of constraints 0
  Population no.                           :      2
  Population size                          :    100
  Number of duplicates                     :      0
  Number of niche violations               :      0
  Number of errors                         :   5373


Doing GA, no. of population(s) 2 size 100 selection pressure 1.100000

 Operation      Score     S(PLP)   S(hbond)     S(cho)   S(metal)  DE(clash)   DE(tors)     intcor
         0      24.17     -22.51       0.51       0.26       0.00       0.00       0.32       0.01
        12      31.87     -23.83       2.90       0.00       0.00       0.00       0.33       0.01
       902      32.18     -24.12       2.90       0.00       0.00       0.00       0.32       0.01
      1562      32.19     -27.58       2.15       0.00       0.00       0.00       0.93       0.01
      2002      32.30     -24.09       2.90       0.00       0.00       0.00       0.25       0.01
      2008      35.47     -28.88       2.41       0.00       0.00       0.00       0.32       0.01
      4469      35.72     -28.72       2.50       0.00       0.00       0.00       0.25       0.01
      6210      35.77     -28.69       2.51       0.00       0.00       0.00       0.23       0.01
      8116      37.29     -30.17       2.53       0.00       0.00       0.00       0.23       0.01
      9903      37.79     -29.27       2.99       0.00       0.00       0.00       0.23       0.01
     10785      37.98     -29.74       2.90       0.00       0.00       0.00       0.23       0.01
     10891      38.13     -31.39       2.59       0.00       0.00       0.00       0.52       0.01
     11971      38.20     -30.03       2.90       0.00       0.00       0.00       0.27       0.01
     12481      38.29     -30.63       2.90       0.00       0.00       0.00       0.52       0.01
     13131      38.38     -30.79       2.90       0.00       0.00       0.00       0.55       0.01
     14213      39.09     -31.16       3.00       0.00       0.00       0.00       0.54       0.01
--------------------------------------------------------------------------------
Best docking solution after GA:
     27500      39.09     -31.16       3.00       0.00       0.00       0.00       0.54       0.01

#ops:      27500 #mutates:  13093 #cross:    13120 #migrate:   1287 
#dups:     10558 #niche:    14885 #errors:    1087 
--------------------------------------------------------------------------------

Doing AMOEBA simplex on best individual
Done simplexing #iterations 233, best score  39.52

Ligand is stored in gold_soln_AV-procd_m9002_3.sdf


--------------------------------------------------------------------------------
--- CHEMPLP breakdown of terms                                               ---
--------------------------------------------------------------------------------
CHEMPLP = - ( 1.0000*S(PLP) + -3.0000*S(hbond) + -6.0000*S(metal) + -3.0000*S(cho) )

Score = CHEMPLP - 1.0000*DE(clash) - 2.0000*DE(tors)

Internal energy term has been corrected with the best internal energy encountered.

--------------------------------------------------------------------------------


     Score     S(PLP)   S(hbond)     S(cho)   S(metal)  DE(clash)   DE(tors)     intcor
     39.52     -31.63       3.00       0.00       0.00       0.00       0.56       0.01

--------------------------------------------------------------------------------
--- PLP analysis of protein-ligand interactions                              ---
--------------------------------------------------------------------------------
hydrogen bonding        :      -2.41
metal                   :       0.00
buried (polar-nonpolar) :      -6.90
nonpolar                :     -23.77
repulsive               :       0.15
--------------------------------------------------------------------------------


--------------------------------------------------------------------------------
--- ChemScore analysis of protein-ligand interactions                        ---
--------------------------------------------------------------------------------

* Hydrogen bonds                                                                
Ligand donor    2 hydrogen   40 Protein acceptor 10175 bond energy  1.00 wt 2.00
Ligand donor   10 hydrogen   34 Protein acceptor 8028 bond energy  1.00 wt 1.00


* CH..O interactions                                                            
  CH group selection                       : activated ring CH (adjacent to hetatom)

--------------------------------------------------------------------------------


--------------------------------------------------------------------------------
--- Intra-ligand clashes                                                     ---
--------------------------------------------------------------------------------

Ligand
--------------------------------------------------------------------------------

--------------------------------------------------------------------------------
--- Rescoring solution                                                       ---
--------------------------------------------------------------------------------

     Score         DG    S(hbond)    S(metal)    S(lipo)     H(rot)  DE(clash)    DE(int)
     13.73     -14.27       1.23        0.00      61.96       1.00       0.00       0.54

Doing AMOEBA simplex on best individual
Done simplexing #iterations 690, best score  16.38

     Score         DG    S(hbond)    S(metal)    S(lipo)     H(rot)  DE(clash)    DE(int)
     16.38     -16.96       1.97        0.00      63.85       1.00       0.10       0.48

--------------------------------------------------------------------------------
--- ChemScore breakdown of terms                                             ---
--------------------------------------------------------------------------------
DG = -5.4800 + -3.3400*S(hbond)
     + -6.0300*S(metal) + -0.1170*S(lipo) + 2.5600*H(rot)


H(rot) = 1.0000

Score = -(DG + DE(clash) + DE(int))


--------------------------------------------------------------------------------


--------------------------------------------------------------------------------
--- ChemScore analysis of protein-ligand interactions                        ---
--------------------------------------------------------------------------------

* Hydrogen bonds                                                                
Ligand donor    2 hydrogen   40 Protein acceptor 10175 bond energy  1.00 wt 0.85
Ligand donor   10 hydrogen   34 Protein acceptor 8028 bond energy  1.00 wt 0.98
Ligand donor   13 hydrogen   35 Protein acceptor 8028 bond energy  1.00 wt 0.14

CHEMSCORE EXTRA INTERACTIONS:

* Clashes                                                                       
Clash for ligand atom   1 (**** ):   0.02
Clash for ligand atom   7 (**** ):   0.01
Clash for ligand atom  16 (**** ):   0.06
--------------------------------------------------------------------------------


--------------------------------------------------------------------------------
--- Chromosome decoded                                                       ---
--------------------------------------------------------------------------------
Ligand Torsions
[  11   10    9    8] -119.26
[  18   14   13   11]   59.12
Protein Torsions
[6907 6896 6895 6894]    8.89 
[7974 7965 7964 7962]  -94.61 
[8008 7997 7996 7995] -129.59 
[10167 10162 10161 10158]   45.98 
[10718 10713 10712 10709]   81.40 
[10763 10752 10751 10750]  111.21 
[11005 11000 10999 10996]  177.96 
Mapping
Ligand acceptors to protein hydrogens (mapping then atom ids)
Ligand hydrogens to protein acceptors (mapping then atom ids)
  1  24 [ 40->10175]
Ligand shape atoms to protein points (mapping then atom ids & coords)
  5  6141 [  6->(148.000 140.250 154.000)]
  6  5914 [  7->(147.500 141.000 154.000)]
  7  6270 [  8->(148.250 141.000 154.250)]
  8  6522 [  9->(148.750 141.250 155.250)]
 10  9391 [ 17->(152.750 142.000 159.750)]
Ligand N+ atoms to protein TRP (mapping then atom ids & coords)
Chromosome values
Integers:
  -1   -1   -1   23   -1   -1   -1   -1   -1   -1   -1 6140 
5913 6269 6521   -1 9390   -1 
--------------------------------------------------------------------------------

Current Ranking  3  1  2

--------------------------------------------------------------------------------

* GA execution time :                                                           
  total  0.5151 user  0.5151 sys  0.0000

--------------------------------------------------------------------------------
Fitness function evaluations: 56312

--------------------------------------------------------------------------------
** Docking run number  4 **
--------------------------------------------------------------------------------
  Rank fitness base is 5000.00 ; increment is 11.2233

* Initialising population(s) ...                                                
Number of constraints mappings 0
Number of constraints 0
  Population no.                           :      1
  Population size                          :    100
  Number of duplicates                     :      0
  Number of niche violations               :      0
  Number of errors                         :   5411

Number of constraints mappings 0
Number of constraints 0
  Population no.                           :      2
  Population size                          :    100
  Number of duplicates                     :      0
  Number of niche violations               :      0
  Number of errors                         :   5513


Doing GA, no. of population(s) 2 size 100 selection pressure 1.100000

 Operation      Score     S(PLP)   S(hbond)     S(cho)   S(metal)  DE(clash)   DE(tors)     intcor
         0      25.58     -20.75       1.19       0.67       0.00       0.04       0.35       0.01
        46      25.58     -20.75       1.19       0.67       0.00       0.04       0.35       0.01
       360      27.41     -22.45       1.52       0.80       0.00       0.04       0.97       0.01
      1067      29.17     -24.26       2.19       0.00       0.00       0.00       0.84       0.01
      2068      29.47     -21.12       3.17       0.12       0.00       0.00       0.77       0.01
      2581      31.48     -25.86       2.20       0.18       0.00       0.00       0.77       0.01
      2769      33.51     -24.95       2.90       0.46       0.00       0.00       0.77       0.01
      4593      33.55     -24.98       2.90       0.47       0.00       0.00       0.76       0.01
      5205      33.67     -25.05       2.90       0.47       0.00       0.00       0.74       0.01
      5769      35.32     -26.67       3.00       0.39       0.00       0.00       0.76       0.01
      6655      35.53     -26.80       3.00       0.40       0.00       0.00       0.74       0.01
      9540      35.75     -26.85       3.00       0.45       0.00       0.00       0.73       0.01
      9910      36.01     -26.97       3.00       0.46       0.00       0.00       0.67       0.01
     11187      36.03     -26.96       3.00       0.46       0.00       0.00       0.66       0.01
     11899      36.04     -26.96       3.00       0.45       0.00       0.00       0.65       0.01
     15206      36.63     -26.26       3.28       0.71       0.00       0.00       0.79       0.01
     17481      36.76     -26.29       3.29       0.72       0.00       0.00       0.78       0.01
     17874      36.79     -26.39       3.29       0.69       0.00       0.00       0.77       0.01
     18134      36.88     -26.42       3.30       0.69       0.00       0.00       0.76       0.01
     19141      36.93     -25.69       3.42       0.72       0.00       0.00       0.59       0.01
     19202      37.02     -25.84       3.41       0.72       0.00       0.00       0.61       0.01
     19276      37.43     -26.40       3.39       0.73       0.00       0.00       0.68       0.01
     22714      37.44     -26.44       3.39       0.73       0.00       0.00       0.69       0.01
     25374      37.46     -26.53       3.38       0.70       0.00       0.00       0.67       0.01
--------------------------------------------------------------------------------
Best docking solution after GA:
     27500      37.46     -26.53       3.38       0.70       0.00       0.00       0.67       0.01

#ops:      27500 #mutates:  13011 #cross:    13121 #migrate:   1368 
#dups:     10090 #niche:    14413 #errors:    1067 
--------------------------------------------------------------------------------

Doing AMOEBA simplex on best individual
Done simplexing #iterations 644, best score  38.74

Ligand is stored in gold_soln_AV-procd_m9002_4.sdf


--------------------------------------------------------------------------------
--- CHEMPLP breakdown of terms                                               ---
--------------------------------------------------------------------------------
CHEMPLP = - ( 1.0000*S(PLP) + -3.0000*S(hbond) + -6.0000*S(metal) + -3.0000*S(cho) )

Score = CHEMPLP - 1.0000*DE(clash) - 2.0000*DE(tors)

Internal energy term has been corrected with the best internal energy encountered.

--------------------------------------------------------------------------------


     Score     S(PLP)   S(hbond)     S(cho)   S(metal)  DE(clash)   DE(tors)     intcor
     38.74     -26.58       3.67       0.88       0.00       0.00       0.75       0.01

--------------------------------------------------------------------------------
--- PLP analysis of protein-ligand interactions                              ---
--------------------------------------------------------------------------------
hydrogen bonding        :      -3.00
metal                   :       0.00
buried (polar-nonpolar) :      -4.12
nonpolar                :     -21.59
repulsive               :       0.56
--------------------------------------------------------------------------------


--------------------------------------------------------------------------------
--- ChemScore analysis of protein-ligand interactions                        ---
--------------------------------------------------------------------------------

* Hydrogen bonds                                                                
Ligand donor    2 hydrogen   40 Protein acceptor 8028 bond energy  1.00 wt 2.00
Ligand donor   10 hydrogen   34 Protein acceptor 10175 bond energy  1.00 wt 0.82
Ligand donor   13 hydrogen   35 Protein acceptor 10171 bond energy  1.00 wt 0.86


* CH..O interactions                                                            
  CH group selection                       : activated ring CH (adjacent to hetatom)
Ligand carbon   16 hydrogen   36 Protein acceptor 10957 bond energy  1.00 wt 0.88

--------------------------------------------------------------------------------


--------------------------------------------------------------------------------
--- Intra-ligand clashes                                                     ---
--------------------------------------------------------------------------------

Ligand
--------------------------------------------------------------------------------

--------------------------------------------------------------------------------
--- Rescoring solution                                                       ---
--------------------------------------------------------------------------------

     Score         DG    S(hbond)    S(metal)    S(lipo)     H(rot)  DE(clash)    DE(int)
     13.87     -15.32       1.70        0.00      57.33       1.00       0.78       0.67

Doing AMOEBA simplex on best individual
Done simplexing #iterations 619, best score  16.05

     Score         DG    S(hbond)    S(metal)    S(lipo)     H(rot)  DE(clash)    DE(int)
     16.05     -17.84       2.42        0.00      58.51       1.00       1.16       0.63

--------------------------------------------------------------------------------
--- ChemScore breakdown of terms                                             ---
--------------------------------------------------------------------------------
DG = -5.4800 + -3.3400*S(hbond)
     + -6.0300*S(metal) + -0.1170*S(lipo) + 2.5600*H(rot)


H(rot) = 1.0000

Score = -(DG + DE(clash) + DE(int))


--------------------------------------------------------------------------------


--------------------------------------------------------------------------------
--- ChemScore analysis of protein-ligand interactions                        ---
--------------------------------------------------------------------------------

* Hydrogen bonds                                                                
Ligand donor    2 hydrogen   40 Protein acceptor 8028 bond energy  1.00 wt 0.72
Ligand donor   10 hydrogen   34 Protein acceptor 10175 bond energy  1.00 wt 0.85
Ligand donor   13 hydrogen   35 Protein acceptor 10171 bond energy  1.00 wt 0.85

CHEMSCORE EXTRA INTERACTIONS:

* Clashes                                                                       
Clash for ligand atom   3 (**** ):   0.02
Clash for ligand atom  17 (**** ):   0.02
Clash for ligand atom  19 (**** ):   1.12
--------------------------------------------------------------------------------


--------------------------------------------------------------------------------
--- Chromosome decoded                                                       ---
--------------------------------------------------------------------------------
Ligand Torsions
[  11   10    9    8] -104.64
[  18   14   13   11] -117.52
Protein Torsions
[6907 6896 6895 6894]   86.60 
[7974 7965 7964 7962]  -37.79 
[8008 7997 7996 7995]  140.65 
[10167 10162 10161 10158]  -28.23 
[10718 10713 10712 10709]   97.77 
[10763 10752 10751 10750]  -79.40 
[11005 11000 10999 10996]  138.75 
Mapping
Ligand acceptors to protein hydrogens (mapping then atom ids)
Ligand hydrogens to protein acceptors (mapping then atom ids)
  1  15 [ 40->8028]
Ligand shape atoms to protein points (mapping then atom ids & coords)
  3  6510 [  4->(148.750 140.750 154.500)]
  9  2499 [ 16->(144.000 133.500 151.750)]
 11  5779 [ 19->(147.250 141.250 154.250)]
Ligand N+ atoms to protein TRP (mapping then atom ids & coords)
Chromosome values
Integers:
  -1   -1   -1   14   -1   -1   -1   -1   -1 6509   -1   -1 
  -1   -1   -1 2498   -1 5778 
--------------------------------------------------------------------------------

Current Ranking  3  1  4  2

--------------------------------------------------------------------------------

* GA execution time :                                                           
  total  0.5298 user  0.5298 sys  0.0000

--------------------------------------------------------------------------------
Fitness function evaluations: 56980

--------------------------------------------------------------------------------
** Docking run number  5 **
--------------------------------------------------------------------------------
  Rank fitness base is 5000.00 ; increment is 11.2233

* Initialising population(s) ...                                                
Number of constraints mappings 0
Number of constraints 0
  Population no.                           :      1
  Population size                          :    100
  Number of duplicates                     :      0
  Number of niche violations               :      0
  Number of errors                         :   5562

Number of constraints mappings 0
Number of constraints 0
  Population no.                           :      2
  Population size                          :    100
  Number of duplicates                     :      0
  Number of niche violations               :      0
  Number of errors                         :   5492


Doing GA, no. of population(s) 2 size 100 selection pressure 1.100000

 Operation      Score     S(PLP)   S(hbond)     S(cho)   S(metal)  DE(clash)   DE(tors)     intcor
         0      25.42     -25.85       0.10       0.00       0.00       0.00       0.36       0.01
      1609      26.01     -26.24       0.13       0.00       0.00       0.00       0.31       0.01
      1681      27.37     -22.48       2.00       0.00       0.00       0.00       0.56       0.01
      2976      27.53     -20.36       2.57       0.00       0.00       0.00       0.27       0.01
      3437      27.81     -23.28       1.00       0.66       0.00       0.00       0.22       0.01
      3454      29.34     -20.29       3.22       0.00       0.00       0.00       0.30       0.01
      3869      31.13     -23.47       2.00       1.00       0.00       0.00       0.67       0.01
      3958      31.79     -22.69       2.70       0.70       0.00       0.00       0.56       0.01
      5604      32.34     -24.84       2.74       0.41       0.00       0.00       0.97       0.01
      6308      32.56     -25.50       2.54       0.39       0.00       0.00       0.86       0.01
      6475      32.66     -22.82       3.38       0.03       0.00       0.00       0.20       0.01
      6907      34.35     -25.12       2.70       0.84       0.00       0.00       0.71       0.01
      8623      34.60     -25.35       2.72       0.84       0.00       0.00       0.72       0.01
      9482      35.08     -26.48       2.72       0.72       0.00       0.00       0.86       0.01
      9747      35.21     -26.53       2.72       0.74       0.00       0.00       0.85       0.01
      9878      35.97     -25.90       3.61       0.01       0.00       0.00       0.40       0.01
     11984      36.25     -25.42       3.43       0.26       0.00       0.00       0.13       0.01
     14559      36.63     -25.66       3.42       0.31       0.00       0.00       0.10       0.01
     26494      36.70     -25.71       3.43       0.30       0.00       0.00       0.10       0.01
--------------------------------------------------------------------------------
Best docking solution after GA:
     27500      36.70     -25.71       3.43       0.30       0.00       0.00       0.10       0.01

#ops:      27500 #mutates:  13035 #cross:    13131 #migrate:   1334 
#dups:      6402 #niche:    15468 #errors:    1478 
--------------------------------------------------------------------------------

Doing AMOEBA simplex on best individual
Done simplexing #iterations 484, best score  38.66

Ligand is stored in gold_soln_AV-procd_m9002_5.sdf


--------------------------------------------------------------------------------
--- CHEMPLP breakdown of terms                                               ---
--------------------------------------------------------------------------------
CHEMPLP = - ( 1.0000*S(PLP) + -3.0000*S(hbond) + -6.0000*S(metal) + -3.0000*S(cho) )

Score = CHEMPLP - 1.0000*DE(clash) - 2.0000*DE(tors)

Internal energy term has been corrected with the best internal energy encountered.

--------------------------------------------------------------------------------


     Score     S(PLP)   S(hbond)     S(cho)   S(metal)  DE(clash)   DE(tors)     intcor
     38.66     -25.57       3.88       0.55       0.00       0.00       0.10       0.01

--------------------------------------------------------------------------------
--- PLP analysis of protein-ligand interactions                              ---
--------------------------------------------------------------------------------
hydrogen bonding        :      -3.00
metal                   :       0.00
buried (polar-nonpolar) :      -3.39
nonpolar                :     -21.99
repulsive               :       1.81
--------------------------------------------------------------------------------


--------------------------------------------------------------------------------
--- ChemScore analysis of protein-ligand interactions                        ---
--------------------------------------------------------------------------------

* Hydrogen bonds                                                                
Ligand donor    2 hydrogen   40 Protein acceptor 8028 bond energy  1.00 wt 2.00
Ligand donor   10 hydrogen   34 Protein acceptor 10175 bond energy  1.00 wt 0.88
Ligand donor   13 hydrogen   35 Protein acceptor 10171 bond energy  1.00 wt 1.00


* CH..O interactions                                                            
  CH group selection                       : activated ring CH (adjacent to hetatom)
Ligand carbon   16 hydrogen   36 Protein acceptor 10186 bond energy  1.00 wt 0.55

--------------------------------------------------------------------------------


--------------------------------------------------------------------------------
--- Intra-ligand clashes                                                     ---
--------------------------------------------------------------------------------

Ligand
--------------------------------------------------------------------------------

--------------------------------------------------------------------------------
--- Rescoring solution                                                       ---
--------------------------------------------------------------------------------

     Score         DG    S(hbond)    S(metal)    S(lipo)     H(rot)  DE(clash)    DE(int)
     12.05     -15.93       1.90        0.00      56.93       1.00       2.40       1.47

Doing AMOEBA simplex on best individual
Done simplexing #iterations 685, best score  14.24

     Score         DG    S(hbond)    S(metal)    S(lipo)     H(rot)  DE(clash)    DE(int)
     14.24     -17.24       2.27        0.00      57.58       1.00       1.53       1.47

--------------------------------------------------------------------------------
--- ChemScore breakdown of terms                                             ---
--------------------------------------------------------------------------------
DG = -5.4800 + -3.3400*S(hbond)
     + -6.0300*S(metal) + -0.1170*S(lipo) + 2.5600*H(rot)


H(rot) = 1.0000

Score = -(DG + DE(clash) + DE(int))


--------------------------------------------------------------------------------


--------------------------------------------------------------------------------
--- ChemScore analysis of protein-ligand interactions                        ---
--------------------------------------------------------------------------------

* Hydrogen bonds                                                                
Ligand donor    2 hydrogen   40 Protein acceptor 8028 bond energy  1.00 wt 0.54
Ligand donor   10 hydrogen   34 Protein acceptor 10175 bond energy  1.00 wt 0.81
Ligand donor   13 hydrogen   35 Protein acceptor 10171 bond energy  1.00 wt 0.92

CHEMSCORE EXTRA INTERACTIONS:

* Clashes                                                                       
Clash for ligand atom   1 (**** ):   0.04
Clash for ligand atom   3 (**** ):   0.02
Clash for ligand atom  12 (**** ):   0.16
Clash for ligand atom  15 (**** ):   0.16
Clash for ligand atom  16 (**** ):   0.02
Clash for ligand atom  19 (**** ):   1.12
--------------------------------------------------------------------------------


--------------------------------------------------------------------------------
--- Chromosome decoded                                                       ---
--------------------------------------------------------------------------------
Ligand Torsions
[  11   10    9    8] -116.68
[  18   14   13   11]  -20.64
Protein Torsions
[6907 6896 6895 6894]  132.69 
[7974 7965 7964 7962]  -94.17 
[8008 7997 7996 7995]  -47.05 
[10167 10162 10161 10158]  -39.44 
[10718 10713 10712 10709] -130.40 
[10763 10752 10751 10750]  -15.86 
[11005 11000 10999 10996]  -66.47 
Mapping
Ligand acceptors to protein hydrogens (mapping then atom ids)
Ligand hydrogens to protein acceptors (mapping then atom ids)
  1  15 [ 40->8028]
Ligand shape atoms to protein points (mapping then atom ids & coords)
  2  6052 [  3->(147.750 142.000 154.750)]
  3  6896 [  4->(149.750 141.500 156.500)]
  4  6650 [  5->(149.000 141.500 155.500)]
  9  2689 [ 16->(144.250 133.500 150.750)]
 10  3048 [ 17->(144.750 132.500 150.250)]
 11  5564 [ 19->(147.000 140.750 153.500)]
Ligand N+ atoms to protein TRP (mapping then atom ids & coords)
Chromosome values
Integers:
  -1   -1   -1   14   -1   -1   -1   -1 6051 6895 6649   -1 
  -1   -1   -1 2688 3047 5563 
--------------------------------------------------------------------------------

Current Ranking  3  1  4  5  2

--------------------------------------------------------------------------------

* GA execution time :                                                           
  total  0.5167 user  0.5167 sys  0.0000

--------------------------------------------------------------------------------
Fitness function evaluations: 57334

--------------------------------------------------------------------------------
** Docking run number  6 **
--------------------------------------------------------------------------------
  Rank fitness base is 5000.00 ; increment is 11.2233

* Initialising population(s) ...                                                
Number of constraints mappings 0
Number of constraints 0
  Population no.                           :      1
  Population size                          :    100
  Number of duplicates                     :      0
  Number of niche violations               :      0
  Number of errors                         :   5398

Number of constraints mappings 0
Number of constraints 0
  Population no.                           :      2
  Population size                          :    100
  Number of duplicates                     :      0
  Number of niche violations               :      0
  Number of errors                         :   5426


Doing GA, no. of population(s) 2 size 100 selection pressure 1.100000

 Operation      Score     S(PLP)   S(hbond)     S(cho)   S(metal)  DE(clash)   DE(tors)     intcor
         0      22.49     -17.36       2.20       0.00       0.00       0.78       0.35       0.01
       110      24.17     -21.81       1.00       0.00       0.00       0.00       0.32       0.01
       416      29.81     -23.35       2.39       0.00       0.00       0.00       0.36       0.01
       696      29.83     -23.61       2.23       0.00       0.00       0.00       0.23       0.01
      2710      30.60     -23.05       1.77       0.85       0.00       0.00       0.15       0.01
      2934      30.76     -23.10       1.77       0.86       0.00       0.00       0.12       0.01
      2938      30.91     -22.66       2.96       0.00       0.00       0.00       0.32       0.01
      3080      31.76     -24.42       1.80       0.73       0.00       0.00       0.12       0.01
      4450      32.15     -23.66       2.96       0.00       0.00       0.00       0.20       0.01
      6691      32.89     -25.01       1.86       0.89       0.00       0.00       0.18       0.01
      9072      33.52     -25.21       1.86       1.00       0.00       0.00       0.14       0.01
      9561      34.75     -25.29       2.27       1.00       0.00       0.00       0.18       0.01
     10967      35.05     -25.64       2.20       1.00       0.00       0.00       0.09       0.01
     11243      35.36     -25.74       2.30       1.00       0.00       0.00       0.14       0.01
     12959      35.37     -25.77       2.25       1.00       0.00       0.00       0.08       0.01
     13431      35.42     -25.83       2.25       1.00       0.00       0.00       0.09       0.01
     17009      35.46     -25.83       2.29       1.00       0.00       0.00       0.11       0.01
     17153      35.49     -25.83       2.29       1.00       0.00       0.00       0.10       0.01
     19544      36.33     -27.67       3.00       0.00       0.00       0.00       0.17       0.01
     20868      36.33     -27.65       3.00       0.00       0.00       0.00       0.16       0.01
     21909      36.34     -27.62       3.00       0.00       0.00       0.00       0.14       0.01
     21917      36.35     -27.64       3.00       0.00       0.00       0.00       0.15       0.01
     23604      36.36     -27.69       3.00       0.00       0.00       0.00       0.17       0.01
--------------------------------------------------------------------------------
Best docking solution after GA:
     27500      36.36     -27.69       3.00       0.00       0.00       0.00       0.17       0.01

#ops:      27500 #mutates:  13107 #cross:    13017 #migrate:   1376 
#dups:      8175 #niche:    14971 #errors:    1620 
--------------------------------------------------------------------------------

Doing AMOEBA simplex on best individual
Done simplexing #iterations 858, best score  39.64

Ligand is stored in gold_soln_AV-procd_m9002_6.sdf


--------------------------------------------------------------------------------
--- CHEMPLP breakdown of terms                                               ---
--------------------------------------------------------------------------------
CHEMPLP = - ( 1.0000*S(PLP) + -3.0000*S(hbond) + -6.0000*S(metal) + -3.0000*S(cho) )

Score = CHEMPLP - 1.0000*DE(clash) - 2.0000*DE(tors)

Internal energy term has been corrected with the best internal energy encountered.

--------------------------------------------------------------------------------


     Score     S(PLP)   S(hbond)     S(cho)   S(metal)  DE(clash)   DE(tors)     intcor
     39.64     -30.95       3.00       0.00       0.00       0.00       0.16       0.01

--------------------------------------------------------------------------------
--- PLP analysis of protein-ligand interactions                              ---
--------------------------------------------------------------------------------
hydrogen bonding        :      -2.00
metal                   :       0.00
buried (polar-nonpolar) :      -6.47
nonpolar                :     -22.53
repulsive               :       0.10
--------------------------------------------------------------------------------


--------------------------------------------------------------------------------
--- ChemScore analysis of protein-ligand interactions                        ---
--------------------------------------------------------------------------------

* Hydrogen bonds                                                                
Ligand donor    2 hydrogen   40 Protein acceptor 10175 bond energy  1.00 wt 2.00
Ligand donor   10 hydrogen   34 Protein acceptor 8028 bond energy  1.00 wt 1.00


* CH..O interactions                                                            
  CH group selection                       : activated ring CH (adjacent to hetatom)

--------------------------------------------------------------------------------


--------------------------------------------------------------------------------
--- Intra-ligand clashes                                                     ---
--------------------------------------------------------------------------------

Ligand
--------------------------------------------------------------------------------

--------------------------------------------------------------------------------
--- Rescoring solution                                                       ---
--------------------------------------------------------------------------------

     Score         DG    S(hbond)    S(metal)    S(lipo)     H(rot)  DE(clash)    DE(int)
     12.55     -14.18       1.26        0.00      60.37       1.00       0.00       1.62

Doing AMOEBA simplex on best individual
Done simplexing #iterations 738, best score  15.59

     Score         DG    S(hbond)    S(metal)    S(lipo)     H(rot)  DE(clash)    DE(int)
     15.59     -17.21       2.17        0.00      60.11       1.00       0.12       1.50

--------------------------------------------------------------------------------
--- ChemScore breakdown of terms                                             ---
--------------------------------------------------------------------------------
DG = -5.4800 + -3.3400*S(hbond)
     + -6.0300*S(metal) + -0.1170*S(lipo) + 2.5600*H(rot)


H(rot) = 1.0000

Score = -(DG + DE(clash) + DE(int))


--------------------------------------------------------------------------------


--------------------------------------------------------------------------------
--- ChemScore analysis of protein-ligand interactions                        ---
--------------------------------------------------------------------------------

* Hydrogen bonds                                                                
Ligand donor    2 hydrogen   40 Protein acceptor 10175 bond energy  1.00 wt 0.91
Ligand donor   10 hydrogen   34 Protein acceptor 8028 bond energy  1.00 wt 1.00
Ligand donor   13 hydrogen   35 Protein acceptor 8028 bond energy  1.00 wt 0.26

CHEMSCORE EXTRA INTERACTIONS:

* Clashes                                                                       
Clash for ligand atom   1 (**** ):   0.10
Clash for ligand atom   2 (**** ):   0.02
--------------------------------------------------------------------------------


--------------------------------------------------------------------------------
--- Chromosome decoded                                                       ---
--------------------------------------------------------------------------------
Ligand Torsions
[  11   10    9    8] -131.14
[  18   14   13   11]    7.20
Protein Torsions
[6907 6896 6895 6894] -121.72 
[7974 7965 7964 7962]  -79.67 
[8008 7997 7996 7995] -171.94 
[10167 10162 10161 10158]  -29.27 
[10718 10713 10712 10709]   48.06 
[10763 10752 10751 10750]   71.94 
[11005 11000 10999 10996] -123.68 
Mapping
Ligand acceptors to protein hydrogens (mapping then atom ids)
Ligand hydrogens to protein acceptors (mapping then atom ids)
  1  24 [ 40->10175]
Ligand shape atoms to protein points (mapping then atom ids & coords)
  7  6895 [  8->(149.750 141.500 156.250)]
 10  7981 [ 17->(151.250 141.500 158.500)]
Ligand N+ atoms to protein TRP (mapping then atom ids & coords)
Chromosome values
Integers:
  -1   -1   -1   23   -1   -1   -1   -1   -1   -1   -1   -1 
  -1 6894   -1   -1 7980   -1 
--------------------------------------------------------------------------------

Current Ranking  6  3  1  4  5  2

Top  3 (of  6) solutions are within 1.500 RMSD, finishing docking /DATA2/COVID-19/PDBs_&_Models/AV-procd.sdf.


--------------------------------------------------------------------------------

* GA execution time :                                                           
  total  0.5131 user  0.5131 sys  0.0000

--------------------------------------------------------------------------------
Fitness function evaluations: 57249

--------------------------------------------------------------------------------
--- Ranking analysis                                                         ---
--------------------------------------------------------------------------------


* Final ranked order of GA solutions:                                           
   6  3  1  4  5  2 

  _______________________________
  RMSD Matrix of RANKED solutions

        2    3    4    5    6  

   1 :  0.5  0.5  8.2  8.1 10.2
   2 :       0.6  8.3  8.2 10.3
   3 :            8.4  8.3 10.5
   4 :                 0.8  8.2
   5 :                      8.1

  Clustering method                        : complete linkage
  Structure ids in cluster table           : rank nos.
  Ordering of clusters and their members   : by rank (order if from rms_analysis)

  Distance | Clusters
   0.49    |  1  2 |  3 |  4 |  5 |  6 |
   0.64    |  1  2  3 |  4 |  5 |  6 |
   0.78    |  1  2  3 |  4  5 |  6 |
   8.24    |  1  2  3 |  4  5  6 |
  10.49    |  1  2  3  4  5  6 |
  Finished Docking Ligand                  : /DATA2/COVID-19/PDBs_&_Models/AV-procd.sdf
--------------------------------------------------------------------------------

  Relative_Ligand_Energy (best encountered) :   0.007
  Relative_Ligand_Energy: fitness values have been corrected using this amount
