
--------------------------------------------------------------------------------
--- Ligand                                                                   ---
--------------------------------------------------------------------------------
  Ligand loaded from file                  : /DATA2/COVID-19/PDBs_&_Models/AV-procd.sdf
  Ligand name                              :  
  "AV-unprocessed.smi:2738                                                  "

--------------------------------------------------------------------------------
  N.plc donors                             : 
  none found

  Acidic nitrogen acceptors                : 
  none found
  Sulfur acceptors                         :
  none found


  Donor atoms                              :      1
  10  
  Acceptor atoms                           :      2
  5   10  

  Hydrogens                                :  (n = 1)
  28   

  Lone pairs added to molecule             :      4
  Numbering                                : from 33 to 36
  Choline groups                           : 
   

--------------------------------------------------------------------------------
--- Postprocessing of typing                                                 ---
--------------------------------------------------------------------------------
  Fragment file                            : /home/scv26/CCDC/Discovery_2020/GOLD/gold/rotatable_bond_override.mol2
  acylurea fragment                        : no matches
  thioacylthiourea fragment                : no matches
  acylthiourea fragment                    : no matches
  thioacylurea fragment                    : no matches
  diarylamine fragment >C.ar-NH-C.ar<      : no matches
  sec-amine (1) fragment                   : no matches
  sec-amine (2) fragment                   : no matches
  sec-amine (3) fragment                   : no matches
  carboxylic ester                         : no matches

* Rotatable bonds in /DATA2/COVID-19/PDBs  :
  [   2    3] [   6    7] [   7    8] [   8   10] 
  No. of rotatable bonds                   :      4


* Fragments found in /DATA2/COVID-19/PDBs  :
  atom  11: benzene
  atom  12: benzene
  atom  13: benzene
  atom  14: benzene
  atom  15: benzene
  atom  16: benzene


* Checking torsion distributions:                                               
  No. of matched torsions                  :      0

--------------------------------------------------------------------------------
--- Shape fitting atoms selection (hydrophobic atoms)                        ---
--------------------------------------------------------------------------------
  Molecule                                 : /DATA2/COVID-19/PDBs_&_Models/AV-procd.sdf
  Selection                                : carbons only
  Atom numbers                             :  (n = 9)
  1    2    7    8    9    12   13   14   15   


--------------------------------------------------------------------------------
--- ChemScore ligand setup summary                                           ---
--------------------------------------------------------------------------------
  ChemScore ligand acceptors               :      2
  5 10 
  ChemScore ligand donors                  :      1
  10 ( 28  ) 
  ChemScore ligand CH donors               :      0
  

  ChemScore ligand lipophilic atoms        :  (n = 11)
  1    2    7    8    9    11   12   13   14   15   
  16   

  ChemScore ligand rotatable bonds         :      4
  2   (****) - 3   (****): SP3_SP2_BOND
  6   (****) - 7   (****): SP3_SP2_BOND
  7   (****) - 8   (****): SP3_SP3_BOND
  8   (****) - 10  (****): SP3_SP3_BOND

--------------------------------------------------------------------------------
--- PLP ligand setup summary                                                 ---
--------------------------------------------------------------------------------
    1  ****   C.3 NONPOLAR
    2  ****   C.3 NONPOLAR
    3  ****  N.am NONPOLAR
    4  ****   C.2 NONPOLAR
    5  ****   O.2 ACCEPTOR
    6  ****  N.am NONPOLAR
    7  ****   C.3 NONPOLAR
    8  ****   C.3 NONPOLAR
    9  ****   C.3 NONPOLAR
   10  ****   O.3 DONACC
   11  ****  C.ar NONPOLAR
   12  ****  C.ar NONPOLAR
   13  ****  C.ar NONPOLAR
   14  ****  C.ar NONPOLAR
   15  ****  C.ar NONPOLAR
   16  ****  C.ar NONPOLAR


--------------------------------------------------------------------------------
--- Automatic parameter setting                                              ---
--------------------------------------------------------------------------------
  Contribution base                        :   2500
  Contribution per rotatable bond          :   6000
  Contribution per df                      :   4000
  Contribution per water                   :  10000
  Ligand rotatable bonds                   :      4
  Protein flexible side chain bonds        :      0
  Total rotatable bonds                    :      4
  Hydrophobic vol ratio (P/L)              :   2.563
  Base multiplier (polar)                  :   0.600
  Base multiplier (apolar)                 :   4.614
  Base contribution                        : 12500.000
  Fitting points                           :      3
  Estimated maxops needed (optimal)        :  37000

--------------------------------------------------------------------------------

* Population settings                                                           
  maxops                                   :  37000
  popsiz                                   :    100
  select_pressure                          :   1.100
  n_islands                                :      3
  niche_siz                                :      2

* GA settings                                                                   
  pt_crosswt                               :     95
  allele_mutatewt                          :     95
  migratewt                                :     10

* Search settings                                                               
  start_vdw_linear_cutoff                  :   4.000
  initial_virtual_pt_match_max             :   3.000

--------------------------------------------------------------------------------

* Ligand initialisation time :                                                  
  total  0.0043 user  0.0043 sys  0.0000

--------------------------------------------------------------------------------

--------------------------------------------------------------------------------
** Docking run number  1 **
--------------------------------------------------------------------------------
  Rank fitness base is 5000.00 ; increment is 11.2233

* Initialising population(s) ...                                                
Number of constraints mappings 0
Number of constraints 0
  Population no.                           :      1
  Population size                          :    100
  Number of duplicates                     :      0
  Number of niche violations               :      0
  Number of errors                         :   8191

Number of constraints mappings 0
Number of constraints 0
  Population no.                           :      2
  Population size                          :    100
  Number of duplicates                     :      0
  Number of niche violations               :      0
  Number of errors                         :   8077

Number of constraints mappings 0
Number of constraints 0
  Population no.                           :      3
  Population size                          :    100
  Number of duplicates                     :      0
  Number of niche violations               :      0
  Number of errors                         :   8392


Doing GA, no. of population(s) 3 size 100 selection pressure 1.100000

 Operation      Score     S(PLP)   S(hbond)     S(cho)   S(metal)  DE(clash)   DE(tors)     intcor
         0      25.88     -26.41       0.10       0.00       0.00       0.00       0.44       0.03
       741      30.93     -28.63       1.00       0.00       0.00       0.00       0.36       0.03
      2009      32.67     -31.41       0.70       0.00       0.00       0.00       0.44       0.03
      2063      33.06     -32.27       0.34       0.00       0.00       0.00       0.13       0.03
      2453      33.31     -33.67       0.00       0.00       0.00       0.00       0.19       0.03
      3302      34.56     -34.76       0.05       0.00       0.00       0.00       0.19       0.02
      3443      35.62     -34.76       0.41       0.00       0.00       0.00       0.19       0.02
      3713      35.94     -36.00       0.10       0.00       0.00       0.00       0.19       0.02
      4277      36.42     -35.72       0.30       0.00       0.00       0.00       0.11       0.02
      4469      36.60     -36.00       0.32       0.00       0.00       0.00       0.19       0.02
      5035      37.84     -36.86       0.82       0.00       0.00       0.00       0.74       0.02
      5127      38.69     -35.28       1.35       0.00       0.00       0.00       0.33       0.02
      5813      39.28     -38.42       0.49       0.00       0.00       0.00       0.32       0.02
      6080      39.46     -37.19       0.96       0.00       0.00       0.00       0.32       0.02
      6095      39.65     -37.64       0.90       0.00       0.00       0.00       0.35       0.02
      6110      41.79     -39.83       0.86       0.00       0.00       0.00       0.32       0.02
      7577      41.99     -39.83       0.93       0.00       0.00       0.00       0.32       0.02
      7760      42.33     -39.77       1.00       0.00       0.00       0.00       0.23       0.02
      8610      42.35     -39.88       1.00       0.00       0.00       0.00       0.28       0.02
      9737      42.35     -39.83       1.00       0.00       0.00       0.00       0.25       0.02
     10366      42.36     -39.78       1.00       0.00       0.00       0.00       0.22       0.02
     10737      42.36     -39.88       1.00       0.00       0.00       0.00       0.27       0.02
     11093      42.37     -39.84       1.00       0.00       0.00       0.00       0.24       0.02
     12678      42.37     -39.78       1.00       0.00       0.00       0.00       0.22       0.02
     12734      42.44     -37.68       2.00       0.00       0.00       0.00       0.63       0.02
     13460      43.12     -38.11       2.00       0.00       0.00       0.00       0.51       0.02
     15593      43.42     -38.41       2.00       0.00       0.00       0.00       0.51       0.02
     18108      43.45     -38.58       2.00       0.00       0.00       0.24       0.46       0.02
     18360      44.08     -38.85       2.00       0.00       0.00       0.00       0.40       0.02
     28612      44.18     -38.95       2.00       0.00       0.00       0.00       0.40       0.02
     29402      44.18     -38.90       2.00       0.00       0.00       0.00       0.37       0.02
     33556      44.30     -39.02       2.00       0.00       0.00       0.00       0.37       0.02
     35098      44.33     -39.05       2.00       0.00       0.00       0.00       0.37       0.02
     35810      44.34     -39.13       1.99       0.00       0.00       0.00       0.40       0.02
--------------------------------------------------------------------------------
Best docking solution after GA:
     37000      44.34     -39.13       1.99       0.00       0.00       0.00       0.40       0.02

#ops:      37000 #mutates:  17646 #cross:    17537 #migrate:   1817 
#dups:     12200 #niche:    27747 #errors:     581 
--------------------------------------------------------------------------------

Doing AMOEBA simplex on best individual
Done simplexing #iterations 278, best score  45.01

Ligand is stored in gold_soln_AV-procd_m10549_1.sdf


--------------------------------------------------------------------------------
--- CHEMPLP breakdown of terms                                               ---
--------------------------------------------------------------------------------
CHEMPLP = - ( 1.0000*S(PLP) + -3.0000*S(hbond) + -6.0000*S(metal) + -3.0000*S(cho) )

Score = CHEMPLP - 1.0000*DE(clash) - 2.0000*DE(tors)

Internal energy term has been corrected with the best internal energy encountered.

--------------------------------------------------------------------------------


     Score     S(PLP)   S(hbond)     S(cho)   S(metal)  DE(clash)   DE(tors)     intcor
     45.01     -39.55       2.00       0.00       0.00       0.00       0.28       0.02

--------------------------------------------------------------------------------
--- PLP analysis of protein-ligand interactions                              ---
--------------------------------------------------------------------------------
hydrogen bonding        :      -2.00
metal                   :       0.00
buried (polar-nonpolar) :      -4.53
nonpolar                :     -32.94
repulsive               :       0.00
--------------------------------------------------------------------------------


--------------------------------------------------------------------------------
--- ChemScore analysis of protein-ligand interactions                        ---
--------------------------------------------------------------------------------

* Hydrogen bonds                                                                
Protein donor 7989 hydrogen 7998 Ligand acceptor   10 bond energy  1.00 wt 1.00
Protein donor 7997 hydrogen 8008 Ligand acceptor    5 bond energy  1.00 wt 1.00


* CH..O interactions                                                            
  CH group selection                       : activated ring CH (adjacent to hetatom)

--------------------------------------------------------------------------------


--------------------------------------------------------------------------------
--- Intra-ligand clashes                                                     ---
--------------------------------------------------------------------------------

Ligand
--------------------------------------------------------------------------------

--------------------------------------------------------------------------------
--- Rescoring solution                                                       ---
--------------------------------------------------------------------------------

     Score         DG    S(hbond)    S(metal)    S(lipo)     H(rot)  DE(clash)    DE(int)
     12.91     -14.69       0.75        0.00      96.81       1.81       0.01       1.77

Doing AMOEBA simplex on best individual
Done simplexing #iterations 795, best score  16.18

     Score         DG    S(hbond)    S(metal)    S(lipo)     H(rot)  DE(clash)    DE(int)
     16.18     -18.07       1.70        0.00      98.83       1.81       0.17       1.72

--------------------------------------------------------------------------------
--- ChemScore breakdown of terms                                             ---
--------------------------------------------------------------------------------
DG = -5.4800 + -3.3400*S(hbond)
     + -6.0300*S(metal) + -0.1170*S(lipo) + 2.5600*H(rot)


H(rot) = 1.8109

Score = -(DG + DE(clash) + DE(int))


--------------------------------------------------------------------------------


--------------------------------------------------------------------------------
--- ChemScore analysis of protein-ligand interactions                        ---
--------------------------------------------------------------------------------

* Hydrogen bonds                                                                
Protein donor 7989 hydrogen 7998 Ligand acceptor   10 bond energy  1.00 wt 0.83
Protein donor 7997 hydrogen 8008 Ligand acceptor    5 bond energy  1.00 wt 0.86

CHEMSCORE EXTRA INTERACTIONS:

* Clashes                                                                       
Clash for ligand atom   2 (**** ):   0.17
Clash for ligand atom  10 (**** ):   0.01
--------------------------------------------------------------------------------


--------------------------------------------------------------------------------
--- Chromosome decoded                                                       ---
--------------------------------------------------------------------------------
Ligand Torsions
[   1    2    3   16]  120.27
[   8    7    6    4]  -57.52
[   9    8    7    6]   84.43
[  28   10    8    7]   13.06
Protein Torsions
[6907 6896 6895 6894]   31.06 
[7974 7965 7964 7962]   76.10 
[8008 7997 7996 7995]  -90.99 
[10167 10162 10161 10158]  147.76 
[10718 10713 10712 10709]  -55.72 
[10763 10752 10751 10750]  177.23 
[11005 11000 10999 10996] -171.13 
Mapping
Ligand acceptors to protein hydrogens (mapping then atom ids)
  1  19 [  5->8008]
  2  18 [ 10->7998]
Ligand hydrogens to protein acceptors (mapping then atom ids)
Ligand shape atoms to protein points (mapping then atom ids & coords)
  1  9807 [  1->(154.500 140.000 160.750)]
  2  9719 [  2->(153.500 142.500 160.750)]
  3  7302 [  7->(150.500 141.750 158.000)]
  6  7422 [ 12->(150.500 145.250 158.750)]
  7  7351 [ 13->(150.500 143.500 159.500)]
  8  8428 [ 14->(151.500 145.750 160.000)]
  9  9420 [ 15->(152.750 142.750 160.250)]
Chromosome values
Integers:
  18   17   -1 9806 9718 7301   -1   -1 7421 7350 8427 9419 
--------------------------------------------------------------------------------

Current Ranking  1

--------------------------------------------------------------------------------

* GA execution time :                                                           
  total  0.6832 user  0.6832 sys  0.0000

--------------------------------------------------------------------------------
Fitness function evaluations: 86881

--------------------------------------------------------------------------------
** Docking run number  2 **
--------------------------------------------------------------------------------
  Rank fitness base is 5000.00 ; increment is 11.2233

* Initialising population(s) ...                                                
Number of constraints mappings 0
Number of constraints 0
  Population no.                           :      1
  Population size                          :    100
  Number of duplicates                     :      0
  Number of niche violations               :      0
  Number of errors                         :   8171

Number of constraints mappings 0
Number of constraints 0
  Population no.                           :      2
  Population size                          :    100
  Number of duplicates                     :      0
  Number of niche violations               :      0
  Number of errors                         :   8334

Number of constraints mappings 0
Number of constraints 0
  Population no.                           :      3
  Population size                          :    100
  Number of duplicates                     :      0
  Number of niche violations               :      0
  Number of errors                         :   8023


Doing GA, no. of population(s) 3 size 100 selection pressure 1.100000

 Operation      Score     S(PLP)   S(hbond)     S(cho)   S(metal)  DE(clash)   DE(tors)     intcor
         0      30.05     -27.46       1.00       0.00       0.00       0.00       0.22       0.02
      1930      34.24     -33.09       1.00       0.00       0.00       0.13       0.87       0.02
      3262      34.83     -33.68       1.00       0.00       0.00       0.13       0.87       0.02
      6986      35.49     -34.20       1.00       0.00       0.00       0.13       0.80       0.02
      7025      35.67     -34.24       1.00       0.00       0.00       0.00       0.80       0.02
      8354      37.32     -34.17       2.00       0.00       0.00       0.79       1.04       0.02
     12088      37.41     -34.20       2.00       0.00       0.00       0.79       1.01       0.02
     12855      39.53     -35.33       2.00       0.00       0.00       0.00       0.91       0.02
     15001      39.84     -37.87       1.53       0.00       0.00       0.79       0.93       0.02
     15298      40.18     -38.04       1.59       0.00       0.00       0.79       0.93       0.02
     16589      42.37     -39.32       1.87       0.00       0.00       0.79       0.90       0.02
     19955      42.38     -39.62       1.87       0.00       0.00       0.79       1.05       0.02
     21755      42.45     -38.95       1.87       0.00       0.00       0.79       0.68       0.02
     22471      43.19     -40.28       1.87       0.00       0.00       0.79       0.97       0.02
     27340      43.67     -39.72       1.97       0.00       0.00       0.00       0.99       0.02
     31340      44.17     -40.32       1.93       0.00       0.00       0.00       0.99       0.02
     34996      44.22     -40.37       1.93       0.00       0.00       0.00       0.99       0.02
     35263      44.54     -40.27       1.94       0.00       0.00       0.00       0.78       0.02
--------------------------------------------------------------------------------
Best docking solution after GA:
     37000      44.54     -40.27       1.94       0.00       0.00       0.00       0.78       0.02

#ops:      37000 #mutates:  17508 #cross:    17636 #migrate:   1856 
#dups:      9139 #niche:    20547 #errors:    1777 
--------------------------------------------------------------------------------

Doing AMOEBA simplex on best individual
Done simplexing #iterations 578, best score  45.59

Ligand is stored in gold_soln_AV-procd_m10549_2.sdf


--------------------------------------------------------------------------------
--- CHEMPLP breakdown of terms                                               ---
--------------------------------------------------------------------------------
CHEMPLP = - ( 1.0000*S(PLP) + -3.0000*S(hbond) + -6.0000*S(metal) + -3.0000*S(cho) )

Score = CHEMPLP - 1.0000*DE(clash) - 2.0000*DE(tors)

Internal energy term has been corrected with the best internal energy encountered.

--------------------------------------------------------------------------------


     Score     S(PLP)   S(hbond)     S(cho)   S(metal)  DE(clash)   DE(tors)     intcor
     45.59     -41.28       1.93       0.00       0.00       0.00       0.75       0.02

--------------------------------------------------------------------------------
--- PLP analysis of protein-ligand interactions                              ---
--------------------------------------------------------------------------------
hydrogen bonding        :      -2.00
metal                   :       0.00
buried (polar-nonpolar) :      -5.72
nonpolar                :     -33.92
repulsive               :       0.00
--------------------------------------------------------------------------------


--------------------------------------------------------------------------------
--- ChemScore analysis of protein-ligand interactions                        ---
--------------------------------------------------------------------------------

* Hydrogen bonds                                                                
Protein donor 7989 hydrogen 7998 Ligand acceptor   10 bond energy  1.00 wt 0.93
Protein donor 7997 hydrogen 8009 Ligand acceptor    5 bond energy  1.00 wt 1.00


* CH..O interactions                                                            
  CH group selection                       : activated ring CH (adjacent to hetatom)

--------------------------------------------------------------------------------


--------------------------------------------------------------------------------
--- Intra-ligand clashes                                                     ---
--------------------------------------------------------------------------------

Ligand
--------------------------------------------------------------------------------

--------------------------------------------------------------------------------
--- Rescoring solution                                                       ---
--------------------------------------------------------------------------------

     Score         DG    S(hbond)    S(metal)    S(lipo)     H(rot)  DE(clash)    DE(int)
     13.90     -16.09       0.91        0.00     104.38       1.81       0.00       2.19

Doing AMOEBA simplex on best individual
Done simplexing #iterations 607, best score  16.75

     Score         DG    S(hbond)    S(metal)    S(lipo)     H(rot)  DE(clash)    DE(int)
     16.75     -18.84       1.82        0.00     101.82       1.81       0.11       1.98

--------------------------------------------------------------------------------
--- ChemScore breakdown of terms                                             ---
--------------------------------------------------------------------------------
DG = -5.4800 + -3.3400*S(hbond)
     + -6.0300*S(metal) + -0.1170*S(lipo) + 2.5600*H(rot)


H(rot) = 1.8109

Score = -(DG + DE(clash) + DE(int))


--------------------------------------------------------------------------------


--------------------------------------------------------------------------------
--- ChemScore analysis of protein-ligand interactions                        ---
--------------------------------------------------------------------------------

* Hydrogen bonds                                                                
Protein donor 7989 hydrogen 7998 Ligand acceptor   10 bond energy  1.00 wt 0.90
Protein donor 7997 hydrogen 8009 Ligand acceptor    5 bond energy  1.00 wt 0.92

CHEMSCORE EXTRA INTERACTIONS:

* Clashes                                                                       
Clash for ligand atom   1 (**** ):   0.11
--------------------------------------------------------------------------------


--------------------------------------------------------------------------------
--- Chromosome decoded                                                       ---
--------------------------------------------------------------------------------
Ligand Torsions
[   1    2    3   16] -109.60
[   8    7    6    4]   30.54
[   9    8    7    6]  154.60
[  28   10    8    7]  158.72
Protein Torsions
[6907 6896 6895 6894]  157.62 
[7974 7965 7964 7962]   42.62 
[8008 7997 7996 7995]  173.38 
[10167 10162 10161 10158]  -62.59 
[10718 10713 10712 10709]  -25.23 
[10763 10752 10751 10750] -164.63 
[11005 11000 10999 10996] -124.25 
Mapping
Ligand acceptors to protein hydrogens (mapping then atom ids)
  1  20 [  5->8009]
Ligand hydrogens to protein acceptors (mapping then atom ids)
Ligand shape atoms to protein points (mapping then atom ids & coords)
  1  9740 [  1->(153.750 141.750 160.500)]
  2  9725 [  2->(153.750 140.750 160.500)]
  5  6637 [  9->(149.000 141.000 154.750)]
  6  8653 [ 12->(151.750 144.750 159.000)]
  7  7420 [ 13->(150.500 145.000 160.750)]
  8  9140 [ 14->(152.250 144.250 159.500)]
  9  9411 [ 15->(152.750 142.500 160.750)]
Chromosome values
Integers:
  19   -1   -1 9739 9724   -1   -1 6636 8652 7419 9139 9410 
--------------------------------------------------------------------------------

Current Ranking  2  1

--------------------------------------------------------------------------------

* GA execution time :                                                           
  total  0.6212 user  0.6212 sys  0.0000

--------------------------------------------------------------------------------
Fitness function evaluations: 87103

--------------------------------------------------------------------------------
** Docking run number  3 **
--------------------------------------------------------------------------------
  Rank fitness base is 5000.00 ; increment is 11.2233

* Initialising population(s) ...                                                
Number of constraints mappings 0
Number of constraints 0
  Population no.                           :      1
  Population size                          :    100
  Number of duplicates                     :      0
  Number of niche violations               :      0
  Number of errors                         :   7724

Number of constraints mappings 0
Number of constraints 0
  Population no.                           :      2
  Population size                          :    100
  Number of duplicates                     :      0
  Number of niche violations               :      0
  Number of errors                         :   8035

Number of constraints mappings 0
Number of constraints 0
  Population no.                           :      3
  Population size                          :    100
  Number of duplicates                     :      0
  Number of niche violations               :      0
  Number of errors                         :   7943


Doing GA, no. of population(s) 3 size 100 selection pressure 1.100000

 Operation      Score     S(PLP)   S(hbond)     S(cho)   S(metal)  DE(clash)   DE(tors)     intcor
         0      26.01     -26.69       0.00       0.00       0.00       0.00       0.35       0.01
       378      32.66     -30.82       0.94       0.00       0.00       0.00       0.50       0.01
      2570      34.15     -31.67       1.00       0.00       0.00       0.00       0.26       0.01
      3193      35.41     -34.43       0.94       0.00       0.00       0.05       0.90       0.01
      4422      36.28     -35.13       1.00       0.00       0.00       0.05       0.90       0.01
      6546      37.63     -36.25       1.00       0.00       0.00       0.00       0.81       0.01
      7863      38.27     -36.37       1.00       0.00       0.00       0.00       0.56       0.01
      8796      38.87     -35.94       1.52       0.00       0.00       0.00       0.81       0.00
     10344      39.46     -37.71       1.13       0.00       0.00       0.00       0.81       0.00
     13974      39.47     -37.61       1.13       0.00       0.00       0.00       0.76       0.00
     14633      39.59     -37.73       1.14       0.00       0.00       0.00       0.79       0.00
     16374      39.71     -37.66       1.16       0.00       0.00       0.00       0.72       0.00
     16672      42.04     -38.25       1.42       0.00       0.00       0.00       0.24       0.00
     21221      42.64     -37.94       1.86       0.00       0.00       0.00       0.44       0.00
     24531      42.70     -37.96       1.86       0.00       0.00       0.00       0.42       0.00
     24851      43.19     -38.84       1.60       0.00       0.00       0.00       0.23       0.00
     27422      43.93     -38.53       1.95       0.00       0.00       0.00       0.23       0.00
     30932      44.06     -38.51       2.00       0.00       0.00       0.00       0.23       0.00
     31819      44.17     -38.67       2.00       0.00       0.00       0.00       0.25       0.00
     33400      44.39     -38.91       2.00       0.00       0.00       0.00       0.26       0.00
     33880      44.45     -38.97       2.00       0.00       0.00       0.00       0.26       0.00
     34957      44.46     -38.99       2.00       0.00       0.00       0.00       0.27       0.00
--------------------------------------------------------------------------------
Best docking solution after GA:
     37000      44.46     -38.99       2.00       0.00       0.00       0.00       0.27       0.00

#ops:      37000 #mutates:  17560 #cross:    17627 #migrate:   1813 
#dups:      8693 #niche:    22643 #errors:    1864 
--------------------------------------------------------------------------------

Doing AMOEBA simplex on best individual
Done simplexing #iterations 376, best score  44.75

Ligand is stored in gold_soln_AV-procd_m10549_3.sdf


--------------------------------------------------------------------------------
--- CHEMPLP breakdown of terms                                               ---
--------------------------------------------------------------------------------
CHEMPLP = - ( 1.0000*S(PLP) + -3.0000*S(hbond) + -6.0000*S(metal) + -3.0000*S(cho) )

Score = CHEMPLP - 1.0000*DE(clash) - 2.0000*DE(tors)

Internal energy term has been corrected with the best internal energy encountered.

--------------------------------------------------------------------------------


     Score     S(PLP)   S(hbond)     S(cho)   S(metal)  DE(clash)   DE(tors)     intcor
     44.75     -39.31       2.00       0.00       0.00       0.00       0.28       0.00

--------------------------------------------------------------------------------
--- PLP analysis of protein-ligand interactions                              ---
--------------------------------------------------------------------------------
hydrogen bonding        :      -2.00
metal                   :       0.00
buried (polar-nonpolar) :      -4.66
nonpolar                :     -33.11
repulsive               :       0.00
--------------------------------------------------------------------------------


--------------------------------------------------------------------------------
--- ChemScore analysis of protein-ligand interactions                        ---
--------------------------------------------------------------------------------

* Hydrogen bonds                                                                
Protein donor 7989 hydrogen 7998 Ligand acceptor   10 bond energy  1.00 wt 1.00
Protein donor 7997 hydrogen 8009 Ligand acceptor    5 bond energy  1.00 wt 1.00


* CH..O interactions                                                            
  CH group selection                       : activated ring CH (adjacent to hetatom)

--------------------------------------------------------------------------------


--------------------------------------------------------------------------------
--- Intra-ligand clashes                                                     ---
--------------------------------------------------------------------------------

Ligand
--------------------------------------------------------------------------------

--------------------------------------------------------------------------------
--- Rescoring solution                                                       ---
--------------------------------------------------------------------------------

     Score         DG    S(hbond)    S(metal)    S(lipo)     H(rot)  DE(clash)    DE(int)
     12.71     -14.57       0.68        0.00      97.82       1.81       0.14       1.72

Doing AMOEBA simplex on best individual
Done simplexing #iterations 689, best score  15.16

     Score         DG    S(hbond)    S(metal)    S(lipo)     H(rot)  DE(clash)    DE(int)
     15.16     -16.92       1.42        0.00      96.83       1.81       0.03       1.74

--------------------------------------------------------------------------------
--- ChemScore breakdown of terms                                             ---
--------------------------------------------------------------------------------
DG = -5.4800 + -3.3400*S(hbond)
     + -6.0300*S(metal) + -0.1170*S(lipo) + 2.5600*H(rot)


H(rot) = 1.8109

Score = -(DG + DE(clash) + DE(int))


--------------------------------------------------------------------------------


--------------------------------------------------------------------------------
--- ChemScore analysis of protein-ligand interactions                        ---
--------------------------------------------------------------------------------

* Hydrogen bonds                                                                
Protein donor 7989 hydrogen 7998 Ligand acceptor   10 bond energy  1.00 wt 0.73
Protein donor 7997 hydrogen 8009 Ligand acceptor    5 bond energy  1.00 wt 0.69

CHEMSCORE EXTRA INTERACTIONS:

* Clashes                                                                       
Clash for ligand atom   2 (**** ):   0.02
Clash for ligand atom  10 (**** ):   0.01
--------------------------------------------------------------------------------


--------------------------------------------------------------------------------
--- Chromosome decoded                                                       ---
--------------------------------------------------------------------------------
Ligand Torsions
[   1    2    3   16]  117.58
[   8    7    6    4]  -59.12
[   9    8    7    6]   84.40
[  28   10    8    7]  -10.68
Protein Torsions
[6907 6896 6895 6894] -118.51 
[7974 7965 7964 7962]  -18.27 
[8008 7997 7996 7995]  149.78 
[10167 10162 10161 10158] -173.68 
[10718 10713 10712 10709]  136.24 
[10763 10752 10751 10750]  129.97 
[11005 11000 10999 10996]  124.21 
Mapping
Ligand acceptors to protein hydrogens (mapping then atom ids)
  1  20 [  5->8009]
  2  18 [ 10->7998]
Ligand hydrogens to protein acceptors (mapping then atom ids)
Ligand shape atoms to protein points (mapping then atom ids & coords)
  1  9728 [  1->(153.750 141.000 160.750)]
  7  8696 [ 13->(151.750 145.750 160.000)]
  8  7858 [ 14->(151.000 144.500 160.750)]
  9  9064 [ 15->(152.250 143.250 159.750)]
Chromosome values
Integers:
  19   17   -1 9727   -1   -1   -1   -1   -1 8695 7857 9063 
--------------------------------------------------------------------------------

Current Ranking  2  1  3

Top  3 (of  3) solutions are within 1.500 RMSD, finishing docking /DATA2/COVID-19/PDBs_&_Models/AV-procd.sdf.


--------------------------------------------------------------------------------

* GA execution time :                                                           
  total  0.6362 user  0.6362 sys  0.0000

--------------------------------------------------------------------------------
Fitness function evaluations: 86181

--------------------------------------------------------------------------------
--- Ranking analysis                                                         ---
--------------------------------------------------------------------------------


* Final ranked order of GA solutions:                                           
   2  1  3 

  _______________________________
  RMSD Matrix of RANKED solutions

        2    3  

   1 :  1.3  1.4
   2 :       0.2

  Clustering method                        : complete linkage
  Structure ids in cluster table           : rank nos.
  Ordering of clusters and their members   : by rank (order if from rms_analysis)

  Distance | Clusters
   0.17    |  1 |  2  3 |
   1.36    |  1  2  3 |
  Finished Docking Ligand                  : /DATA2/COVID-19/PDBs_&_Models/AV-procd.sdf
--------------------------------------------------------------------------------

  Relative_Ligand_Energy (best encountered) :   0.005
  Relative_Ligand_Energy: fitness values have been corrected using this amount
