
--------------------------------------------------------------------------------
--- Ligand                                                                   ---
--------------------------------------------------------------------------------
  Ligand loaded from file                  : /DATA2/COVID-19/PDBs_&_Models/AV-procd.sdf
  Ligand name                              :  
  "AV-unprocessed.smi:1487                                                  "

--------------------------------------------------------------------------------
  N.plc donors                             : 
  pro:    5 
  

  Acidic nitrogen acceptors                : 
  none found
  Sulfur acceptors                         :
  none found


  Donor atoms                              :      4
  5   10  12  17  
  Acceptor atoms                           :      2
  10  17  

  Hydrogens                                :  (n = 4)
  49   31   48   41   

  Lone pairs added to molecule             :      4
  Numbering                                : from 50 to 53
  Choline groups                           : 
   12  

--------------------------------------------------------------------------------
--- Postprocessing of typing                                                 ---
--------------------------------------------------------------------------------
  Fragment file                            : /home/scv26/CCDC/Discovery_2020/GOLD/gold/rotatable_bond_override.mol2
  acylurea fragment                        : no matches
  thioacylthiourea fragment                : no matches
  acylthiourea fragment                    : no matches
  thioacylurea fragment                    : no matches
  diarylamine fragment >C.ar-NH-C.ar<      : no matches
  sec-amine (1) fragment                   : no matches
  sec-amine (2) fragment                   : 1 matches
  Ligand bond 7-19  set to 1
  Ligand bond 7-8  set to 1
  Ligand bond 7-6  set to 1
  sec-amine (3) fragment                   : 1 matches
  Ligand bond 7-19  set to 1
  Ligand bond 7-6  set to 1
  Ligand bond 7-8  set to 1
  carboxylic ester                         : no matches

* Rotatable bonds in /DATA2/COVID-19/PDBs  :
  [   7    8] [   8    9] [   9   10] [   9   11] 
  [  11   12] [  16   17] 
  No. of rotatable bonds                   :      6


* Fragments found in /DATA2/COVID-19/PDBs  :
  atom   2: benzene
  atom   3: benzene
  atom   4: benzene
  atom  19: benzene
  atom  20: benzene
  atom  21: benzene


* Checking torsion distributions:                                               
  No. of matched torsions                  :      0

--------------------------------------------------------------------------------
--- Shape fitting atoms selection (hydrophobic atoms)                        ---
--------------------------------------------------------------------------------
  Molecule                                 : /DATA2/COVID-19/PDBs_&_Models/AV-procd.sdf
  Selection                                : carbons only
  Atom numbers                             :  (n = 13)
  1    3    6    8    9    11   13   14   15   16   
  18   20   22   


--------------------------------------------------------------------------------
--- ChemScore ligand setup summary                                           ---
--------------------------------------------------------------------------------
  ChemScore ligand acceptors               :      2
  10 17 
  ChemScore ligand donors                  :      4
  5 ( 49 [+]  ) 10 ( 31  ) 12 ( 48 [+]  ) 17 ( 41  ) 
  ChemScore ligand CH donors               :      1
  6 ( 27 ) 

  ChemScore ligand lipophilic atoms        :  (n = 16)
  1    2    3    4    8    9    11   13   14   15   
  16   18   19   20   21   22   

  ChemScore ligand rotatable bonds         :      6
  7   (****) - 8   (****): SP3_SP2_BOND
  8   (****) - 9   (****): SP3_SP3_BOND
  9   (****) - 10  (****): SP3_SP3_BOND
  9   (****) - 11  (****): SP3_SP3_BOND
  11  (****) - 12  (****): SP3_SP3_BOND
  16  (****) - 17  (****): SP3_SP3_BOND

--------------------------------------------------------------------------------
--- PLP ligand setup summary                                                 ---
--------------------------------------------------------------------------------
    1  ****   C.3 NONPOLAR
    2  ****  C.ar NONPOLAR
    3  ****  C.ar NONPOLAR
    4  ****  C.ar NONPOLAR
    5  **** N.pl3 DONOR
    6  ****   C.2 NONPOLAR
    7  **** N.pl3 NONPOLAR
    8  ****   C.3 NONPOLAR
    9  ****   C.3 NONPOLAR
   10  ****   O.3 DONACC
   11  ****   C.3 NONPOLAR
   12  ****   N.4 DONOR
   13  ****   C.3 NONPOLAR
   14  ****   C.3 NONPOLAR
   15  ****   C.3 NONPOLAR
   16  ****   C.3 NONPOLAR
   17  ****   O.3 DONACC
   18  ****   C.3 NONPOLAR
   19  ****  C.ar NONPOLAR
   20  ****  C.ar NONPOLAR
   21  ****  C.ar NONPOLAR
   22  ****   C.3 NONPOLAR


--------------------------------------------------------------------------------
--- Automatic parameter setting                                              ---
--------------------------------------------------------------------------------
  Contribution base                        :   2500
  Contribution per rotatable bond          :   6000
  Contribution per df                      :   4000
  Contribution per water                   :  10000
  Ligand rotatable bonds                   :      6
  Protein flexible side chain bonds        :      0
  Total rotatable bonds                    :      6
  Hydrophobic vol ratio (P/L)              :   1.774
  Base multiplier (polar)                  :   1.400
  Base multiplier (apolar)                 :   4.614
  Base contribution                        : 15000.000
  Fitting points                           :      7
  Estimated maxops needed (optimal)        :  51500

--------------------------------------------------------------------------------

* Population settings                                                           
  maxops                                   :  51500
  popsiz                                   :    100
  select_pressure                          :   1.100
  n_islands                                :      5
  niche_siz                                :      2

* GA settings                                                                   
  pt_crosswt                               :     95
  allele_mutatewt                          :     95
  migratewt                                :     10

* Search settings                                                               
  start_vdw_linear_cutoff                  :   4.000
  initial_virtual_pt_match_max             :   3.000

--------------------------------------------------------------------------------

* Ligand initialisation time :                                                  
  total  0.0132 user  0.0132 sys  0.0000

--------------------------------------------------------------------------------

--------------------------------------------------------------------------------
** Docking run number  1 **
--------------------------------------------------------------------------------
  Rank fitness base is 5000.00 ; increment is 11.2233

* Initialising population(s) ...                                                
Number of constraints mappings 0
Number of constraints 0
  Population no.                           :      1
  Population size                          :    100
  Number of duplicates                     :      0
  Number of niche violations               :      0
  Number of errors                         :   4676

Number of constraints mappings 0
Number of constraints 0
  Population no.                           :      2
  Population size                          :    100
  Number of duplicates                     :      0
  Number of niche violations               :      0
  Number of errors                         :   4322

Number of constraints mappings 0
Number of constraints 0
  Population no.                           :      3
  Population size                          :    100
  Number of duplicates                     :      0
  Number of niche violations               :      0
  Number of errors                         :   4290

Number of constraints mappings 0
Number of constraints 0
  Population no.                           :      4
  Population size                          :    100
  Number of duplicates                     :      0
  Number of niche violations               :      0
  Number of errors                         :   4183

Number of constraints mappings 0
Number of constraints 0
  Population no.                           :      5
  Population size                          :    100
  Number of duplicates                     :      0
  Number of niche violations               :      0
  Number of errors                         :   4377


Doing GA, no. of population(s) 5 size 100 selection pressure 1.100000

 Operation      Score     S(PLP)   S(hbond)     S(cho)   S(metal)  DE(clash)   DE(tors)     intcor
         0      29.49     -27.81       1.00       0.00       0.00       0.00       0.80       0.25
      4572      33.57     -23.60       2.96       0.80       0.00       0.00       0.78       0.25
      6243      34.46     -25.04       3.59       0.00       0.00       0.00       0.71       0.06
      7118      37.17     -25.04       4.50       0.00       0.00       0.00       0.71       0.06
      8012      37.22     -25.04       4.51       0.00       0.00       0.00       0.71       0.06
      8385      38.49     -31.97       2.44       0.53       0.00       0.00       1.23       0.06
     10698      40.12     -32.32       3.56       0.00       0.00       0.00       1.47       0.06
     11369      40.81     -32.36       2.95       0.53       0.00       0.00       1.02       0.06
     13560      43.09     -34.22       2.86       0.90       0.00       0.00       1.23       0.06
     13696      44.32     -35.55       3.10       0.03       0.00       0.00       0.35       0.06
     14219      44.46     -31.42       3.81       1.00       0.00       0.00       0.72       0.06
     14623      44.56     -35.44       4.00       0.00       0.00       0.00       1.47       0.06
     15440      44.70     -35.74       2.98       0.90       0.00       0.00       1.36       0.06
     15722      45.62     -32.71       4.57       0.40       0.00       0.00       1.03       0.06
     16917      46.61     -33.15       4.84       0.34       0.00       0.00       1.07       0.06
     20667      48.27     -31.98       5.70       0.00       0.00       0.00       0.42       0.06
     20767      49.87     -33.96       5.57       0.00       0.00       0.00       0.42       0.06
     20883      50.96     -35.48       5.80       0.00       0.00       0.00       0.99       0.06
     21163      51.05     -37.57       5.13       0.00       0.00       0.00       0.99       0.06
     21523      51.35     -35.38       5.96       0.00       0.00       0.00       0.99       0.06
     23170      51.77     -39.43       4.35       0.00       0.00       0.00       0.39       0.06
     24152      52.38     -38.26       5.13       0.00       0.00       0.00       0.67       0.06
     24752      53.06     -37.88       5.70       0.00       0.00       0.00       0.99       0.06
     26617      53.10     -37.62       5.80       0.00       0.00       0.00       0.99       0.06
     27932      53.18     -37.82       5.76       0.00       0.00       0.00       0.99       0.06
     30268      53.32     -37.88       5.79       0.00       0.00       0.00       0.99       0.05
     30637      53.76     -38.84       5.46       0.00       0.00       0.00       0.76       0.05
     30675      55.72     -40.15       5.47       0.00       0.00       0.00       0.45       0.05
     31470      57.65     -41.80       5.56       0.00       0.00       0.00       0.45       0.05
     33740      57.83     -41.91       5.60       0.00       0.00       0.00       0.47       0.05
     36471      57.89     -41.55       5.73       0.00       0.00       0.00       0.45       0.05
     41370      57.97     -42.18       5.58       0.00       0.00       0.00       0.50       0.05
     41884      57.98     -41.97       5.64       0.00       0.00       0.00       0.48       0.05
     43851      58.01     -41.98       5.65       0.00       0.00       0.00       0.48       0.05
     45231      58.04     -39.84       6.55       0.00       0.00       0.00       0.75       0.05
     45445      58.05     -42.04       5.64       0.00       0.00       0.00       0.48       0.05
     47788      58.20     -41.78       5.75       0.00       0.00       0.00       0.45       0.05
     48868      58.27     -41.79       5.78       0.00       0.00       0.00       0.46       0.05
--------------------------------------------------------------------------------
Best docking solution after GA:
     51500      58.27     -41.79       5.78       0.00       0.00       0.00       0.46       0.05

#ops:      51500 #mutates:  24403 #cross:    24604 #migrate:   2493 
#dups:     12292 #niche:    29614 #errors:    1509 
--------------------------------------------------------------------------------

Doing AMOEBA simplex on best individual
Done simplexing #iterations 491, best score  59.32

Ligand is stored in gold_soln_AV-procd_m6018_1.sdf


--------------------------------------------------------------------------------
--- CHEMPLP breakdown of terms                                               ---
--------------------------------------------------------------------------------
CHEMPLP = - ( 1.0000*S(PLP) + -3.0000*S(hbond) + -6.0000*S(metal) + -3.0000*S(cho) )

Score = CHEMPLP - 1.0000*DE(clash) - 2.0000*DE(tors)

Internal energy term has been corrected with the best internal energy encountered.

--------------------------------------------------------------------------------


     Score     S(PLP)   S(hbond)     S(cho)   S(metal)  DE(clash)   DE(tors)     intcor
     59.32     -42.19       6.00       0.00       0.00       0.00       0.46       0.05

--------------------------------------------------------------------------------
--- PLP analysis of protein-ligand interactions                              ---
--------------------------------------------------------------------------------
hydrogen bonding        :      -5.00
metal                   :       0.00
buried (polar-nonpolar) :      -2.66
nonpolar                :     -33.44
repulsive               :       0.16
--------------------------------------------------------------------------------


--------------------------------------------------------------------------------
--- ChemScore analysis of protein-ligand interactions                        ---
--------------------------------------------------------------------------------

* Hydrogen bonds                                                                
Ligand donor    5 hydrogen   49 Protein acceptor 8028 bond energy  1.00 wt 2.00
Ligand donor   10 hydrogen   31 Protein acceptor 7948 bond energy  1.00 wt 1.00
Ligand donor   12 hydrogen   48 Protein acceptor 7948 bond energy  1.00 wt 2.00
Ligand donor   17 hydrogen   41 Protein acceptor 7948 bond energy  1.00 wt 1.00


* CH..O interactions                                                            
  CH group selection                       : activated ring CH (adjacent to hetatom)

--------------------------------------------------------------------------------


--------------------------------------------------------------------------------
--- Intra-ligand clashes                                                     ---
--------------------------------------------------------------------------------

Ligand
--------------------------------------------------------------------------------

--------------------------------------------------------------------------------
--- Rescoring solution                                                       ---
--------------------------------------------------------------------------------

     Score         DG    S(hbond)    S(metal)    S(lipo)     H(rot)  DE(clash)    DE(int)
     16.89     -18.79       2.44        0.00     103.91       2.74       0.57       1.33

Doing AMOEBA simplex on best individual
Done simplexing #iterations 900, best score  20.52

     Score         DG    S(hbond)    S(metal)    S(lipo)     H(rot)  DE(clash)    DE(int)
     20.52     -21.11       3.29        0.00      99.69       2.74       0.10       0.50

--------------------------------------------------------------------------------
--- ChemScore breakdown of terms                                             ---
--------------------------------------------------------------------------------
DG = -5.4800 + -3.3400*S(hbond)
     + -6.0300*S(metal) + -0.1170*S(lipo) + 2.5600*H(rot)


H(rot) = 2.7384

Score = -(DG + DE(clash) + DE(int))


--------------------------------------------------------------------------------


--------------------------------------------------------------------------------
--- ChemScore analysis of protein-ligand interactions                        ---
--------------------------------------------------------------------------------

* Hydrogen bonds                                                                
Ligand donor    5 hydrogen   49 Protein acceptor 8028 bond energy  1.00 wt 0.99
Ligand donor   10 hydrogen   31 Protein acceptor 7948 bond energy  1.00 wt 0.66
Ligand donor   12 hydrogen   48 Protein acceptor 7948 bond energy  1.00 wt 0.95
Ligand donor   17 hydrogen   41 Protein acceptor 7948 bond energy  1.00 wt 0.68

CHEMSCORE EXTRA INTERACTIONS:

* Clashes                                                                       
Clash for ligand atom   6 (**** ):   0.01
Clash for ligand atom  17 (**** ):   0.01
Clash for ligand atom  20 (**** ):   0.07
--------------------------------------------------------------------------------


--------------------------------------------------------------------------------
--- Chromosome decoded                                                       ---
--------------------------------------------------------------------------------
Ligand Torsions
[   6    7    8    9]  -38.94
[   7    8    9   10]   72.08
[  31   10    9    8]  133.42
[  12   11    9    8]  168.25
[  18   12   11    9] -179.33
[  41   17   16   15]   78.36
Protein Torsions
[6907 6896 6895 6894]   24.93 
[7974 7965 7964 7962] -168.48 
[8008 7997 7996 7995]   66.23 
[10167 10162 10161 10158]  149.84 
[10718 10713 10712 10709]   -0.26 
[10763 10752 10751 10750]   73.94 
[11005 11000 10999 10996] -148.34 
Mapping
Ligand acceptors to protein hydrogens (mapping then atom ids)
Ligand hydrogens to protein acceptors (mapping then atom ids)
  1  15 [ 49->8028]
  2   7 [ 31->7948]
  3   7 [ 48->7948]
  4   7 [ 41->7948]
Ligand shape atoms to protein points (mapping then atom ids & coords)
  1  9552 [  1->(153.000 142.500 160.500)]
  2  8295 [  3->(151.500 143.500 157.500)]
  3  6500 [  6->(148.750 140.000 154.250)]
 12  9014 [ 20->(152.250 142.000 159.000)]
Ligand N+ atoms to protein TRP (mapping then atom ids & coords)
Chromosome values
Integers:
  -1   -1   14    6    6    6   -1 9551 8294 6499   -1   -1 
  -1   -1   -1   -1   -1   -1 9013   -1 
--------------------------------------------------------------------------------

Current Ranking  1

--------------------------------------------------------------------------------

* GA execution time :                                                           
  total  1.1176 user  1.1176 sys  0.0000

--------------------------------------------------------------------------------
Fitness function evaluations: 110162

--------------------------------------------------------------------------------
** Docking run number  2 **
--------------------------------------------------------------------------------
  Rank fitness base is 5000.00 ; increment is 11.2233

* Initialising population(s) ...                                                
Number of constraints mappings 0
Number of constraints 0
  Population no.                           :      1
  Population size                          :    100
  Number of duplicates                     :      0
  Number of niche violations               :      0
  Number of errors                         :   4331

Number of constraints mappings 0
Number of constraints 0
  Population no.                           :      2
  Population size                          :    100
  Number of duplicates                     :      0
  Number of niche violations               :      0
  Number of errors                         :   4471

Number of constraints mappings 0
Number of constraints 0
  Population no.                           :      3
  Population size                          :    100
  Number of duplicates                     :      0
  Number of niche violations               :      0
  Number of errors                         :   4455

Number of constraints mappings 0
Number of constraints 0
  Population no.                           :      4
  Population size                          :    100
  Number of duplicates                     :      0
  Number of niche violations               :      0
  Number of errors                         :   4483

Number of constraints mappings 0
Number of constraints 0
  Population no.                           :      5
  Population size                          :    100
  Number of duplicates                     :      0
  Number of niche violations               :      0
  Number of errors                         :   4305


Doing GA, no. of population(s) 5 size 100 selection pressure 1.100000

 Operation      Score     S(PLP)   S(hbond)     S(cho)   S(metal)  DE(clash)   DE(tors)     intcor
         0      27.99     -29.96       0.55       0.00       0.00       0.00       1.84       0.05
       356      31.50     -25.40       3.25       0.00       0.00       0.00       1.85       0.05
       711      31.99     -27.84       2.39       0.00       0.00       0.00       1.54       0.05
      2079      32.30     -31.06       0.96       0.88       0.00       0.25       2.04       0.05
      2466      33.83     -28.06       2.93       0.00       0.00       0.00       1.54       0.05
      4020      34.21     -31.14       2.00       0.00       0.00       0.78       1.10       0.05
      4060      36.47     -29.86       2.91       0.00       0.00       0.00       1.09       0.05
      4120      43.50     -29.79       4.69       0.76       0.00       0.00       1.34       0.05
      7562      49.53     -40.30       3.66       0.00       0.00       0.00       0.90       0.05
      8402      52.45     -40.30       4.63       0.00       0.00       0.00       0.90       0.05
      9942      52.53     -40.30       4.66       0.00       0.00       0.00       0.90       0.05
     11132      53.60     -40.44       4.97       0.00       0.00       0.00       0.90       0.05
     12507      54.01     -38.42       5.78       0.00       0.00       0.00       0.90       0.05
     16902      54.46     -38.85       5.77       0.00       0.00       0.00       0.88       0.05
     20233      55.35     -39.78       5.76       0.00       0.00       0.00       0.88       0.05
     23502      55.43     -39.82       5.76       0.00       0.00       0.00       0.86       0.05
     23521      55.86     -41.98       5.00       0.00       0.00       0.00       0.59       0.05
     26252      57.02     -43.04       5.00       0.00       0.00       0.00       0.54       0.05
     29171      57.34     -43.80       4.85       0.00       0.00       0.00       0.54       0.05
     30744      57.35     -39.11       6.51       0.00       0.00       0.00       0.68       0.05
     31299      58.89     -41.26       6.31       0.00       0.00       0.00       0.68       0.05
     33279      59.28     -40.73       6.62       0.00       0.00       0.00       0.68       0.05
     35809      59.54     -42.07       6.30       0.00       0.00       0.00       0.75       0.05
     39399      59.73     -41.23       6.62       0.00       0.00       0.00       0.70       0.05
     39606      59.77     -42.30       6.26       0.00       0.00       0.00       0.68       0.05
     40027      59.81     -41.81       6.48       0.00       0.00       0.00       0.75       0.05
     43588      59.96     -41.85       6.52       0.00       0.00       0.00       0.76       0.05
     44219      60.09     -42.89       6.15       0.00       0.00       0.00       0.65       0.05
     46539      60.28     -42.89       6.21       0.00       0.00       0.00       0.65       0.05
     47494      60.46     -42.00       6.62       0.00       0.00       0.00       0.72       0.05
     49249      60.46     -42.00       6.62       0.00       0.00       0.00       0.72       0.05
     49423      60.53     -42.89       6.30       0.00       0.00       0.00       0.65       0.05
     50414      61.07     -42.68       6.59       0.00       0.00       0.00       0.71       0.05
--------------------------------------------------------------------------------
Best docking solution after GA:
     51500      61.07     -42.68       6.59       0.00       0.00       0.00       0.71       0.05

#ops:      51500 #mutates:  24349 #cross:    24584 #migrate:   2567 
#dups:     13717 #niche:    27518 #errors:    2095 
--------------------------------------------------------------------------------

Doing AMOEBA simplex on best individual
Done simplexing #iterations 446, best score  62.71

Ligand is stored in gold_soln_AV-procd_m6018_2.sdf


--------------------------------------------------------------------------------
--- CHEMPLP breakdown of terms                                               ---
--------------------------------------------------------------------------------
CHEMPLP = - ( 1.0000*S(PLP) + -3.0000*S(hbond) + -6.0000*S(metal) + -3.0000*S(cho) )

Score = CHEMPLP - 1.0000*DE(clash) - 2.0000*DE(tors)

Internal energy term has been corrected with the best internal energy encountered.

--------------------------------------------------------------------------------


     Score     S(PLP)   S(hbond)     S(cho)   S(metal)  DE(clash)   DE(tors)     intcor
     62.71     -44.03       6.63       0.00       0.00       0.00       0.64       0.05

--------------------------------------------------------------------------------
--- PLP analysis of protein-ligand interactions                              ---
--------------------------------------------------------------------------------
hydrogen bonding        :      -4.44
metal                   :       0.00
buried (polar-nonpolar) :      -3.00
nonpolar                :     -35.90
repulsive               :       0.12
--------------------------------------------------------------------------------


--------------------------------------------------------------------------------
--- ChemScore analysis of protein-ligand interactions                        ---
--------------------------------------------------------------------------------

* Hydrogen bonds                                                                
Ligand donor    5 hydrogen   49 Protein acceptor 8028 bond energy  1.00 wt 2.00
Ligand donor   10 hydrogen   31 Protein acceptor 7949 bond energy  1.00 wt 1.00
Ligand donor   12 hydrogen   48 Protein acceptor 7948 bond energy  1.00 wt 2.00
Ligand donor   17 hydrogen   41 Protein acceptor 7948 bond energy  1.00 wt 1.00
Protein donor 10752 hydrogen 10763 Ligand acceptor   10 bond energy  1.00 wt 0.63


* CH..O interactions                                                            
  CH group selection                       : activated ring CH (adjacent to hetatom)

--------------------------------------------------------------------------------


--------------------------------------------------------------------------------
--- Intra-ligand clashes                                                     ---
--------------------------------------------------------------------------------

Ligand
--------------------------------------------------------------------------------

--------------------------------------------------------------------------------
--- Rescoring solution                                                       ---
--------------------------------------------------------------------------------

     Score         DG    S(hbond)    S(metal)    S(lipo)     H(rot)  DE(clash)    DE(int)
     19.83     -22.40       3.36        0.00     108.66       2.74       1.86       0.71

Doing AMOEBA simplex on best individual
Done simplexing #iterations 835, best score  22.99

     Score         DG    S(hbond)    S(metal)    S(lipo)     H(rot)  DE(clash)    DE(int)
     22.99     -23.64       3.67        0.00     110.52       2.74       0.05       0.60

--------------------------------------------------------------------------------
--- ChemScore breakdown of terms                                             ---
--------------------------------------------------------------------------------
DG = -5.4800 + -3.3400*S(hbond)
     + -6.0300*S(metal) + -0.1170*S(lipo) + 2.5600*H(rot)


H(rot) = 2.7384

Score = -(DG + DE(clash) + DE(int))


--------------------------------------------------------------------------------


--------------------------------------------------------------------------------
--- ChemScore analysis of protein-ligand interactions                        ---
--------------------------------------------------------------------------------

* Hydrogen bonds                                                                
Ligand donor    5 hydrogen   49 Protein acceptor 8028 bond energy  1.00 wt 1.00
Ligand donor   10 hydrogen   31 Protein acceptor 7949 bond energy  1.00 wt 0.63
Ligand donor   12 hydrogen   48 Protein acceptor 7948 bond energy  1.00 wt 1.00
Ligand donor   17 hydrogen   41 Protein acceptor 7948 bond energy  1.00 wt 0.96
Protein donor 10752 hydrogen 10763 Ligand acceptor   10 bond energy  1.00 wt 0.08

CHEMSCORE EXTRA INTERACTIONS:

* Clashes                                                                       
Clash for ligand atom   6 (**** ):   0.04
Clash for ligand atom  20 (**** ):   0.01
--------------------------------------------------------------------------------


--------------------------------------------------------------------------------
--- Chromosome decoded                                                       ---
--------------------------------------------------------------------------------
Ligand Torsions
[   6    7    8    9]  -17.99
[   7    8    9   10]  171.18
[  31   10    9    8] -149.70
[  12   11    9    8]  159.13
[  18   12   11    9]  158.52
[  41   17   16   15]   91.76
Protein Torsions
[6907 6896 6895 6894]  -70.07 
[7974 7965 7964 7962]    7.77 
[8008 7997 7996 7995]   39.23 
[10167 10162 10161 10158]   26.21 
[10718 10713 10712 10709]  100.63 
[10763 10752 10751 10750]   35.69 
[11005 11000 10999 10996]  139.96 
Mapping
Ligand acceptors to protein hydrogens (mapping then atom ids)
  1  43 [ 10->10763]
Ligand hydrogens to protein acceptors (mapping then atom ids)
Ligand shape atoms to protein points (mapping then atom ids & coords)
  1  9052 [  1->(152.250 143.000 160.250)]
  2  7818 [  3->(151.000 144.000 158.750)]
Ligand N+ atoms to protein TRP (mapping then atom ids & coords)
Chromosome values
Integers:
  42   -1   -1   -1   -1   -1   -1 9051 7817   -1   -1   -1 
  -1   -1   -1   -1   -1   -1   -1   -1 
--------------------------------------------------------------------------------

Current Ranking  2  1

--------------------------------------------------------------------------------

* GA execution time :                                                           
  total  1.1005 user  1.1005 sys  0.0000

--------------------------------------------------------------------------------
Fitness function evaluations: 110655

--------------------------------------------------------------------------------
** Docking run number  3 **
--------------------------------------------------------------------------------
  Rank fitness base is 5000.00 ; increment is 11.2233

* Initialising population(s) ...                                                
Number of constraints mappings 0
Number of constraints 0
  Population no.                           :      1
  Population size                          :    100
  Number of duplicates                     :      0
  Number of niche violations               :      0
  Number of errors                         :   4388

Number of constraints mappings 0
Number of constraints 0
  Population no.                           :      2
  Population size                          :    100
  Number of duplicates                     :      0
  Number of niche violations               :      0
  Number of errors                         :   4213

Number of constraints mappings 0
Number of constraints 0
  Population no.                           :      3
  Population size                          :    100
  Number of duplicates                     :      0
  Number of niche violations               :      0
  Number of errors                         :   4358

Number of constraints mappings 0
Number of constraints 0
  Population no.                           :      4
  Population size                          :    100
  Number of duplicates                     :      0
  Number of niche violations               :      0
  Number of errors                         :   4323

Number of constraints mappings 0
Number of constraints 0
  Population no.                           :      5
  Population size                          :    100
  Number of duplicates                     :      0
  Number of niche violations               :      0
  Number of errors                         :   4304


Doing GA, no. of population(s) 5 size 100 selection pressure 1.100000

 Operation      Score     S(PLP)   S(hbond)     S(cho)   S(metal)  DE(clash)   DE(tors)     intcor
         0      21.06     -16.38       2.52       0.00       0.00       0.00       1.47       0.05
      1247      21.58     -16.38       2.70       0.00       0.00       0.00       1.47       0.05
      2421      22.17     -16.38       2.89       0.00       0.00       0.00       1.47       0.05
      2441      22.36     -16.38       2.96       0.00       0.00       0.00       1.47       0.05
      2628      31.04     -28.71       1.43       0.00       0.00       0.00       1.01       0.05
      4503      31.85     -22.75       3.54       0.00       0.00       0.00       0.78       0.05
      6593      31.92     -29.68       1.43       0.00       0.00       0.00       1.05       0.05
      7048      32.97     -32.49       0.82       0.00       0.00       1.21       0.41       0.05
      8508      33.90     -33.87       0.50       0.00       0.00       0.00       0.76       0.05
     10205      34.22     -29.55       2.27       0.51       0.00       0.00       1.85       0.05
     10597      34.64     -25.98       2.33       1.00       0.00       0.00       0.70       0.05
     10962      36.58     -27.99       2.24       1.00       0.00       0.00       0.59       0.05
     11432      36.82     -31.84       2.32       0.00       0.00       1.21       0.41       0.05
     11446      39.85     -31.73       2.02       1.00       0.00       0.00       0.49       0.05
     12221      41.52     -33.45       2.00       1.00       0.00       0.00       0.49       0.05
     13881      41.57     -33.54       2.00       0.99       0.00       0.00       0.49       0.05
     16306      42.45     -33.45       2.31       1.00       0.00       0.00       0.49       0.05
     16556      43.93     -33.54       2.79       0.99       0.00       0.00       0.49       0.05
     19701      44.30     -33.73       2.80       1.00       0.00       0.00       0.44       0.05
     24002      44.32     -33.65       2.86       1.00       0.00       0.00       0.48       0.05
     24222      44.55     -33.56       3.00       1.00       0.00       0.00       0.53       0.05
     24616      45.81     -35.36       2.76       1.00       0.00       0.00       0.44       0.05
     28077      46.21     -35.36       2.89       1.00       0.00       0.00       0.44       0.05
     30096      46.22     -35.36       2.90       1.00       0.00       0.00       0.44       0.05
     36080      46.73     -35.56       3.00       1.00       0.00       0.00       0.44       0.05
     45318      46.93     -35.84       3.00       1.00       0.00       0.00       0.48       0.05
     47818      47.04     -35.90       3.00       1.00       0.00       0.00       0.46       0.05
     48625      47.57     -36.35       3.00       1.00       0.00       0.00       0.42       0.05
--------------------------------------------------------------------------------
Best docking solution after GA:
     51500      47.57     -36.35       3.00       1.00       0.00       0.00       0.42       0.05

#ops:      51500 #mutates:  24411 #cross:    24531 #migrate:   2558 
#dups:     11956 #niche:    27188 #errors:    3169 
--------------------------------------------------------------------------------

Doing AMOEBA simplex on best individual
Done simplexing #iterations 645, best score  49.18

Ligand is stored in gold_soln_AV-procd_m6018_3.sdf


--------------------------------------------------------------------------------
--- CHEMPLP breakdown of terms                                               ---
--------------------------------------------------------------------------------
CHEMPLP = - ( 1.0000*S(PLP) + -3.0000*S(hbond) + -6.0000*S(metal) + -3.0000*S(cho) )

Score = CHEMPLP - 1.0000*DE(clash) - 2.0000*DE(tors)

Internal energy term has been corrected with the best internal energy encountered.

--------------------------------------------------------------------------------


     Score     S(PLP)   S(hbond)     S(cho)   S(metal)  DE(clash)   DE(tors)     intcor
     49.18     -38.18       2.99       1.00       0.00       0.00       0.51       0.05

--------------------------------------------------------------------------------
--- PLP analysis of protein-ligand interactions                              ---
--------------------------------------------------------------------------------
hydrogen bonding        :      -3.38
metal                   :       0.00
buried (polar-nonpolar) :      -3.90
nonpolar                :     -31.48
repulsive               :       0.07
--------------------------------------------------------------------------------


--------------------------------------------------------------------------------
--- ChemScore analysis of protein-ligand interactions                        ---
--------------------------------------------------------------------------------

* Hydrogen bonds                                                                
Ligand donor   12 hydrogen   48 Protein acceptor 10175 bond energy  1.00 wt 2.00
Ligand donor   17 hydrogen   41 Protein acceptor 10175 bond energy  1.00 wt 0.99


* CH..O interactions                                                            
  CH group selection                       : activated ring CH (adjacent to hetatom)
Ligand carbon    6 hydrogen   27 Protein acceptor 10171 bond energy  1.00 wt 1.00

--------------------------------------------------------------------------------


--------------------------------------------------------------------------------
--- Intra-ligand clashes                                                     ---
--------------------------------------------------------------------------------

Ligand
--------------------------------------------------------------------------------

--------------------------------------------------------------------------------
--- Rescoring solution                                                       ---
--------------------------------------------------------------------------------

     Score         DG    S(hbond)    S(metal)    S(lipo)     H(rot)  DE(clash)    DE(int)
     10.51     -14.56       1.33        0.00      99.44       2.74       2.62       1.44

Doing AMOEBA simplex on best individual
Done simplexing #iterations 815, best score  13.73

     Score         DG    S(hbond)    S(metal)    S(lipo)     H(rot)  DE(clash)    DE(int)
     13.73     -15.05       1.43        0.00     100.79       2.74       0.74       0.58

--------------------------------------------------------------------------------
--- ChemScore breakdown of terms                                             ---
--------------------------------------------------------------------------------
DG = -5.4800 + -3.3400*S(hbond)
     + -6.0300*S(metal) + -0.1170*S(lipo) + 2.5600*H(rot)


H(rot) = 2.7384

Score = -(DG + DE(clash) + DE(int))


--------------------------------------------------------------------------------


--------------------------------------------------------------------------------
--- ChemScore analysis of protein-ligand interactions                        ---
--------------------------------------------------------------------------------

* Hydrogen bonds                                                                
Ligand donor   12 hydrogen   48 Protein acceptor 10175 bond energy  1.00 wt 1.00
Ligand donor   17 hydrogen   41 Protein acceptor 10175 bond energy  1.00 wt 0.43

CHEMSCORE EXTRA INTERACTIONS:

* Clashes                                                                       
Clash for ligand atom   2 (**** ):   0.01
Clash for ligand atom  14 (**** ):   0.73
--------------------------------------------------------------------------------


--------------------------------------------------------------------------------
--- Chromosome decoded                                                       ---
--------------------------------------------------------------------------------
Ligand Torsions
[   6    7    8    9]   62.96
[   7    8    9   10]   36.85
[  31   10    9    8]  166.96
[  12   11    9    8]   83.78
[  18   12   11    9]  173.53
[  41   17   16   15]  100.25
Protein Torsions
[6907 6896 6895 6894]  133.96 
[7974 7965 7964 7962] -120.68 
[8008 7997 7996 7995]  160.26 
[10167 10162 10161 10158] -143.65 
[10718 10713 10712 10709]  158.47 
[10763 10752 10751 10750]   44.36 
[11005 11000 10999 10996]  104.15 
Mapping
Ligand acceptors to protein hydrogens (mapping then atom ids)
Ligand hydrogens to protein acceptors (mapping then atom ids)
  3  24 [ 48->10175]
Ligand shape atoms to protein points (mapping then atom ids & coords)
  1  4910 [  1->(146.500 129.250 152.000)]
  2  3901 [  3->(145.500 132.500 151.000)]
  7  5535 [ 13->(147.000 139.750 152.500)]
  9  5900 [ 15->(147.500 140.250 154.000)]
 13  4922 [ 22->(146.500 130.750 152.250)]
Ligand N+ atoms to protein TRP (mapping then atom ids & coords)
Chromosome values
Integers:
  -1   -1   -1   -1   23   -1   -1 4909 3900   -1   -1   -1 
  -1 5534   -1 5899   -1   -1   -1 4921 
--------------------------------------------------------------------------------

Current Ranking  2  1  3

--------------------------------------------------------------------------------

* GA execution time :                                                           
  total  1.0779 user  1.0779 sys  0.0000

--------------------------------------------------------------------------------
Fitness function evaluations: 110398

--------------------------------------------------------------------------------
** Docking run number  4 **
--------------------------------------------------------------------------------
  Rank fitness base is 5000.00 ; increment is 11.2233

* Initialising population(s) ...                                                
Number of constraints mappings 0
Number of constraints 0
  Population no.                           :      1
  Population size                          :    100
  Number of duplicates                     :      0
  Number of niche violations               :      0
  Number of errors                         :   4309

Number of constraints mappings 0
Number of constraints 0
  Population no.                           :      2
  Population size                          :    100
  Number of duplicates                     :      0
  Number of niche violations               :      0
  Number of errors                         :   4295

Number of constraints mappings 0
Number of constraints 0
  Population no.                           :      3
  Population size                          :    100
  Number of duplicates                     :      0
  Number of niche violations               :      0
  Number of errors                         :   4305

Number of constraints mappings 0
Number of constraints 0
  Population no.                           :      4
  Population size                          :    100
  Number of duplicates                     :      0
  Number of niche violations               :      0
  Number of errors                         :   4480

Number of constraints mappings 0
Number of constraints 0
  Population no.                           :      5
  Population size                          :    100
  Number of duplicates                     :      0
  Number of niche violations               :      0
  Number of errors                         :   4265


Doing GA, no. of population(s) 5 size 100 selection pressure 1.100000

 Operation      Score     S(PLP)   S(hbond)     S(cho)   S(metal)  DE(clash)   DE(tors)     intcor
         0      26.50     -25.68       2.13       0.00       0.00       2.62       1.49       0.03
       242      27.04     -27.47       0.00       0.91       0.00       0.00       1.60       0.03
      1481      27.22     -29.29       0.00       0.00       0.00       0.00       1.05       0.03
      1726      27.92     -27.01       2.05       0.00       0.00       2.31       1.48       0.03
      2568      34.02     -35.74       0.00       0.00       0.00       0.00       0.87       0.03
      6557      34.32     -35.29       0.28       0.00       0.00       0.00       0.93       0.03
      8721      38.79     -30.82       2.95       0.00       0.00       0.00       0.46       0.03
     10234      42.17     -31.45       4.63       0.00       0.00       0.00       1.61       0.03
     11938      44.02     -35.19       4.00       0.00       0.00       0.00       1.60       0.03
     13469      48.08     -39.42       3.92       0.00       0.00       1.30       0.92       0.03
     15064      49.28     -39.42       4.32       0.00       0.00       1.30       0.92       0.03
     15269      49.30     -39.42       4.32       0.00       0.00       1.30       0.92       0.03
     17723      49.72     -39.53       4.40       0.00       0.00       1.30       0.88       0.03
     18249      50.35     -39.42       4.67       0.00       0.00       1.30       0.92       0.03
     19064      51.23     -39.84       4.83       0.00       0.00       1.30       0.92       0.03
     19684      51.27     -39.42       4.98       0.00       0.00       1.30       0.92       0.03
     19737      52.26     -39.13       5.44       0.00       0.00       1.30       0.96       0.03
     21807      52.41     -39.13       5.49       0.00       0.00       1.30       0.96       0.03
     23184      53.33     -39.42       5.67       0.00       0.00       1.30       0.92       0.03
     23392      53.80     -38.32       5.80       0.00       0.00       0.00       0.98       0.03
     25257      54.25     -38.84       5.78       0.00       0.00       0.00       0.98       0.03
     25477      55.01     -39.09       5.95       0.00       0.00       0.00       0.98       0.03
     27064      55.10     -39.37       5.86       0.00       0.00       0.00       0.95       0.03
     27249      55.20     -39.59       5.83       0.00       0.00       0.00       0.96       0.03
     27489      55.67     -39.56       5.99       0.00       0.00       0.00       0.95       0.03
     29203      55.75     -40.28       5.78       0.00       0.00       0.00       0.95       0.03
     29502      56.03     -40.18       5.92       0.00       0.00       0.00       0.98       0.03
     30638      56.26     -40.28       5.94       0.00       0.00       0.00       0.95       0.03
     33047      56.68     -40.23       6.13       0.00       0.00       0.00       0.99       0.03
     35846      56.85     -40.96       5.96       0.00       0.00       0.00       1.01       0.03
     35940      57.41     -42.72       5.36       0.00       0.00       0.00       0.71       0.03
     38229      57.59     -41.06       6.06       0.00       0.00       0.00       0.84       0.03
     42900      57.69     -41.68       5.96       0.00       0.00       0.00       0.95       0.03
     43129      58.07     -40.49       6.41       0.00       0.00       0.00       0.84       0.03
     43614      58.87     -41.80       6.31       0.00       0.00       0.00       0.95       0.03
     46613      60.26     -42.11       6.68       0.00       0.00       0.00       0.95       0.03
     49233      60.31     -42.11       6.69       0.00       0.00       0.00       0.95       0.03
     49728      60.36     -42.11       6.71       0.00       0.00       0.00       0.95       0.03
     49868      60.41     -41.33       6.91       0.00       0.00       0.00       0.84       0.03
     50263      60.41     -42.12       6.72       0.00       0.00       0.00       0.96       0.03
     51317      60.41     -42.12       6.72       0.00       0.00       0.00       0.96       0.03
--------------------------------------------------------------------------------
Best docking solution after GA:
     51500      60.41     -42.12       6.72       0.00       0.00       0.00       0.96       0.03

#ops:      51500 #mutates:  24514 #cross:    24425 #migrate:   2561 
#dups:     11550 #niche:    29434 #errors:    1918 
--------------------------------------------------------------------------------

Doing AMOEBA simplex on best individual
Done simplexing #iterations 651, best score  62.04

Ligand is stored in gold_soln_AV-procd_m6018_4.sdf


--------------------------------------------------------------------------------
--- CHEMPLP breakdown of terms                                               ---
--------------------------------------------------------------------------------
CHEMPLP = - ( 1.0000*S(PLP) + -3.0000*S(hbond) + -6.0000*S(metal) + -3.0000*S(cho) )

Score = CHEMPLP - 1.0000*DE(clash) - 2.0000*DE(tors)

Internal energy term has been corrected with the best internal energy encountered.

--------------------------------------------------------------------------------


     Score     S(PLP)   S(hbond)     S(cho)   S(metal)  DE(clash)   DE(tors)     intcor
     62.04     -43.13       6.86       0.00       0.00       0.00       0.85       0.03

--------------------------------------------------------------------------------
--- PLP analysis of protein-ligand interactions                              ---
--------------------------------------------------------------------------------
hydrogen bonding        :      -4.88
metal                   :       0.00
buried (polar-nonpolar) :      -4.34
nonpolar                :     -34.44
repulsive               :       0.13
--------------------------------------------------------------------------------


--------------------------------------------------------------------------------
--- ChemScore analysis of protein-ligand interactions                        ---
--------------------------------------------------------------------------------

* Hydrogen bonds                                                                
Ligand donor    5 hydrogen   49 Protein acceptor 8028 bond energy  1.00 wt 2.00
Ligand donor   10 hydrogen   31 Protein acceptor 7949 bond energy  1.00 wt 1.00
Ligand donor   12 hydrogen   48 Protein acceptor 7948 bond energy  1.00 wt 2.00
Ligand donor   17 hydrogen   41 Protein acceptor 7948 bond energy  1.00 wt 1.00
Protein donor 10752 hydrogen 10765 Ligand acceptor   10 bond energy  1.00 wt 0.86


* CH..O interactions                                                            
  CH group selection                       : activated ring CH (adjacent to hetatom)

--------------------------------------------------------------------------------


--------------------------------------------------------------------------------
--- Intra-ligand clashes                                                     ---
--------------------------------------------------------------------------------

Ligand
--------------------------------------------------------------------------------

--------------------------------------------------------------------------------
--- Rescoring solution                                                       ---
--------------------------------------------------------------------------------

     Score         DG    S(hbond)    S(metal)    S(lipo)     H(rot)  DE(clash)    DE(int)
     20.98     -22.48       3.47        0.00     106.17       2.74       0.54       0.96

Doing AMOEBA simplex on best individual
Done simplexing #iterations 828, best score  23.63

     Score         DG    S(hbond)    S(metal)    S(lipo)     H(rot)  DE(clash)    DE(int)
     23.63     -24.72       3.86        0.00     114.19       2.74       0.29       0.79

--------------------------------------------------------------------------------
--- ChemScore breakdown of terms                                             ---
--------------------------------------------------------------------------------
DG = -5.4800 + -3.3400*S(hbond)
     + -6.0300*S(metal) + -0.1170*S(lipo) + 2.5600*H(rot)


H(rot) = 2.7384

Score = -(DG + DE(clash) + DE(int))


--------------------------------------------------------------------------------


--------------------------------------------------------------------------------
--- ChemScore analysis of protein-ligand interactions                        ---
--------------------------------------------------------------------------------

* Hydrogen bonds                                                                
Ligand donor    5 hydrogen   49 Protein acceptor 8028 bond energy  1.00 wt 0.96
Ligand donor   10 hydrogen   31 Protein acceptor 7949 bond energy  1.00 wt 0.64
Ligand donor   12 hydrogen   48 Protein acceptor 7948 bond energy  1.00 wt 0.97
Ligand donor   17 hydrogen   41 Protein acceptor 7948 bond energy  1.00 wt 0.94
Protein donor 10752 hydrogen 10765 Ligand acceptor   10 bond energy  1.00 wt 0.34

CHEMSCORE EXTRA INTERACTIONS:

* Clashes                                                                       
Clash for ligand atom   6 (**** ):   0.01
Clash for ligand atom  13 (**** ):   0.02
Clash for ligand atom  14 (**** ):   0.06
Clash for ligand atom  20 (**** ):   0.19
--------------------------------------------------------------------------------


--------------------------------------------------------------------------------
--- Chromosome decoded                                                       ---
--------------------------------------------------------------------------------
Ligand Torsions
[   6    7    8    9]   -6.27
[   7    8    9   10]  148.87
[  31   10    9    8] -172.54
[  12   11    9    8]  148.01
[  18   12   11    9]  174.59
[  41   17   16   15]   71.92
Protein Torsions
[6907 6896 6895 6894]   57.30 
[7974 7965 7964 7962]  126.48 
[8008 7997 7996 7995]   29.58 
[10167 10162 10161 10158]   11.96 
[10718 10713 10712 10709]  -60.20 
[10763 10752 10751 10750]  163.21 
[11005 11000 10999 10996]   64.16 
Mapping
Ligand acceptors to protein hydrogens (mapping then atom ids)
Ligand hydrogens to protein acceptors (mapping then atom ids)
  3   7 [ 48->7948]
Ligand shape atoms to protein points (mapping then atom ids & coords)
  1  9418 [  1->(152.750 142.750 159.750)]
  3  7123 [  6->(150.250 141.000 156.250)]
  4  7971 [  8->(151.250 138.250 155.750)]
  6  7275 [ 11->(150.500 138.000 155.000)]
 13  9018 [ 22->(152.250 142.000 160.000)]
Ligand N+ atoms to protein TRP (mapping then atom ids & coords)
Chromosome values
Integers:
  -1   -1   -1   -1    6   -1   -1 9417   -1 7122 7970   -1 
7274   -1   -1   -1   -1   -1   -1 9017 
--------------------------------------------------------------------------------

Current Ranking  2  4  1  3

--------------------------------------------------------------------------------

* GA execution time :                                                           
  total  1.1102 user  1.1062 sys  0.0040

--------------------------------------------------------------------------------
Fitness function evaluations: 110865

--------------------------------------------------------------------------------
** Docking run number  5 **
--------------------------------------------------------------------------------
  Rank fitness base is 5000.00 ; increment is 11.2233

* Initialising population(s) ...                                                
Number of constraints mappings 0
Number of constraints 0
  Population no.                           :      1
  Population size                          :    100
  Number of duplicates                     :      0
  Number of niche violations               :      0
  Number of errors                         :   4362

Number of constraints mappings 0
Number of constraints 0
  Population no.                           :      2
  Population size                          :    100
  Number of duplicates                     :      0
  Number of niche violations               :      0
  Number of errors                         :   4254

Number of constraints mappings 0
Number of constraints 0
  Population no.                           :      3
  Population size                          :    100
  Number of duplicates                     :      0
  Number of niche violations               :      0
  Number of errors                         :   4249

Number of constraints mappings 0
Number of constraints 0
  Population no.                           :      4
  Population size                          :    100
  Number of duplicates                     :      0
  Number of niche violations               :      0
  Number of errors                         :   4365

Number of constraints mappings 0
Number of constraints 0
  Population no.                           :      5
  Population size                          :    100
  Number of duplicates                     :      0
  Number of niche violations               :      0
  Number of errors                         :   4197


Doing GA, no. of population(s) 5 size 100 selection pressure 1.100000

 Operation      Score     S(PLP)   S(hbond)     S(cho)   S(metal)  DE(clash)   DE(tors)     intcor
         0      25.60     -28.71       0.28       0.00       0.00       0.80       1.58       0.03
      1407      25.60     -28.71       0.28       0.00       0.00       0.80       1.58       0.03
      1896      26.79     -33.04       0.02       0.00       0.00       4.40       0.97       0.03
      2132      27.13     -26.41       0.59       0.00       0.00       0.00       0.54       0.03
      2328      33.16     -28.36       1.99       0.00       0.00       0.00       0.59       0.03
      3213      33.74     -26.27       3.29       0.00       0.00       0.00       1.21       0.03
      3603      38.03     -26.76       4.61       0.00       0.00       0.00       1.30       0.03
      4668      39.45     -27.96       4.68       0.00       0.00       0.00       1.30       0.03
      6467      39.93     -26.28       4.88       0.00       0.00       0.00       0.52       0.03
      6762      41.70     -29.31       4.46       0.00       0.00       0.00       0.52       0.03
      6887      42.10     -31.50       3.87       0.00       0.00       0.00       0.52       0.03
      7463      44.22     -32.81       4.11       0.00       0.00       0.00       0.48       0.03
      7472      47.55     -36.19       4.12       0.00       0.00       0.00       0.52       0.03
      9183      48.63     -34.02       5.52       0.00       0.00       0.00       0.99       0.03
      9903      51.15     -37.65       4.81       0.00       0.00       0.00       0.48       0.03
     11928      53.30     -37.65       5.52       0.00       0.00       0.00       0.48       0.03
     12143      53.46     -40.98       4.36       0.00       0.00       0.00       0.31       0.03
     14724      54.22     -38.42       5.62       0.00       0.00       0.00       0.56       0.03
     15703      56.41     -40.98       5.34       0.00       0.00       0.00       0.31       0.03
     18949      58.16     -41.48       5.90       0.00       0.00       0.00       0.53       0.03
     20414      58.31     -41.48       5.95       0.00       0.00       0.00       0.53       0.03
     21120      58.48     -41.59       5.95       0.00       0.00       0.00       0.50       0.03
     22364      58.50     -41.65       5.95       0.00       0.00       0.00       0.51       0.03
     25420      58.59     -41.70       5.95       0.00       0.00       0.00       0.50       0.03
     26515      58.74     -41.70       6.00       0.00       0.00       0.00       0.50       0.03
     28105      58.98     -42.07       6.00       0.00       0.00       0.00       0.56       0.03
     29351      59.17     -42.18       6.00       0.00       0.00       0.00       0.52       0.03
     37290      59.30     -42.36       6.00       0.00       0.00       0.00       0.55       0.03
     39260      59.37     -42.41       6.00       0.00       0.00       0.00       0.53       0.03
     48951      59.52     -43.20       5.79       0.00       0.00       0.00       0.53       0.03
     49508      60.41     -43.91       5.84       0.00       0.00       0.00       0.53       0.03
--------------------------------------------------------------------------------
Best docking solution after GA:
     51500      60.41     -43.91       5.84       0.00       0.00       0.00       0.53       0.03

#ops:      51500 #mutates:  24515 #cross:    24432 #migrate:   2553 
#dups:     16068 #niche:    28668 #errors:    3385 
--------------------------------------------------------------------------------

Doing AMOEBA simplex on best individual
Done simplexing #iterations 688, best score  62.33

Ligand is stored in gold_soln_AV-procd_m6018_5.sdf


--------------------------------------------------------------------------------
--- CHEMPLP breakdown of terms                                               ---
--------------------------------------------------------------------------------
CHEMPLP = - ( 1.0000*S(PLP) + -3.0000*S(hbond) + -6.0000*S(metal) + -3.0000*S(cho) )

Score = CHEMPLP - 1.0000*DE(clash) - 2.0000*DE(tors)

Internal energy term has been corrected with the best internal energy encountered.

--------------------------------------------------------------------------------


     Score     S(PLP)   S(hbond)     S(cho)   S(metal)  DE(clash)   DE(tors)     intcor
     62.33     -45.41       5.99       0.00       0.00       0.00       0.54       0.03

--------------------------------------------------------------------------------
--- PLP analysis of protein-ligand interactions                              ---
--------------------------------------------------------------------------------
hydrogen bonding        :      -4.68
metal                   :       0.00
buried (polar-nonpolar) :      -4.66
nonpolar                :     -37.56
repulsive               :       0.08
--------------------------------------------------------------------------------


--------------------------------------------------------------------------------
--- ChemScore analysis of protein-ligand interactions                        ---
--------------------------------------------------------------------------------

* Hydrogen bonds                                                                
Ligand donor    5 hydrogen   49 Protein acceptor 8028 bond energy  1.00 wt 2.00
Ligand donor   10 hydrogen   31 Protein acceptor 7948 bond energy  1.00 wt 0.99
Ligand donor   12 hydrogen   48 Protein acceptor 7948 bond energy  1.00 wt 2.00
Ligand donor   17 hydrogen   41 Protein acceptor 7948 bond energy  1.00 wt 1.00


* CH..O interactions                                                            
  CH group selection                       : activated ring CH (adjacent to hetatom)

--------------------------------------------------------------------------------


--------------------------------------------------------------------------------
--- Intra-ligand clashes                                                     ---
--------------------------------------------------------------------------------

Ligand
--------------------------------------------------------------------------------

--------------------------------------------------------------------------------
--- Rescoring solution                                                       ---
--------------------------------------------------------------------------------

     Score         DG    S(hbond)    S(metal)    S(lipo)     H(rot)  DE(clash)    DE(int)
     20.80     -21.80       3.06        0.00     111.96       2.74       0.46       0.53

Doing AMOEBA simplex on best individual
Done simplexing #iterations 698, best score  22.41

     Score         DG    S(hbond)    S(metal)    S(lipo)     H(rot)  DE(clash)    DE(int)
     22.41     -22.96       3.30        0.00     115.06       2.74       0.04       0.51

--------------------------------------------------------------------------------
--- ChemScore breakdown of terms                                             ---
--------------------------------------------------------------------------------
DG = -5.4800 + -3.3400*S(hbond)
     + -6.0300*S(metal) + -0.1170*S(lipo) + 2.5600*H(rot)


H(rot) = 2.7384

Score = -(DG + DE(clash) + DE(int))


--------------------------------------------------------------------------------


--------------------------------------------------------------------------------
--- ChemScore analysis of protein-ligand interactions                        ---
--------------------------------------------------------------------------------

* Hydrogen bonds                                                                
Ligand donor    5 hydrogen   49 Protein acceptor 8028 bond energy  1.00 wt 1.00
Ligand donor   10 hydrogen   31 Protein acceptor 7948 bond energy  1.00 wt 0.34
Ligand donor   12 hydrogen   48 Protein acceptor 7948 bond energy  1.00 wt 0.96
Ligand donor   17 hydrogen   41 Protein acceptor 7948 bond energy  1.00 wt 1.00

CHEMSCORE EXTRA INTERACTIONS:

* Clashes                                                                       
Clash for ligand atom  13 (**** ):   0.01
Clash for ligand atom  15 (**** ):   0.03
--------------------------------------------------------------------------------


--------------------------------------------------------------------------------
--- Chromosome decoded                                                       ---
--------------------------------------------------------------------------------
Ligand Torsions
[   6    7    8    9]  -12.04
[   7    8    9   10]  167.79
[  31   10    9    8]  169.55
[  12   11    9    8] -170.72
[  18   12   11    9]  150.04
[  41   17   16   15]   77.65
Protein Torsions
[6907 6896 6895 6894]  -24.09 
[7974 7965 7964 7962]  -11.19 
[8008 7997 7996 7995]  100.50 
[10167 10162 10161 10158]  156.22 
[10718 10713 10712 10709]   48.37 
[10763 10752 10751 10750]  149.87 
[11005 11000 10999 10996]   26.07 
Mapping
Ligand acceptors to protein hydrogens (mapping then atom ids)
Ligand hydrogens to protein acceptors (mapping then atom ids)
  1  15 [ 49->8028]
  3   7 [ 48->7948]
Ligand shape atoms to protein points (mapping then atom ids & coords)
  1  8893 [  1->(152.000 144.250 160.750)]
  2  9234 [  3->(152.500 142.500 159.750)]
 13  9788 [ 22->(154.250 140.500 160.500)]
Ligand N+ atoms to protein TRP (mapping then atom ids & coords)
Chromosome values
Integers:
  -1   -1   14   -1    6   -1   -1 8892 9233   -1   -1   -1 
  -1   -1   -1   -1   -1   -1   -1 9787 
--------------------------------------------------------------------------------

Current Ranking  2  5  4  1  3

Top  3 (of  5) solutions are within 1.500 RMSD, finishing docking /DATA2/COVID-19/PDBs_&_Models/AV-procd.sdf.


--------------------------------------------------------------------------------

* GA execution time :                                                           
  total  1.1040 user  1.1040 sys  0.0000

--------------------------------------------------------------------------------
Fitness function evaluations: 109085

--------------------------------------------------------------------------------
--- Ranking analysis                                                         ---
--------------------------------------------------------------------------------


* Final ranked order of GA solutions:                                           
   2  5  4  1  3 

  _______________________________
  RMSD Matrix of RANKED solutions

        2    3    4    5  

   1 :  0.6  0.3  2.4  9.8
   2 :       0.7  2.4 10.0
   3 :            2.3  9.9
   4 :                10.3

  Clustering method                        : complete linkage
  Structure ids in cluster table           : rank nos.
  Ordering of clusters and their members   : by rank (order if from rms_analysis)

  Distance | Clusters
   0.28    |  1  3 |  2 |  4 |  5 |
   0.74    |  1  2  3 |  4 |  5 |
   2.42    |  1  2  3  4 |  5 |
  10.30    |  1  2  3  4  5 |
  Finished Docking Ligand                  : /DATA2/COVID-19/PDBs_&_Models/AV-procd.sdf
--------------------------------------------------------------------------------

  Relative_Ligand_Energy (best encountered) :   0.035
  Relative_Ligand_Energy: fitness values have been corrected using this amount
