# WARNING: atom   16 in /DATA2/COVID-19/PDBs_&_Models/AV-procd.sdf is deduced as an acidic nitrogen

--------------------------------------------------------------------------------
--- Ligand                                                                   ---
--------------------------------------------------------------------------------
  Ligand loaded from file                  : /DATA2/COVID-19/PDBs_&_Models/AV-procd.sdf
  Ligand name                              :  
  "AV-unprocessed.smi:37                                                    "

--------------------------------------------------------------------------------
  N.plc donors                             : 
  none found

  Acidic nitrogen acceptors                : 

  16   
  Sulfur acceptors                         :
  none found

  O.3 atom 5 is not an acceptor (skipped)
  O.3 atom 22 is not an acceptor (skipped)

  Donor atoms                              :      0
  
  Acceptor atoms                           :      6
  4   8   15  16  18  24  

  Hydrogens                                :  (n = 0)
    none found


  Lone pairs added to molecule             :     11
  Numbering                                : from 44 to 54
  Choline groups                           : 
   

--------------------------------------------------------------------------------
--- Postprocessing of typing                                                 ---
--------------------------------------------------------------------------------
  Fragment file                            : /home/scv26/CCDC/Discovery_2020/GOLD/gold/rotatable_bond_override.mol2
  acylurea fragment                        : no matches
  thioacylthiourea fragment                : no matches
  acylthiourea fragment                    : no matches
  thioacylurea fragment                    : no matches
  diarylamine fragment >C.ar-NH-C.ar<      : no matches
  sec-amine (1) fragment                   : no matches
  sec-amine (2) fragment                   : no matches
  sec-amine (3) fragment                   : no matches
  carboxylic ester                         : no matches

* Rotatable bonds in /DATA2/COVID-19/PDBs  :
  [   2    3] [   3    5] [   5    6] [   6    7] 
  [   9   10] [  21   22] [  22   23] [  23   25] 
  No. of rotatable bonds                   :      8


* Fragments found in /DATA2/COVID-19/PDBs  :
  atom   7: ribose
  atom   8: ribose
  atom   9: ribose
  atom  19: ribose
  atom  21: ribose


* Checking torsion distributions:                                               
  Rotatable bond [ 6  5  3  4] matches torsion: ester
   C | O.3 | C.2 | O.2 
  Rotatable bond [21 22 23 24] matches torsion: ester
   C | O.3 | C.2 | O.2 
  No. of matched torsions                  :      2

--------------------------------------------------------------------------------
--- Shape fitting atoms selection (hydrophobic atoms)                        ---
--------------------------------------------------------------------------------
  Molecule                                 : /DATA2/COVID-19/PDBs_&_Models/AV-procd.sdf
  Selection                                : carbons only
  Atom numbers                             :  (n = 10)
  1    2    6    7    9    11   19   21   25   26   
  


--------------------------------------------------------------------------------
--- ChemScore ligand setup summary                                           ---
--------------------------------------------------------------------------------
  ChemScore ligand acceptors               :      6
  4 8 15 16 [-] 18 24 
  ChemScore ligand donors                  :      0
  
  ChemScore ligand CH donors               :      1
  11 ( 36 ) 

  ChemScore ligand lipophilic atoms        :  (n = 11)
  1    2    6    7    11   12   19   20   21   25   
  26   

  ChemScore ligand rotatable bonds         :      8
  2   (****) - 3   (****): SP3_SP2_BOND
  3   (****) - 5   (****): SP3_SP2_BOND
  5   (****) - 6   (****): SP3_SP3_BOND
  6   (****) - 7   (****): SP3_SP3_BOND
  9   (****) - 10  (****): SP3_SP2_BOND
  21  (****) - 22  (****): SP3_SP3_BOND
  22  (****) - 23  (****): SP3_SP2_BOND
  23  (****) - 25  (****): SP3_SP2_BOND

--------------------------------------------------------------------------------
--- PLP ligand setup summary                                                 ---
--------------------------------------------------------------------------------
    1  ****   C.3 NONPOLAR
    2  ****   C.3 NONPOLAR
    3  ****   C.2 NONPOLAR
    4  ****   O.2 ACCEPTOR
    5  ****   O.3 ACCEPTOR
    6  ****   C.3 NONPOLAR
    7  ****   C.3 NONPOLAR
    8  ****   O.3 ACCEPTOR
    9  ****   C.3 NONPOLAR
   10  ****  N.am NONPOLAR
   11  ****   C.2 NONPOLAR
   12  ****   C.2 NONPOLAR
   13  ****     F NONPOLAR
   14  ****   C.2 NONPOLAR
   15  ****   O.2 ACCEPTOR
   16  **** N.pl3 ACCEPTOR
   17  ****   C.2 NONPOLAR
   18  ****   O.2 ACCEPTOR
   19  ****   C.3 NONPOLAR
   20  ****    Br NONPOLAR
   21  ****   C.3 NONPOLAR
   22  ****   O.3 ACCEPTOR
   23  ****   C.2 NONPOLAR
   24  ****   O.2 ACCEPTOR
   25  ****   C.3 NONPOLAR
   26  ****   C.3 NONPOLAR


--------------------------------------------------------------------------------
--- Automatic parameter setting                                              ---
--------------------------------------------------------------------------------
  Contribution base                        :   2500
  Contribution per rotatable bond          :   6000
  Contribution per df                      :   4000
  Contribution per water                   :  10000
  Ligand rotatable bonds                   :      8
  Protein flexible side chain bonds        :      0
  Total rotatable bonds                    :      8
  Hydrophobic vol ratio (P/L)              :   2.307
  Base multiplier (polar)                  :   1.200
  Base multiplier (apolar)                 :   4.614
  Base contribution                        : 12500.000
  Fitting points                           :      6
  Estimated maxops needed (optimal)        :  61000

--------------------------------------------------------------------------------

* Population settings                                                           
  maxops                                   :  61000
  popsiz                                   :    100
  select_pressure                          :   1.100
  n_islands                                :      5
  niche_siz                                :      2

* GA settings                                                                   
  pt_crosswt                               :     95
  allele_mutatewt                          :     95
  migratewt                                :     10

* Search settings                                                               
  start_vdw_linear_cutoff                  :   4.000
  initial_virtual_pt_match_max             :   3.000

--------------------------------------------------------------------------------

* Ligand initialisation time :                                                  
  total  0.0155 user  0.0155 sys  0.0000

--------------------------------------------------------------------------------

--------------------------------------------------------------------------------
** Docking run number  1 **
--------------------------------------------------------------------------------
  Rank fitness base is 5000.00 ; increment is 11.2233

* Initialising population(s) ...                                                
Number of constraints mappings 0
Number of constraints 0
  Population no.                           :      1
  Population size                          :    100
  Number of duplicates                     :      0
  Number of niche violations               :      0
  Number of errors                         :   5316

Number of constraints mappings 0
Number of constraints 0
  Population no.                           :      2
  Population size                          :    100
  Number of duplicates                     :      0
  Number of niche violations               :      0
  Number of errors                         :   5303

Number of constraints mappings 0
Number of constraints 0
  Population no.                           :      3
  Population size                          :    100
  Number of duplicates                     :      0
  Number of niche violations               :      0
  Number of errors                         :   5374

Number of constraints mappings 0
Number of constraints 0
  Population no.                           :      4
  Population size                          :    100
  Number of duplicates                     :      0
  Number of niche violations               :      0
  Number of errors                         :   5413

Number of constraints mappings 0
Number of constraints 0
  Population no.                           :      5
  Population size                          :    100
  Number of duplicates                     :      0
  Number of niche violations               :      0
  Number of errors                         :   5220


Doing GA, no. of population(s) 5 size 100 selection pressure 1.100000

 Operation      Score     S(PLP)   S(hbond)     S(cho)   S(metal)  DE(clash)   DE(tors)     intcor
         0      19.66     -20.95       0.10       0.00       0.00       0.00       1.24       0.89
      3851      19.67     -20.63       0.10       0.00       0.00       0.00       1.08       0.89
      4619      20.19     -21.06       1.00       0.00       0.00       0.00       2.38       0.89
      6061      20.80     -20.94       0.26       0.00       0.00       0.00       0.91       0.89
      6186      21.78     -22.82       0.25       0.00       0.00       0.00       1.33       0.89
      7380      22.37     -24.29       0.65       0.00       0.00       0.00       2.38       0.89
      7699      23.11     -19.08       2.26       0.00       0.00       0.00       1.82       0.89
      8900      23.93     -25.24       1.00       0.00       0.00       1.66       1.78       0.89
      9201      25.02     -25.64       0.19       0.00       0.00       0.00       1.04       0.89
     10601      25.28     -25.28       0.50       0.00       0.00       0.00       1.19       0.89
     10845      25.30     -25.98       1.19       0.00       0.00       1.66       1.74       0.89
     11433      25.45     -19.29       2.67       0.00       0.00       0.00       1.38       0.89
     11634      27.13     -24.36       1.99       0.00       0.00       0.00       2.05       0.89
     13119      27.92     -29.35       0.90       0.00       0.00       0.85       2.09       0.89
     14208      30.32     -22.18       3.23       0.00       0.00       0.00       1.23       0.89
     17563      31.77     -27.36       1.98       0.00       0.00       0.00       1.09       0.64
     20023      32.24     -27.73       1.98       0.00       0.00       0.00       0.96       0.48
     21818      33.48     -23.95       3.74       0.00       0.00       0.00       1.08       0.48
     24308      34.69     -29.59       2.22       0.00       0.00       0.00       1.02       0.48
     24953      36.14     -27.36       3.54       0.00       0.00       0.00       1.15       0.48
     27013      36.44     -27.73       3.54       0.00       0.00       0.00       1.14       0.38
     28027      36.53     -27.88       3.63       0.00       0.00       0.00       1.30       0.36
     28067      37.01     -28.09       3.54       0.00       0.00       0.00       1.03       0.36
     28863      37.30     -29.13       3.31       0.00       0.00       0.00       1.06       0.36
     29917      37.71     -28.88       3.55       0.00       0.00       0.00       1.10       0.36
     30328      37.81     -29.37       3.36       0.00       0.00       0.00       1.00       0.36
     32122      37.82     -28.84       3.63       0.00       0.00       0.00       1.08       0.25
     32922      37.92     -28.89       3.65       0.00       0.00       0.00       1.08       0.25
     33688      38.00     -29.46       3.40       0.00       0.00       0.00       0.95       0.25
     34062      38.06     -29.73       3.36       0.00       0.00       0.00       1.01       0.25
     34832      38.07     -29.17       3.58       0.00       0.00       0.00       1.05       0.25
     35197      38.15     -29.40       3.52       0.00       0.00       0.00       1.03       0.25
     35662      38.39     -29.79       3.46       0.00       0.00       0.00       1.01       0.25
     37329      38.83     -30.68       3.30       0.00       0.00       0.00       1.00       0.25
     38559      38.84     -30.51       3.35       0.00       0.00       0.00       0.98       0.25
     39389      39.06     -30.79       3.30       0.00       0.00       0.00       0.94       0.25
     40229      39.20     -30.57       3.30       0.00       0.00       0.00       0.76       0.25
     41684      39.47     -31.17       3.30       0.00       0.00       0.00       0.93       0.25
     42558      39.53     -29.80       3.78       0.00       0.00       0.00       0.94       0.25
     42789      39.71     -30.99       3.30       0.00       0.00       0.00       0.71       0.25
     43287      39.76     -31.17       3.28       0.00       0.00       0.00       0.75       0.25
     43499      39.89     -31.07       3.30       0.00       0.00       0.00       0.67       0.25
     45599      40.03     -31.22       3.30       0.00       0.00       0.00       0.67       0.25
     45709      40.18     -31.00       3.42       0.00       0.00       0.00       0.67       0.25
     46319      40.22     -31.22       3.42       0.00       0.00       0.00       0.76       0.25
     47223      40.23     -31.27       3.39       0.00       0.00       0.00       0.72       0.25
     47504      40.30     -31.16       3.42       0.00       0.00       0.00       0.69       0.25
     47700      40.33     -31.36       3.39       0.00       0.00       0.00       0.72       0.25
     47795      40.38     -31.26       3.42       0.00       0.00       0.00       0.70       0.25
     49350      40.42     -31.29       3.42       0.00       0.00       0.00       0.69       0.25
     49998      40.51     -31.42       3.35       0.00       0.00       0.00       0.61       0.25
     51994      40.52     -31.40       3.39       0.00       0.00       0.00       0.64       0.25
     52235      40.52     -31.48       3.35       0.00       0.00       0.00       0.63       0.25
     52820      40.55     -31.52       3.34       0.00       0.00       0.00       0.62       0.25
     53335      40.65     -31.50       3.41       0.00       0.00       0.00       0.66       0.25
     55250      40.71     -31.50       3.41       0.00       0.00       0.00       0.64       0.25
     55840      40.72     -31.53       3.41       0.00       0.00       0.00       0.65       0.25
     56273      40.73     -31.54       3.41       0.00       0.00       0.00       0.64       0.25
     56475      40.76     -31.48       3.41       0.00       0.00       0.00       0.60       0.25
     57295      40.78     -31.52       3.41       0.00       0.00       0.00       0.61       0.25
     57375      40.78     -31.51       3.41       0.00       0.00       0.00       0.61       0.25
     57602      40.79     -31.51       3.41       0.00       0.00       0.00       0.60       0.25
     57778      41.05     -31.89       3.38       0.00       0.00       0.00       0.61       0.25
     58448      41.05     -31.90       3.38       0.00       0.00       0.00       0.61       0.25
     58478      41.18     -31.95       3.40       0.00       0.00       0.00       0.61       0.25
     58769      41.20     -31.94       3.40       0.00       0.00       0.00       0.60       0.25
     59644      41.22     -31.97       3.40       0.00       0.00       0.00       0.60       0.25
     60259      41.22     -31.97       3.40       0.00       0.00       0.00       0.60       0.25
--------------------------------------------------------------------------------
Best docking solution after GA:
     61000      41.22     -31.97       3.40       0.00       0.00       0.00       0.60       0.25

#ops:      61000 #mutates:  28940 #cross:    29031 #migrate:   3029 
#dups:     16636 #niche:    35968 #errors:    2538 
--------------------------------------------------------------------------------

Doing AMOEBA simplex on best individual
Done simplexing #iterations 1067, best score  41.78

Ligand is stored in gold_soln_AV-procd_m323_1.sdf


--------------------------------------------------------------------------------
--- CHEMPLP breakdown of terms                                               ---
--------------------------------------------------------------------------------
CHEMPLP = - ( 1.0000*S(PLP) + -3.0000*S(hbond) + -6.0000*S(metal) + -3.0000*S(cho) )

Score = CHEMPLP - 1.0000*DE(clash) - 2.0000*DE(tors)

Internal energy term has been corrected with the best internal energy encountered.

--------------------------------------------------------------------------------


     Score     S(PLP)   S(hbond)     S(cho)   S(metal)  DE(clash)   DE(tors)     intcor
     41.78     -31.92       3.60       0.00       0.00       0.00       0.59       0.25

--------------------------------------------------------------------------------
--- PLP analysis of protein-ligand interactions                              ---
--------------------------------------------------------------------------------
hydrogen bonding        :      -4.59
metal                   :       0.00
buried (polar-nonpolar) :      -5.28
nonpolar                :     -24.30
repulsive               :       2.99
--------------------------------------------------------------------------------


--------------------------------------------------------------------------------
--- ChemScore analysis of protein-ligand interactions                        ---
--------------------------------------------------------------------------------

* Hydrogen bonds                                                                
Protein donor 6934 hydrogen 6946 Ligand acceptor    4 bond energy  1.00 wt 1.00
Protein donor 7989 hydrogen 7998 Ligand acceptor   18 bond energy  1.00 wt 1.00
Protein donor 7997 hydrogen 8008 Ligand acceptor   16 bond energy  1.00 wt 1.12
Protein donor 7997 hydrogen 8010 Ligand acceptor   15 bond energy  1.00 wt 0.48


* CH..O interactions                                                            
  CH group selection                       : activated ring CH (adjacent to hetatom)

--------------------------------------------------------------------------------


--------------------------------------------------------------------------------
--- Intra-ligand clashes                                                     ---
--------------------------------------------------------------------------------

Ligand
--------------------------------------------------------------------------------

--------------------------------------------------------------------------------
--- Rescoring solution                                                       ---
--------------------------------------------------------------------------------

     Score         DG    S(hbond)    S(metal)    S(lipo)     H(rot)  DE(clash)    DE(int)
      3.50      -9.36       2.03        0.00      46.77       3.27       3.11       2.76

Doing AMOEBA simplex on best individual
Done simplexing #iterations 1008, best score   5.31

     Score         DG    S(hbond)    S(metal)    S(lipo)     H(rot)  DE(clash)    DE(int)
      5.31      -9.93       2.26        0.00      44.89       3.27       1.86       2.77

--------------------------------------------------------------------------------
--- ChemScore breakdown of terms                                             ---
--------------------------------------------------------------------------------
DG = -5.4800 + -3.3400*S(hbond)
     + -6.0300*S(metal) + -0.1170*S(lipo) + 2.5600*H(rot)


H(rot) = 3.2669

Score = -(DG + DE(clash) + DE(int))


--------------------------------------------------------------------------------


--------------------------------------------------------------------------------
--- ChemScore analysis of protein-ligand interactions                        ---
--------------------------------------------------------------------------------

* Hydrogen bonds                                                                
Protein donor 6934 hydrogen 6946 Ligand acceptor    4 bond energy  1.00 wt 0.95
Protein donor 7989 hydrogen 7998 Ligand acceptor   18 bond energy  1.00 wt 0.97
Protein donor 7997 hydrogen 8008 Ligand acceptor   16 bond energy  1.00 wt 0.32
Protein donor 7997 hydrogen 8010 Ligand acceptor   15 bond energy  1.00 wt 0.02

CHEMSCORE EXTRA INTERACTIONS:

* Clashes                                                                       
Clash for ligand atom   8 (**** ):   1.23
Clash for ligand atom  14 (**** ):   0.63
--------------------------------------------------------------------------------


--------------------------------------------------------------------------------
--- Chromosome decoded                                                       ---
--------------------------------------------------------------------------------
Ligand Torsions
[   1    2    3    4]   -4.83
[   6    5    3    4]    4.50    matched torsion: ester
[   3    5    6    7]  -87.31
[   5    6    7   21]  152.23
[  17   10    9    8] -179.82
[  23   22   21    7] -176.79
[  21   22   23   24]   -2.54    matched torsion: ester
[  26   25   23   22]  -64.08
Protein Torsions
[6907 6896 6895 6894]  139.38 
[7974 7965 7964 7962]   88.85 
[8008 7997 7996 7995]  -20.92 
[10167 10162 10161 10158]   89.50 
[10718 10713 10712 10709]  175.62 
[10763 10752 10751 10750]   81.22 
[11005 11000 10999 10996] -178.20 
Mapping
Ligand acceptors to protein hydrogens (mapping then atom ids)
  1  10 [  4->6946]
  3  21 [ 15->8010]
  5  18 [ 18->7998]
Ligand shape atoms to protein points (mapping then atom ids & coords)
  1  2592 [  1->(144.000 144.000 162.250)]
  2  4022 [  2->(145.500 144.250 161.500)]
Chromosome values
Integers:
   9   -1   20   -1   17   -1 2591 4021   -1   -1   -1   -1 
  -1   -1   -1   -1 
--------------------------------------------------------------------------------

Current Ranking  1

--------------------------------------------------------------------------------

* GA execution time :                                                           
  total  1.3036 user  1.3036 sys  0.0000

--------------------------------------------------------------------------------
Fitness function evaluations: 129640

--------------------------------------------------------------------------------
** Docking run number  2 **
--------------------------------------------------------------------------------
  Rank fitness base is 5000.00 ; increment is 11.2233

* Initialising population(s) ...                                                
Number of constraints mappings 0
Number of constraints 0
  Population no.                           :      1
  Population size                          :    100
  Number of duplicates                     :      0
  Number of niche violations               :      0
  Number of errors                         :   5409

Number of constraints mappings 0
Number of constraints 0
  Population no.                           :      2
  Population size                          :    100
  Number of duplicates                     :      0
  Number of niche violations               :      0
  Number of errors                         :   5099

Number of constraints mappings 0
Number of constraints 0
  Population no.                           :      3
  Population size                          :    100
  Number of duplicates                     :      0
  Number of niche violations               :      0
  Number of errors                         :   5189

Number of constraints mappings 0
Number of constraints 0
  Population no.                           :      4
  Population size                          :    100
  Number of duplicates                     :      0
  Number of niche violations               :      0
  Number of errors                         :   5093

Number of constraints mappings 0
Number of constraints 0
  Population no.                           :      5
  Population size                          :    100
  Number of duplicates                     :      0
  Number of niche violations               :      0
  Number of errors                         :   5387


Doing GA, no. of population(s) 5 size 100 selection pressure 1.100000

 Operation      Score     S(PLP)   S(hbond)     S(cho)   S(metal)  DE(clash)   DE(tors)     intcor
         0      12.72     -13.75       1.00       0.00       0.00       0.66       1.81       0.25
       167      13.67     -12.44       1.00       0.00       0.00       0.00       1.01       0.25
       857      13.67     -12.44       1.00       0.00       0.00       0.00       1.01       0.25
      1816      13.91     -15.57       0.58       0.00       0.00       0.00       1.82       0.25
      2339      15.75     -15.76       0.78       0.00       0.00       0.00       1.31       0.25
      2924      20.94     -15.59       2.57       0.00       0.00       0.00       1.31       0.25
      4986      21.60     -26.31       0.06       0.00       0.00       0.00       2.57       0.25
      6685      21.69     -17.76       1.05       1.00       0.00       0.00       1.24       0.25
      7211      23.49     -26.14       0.75       0.00       0.00       0.00       2.57       0.25
      7876      25.27     -26.68       1.00       0.00       0.00       0.24       2.21       0.25
      8102      25.96     -24.08       1.78       0.00       0.00       0.00       1.85       0.25
      9312      26.95     -24.08       2.11       0.00       0.00       0.00       1.85       0.25
      9796      28.05     -28.28       1.06       0.00       0.00       0.03       1.82       0.25
      9822      28.05     -28.28       1.06       0.00       0.00       0.03       1.82       0.25
     11506      29.25     -28.15       1.12       0.00       0.00       0.03       1.24       0.25
     12096      31.62     -29.64       1.80       0.00       0.00       0.00       1.84       0.25
     15921      32.11     -29.32       1.81       0.00       0.00       0.00       1.45       0.25
     16086      34.43     -29.38       2.40       0.00       0.00       0.00       1.20       0.25
     18161      35.02     -30.22       2.32       0.00       0.00       0.00       1.21       0.25
     18707      35.21     -30.80       2.33       0.00       0.00       0.00       1.41       0.25
     18827      35.28     -30.82       2.33       0.00       0.00       0.00       1.38       0.25
     19706      35.86     -31.20       2.27       0.00       0.00       0.00       1.20       0.25
     19716      36.03     -31.20       2.32       0.00       0.00       0.00       1.20       0.25
     20426      36.03     -31.20       2.32       0.00       0.00       0.00       1.20       0.25
     20581      36.03     -31.20       2.33       0.00       0.00       0.00       1.20       0.25
     21196      36.03     -31.20       2.33       0.00       0.00       0.00       1.20       0.25
     21840      36.05     -31.21       2.32       0.00       0.00       0.00       1.19       0.25
     23235      36.06     -31.21       2.33       0.00       0.00       0.00       1.19       0.25
     29235      36.15     -30.75       2.38       0.00       0.00       0.00       1.00       0.25
     31567      36.20     -30.26       2.48       0.00       0.00       0.00       0.87       0.25
     31625      36.93     -30.02       2.72       0.00       0.00       0.00       0.75       0.25
     34475      36.93     -30.01       2.72       0.00       0.00       0.00       0.75       0.25
     35592      36.97     -30.65       2.67       0.00       0.00       0.00       0.97       0.25
     38084      37.00     -30.11       2.72       0.00       0.00       0.00       0.76       0.25
     39717      37.08     -30.63       2.71       0.00       0.00       0.00       0.96       0.25
     42468      37.08     -30.65       2.70       0.00       0.00       0.00       0.97       0.25
     43217      37.09     -30.62       2.71       0.00       0.00       0.00       0.95       0.25
     44716      37.09     -30.62       2.71       0.00       0.00       0.00       0.95       0.25
     45647      37.09     -30.64       2.70       0.00       0.00       0.00       0.96       0.25
     47197      37.10     -30.64       2.70       0.00       0.00       0.00       0.96       0.25
     47620      37.41     -32.17       2.17       0.00       0.00       0.00       0.76       0.25
     48131      37.65     -31.98       2.44       0.00       0.00       0.00       0.95       0.25
     48375      37.70     -32.86       2.16       0.00       0.00       0.00       0.95       0.25
     49745      37.70     -32.86       2.16       0.00       0.00       0.00       0.95       0.25
     50188      37.98     -28.57       3.25       0.00       0.00       0.00       0.29       0.25
     51636      38.15     -32.28       2.54       0.00       0.00       0.00       1.00       0.25
     52185      38.23     -32.42       2.45       0.00       0.00       0.00       0.90       0.25
     53461      38.33     -32.28       2.60       0.00       0.00       0.00       1.00       0.25
     54206      38.48     -32.32       2.58       0.00       0.00       0.00       0.92       0.25
     54956      38.51     -32.26       2.66       0.00       0.00       0.00       1.00       0.25
     56247      38.52     -32.36       2.58       0.00       0.00       0.00       0.92       0.25
     56338      38.61     -31.84       2.74       0.00       0.00       0.00       0.85       0.25
     56672      38.66     -32.22       2.64       0.00       0.00       0.00       0.87       0.25
     57022      38.69     -32.14       2.73       0.00       0.00       0.00       0.94       0.25
     57570      38.84     -32.42       2.65       0.00       0.00       0.00       0.90       0.25
     57902      38.86     -32.23       2.72       0.00       0.00       0.00       0.88       0.25
     57935      38.90     -32.42       2.67       0.00       0.00       0.00       0.90       0.25
     58356      38.95     -32.40       2.69       0.00       0.00       0.00       0.89       0.25
--------------------------------------------------------------------------------
Best docking solution after GA:
     61000      38.95     -32.40       2.69       0.00       0.00       0.00       0.89       0.25

#ops:      61000 #mutates:  29055 #cross:    28877 #migrate:   3068 
#dups:     21636 #niche:    31853 #errors:    4188 
--------------------------------------------------------------------------------

Doing AMOEBA simplex on best individual
Done simplexing #iterations 1097, best score  42.61

Ligand is stored in gold_soln_AV-procd_m323_2.sdf


--------------------------------------------------------------------------------
--- CHEMPLP breakdown of terms                                               ---
--------------------------------------------------------------------------------
CHEMPLP = - ( 1.0000*S(PLP) + -3.0000*S(hbond) + -6.0000*S(metal) + -3.0000*S(cho) )

Score = CHEMPLP - 1.0000*DE(clash) - 2.0000*DE(tors)

Internal energy term has been corrected with the best internal energy encountered.

--------------------------------------------------------------------------------


     Score     S(PLP)   S(hbond)     S(cho)   S(metal)  DE(clash)   DE(tors)     intcor
     42.61     -34.03       3.29       0.00       0.00       0.00       0.77       0.25

--------------------------------------------------------------------------------
--- PLP analysis of protein-ligand interactions                              ---
--------------------------------------------------------------------------------
hydrogen bonding        :      -4.87
metal                   :       0.00
buried (polar-nonpolar) :      -5.47
nonpolar                :     -26.87
repulsive               :       2.90
--------------------------------------------------------------------------------


--------------------------------------------------------------------------------
--- ChemScore analysis of protein-ligand interactions                        ---
--------------------------------------------------------------------------------

* Hydrogen bonds                                                                
Protein donor 6934 hydrogen 6946 Ligand acceptor    4 bond energy  1.00 wt 1.00
Protein donor 7989 hydrogen 7998 Ligand acceptor   18 bond energy  1.00 wt 1.00
Protein donor 7997 hydrogen 8009 Ligand acceptor   15 bond energy  1.00 wt 0.33
Protein donor 7997 hydrogen 8010 Ligand acceptor   16 bond energy  1.00 wt 0.96


* CH..O interactions                                                            
  CH group selection                       : activated ring CH (adjacent to hetatom)

--------------------------------------------------------------------------------


--------------------------------------------------------------------------------
--- Intra-ligand clashes                                                     ---
--------------------------------------------------------------------------------

Ligand
--------------------------------------------------------------------------------

--------------------------------------------------------------------------------
--- Rescoring solution                                                       ---
--------------------------------------------------------------------------------

     Score         DG    S(hbond)    S(metal)    S(lipo)     H(rot)  DE(clash)    DE(int)
      1.36      -6.83       1.53        0.00      39.23       3.27       3.36       2.11

Doing AMOEBA simplex on best individual
Done simplexing #iterations 1138, best score   5.85

     Score         DG    S(hbond)    S(metal)    S(lipo)     H(rot)  DE(clash)    DE(int)
      5.85      -8.55       1.96        0.00      41.75       3.27       0.29       2.41

--------------------------------------------------------------------------------
--- ChemScore breakdown of terms                                             ---
--------------------------------------------------------------------------------
DG = -5.4800 + -3.3400*S(hbond)
     + -6.0300*S(metal) + -0.1170*S(lipo) + 2.5600*H(rot)


H(rot) = 3.2669

Score = -(DG + DE(clash) + DE(int))


--------------------------------------------------------------------------------


--------------------------------------------------------------------------------
--- ChemScore analysis of protein-ligand interactions                        ---
--------------------------------------------------------------------------------

* Hydrogen bonds                                                                
Protein donor 6934 hydrogen 6946 Ligand acceptor    4 bond energy  1.00 wt 0.96
Protein donor 7989 hydrogen 7998 Ligand acceptor   18 bond energy  1.00 wt 1.00

CHEMSCORE EXTRA INTERACTIONS:

* Clashes                                                                       
Clash for ligand atom   3 (**** ):   0.09
Clash for ligand atom   8 (**** ):   0.15
Clash for ligand atom  22 (**** ):   0.05
--------------------------------------------------------------------------------


--------------------------------------------------------------------------------
--- Chromosome decoded                                                       ---
--------------------------------------------------------------------------------
Ligand Torsions
[   1    2    3    4]  172.45
[   6    5    3    4]    2.90    matched torsion: ester
[   3    5    6    7]  -97.74
[   5    6    7   21]  154.44
[  17   10    9    8] -172.94
[  23   22   21    7] -174.46
[  21   22   23   24]    0.83    matched torsion: ester
[  26   25   23   22]  -59.54
Protein Torsions
[6907 6896 6895 6894]  -38.86 
[7974 7965 7964 7962] -146.84 
[8008 7997 7996 7995]  102.48 
[10167 10162 10161 10158] -121.33 
[10718 10713 10712 10709]  -62.25 
[10763 10752 10751 10750] -113.24 
[11005 11000 10999 10996] -150.18 
Mapping
Ligand acceptors to protein hydrogens (mapping then atom ids)
  5  18 [ 18->7998]
Ligand shape atoms to protein points (mapping then atom ids & coords)
  1  5808 [  1->(147.250 145.250 160.500)]
  5  6906 [  9->(149.750 141.750 157.000)]
  6  7492 [ 11->(150.750 141.000 157.750)]
Chromosome values
Integers:
  -1   -1   -1   -1   17   -1 5807   -1   -1   -1 6905 7491 
  -1   -1   -1   -1 
--------------------------------------------------------------------------------

Current Ranking  2  1

--------------------------------------------------------------------------------

* GA execution time :                                                           
  total  1.2748 user  1.2748 sys  0.0000

--------------------------------------------------------------------------------
Fitness function evaluations: 129464

--------------------------------------------------------------------------------
** Docking run number  3 **
--------------------------------------------------------------------------------
  Rank fitness base is 5000.00 ; increment is 11.2233

* Initialising population(s) ...                                                
Number of constraints mappings 0
Number of constraints 0
  Population no.                           :      1
  Population size                          :    100
  Number of duplicates                     :      0
  Number of niche violations               :      0
  Number of errors                         :   5554

Number of constraints mappings 0
Number of constraints 0
  Population no.                           :      2
  Population size                          :    100
  Number of duplicates                     :      0
  Number of niche violations               :      0
  Number of errors                         :   5334

Number of constraints mappings 0
Number of constraints 0
  Population no.                           :      3
  Population size                          :    100
  Number of duplicates                     :      0
  Number of niche violations               :      0
  Number of errors                         :   5668

Number of constraints mappings 0
Number of constraints 0
  Population no.                           :      4
  Population size                          :    100
  Number of duplicates                     :      0
  Number of niche violations               :      0
  Number of errors                         :   5352

Number of constraints mappings 0
Number of constraints 0
  Population no.                           :      5
  Population size                          :    100
  Number of duplicates                     :      0
  Number of niche violations               :      0
  Number of errors                         :   5343


Doing GA, no. of population(s) 5 size 100 selection pressure 1.100000

 Operation      Score     S(PLP)   S(hbond)     S(cho)   S(metal)  DE(clash)   DE(tors)     intcor
         0       6.29      -7.21       0.56       0.00       0.00       0.00       1.43       0.25
       392      12.28     -11.02       1.60       0.00       0.00       0.00       1.90       0.25
       547      12.65     -14.68       2.21       0.00       0.00       4.69       2.11       0.25
       558      14.62     -17.92       0.00       0.00       0.00       0.00       1.78       0.25
      3014      15.13     -18.44       0.00       0.00       0.00       0.00       1.78       0.25
      3437      16.64     -15.97       0.93       0.00       0.00       0.00       1.18       0.25
      3572      18.06     -18.18       1.29       0.00       0.00       0.07       2.08       0.25
      3635      24.74     -21.38       1.62       0.00       0.00       0.00       0.88       0.25
      3820      24.74     -21.38       1.62       0.00       0.00       0.00       0.88       0.25
      9337      25.43     -21.38       1.62       0.00       0.00       0.00       0.54       0.25
     11011      25.49     -19.42       1.64       1.00       0.00       0.00       1.06       0.25
     11506      26.64     -21.43       1.92       0.00       0.00       0.00       0.40       0.25
     12631      27.18     -22.45       1.94       0.00       0.00       0.00       0.68       0.25
     16548      27.54     -25.29       2.00       0.00       0.00       0.00       2.00       0.25
     17138      27.60     -25.62       2.00       0.00       0.00       0.00       2.13       0.25
     18145      28.03     -22.63       1.94       0.00       0.00       0.00       0.34       0.25
     18795      28.04     -25.16       2.00       0.00       0.00       0.00       1.69       0.25
     19787      28.36     -25.15       2.02       0.00       0.00       0.00       1.55       0.25
     20492      29.24     -26.32       2.00       0.00       0.00       0.00       1.67       0.25
     20572      29.25     -26.37       2.00       0.00       0.00       0.00       1.69       0.25
     22742      29.42     -26.57       2.01       0.00       0.00       0.00       1.72       0.25
     24747      29.43     -26.59       2.01       0.00       0.00       0.00       1.72       0.25
     24932      29.74     -26.06       2.02       0.00       0.00       0.00       1.32       0.25
     27347      30.01     -26.21       2.06       0.00       0.00       0.00       1.32       0.25
     29082      30.18     -26.73       2.04       0.00       0.00       0.00       1.46       0.25
     29217      30.42     -26.82       2.08       0.00       0.00       0.00       1.44       0.25
     45914      30.62     -24.59       1.86       0.96       0.00       0.00       1.35       0.25
     46824      31.40     -25.00       2.00       0.96       0.00       0.00       1.37       0.25
     47808      31.97     -26.22       2.64       0.00       0.00       0.00       1.21       0.25
     51672      31.99     -26.24       2.64       0.00       0.00       0.00       1.21       0.25
     51952      32.01     -26.26       2.64       0.00       0.00       0.00       1.21       0.25
     55376      32.05     -26.50       2.60       0.00       0.00       0.00       1.25       0.25
     56977      32.17     -26.58       2.62       0.00       0.00       0.00       1.25       0.25
     57597      32.25     -26.63       2.62       0.00       0.00       0.00       1.24       0.25
     57897      32.41     -26.45       2.71       0.00       0.00       0.00       1.21       0.25
     59866      32.41     -26.25       2.78       0.00       0.00       0.00       1.21       0.25
     60082      32.44     -26.55       2.71       0.00       0.00       0.00       1.24       0.25
     60441      32.60     -26.43       2.78       0.00       0.00       0.00       1.21       0.25
--------------------------------------------------------------------------------
Best docking solution after GA:
     61000      32.60     -26.43       2.78       0.00       0.00       0.00       1.21       0.25

#ops:      61000 #mutates:  28929 #cross:    29017 #migrate:   3054 
#dups:     11915 #niche:    26186 #errors:    3980 
--------------------------------------------------------------------------------

Doing AMOEBA simplex on best individual
Done simplexing #iterations 1168, best score  36.64

Ligand is stored in gold_soln_AV-procd_m323_3.sdf


--------------------------------------------------------------------------------
--- CHEMPLP breakdown of terms                                               ---
--------------------------------------------------------------------------------
CHEMPLP = - ( 1.0000*S(PLP) + -3.0000*S(hbond) + -6.0000*S(metal) + -3.0000*S(cho) )

Score = CHEMPLP - 1.0000*DE(clash) - 2.0000*DE(tors)

Internal energy term has been corrected with the best internal energy encountered.

--------------------------------------------------------------------------------


     Score     S(PLP)   S(hbond)     S(cho)   S(metal)  DE(clash)   DE(tors)     intcor
     36.64     -27.87       3.65       0.00       0.00       0.00       1.21       0.25

--------------------------------------------------------------------------------
--- PLP analysis of protein-ligand interactions                              ---
--------------------------------------------------------------------------------
hydrogen bonding        :      -4.87
metal                   :       0.00
buried (polar-nonpolar) :      -4.25
nonpolar                :     -21.83
repulsive               :       3.01
--------------------------------------------------------------------------------


--------------------------------------------------------------------------------
--- ChemScore analysis of protein-ligand interactions                        ---
--------------------------------------------------------------------------------

* Hydrogen bonds                                                                
Protein donor 6934 hydrogen 6946 Ligand acceptor    4 bond energy  1.00 wt 1.00
Protein donor 7989 hydrogen 7998 Ligand acceptor   18 bond energy  1.00 wt 1.00
Protein donor 7997 hydrogen 8009 Ligand acceptor   15 bond energy  1.00 wt 0.59
Protein donor 7997 hydrogen 8010 Ligand acceptor   16 bond energy  1.00 wt 1.06


* CH..O interactions                                                            
  CH group selection                       : activated ring CH (adjacent to hetatom)

--------------------------------------------------------------------------------


--------------------------------------------------------------------------------
--- Intra-ligand clashes                                                     ---
--------------------------------------------------------------------------------

Ligand
--------------------------------------------------------------------------------

--------------------------------------------------------------------------------
--- Rescoring solution                                                       ---
--------------------------------------------------------------------------------

     Score         DG    S(hbond)    S(metal)    S(lipo)     H(rot)  DE(clash)    DE(int)
      0.65      -6.20       1.27        0.00      41.36       3.27       2.59       2.95

Doing AMOEBA simplex on best individual
Done simplexing #iterations 1130, best score   3.79

     Score         DG    S(hbond)    S(metal)    S(lipo)     H(rot)  DE(clash)    DE(int)
      3.79      -8.02       1.81        0.00      41.62       3.27       1.89       2.34

--------------------------------------------------------------------------------
--- ChemScore breakdown of terms                                             ---
--------------------------------------------------------------------------------
DG = -5.4800 + -3.3400*S(hbond)
     + -6.0300*S(metal) + -0.1170*S(lipo) + 2.5600*H(rot)


H(rot) = 3.2669

Score = -(DG + DE(clash) + DE(int))


--------------------------------------------------------------------------------


--------------------------------------------------------------------------------
--- ChemScore analysis of protein-ligand interactions                        ---
--------------------------------------------------------------------------------

* Hydrogen bonds                                                                
Protein donor 6934 hydrogen 6946 Ligand acceptor    4 bond energy  1.00 wt 0.82
Protein donor 7989 hydrogen 7998 Ligand acceptor   18 bond energy  1.00 wt 0.98

CHEMSCORE EXTRA INTERACTIONS:

* Clashes                                                                       
Clash for ligand atom   1 (**** ):   0.04
Clash for ligand atom   5 (**** ):   0.08
Clash for ligand atom   8 (**** ):   1.32
Clash for ligand atom  14 (**** ):   0.40
Clash for ligand atom  22 (**** ):   0.05
--------------------------------------------------------------------------------


--------------------------------------------------------------------------------
--- Chromosome decoded                                                       ---
--------------------------------------------------------------------------------
Ligand Torsions
[   1    2    3    4]  -97.31
[   6    5    3    4]   -0.09    matched torsion: ester
[   3    5    6    7]  -75.36
[   5    6    7   21]  135.09
[  17   10    9    8] -171.99
[  23   22   21    7] -175.99
[  21   22   23   24]   -3.34    matched torsion: ester
[  26   25   23   22]  115.69
Protein Torsions
[6907 6896 6895 6894]  -69.69 
[7974 7965 7964 7962] -179.81 
[8008 7997 7996 7995]  102.24 
[10167 10162 10161 10158]  149.31 
[10718 10713 10712 10709]  -20.57 
[10763 10752 10751 10750]  107.66 
[11005 11000 10999 10996]  -20.35 
Mapping
Ligand acceptors to protein hydrogens (mapping then atom ids)
  3  20 [ 15->8009]
  5  18 [ 18->7998]
Ligand shape atoms to protein points (mapping then atom ids & coords)
  1  2596 [  1->(144.000 144.250 160.750)]
Chromosome values
Integers:
  -1   -1   19   -1   17   -1 2595   -1   -1   -1   -1   -1 
  -1   -1   -1   -1 
--------------------------------------------------------------------------------

Current Ranking  2  1  3

Top  3 (of  3) solutions are within 1.500 RMSD, finishing docking /DATA2/COVID-19/PDBs_&_Models/AV-procd.sdf.


--------------------------------------------------------------------------------

* GA execution time :                                                           
  total  1.2680 user  1.2680 sys  0.0000

--------------------------------------------------------------------------------
Fitness function evaluations: 132089

--------------------------------------------------------------------------------
--- Ranking analysis                                                         ---
--------------------------------------------------------------------------------


* Final ranked order of GA solutions:                                           
   2  1  3 

  _______________________________
  RMSD Matrix of RANKED solutions

        2    3  

   1 :  0.8  1.1
   2 :       0.7

  Clustering method                        : complete linkage
  Structure ids in cluster table           : rank nos.
  Ordering of clusters and their members   : by rank (order if from rms_analysis)

  Distance | Clusters
   0.67    |  1 |  2  3 |
   1.10    |  1  2  3 |
  Finished Docking Ligand                  : /DATA2/COVID-19/PDBs_&_Models/AV-procd.sdf
--------------------------------------------------------------------------------

  Relative_Ligand_Energy (best encountered) :   0.252
  Relative_Ligand_Energy: fitness values have been corrected using this amount
