
--------------------------------------------------------------------------------
--- Ligand                                                                   ---
--------------------------------------------------------------------------------
  Ligand loaded from file                  : /DATA2/COVID-19/PDBs_&_Models/AV-procd.sdf
  Ligand name                              :  
  "AV-unprocessed.smi:2972                                                  "

--------------------------------------------------------------------------------
  N.plc donors                             : 
  none found

  Acidic nitrogen acceptors                : 
  none found
  Sulfur acceptors                         :
  none found


  Donor atoms                              :      2
  3   11  
  Acceptor atoms                           :      2
  1   10  

  Hydrogens                                :  (n = 2)
  18   22   

  Lone pairs added to molecule             :      3
  Numbering                                : from 34 to 36
  Choline groups                           : 
   

--------------------------------------------------------------------------------
--- Postprocessing of typing                                                 ---
--------------------------------------------------------------------------------
  Fragment file                            : /home/scv26/CCDC/Discovery_2020/GOLD/gold/rotatable_bond_override.mol2
  acylurea fragment                        : no matches
  thioacylthiourea fragment                : no matches
  acylthiourea fragment                    : no matches
  thioacylurea fragment                    : no matches
  diarylamine fragment >C.ar-NH-C.ar<      : no matches
  sec-amine (1) fragment                   : no matches
  sec-amine (2) fragment                   : no matches
  sec-amine (3) fragment                   : no matches
  carboxylic ester                         : no matches

* Rotatable bonds in /DATA2/COVID-19/PDBs  :
  [   3    4] [  11   12] 
  No. of rotatable bonds                   :      2


* Fragments found in /DATA2/COVID-19/PDBs  :


* Checking torsion distributions:                                               
  Rotatable bond [ 5  4  3  2] matches torsion: aromatic amide
   C.ar ( 1H ) | C.ar | N.am ( 1H ) | C.2 ( O.2 ) 
  No. of matched torsions                  :      1

--------------------------------------------------------------------------------
--- Shape fitting atoms selection (hydrophobic atoms)                        ---
--------------------------------------------------------------------------------
  Molecule                                 : /DATA2/COVID-19/PDBs_&_Models/AV-procd.sdf
  Selection                                : carbons only
  Atom numbers                             :  (n = 9)
  5    6    9    12   13   14   15   16   17   


--------------------------------------------------------------------------------
--- ChemScore ligand setup summary                                           ---
--------------------------------------------------------------------------------
  ChemScore ligand acceptors               :      2
  1 10 
  ChemScore ligand donors                  :      2
  3 ( 18  ) 11 ( 22  ) 
  ChemScore ligand CH donors               :      1
  9 ( 21 ) 

  ChemScore ligand lipophilic atoms        :  (n = 11)
  5    6    7    8    9    12   13   14   15   16   
  17   

  ChemScore ligand rotatable bonds         :      2
  3   (****) - 4   (****): SP2_SP2_BOND
  11  (****) - 12  (****): SP3_SP2_BOND

--------------------------------------------------------------------------------
--- PLP ligand setup summary                                                 ---
--------------------------------------------------------------------------------
    1  ****   O.2 ACCEPTOR
    2  ****   C.2 NONPOLAR
    3  ****  N.am DONOR
    4  ****  C.ar NONPOLAR
    5  ****  C.ar NONPOLAR
    6  ****  C.ar NONPOLAR
    7  ****  C.ar NONPOLAR
    8  ****    Cl NONPOLAR
    9  ****  C.ar NONPOLAR
   10  ****  N.ar ACCEPTOR
   11  ****  N.am DONOR
   12  ****   C.3 NONPOLAR
   13  ****   C.3 NONPOLAR
   14  ****   C.3 NONPOLAR
   15  ****   C.3 NONPOLAR
   16  ****   C.3 NONPOLAR
   17  ****   C.3 NONPOLAR


--------------------------------------------------------------------------------
--- Automatic parameter setting                                              ---
--------------------------------------------------------------------------------
  Contribution base                        :   2500
  Contribution per rotatable bond          :   6000
  Contribution per df                      :   4000
  Contribution per water                   :  10000
  Ligand rotatable bonds                   :      2
  Protein flexible side chain bonds        :      0
  Total rotatable bonds                    :      2
  Hydrophobic vol ratio (P/L)              :   2.563
  Base multiplier (polar)                  :   0.800
  Base multiplier (apolar)                 :   4.614
  Base contribution                        : 12500.000
  Fitting points                           :      4
  Estimated maxops needed (optimal)        :  25000

--------------------------------------------------------------------------------

* Population settings                                                           
  maxops                                   :  25000
  popsiz                                   :    100
  select_pressure                          :   1.100
  n_islands                                :      2
  niche_siz                                :      2

* GA settings                                                                   
  pt_crosswt                               :     95
  allele_mutatewt                          :     95
  migratewt                                :     10

* Search settings                                                               
  start_vdw_linear_cutoff                  :   4.000
  initial_virtual_pt_match_max             :   3.000

--------------------------------------------------------------------------------

* Ligand initialisation time :                                                  
  total  0.0039 user  0.0039 sys  0.0000

--------------------------------------------------------------------------------

--------------------------------------------------------------------------------
** Docking run number  1 **
--------------------------------------------------------------------------------
  Rank fitness base is 5000.00 ; increment is 11.2233

* Initialising population(s) ...                                                
Number of constraints mappings 0
Number of constraints 0
  Population no.                           :      1
  Population size                          :    100
  Number of duplicates                     :      0
  Number of niche violations               :      0
  Number of errors                         :   6641

Number of constraints mappings 0
Number of constraints 0
  Population no.                           :      2
  Population size                          :    100
  Number of duplicates                     :      0
  Number of niche violations               :      0
  Number of errors                         :   6724


Doing GA, no. of population(s) 2 size 100 selection pressure 1.100000

 Operation      Score     S(PLP)   S(hbond)     S(cho)   S(metal)  DE(clash)   DE(tors)     intcor
         0      23.92     -20.99       1.26       0.00       0.00       0.00       0.43       0.00
       387      25.12     -25.14       2.00       0.00       0.00       4.97       0.52       0.00
       884      25.79     -25.21       2.00       0.00       0.00       4.48       0.48       0.00
      1017      26.16     -23.47       0.99       0.00       0.00       0.00       0.14       0.00
      1466      28.03     -28.63       0.00       0.00       0.00       0.00       0.30       0.00
      2117      30.33     -28.66       0.64       0.00       0.00       0.00       0.13       0.00
      3348      30.52     -26.07       1.50       0.37       0.00       1.07       0.06       0.00
      3553      31.02     -25.43       1.98       0.00       0.00       0.00       0.17       0.00
      3640      32.04     -29.78       0.90       0.00       0.00       0.00       0.21       0.00
      5568      33.29     -28.00       1.99       0.00       0.00       0.00       0.35       0.00
      8161      34.43     -29.23       2.00       0.00       0.00       0.00       0.40       0.00
      8660      34.86     -29.98       1.73       0.04       0.00       0.00       0.22       0.00
      9171      37.59     -31.19       1.91       0.37       0.00       0.02       0.22       0.00
     10591      38.86     -33.42       1.99       0.00       0.00       0.00       0.27       0.00
     13733      38.87     -33.45       1.99       0.00       0.00       0.00       0.28       0.00
     15253      40.29     -34.84       2.00       0.00       0.00       0.00       0.28       0.00
     19303      41.90     -36.45       2.00       0.00       0.00       0.00       0.28       0.00
     21147      41.96     -35.95       2.00       0.08       0.00       0.00       0.11       0.00
     23084      42.10     -36.63       2.00       0.00       0.00       0.00       0.27       0.00
     23237      42.14     -36.05       2.00       0.10       0.00       0.00       0.11       0.00
     23715      42.31     -36.14       2.00       0.13       0.00       0.00       0.10       0.00
     24182      43.85     -34.87       2.00       1.00       0.00       0.00       0.01       0.00
     24207      44.01     -35.11       2.00       0.97       0.00       0.00       0.01       0.00
     24820      44.22     -35.44       2.00       0.93       0.00       0.00       0.01       0.00
--------------------------------------------------------------------------------
Best docking solution after GA:
     25000      44.22     -35.44       2.00       0.93       0.00       0.00       0.01       0.00

#ops:      25000 #mutates:  11721 #cross:    11984 #migrate:   1295 
#dups:      5349 #niche:    12330 #errors:    1609 
--------------------------------------------------------------------------------

Doing AMOEBA simplex on best individual
Done simplexing #iterations 384, best score  46.30

Ligand is stored in gold_soln_AV-procd_m11336_1.sdf


--------------------------------------------------------------------------------
--- CHEMPLP breakdown of terms                                               ---
--------------------------------------------------------------------------------
CHEMPLP = - ( 1.0000*S(PLP) + -3.0000*S(hbond) + -6.0000*S(metal) + -3.0000*S(cho) )

Score = CHEMPLP - 1.0000*DE(clash) - 2.0000*DE(tors)

Internal energy term has been corrected with the best internal energy encountered.

--------------------------------------------------------------------------------


     Score     S(PLP)   S(hbond)     S(cho)   S(metal)  DE(clash)   DE(tors)     intcor
     46.30     -37.91       2.00       0.89       0.00       0.00       0.14       0.00

--------------------------------------------------------------------------------
--- PLP analysis of protein-ligand interactions                              ---
--------------------------------------------------------------------------------
hydrogen bonding        :      -2.00
metal                   :       0.00
buried (polar-nonpolar) :      -1.72
nonpolar                :     -34.88
repulsive               :       0.33
--------------------------------------------------------------------------------


--------------------------------------------------------------------------------
--- ChemScore analysis of protein-ligand interactions                        ---
--------------------------------------------------------------------------------

* Hydrogen bonds                                                                
Ligand donor    3 hydrogen   18 Protein acceptor 8028 bond energy  1.00 wt 1.00
Ligand donor   11 hydrogen   22 Protein acceptor 8028 bond energy  1.00 wt 1.00


* CH..O interactions                                                            
  CH group selection                       : activated ring CH (adjacent to hetatom)
Ligand carbon    9 hydrogen   21 Protein acceptor 7948 bond energy  1.00 wt 0.89

--------------------------------------------------------------------------------


--------------------------------------------------------------------------------
--- Intra-ligand clashes                                                     ---
--------------------------------------------------------------------------------

Ligand
--------------------------------------------------------------------------------

--------------------------------------------------------------------------------
--- Rescoring solution                                                       ---
--------------------------------------------------------------------------------

     Score         DG    S(hbond)    S(metal)    S(lipo)     H(rot)  DE(clash)    DE(int)
     16.81     -21.70       1.93        0.00     105.34       1.00       2.49       2.40

Doing AMOEBA simplex on best individual
Done simplexing #iterations 538, best score  19.29

     Score         DG    S(hbond)    S(metal)    S(lipo)     H(rot)  DE(clash)    DE(int)
     19.29     -21.82       1.94        0.00     106.03       1.00       0.26       2.26

--------------------------------------------------------------------------------
--- ChemScore breakdown of terms                                             ---
--------------------------------------------------------------------------------
DG = -5.4800 + -3.3400*S(hbond)
     + -6.0300*S(metal) + -0.1170*S(lipo) + 2.5600*H(rot)


H(rot) = 1.0000

Score = -(DG + DE(clash) + DE(int))


--------------------------------------------------------------------------------


--------------------------------------------------------------------------------
--- ChemScore analysis of protein-ligand interactions                        ---
--------------------------------------------------------------------------------

* Hydrogen bonds                                                                
Ligand donor    3 hydrogen   18 Protein acceptor 8028 bond energy  1.00 wt 0.95
Ligand donor   11 hydrogen   22 Protein acceptor 8028 bond energy  1.00 wt 1.00

CHEMSCORE EXTRA INTERACTIONS:

* Clashes                                                                       
Clash for ligand atom   5 (**** ):   0.01
Clash for ligand atom   6 (**** ):   0.08
Clash for ligand atom   7 (**** ):   0.02
Clash for ligand atom   8 (**** ):   0.12
Clash for ligand atom   9 (**** ):   0.02
--------------------------------------------------------------------------------


--------------------------------------------------------------------------------
--- Chromosome decoded                                                       ---
--------------------------------------------------------------------------------
Ligand Torsions
[   5    4    3    2] -172.74    matched torsion: aromatic amide
[  17   12   11    2] -169.11
Protein Torsions
[6907 6896 6895 6894] -104.33 
[7974 7965 7964 7962]  -81.08 
[8008 7997 7996 7995]  164.67 
[10167 10162 10161 10158]  -25.85 
[10718 10713 10712 10709]   96.07 
[10763 10752 10751 10750]  100.08 
[11005 11000 10999 10996]  -25.03 
Mapping
Ligand acceptors to protein hydrogens (mapping then atom ids)
  1  18 [  1->7998]
Ligand hydrogens to protein acceptors (mapping then atom ids)
  1  15 [ 18->8028]
Ligand shape atoms to protein points (mapping then atom ids & coords)
  1  6516 [  5->(148.750 141.000 155.000)]
  3  5057 [  9->(146.500 138.500 153.250)]
  5  9221 [ 13->(152.500 142.000 160.000)]
  6  8538 [ 14->(151.750 143.000 158.500)]
  7  8622 [ 15->(151.750 144.250 159.750)]
  8  8888 [ 16->(152.000 144.250 159.500)]
  9  9139 [ 17->(152.250 144.250 159.250)]
Chromosome values
Integers:
  17   -1   14   -1 6515   -1 5056   -1 9220 8537 8621 8887 
9138 
--------------------------------------------------------------------------------

Current Ranking  1

--------------------------------------------------------------------------------

* GA execution time :                                                           
  total  0.4386 user  0.4386 sys  0.0000

--------------------------------------------------------------------------------
Fitness function evaluations: 55895

--------------------------------------------------------------------------------
** Docking run number  2 **
--------------------------------------------------------------------------------
  Rank fitness base is 5000.00 ; increment is 11.2233

* Initialising population(s) ...                                                
Number of constraints mappings 0
Number of constraints 0
  Population no.                           :      1
  Population size                          :    100
  Number of duplicates                     :      0
  Number of niche violations               :      0
  Number of errors                         :   6649

Number of constraints mappings 0
Number of constraints 0
  Population no.                           :      2
  Population size                          :    100
  Number of duplicates                     :      0
  Number of niche violations               :      0
  Number of errors                         :   6892


Doing GA, no. of population(s) 2 size 100 selection pressure 1.100000

 Operation      Score     S(PLP)   S(hbond)     S(cho)   S(metal)  DE(clash)   DE(tors)     intcor
         0      24.83     -27.45       0.00       0.00       0.00       2.40       0.11       0.00
      1339      30.26     -31.21       0.45       0.00       0.00       1.64       0.33       0.00
      1705      30.26     -31.21       0.45       0.00       0.00       1.64       0.33       0.00
      2848      30.93     -31.15       0.45       0.28       0.00       1.64       0.38       0.00
      5560      30.99     -31.13       0.45       0.31       0.00       1.64       0.38       0.00
      6048      32.36     -29.28       1.87       0.00       0.00       1.64       0.44       0.00
      7044      33.81     -32.42       0.62       0.00       0.00       0.00       0.24       0.00
      8075      34.03     -30.80       1.14       0.10       0.00       0.00       0.24       0.00
      8580      34.25     -28.94       1.88       0.00       0.00       0.00       0.17       0.00
      8807      34.64     -32.58       0.85       0.00       0.00       0.00       0.25       0.00
     10265      35.26     -33.32       0.80       0.00       0.00       0.00       0.24       0.00
     11626      35.74     -34.58       0.32       0.17       0.00       0.00       0.15       0.00
     12483      36.22     -34.41       0.75       0.00       0.00       0.02       0.22       0.00
     12794      36.91     -34.54       0.77       0.12       0.00       0.00       0.15       0.00
     13311      38.15     -34.61       1.37       0.00       0.00       0.00       0.29       0.00
     14675      38.97     -33.86       1.00       0.83       0.00       0.00       0.19       0.00
     15726      39.18     -33.53       1.00       1.00       0.00       0.00       0.18       0.00
     15863      39.21     -33.68       1.00       0.96       0.00       0.00       0.18       0.00
     16414      39.35     -34.45       1.00       0.94       0.00       0.37       0.28       0.00
     20143      39.59     -34.13       1.74       0.33       0.00       0.17       0.29       0.00
     23068      39.67     -34.27       0.98       1.00       0.00       0.00       0.26       0.00
     23538      40.34     -34.90       1.12       1.00       0.00       0.37       0.28       0.00
     24394      40.39     -34.61       1.10       1.00       0.00       0.00       0.26       0.00
     24796      41.62     -35.94       1.05       1.00       0.00       0.00       0.24       0.00
--------------------------------------------------------------------------------
Best docking solution after GA:
     25000      41.62     -35.94       1.05       1.00       0.00       0.00       0.24       0.00

#ops:      25000 #mutates:  11762 #cross:    11969 #migrate:   1269 
#dups:      5433 #niche:    12422 #errors:    2080 
--------------------------------------------------------------------------------

Doing AMOEBA simplex on best individual
Done simplexing #iterations 756, best score  46.67

Ligand is stored in gold_soln_AV-procd_m11336_2.sdf


--------------------------------------------------------------------------------
--- CHEMPLP breakdown of terms                                               ---
--------------------------------------------------------------------------------
CHEMPLP = - ( 1.0000*S(PLP) + -3.0000*S(hbond) + -6.0000*S(metal) + -3.0000*S(cho) )

Score = CHEMPLP - 1.0000*DE(clash) - 2.0000*DE(tors)

Internal energy term has been corrected with the best internal energy encountered.

--------------------------------------------------------------------------------


     Score     S(PLP)   S(hbond)     S(cho)   S(metal)  DE(clash)   DE(tors)     intcor
     46.67     -38.56       1.89       1.00       0.00       0.00       0.28       0.00

--------------------------------------------------------------------------------
--- PLP analysis of protein-ligand interactions                              ---
--------------------------------------------------------------------------------
hydrogen bonding        :      -2.00
metal                   :       0.00
buried (polar-nonpolar) :      -1.49
nonpolar                :     -34.90
repulsive               :       0.29
--------------------------------------------------------------------------------


--------------------------------------------------------------------------------
--- ChemScore analysis of protein-ligand interactions                        ---
--------------------------------------------------------------------------------

* Hydrogen bonds                                                                
Ligand donor    3 hydrogen   18 Protein acceptor 8028 bond energy  1.00 wt 0.98
Ligand donor   11 hydrogen   22 Protein acceptor 8028 bond energy  1.00 wt 0.91


* CH..O interactions                                                            
  CH group selection                       : activated ring CH (adjacent to hetatom)
Ligand carbon    9 hydrogen   21 Protein acceptor 7948 bond energy  1.00 wt 1.00

--------------------------------------------------------------------------------


--------------------------------------------------------------------------------
--- Intra-ligand clashes                                                     ---
--------------------------------------------------------------------------------

Ligand
--------------------------------------------------------------------------------

--------------------------------------------------------------------------------
--- Rescoring solution                                                       ---
--------------------------------------------------------------------------------

     Score         DG    S(hbond)    S(metal)    S(lipo)     H(rot)  DE(clash)    DE(int)
     13.77     -18.32       1.03        0.00     102.10       1.00       1.66       2.89

Doing AMOEBA simplex on best individual
Done simplexing #iterations 758, best score  18.73

     Score         DG    S(hbond)    S(metal)    S(lipo)     H(rot)  DE(clash)    DE(int)
     18.73     -21.85       1.96        0.00     105.88       1.00       0.30       2.82

--------------------------------------------------------------------------------
--- ChemScore breakdown of terms                                             ---
--------------------------------------------------------------------------------
DG = -5.4800 + -3.3400*S(hbond)
     + -6.0300*S(metal) + -0.1170*S(lipo) + 2.5600*H(rot)


H(rot) = 1.0000

Score = -(DG + DE(clash) + DE(int))


--------------------------------------------------------------------------------


--------------------------------------------------------------------------------
--- ChemScore analysis of protein-ligand interactions                        ---
--------------------------------------------------------------------------------

* Hydrogen bonds                                                                
Ligand donor    3 hydrogen   18 Protein acceptor 8028 bond energy  1.00 wt 0.98
Ligand donor   11 hydrogen   22 Protein acceptor 8028 bond energy  1.00 wt 0.97

CHEMSCORE EXTRA INTERACTIONS:

* Clashes                                                                       
Clash for ligand atom   6 (**** ):   0.04
Clash for ligand atom  12 (**** ):   0.15
Clash for ligand atom  16 (**** ):   0.11
--------------------------------------------------------------------------------


--------------------------------------------------------------------------------
--- Chromosome decoded                                                       ---
--------------------------------------------------------------------------------
Ligand Torsions
[   5    4    3    2] -169.08    matched torsion: aromatic amide
[  17   12   11    2] -162.67
Protein Torsions
[6907 6896 6895 6894] -166.60 
[7974 7965 7964 7962]  -69.20 
[8008 7997 7996 7995]   53.22 
[10167 10162 10161 10158]   72.59 
[10718 10713 10712 10709]   34.45 
[10763 10752 10751 10750]   98.55 
[11005 11000 10999 10996]  -28.20 
Mapping
Ligand acceptors to protein hydrogens (mapping then atom ids)
Ligand hydrogens to protein acceptors (mapping then atom ids)
  1  15 [ 18->8028]
Ligand shape atoms to protein points (mapping then atom ids & coords)
  2  5920 [  6->(147.500 141.250 154.250)]
  6  9686 [ 14->(153.500 141.250 160.000)]
  7  9698 [ 15->(153.500 141.750 160.750)]
  8  8377 [ 16->(151.500 144.500 160.500)]
  9  7545 [ 17->(150.750 143.250 158.500)]
Chromosome values
Integers:
  -1   -1   14   -1   -1 5919   -1   -1   -1 9685 9697 8376 
7544 
--------------------------------------------------------------------------------

Current Ranking  2  1

--------------------------------------------------------------------------------

* GA execution time :                                                           
  total  0.4307 user  0.4307 sys  0.0000

--------------------------------------------------------------------------------
Fitness function evaluations: 57230

--------------------------------------------------------------------------------
** Docking run number  3 **
--------------------------------------------------------------------------------
  Rank fitness base is 5000.00 ; increment is 11.2233

* Initialising population(s) ...                                                
Number of constraints mappings 0
Number of constraints 0
  Population no.                           :      1
  Population size                          :    100
  Number of duplicates                     :      0
  Number of niche violations               :      0
  Number of errors                         :   6945

Number of constraints mappings 0
Number of constraints 0
  Population no.                           :      2
  Population size                          :    100
  Number of duplicates                     :      0
  Number of niche violations               :      0
  Number of errors                         :   6580


Doing GA, no. of population(s) 2 size 100 selection pressure 1.100000

 Operation      Score     S(PLP)   S(hbond)     S(cho)   S(metal)  DE(clash)   DE(tors)     intcor
         0      25.87     -24.28       0.65       0.00       0.00       0.00       0.17       0.00
      1142      28.29     -22.52       1.99       0.00       0.00       0.00       0.10       0.00
      1234      28.83     -23.12       2.00       0.00       0.00       0.00       0.15       0.00
      2842      29.02     -23.30       2.00       0.00       0.00       0.00       0.14       0.00
      3391      31.08     -25.15       2.00       0.00       0.00       0.00       0.04       0.00
      4186      31.51     -25.08       1.98       0.31       0.00       0.00       0.21       0.00
      6494      31.74     -25.27       1.98       0.32       0.00       0.00       0.21       0.00
      7061      31.97     -25.43       1.98       0.33       0.00       0.00       0.19       0.00
      7885      33.99     -27.20       1.99       0.32       0.00       0.00       0.08       0.00
      9752      34.54     -26.89       1.99       0.63       0.00       0.00       0.11       0.00
     12838      36.66     -31.70       1.75       0.00       0.00       0.00       0.15       0.00
     15352      36.79     -32.05       1.75       0.00       0.00       0.00       0.25       0.00
     18312      36.79     -32.03       1.75       0.00       0.00       0.00       0.25       0.00
--------------------------------------------------------------------------------
Best docking solution after GA:
     25000      36.79     -32.03       1.75       0.00       0.00       0.00       0.25       0.00

#ops:      25000 #mutates:  11868 #cross:    11862 #migrate:   1270 
#dups:      5100 #niche:    12153 #errors:    1436 
--------------------------------------------------------------------------------

Doing AMOEBA simplex on best individual
Done simplexing #iterations 779, best score  38.95

Ligand is stored in gold_soln_AV-procd_m11336_3.sdf


--------------------------------------------------------------------------------
--- CHEMPLP breakdown of terms                                               ---
--------------------------------------------------------------------------------
CHEMPLP = - ( 1.0000*S(PLP) + -3.0000*S(hbond) + -6.0000*S(metal) + -3.0000*S(cho) )

Score = CHEMPLP - 1.0000*DE(clash) - 2.0000*DE(tors)

Internal energy term has been corrected with the best internal energy encountered.

--------------------------------------------------------------------------------


     Score     S(PLP)   S(hbond)     S(cho)   S(metal)  DE(clash)   DE(tors)     intcor
     38.95     -33.52       1.94       0.00       0.00       0.00       0.19       0.00

--------------------------------------------------------------------------------
--- PLP analysis of protein-ligand interactions                              ---
--------------------------------------------------------------------------------
hydrogen bonding        :      -2.00
metal                   :       0.00
buried (polar-nonpolar) :      -5.20
nonpolar                :     -26.25
repulsive               :       0.19
--------------------------------------------------------------------------------


--------------------------------------------------------------------------------
--- ChemScore analysis of protein-ligand interactions                        ---
--------------------------------------------------------------------------------

* Hydrogen bonds                                                                
Ligand donor    3 hydrogen   18 Protein acceptor 7948 bond energy  1.00 wt 0.96
Ligand donor   11 hydrogen   22 Protein acceptor 7948 bond energy  1.00 wt 0.98


* CH..O interactions                                                            
  CH group selection                       : activated ring CH (adjacent to hetatom)

--------------------------------------------------------------------------------


--------------------------------------------------------------------------------
--- Intra-ligand clashes                                                     ---
--------------------------------------------------------------------------------

Ligand
--------------------------------------------------------------------------------

--------------------------------------------------------------------------------
--- Rescoring solution                                                       ---
--------------------------------------------------------------------------------

     Score         DG    S(hbond)    S(metal)    S(lipo)     H(rot)  DE(clash)    DE(int)
     11.49     -14.51       0.89        0.00      73.51       1.00       0.28       2.73

Doing AMOEBA simplex on best individual
Done simplexing #iterations 801, best score  13.69

     Score         DG    S(hbond)    S(metal)    S(lipo)     H(rot)  DE(clash)    DE(int)
     13.69     -16.50       1.35        0.00      77.61       1.00       0.11       2.70

--------------------------------------------------------------------------------
--- ChemScore breakdown of terms                                             ---
--------------------------------------------------------------------------------
DG = -5.4800 + -3.3400*S(hbond)
     + -6.0300*S(metal) + -0.1170*S(lipo) + 2.5600*H(rot)


H(rot) = 1.0000

Score = -(DG + DE(clash) + DE(int))


--------------------------------------------------------------------------------


--------------------------------------------------------------------------------
--- ChemScore analysis of protein-ligand interactions                        ---
--------------------------------------------------------------------------------

* Hydrogen bonds                                                                
Ligand donor    3 hydrogen   18 Protein acceptor 7948 bond energy  1.00 wt 0.63
Ligand donor   11 hydrogen   22 Protein acceptor 7948 bond energy  1.00 wt 0.72

CHEMSCORE EXTRA INTERACTIONS:

* Clashes                                                                       
Clash for ligand atom  14 (**** ):   0.07
Clash for ligand atom  15 (**** ):   0.05
--------------------------------------------------------------------------------


--------------------------------------------------------------------------------
--- Chromosome decoded                                                       ---
--------------------------------------------------------------------------------
Ligand Torsions
[   5    4    3    2]   29.86    matched torsion: aromatic amide
[  17   12   11    2]  -63.52
Protein Torsions
[6907 6896 6895 6894] -153.22 
[7974 7965 7964 7962]   29.56 
[8008 7997 7996 7995] -157.59 
[10167 10162 10161 10158]  -80.00 
[10718 10713 10712 10709]   84.21 
[10763 10752 10751 10750]   46.20 
[11005 11000 10999 10996]   67.19 
Mapping
Ligand acceptors to protein hydrogens (mapping then atom ids)
Ligand hydrogens to protein acceptors (mapping then atom ids)
  1   7 [ 18->7948]
  2   7 [ 22->7948]
Ligand shape atoms to protein points (mapping then atom ids & coords)
  4  2905 [ 12->(144.500 134.000 151.250)]
  5  3038 [ 13->(144.750 132.250 150.750)]
  6  1758 [ 14->(143.000 134.000 152.250)]
  7  3899 [ 15->(145.500 132.500 150.500)]
  8  4732 [ 16->(146.250 132.250 149.750)]
  9  3327 [ 17->(145.000 133.250 151.250)]
Chromosome values
Integers:
  -1   -1    6    6   -1   -1   -1 2904 3037 1757 3898 4731 
3326 
--------------------------------------------------------------------------------

Current Ranking  2  1  3

--------------------------------------------------------------------------------

* GA execution time :                                                           
  total  0.4467 user  0.4467 sys  0.0000

--------------------------------------------------------------------------------
Fitness function evaluations: 57168

--------------------------------------------------------------------------------
** Docking run number  4 **
--------------------------------------------------------------------------------
  Rank fitness base is 5000.00 ; increment is 11.2233

* Initialising population(s) ...                                                
Number of constraints mappings 0
Number of constraints 0
  Population no.                           :      1
  Population size                          :    100
  Number of duplicates                     :      0
  Number of niche violations               :      0
  Number of errors                         :   6789

Number of constraints mappings 0
Number of constraints 0
  Population no.                           :      2
  Population size                          :    100
  Number of duplicates                     :      0
  Number of niche violations               :      0
  Number of errors                         :   6821


Doing GA, no. of population(s) 2 size 100 selection pressure 1.100000

 Operation      Score     S(PLP)   S(hbond)     S(cho)   S(metal)  DE(clash)   DE(tors)     intcor
         0      23.96     -20.02       0.74       1.00       0.00       0.00       0.65       0.00
       602      25.93     -27.91       0.00       0.00       0.00       1.35       0.31       0.00
       982      28.68     -30.65       0.00       0.00       0.00       1.35       0.31       0.00
      1564      29.27     -29.58       0.00       0.00       0.00       0.00       0.15       0.00
      1792      29.40     -24.84       1.57       0.00       0.00       0.00       0.08       0.00
      2888      29.42     -29.81       0.00       0.00       0.00       0.00       0.20       0.00
      4395      30.49     -27.94       0.95       0.02       0.00       0.00       0.18       0.00
      8020      32.25     -26.78       1.16       0.94       0.00       0.00       0.42       0.00
      9636      32.26     -26.65       1.16       0.94       0.00       0.00       0.35       0.00
     11674      32.97     -29.61       0.64       0.87       0.00       0.00       0.59       0.00
     12742      33.28     -29.71       0.67       0.91       0.00       0.00       0.58       0.00
     15614      35.16     -30.82       1.15       0.30       0.00       0.00       0.01       0.00
     15719      35.73     -30.55       0.73       1.00       0.00       0.00       0.01       0.00
     16760      38.34     -31.66       1.23       1.00       0.00       0.00       0.01       0.00
     23207      39.12     -30.87       1.78       1.00       0.00       0.00       0.04       0.00
     23393      39.15     -30.81       1.81       1.00       0.00       0.00       0.04       0.00
     23636      39.53     -32.11       1.55       0.93       0.00       0.00       0.01       0.00
     23966      40.05     -31.57       1.98       0.87       0.00       0.00       0.03       0.00
     24514      40.54     -32.12       1.96       0.85       0.00       0.00       0.01       0.00
     24612      41.28     -32.44       1.98       0.99       0.00       0.00       0.04       0.00
     24622      41.37     -32.59       1.98       0.97       0.00       0.00       0.03       0.00
     24850      41.75     -34.73       1.94       0.72       0.00       0.37       0.30       0.00
     24936      41.82     -34.71       1.96       0.74       0.00       0.37       0.31       0.00
--------------------------------------------------------------------------------
Best docking solution after GA:
     25000      41.82     -34.71       1.96       0.74       0.00       0.37       0.31       0.00

#ops:      25000 #mutates:  11832 #cross:    11917 #migrate:   1251 
#dups:      5007 #niche:    11640 #errors:    1840 
--------------------------------------------------------------------------------

Doing AMOEBA simplex on best individual
Done simplexing #iterations 593, best score  47.01

Ligand is stored in gold_soln_AV-procd_m11336_4.sdf


--------------------------------------------------------------------------------
--- CHEMPLP breakdown of terms                                               ---
--------------------------------------------------------------------------------
CHEMPLP = - ( 1.0000*S(PLP) + -3.0000*S(hbond) + -6.0000*S(metal) + -3.0000*S(cho) )

Score = CHEMPLP - 1.0000*DE(clash) - 2.0000*DE(tors)

Internal energy term has been corrected with the best internal energy encountered.

--------------------------------------------------------------------------------


     Score     S(PLP)   S(hbond)     S(cho)   S(metal)  DE(clash)   DE(tors)     intcor
     47.01     -38.44       2.00       1.00       0.00       0.00       0.22       0.00

--------------------------------------------------------------------------------
--- PLP analysis of protein-ligand interactions                              ---
--------------------------------------------------------------------------------
hydrogen bonding        :      -2.00
metal                   :       0.00
buried (polar-nonpolar) :      -1.44
nonpolar                :     -35.15
repulsive               :       0.32
--------------------------------------------------------------------------------


--------------------------------------------------------------------------------
--- ChemScore analysis of protein-ligand interactions                        ---
--------------------------------------------------------------------------------

* Hydrogen bonds                                                                
Ligand donor    3 hydrogen   18 Protein acceptor 8028 bond energy  1.00 wt 1.00
Ligand donor   11 hydrogen   22 Protein acceptor 8028 bond energy  1.00 wt 1.00


* CH..O interactions                                                            
  CH group selection                       : activated ring CH (adjacent to hetatom)
Ligand carbon    9 hydrogen   21 Protein acceptor 7948 bond energy  1.00 wt 1.00

--------------------------------------------------------------------------------


--------------------------------------------------------------------------------
--- Intra-ligand clashes                                                     ---
--------------------------------------------------------------------------------

Ligand
--------------------------------------------------------------------------------

--------------------------------------------------------------------------------
--- Rescoring solution                                                       ---
--------------------------------------------------------------------------------

     Score         DG    S(hbond)    S(metal)    S(lipo)     H(rot)  DE(clash)    DE(int)
     16.21     -20.49       1.81        0.00      98.52       1.00       1.24       3.04

Doing AMOEBA simplex on best individual
Done simplexing #iterations 551, best score  17.77

     Score         DG    S(hbond)    S(metal)    S(lipo)     H(rot)  DE(clash)    DE(int)
     17.77     -20.87       1.92        0.00      98.54       1.00       0.10       3.01

--------------------------------------------------------------------------------
--- ChemScore breakdown of terms                                             ---
--------------------------------------------------------------------------------
DG = -5.4800 + -3.3400*S(hbond)
     + -6.0300*S(metal) + -0.1170*S(lipo) + 2.5600*H(rot)


H(rot) = 1.0000

Score = -(DG + DE(clash) + DE(int))


--------------------------------------------------------------------------------


--------------------------------------------------------------------------------
--- ChemScore analysis of protein-ligand interactions                        ---
--------------------------------------------------------------------------------

* Hydrogen bonds                                                                
Ligand donor    3 hydrogen   18 Protein acceptor 8028 bond energy  1.00 wt 0.97
Ligand donor   11 hydrogen   22 Protein acceptor 8028 bond energy  1.00 wt 0.95

CHEMSCORE EXTRA INTERACTIONS:

* Clashes                                                                       
Clash for ligand atom   2 (**** ):   0.03
Clash for ligand atom   8 (**** ):   0.07
--------------------------------------------------------------------------------


--------------------------------------------------------------------------------
--- Chromosome decoded                                                       ---
--------------------------------------------------------------------------------
Ligand Torsions
[   5    4    3    2]  176.25    matched torsion: aromatic amide
[  17   12   11    2] -164.71
Protein Torsions
[6907 6896 6895 6894]   47.89 
[7974 7965 7964 7962]  -74.63 
[8008 7997 7996 7995]  164.95 
[10167 10162 10161 10158]  -37.08 
[10718 10713 10712 10709]   -2.43 
[10763 10752 10751 10750]  -36.52 
[11005 11000 10999 10996]    8.21 
Mapping
Ligand acceptors to protein hydrogens (mapping then atom ids)
Ligand hydrogens to protein acceptors (mapping then atom ids)
Ligand shape atoms to protein points (mapping then atom ids & coords)
  1  6041 [  5->(147.750 141.250 154.750)]
  3  6368 [  9->(148.500 139.250 154.000)]
  4  8549 [ 12->(151.750 143.250 158.500)]
  6  8525 [ 14->(151.750 142.500 159.500)]
Chromosome values
Integers:
  -1   -1   -1   -1 6040   -1 6367 8548   -1 8524   -1   -1 
  -1 
--------------------------------------------------------------------------------

Current Ranking  4  2  1  3

Top  3 (of  4) solutions are within 1.500 RMSD, finishing docking /DATA2/COVID-19/PDBs_&_Models/AV-procd.sdf.


--------------------------------------------------------------------------------

* GA execution time :                                                           
  total  0.4373 user  0.4373 sys  0.0000

--------------------------------------------------------------------------------
Fitness function evaluations: 56432

--------------------------------------------------------------------------------
--- Ranking analysis                                                         ---
--------------------------------------------------------------------------------


* Final ranked order of GA solutions:                                           
   4  2  1  3 

  _______________________________
  RMSD Matrix of RANKED solutions

        2    3    4  

   1 :  0.2  0.4 11.7
   2 :       0.3 11.6
   3 :           11.5

  Clustering method                        : complete linkage
  Structure ids in cluster table           : rank nos.
  Ordering of clusters and their members   : by rank (order if from rms_analysis)

  Distance | Clusters
   0.19    |  1  2 |  3 |  4 |
   0.36    |  1  2  3 |  4 |
  11.67    |  1  2  3  4 |
  Finished Docking Ligand                  : /DATA2/COVID-19/PDBs_&_Models/AV-procd.sdf
--------------------------------------------------------------------------------

  Relative_Ligand_Energy (best encountered) :   0.003
  Relative_Ligand_Energy: fitness values have been corrected using this amount
