
--------------------------------------------------------------------------------
--- Ligand                                                                   ---
--------------------------------------------------------------------------------
  Ligand loaded from file                  : /DATA2/COVID-19/PDBs_&_Models/AV-procd.sdf
  Ligand name                              :  
  "AV-unprocessed.smi:532                                                   "

--------------------------------------------------------------------------------
  N.plc donors                             : 
  none found

  Acidic nitrogen acceptors                : 
  none found
  Sulfur acceptors                         :
  none found


  Donor atoms                              :      1
  20  
  Acceptor atoms                           :      4
  2   15  19  22  

  Hydrogens                                :  (n = 1)
  25   

  Lone pairs added to molecule             :      7
  Numbering                                : from 50 to 56
  Choline groups                           : 
   

--------------------------------------------------------------------------------
--- Postprocessing of typing                                                 ---
--------------------------------------------------------------------------------
  Fragment file                            : /home/scv26/CCDC/Discovery_2020/GOLD/gold/rotatable_bond_override.mol2
  acylurea fragment                        : 1 matches
  Ligand bond 21-23  set to flip
  Ligand bond 21-20  set to 1
  Ligand bond 20-18  set to flip
  thioacylthiourea fragment                : no matches
  acylthiourea fragment                    : no matches
  thioacylurea fragment                    : no matches
  diarylamine fragment >C.ar-NH-C.ar<      : no matches
  sec-amine (1) fragment                   : no matches
  sec-amine (2) fragment                   : no matches
  sec-amine (3) fragment                   : no matches
  carboxylic ester                         : no matches

* Rotatable bonds in /DATA2/COVID-19/PDBs  :
  [   2    3] [   3    4] [   4    5] [   6    7] 
  No. of rotatable bonds                   :      4


* Fragments found in /DATA2/COVID-19/PDBs  :
  atom  16: uracil
  atom  17: uracil
  atom  18: uracil
  atom  20: uracil
  atom  21: uracil
  atom  22: uracil
  atom  23: uracil


* Checking torsion distributions:                                               
  No. of matched torsions                  :      0

--------------------------------------------------------------------------------
--- Shape fitting atoms selection (hydrophobic atoms)                        ---
--------------------------------------------------------------------------------
  Molecule                                 : /DATA2/COVID-19/PDBs_&_Models/AV-procd.sdf
  Selection                                : carbons only
  Atom numbers                             :  (n = 11)
  1    3    4    8    9    10   11   12   13   14   
  24   


--------------------------------------------------------------------------------
--- ChemScore ligand setup summary                                           ---
--------------------------------------------------------------------------------
  ChemScore ligand acceptors               :      4
  2 15 19 22 
  ChemScore ligand donors                  :      1
  20 ( 25  ) 
  ChemScore ligand CH donors               :      0
  

  ChemScore ligand lipophilic atoms        :  (n = 12)
  1    3    4    8    9    10   11   12   13   14   
  17   24   

  ChemScore ligand rotatable bonds         :      4
  2   (****) - 3   (****): SP3_SP3_BOND
  3   (****) - 4   (****): SP3_SP3_BOND
  4   (****) - 5   (****): SP3_SP2_BOND
  6   (****) - 7   (****): SP2_SP2_BOND

--------------------------------------------------------------------------------
--- PLP ligand setup summary                                                 ---
--------------------------------------------------------------------------------
    1  ****   C.3 NONPOLAR
    2  ****   O.3 ACCEPTOR
    3  ****   C.3 NONPOLAR
    4  ****   C.3 NONPOLAR
    5  **** N.pl3 NONPOLAR
    6  ****   C.2 NONPOLAR
    7  **** N.pl3 NONPOLAR
    8  ****   C.3 NONPOLAR
    9  ****   C.3 NONPOLAR
   10  ****   C.3 NONPOLAR
   11  ****   C.3 NONPOLAR
   12  ****   C.3 NONPOLAR
   13  ****   C.3 NONPOLAR
   14  ****   C.3 NONPOLAR
   15  ****   N.2 ACCEPTOR
   16  ****   C.2 NONPOLAR
   17  ****   C.2 NONPOLAR
   18  ****   C.2 NONPOLAR
   19  ****   O.2 ACCEPTOR
   20  ****  N.am DONOR
   21  ****   C.2 NONPOLAR
   22  ****   O.2 ACCEPTOR
   23  ****  N.am NONPOLAR
   24  ****   C.3 NONPOLAR


--------------------------------------------------------------------------------
--- Automatic parameter setting                                              ---
--------------------------------------------------------------------------------
  Contribution base                        :   2500
  Contribution per rotatable bond          :   6000
  Contribution per df                      :   4000
  Contribution per water                   :  10000
  Ligand rotatable bonds                   :      4
  Protein flexible side chain bonds        :      0
  Total rotatable bonds                    :      4
  Hydrophobic vol ratio (P/L)              :   2.097
  Base multiplier (polar)                  :   1.000
  Base multiplier (apolar)                 :   4.614
  Base contribution                        : 12500.000
  Fitting points                           :      5
  Estimated maxops needed (optimal)        :  37000

--------------------------------------------------------------------------------

* Population settings                                                           
  maxops                                   :  37000
  popsiz                                   :    100
  select_pressure                          :   1.100
  n_islands                                :      3
  niche_siz                                :      2

* GA settings                                                                   
  pt_crosswt                               :     95
  allele_mutatewt                          :     95
  migratewt                                :     10

* Search settings                                                               
  start_vdw_linear_cutoff                  :   4.000
  initial_virtual_pt_match_max             :   3.000

--------------------------------------------------------------------------------

* Ligand initialisation time :                                                  
  total  0.0154 user  0.0154 sys  0.0000

--------------------------------------------------------------------------------

--------------------------------------------------------------------------------
** Docking run number  1 **
--------------------------------------------------------------------------------
  Rank fitness base is 5000.00 ; increment is 11.2233

* Initialising population(s) ...                                                
Number of constraints mappings 0
Number of constraints 0
  Population no.                           :      1
  Population size                          :    100
  Number of duplicates                     :      0
  Number of niche violations               :      0
  Number of errors                         :   5203

Number of constraints mappings 0
Number of constraints 0
  Population no.                           :      2
  Population size                          :    100
  Number of duplicates                     :      0
  Number of niche violations               :      0
  Number of errors                         :   5135

Number of constraints mappings 0
Number of constraints 0
  Population no.                           :      3
  Population size                          :    100
  Number of duplicates                     :      0
  Number of niche violations               :      0
  Number of errors                         :   4989


Doing GA, no. of population(s) 3 size 100 selection pressure 1.100000

 Operation      Score     S(PLP)   S(hbond)     S(cho)   S(metal)  DE(clash)   DE(tors)     intcor
         0      15.26     -16.33       0.43       0.00       0.00       0.00       1.89       1.33
       283      15.42     -16.83       0.00       0.00       0.00       0.00       1.37       1.33
       999      18.53     -20.62       0.00       0.00       0.00       0.00       1.71       1.33
      1608      20.87     -22.60       0.65       0.00       0.00       1.61       1.58       1.08
      2682      22.87     -22.35       1.07       0.00       0.00       1.18       1.30       1.08
      2862      24.51     -23.11       1.09       0.00       0.00       0.00       1.47       1.08
      4081      26.62     -25.28       1.00       0.00       0.00       0.00       1.37       1.08
      4152      27.01     -25.69       1.00       0.00       0.00       0.00       1.38       1.08
      4716      28.30     -27.44       1.00       0.00       0.00       0.00       1.61       1.08
      8895      28.32     -22.98       2.56       0.00       0.00       0.00       1.71       1.08
      9546      30.54     -24.51       2.66       0.00       0.00       0.26       1.38       1.08
     11861      31.94     -24.84       2.66       0.00       0.00       0.00       0.97       1.07
     14282      32.06     -25.20       2.66       0.00       0.00       0.00       1.03       0.95
     16238      32.09     -25.21       2.66       0.00       0.00       0.00       1.02       0.95
     16270      33.62     -27.06       2.61       0.00       0.00       0.00       1.11       0.95
     17990      34.04     -27.06       2.69       0.00       0.00       0.00       1.02       0.95
     18212      34.16     -27.19       2.69       0.00       0.00       0.00       1.02       0.95
     19598      34.21     -27.04       2.75       0.00       0.00       0.00       1.02       0.95
     21833      34.43     -27.35       2.72       0.00       0.00       0.00       1.00       0.92
     23231      34.48     -27.41       2.72       0.00       0.00       0.00       1.00       0.92
     23957      35.09     -27.63       2.85       0.00       0.00       0.00       1.00       0.92
     25400      35.23     -27.72       2.85       0.00       0.00       0.00       0.97       0.92
     25957      35.28     -27.82       2.85       0.00       0.00       0.00       1.00       0.92
     26197      35.31     -27.80       2.86       0.00       0.00       0.00       1.00       0.92
     26257      35.34     -27.54       2.96       0.00       0.00       0.00       1.00       0.91
     26927      35.37     -27.46       3.00       0.00       0.00       0.00       1.00       0.91
     27089      35.37     -27.78       2.89       0.00       0.00       0.00       1.00       0.91
     27511      35.45     -27.71       2.93       0.00       0.00       0.00       0.98       0.91
     27559      35.47     -27.73       2.93       0.00       0.00       0.00       0.98       0.91
     27652      35.51     -27.81       2.93       0.00       0.00       0.00       1.00       0.91
     28450      35.69     -27.92       2.93       0.00       0.00       0.00       0.97       0.91
     29505      35.70     -27.89       2.94       0.00       0.00       0.00       0.97       0.91
     29551      35.72     -27.95       2.93       0.00       0.00       0.00       0.97       0.91
     30655      35.76     -28.05       2.93       0.00       0.00       0.00       0.99       0.91
     30865      35.97     -27.99       3.00       0.00       0.00       0.00       0.97       0.91
     32344      35.97     -28.03       3.00       0.00       0.00       0.00       0.98       0.91
     32350      35.98     -28.00       3.00       0.00       0.00       0.00       0.97       0.91
     32614      35.98     -28.00       3.00       0.00       0.00       0.00       0.97       0.91
     32997      36.06     -28.08       2.84       0.00       0.00       0.00       0.73       0.91
     33609      36.09     -28.06       2.86       0.00       0.00       0.00       0.73       0.91
     34515      36.16     -28.05       2.89       0.00       0.00       0.00       0.73       0.91
     34743      36.30     -27.83       3.00       0.00       0.00       0.00       0.72       0.91
     34836      36.40     -27.90       3.00       0.00       0.00       0.00       0.71       0.91
     34872      36.52     -28.07       3.00       0.00       0.00       0.00       0.73       0.91
     35082      36.55     -28.17       3.00       0.00       0.00       0.00       0.76       0.91
--------------------------------------------------------------------------------
Best docking solution after GA:
     37000      36.55     -28.17       3.00       0.00       0.00       0.00       0.76       0.91

#ops:      37000 #mutates:  17707 #cross:    17468 #migrate:   1825 
#dups:      9029 #niche:    19103 #errors:    1585 
--------------------------------------------------------------------------------

Doing AMOEBA simplex on best individual
Done simplexing #iterations 179, best score  36.57

Ligand is stored in gold_soln_AV-procd_m2850_1.sdf


--------------------------------------------------------------------------------
--- CHEMPLP breakdown of terms                                               ---
--------------------------------------------------------------------------------
CHEMPLP = - ( 1.0000*S(PLP) + -3.0000*S(hbond) + -6.0000*S(metal) + -3.0000*S(cho) )

Score = CHEMPLP - 1.0000*DE(clash) - 2.0000*DE(tors)

Internal energy term has been corrected with the best internal energy encountered.

--------------------------------------------------------------------------------


     Score     S(PLP)   S(hbond)     S(cho)   S(metal)  DE(clash)   DE(tors)     intcor
     36.57     -28.26       3.00       0.00       0.00       0.00       0.80       0.91

--------------------------------------------------------------------------------
--- PLP analysis of protein-ligand interactions                              ---
--------------------------------------------------------------------------------
hydrogen bonding        :      -3.00
metal                   :       0.00
buried (polar-nonpolar) :      -5.11
nonpolar                :     -20.93
repulsive               :       0.30
--------------------------------------------------------------------------------


--------------------------------------------------------------------------------
--- ChemScore analysis of protein-ligand interactions                        ---
--------------------------------------------------------------------------------

* Hydrogen bonds                                                                
Ligand donor   20 hydrogen   25 Protein acceptor 7948 bond energy  1.00 wt 1.00
Protein donor 6896 hydrogen 6909 Ligand acceptor   15 bond energy  1.00 wt 1.00
Protein donor 10752 hydrogen 10764 Ligand acceptor   22 bond energy  1.00 wt 1.00


* CH..O interactions                                                            
  CH group selection                       : activated ring CH (adjacent to hetatom)

--------------------------------------------------------------------------------


--------------------------------------------------------------------------------
--- Intra-ligand clashes                                                     ---
--------------------------------------------------------------------------------

Ligand
--------------------------------------------------------------------------------

--------------------------------------------------------------------------------
--- Rescoring solution                                                       ---
--------------------------------------------------------------------------------

     Score         DG    S(hbond)    S(metal)    S(lipo)     H(rot)  DE(clash)    DE(int)
     14.55     -15.83       2.12        0.00      59.27       1.43       0.52       0.76

Doing AMOEBA simplex on best individual
Done simplexing #iterations 654, best score  17.80

     Score         DG    S(hbond)    S(metal)    S(lipo)     H(rot)  DE(clash)    DE(int)
     17.80     -18.68       2.84        0.00      63.05       1.43       0.09       0.79

--------------------------------------------------------------------------------
--- ChemScore breakdown of terms                                             ---
--------------------------------------------------------------------------------
DG = -5.4800 + -3.3400*S(hbond)
     + -6.0300*S(metal) + -0.1170*S(lipo) + 2.5600*H(rot)


H(rot) = 1.4324

Score = -(DG + DE(clash) + DE(int))


--------------------------------------------------------------------------------


--------------------------------------------------------------------------------
--- ChemScore analysis of protein-ligand interactions                        ---
--------------------------------------------------------------------------------

* Hydrogen bonds                                                                
Ligand donor   20 hydrogen   25 Protein acceptor 7948 bond energy  1.00 wt 0.93
Protein donor 6896 hydrogen 6909 Ligand acceptor   15 bond energy  1.00 wt 0.91
Protein donor 10752 hydrogen 10764 Ligand acceptor   22 bond energy  1.00 wt 1.00

CHEMSCORE EXTRA INTERACTIONS:

* Clashes                                                                       
Clash for ligand atom   8 (**** ):   0.07
Clash for ligand atom  22 (**** ):   0.02
--------------------------------------------------------------------------------


--------------------------------------------------------------------------------
--- Chromosome decoded                                                       ---
--------------------------------------------------------------------------------
Ligand Torsions
[   1    2    3    4]   53.85
[   2    3    4    5]  160.55
[   3    4    5   17] -118.43
[  14    7    6    5]   56.35
Protein Torsions
[6907 6896 6895 6894]   62.70 
[7974 7965 7964 7962]   50.37 
[8008 7997 7996 7995]  151.27 
[10167 10162 10161 10158]  -76.54 
[10718 10713 10712 10709]   49.42 
[10763 10752 10751 10750]  -76.02 
[11005 11000 10999 10996]  -96.48 
Mapping
Ligand acceptors to protein hydrogens (mapping then atom ids)
  2   5 [ 15->6909]
  4  44 [ 22->10764]
Ligand hydrogens to protein acceptors (mapping then atom ids)
  1   7 [ 25->7948]
Ligand shape atoms to protein points (mapping then atom ids & coords)
  5  5259 [  9->(146.750 136.000 162.000)]
  6  5252 [ 10->(146.750 135.750 161.750)]
  7  3372 [ 11->(145.000 135.250 162.000)]
  8  5667 [ 12->(147.250 134.500 161.250)]
 10  5462 [ 14->(147.000 134.750 162.000)]
Chromosome values
Integers:
  -1    4   -1   43    6   -1   -1   -1   -1 5258 5251 3371 
5666   -1 5461   -1 
--------------------------------------------------------------------------------

Current Ranking  1

--------------------------------------------------------------------------------

* GA execution time :                                                           
  total  0.7023 user  0.7023 sys  0.0000

--------------------------------------------------------------------------------
Fitness function evaluations: 76656

--------------------------------------------------------------------------------
** Docking run number  2 **
--------------------------------------------------------------------------------
  Rank fitness base is 5000.00 ; increment is 11.2233

* Initialising population(s) ...                                                
Number of constraints mappings 0
Number of constraints 0
  Population no.                           :      1
  Population size                          :    100
  Number of duplicates                     :      0
  Number of niche violations               :      0
  Number of errors                         :   5293

Number of constraints mappings 0
Number of constraints 0
  Population no.                           :      2
  Population size                          :    100
  Number of duplicates                     :      0
  Number of niche violations               :      0
  Number of errors                         :   5408

Number of constraints mappings 0
Number of constraints 0
  Population no.                           :      3
  Population size                          :    100
  Number of duplicates                     :      0
  Number of niche violations               :      0
  Number of errors                         :   5130


Doing GA, no. of population(s) 3 size 100 selection pressure 1.100000

 Operation      Score     S(PLP)   S(hbond)     S(cho)   S(metal)  DE(clash)   DE(tors)     intcor
         0      14.20     -15.55       0.00       0.00       0.00       0.00       1.13       0.91
       795      17.07     -18.01       0.00       0.00       0.00       0.00       0.92       0.91
       975      19.78     -23.57       0.00       0.00       0.00       0.00       2.35       0.91
      1044      21.11     -19.06       1.00       0.00       0.00       0.00       0.93       0.91
      1494      30.97     -28.43       1.12       0.00       0.00       0.00       0.87       0.91
      3549      31.83     -28.43       1.41       0.00       0.00       0.00       0.87       0.91
      4599      31.84     -28.43       1.41       0.00       0.00       0.00       0.87       0.91
      6369      32.02     -28.53       1.43       0.00       0.00       0.00       0.86       0.91
      8605      32.08     -28.53       1.45       0.00       0.00       0.00       0.86       0.91
      9033      32.89     -27.90       1.71       0.00       0.00       0.00       0.54       0.91
     11134      33.32     -28.10       1.80       0.00       0.00       0.00       0.54       0.91
     11857      33.58     -27.75       2.00       0.00       0.00       0.00       0.54       0.91
     12183      33.65     -28.02       1.91       0.00       0.00       0.00       0.51       0.91
     12610      33.75     -26.62       2.88       0.00       0.00       0.00       1.20       0.91
     12976      34.22     -31.69       1.05       0.00       0.00       0.00       0.76       0.91
     13912      34.77     -31.21       1.24       0.00       0.00       0.00       0.54       0.91
     14678      35.67     -29.94       2.00       0.00       0.00       0.00       0.59       0.91
     16192      35.69     -29.85       1.99       0.00       0.00       0.00       0.53       0.91
     16196      35.89     -30.21       2.00       0.00       0.00       0.00       0.62       0.91
     16572      35.92     -30.23       2.00       0.00       0.00       0.00       0.61       0.91
     17760      36.13     -30.77       1.89       0.00       0.00       0.00       0.62       0.91
     20249      36.24     -30.50       2.00       0.00       0.00       0.00       0.59       0.91
     20768      36.24     -30.64       1.95       0.00       0.00       0.00       0.58       0.91
     21039      36.26     -30.87       1.89       0.00       0.00       0.00       0.60       0.91
     21892      36.76     -30.95       2.04       0.00       0.00       0.00       0.62       0.91
     23553      36.77     -30.93       2.04       0.00       0.00       0.00       0.60       0.91
     28434      36.90     -31.20       1.98       0.00       0.00       0.00       0.57       0.91
     32541      36.93     -31.23       1.98       0.00       0.00       0.00       0.57       0.91
--------------------------------------------------------------------------------
Best docking solution after GA:
     37000      36.93     -31.23       1.98       0.00       0.00       0.00       0.57       0.91

#ops:      37000 #mutates:  17640 #cross:    17538 #migrate:   1822 
#dups:     12103 #niche:    21828 #errors:    1597 
--------------------------------------------------------------------------------

Doing AMOEBA simplex on best individual
Done simplexing #iterations 564, best score  38.10

Ligand is stored in gold_soln_AV-procd_m2850_2.sdf


--------------------------------------------------------------------------------
--- CHEMPLP breakdown of terms                                               ---
--------------------------------------------------------------------------------
CHEMPLP = - ( 1.0000*S(PLP) + -3.0000*S(hbond) + -6.0000*S(metal) + -3.0000*S(cho) )

Score = CHEMPLP - 1.0000*DE(clash) - 2.0000*DE(tors)

Internal energy term has been corrected with the best internal energy encountered.

--------------------------------------------------------------------------------


     Score     S(PLP)   S(hbond)     S(cho)   S(metal)  DE(clash)   DE(tors)     intcor
     38.10     -32.23       2.03       0.00       0.00       0.04       0.54       0.91

--------------------------------------------------------------------------------
--- PLP analysis of protein-ligand interactions                              ---
--------------------------------------------------------------------------------
hydrogen bonding        :      -3.00
metal                   :       0.00
buried (polar-nonpolar) :      -5.40
nonpolar                :     -24.28
repulsive               :       0.17
--------------------------------------------------------------------------------


--------------------------------------------------------------------------------
--- ChemScore analysis of protein-ligand interactions                        ---
--------------------------------------------------------------------------------

* Hydrogen bonds                                                                
Protein donor 6896 hydrogen 6908 Ligand acceptor    2 bond energy  1.00 wt 1.00
Protein donor 6931 hydrogen 6943 Ligand acceptor   15 bond energy  1.00 wt 0.03
Protein donor 7997 hydrogen 8009 Ligand acceptor   22 bond energy  1.00 wt 1.00


* CH..O interactions                                                            
  CH group selection                       : activated ring CH (adjacent to hetatom)

--------------------------------------------------------------------------------


--------------------------------------------------------------------------------
--- Intra-ligand clashes                                                     ---
--------------------------------------------------------------------------------

Ligand
 14 (**** ) -   4 (**** ):   0.04 (dist   3.00)
--------------------------------------------------------------------------------

--------------------------------------------------------------------------------
--- Rescoring solution                                                       ---
--------------------------------------------------------------------------------

     Score         DG    S(hbond)    S(metal)    S(lipo)     H(rot)  DE(clash)    DE(int)
     10.26     -13.66       1.23        0.00      66.27       1.43       0.47       2.94

Doing AMOEBA simplex on best individual
Done simplexing #iterations 737, best score  12.57

     Score         DG    S(hbond)    S(metal)    S(lipo)     H(rot)  DE(clash)    DE(int)
     12.57     -15.66       1.78        0.00      67.50       1.43       0.31       2.78

--------------------------------------------------------------------------------
--- ChemScore breakdown of terms                                             ---
--------------------------------------------------------------------------------
DG = -5.4800 + -3.3400*S(hbond)
     + -6.0300*S(metal) + -0.1170*S(lipo) + 2.5600*H(rot)


H(rot) = 1.4324

Score = -(DG + DE(clash) + DE(int))


--------------------------------------------------------------------------------


--------------------------------------------------------------------------------
--- ChemScore analysis of protein-ligand interactions                        ---
--------------------------------------------------------------------------------

* Hydrogen bonds                                                                
Protein donor 6896 hydrogen 6908 Ligand acceptor    2 bond energy  1.00 wt 0.78
Protein donor 6931 hydrogen 6943 Ligand acceptor   15 bond energy  1.00 wt 0.01
Protein donor 7997 hydrogen 8009 Ligand acceptor   22 bond energy  1.00 wt 1.00

CHEMSCORE EXTRA INTERACTIONS:

* Clashes                                                                       
Clash for ligand atom   6 (**** ):   0.16
Clash for ligand atom  14 (**** ):   0.15
--------------------------------------------------------------------------------


--------------------------------------------------------------------------------
--- Chromosome decoded                                                       ---
--------------------------------------------------------------------------------
Ligand Torsions
[   1    2    3    4] -178.73
[   2    3    4    5]   49.53
[   3    4    5   17]   51.60
[  14    7    6    5]   44.90
Protein Torsions
[6907 6896 6895 6894]  104.91 
[7974 7965 7964 7962]   52.03 
[8008 7997 7996 7995] -169.99 
[10167 10162 10161 10158]  -16.42 
[10718 10713 10712 10709] -106.96 
[10763 10752 10751 10750]  -75.10 
[11005 11000 10999 10996]   96.59 
Mapping
Ligand acceptors to protein hydrogens (mapping then atom ids)
  2   5 [ 15->6909]
  4  20 [ 22->8009]
Ligand hydrogens to protein acceptors (mapping then atom ids)
Ligand shape atoms to protein points (mapping then atom ids & coords)
  5  3682 [  9->(145.250 136.250 162.250)]
  6  5018 [ 10->(146.500 135.250 162.500)]
  7  5010 [ 11->(146.500 135.000 162.000)]
  9  4989 [ 13->(146.500 133.750 161.500)]
Chromosome values
Integers:
  -1    4   -1   19   -1   -1   -1   -1   -1 3681 5017 5009 
  -1 4988   -1   -1 
--------------------------------------------------------------------------------

Current Ranking  2  1

--------------------------------------------------------------------------------

* GA execution time :                                                           
  total  0.7201 user  0.7201 sys  0.0000

--------------------------------------------------------------------------------
Fitness function evaluations: 78174

--------------------------------------------------------------------------------
** Docking run number  3 **
--------------------------------------------------------------------------------
  Rank fitness base is 5000.00 ; increment is 11.2233

* Initialising population(s) ...                                                
Number of constraints mappings 0
Number of constraints 0
  Population no.                           :      1
  Population size                          :    100
  Number of duplicates                     :      0
  Number of niche violations               :      0
  Number of errors                         :   5348

Number of constraints mappings 0
Number of constraints 0
  Population no.                           :      2
  Population size                          :    100
  Number of duplicates                     :      0
  Number of niche violations               :      0
  Number of errors                         :   5307

Number of constraints mappings 0
Number of constraints 0
  Population no.                           :      3
  Population size                          :    100
  Number of duplicates                     :      0
  Number of niche violations               :      0
  Number of errors                         :   5338


Doing GA, no. of population(s) 3 size 100 selection pressure 1.100000

 Operation      Score     S(PLP)   S(hbond)     S(cho)   S(metal)  DE(clash)   DE(tors)     intcor
         0      15.59     -16.69       0.41       0.00       0.00       0.00       1.63       0.91
      1286      16.44     -16.69       0.70       0.00       0.00       0.00       1.63       0.91
      1651      20.61     -20.93       0.97       0.00       0.00       0.00       2.08       0.91
      2015      29.79     -29.31       0.94       0.00       0.00       0.00       1.63       0.91
      4304      31.88     -31.26       1.00       0.00       0.00       0.00       1.64       0.91
      7030      33.25     -32.37       1.00       0.00       0.00       0.00       1.51       0.91
      7634      33.40     -32.78       1.00       0.00       0.00       0.00       1.64       0.91
      8365      33.81     -32.93       1.00       0.00       0.00       0.00       1.51       0.91
     11025      34.38     -33.46       1.00       0.00       0.00       0.00       1.49       0.91
     11402      34.92     -36.57       1.00       0.00       0.00       2.95       1.30       0.91
     11543      35.07     -36.71       1.00       0.00       0.00       2.95       1.30       0.91
     11676      37.30     -36.33       1.00       0.00       0.00       0.00       1.47       0.91
     14855      37.45     -36.49       1.00       0.00       0.00       0.00       1.47       0.91
     15183      38.84     -31.95       2.84       0.00       0.00       0.00       1.27       0.91
     16221      38.98     -38.18       1.00       0.00       0.00       0.00       1.56       0.91
     20128      38.99     -32.42       2.73       0.00       0.00       0.00       1.27       0.91
     20205      39.16     -32.30       2.80       0.00       0.00       0.00       1.22       0.91
     21609      39.40     -38.45       1.00       0.00       0.00       0.00       1.48       0.91
     22359      39.66     -38.60       1.00       0.00       0.00       0.00       1.42       0.91
     23405      39.80     -33.69       2.55       0.00       0.00       0.00       1.22       0.91
     26088      39.84     -34.05       2.44       0.00       0.00       0.00       1.22       0.91
     26215      40.29     -38.94       1.00       0.00       0.00       0.00       1.28       0.91
     27241      40.47     -38.80       1.01       0.00       0.00       0.00       1.14       0.91
     27823      40.94     -38.74       1.19       0.00       0.00       0.00       1.14       0.91
     27896      42.29     -36.47       2.45       0.00       0.00       0.00       1.22       0.91
     29100      42.32     -36.44       2.45       0.00       0.00       0.00       1.19       0.91
     29844      42.33     -36.42       2.45       0.00       0.00       0.00       1.18       0.91
     30045      42.59     -36.00       2.71       0.00       0.00       0.00       1.22       0.91
     30679      42.60     -35.99       2.71       0.00       0.00       0.00       1.21       0.91
     31340      42.83     -36.49       2.63       0.00       0.00       0.00       1.22       0.91
     32088      42.86     -36.46       2.63       0.00       0.00       0.00       1.19       0.91
     32136      42.88     -36.45       2.63       0.00       0.00       0.00       1.18       0.91
     33402      43.15     -36.65       2.68       0.00       0.00       0.00       1.22       0.91
     35750      43.51     -36.74       2.71       0.00       0.00       0.00       1.13       0.91
     35916      43.55     -36.70       2.71       0.00       0.00       0.00       1.09       0.91
--------------------------------------------------------------------------------
Best docking solution after GA:
     37000      43.55     -36.70       2.71       0.00       0.00       0.00       1.09       0.91

#ops:      37000 #mutates:  17609 #cross:    17600 #migrate:   1791 
#dups:      8010 #niche:    16174 #errors:    2632 
--------------------------------------------------------------------------------

Doing AMOEBA simplex on best individual
Done simplexing #iterations 567, best score  44.22

Ligand is stored in gold_soln_AV-procd_m2850_3.sdf


--------------------------------------------------------------------------------
--- CHEMPLP breakdown of terms                                               ---
--------------------------------------------------------------------------------
CHEMPLP = - ( 1.0000*S(PLP) + -3.0000*S(hbond) + -6.0000*S(metal) + -3.0000*S(cho) )

Score = CHEMPLP - 1.0000*DE(clash) - 2.0000*DE(tors)

Internal energy term has been corrected with the best internal energy encountered.

--------------------------------------------------------------------------------


     Score     S(PLP)   S(hbond)     S(cho)   S(metal)  DE(clash)   DE(tors)     intcor
     44.22     -37.66       2.53       0.00       0.00       0.00       0.97       0.91

--------------------------------------------------------------------------------
--- PLP analysis of protein-ligand interactions                              ---
--------------------------------------------------------------------------------
hydrogen bonding        :      -3.64
metal                   :       0.00
buried (polar-nonpolar) :      -2.86
nonpolar                :     -34.65
repulsive               :       3.84
--------------------------------------------------------------------------------


--------------------------------------------------------------------------------
--- ChemScore analysis of protein-ligand interactions                        ---
--------------------------------------------------------------------------------

* Hydrogen bonds                                                                
Ligand donor   20 hydrogen   25 Protein acceptor 7948 bond energy  1.00 wt 1.00
Protein donor 10752 hydrogen 10763 Ligand acceptor    2 bond energy  1.00 wt 0.78
Protein donor 10752 hydrogen 10765 Ligand acceptor   19 bond energy  1.00 wt 0.75


* CH..O interactions                                                            
  CH group selection                       : activated ring CH (adjacent to hetatom)

--------------------------------------------------------------------------------


--------------------------------------------------------------------------------
--- Intra-ligand clashes                                                     ---
--------------------------------------------------------------------------------

Ligand
--------------------------------------------------------------------------------

--------------------------------------------------------------------------------
--- Rescoring solution                                                       ---
--------------------------------------------------------------------------------

     Score         DG    S(hbond)    S(metal)    S(lipo)     H(rot)  DE(clash)    DE(int)
     13.12     -19.33       2.01        0.00      92.21       1.43       4.02       2.19

Doing AMOEBA simplex on best individual
Done simplexing #iterations 661, best score  18.86

     Score         DG    S(hbond)    S(metal)    S(lipo)     H(rot)  DE(clash)    DE(int)
     18.86     -20.15       2.39        0.00      88.60       1.43       0.13       1.16

--------------------------------------------------------------------------------
--- ChemScore breakdown of terms                                             ---
--------------------------------------------------------------------------------
DG = -5.4800 + -3.3400*S(hbond)
     + -6.0300*S(metal) + -0.1170*S(lipo) + 2.5600*H(rot)


H(rot) = 1.4324

Score = -(DG + DE(clash) + DE(int))


--------------------------------------------------------------------------------


--------------------------------------------------------------------------------
--- ChemScore analysis of protein-ligand interactions                        ---
--------------------------------------------------------------------------------

* Hydrogen bonds                                                                
Ligand donor   20 hydrogen   25 Protein acceptor 7948 bond energy  1.00 wt 0.88
Protein donor 10752 hydrogen 10763 Ligand acceptor    2 bond energy  1.00 wt 0.67
Protein donor 10752 hydrogen 10765 Ligand acceptor   19 bond energy  1.00 wt 0.84

CHEMSCORE EXTRA INTERACTIONS:

* Clashes                                                                       
Clash for ligand atom   4 (**** ):   0.02
Clash for ligand atom  10 (**** ):   0.01
Clash for ligand atom  22 (**** ):   0.10
--------------------------------------------------------------------------------


--------------------------------------------------------------------------------
--- Chromosome decoded                                                       ---
--------------------------------------------------------------------------------
Ligand Torsions
[   1    2    3    4]   78.31
[   2    3    4    5]  146.30
[   3    4    5   17]  -59.68
[  14    7    6    5]  152.18
Protein Torsions
[6907 6896 6895 6894]   56.40 
[7974 7965 7964 7962]    7.00 
[8008 7997 7996 7995] -138.06 
[10167 10162 10161 10158] -132.12 
[10718 10713 10712 10709] -145.95 
[10763 10752 10751 10750]  151.00 
[11005 11000 10999 10996]   43.57 
Mapping
Ligand acceptors to protein hydrogens (mapping then atom ids)
  1  43 [  2->10763]
Ligand hydrogens to protein acceptors (mapping then atom ids)
  1   7 [ 25->7948]
Ligand shape atoms to protein points (mapping then atom ids & coords)
  8  9308 [ 12->(152.500 143.750 159.500)]
 11  5774 [ 24->(147.250 141.000 154.000)]
Chromosome values
Integers:
  42   -1   -1   -1    6   -1   -1   -1   -1   -1   -1   -1 
9307   -1   -1 5773 
--------------------------------------------------------------------------------

Current Ranking  3  2  1

--------------------------------------------------------------------------------

* GA execution time :                                                           
  total  0.7009 user  0.6969 sys  0.0040

--------------------------------------------------------------------------------
Fitness function evaluations: 79054

--------------------------------------------------------------------------------
** Docking run number  4 **
--------------------------------------------------------------------------------
  Rank fitness base is 5000.00 ; increment is 11.2233

* Initialising population(s) ...                                                
Number of constraints mappings 0
Number of constraints 0
  Population no.                           :      1
  Population size                          :    100
  Number of duplicates                     :      0
  Number of niche violations               :      0
  Number of errors                         :   5143

Number of constraints mappings 0
Number of constraints 0
  Population no.                           :      2
  Population size                          :    100
  Number of duplicates                     :      0
  Number of niche violations               :      0
  Number of errors                         :   5077

Number of constraints mappings 0
Number of constraints 0
  Population no.                           :      3
  Population size                          :    100
  Number of duplicates                     :      0
  Number of niche violations               :      0
  Number of errors                         :   5220


Doing GA, no. of population(s) 3 size 100 selection pressure 1.100000

 Operation      Score     S(PLP)   S(hbond)     S(cho)   S(metal)  DE(clash)   DE(tors)     intcor
         0      17.70     -19.56       0.00       0.00       0.00       0.00       1.39       0.91
        13      22.09     -25.32       0.00       0.00       0.00       0.00       2.06       0.91
       586      22.16     -25.32       0.02       0.00       0.00       0.00       2.06       0.91
      1567      25.17     -28.02       0.00       0.00       0.00       0.00       1.88       0.91
      2623      32.53     -34.79       0.00       0.00       0.00       0.00       1.58       0.91
      3073      32.53     -34.79       0.00       0.00       0.00       0.00       1.58       0.91
      6084      33.30     -35.57       0.00       0.00       0.00       0.00       1.58       0.91
      6735      34.34     -36.82       0.00       0.00       0.00       0.00       1.69       0.91
     12229      34.41     -36.84       0.00       0.00       0.00       0.00       1.67       0.91
     19531      35.05     -34.58       0.88       0.00       0.00       0.00       1.54       0.91
     26784      35.29     -34.58       0.96       0.00       0.00       0.00       1.54       0.91
     35659      35.34     -34.58       0.98       0.00       0.00       0.00       1.54       0.90
     36122      35.45     -34.78       0.96       0.00       0.00       0.00       1.56       0.90
     36245      35.45     -34.78       0.96       0.00       0.00       0.00       1.56       0.90
     36725      35.47     -34.70       0.96       0.00       0.00       0.00       1.51       0.90
--------------------------------------------------------------------------------
Best docking solution after GA:
     37000      35.47     -34.70       0.96       0.00       0.00       0.00       1.51       0.90

#ops:      37000 #mutates:  17753 #cross:    17440 #migrate:   1807 
#dups:      7318 #niche:    16875 #errors:    2261 
--------------------------------------------------------------------------------

Doing AMOEBA simplex on best individual
Done simplexing #iterations 580, best score  37.39

Ligand is stored in gold_soln_AV-procd_m2850_4.sdf


--------------------------------------------------------------------------------
--- CHEMPLP breakdown of terms                                               ---
--------------------------------------------------------------------------------
CHEMPLP = - ( 1.0000*S(PLP) + -3.0000*S(hbond) + -6.0000*S(metal) + -3.0000*S(cho) )

Score = CHEMPLP - 1.0000*DE(clash) - 2.0000*DE(tors)

Internal energy term has been corrected with the best internal energy encountered.

--------------------------------------------------------------------------------


     Score     S(PLP)   S(hbond)     S(cho)   S(metal)  DE(clash)   DE(tors)     intcor
     37.39     -36.70       0.90       0.00       0.00       0.00       1.45       0.90

--------------------------------------------------------------------------------
--- PLP analysis of protein-ligand interactions                              ---
--------------------------------------------------------------------------------
hydrogen bonding        :      -1.57
metal                   :       0.00
buried (polar-nonpolar) :      -4.47
nonpolar                :     -31.96
repulsive               :       0.21
--------------------------------------------------------------------------------


--------------------------------------------------------------------------------
--- ChemScore analysis of protein-ligand interactions                        ---
--------------------------------------------------------------------------------

* Hydrogen bonds                                                                
Protein donor 7997 hydrogen 8010 Ligand acceptor    2 bond energy  1.00 wt 0.90


* CH..O interactions                                                            
  CH group selection                       : activated ring CH (adjacent to hetatom)

--------------------------------------------------------------------------------


--------------------------------------------------------------------------------
--- Intra-ligand clashes                                                     ---
--------------------------------------------------------------------------------

Ligand
--------------------------------------------------------------------------------

--------------------------------------------------------------------------------
--- Rescoring solution                                                       ---
--------------------------------------------------------------------------------

     Score         DG    S(hbond)    S(metal)    S(lipo)     H(rot)  DE(clash)    DE(int)
      9.28     -14.05       0.36        0.00      94.29       1.43       1.02       3.75

Doing AMOEBA simplex on best individual
Done simplexing #iterations 778, best score  11.92

     Score         DG    S(hbond)    S(metal)    S(lipo)     H(rot)  DE(clash)    DE(int)
     11.92     -15.73       0.72        0.00      98.46       1.43       0.36       3.44

--------------------------------------------------------------------------------
--- ChemScore breakdown of terms                                             ---
--------------------------------------------------------------------------------
DG = -5.4800 + -3.3400*S(hbond)
     + -6.0300*S(metal) + -0.1170*S(lipo) + 2.5600*H(rot)


H(rot) = 1.4324

Score = -(DG + DE(clash) + DE(int))


--------------------------------------------------------------------------------


--------------------------------------------------------------------------------
--- ChemScore analysis of protein-ligand interactions                        ---
--------------------------------------------------------------------------------

* Hydrogen bonds                                                                
Protein donor 7997 hydrogen 8010 Ligand acceptor    2 bond energy  1.00 wt 0.72

CHEMSCORE EXTRA INTERACTIONS:

* Clashes                                                                       
Clash for ligand atom   1 (**** ):   0.35
Clash for ligand atom  13 (**** ):   0.01
--------------------------------------------------------------------------------


--------------------------------------------------------------------------------
--- Chromosome decoded                                                       ---
--------------------------------------------------------------------------------
Ligand Torsions
[   1    2    3    4] -163.83
[   2    3    4    5] -111.16
[   3    4    5   17]  -59.15
[  14    7    6    5] -108.92
Protein Torsions
[6907 6896 6895 6894]   61.11 
[7974 7965 7964 7962] -177.64 
[8008 7997 7996 7995]   92.97 
[10167 10162 10161 10158] -111.59 
[10718 10713 10712 10709]  -78.19 
[10763 10752 10751 10750] -177.05 
[11005 11000 10999 10996]  176.30 
Mapping
Ligand acceptors to protein hydrogens (mapping then atom ids)
Ligand hydrogens to protein acceptors (mapping then atom ids)
Ligand shape atoms to protein points (mapping then atom ids & coords)
  3  7968 [  4->(151.250 138.250 155.000)]
  5  8335 [  9->(151.500 144.000 159.250)]
  9  9653 [ 13->(153.250 142.500 160.250)]
Chromosome values
Integers:
  -1   -1   -1   -1   -1   -1   -1 7967   -1 8334   -1   -1 
  -1 9652   -1   -1 
--------------------------------------------------------------------------------

Current Ranking  3  2  4  1

--------------------------------------------------------------------------------

* GA execution time :                                                           
  total  0.7110 user  0.7070 sys  0.0040

--------------------------------------------------------------------------------
Fitness function evaluations: 78768

--------------------------------------------------------------------------------
** Docking run number  5 **
--------------------------------------------------------------------------------
  Rank fitness base is 5000.00 ; increment is 11.2233

* Initialising population(s) ...                                                
Number of constraints mappings 0
Number of constraints 0
  Population no.                           :      1
  Population size                          :    100
  Number of duplicates                     :      0
  Number of niche violations               :      0
  Number of errors                         :   4903

Number of constraints mappings 0
Number of constraints 0
  Population no.                           :      2
  Population size                          :    100
  Number of duplicates                     :      0
  Number of niche violations               :      0
  Number of errors                         :   5347

Number of constraints mappings 0
Number of constraints 0
  Population no.                           :      3
  Population size                          :    100
  Number of duplicates                     :      0
  Number of niche violations               :      0
  Number of errors                         :   5251


Doing GA, no. of population(s) 3 size 100 selection pressure 1.100000

 Operation      Score     S(PLP)   S(hbond)     S(cho)   S(metal)  DE(clash)   DE(tors)     intcor
         0      17.86     -17.81       1.00       0.00       0.00       0.00       1.93       0.90
       576      19.56     -17.99       1.00       0.00       0.00       0.00       1.17       0.90
       941      26.18     -27.02       0.03       0.00       0.00       0.00       0.92       0.90
      4571      26.20     -27.02       0.04       0.00       0.00       0.00       0.92       0.90
      4622      30.04     -29.95       1.00       0.00       0.00       0.00       1.90       0.90
     10158      31.18     -28.74       1.40       0.00       0.00       0.00       1.33       0.90
     13353      32.00     -28.98       1.59       0.00       0.00       0.00       1.33       0.90
     13777      32.00     -28.75       1.80       0.00       0.00       0.00       1.52       0.90
     14107      32.16     -28.85       1.76       0.00       0.00       0.00       1.44       0.90
     14226      32.30     -28.26       2.00       0.00       0.00       0.00       1.43       0.90
     14227      32.66     -29.05       1.99       0.00       0.00       0.00       1.64       0.90
     15075      32.66     -29.04       1.81       0.00       0.00       0.00       1.36       0.90
     15345      33.20     -29.57       2.00       0.00       0.00       0.00       1.64       0.90
     15487      34.76     -30.26       1.69       0.00       0.00       0.00       0.73       0.90
     16909      35.25     -30.26       1.85       0.00       0.00       0.00       0.73       0.90
     18671      35.30     -30.26       1.86       0.00       0.00       0.00       0.73       0.90
     21152      35.31     -30.25       1.86       0.00       0.00       0.00       0.72       0.90
     21297      35.33     -30.37       1.84       0.00       0.00       0.00       0.73       0.90
     22208      35.48     -30.15       1.89       0.00       0.00       0.00       0.63       0.90
     22313      35.68     -30.26       1.99       0.00       0.00       0.00       0.73       0.90
     24859      35.80     -30.93       2.27       0.00       0.00       0.00       1.43       0.90
     26623      35.82     -30.35       2.00       0.00       0.00       0.00       0.72       0.90
     27136      36.02     -31.17       2.27       0.00       0.00       0.00       1.44       0.90
     27778      36.61     -31.45       2.40       0.00       0.00       0.00       1.47       0.90
     31102      36.92     -31.52       2.52       0.00       0.00       0.00       1.54       0.90
     33510      36.95     -31.41       2.54       0.00       0.00       0.00       1.49       0.90
     35354      37.05     -31.54       2.59       0.00       0.00       0.00       1.59       0.90
     35697      37.17     -31.72       2.68       0.00       0.00       0.00       1.74       0.90
--------------------------------------------------------------------------------
Best docking solution after GA:
     37000      37.17     -31.72       2.68       0.00       0.00       0.00       1.74       0.90

#ops:      37000 #mutates:  17544 #cross:    17659 #migrate:   1797 
#dups:     11421 #niche:    17585 #errors:    2221 
--------------------------------------------------------------------------------

Doing AMOEBA simplex on best individual
Done simplexing #iterations 607, best score  38.28

Ligand is stored in gold_soln_AV-procd_m2850_5.sdf


--------------------------------------------------------------------------------
--- CHEMPLP breakdown of terms                                               ---
--------------------------------------------------------------------------------
CHEMPLP = - ( 1.0000*S(PLP) + -3.0000*S(hbond) + -6.0000*S(metal) + -3.0000*S(cho) )

Score = CHEMPLP - 1.0000*DE(clash) - 2.0000*DE(tors)

Internal energy term has been corrected with the best internal energy encountered.

--------------------------------------------------------------------------------


     Score     S(PLP)   S(hbond)     S(cho)   S(metal)  DE(clash)   DE(tors)     intcor
     38.28     -32.44       2.81       0.00       0.00       0.00       1.74       0.90

--------------------------------------------------------------------------------
--- PLP analysis of protein-ligand interactions                              ---
--------------------------------------------------------------------------------
hydrogen bonding        :      -3.76
metal                   :       0.00
buried (polar-nonpolar) :      -4.89
nonpolar                :     -24.98
repulsive               :       0.01
--------------------------------------------------------------------------------


--------------------------------------------------------------------------------
--- ChemScore analysis of protein-ligand interactions                        ---
--------------------------------------------------------------------------------

* Hydrogen bonds                                                                
Protein donor 6896 hydrogen 6907 Ligand acceptor   15 bond energy  1.00 wt 0.98
Protein donor 6934 hydrogen 6947 Ligand acceptor    2 bond energy  1.00 wt 0.83
Protein donor 7997 hydrogen 8009 Ligand acceptor   22 bond energy  1.00 wt 1.00


* CH..O interactions                                                            
  CH group selection                       : activated ring CH (adjacent to hetatom)

--------------------------------------------------------------------------------


--------------------------------------------------------------------------------
--- Intra-ligand clashes                                                     ---
--------------------------------------------------------------------------------

Ligand
--------------------------------------------------------------------------------

--------------------------------------------------------------------------------
--- Rescoring solution                                                       ---
--------------------------------------------------------------------------------

     Score         DG    S(hbond)    S(metal)    S(lipo)     H(rot)  DE(clash)    DE(int)
      9.95     -13.08       1.33        0.00      58.34       1.43       0.02       3.11

Doing AMOEBA simplex on best individual
Done simplexing #iterations 789, best score  14.21

     Score         DG    S(hbond)    S(metal)    S(lipo)     H(rot)  DE(clash)    DE(int)
     14.21     -15.93       2.10        0.00      60.86       1.43       0.02       1.70

--------------------------------------------------------------------------------
--- ChemScore breakdown of terms                                             ---
--------------------------------------------------------------------------------
DG = -5.4800 + -3.3400*S(hbond)
     + -6.0300*S(metal) + -0.1170*S(lipo) + 2.5600*H(rot)


H(rot) = 1.4324

Score = -(DG + DE(clash) + DE(int))


--------------------------------------------------------------------------------


--------------------------------------------------------------------------------
--- ChemScore analysis of protein-ligand interactions                        ---
--------------------------------------------------------------------------------

* Hydrogen bonds                                                                
Protein donor 6896 hydrogen 6907 Ligand acceptor   15 bond energy  1.00 wt 0.61
Protein donor 6934 hydrogen 6947 Ligand acceptor    2 bond energy  1.00 wt 0.50
Protein donor 7997 hydrogen 8009 Ligand acceptor   22 bond energy  1.00 wt 0.99

CHEMSCORE EXTRA INTERACTIONS:

* Clashes                                                                       
Clash for ligand atom   1 (**** ):   0.01
Clash for ligand atom  15 (**** ):   0.02
--------------------------------------------------------------------------------


--------------------------------------------------------------------------------
--- Chromosome decoded                                                       ---
--------------------------------------------------------------------------------
Ligand Torsions
[   1    2    3    4] -157.84
[   2    3    4    5]  -74.96
[   3    4    5   17]  -79.95
[  14    7    6    5]   85.61
Protein Torsions
[6907 6896 6895 6894]  -28.81 
[7974 7965 7964 7962]   52.16 
[8008 7997 7996 7995]  176.95 
[10167 10162 10161 10158]  115.03 
[10718 10713 10712 10709] -124.90 
[10763 10752 10751 10750]   98.63 
[11005 11000 10999 10996]  -12.27 
Mapping
Ligand acceptors to protein hydrogens (mapping then atom ids)
  4  20 [ 22->8009]
Ligand hydrogens to protein acceptors (mapping then atom ids)
Ligand shape atoms to protein points (mapping then atom ids & coords)
  5  5010 [  9->(146.500 135.000 162.000)]
  6  3171 [ 10->(144.750 136.500 162.500)]
  7  5670 [ 11->(147.250 134.500 162.000)]
  8  4518 [ 12->(146.000 134.500 162.000)]
Chromosome values
Integers:
  -1   -1   -1   19   -1   -1   -1   -1   -1 5009 3170 5669 
4517   -1   -1   -1 
--------------------------------------------------------------------------------

Current Ranking  3  5  2  4  1

--------------------------------------------------------------------------------

* GA execution time :                                                           
  total  0.6965 user  0.6965 sys  0.0000

--------------------------------------------------------------------------------
Fitness function evaluations: 78282

--------------------------------------------------------------------------------
** Docking run number  6 **
--------------------------------------------------------------------------------
  Rank fitness base is 5000.00 ; increment is 11.2233

* Initialising population(s) ...                                                
Number of constraints mappings 0
Number of constraints 0
  Population no.                           :      1
  Population size                          :    100
  Number of duplicates                     :      0
  Number of niche violations               :      0
  Number of errors                         :   5187

Number of constraints mappings 0
Number of constraints 0
  Population no.                           :      2
  Population size                          :    100
  Number of duplicates                     :      0
  Number of niche violations               :      0
  Number of errors                         :   4917

Number of constraints mappings 0
Number of constraints 0
  Population no.                           :      3
  Population size                          :    100
  Number of duplicates                     :      0
  Number of niche violations               :      0
  Number of errors                         :   5203


Doing GA, no. of population(s) 3 size 100 selection pressure 1.100000

 Operation      Score     S(PLP)   S(hbond)     S(cho)   S(metal)  DE(clash)   DE(tors)     intcor
         0      17.69     -21.02       0.14       0.00       0.00       0.00       2.32       0.90
        54      17.69     -21.02       0.14       0.00       0.00       0.00       2.32       0.90
      1777      26.93     -29.85       0.00       0.00       0.00       0.00       1.91       0.90
      4486      27.04     -30.27       0.00       0.00       0.00       0.00       2.07       0.90
      4499      28.36     -31.34       0.10       0.00       0.00       0.00       2.08       0.90
     10087      28.38     -26.26       1.67       0.00       0.00       0.33       1.73       0.90
     10284      29.97     -27.31       1.68       0.00       0.00       0.00       1.64       0.90
     11976      30.85     -28.41       1.68       0.00       0.00       0.00       1.75       0.90
     13027      33.20     -32.60       1.10       0.00       0.00       0.00       1.80       0.90
     13316      36.25     -36.47       0.90       0.00       0.00       0.00       1.91       0.90
     13829      37.28     -36.91       0.90       0.00       0.00       0.00       1.61       0.90
     19613      37.55     -37.10       0.90       0.00       0.00       0.00       1.57       0.90
     19915      37.92     -37.80       0.91       0.00       0.00       0.00       1.76       0.90
     20662      38.45     -37.81       0.91       0.00       0.00       0.00       1.50       0.90
     20743      38.69     -36.87       1.37       0.00       0.00       0.00       1.60       0.90
     21751      39.49     -38.00       1.19       0.00       0.00       0.02       1.47       0.90
     26723      39.96     -37.46       1.60       0.00       0.00       0.00       1.60       0.90
     28244      40.04     -38.77       0.91       0.00       0.00       0.00       1.18       0.90
     28397      40.27     -37.71       1.63       0.00       0.00       0.00       1.61       0.90
     34432      40.40     -37.86       1.63       0.00       0.00       0.00       1.62       0.90
     35417      42.87     -40.29       1.63       0.00       0.00       0.00       1.61       0.90
     36493      43.59     -40.50       1.63       0.00       0.00       0.00       1.36       0.90
     36856      43.85     -40.57       1.68       0.00       0.00       0.00       1.33       0.90
     36920      43.88     -41.05       1.70       0.00       0.00       0.00       1.59       0.90
     36943      43.89     -40.58       1.68       0.00       0.00       0.00       1.32       0.90
--------------------------------------------------------------------------------
Best docking solution after GA:
     37000      43.89     -40.58       1.68       0.00       0.00       0.00       1.32       0.90

#ops:      37000 #mutates:  17502 #cross:    17618 #migrate:   1880 
#dups:      6652 #niche:    17107 #errors:    2229 
--------------------------------------------------------------------------------

Doing AMOEBA simplex on best individual
Done simplexing #iterations 852, best score  47.57

Ligand is stored in gold_soln_AV-procd_m2850_6.sdf


--------------------------------------------------------------------------------
--- CHEMPLP breakdown of terms                                               ---
--------------------------------------------------------------------------------
CHEMPLP = - ( 1.0000*S(PLP) + -3.0000*S(hbond) + -6.0000*S(metal) + -3.0000*S(cho) )

Score = CHEMPLP - 1.0000*DE(clash) - 2.0000*DE(tors)

Internal energy term has been corrected with the best internal energy encountered.

--------------------------------------------------------------------------------


     Score     S(PLP)   S(hbond)     S(cho)   S(metal)  DE(clash)   DE(tors)     intcor
     47.57     -43.01       2.00       0.00       0.00       0.00       1.17       0.90

--------------------------------------------------------------------------------
--- PLP analysis of protein-ligand interactions                              ---
--------------------------------------------------------------------------------
hydrogen bonding        :      -3.00
metal                   :       0.00
buried (polar-nonpolar) :      -3.34
nonpolar                :     -37.20
repulsive               :       0.72
--------------------------------------------------------------------------------


--------------------------------------------------------------------------------
--- ChemScore analysis of protein-ligand interactions                        ---
--------------------------------------------------------------------------------

* Hydrogen bonds                                                                
Ligand donor   20 hydrogen   25 Protein acceptor 7948 bond energy  1.00 wt 1.00
Protein donor 7997 hydrogen 8010 Ligand acceptor    2 bond energy  1.00 wt 1.00


* CH..O interactions                                                            
  CH group selection                       : activated ring CH (adjacent to hetatom)

--------------------------------------------------------------------------------


--------------------------------------------------------------------------------
--- Intra-ligand clashes                                                     ---
--------------------------------------------------------------------------------

Ligand
--------------------------------------------------------------------------------

--------------------------------------------------------------------------------
--- Rescoring solution                                                       ---
--------------------------------------------------------------------------------

     Score         DG    S(hbond)    S(metal)    S(lipo)     H(rot)  DE(clash)    DE(int)
     11.86     -16.77       1.14        0.00      95.37       1.43       1.43       3.48

Doing AMOEBA simplex on best individual
Done simplexing #iterations 871, best score  15.59

     Score         DG    S(hbond)    S(metal)    S(lipo)     H(rot)  DE(clash)    DE(int)
     15.59     -19.50       1.77        0.00     100.53       1.43       1.19       2.73

--------------------------------------------------------------------------------
--- ChemScore breakdown of terms                                             ---
--------------------------------------------------------------------------------
DG = -5.4800 + -3.3400*S(hbond)
     + -6.0300*S(metal) + -0.1170*S(lipo) + 2.5600*H(rot)


H(rot) = 1.4324

Score = -(DG + DE(clash) + DE(int))


--------------------------------------------------------------------------------


--------------------------------------------------------------------------------
--- ChemScore analysis of protein-ligand interactions                        ---
--------------------------------------------------------------------------------

* Hydrogen bonds                                                                
Ligand donor   20 hydrogen   25 Protein acceptor 7948 bond energy  1.00 wt 0.99
Protein donor 7997 hydrogen 8010 Ligand acceptor    2 bond energy  1.00 wt 0.78

CHEMSCORE EXTRA INTERACTIONS:

* Clashes                                                                       
Clash for ligand atom  10 (**** ):   0.07
Clash for ligand atom  13 (**** ):   1.11
--------------------------------------------------------------------------------


--------------------------------------------------------------------------------
--- Chromosome decoded                                                       ---
--------------------------------------------------------------------------------
Ligand Torsions
[   1    2    3    4] -178.51
[   2    3    4    5] -167.54
[   3    4    5   17] -111.72
[  14    7    6    5]  134.56
Protein Torsions
[6907 6896 6895 6894]  -16.10 
[7974 7965 7964 7962]   64.76 
[8008 7997 7996 7995]   33.16 
[10167 10162 10161 10158]  -62.93 
[10718 10713 10712 10709]  128.51 
[10763 10752 10751 10750]  103.76 
[11005 11000 10999 10996]  -92.95 
Mapping
Ligand acceptors to protein hydrogens (mapping then atom ids)
  3  18 [ 19->7998]
Ligand hydrogens to protein acceptors (mapping then atom ids)
  1   7 [ 25->7948]
Ligand shape atoms to protein points (mapping then atom ids & coords)
  3  7723 [  4->(151.000 138.500 155.250)]
  5  9755 [  9->(154.000 140.500 160.250)]
  7  9469 [ 11->(152.750 143.500 160.250)]
  8  9063 [ 12->(152.250 143.250 159.500)]
 10  7562 [ 14->(150.750 143.750 157.750)]
 11  5092 [ 24->(146.500 140.500 153.250)]
Chromosome values
Integers:
  -1   -1   17   -1    6   -1   -1 7722   -1 9754   -1 9468 
9062   -1 7561 5091 
--------------------------------------------------------------------------------

Current Ranking  6  3  5  2  4  1

--------------------------------------------------------------------------------

* GA execution time :                                                           
  total  0.7124 user  0.7084 sys  0.0040

--------------------------------------------------------------------------------
Fitness function evaluations: 78937

--------------------------------------------------------------------------------
** Docking run number  7 **
--------------------------------------------------------------------------------
  Rank fitness base is 5000.00 ; increment is 11.2233

* Initialising population(s) ...                                                
Number of constraints mappings 0
Number of constraints 0
  Population no.                           :      1
  Population size                          :    100
  Number of duplicates                     :      0
  Number of niche violations               :      0
  Number of errors                         :   5262

Number of constraints mappings 0
Number of constraints 0
  Population no.                           :      2
  Population size                          :    100
  Number of duplicates                     :      0
  Number of niche violations               :      0
  Number of errors                         :   5218

Number of constraints mappings 0
Number of constraints 0
  Population no.                           :      3
  Population size                          :    100
  Number of duplicates                     :      0
  Number of niche violations               :      0
  Number of errors                         :   5380


Doing GA, no. of population(s) 3 size 100 selection pressure 1.100000

 Operation      Score     S(PLP)   S(hbond)     S(cho)   S(metal)  DE(clash)   DE(tors)     intcor
         0      16.92     -19.61       0.00       0.00       0.00       0.00       1.79       0.90
        18      17.25     -19.44       0.00       0.00       0.00       0.00       1.55       0.90
       835      17.53     -20.20       0.00       0.00       0.00       0.00       1.79       0.90
      1194      17.76     -19.63       0.00       0.00       0.00       0.00       1.38       0.90
      1994      19.02     -19.29       0.00       0.00       0.00       0.00       0.59       0.90
      2047      27.64     -32.38       0.00       0.00       0.00       1.55       2.05       0.90
      3158      28.16     -31.58       0.00       0.00       0.00       0.00       2.16       0.90
      3543      28.91     -30.01       0.00       0.00       0.00       0.00       1.00       0.90
      3650      29.81     -31.76       0.00       0.00       0.00       0.00       1.43       0.90
      4024      30.71     -33.47       0.00       0.00       0.00       0.00       1.83       0.90
      7006      31.05     -33.78       0.00       0.00       0.00       0.00       1.82       0.90
      7441      32.00     -34.80       0.00       0.00       0.00       0.00       1.86       0.90
      7498      32.08     -34.57       0.00       0.00       0.00       0.00       1.70       0.90
      9208      32.93     -35.26       0.00       0.00       0.00       0.00       1.62       0.90
     11600      32.96     -35.27       0.00       0.00       0.00       0.00       1.61       0.90
     11725      33.21     -35.48       0.00       0.00       0.00       0.00       1.58       0.90
     18027      33.60     -33.76       0.60       0.00       0.00       0.00       1.42       0.88
     19995      33.64     -33.84       0.57       0.00       0.00       0.00       1.40       0.88
     23409      33.64     -33.83       0.58       0.00       0.00       0.00       1.41       0.88
     24047      33.66     -33.85       0.57       0.00       0.00       0.00       1.39       0.88
     24195      33.70     -33.83       0.60       0.00       0.00       0.00       1.41       0.88
     25311      33.73     -33.85       0.60       0.00       0.00       0.00       1.40       0.88
     28805      33.73     -33.86       0.60       0.00       0.00       0.00       1.41       0.88
     30571      33.73     -33.84       0.60       0.00       0.00       0.00       1.40       0.88
     31145      33.73     -33.84       0.60       0.00       0.00       0.00       1.40       0.88
--------------------------------------------------------------------------------
Best docking solution after GA:
     37000      33.73     -33.84       0.60       0.00       0.00       0.00       1.40       0.88

#ops:      37000 #mutates:  17646 #cross:    17531 #migrate:   1823 
#dups:     10433 #niche:    16963 #errors:    3782 
--------------------------------------------------------------------------------

Doing AMOEBA simplex on best individual
Done simplexing #iterations 661, best score  37.70

Ligand is stored in gold_soln_AV-procd_m2850_7.sdf


--------------------------------------------------------------------------------
--- CHEMPLP breakdown of terms                                               ---
--------------------------------------------------------------------------------
CHEMPLP = - ( 1.0000*S(PLP) + -3.0000*S(hbond) + -6.0000*S(metal) + -3.0000*S(cho) )

Score = CHEMPLP - 1.0000*DE(clash) - 2.0000*DE(tors)

Internal energy term has been corrected with the best internal energy encountered.

--------------------------------------------------------------------------------


     Score     S(PLP)   S(hbond)     S(cho)   S(metal)  DE(clash)   DE(tors)     intcor
     37.70     -37.90       0.54       0.00       0.00       0.00       1.35       0.88

--------------------------------------------------------------------------------
--- PLP analysis of protein-ligand interactions                              ---
--------------------------------------------------------------------------------
hydrogen bonding        :      -2.00
metal                   :       0.00
buried (polar-nonpolar) :      -5.79
nonpolar                :     -30.32
repulsive               :       0.06
--------------------------------------------------------------------------------


--------------------------------------------------------------------------------
--- ChemScore analysis of protein-ligand interactions                        ---
--------------------------------------------------------------------------------

* Hydrogen bonds                                                                
Protein donor 6896 hydrogen 6907 Ligand acceptor    2 bond energy  1.00 wt 0.54


* CH..O interactions                                                            
  CH group selection                       : activated ring CH (adjacent to hetatom)

--------------------------------------------------------------------------------


--------------------------------------------------------------------------------
--- Intra-ligand clashes                                                     ---
--------------------------------------------------------------------------------

Ligand
--------------------------------------------------------------------------------

--------------------------------------------------------------------------------
--- Rescoring solution                                                       ---
--------------------------------------------------------------------------------

     Score         DG    S(hbond)    S(metal)    S(lipo)     H(rot)  DE(clash)    DE(int)
      5.21      -8.73       0.15        0.00      54.75       1.43       0.84       2.68

Doing AMOEBA simplex on best individual
Done simplexing #iterations 861, best score   8.19

     Score         DG    S(hbond)    S(metal)    S(lipo)     H(rot)  DE(clash)    DE(int)
      8.19     -11.58       0.93        0.00      57.00       1.43       1.19       2.20

--------------------------------------------------------------------------------
--- ChemScore breakdown of terms                                             ---
--------------------------------------------------------------------------------
DG = -5.4800 + -3.3400*S(hbond)
     + -6.0300*S(metal) + -0.1170*S(lipo) + 2.5600*H(rot)


H(rot) = 1.4324

Score = -(DG + DE(clash) + DE(int))


--------------------------------------------------------------------------------


--------------------------------------------------------------------------------
--- ChemScore analysis of protein-ligand interactions                        ---
--------------------------------------------------------------------------------

* Hydrogen bonds                                                                
Protein donor 6896 hydrogen 6907 Ligand acceptor    2 bond energy  1.00 wt 0.93

CHEMSCORE EXTRA INTERACTIONS:

* Clashes                                                                       
Clash for ligand atom  22 (**** ):   1.19
--------------------------------------------------------------------------------


--------------------------------------------------------------------------------
--- Chromosome decoded                                                       ---
--------------------------------------------------------------------------------
Ligand Torsions
[   1    2    3    4]  -61.11
[   2    3    4    5] -168.52
[   3    4    5   17]   56.25
[  14    7    6    5]  120.83
Protein Torsions
[6907 6896 6895 6894]  -49.69 
[7974 7965 7964 7962]  -93.05 
[8008 7997 7996 7995]   40.11 
[10167 10162 10161 10158]   66.57 
[10718 10713 10712 10709] -129.67 
[10763 10752 10751 10750] -179.69 
[11005 11000 10999 10996]   21.58 
Mapping
Ligand acceptors to protein hydrogens (mapping then atom ids)
  3   4 [ 19->6908]
Ligand hydrogens to protein acceptors (mapping then atom ids)
Ligand shape atoms to protein points (mapping then atom ids & coords)
  7  5789 [ 11->(147.250 141.750 155.000)]
 11  8424 [ 24->(151.500 145.500 160.500)]
Chromosome values
Integers:
  -1   -1    3   -1   -1   -1   -1   -1   -1   -1   -1 5788 
  -1   -1   -1 8423 
--------------------------------------------------------------------------------

Current Ranking  6  3  5  2  7  4  1

--------------------------------------------------------------------------------

* GA execution time :                                                           
  total  0.6838 user  0.6838 sys  0.0000

--------------------------------------------------------------------------------
Fitness function evaluations: 78095

--------------------------------------------------------------------------------
** Docking run number  8 **
--------------------------------------------------------------------------------
  Rank fitness base is 5000.00 ; increment is 11.2233

* Initialising population(s) ...                                                
Number of constraints mappings 0
Number of constraints 0
  Population no.                           :      1
  Population size                          :    100
  Number of duplicates                     :      0
  Number of niche violations               :      0
  Number of errors                         :   5230

Number of constraints mappings 0
Number of constraints 0
  Population no.                           :      2
  Population size                          :    100
  Number of duplicates                     :      0
  Number of niche violations               :      0
  Number of errors                         :   5169

Number of constraints mappings 0
Number of constraints 0
  Population no.                           :      3
  Population size                          :    100
  Number of duplicates                     :      0
  Number of niche violations               :      0
  Number of errors                         :   5388


Doing GA, no. of population(s) 3 size 100 selection pressure 1.100000

 Operation      Score     S(PLP)   S(hbond)     S(cho)   S(metal)  DE(clash)   DE(tors)     intcor
         0      14.06     -16.40       0.02       0.00       0.00       0.00       1.65       0.88
       517      20.63     -23.17       1.12       0.00       0.00       6.00       0.39       0.88
      1054      20.79     -23.29       1.12       0.00       0.00       6.00       0.37       0.88
      1283      29.27     -24.73       1.84       0.00       0.00       0.00       0.94       0.88
      3902      29.33     -24.78       1.84       0.00       0.00       0.00       0.93       0.88
      4017      29.38     -24.73       1.84       0.00       0.00       0.00       0.88       0.88
      5414      29.74     -25.62       1.69       0.00       0.00       0.00       0.92       0.88
     10382      30.00     -25.94       1.69       0.00       0.00       0.00       0.95       0.88
     10433      30.37     -26.38       1.69       0.00       0.00       0.00       0.98       0.88
     12100      31.05     -27.71       1.43       0.00       0.00       0.00       0.92       0.88
     12604      31.94     -30.89       1.00       0.00       0.00       0.30       1.26       0.88
     15298      32.03     -30.92       1.00       0.00       0.00       0.30       1.24       0.88
     17231      32.31     -31.13       1.00       0.00       0.00       0.30       1.20       0.88
     17766      33.07     -29.28       1.37       0.00       0.00       0.00       0.59       0.88
     19174      33.61     -29.97       1.37       0.00       0.00       0.00       0.67       0.88
     19589      33.71     -30.07       1.84       0.00       0.00       0.30       1.24       0.88
     22284      33.89     -30.51       1.81       0.00       0.00       0.30       1.32       0.88
     24078      34.04     -29.33       1.72       0.00       0.00       0.00       0.67       0.88
     24982      35.37     -36.30       0.49       0.00       0.00       0.87       1.21       0.88
     25265      35.73     -36.30       0.61       0.00       0.00       0.87       1.21       0.88
     28531      38.42     -37.74       0.91       0.00       0.00       0.30       1.32       0.88
     30577      38.83     -36.86       1.34       0.00       0.00       0.30       1.32       0.88
     31294      39.23     -36.63       1.55       0.00       0.00       0.30       1.32       0.88
     32066      39.72     -39.07       0.88       0.00       0.00       0.00       1.43       0.88
     32648      39.92     -39.81       0.70       0.00       0.00       0.00       1.43       0.88
     33458      40.93     -40.77       0.71       0.00       0.00       0.00       1.43       0.88
     34448      41.16     -40.27       0.96       0.00       0.00       0.00       1.43       0.88
     34553      41.60     -41.16       0.71       0.00       0.00       0.00       1.29       0.88
     36213      42.08     -41.52       0.71       0.00       0.00       0.00       1.23       0.88
     36495      42.09     -41.47       0.71       0.00       0.00       0.00       1.20       0.88
--------------------------------------------------------------------------------
Best docking solution after GA:
     37000      42.09     -41.47       0.71       0.00       0.00       0.00       1.20       0.88

#ops:      37000 #mutates:  17617 #cross:    17514 #migrate:   1869 
#dups:     11922 #niche:    18980 #errors:     957 
--------------------------------------------------------------------------------

Doing AMOEBA simplex on best individual
Done simplexing #iterations 608, best score  44.83

Ligand is stored in gold_soln_AV-procd_m2850_8.sdf


--------------------------------------------------------------------------------
--- CHEMPLP breakdown of terms                                               ---
--------------------------------------------------------------------------------
CHEMPLP = - ( 1.0000*S(PLP) + -3.0000*S(hbond) + -6.0000*S(metal) + -3.0000*S(cho) )

Score = CHEMPLP - 1.0000*DE(clash) - 2.0000*DE(tors)

Internal energy term has been corrected with the best internal energy encountered.

--------------------------------------------------------------------------------


     Score     S(PLP)   S(hbond)     S(cho)   S(metal)  DE(clash)   DE(tors)     intcor
     44.83     -43.15       1.00       0.00       0.00       0.00       1.10       0.88

--------------------------------------------------------------------------------
--- PLP analysis of protein-ligand interactions                              ---
--------------------------------------------------------------------------------
hydrogen bonding        :      -2.00
metal                   :       0.00
buried (polar-nonpolar) :      -3.49
nonpolar                :     -43.27
repulsive               :       5.38
--------------------------------------------------------------------------------


--------------------------------------------------------------------------------
--- ChemScore analysis of protein-ligand interactions                        ---
--------------------------------------------------------------------------------

* Hydrogen bonds                                                                
Ligand donor   20 hydrogen   25 Protein acceptor 7948 bond energy  1.00 wt 1.00


* CH..O interactions                                                            
  CH group selection                       : activated ring CH (adjacent to hetatom)

--------------------------------------------------------------------------------


--------------------------------------------------------------------------------
--- Intra-ligand clashes                                                     ---
--------------------------------------------------------------------------------

Ligand
--------------------------------------------------------------------------------

--------------------------------------------------------------------------------
--- Rescoring solution                                                       ---
--------------------------------------------------------------------------------

     Score         DG    S(hbond)    S(metal)    S(lipo)     H(rot)  DE(clash)    DE(int)
      7.63     -15.60       0.64        0.00      99.55       1.43       4.78       3.19

Doing AMOEBA simplex on best individual
Done simplexing #iterations 615, best score  14.92

     Score         DG    S(hbond)    S(metal)    S(lipo)     H(rot)  DE(clash)    DE(int)
     14.92     -16.81       0.92        0.00     101.81       1.43       0.61       1.29

--------------------------------------------------------------------------------
--- ChemScore breakdown of terms                                             ---
--------------------------------------------------------------------------------
DG = -5.4800 + -3.3400*S(hbond)
     + -6.0300*S(metal) + -0.1170*S(lipo) + 2.5600*H(rot)


H(rot) = 1.4324

Score = -(DG + DE(clash) + DE(int))


--------------------------------------------------------------------------------


--------------------------------------------------------------------------------
--- ChemScore analysis of protein-ligand interactions                        ---
--------------------------------------------------------------------------------

* Hydrogen bonds                                                                
Ligand donor   20 hydrogen   25 Protein acceptor 7948 bond energy  1.00 wt 0.92

CHEMSCORE EXTRA INTERACTIONS:

* Clashes                                                                       
Clash for ligand atom   1 (**** ):   0.01
Clash for ligand atom   4 (**** ):   0.29
Clash for ligand atom  10 (**** ):   0.13
Clash for ligand atom  13 (**** ):   0.15
Clash for ligand atom  22 (**** ):   0.02
--------------------------------------------------------------------------------


--------------------------------------------------------------------------------
--- Chromosome decoded                                                       ---
--------------------------------------------------------------------------------
Ligand Torsions
[   1    2    3    4] -165.40
[   2    3    4    5]   35.19
[   3    4    5   17]  -93.75
[  14    7    6    5]  157.21
Protein Torsions
[6907 6896 6895 6894]  -22.95 
[7974 7965 7964 7962] -125.97 
[8008 7997 7996 7995] -160.25 
[10167 10162 10161 10158] -137.90 
[10718 10713 10712 10709]  172.32 
[10763 10752 10751 10750]  103.69 
[11005 11000 10999 10996]  -73.76 
Mapping
Ligand acceptors to protein hydrogens (mapping then atom ids)
  3  18 [ 19->7998]
Ligand hydrogens to protein acceptors (mapping then atom ids)
  1   7 [ 25->7948]
Ligand shape atoms to protein points (mapping then atom ids & coords)
  5  9748 [  9->(153.750 142.000 160.750)]
  7  9087 [ 11->(152.250 143.500 161.000)]
  9  9327 [ 13->(152.500 144.000 159.250)]
 11  6027 [ 24->(147.750 140.750 154.000)]
Chromosome values
Integers:
  -1   -1   17   -1    6   -1   -1   -1   -1 9747   -1 9086 
  -1 9326   -1 6026 
--------------------------------------------------------------------------------

Current Ranking  6  8  3  5  2  7  4  1

Top  3 (of  8) solutions are within 1.500 RMSD, finishing docking /DATA2/COVID-19/PDBs_&_Models/AV-procd.sdf.


--------------------------------------------------------------------------------

* GA execution time :                                                           
  total  0.7006 user  0.6966 sys  0.0040

--------------------------------------------------------------------------------
Fitness function evaluations: 78793

--------------------------------------------------------------------------------
--- Ranking analysis                                                         ---
--------------------------------------------------------------------------------


* Final ranked order of GA solutions:                                           
   6  8  3  5  2  7  4  1 

  _______________________________
  RMSD Matrix of RANKED solutions

        2    3    4    5    6    7    8  

   1 :  1.1  1.1  7.6  7.3  6.3  3.8  7.9
   2 :       1.3  7.3  7.1  6.0  4.0  7.6
   3 :            7.4  6.8  6.1  3.5  7.6
   4 :                 2.8  6.6  7.2  2.7
   5 :                      6.4  6.6  3.0
   6 :                           5.8  7.8
   7 :                                7.3

  Clustering method                        : complete linkage
  Structure ids in cluster table           : rank nos.
  Ordering of clusters and their members   : by rank (order if from rms_analysis)

  Distance | Clusters
   1.10    |  1  3 |  2 |  4 |  5 |  6 |  7 |  8 |
   1.35    |  1  2  3 |  4 |  5 |  6 |  7 |  8 |
   2.71    |  1  2  3 |  4  8 |  5 |  6 |  7 |
   2.95    |  1  2  3 |  4  5  8 |  6 |  7 |
   3.98    |  1  2  3  7 |  4  5  8 |  6 |
   6.26    |  1  2  3  6  7 |  4  5  8 |
   7.90    |  1  2  3  4  5  6  7  8 |
  Finished Docking Ligand                  : /DATA2/COVID-19/PDBs_&_Models/AV-procd.sdf
--------------------------------------------------------------------------------

  Relative_Ligand_Energy (best encountered) :   0.883
  Relative_Ligand_Energy: fitness values have been corrected using this amount
