
--------------------------------------------------------------------------------
--- Ligand                                                                   ---
--------------------------------------------------------------------------------
  Ligand loaded from file                  : /DATA2/COVID-19/PDBs_&_Models/AV-procd.sdf
  Ligand name                              :  
  "AV-unprocessed.smi:1048                                                  "

--------------------------------------------------------------------------------
  N.plc donors                             : 
  none found

  Acidic nitrogen acceptors                : 
  none found
  Sulfur acceptors                         :
  none found


  Donor atoms                              :      4
  5   8   10  13  
  Acceptor atoms                           :      3
  8   12  18  

  Hydrogens                                :  (n = 4)
  46   33   36   37   

  Lone pairs added to molecule             :      5
  Numbering                                : from 47 to 51
  Choline groups                           : 
   5   

--------------------------------------------------------------------------------
--- Postprocessing of typing                                                 ---
--------------------------------------------------------------------------------
  Fragment file                            : /home/scv26/CCDC/Discovery_2020/GOLD/gold/rotatable_bond_override.mol2
  acylurea fragment                        : no matches
  thioacylthiourea fragment                : no matches
  acylthiourea fragment                    : no matches
  thioacylurea fragment                    : no matches
  diarylamine fragment >C.ar-NH-C.ar<      : no matches
  sec-amine (1) fragment                   : no matches
  sec-amine (2) fragment                   : no matches
  sec-amine (3) fragment                   : no matches
  carboxylic ester                         : no matches

* Rotatable bonds in /DATA2/COVID-19/PDBs  :
  [   5    6] [   6    7] [   7    8] [   7    9] 
  [   9   10] [  13   14] 
  No. of rotatable bonds                   :      6


* Fragments found in /DATA2/COVID-19/PDBs  :


* Checking torsion distributions:                                               
  Rotatable bond [19 14 13 11] matches torsion: aromatic amide
   C.ar ( 1H ) | C.ar | N.am ( 1H ) | C.2 ( O.2 ) 
  No. of matched torsions                  :      1

--------------------------------------------------------------------------------
--- Shape fitting atoms selection (hydrophobic atoms)                        ---
--------------------------------------------------------------------------------
  Molecule                                 : /DATA2/COVID-19/PDBs_&_Models/AV-procd.sdf
  Selection                                : carbons only
  Atom numbers                             :  (n = 13)
  1    2    3    4    6    7    9    15   16   17   
  19   20   21   


--------------------------------------------------------------------------------
--- ChemScore ligand setup summary                                           ---
--------------------------------------------------------------------------------
  ChemScore ligand acceptors               :      3
  8 12 18 
  ChemScore ligand donors                  :      4
  5 ( 46 [+]  ) 8 ( 33  ) 10 ( 36  ) 13 ( 37  ) 
  ChemScore ligand CH donors               :      2
  17 ( 40 ) 19 ( 41 ) 

  ChemScore ligand lipophilic atoms        :  (n = 14)
  1    2    3    4    6    7    9    14   15   16   
  17   19   20   21   

  ChemScore ligand rotatable bonds         :      6
  5   (****) - 6   (****): SP3_SP3_BOND
  6   (****) - 7   (****): SP3_SP3_BOND
  7   (****) - 8   (****): SP3_SP3_BOND
  7   (****) - 9   (****): SP3_SP3_BOND
  9   (****) - 10  (****): SP3_SP2_BOND
  13  (****) - 14  (****): SP2_SP2_BOND

--------------------------------------------------------------------------------
--- PLP ligand setup summary                                                 ---
--------------------------------------------------------------------------------
    1  ****   C.3 NONPOLAR
    2  ****   C.3 NONPOLAR
    3  ****   C.3 NONPOLAR
    4  ****   C.3 NONPOLAR
    5  ****   N.4 DONOR
    6  ****   C.3 NONPOLAR
    7  ****   C.3 NONPOLAR
    8  ****   O.3 DONACC
    9  ****   C.3 NONPOLAR
   10  ****  N.am DONOR
   11  ****   C.2 NONPOLAR
   12  ****   O.2 ACCEPTOR
   13  ****  N.am DONOR
   14  ****  C.ar NONPOLAR
   15  ****  C.ar NONPOLAR
   16  ****  C.ar NONPOLAR
   17  ****  C.ar NONPOLAR
   18  ****  N.ar ACCEPTOR
   19  ****  C.ar NONPOLAR
   20  ****   C.3 NONPOLAR
   21  ****   C.3 NONPOLAR


--------------------------------------------------------------------------------
--- Automatic parameter setting                                              ---
--------------------------------------------------------------------------------
  Contribution base                        :   2500
  Contribution per rotatable bond          :   6000
  Contribution per df                      :   4000
  Contribution per water                   :  10000
  Ligand rotatable bonds                   :      6
  Protein flexible side chain bonds        :      0
  Total rotatable bonds                    :      6
  Hydrophobic vol ratio (P/L)              :   1.774
  Base multiplier (polar)                  :   1.600
  Base multiplier (apolar)                 :   4.614
  Base contribution                        : 15000.000
  Fitting points                           :      8
  Estimated maxops needed (optimal)        :  51500

--------------------------------------------------------------------------------

* Population settings                                                           
  maxops                                   :  51500
  popsiz                                   :    100
  select_pressure                          :   1.100
  n_islands                                :      5
  niche_siz                                :      2

* GA settings                                                                   
  pt_crosswt                               :     95
  allele_mutatewt                          :     95
  migratewt                                :     10

* Search settings                                                               
  start_vdw_linear_cutoff                  :   4.000
  initial_virtual_pt_match_max             :   3.000

--------------------------------------------------------------------------------

* Ligand initialisation time :                                                  
  total  0.0106 user  0.0106 sys  0.0000

--------------------------------------------------------------------------------

--------------------------------------------------------------------------------
** Docking run number  1 **
--------------------------------------------------------------------------------
  Rank fitness base is 5000.00 ; increment is 11.2233

* Initialising population(s) ...                                                
Number of constraints mappings 0
Number of constraints 0
  Population no.                           :      1
  Population size                          :    100
  Number of duplicates                     :      0
  Number of niche violations               :      0
  Number of errors                         :   3687

Number of constraints mappings 0
Number of constraints 0
  Population no.                           :      2
  Population size                          :    100
  Number of duplicates                     :      0
  Number of niche violations               :      0
  Number of errors                         :   3772

Number of constraints mappings 0
Number of constraints 0
  Population no.                           :      3
  Population size                          :    100
  Number of duplicates                     :      0
  Number of niche violations               :      0
  Number of errors                         :   3666

Number of constraints mappings 0
Number of constraints 0
  Population no.                           :      4
  Population size                          :    100
  Number of duplicates                     :      0
  Number of niche violations               :      0
  Number of errors                         :   3611

Number of constraints mappings 0
Number of constraints 0
  Population no.                           :      5
  Population size                          :    100
  Number of duplicates                     :      0
  Number of niche violations               :      0
  Number of errors                         :   3644


Doing GA, no. of population(s) 5 size 100 selection pressure 1.100000

 Operation      Score     S(PLP)   S(hbond)     S(cho)   S(metal)  DE(clash)   DE(tors)     intcor
         0      24.99     -15.92       3.97       0.00       0.00       0.00       1.56       0.21
       756      25.57     -20.28       2.17       0.00       0.00       0.00       0.72       0.21
      1886      26.87     -21.70       2.17       0.00       0.00       0.00       0.78       0.21
      3772      26.87     -20.87       1.71       1.00       0.00       0.08       1.07       0.08
      4635      28.34     -22.74       2.36       0.04       0.00       0.00       0.85       0.08
      5475      29.28     -22.08       2.18       0.80       0.00       0.00       0.90       0.08
      6440      29.90     -27.91       1.13       0.00       0.00       0.00       0.74       0.08
      6959      31.62     -25.48       1.93       0.64       0.00       0.00       0.82       0.08
      9016      32.25     -22.08       3.17       0.80       0.00       0.00       0.90       0.08
      9673      36.81     -30.19       1.66       0.95       0.00       0.36       0.47       0.08
      9777      36.81     -30.19       1.66       0.95       0.00       0.36       0.47       0.08
     12328      39.04     -25.71       3.71       1.00       0.00       0.00       0.45       0.08
     14298      39.07     -25.30       5.01       0.00       0.00       0.00       0.67       0.08
     16577      39.09     -26.64       4.63       0.00       0.00       0.00       0.76       0.08
     16638      40.35     -26.19       5.05       0.00       0.00       0.00       0.54       0.08
     16695      42.36     -28.74       5.03       0.00       0.00       0.00       0.78       0.08
     21045      42.43     -28.63       5.03       0.00       0.00       0.00       0.69       0.08
     28098      42.50     -30.81       4.53       0.00       0.00       0.00       0.98       0.07
     28530      43.34     -29.63       5.07       0.00       0.00       0.00       0.78       0.07
     29015      43.46     -29.75       5.06       0.00       0.00       0.00       0.78       0.07
     30275      43.53     -29.72       5.10       0.00       0.00       0.00       0.77       0.07
     30843      45.04     -31.01       5.24       0.00       0.00       0.00       0.88       0.07
     33825      45.45     -30.54       5.59       0.00       0.00       0.00       0.97       0.07
     34755      45.59     -30.85       5.56       0.00       0.00       0.00       1.00       0.07
     36520      46.62     -31.60       5.65       0.00       0.00       0.00       1.00       0.07
     40091      46.74     -32.76       5.30       0.00       0.00       0.00       1.00       0.07
     40231      46.76     -32.78       5.32       0.00       0.00       0.00       1.03       0.07
     44298      46.98     -32.11       5.60       0.00       0.00       0.00       1.00       0.07
     46312      47.21     -33.47       5.17       0.00       0.00       0.00       0.93       0.07
     46387      47.40     -33.47       5.24       0.00       0.00       0.00       0.93       0.07
     47382      47.49     -33.47       5.27       0.00       0.00       0.00       0.93       0.07
     47483      47.68     -33.30       5.51       0.00       0.00       0.00       1.11       0.07
     48438      48.04     -33.59       5.54       0.00       0.00       0.00       1.12       0.07
     49598      48.41     -33.26       5.57       0.00       0.00       0.00       0.82       0.07
     50486      48.79     -33.11       5.77       0.00       0.00       0.00       0.86       0.07
     51326      48.94     -33.10       5.82       0.00       0.00       0.00       0.85       0.07
--------------------------------------------------------------------------------
Best docking solution after GA:
     51500      48.94     -33.10       5.82       0.00       0.00       0.00       0.85       0.07

#ops:      51500 #mutates:  24472 #cross:    24464 #migrate:   2564 
#dups:      9795 #niche:    23609 #errors:    3779 
--------------------------------------------------------------------------------

Doing AMOEBA simplex on best individual
Done simplexing #iterations 869, best score  50.87

Ligand is stored in gold_soln_AV-procd_m4606_1.sdf


--------------------------------------------------------------------------------
--- CHEMPLP breakdown of terms                                               ---
--------------------------------------------------------------------------------
CHEMPLP = - ( 1.0000*S(PLP) + -3.0000*S(hbond) + -6.0000*S(metal) + -3.0000*S(cho) )

Score = CHEMPLP - 1.0000*DE(clash) - 2.0000*DE(tors)

Internal energy term has been corrected with the best internal energy encountered.

--------------------------------------------------------------------------------


     Score     S(PLP)   S(hbond)     S(cho)   S(metal)  DE(clash)   DE(tors)     intcor
     50.87     -34.98       5.84       0.00       0.00       0.00       0.85       0.07

--------------------------------------------------------------------------------
--- PLP analysis of protein-ligand interactions                              ---
--------------------------------------------------------------------------------
hydrogen bonding        :      -6.21
metal                   :       0.00
buried (polar-nonpolar) :       1.80
nonpolar                :     -30.96
repulsive               :       0.75
--------------------------------------------------------------------------------


--------------------------------------------------------------------------------
--- ChemScore analysis of protein-ligand interactions                        ---
--------------------------------------------------------------------------------

* Hydrogen bonds                                                                
Ligand donor    5 hydrogen   46 Protein acceptor 7948 bond energy  1.00 wt 2.00
Ligand donor    8 hydrogen   33 Protein acceptor 7948 bond energy  1.00 wt 0.94
Ligand donor   10 hydrogen   36 Protein acceptor 7957 bond energy  1.00 wt 0.73
Ligand donor   13 hydrogen   37 Protein acceptor 7957 bond energy  1.00 wt 0.47
Protein donor 7954 hydrogen 7966 Ligand acceptor    8 bond energy  1.00 wt 0.69
Protein donor 7997 hydrogen 8008 Ligand acceptor   18 bond energy  1.00 wt 1.00


* CH..O interactions                                                            
  CH group selection                       : activated ring CH (adjacent to hetatom)

--------------------------------------------------------------------------------


--------------------------------------------------------------------------------
--- Intra-ligand clashes                                                     ---
--------------------------------------------------------------------------------

Ligand
--------------------------------------------------------------------------------

--------------------------------------------------------------------------------
--- Rescoring solution                                                       ---
--------------------------------------------------------------------------------

     Score         DG    S(hbond)    S(metal)    S(lipo)     H(rot)  DE(clash)    DE(int)
     17.75     -21.86       3.84        0.00      80.27       2.29       2.06       2.05

Doing AMOEBA simplex on best individual
Done simplexing #iterations 861, best score  20.37

     Score         DG    S(hbond)    S(metal)    S(lipo)     H(rot)  DE(clash)    DE(int)
     20.37     -22.95       4.20        0.00      79.55       2.29       0.51       2.07

--------------------------------------------------------------------------------
--- ChemScore breakdown of terms                                             ---
--------------------------------------------------------------------------------
DG = -5.4800 + -3.3400*S(hbond)
     + -6.0300*S(metal) + -0.1170*S(lipo) + 2.5600*H(rot)


H(rot) = 2.2865

Score = -(DG + DE(clash) + DE(int))


--------------------------------------------------------------------------------


--------------------------------------------------------------------------------
--- ChemScore analysis of protein-ligand interactions                        ---
--------------------------------------------------------------------------------

* Hydrogen bonds                                                                
Ligand donor    5 hydrogen   46 Protein acceptor 7948 bond energy  1.00 wt 1.00
Ligand donor    8 hydrogen   33 Protein acceptor 7948 bond energy  1.00 wt 0.63
Ligand donor   10 hydrogen   36 Protein acceptor 7957 bond energy  1.00 wt 0.93
Ligand donor   13 hydrogen   37 Protein acceptor 7957 bond energy  1.00 wt 0.16
Protein donor 7954 hydrogen 7966 Ligand acceptor    8 bond energy  1.00 wt 0.58
Protein donor 7997 hydrogen 8008 Ligand acceptor   18 bond energy  1.00 wt 0.90

CHEMSCORE EXTRA INTERACTIONS:

* Clashes                                                                       
Clash for ligand atom   9 (**** ):   0.42
Clash for ligand atom  13 (**** ):   0.01
Clash for ligand atom  18 (**** ):   0.07
--------------------------------------------------------------------------------


--------------------------------------------------------------------------------
--- Chromosome decoded                                                       ---
--------------------------------------------------------------------------------
Ligand Torsions
[   4    5    6    7]  172.43
[   5    6    7    8]  -39.52
[  33    8    7    6]  -31.03
[  10    9    7    6]   87.25
[  11   10    9    7] -112.56
[  19   14   13   11]  143.51    matched torsion: aromatic amide
Protein Torsions
[6907 6896 6895 6894]  137.68 
[7974 7965 7964 7962]  118.58 
[8008 7997 7996 7995]  -41.64 
[10167 10162 10161 10158]  172.19 
[10718 10713 10712 10709]   96.22 
[10763 10752 10751 10750] -156.15 
[11005 11000 10999 10996]  -18.81 
Mapping
Ligand acceptors to protein hydrogens (mapping then atom ids)
  1  16 [  8->7966]
  3  19 [ 18->8008]
Ligand hydrogens to protein acceptors (mapping then atom ids)
  1   7 [ 46->7948]
  2   7 [ 33->7948]
  3   9 [ 36->7957]
Ligand shape atoms to protein points (mapping then atom ids & coords)
  1  3297 [  1->(145.000 132.500 151.750)]
  2  3319 [  2->(145.000 133.000 151.500)]
  5  3990 [  6->(145.500 137.000 152.250)]
  6  5523 [  7->(147.000 139.250 152.750)]
  7  5528 [  9->(147.000 139.500 152.500)]
  9  8757 [ 16->(152.000 141.000 158.750)]
 10  7496 [ 17->(150.750 141.250 157.750)]
Ligand N+ atoms to protein TRP (mapping then atom ids & coords)
Chromosome values
Integers:
  15   -1   18    6    6    8   -1   -1 3296 3318   -1   -1 
3989 5522 5527   -1 8756 7495   -1   -1   -1 
--------------------------------------------------------------------------------

Current Ranking  1

--------------------------------------------------------------------------------

* GA execution time :                                                           
  total  1.1242 user  1.1242 sys  0.0000

--------------------------------------------------------------------------------
Fitness function evaluations: 107987

--------------------------------------------------------------------------------
** Docking run number  2 **
--------------------------------------------------------------------------------
  Rank fitness base is 5000.00 ; increment is 11.2233

* Initialising population(s) ...                                                
Number of constraints mappings 0
Number of constraints 0
  Population no.                           :      1
  Population size                          :    100
  Number of duplicates                     :      0
  Number of niche violations               :      0
  Number of errors                         :   3828

Number of constraints mappings 0
Number of constraints 0
  Population no.                           :      2
  Population size                          :    100
  Number of duplicates                     :      0
  Number of niche violations               :      0
  Number of errors                         :   3706

Number of constraints mappings 0
Number of constraints 0
  Population no.                           :      3
  Population size                          :    100
  Number of duplicates                     :      0
  Number of niche violations               :      0
  Number of errors                         :   3859

Number of constraints mappings 0
Number of constraints 0
  Population no.                           :      4
  Population size                          :    100
  Number of duplicates                     :      0
  Number of niche violations               :      0
  Number of errors                         :   3627

Number of constraints mappings 0
Number of constraints 0
  Population no.                           :      5
  Population size                          :    100
  Number of duplicates                     :      0
  Number of niche violations               :      0
  Number of errors                         :   3715


Doing GA, no. of population(s) 5 size 100 selection pressure 1.100000

 Operation      Score     S(PLP)   S(hbond)     S(cho)   S(metal)  DE(clash)   DE(tors)     intcor
         0      24.69     -21.57       1.82       0.00       0.00       0.00       1.21       0.07
      1777      25.67     -25.82       0.58       0.00       0.00       0.75       0.61       0.07
      3111      29.70     -25.81       1.52       1.50       0.00       1.92       1.67       0.07
      3623      31.67     -25.04       2.62       0.00       0.00       0.00       0.64       0.07
      6133      32.16     -25.04       2.78       0.00       0.00       0.00       0.64       0.07
      8623      33.59     -26.37       2.72       0.00       0.00       0.00       0.51       0.07
     10418      34.54     -27.59       2.64       0.00       0.00       0.00       0.52       0.07
     10548      37.57     -27.91       3.63       0.00       0.00       0.00       0.65       0.07
     10888      38.31     -29.93       3.83       0.00       0.00       0.77       1.21       0.07
     13643      38.50     -29.93       3.90       0.00       0.00       0.77       1.21       0.07
     15791      39.05     -34.80       2.86       0.00       0.00       0.77       1.80       0.07
     22851      39.90     -29.27       4.07       0.00       0.00       0.00       0.83       0.07
     25736      40.04     -29.27       4.12       0.00       0.00       0.00       0.83       0.07
     27372      41.81     -31.92       3.82       0.00       0.00       0.00       0.83       0.07
     34077      42.05     -31.92       3.90       0.00       0.00       0.00       0.83       0.07
     34212      43.89     -33.53       3.98       0.00       0.00       0.00       0.83       0.07
     38082      44.07     -33.53       4.04       0.00       0.00       0.00       0.83       0.07
     41937      44.64     -33.38       4.28       0.00       0.00       0.00       0.83       0.07
     44648      45.85     -34.69       4.25       0.00       0.00       0.00       0.83       0.07
     47997      45.89     -32.55       4.85       0.00       0.00       0.00       0.64       0.07
     49478      45.99     -34.69       4.30       0.00       0.00       0.00       0.83       0.07
     49642      46.38     -32.55       5.02       0.00       0.00       0.00       0.64       0.07
     50562      46.50     -32.55       5.06       0.00       0.00       0.00       0.64       0.07
     50643      47.18     -31.24       5.82       0.00       0.00       0.16       0.71       0.07
--------------------------------------------------------------------------------
Best docking solution after GA:
     51500      47.18     -31.24       5.82       0.00       0.00       0.16       0.71       0.07

#ops:      51500 #mutates:  24480 #cross:    24458 #migrate:   2562 
#dups:      8865 #niche:    23337 #errors:    4056 
--------------------------------------------------------------------------------

Doing AMOEBA simplex on best individual
Done simplexing #iterations 634, best score  49.22

Ligand is stored in gold_soln_AV-procd_m4606_2.sdf


--------------------------------------------------------------------------------
--- CHEMPLP breakdown of terms                                               ---
--------------------------------------------------------------------------------
CHEMPLP = - ( 1.0000*S(PLP) + -3.0000*S(hbond) + -6.0000*S(metal) + -3.0000*S(cho) )

Score = CHEMPLP - 1.0000*DE(clash) - 2.0000*DE(tors)

Internal energy term has been corrected with the best internal energy encountered.

--------------------------------------------------------------------------------


     Score     S(PLP)   S(hbond)     S(cho)   S(metal)  DE(clash)   DE(tors)     intcor
     49.22     -33.13       5.80       0.00       0.00       0.00       0.69       0.07

--------------------------------------------------------------------------------
--- PLP analysis of protein-ligand interactions                              ---
--------------------------------------------------------------------------------
hydrogen bonding        :      -5.29
metal                   :       0.00
buried (polar-nonpolar) :      -1.54
nonpolar                :     -27.22
repulsive               :       0.26
--------------------------------------------------------------------------------


--------------------------------------------------------------------------------
--- ChemScore analysis of protein-ligand interactions                        ---
--------------------------------------------------------------------------------

* Hydrogen bonds                                                                
Ligand donor    5 hydrogen   46 Protein acceptor 7948 bond energy  1.00 wt 2.00
Ligand donor    8 hydrogen   33 Protein acceptor 7948 bond energy  1.00 wt 0.85
Ligand donor   10 hydrogen   36 Protein acceptor 7957 bond energy  1.00 wt 0.96
Protein donor 7954 hydrogen 7966 Ligand acceptor    8 bond energy  1.00 wt 1.00
Protein donor 7997 hydrogen 8009 Ligand acceptor   18 bond energy  1.00 wt 0.99


* CH..O interactions                                                            
  CH group selection                       : activated ring CH (adjacent to hetatom)

--------------------------------------------------------------------------------


--------------------------------------------------------------------------------
--- Intra-ligand clashes                                                     ---
--------------------------------------------------------------------------------

Ligand
--------------------------------------------------------------------------------

--------------------------------------------------------------------------------
--- Rescoring solution                                                       ---
--------------------------------------------------------------------------------

     Score         DG    S(hbond)    S(metal)    S(lipo)     H(rot)  DE(clash)    DE(int)
     15.93     -21.56       3.88        0.00      76.76       2.29       2.45       3.18

Doing AMOEBA simplex on best individual
Done simplexing #iterations 886, best score  20.04

     Score         DG    S(hbond)    S(metal)    S(lipo)     H(rot)  DE(clash)    DE(int)
     20.04     -22.09       4.12        0.00      74.30       2.29       0.00       2.05

--------------------------------------------------------------------------------
--- ChemScore breakdown of terms                                             ---
--------------------------------------------------------------------------------
DG = -5.4800 + -3.3400*S(hbond)
     + -6.0300*S(metal) + -0.1170*S(lipo) + 2.5600*H(rot)


H(rot) = 2.2865

Score = -(DG + DE(clash) + DE(int))


--------------------------------------------------------------------------------


--------------------------------------------------------------------------------
--- ChemScore analysis of protein-ligand interactions                        ---
--------------------------------------------------------------------------------

* Hydrogen bonds                                                                
Ligand donor    5 hydrogen   46 Protein acceptor 7948 bond energy  1.00 wt 0.98
Ligand donor    8 hydrogen   33 Protein acceptor 7948 bond energy  1.00 wt 0.69
Ligand donor   10 hydrogen   36 Protein acceptor 7957 bond energy  1.00 wt 0.94
Protein donor 7954 hydrogen 7966 Ligand acceptor    8 bond energy  1.00 wt 0.65
Protein donor 7997 hydrogen 8009 Ligand acceptor   18 bond energy  1.00 wt 0.87

CHEMSCORE EXTRA INTERACTIONS:

* Clashes                                                                       
--------------------------------------------------------------------------------


--------------------------------------------------------------------------------
--- Chromosome decoded                                                       ---
--------------------------------------------------------------------------------
Ligand Torsions
[   4    5    6    7]  170.90
[   5    6    7    8]  -31.47
[  33    8    7    6]  -25.72
[  10    9    7    6]   84.14
[  11   10    9    7] -120.21
[  19   14   13   11] -171.86    matched torsion: aromatic amide
Protein Torsions
[6907 6896 6895 6894] -165.82 
[7974 7965 7964 7962] -107.46 
[8008 7997 7996 7995]  161.85 
[10167 10162 10161 10158]  -59.43 
[10718 10713 10712 10709] -110.73 
[10763 10752 10751 10750]   78.55 
[11005 11000 10999 10996]   12.24 
Mapping
Ligand acceptors to protein hydrogens (mapping then atom ids)
Ligand hydrogens to protein acceptors (mapping then atom ids)
  1   7 [ 46->7948]
Ligand shape atoms to protein points (mapping then atom ids & coords)
  1  2691 [  1->(144.250 133.500 151.250)]
  2  2681 [  2->(144.250 133.250 151.750)]
 12  3956 [ 20->(145.500 136.000 151.250)]
Ligand N+ atoms to protein TRP (mapping then atom ids & coords)
Chromosome values
Integers:
  -1   -1   -1    6   -1   -1   -1   -1 2690 2680   -1   -1 
  -1   -1   -1   -1   -1   -1   -1 3955   -1 
--------------------------------------------------------------------------------

Current Ranking  1  2

--------------------------------------------------------------------------------

* GA execution time :                                                           
  total  1.1174 user  1.1134 sys  0.0040

--------------------------------------------------------------------------------
Fitness function evaluations: 108426

--------------------------------------------------------------------------------
** Docking run number  3 **
--------------------------------------------------------------------------------
  Rank fitness base is 5000.00 ; increment is 11.2233

* Initialising population(s) ...                                                
Number of constraints mappings 0
Number of constraints 0
  Population no.                           :      1
  Population size                          :    100
  Number of duplicates                     :      0
  Number of niche violations               :      0
  Number of errors                         :   3666

Number of constraints mappings 0
Number of constraints 0
  Population no.                           :      2
  Population size                          :    100
  Number of duplicates                     :      0
  Number of niche violations               :      0
  Number of errors                         :   3677

Number of constraints mappings 0
Number of constraints 0
  Population no.                           :      3
  Population size                          :    100
  Number of duplicates                     :      0
  Number of niche violations               :      0
  Number of errors                         :   3846

Number of constraints mappings 0
Number of constraints 0
  Population no.                           :      4
  Population size                          :    100
  Number of duplicates                     :      0
  Number of niche violations               :      0
  Number of errors                         :   3662

Number of constraints mappings 0
Number of constraints 0
  Population no.                           :      5
  Population size                          :    100
  Number of duplicates                     :      0
  Number of niche violations               :      0
  Number of errors                         :   3820


Doing GA, no. of population(s) 5 size 100 selection pressure 1.100000

 Operation      Score     S(PLP)   S(hbond)     S(cho)   S(metal)  DE(clash)   DE(tors)     intcor
         0      21.72     -16.14       1.64       0.83       0.00       0.00       0.94       0.07
      1136      23.75     -19.38       2.58       0.16       0.00       0.00       1.95       0.07
      1711      26.20     -22.83       2.00       0.00       0.00       0.00       1.35       0.07
      2111      26.40     -22.99       2.00       0.00       0.00       0.00       1.33       0.07
      2946      32.01     -20.03       4.85       0.00       0.00       0.32       1.15       0.07
      6206      32.34     -24.21       2.16       1.79       0.00       0.00       1.90       0.07
      9726      32.57     -24.45       2.36       1.64       0.00       0.00       1.97       0.07
      9992      33.08     -24.72       2.15       1.90       0.00       0.00       1.93       0.07
     12301      34.04     -25.75       2.28       1.73       0.00       0.00       1.91       0.07
     12881      34.56     -25.56       3.81       0.00       0.00       0.32       1.09       0.07
     12896      36.84     -29.04       2.06       1.20       0.00       0.00       1.04       0.07
     13046      36.84     -29.04       2.06       1.20       0.00       0.00       1.04       0.07
     13582      37.79     -29.26       2.31       1.21       0.00       0.00       1.06       0.07
     24800      37.82     -29.26       2.32       1.21       0.00       0.00       1.06       0.07
     25325      39.21     -25.70       3.09       1.85       0.00       0.00       0.69       0.07
     26135      39.67     -25.79       3.28       1.78       0.00       0.00       0.69       0.07
     26438      41.34     -35.86       2.56       0.00       0.00       0.00       1.12       0.07
     26822      42.59     -30.31       4.75       0.00       0.00       0.32       0.85       0.07
     30067      42.68     -30.31       4.77       0.00       0.00       0.32       0.85       0.07
     37807      42.96     -31.26       4.55       0.00       0.00       0.32       0.85       0.07
     41876      43.09     -30.43       4.73       0.00       0.00       0.00       0.80       0.07
     43576      43.31     -30.30       5.00       0.00       0.00       0.32       0.86       0.07
     46291      43.39     -31.16       4.74       0.00       0.00       0.32       0.86       0.07
     47247      43.41     -31.26       4.70       0.00       0.00       0.32       0.85       0.07
     47919      45.20     -28.85       6.00       0.00       0.00       0.00       0.87       0.07
     48583      45.28     -29.20       5.96       0.00       0.00       0.00       0.93       0.07
     48892      45.99     -30.76       5.75       0.00       0.00       0.00       1.04       0.07
     49799      46.05     -30.42       5.84       0.00       0.00       0.00       0.97       0.07
     49882      46.30     -30.77       5.84       0.00       0.00       0.00       1.02       0.07
     50624      46.71     -30.78       5.87       0.00       0.00       0.00       0.87       0.07
     51049      46.74     -30.78       5.88       0.00       0.00       0.00       0.87       0.07
--------------------------------------------------------------------------------
Best docking solution after GA:
     51500      46.74     -30.78       5.88       0.00       0.00       0.00       0.87       0.07

#ops:      51500 #mutates:  24585 #cross:    24370 #migrate:   2545 
#dups:      8212 #niche:    21356 #errors:    3362 
--------------------------------------------------------------------------------

Doing AMOEBA simplex on best individual
Done simplexing #iterations 851, best score  48.42

Ligand is stored in gold_soln_AV-procd_m4606_3.sdf


--------------------------------------------------------------------------------
--- CHEMPLP breakdown of terms                                               ---
--------------------------------------------------------------------------------
CHEMPLP = - ( 1.0000*S(PLP) + -3.0000*S(hbond) + -6.0000*S(metal) + -3.0000*S(cho) )

Score = CHEMPLP - 1.0000*DE(clash) - 2.0000*DE(tors)

Internal energy term has been corrected with the best internal energy encountered.

--------------------------------------------------------------------------------


     Score     S(PLP)   S(hbond)     S(cho)   S(metal)  DE(clash)   DE(tors)     intcor
     48.42     -31.97       6.10       0.00       0.00       0.00       0.96       0.07

--------------------------------------------------------------------------------
--- PLP analysis of protein-ligand interactions                              ---
--------------------------------------------------------------------------------
hydrogen bonding        :      -5.71
metal                   :       0.00
buried (polar-nonpolar) :       0.34
nonpolar                :     -26.69
repulsive               :       0.26
--------------------------------------------------------------------------------


--------------------------------------------------------------------------------
--- ChemScore analysis of protein-ligand interactions                        ---
--------------------------------------------------------------------------------

* Hydrogen bonds                                                                
Ligand donor    5 hydrogen   46 Protein acceptor 7948 bond energy  1.00 wt 2.00
Ligand donor    8 hydrogen   33 Protein acceptor 7948 bond energy  1.00 wt 0.91
Ligand donor   10 hydrogen   36 Protein acceptor 7957 bond energy  1.00 wt 1.00
Ligand donor   13 hydrogen   37 Protein acceptor 7957 bond energy  1.00 wt 0.69
Protein donor 7954 hydrogen 7966 Ligand acceptor    8 bond energy  1.00 wt 0.50
Protein donor 7997 hydrogen 8008 Ligand acceptor   18 bond energy  1.00 wt 1.00


* CH..O interactions                                                            
  CH group selection                       : activated ring CH (adjacent to hetatom)

--------------------------------------------------------------------------------


--------------------------------------------------------------------------------
--- Intra-ligand clashes                                                     ---
--------------------------------------------------------------------------------

Ligand
--------------------------------------------------------------------------------

--------------------------------------------------------------------------------
--- Rescoring solution                                                       ---
--------------------------------------------------------------------------------

     Score         DG    S(hbond)    S(metal)    S(lipo)     H(rot)  DE(clash)    DE(int)
     15.83     -21.63       3.63        0.00      84.60       2.29       2.86       2.94

Doing AMOEBA simplex on best individual
Done simplexing #iterations 810, best score  20.38

     Score         DG    S(hbond)    S(metal)    S(lipo)     H(rot)  DE(clash)    DE(int)
     20.38     -23.38       4.23        0.00      82.31       2.29       0.69       2.31

--------------------------------------------------------------------------------
--- ChemScore breakdown of terms                                             ---
--------------------------------------------------------------------------------
DG = -5.4800 + -3.3400*S(hbond)
     + -6.0300*S(metal) + -0.1170*S(lipo) + 2.5600*H(rot)


H(rot) = 2.2865

Score = -(DG + DE(clash) + DE(int))


--------------------------------------------------------------------------------


--------------------------------------------------------------------------------
--- ChemScore analysis of protein-ligand interactions                        ---
--------------------------------------------------------------------------------

* Hydrogen bonds                                                                
Ligand donor    5 hydrogen   46 Protein acceptor 7948 bond energy  1.00 wt 0.95
Ligand donor    8 hydrogen   33 Protein acceptor 7948 bond energy  1.00 wt 0.91
Ligand donor   10 hydrogen   36 Protein acceptor 7957 bond energy  1.00 wt 1.00
Ligand donor   13 hydrogen   37 Protein acceptor 7957 bond energy  1.00 wt 0.64
Protein donor 7997 hydrogen 8008 Ligand acceptor   18 bond energy  1.00 wt 0.74

CHEMSCORE EXTRA INTERACTIONS:

* Clashes                                                                       
Clash for ligand atom   7 (**** ):   0.04
Clash for ligand atom   9 (**** ):   0.13
Clash for ligand atom  19 (**** ):   0.03
Clash for ligand atom  21 (**** ):   0.49
--------------------------------------------------------------------------------


--------------------------------------------------------------------------------
--- Chromosome decoded                                                       ---
--------------------------------------------------------------------------------
Ligand Torsions
[   4    5    6    7]  163.62
[   5    6    7    8]  -26.26
[  33    8    7    6]  -38.08
[  10    9    7    6]   86.94
[  11   10    9    7] -107.90
[  19   14   13   11]  174.24    matched torsion: aromatic amide
Protein Torsions
[6907 6896 6895 6894]  161.79 
[7974 7965 7964 7962]   69.39 
[8008 7997 7996 7995]  -20.24 
[10167 10162 10161 10158] -140.47 
[10718 10713 10712 10709]   51.48 
[10763 10752 10751 10750]   -7.33 
[11005 11000 10999 10996]   80.98 
Mapping
Ligand acceptors to protein hydrogens (mapping then atom ids)
  1  16 [  8->7966]
Ligand hydrogens to protein acceptors (mapping then atom ids)
  2   7 [ 33->7948]
Ligand shape atoms to protein points (mapping then atom ids & coords)
  1  2843 [  1->(144.500 132.500 150.750)]
  6  4288 [  7->(145.750 137.750 152.250)]
  7  5082 [  9->(146.500 139.750 152.500)]
 13  4977 [ 21->(146.500 132.750 151.500)]
Ligand N+ atoms to protein TRP (mapping then atom ids & coords)
Chromosome values
Integers:
  15   -1   -1   -1    6   -1   -1   -1 2842   -1   -1   -1 
  -1 4287 5081   -1   -1   -1   -1   -1 4976 
--------------------------------------------------------------------------------

Current Ranking  1  2  3

Top  3 (of  3) solutions are within 1.500 RMSD, finishing docking /DATA2/COVID-19/PDBs_&_Models/AV-procd.sdf.


--------------------------------------------------------------------------------

* GA execution time :                                                           
  total  1.1118 user  1.1118 sys  0.0000

--------------------------------------------------------------------------------
Fitness function evaluations: 108807

--------------------------------------------------------------------------------
--- Ranking analysis                                                         ---
--------------------------------------------------------------------------------


* Final ranked order of GA solutions:                                           
   1  2  3 

  _______________________________
  RMSD Matrix of RANKED solutions

        2    3  

   1 :  0.7  1.0
   2 :       1.1

  Clustering method                        : complete linkage
  Structure ids in cluster table           : rank nos.
  Ordering of clusters and their members   : by rank (order if from rms_analysis)

  Distance | Clusters
   0.66    |  1  2 |  3 |
   1.09    |  1  2  3 |
  Finished Docking Ligand                  : /DATA2/COVID-19/PDBs_&_Models/AV-procd.sdf
--------------------------------------------------------------------------------

  Relative_Ligand_Energy (best encountered) :   0.069
  Relative_Ligand_Energy: fitness values have been corrected using this amount
