# WARNING: atom   17 in /DATA2/COVID-19/PDBs_&_Models/AV-procd.sdf is deduced as an acidic nitrogen

--------------------------------------------------------------------------------
--- Ligand                                                                   ---
--------------------------------------------------------------------------------
  Ligand loaded from file                  : /DATA2/COVID-19/PDBs_&_Models/AV-procd.sdf
  Ligand name                              :  
  "AV-unprocessed.smi:438                                                   "

--------------------------------------------------------------------------------
  N.plc donors                             : 
  none found

  Acidic nitrogen acceptors                : 

  17   
  Sulfur acceptors                         :
   5 : (thiol or thioether)    (S)  

  Donor atoms                              :      2
  9   23  
  Acceptor atoms                           :      5
  3   8   17  19  23  

  Hydrogens                                :  (n = 2)
  29   47   

  Lone pairs added to molecule             :      8
  Numbering                                : from 48 to 55
  Choline groups                           : 
   

--------------------------------------------------------------------------------
--- Postprocessing of typing                                                 ---
--------------------------------------------------------------------------------
  Fragment file                            : /home/scv26/CCDC/Discovery_2020/GOLD/gold/rotatable_bond_override.mol2
  acylurea fragment                        : no matches
  thioacylthiourea fragment                : no matches
  acylthiourea fragment                    : no matches
  thioacylurea fragment                    : no matches
  diarylamine fragment >C.ar-NH-C.ar<      : no matches
  sec-amine (1) fragment                   : no matches
  sec-amine (2) fragment                   : no matches
  sec-amine (3) fragment                   : no matches
  carboxylic ester                         : no matches

* Rotatable bonds in /DATA2/COVID-19/PDBs  :
  [   4    5] [   5    6] [   6    7] [   9   10] 
  [  20   21] [  21   22] [  22   23] 
  No. of rotatable bonds                   :      7


* Fragments found in /DATA2/COVID-19/PDBs  :


* Checking torsion distributions:                                               
  No. of matched torsions                  :      0

--------------------------------------------------------------------------------
--- Shape fitting atoms selection (hydrophobic atoms)                        ---
--------------------------------------------------------------------------------
  Molecule                                 : /DATA2/COVID-19/PDBs_&_Models/AV-procd.sdf
  Selection                                : carbons only
  Atom numbers                             :  (n = 11)
  1    6    10   11   12   13   14   15   16   21   
  22   


--------------------------------------------------------------------------------
--- ChemScore ligand setup summary                                           ---
--------------------------------------------------------------------------------
  ChemScore ligand acceptors               :      5
  3 8 17 [-] 19 23 
  ChemScore ligand donors                  :      2
  9 ( 29  ) 23 ( 47  ) 
  ChemScore ligand CH donors               :      0
  

  ChemScore ligand lipophilic atoms        :  (n = 14)
  1    2    5    6    10   11   12   13   14   15   
  16   20   21   22   

  ChemScore ligand rotatable bonds         :      7
  4   (****) - 5   (****): SP3_SP2_BOND
  5   (****) - 6   (****): SP3_SP3_BOND
  6   (****) - 7   (****): SP3_SP2_BOND
  9   (****) - 10  (****): SP3_SP2_BOND
  20  (****) - 21  (****): SP3_SP2_BOND
  21  (****) - 22  (****): SP3_SP3_BOND
  22  (****) - 23  (****): SP3_SP3_BOND

--------------------------------------------------------------------------------
--- PLP ligand setup summary                                                 ---
--------------------------------------------------------------------------------
    1  ****   C.3 NONPOLAR
    2  ****   C.2 NONPOLAR
    3  ****   N.2 ACCEPTOR
    4  ****   C.2 NONPOLAR
    5  ****   S.3 NONPOLAR
    6  ****   C.3 NONPOLAR
    7  ****   C.2 NONPOLAR
    8  ****   O.2 ACCEPTOR
    9  ****  N.am DONOR
   10  ****   C.3 NONPOLAR
   11  ****   C.3 NONPOLAR
   12  ****   C.3 NONPOLAR
   13  ****   C.3 NONPOLAR
   14  ****   C.3 NONPOLAR
   15  ****   C.3 NONPOLAR
   16  ****   C.3 NONPOLAR
   17  **** N.pl3 ACCEPTOR
   18  ****   C.2 NONPOLAR
   19  ****   O.2 ACCEPTOR
   20  ****   C.2 NONPOLAR
   21  ****   C.3 NONPOLAR
   22  ****   C.3 NONPOLAR
   23  ****   O.3 DONACC


--------------------------------------------------------------------------------
--- Automatic parameter setting                                              ---
--------------------------------------------------------------------------------
  Contribution base                        :   2500
  Contribution per rotatable bond          :   6000
  Contribution per df                      :   4000
  Contribution per water                   :  10000
  Ligand rotatable bonds                   :      7
  Protein flexible side chain bonds        :      0
  Total rotatable bonds                    :      7
  Hydrophobic vol ratio (P/L)              :   2.097
  Base multiplier (polar)                  :   1.400
  Base multiplier (apolar)                 :   4.614
  Base contribution                        : 15000.000
  Fitting points                           :      7
  Estimated maxops needed (optimal)        :  57500

--------------------------------------------------------------------------------

* Population settings                                                           
  maxops                                   :  57500
  popsiz                                   :    100
  select_pressure                          :   1.100
  n_islands                                :      5
  niche_siz                                :      2

* GA settings                                                                   
  pt_crosswt                               :     95
  allele_mutatewt                          :     95
  migratewt                                :     10

* Search settings                                                               
  start_vdw_linear_cutoff                  :   4.000
  initial_virtual_pt_match_max             :   3.000

--------------------------------------------------------------------------------

* Ligand initialisation time :                                                  
  total  0.0132 user  0.0132 sys  0.0000

--------------------------------------------------------------------------------

--------------------------------------------------------------------------------
** Docking run number  1 **
--------------------------------------------------------------------------------
  Rank fitness base is 5000.00 ; increment is 11.2233

* Initialising population(s) ...                                                
Number of constraints mappings 0
Number of constraints 0
  Population no.                           :      1
  Population size                          :    100
  Number of duplicates                     :      0
  Number of niche violations               :      0
  Number of errors                         :   4566

Number of constraints mappings 0
Number of constraints 0
  Population no.                           :      2
  Population size                          :    100
  Number of duplicates                     :      0
  Number of niche violations               :      0
  Number of errors                         :   4517

Number of constraints mappings 0
Number of constraints 0
  Population no.                           :      3
  Population size                          :    100
  Number of duplicates                     :      0
  Number of niche violations               :      0
  Number of errors                         :   4574

Number of constraints mappings 0
Number of constraints 0
  Population no.                           :      4
  Population size                          :    100
  Number of duplicates                     :      0
  Number of niche violations               :      0
  Number of errors                         :   4517

Number of constraints mappings 0
Number of constraints 0
  Population no.                           :      5
  Population size                          :    100
  Number of duplicates                     :      0
  Number of niche violations               :      0
  Number of errors                         :   4648


Doing GA, no. of population(s) 5 size 100 selection pressure 1.100000

 Operation      Score     S(PLP)   S(hbond)     S(cho)   S(metal)  DE(clash)   DE(tors)     intcor
         0      12.21     -17.44       0.00       0.00       0.00       3.25       1.49       0.28
       135      17.46     -14.58       1.67       0.00       0.00       0.00       1.20       0.28
       795      18.77     -20.41       0.00       0.00       0.00       0.21       0.86       0.28
      1870      18.98     -20.61       0.00       0.00       0.00       0.21       0.86       0.28
      2535      23.03     -21.39       1.00       0.00       0.00       0.00       0.82       0.28
      3540      25.10     -23.22       1.00       0.00       0.00       0.00       0.70       0.28
      4569      30.21     -31.37       0.50       0.00       0.00       0.00       1.48       0.28
      4734      32.22     -32.10       0.78       0.00       0.00       0.00       1.25       0.28
      8613      35.45     -34.48       1.18       0.00       0.00       0.00       1.42       0.28
      8694      36.55     -35.24       1.01       0.00       0.00       0.00       1.00       0.28
      9499      36.94     -36.13       1.03       0.00       0.00       0.00       1.28       0.28
     12489      37.40     -36.26       1.14       0.00       0.00       0.00       1.28       0.28
     13434      37.70     -37.09       1.14       0.00       0.00       0.00       1.54       0.28
     17015      38.12     -36.94       1.14       0.00       0.00       0.00       1.25       0.28
     20278      38.41     -37.14       1.14       0.00       0.00       0.00       1.21       0.28
     20720      38.43     -37.67       1.00       0.00       0.00       0.00       1.25       0.28
     21780      38.44     -36.63       1.27       0.00       0.00       0.00       1.15       0.28
     24032      38.83     -35.58       1.74       0.00       0.00       0.00       1.03       0.09
     26207      38.89     -35.72       1.70       0.00       0.00       0.00       1.00       0.09
     26829      38.90     -33.20       2.85       0.00       0.00       0.00       1.47       0.09
     27373      39.23     -37.61       1.19       0.00       0.00       0.00       1.02       0.09
     27732      39.29     -37.07       1.43       0.00       0.00       0.00       1.08       0.09
     31170      39.77     -33.21       3.04       0.00       0.00       0.00       1.32       0.09
     31905      39.96     -32.78       3.04       0.00       0.00       0.00       1.01       0.09
     32908      40.01     -32.89       3.05       0.00       0.00       0.00       1.06       0.09
     33819      40.50     -32.57       3.37       0.00       0.00       0.00       1.13       0.09
     39453      40.61     -32.69       3.37       0.00       0.00       0.00       1.14       0.09
     39674      40.76     -32.60       3.37       0.00       0.00       0.00       1.03       0.09
     42733      40.90     -32.68       3.37       0.00       0.00       0.00       1.00       0.09
     43980      40.90     -32.66       3.37       0.00       0.00       0.00       0.99       0.09
     44479      40.99     -32.80       3.37       0.00       0.00       0.00       1.01       0.09
     52366      40.99     -32.80       3.37       0.00       0.00       0.00       1.01       0.09
     52830      40.99     -32.80       3.37       0.00       0.00       0.00       1.01       0.09
     53132      41.22     -33.26       3.30       0.00       0.00       0.00       1.01       0.09
     56117      41.22     -33.24       3.30       0.00       0.00       0.00       1.00       0.09
     56967      41.44     -33.58       3.30       0.00       0.00       0.00       1.06       0.09
     57062      41.47     -33.56       3.30       0.00       0.00       0.00       1.03       0.09
--------------------------------------------------------------------------------
Best docking solution after GA:
     57500      41.47     -33.56       3.30       0.00       0.00       0.00       1.03       0.09

#ops:      57500 #mutates:  27295 #cross:    27343 #migrate:   2862 
#dups:     13922 #niche:    27023 #errors:    5795 
--------------------------------------------------------------------------------

Doing AMOEBA simplex on best individual
Done simplexing #iterations 698, best score  43.46

Ligand is stored in gold_soln_AV-procd_m2573_1.sdf


--------------------------------------------------------------------------------
--- CHEMPLP breakdown of terms                                               ---
--------------------------------------------------------------------------------
CHEMPLP = - ( 1.0000*S(PLP) + -3.0000*S(hbond) + -6.0000*S(metal) + -3.0000*S(cho) )

Score = CHEMPLP - 1.0000*DE(clash) - 2.0000*DE(tors)

Internal energy term has been corrected with the best internal energy encountered.

--------------------------------------------------------------------------------


     Score     S(PLP)   S(hbond)     S(cho)   S(metal)  DE(clash)   DE(tors)     intcor
     43.46     -35.87       3.10       0.00       0.00       0.00       0.89       0.09

--------------------------------------------------------------------------------
--- PLP analysis of protein-ligand interactions                              ---
--------------------------------------------------------------------------------
hydrogen bonding        :      -2.60
metal                   :       0.00
buried (polar-nonpolar) :      -5.06
nonpolar                :     -28.67
repulsive               :       0.17
--------------------------------------------------------------------------------


--------------------------------------------------------------------------------
--- ChemScore analysis of protein-ligand interactions                        ---
--------------------------------------------------------------------------------

* Hydrogen bonds                                                                
Protein donor 6931 hydrogen 6943 Ligand acceptor   17 bond energy  1.00 wt 1.73
Protein donor 6934 hydrogen 6947 Ligand acceptor   17 bond energy  1.00 wt 1.36


* CH..O interactions                                                            
  CH group selection                       : activated ring CH (adjacent to hetatom)

--------------------------------------------------------------------------------


--------------------------------------------------------------------------------
--- Intra-ligand clashes                                                     ---
--------------------------------------------------------------------------------

Ligand
--------------------------------------------------------------------------------

--------------------------------------------------------------------------------
--- Rescoring solution                                                       ---
--------------------------------------------------------------------------------

     Score         DG    S(hbond)    S(metal)    S(lipo)     H(rot)  DE(clash)    DE(int)
      7.96     -10.32       0.35        0.00      92.58       2.79       0.04       2.31

Doing AMOEBA simplex on best individual
Done simplexing #iterations 951, best score  10.74

     Score         DG    S(hbond)    S(metal)    S(lipo)     H(rot)  DE(clash)    DE(int)
     10.74     -11.81       0.66        0.00      96.46       2.79       0.10       0.97

--------------------------------------------------------------------------------
--- ChemScore breakdown of terms                                             ---
--------------------------------------------------------------------------------
DG = -5.4800 + -3.3400*S(hbond)
     + -6.0300*S(metal) + -0.1170*S(lipo) + 2.5600*H(rot)


H(rot) = 2.7927

Score = -(DG + DE(clash) + DE(int))


--------------------------------------------------------------------------------


--------------------------------------------------------------------------------
--- ChemScore analysis of protein-ligand interactions                        ---
--------------------------------------------------------------------------------

* Hydrogen bonds                                                                
Protein donor 6931 hydrogen 6943 Ligand acceptor   17 bond energy  1.00 wt 0.51
Protein donor 6934 hydrogen 6947 Ligand acceptor   17 bond energy  1.00 wt 0.15

CHEMSCORE EXTRA INTERACTIONS:

* Clashes                                                                       
Clash for ligand atom   6 (**** ):   0.04
Clash for ligand atom  23 (**** ):   0.06
--------------------------------------------------------------------------------


--------------------------------------------------------------------------------
--- Chromosome decoded                                                       ---
--------------------------------------------------------------------------------
Ligand Torsions
[   3    4    5    6] -141.95
[   4    5    6    7] -169.23
[   8    7    6    5]  -51.46
[  15   10    9    7]   85.42
[  22   21   20    2]  -68.16
[  23   22   21   20]  167.83
[  47   23   22   21]   55.86
Protein Torsions
[6907 6896 6895 6894]  113.15 
[7974 7965 7964 7962]  -35.06 
[8008 7997 7996 7995]  -84.25 
[10167 10162 10161 10158] -106.51 
[10718 10713 10712 10709]    6.43 
[10763 10752 10751 10750]   64.26 
[11005 11000 10999 10996]  -24.56 
Mapping
Ligand acceptors to protein hydrogens (mapping then atom ids)
Ligand hydrogens to protein acceptors (mapping then atom ids)
Ligand shape atoms to protein points (mapping then atom ids & coords)
  4  9383 [ 11->(152.750 141.500 159.500)]
  5  9557 [ 12->(153.000 142.500 161.750)]
  6  8870 [ 13->(152.000 144.000 160.000)]
  7  7759 [ 14->(151.000 142.750 158.250)]
 11  2553 [ 22->(144.000 135.250 162.500)]
Chromosome values
Integers:
  -1   -1   -1   -1   -1   -1   -1   -1   -1   -1 9382 9556 
8869 7758   -1   -1   -1 2552 
--------------------------------------------------------------------------------

Current Ranking  1

--------------------------------------------------------------------------------

* GA execution time :                                                           
  total  1.1978 user  1.1978 sys  0.0000

--------------------------------------------------------------------------------
Fitness function evaluations: 120260

--------------------------------------------------------------------------------
** Docking run number  2 **
--------------------------------------------------------------------------------
  Rank fitness base is 5000.00 ; increment is 11.2233

* Initialising population(s) ...                                                
Number of constraints mappings 0
Number of constraints 0
  Population no.                           :      1
  Population size                          :    100
  Number of duplicates                     :      0
  Number of niche violations               :      0
  Number of errors                         :   4550

Number of constraints mappings 0
Number of constraints 0
  Population no.                           :      2
  Population size                          :    100
  Number of duplicates                     :      0
  Number of niche violations               :      0
  Number of errors                         :   4754

Number of constraints mappings 0
Number of constraints 0
  Population no.                           :      3
  Population size                          :    100
  Number of duplicates                     :      0
  Number of niche violations               :      0
  Number of errors                         :   4425

Number of constraints mappings 0
Number of constraints 0
  Population no.                           :      4
  Population size                          :    100
  Number of duplicates                     :      0
  Number of niche violations               :      0
  Number of errors                         :   4550

Number of constraints mappings 0
Number of constraints 0
  Population no.                           :      5
  Population size                          :    100
  Number of duplicates                     :      0
  Number of niche violations               :      0
  Number of errors                         :   4686


Doing GA, no. of population(s) 5 size 100 selection pressure 1.100000

 Operation      Score     S(PLP)   S(hbond)     S(cho)   S(metal)  DE(clash)   DE(tors)     intcor
         0      14.61     -17.07       1.29       0.00       0.00       3.17       1.63       0.09
       704      16.24     -17.74       0.00       0.00       0.00       0.00       0.79       0.09
      1264      19.33     -20.83       0.00       0.00       0.00       0.00       0.79       0.09
      2442      19.76     -22.39       0.00       0.00       0.00       1.07       0.83       0.09
      3604      20.33     -21.14       0.15       0.00       0.00       0.00       0.67       0.09
      4146      25.24     -24.31       1.00       0.00       0.00       0.00       1.08       0.09
      5121      25.68     -24.83       0.96       0.00       0.00       0.00       1.06       0.09
      5586      28.28     -22.40       2.86       0.00       0.00       0.00       1.39       0.09
      5776      29.09     -28.49       0.91       0.00       0.00       0.00       1.11       0.09
      6391      29.32     -29.11       1.04       0.00       0.00       0.00       1.50       0.09
      7061      30.21     -30.13       1.00       0.00       0.00       0.00       1.50       0.09
      8266      30.24     -29.83       1.00       0.00       0.00       0.00       1.34       0.09
      8931      30.66     -29.11       1.48       0.00       0.00       0.00       1.50       0.09
      9588      31.47     -33.43       1.00       0.00       0.00       3.18       0.94       0.09
     10341      35.95     -35.19       0.93       0.00       0.00       0.00       1.06       0.09
     12731      36.45     -35.20       0.93       0.00       0.00       0.00       0.82       0.09
     14567      36.94     -35.17       0.93       0.00       0.00       0.00       0.56       0.09
     16159      38.27     -36.94       0.82       0.00       0.00       0.00       0.60       0.09
     16654      39.42     -36.63       1.36       0.00       0.00       0.00       0.70       0.09
     17990      39.72     -38.38       1.04       0.00       0.00       0.00       0.93       0.09
     19990      39.75     -38.50       1.00       0.00       0.00       0.00       0.92       0.09
     20305      40.04     -37.48       1.42       0.00       0.00       0.00       0.90       0.09
     20410      40.16     -37.54       1.31       0.00       0.00       0.00       0.70       0.09
     20421      40.60     -38.65       1.09       0.00       0.00       0.00       0.70       0.09
     20921      41.41     -39.87       1.01       0.00       0.00       0.00       0.78       0.09
     22575      41.67     -39.82       1.01       0.00       0.00       0.00       0.63       0.09
     22961      41.74     -38.28       1.44       0.00       0.00       0.00       0.48       0.09
     23471      42.45     -38.75       1.52       0.00       0.00       0.00       0.48       0.09
     24270      43.12     -39.33       1.55       0.00       0.00       0.00       0.48       0.09
     27915      43.15     -37.69       2.00       0.00       0.00       0.00       0.31       0.09
     28375      49.01     -42.10       2.55       0.00       0.00       0.00       0.42       0.09
     31785      49.02     -42.12       2.55       0.00       0.00       0.00       0.43       0.09
     32805      50.83     -43.94       2.63       0.00       0.00       0.00       0.54       0.09
     38024      51.26     -44.08       2.63       0.00       0.00       0.00       0.39       0.09
     38375      51.78     -45.25       2.51       0.00       0.00       0.00       0.54       0.09
     41005      51.90     -45.06       2.57       0.00       0.00       0.00       0.48       0.09
     42000      52.19     -45.47       2.57       0.00       0.00       0.00       0.55       0.09
     43169      52.42     -45.47       2.59       0.00       0.00       0.00       0.45       0.09
     48223      52.55     -45.91       2.53       0.00       0.00       0.00       0.51       0.09
     52433      52.69     -45.93       2.56       0.00       0.00       0.00       0.51       0.09
     54269      52.82     -45.28       2.76       0.00       0.00       0.00       0.41       0.09
     55763      52.88     -45.43       2.81       0.00       0.00       0.00       0.53       0.09
     57242      52.89     -45.49       2.81       0.00       0.00       0.00       0.56       0.09
--------------------------------------------------------------------------------
Best docking solution after GA:
     57500      52.89     -45.49       2.81       0.00       0.00       0.00       0.56       0.09

#ops:      57500 #mutates:  27258 #cross:    27287 #migrate:   2955 
#dups:     17613 #niche:    33780 #errors:    3628 
--------------------------------------------------------------------------------

Doing AMOEBA simplex on best individual
Done simplexing #iterations 617, best score  54.59

Ligand is stored in gold_soln_AV-procd_m2573_2.sdf


--------------------------------------------------------------------------------
--- CHEMPLP breakdown of terms                                               ---
--------------------------------------------------------------------------------
CHEMPLP = - ( 1.0000*S(PLP) + -3.0000*S(hbond) + -6.0000*S(metal) + -3.0000*S(cho) )

Score = CHEMPLP - 1.0000*DE(clash) - 2.0000*DE(tors)

Internal energy term has been corrected with the best internal energy encountered.

--------------------------------------------------------------------------------


     Score     S(PLP)   S(hbond)     S(cho)   S(metal)  DE(clash)   DE(tors)     intcor
     54.59     -47.10       2.86       0.00       0.00       0.00       0.59       0.09

--------------------------------------------------------------------------------
--- PLP analysis of protein-ligand interactions                              ---
--------------------------------------------------------------------------------
hydrogen bonding        :      -4.17
metal                   :       0.00
buried (polar-nonpolar) :      -5.76
nonpolar                :     -36.30
repulsive               :       0.13
--------------------------------------------------------------------------------


--------------------------------------------------------------------------------
--- ChemScore analysis of protein-ligand interactions                        ---
--------------------------------------------------------------------------------

* Hydrogen bonds                                                                
Protein donor 6931 hydrogen 6943 Ligand acceptor   19 bond energy  1.00 wt 1.00
Protein donor 6934 hydrogen 6947 Ligand acceptor   19 bond energy  1.00 wt 0.86
Protein donor 7997 hydrogen 8008 Ligand acceptor    8 bond energy  1.00 wt 1.00


* CH..O interactions                                                            
  CH group selection                       : activated ring CH (adjacent to hetatom)

--------------------------------------------------------------------------------


--------------------------------------------------------------------------------
--- Intra-ligand clashes                                                     ---
--------------------------------------------------------------------------------

Ligand
--------------------------------------------------------------------------------

--------------------------------------------------------------------------------
--- Rescoring solution                                                       ---
--------------------------------------------------------------------------------

     Score         DG    S(hbond)    S(metal)    S(lipo)     H(rot)  DE(clash)    DE(int)
     16.66     -17.23       1.71        0.00     112.64       2.79       0.01       0.56

Doing AMOEBA simplex on best individual
Done simplexing #iterations 798, best score  17.84

     Score         DG    S(hbond)    S(metal)    S(lipo)     H(rot)  DE(clash)    DE(int)
     17.84     -18.44       2.04        0.00     113.71       2.79       0.03       0.56

--------------------------------------------------------------------------------
--- ChemScore breakdown of terms                                             ---
--------------------------------------------------------------------------------
DG = -5.4800 + -3.3400*S(hbond)
     + -6.0300*S(metal) + -0.1170*S(lipo) + 2.5600*H(rot)


H(rot) = 2.7927

Score = -(DG + DE(clash) + DE(int))


--------------------------------------------------------------------------------


--------------------------------------------------------------------------------
--- ChemScore analysis of protein-ligand interactions                        ---
--------------------------------------------------------------------------------

* Hydrogen bonds                                                                
Protein donor 6931 hydrogen 6943 Ligand acceptor   19 bond energy  1.00 wt 0.19
Protein donor 6934 hydrogen 6947 Ligand acceptor   19 bond energy  1.00 wt 0.86
Protein donor 7997 hydrogen 8008 Ligand acceptor    8 bond energy  1.00 wt 0.99

CHEMSCORE EXTRA INTERACTIONS:

* Clashes                                                                       
Clash for ligand atom  13 (**** ):   0.02
Clash for ligand atom  16 (**** ):   0.01
--------------------------------------------------------------------------------


--------------------------------------------------------------------------------
--- Chromosome decoded                                                       ---
--------------------------------------------------------------------------------
Ligand Torsions
[   3    4    5    6]  177.91
[   4    5    6    7]  142.16
[   8    7    6    5]    5.84
[  15   10    9    7]  135.20
[  22   21   20    2]   60.76
[  23   22   21   20] -164.34
[  47   23   22   21]   55.69
Protein Torsions
[6907 6896 6895 6894] -154.42 
[7974 7965 7964 7962]  -81.25 
[8008 7997 7996 7995]  -72.92 
[10167 10162 10161 10158]  -86.77 
[10718 10713 10712 10709] -128.21 
[10763 10752 10751 10750] -146.10 
[11005 11000 10999 10996] -134.47 
Mapping
Ligand acceptors to protein hydrogens (mapping then atom ids)
  2  19 [  8->8008]
Ligand hydrogens to protein acceptors (mapping then atom ids)
Ligand shape atoms to protein points (mapping then atom ids & coords)
  5  9248 [ 12->(152.500 142.750 161.000)]
  7  8418 [ 14->(151.500 145.250 161.000)]
Chromosome values
Integers:
  -1   18   -1   -1   -1   -1   -1   -1   -1   -1   -1 9247 
  -1 8417   -1   -1   -1   -1 
--------------------------------------------------------------------------------

Current Ranking  2  1

--------------------------------------------------------------------------------

* GA execution time :                                                           
  total  1.2138 user  1.2058 sys  0.0080

--------------------------------------------------------------------------------
Fitness function evaluations: 120371

--------------------------------------------------------------------------------
** Docking run number  3 **
--------------------------------------------------------------------------------
  Rank fitness base is 5000.00 ; increment is 11.2233

* Initialising population(s) ...                                                
Number of constraints mappings 0
Number of constraints 0
  Population no.                           :      1
  Population size                          :    100
  Number of duplicates                     :      0
  Number of niche violations               :      0
  Number of errors                         :   4468

Number of constraints mappings 0
Number of constraints 0
  Population no.                           :      2
  Population size                          :    100
  Number of duplicates                     :      0
  Number of niche violations               :      0
  Number of errors                         :   4351

Number of constraints mappings 0
Number of constraints 0
  Population no.                           :      3
  Population size                          :    100
  Number of duplicates                     :      0
  Number of niche violations               :      0
  Number of errors                         :   4507

Number of constraints mappings 0
Number of constraints 0
  Population no.                           :      4
  Population size                          :    100
  Number of duplicates                     :      0
  Number of niche violations               :      0
  Number of errors                         :   4658

Number of constraints mappings 0
Number of constraints 0
  Population no.                           :      5
  Population size                          :    100
  Number of duplicates                     :      0
  Number of niche violations               :      0
  Number of errors                         :   4416


Doing GA, no. of population(s) 5 size 100 selection pressure 1.100000

 Operation      Score     S(PLP)   S(hbond)     S(cho)   S(metal)  DE(clash)   DE(tors)     intcor
         0      21.14     -19.37       1.34       0.00       0.00       0.00       1.16       0.09
       270      21.14     -19.37       1.34       0.00       0.00       0.00       1.16       0.09
      4644      21.61     -19.80       1.33       0.00       0.00       0.00       1.14       0.09
      6493      21.64     -24.95       0.00       0.00       0.00       0.12       1.64       0.09
      7169      21.70     -20.23       1.00       0.00       0.00       0.00       0.81       0.09
      7174      25.09     -20.65       1.98       0.00       0.00       0.00       0.79       0.09
     13753      28.23     -26.32       1.00       0.00       0.00       0.00       0.59       0.09
     19535      28.25     -28.93       0.00       0.00       0.00       0.00       0.38       0.09
     20235      28.93     -29.42       0.00       0.00       0.00       0.00       0.29       0.09
     21674      30.79     -32.22       0.00       0.00       0.00       0.00       0.76       0.09
     22179      34.82     -35.70       0.09       0.00       0.00       0.00       0.61       0.09
     22369      35.67     -36.58       0.08       0.00       0.00       0.00       0.63       0.09
     22524      35.96     -35.89       0.40       0.00       0.00       0.00       0.61       0.09
     24581      37.49     -37.45       0.38       0.00       0.00       0.00       0.60       0.09
     29832      38.36     -38.74       0.30       0.00       0.00       0.00       0.68       0.09
     37117      38.56     -39.53       0.19       0.00       0.00       0.00       0.79       0.05
     42229      38.60     -39.48       0.21       0.00       0.00       0.00       0.79       0.05
     42882      38.65     -39.42       0.25       0.00       0.00       0.00       0.79       0.05
     51230      39.08     -37.23       0.88       0.00       0.00       0.00       0.42       0.05
     52188      39.81     -39.56       0.59       0.00       0.00       0.00       0.79       0.05
     54283      40.78     -39.87       0.67       0.00       0.00       0.00       0.58       0.05
--------------------------------------------------------------------------------
Best docking solution after GA:
     57500      40.78     -39.87       0.67       0.00       0.00       0.00       0.58       0.05

#ops:      57500 #mutates:  27253 #cross:    27313 #migrate:   2934 
#dups:     12913 #niche:    25594 #errors:    7277 
--------------------------------------------------------------------------------

Doing AMOEBA simplex on best individual
Done simplexing #iterations 1090, best score  45.08

Ligand is stored in gold_soln_AV-procd_m2573_3.sdf


--------------------------------------------------------------------------------
--- CHEMPLP breakdown of terms                                               ---
--------------------------------------------------------------------------------
CHEMPLP = - ( 1.0000*S(PLP) + -3.0000*S(hbond) + -6.0000*S(metal) + -3.0000*S(cho) )

Score = CHEMPLP - 1.0000*DE(clash) - 2.0000*DE(tors)

Internal energy term has been corrected with the best internal energy encountered.

--------------------------------------------------------------------------------


     Score     S(PLP)   S(hbond)     S(cho)   S(metal)  DE(clash)   DE(tors)     intcor
     45.08     -43.08       0.94       0.00       0.00       0.00       0.44       0.05

--------------------------------------------------------------------------------
--- PLP analysis of protein-ligand interactions                              ---
--------------------------------------------------------------------------------
hydrogen bonding        :      -2.00
metal                   :       0.00
buried (polar-nonpolar) :      -8.21
nonpolar                :     -32.99
repulsive               :       0.19
--------------------------------------------------------------------------------


--------------------------------------------------------------------------------
--- ChemScore analysis of protein-ligand interactions                        ---
--------------------------------------------------------------------------------

* Hydrogen bonds                                                                
Protein donor 6933 hydrogen 6945 Ligand acceptor   23 bond energy  1.00 wt 0.94


* CH..O interactions                                                            
  CH group selection                       : activated ring CH (adjacent to hetatom)

--------------------------------------------------------------------------------


--------------------------------------------------------------------------------
--- Intra-ligand clashes                                                     ---
--------------------------------------------------------------------------------

Ligand
--------------------------------------------------------------------------------

--------------------------------------------------------------------------------
--- Rescoring solution                                                       ---
--------------------------------------------------------------------------------

     Score         DG    S(hbond)    S(metal)    S(lipo)     H(rot)  DE(clash)    DE(int)
      8.17     -10.13       0.17        0.00      95.92       2.79       1.38       0.58

Doing AMOEBA simplex on best individual
Done simplexing #iterations 815, best score  10.93

     Score         DG    S(hbond)    S(metal)    S(lipo)     H(rot)  DE(clash)    DE(int)
     10.93     -13.31       0.82        0.00     104.48       2.79       1.82       0.56

--------------------------------------------------------------------------------
--- ChemScore breakdown of terms                                             ---
--------------------------------------------------------------------------------
DG = -5.4800 + -3.3400*S(hbond)
     + -6.0300*S(metal) + -0.1170*S(lipo) + 2.5600*H(rot)


H(rot) = 2.7927

Score = -(DG + DE(clash) + DE(int))


--------------------------------------------------------------------------------


--------------------------------------------------------------------------------
--- ChemScore analysis of protein-ligand interactions                        ---
--------------------------------------------------------------------------------

* Hydrogen bonds                                                                
Protein donor 6933 hydrogen 6945 Ligand acceptor   23 bond energy  1.00 wt 0.82

CHEMSCORE EXTRA INTERACTIONS:

* Clashes                                                                       
Clash for ligand atom   6 (**** ):   0.05
Clash for ligand atom  13 (**** ):   0.08
Clash for ligand atom  21 (**** ):   0.01
Clash for ligand atom  22 (**** ):   0.01
Clash for ligand atom  23 (**** ):   1.67
--------------------------------------------------------------------------------


--------------------------------------------------------------------------------
--- Chromosome decoded                                                       ---
--------------------------------------------------------------------------------
Ligand Torsions
[   3    4    5    6] -123.06
[   4    5    6    7]  117.90
[   8    7    6    5]    6.15
[  15   10    9    7]  117.54
[  22   21   20    2]  117.58
[  23   22   21   20]  -58.50
[  47   23   22   21] -137.77
Protein Torsions
[6907 6896 6895 6894]  -58.59 
[7974 7965 7964 7962]  166.74 
[8008 7997 7996 7995]  168.61 
[10167 10162 10161 10158]  -73.99 
[10718 10713 10712 10709]   31.57 
[10763 10752 10751 10750]    3.64 
[11005 11000 10999 10996]  -55.92 
Mapping
Ligand acceptors to protein hydrogens (mapping then atom ids)
Ligand hydrogens to protein acceptors (mapping then atom ids)
Ligand shape atoms to protein points (mapping then atom ids & coords)
  1  7175 [  1->(150.250 143.250 158.750)]
  5  5855 [ 12->(147.500 135.250 162.250)]
 10  9690 [ 21->(153.500 141.500 160.000)]
 11  9358 [ 22->(152.500 144.250 162.250)]
Chromosome values
Integers:
  -1   -1   -1   -1   -1   -1   -1 7174   -1   -1   -1 5854 
  -1   -1   -1   -1 9689 9357 
--------------------------------------------------------------------------------

Current Ranking  2  3  1

--------------------------------------------------------------------------------

* GA execution time :                                                           
  total  1.1511 user  1.1471 sys  0.0040

--------------------------------------------------------------------------------
Fitness function evaluations: 120675

--------------------------------------------------------------------------------
** Docking run number  4 **
--------------------------------------------------------------------------------
  Rank fitness base is 5000.00 ; increment is 11.2233

* Initialising population(s) ...                                                
Number of constraints mappings 0
Number of constraints 0
  Population no.                           :      1
  Population size                          :    100
  Number of duplicates                     :      0
  Number of niche violations               :      0
  Number of errors                         :   4695

Number of constraints mappings 0
Number of constraints 0
  Population no.                           :      2
  Population size                          :    100
  Number of duplicates                     :      0
  Number of niche violations               :      0
  Number of errors                         :   4545

Number of constraints mappings 0
Number of constraints 0
  Population no.                           :      3
  Population size                          :    100
  Number of duplicates                     :      0
  Number of niche violations               :      0
  Number of errors                         :   4619

Number of constraints mappings 0
Number of constraints 0
  Population no.                           :      4
  Population size                          :    100
  Number of duplicates                     :      0
  Number of niche violations               :      0
  Number of errors                         :   4373

Number of constraints mappings 0
Number of constraints 0
  Population no.                           :      5
  Population size                          :    100
  Number of duplicates                     :      0
  Number of niche violations               :      0
  Number of errors                         :   4639


Doing GA, no. of population(s) 5 size 100 selection pressure 1.100000

 Operation      Score     S(PLP)   S(hbond)     S(cho)   S(metal)  DE(clash)   DE(tors)     intcor
         0      15.74     -16.11       0.68       0.00       0.00       0.00       1.23       0.05
      1740      16.51     -14.86       1.61       0.00       0.00       0.00       1.61       0.05
      2814      17.17     -23.35       0.07       0.00       0.00       3.56       1.44       0.05
      3183      18.54     -15.18       1.82       0.00       0.00       0.00       1.07       0.05
      3328      22.82     -20.40       1.65       0.00       0.00       0.00       1.29       0.05
      3455      23.75     -25.41       0.80       0.00       0.00       1.70       1.20       0.05
      5699      24.24     -22.34       1.92       0.00       0.00       1.48       1.21       0.05
      8049      24.32     -22.86       1.00       0.00       0.00       0.00       0.79       0.05
      8274      26.16     -24.69       1.00       0.00       0.00       0.00       0.79       0.05
      9729      26.25     -24.48       1.00       0.00       0.00       0.00       0.64       0.05
     10089      26.33     -24.75       1.00       0.00       0.00       0.00       0.73       0.05
     10509      26.39     -25.36       1.00       0.00       0.00       0.00       1.01       0.05
     10568      26.40     -25.69       1.00       0.00       0.00       0.00       1.17       0.05
     11164      26.47     -24.72       1.13       0.00       0.00       0.00       0.85       0.05
     11234      27.49     -25.92       1.00       0.00       0.00       0.00       0.74       0.05
     11373      30.46     -26.66       1.34       0.00       0.00       0.00       0.14       0.05
     13403      31.12     -25.29       2.28       0.00       0.00       0.00       0.53       0.05
     15985      31.22     -28.40       1.43       0.00       0.00       0.00       0.76       0.05
     17933      31.24     -25.28       2.28       0.00       0.00       0.00       0.47       0.05
     18374      32.75     -26.43       2.35       0.00       0.00       0.00       0.40       0.05
     19614      33.65     -29.45       1.69       0.00       0.00       0.00       0.46       0.05
     21349      34.65     -30.83       1.56       0.00       0.00       0.00       0.46       0.05
     21674      35.32     -29.80       2.09       0.00       0.00       0.00       0.40       0.05
     23517      37.39     -30.72       2.46       0.00       0.00       0.00       0.38       0.05
     25207      38.20     -31.35       2.46       0.00       0.00       0.00       0.29       0.05
     29652      38.36     -31.27       2.54       0.00       0.00       0.00       0.29       0.05
     31363      38.73     -30.47       3.08       0.00       0.00       0.00       0.51       0.05
     31963      39.48     -31.68       2.75       0.00       0.00       0.00       0.25       0.05
     37043      40.09     -31.80       2.92       0.00       0.00       0.00       0.25       0.05
     39912      43.81     -44.63       0.12       0.00       0.00       0.00       0.61       0.05
     42167      44.01     -44.75       0.16       0.00       0.00       0.00       0.63       0.05
     43017      44.02     -44.85       0.12       0.00       0.00       0.00       0.62       0.05
     43846      46.81     -44.63       1.12       0.00       0.00       0.00       0.61       0.05
     43991      46.96     -44.06       1.32       0.00       0.00       0.00       0.55       0.05
     44206      47.01     -44.55       1.20       0.00       0.00       0.00       0.59       0.05
     44710      47.04     -44.71       1.12       0.00       0.00       0.00       0.54       0.05
     48573      47.09     -44.79       1.12       0.00       0.00       0.00       0.55       0.05
     49661      47.41     -45.09       1.12       0.00       0.00       0.00       0.54       0.05
     50615      47.48     -45.18       1.12       0.00       0.00       0.00       0.55       0.05
     53157      47.53     -45.33       1.12       0.00       0.00       0.00       0.60       0.05
     55301      47.67     -44.43       1.43       0.00       0.00       0.00       0.54       0.05
     56126      47.71     -44.45       1.43       0.00       0.00       0.00       0.53       0.05
     56385      47.78     -44.52       1.43       0.00       0.00       0.00       0.53       0.05
     56791      47.85     -45.25       1.22       0.00       0.00       0.00       0.54       0.05
--------------------------------------------------------------------------------
Best docking solution after GA:
     57500      47.85     -45.25       1.22       0.00       0.00       0.00       0.54       0.05

#ops:      57500 #mutates:  27222 #cross:    27492 #migrate:   2786 
#dups:     13759 #niche:    24838 #errors:    3648 
--------------------------------------------------------------------------------

Doing AMOEBA simplex on best individual
Done simplexing #iterations 679, best score  49.39

Ligand is stored in gold_soln_AV-procd_m2573_4.sdf


--------------------------------------------------------------------------------
--- CHEMPLP breakdown of terms                                               ---
--------------------------------------------------------------------------------
CHEMPLP = - ( 1.0000*S(PLP) + -3.0000*S(hbond) + -6.0000*S(metal) + -3.0000*S(cho) )

Score = CHEMPLP - 1.0000*DE(clash) - 2.0000*DE(tors)

Internal energy term has been corrected with the best internal energy encountered.

--------------------------------------------------------------------------------


     Score     S(PLP)   S(hbond)     S(cho)   S(metal)  DE(clash)   DE(tors)     intcor
     49.39     -45.89       1.50       0.00       0.00       0.00       0.53       0.05

--------------------------------------------------------------------------------
--- PLP analysis of protein-ligand interactions                              ---
--------------------------------------------------------------------------------
hydrogen bonding        :      -4.69
metal                   :       0.00
buried (polar-nonpolar) :      -5.04
nonpolar                :     -36.74
repulsive               :       0.15
--------------------------------------------------------------------------------


--------------------------------------------------------------------------------
--- ChemScore analysis of protein-ligand interactions                        ---
--------------------------------------------------------------------------------

* Hydrogen bonds                                                                
Protein donor 6896 hydrogen 6908 Ligand acceptor    3 bond energy  1.00 wt 1.00
Protein donor 6931 hydrogen 6943 Ligand acceptor   19 bond energy  1.00 wt 0.13
Protein donor 6934 hydrogen 6947 Ligand acceptor   19 bond energy  1.00 wt 0.37


* CH..O interactions                                                            
  CH group selection                       : activated ring CH (adjacent to hetatom)

--------------------------------------------------------------------------------


--------------------------------------------------------------------------------
--- Intra-ligand clashes                                                     ---
--------------------------------------------------------------------------------

Ligand
--------------------------------------------------------------------------------

--------------------------------------------------------------------------------
--- Rescoring solution                                                       ---
--------------------------------------------------------------------------------

     Score         DG    S(hbond)    S(metal)    S(lipo)     H(rot)  DE(clash)    DE(int)
      9.75     -12.40       0.14        0.00     116.31       2.79       1.40       1.25

Doing AMOEBA simplex on best individual
Done simplexing #iterations 1040, best score  14.78

     Score         DG    S(hbond)    S(metal)    S(lipo)     H(rot)  DE(clash)    DE(int)
     14.78     -15.30       1.18        0.00     111.45       2.79       0.12       0.40

--------------------------------------------------------------------------------
--- ChemScore breakdown of terms                                             ---
--------------------------------------------------------------------------------
DG = -5.4800 + -3.3400*S(hbond)
     + -6.0300*S(metal) + -0.1170*S(lipo) + 2.5600*H(rot)


H(rot) = 2.7927

Score = -(DG + DE(clash) + DE(int))


--------------------------------------------------------------------------------


--------------------------------------------------------------------------------
--- ChemScore analysis of protein-ligand interactions                        ---
--------------------------------------------------------------------------------

* Hydrogen bonds                                                                
Protein donor 6896 hydrogen 6908 Ligand acceptor    3 bond energy  1.00 wt 0.61
Protein donor 6934 hydrogen 6947 Ligand acceptor   19 bond energy  1.00 wt 0.57

CHEMSCORE EXTRA INTERACTIONS:

* Clashes                                                                       
Clash for ligand atom   3 (**** ):   0.01
Clash for ligand atom   4 (**** ):   0.08
Clash for ligand atom  12 (**** ):   0.01
Clash for ligand atom  18 (**** ):   0.02
--------------------------------------------------------------------------------


--------------------------------------------------------------------------------
--- Chromosome decoded                                                       ---
--------------------------------------------------------------------------------
Ligand Torsions
[   3    4    5    6]  176.83
[   4    5    6    7]  135.36
[   8    7    6    5]   -4.00
[  15   10    9    7]  164.14
[  22   21   20    2] -115.03
[  23   22   21   20]  177.73
[  47   23   22   21]  162.25
Protein Torsions
[6907 6896 6895 6894]  155.43 
[7974 7965 7964 7962] -100.15 
[8008 7997 7996 7995]   -7.20 
[10167 10162 10161 10158] -157.99 
[10718 10713 10712 10709]  -25.23 
[10763 10752 10751 10750]   96.41 
[11005 11000 10999 10996]   99.95 
Mapping
Ligand acceptors to protein hydrogens (mapping then atom ids)
Ligand hydrogens to protein acceptors (mapping then atom ids)
Ligand shape atoms to protein points (mapping then atom ids & coords)
  3  9214 [ 10->(152.500 141.750 159.250)]
  6  9318 [ 13->(152.500 143.750 162.000)]
  7  9260 [ 14->(152.500 143.000 160.750)]
 10  5469 [ 21->(147.000 135.000 162.000)]
Chromosome values
Integers:
  -1   -1   -1   -1   -1   -1   -1   -1   -1 9213   -1   -1 
9317 9259   -1   -1 5468   -1 
--------------------------------------------------------------------------------

Current Ranking  2  4  3  1

--------------------------------------------------------------------------------

* GA execution time :                                                           
  total  1.1964 user  1.1964 sys  0.0000

--------------------------------------------------------------------------------
Fitness function evaluations: 121482

--------------------------------------------------------------------------------
** Docking run number  5 **
--------------------------------------------------------------------------------
  Rank fitness base is 5000.00 ; increment is 11.2233

* Initialising population(s) ...                                                
Number of constraints mappings 0
Number of constraints 0
  Population no.                           :      1
  Population size                          :    100
  Number of duplicates                     :      0
  Number of niche violations               :      0
  Number of errors                         :   4486

Number of constraints mappings 0
Number of constraints 0
  Population no.                           :      2
  Population size                          :    100
  Number of duplicates                     :      0
  Number of niche violations               :      0
  Number of errors                         :   4422

Number of constraints mappings 0
Number of constraints 0
  Population no.                           :      3
  Population size                          :    100
  Number of duplicates                     :      0
  Number of niche violations               :      0
  Number of errors                         :   4550

Number of constraints mappings 0
Number of constraints 0
  Population no.                           :      4
  Population size                          :    100
  Number of duplicates                     :      0
  Number of niche violations               :      0
  Number of errors                         :   4278

Number of constraints mappings 0
Number of constraints 0
  Population no.                           :      5
  Population size                          :    100
  Number of duplicates                     :      0
  Number of niche violations               :      0
  Number of errors                         :   4494


Doing GA, no. of population(s) 5 size 100 selection pressure 1.100000

 Operation      Score     S(PLP)   S(hbond)     S(cho)   S(metal)  DE(clash)   DE(tors)     intcor
         0      22.30     -17.27       2.18       0.00       0.00       0.00       0.77       0.05
      4263      22.95     -19.87       1.53       0.00       0.00       0.00       0.79       0.05
      5555      27.53     -22.54       2.00       0.00       0.00       0.00       0.53       0.05
      9445      35.09     -26.55       3.03       0.00       0.00       0.00       0.29       0.05
     14749      35.85     -27.66       3.07       0.00       0.00       0.00       0.53       0.05
     14870      36.18     -27.12       3.24       0.00       0.00       0.00       0.36       0.05
     17045      36.20     -27.11       3.24       0.00       0.00       0.00       0.35       0.05
     19800      36.32     -27.08       3.27       0.00       0.00       0.00       0.31       0.05
     19915      36.90     -27.83       3.24       0.00       0.00       0.00       0.36       0.05
     24891      36.92     -27.80       3.24       0.00       0.00       0.00       0.33       0.05
     25457      36.96     -27.62       3.41       0.00       0.00       0.00       0.47       0.05
     26857      37.07     -27.28       3.56       0.00       0.00       0.00       0.47       0.05
     27336      37.59     -28.03       3.41       0.00       0.00       0.00       0.35       0.05
     30857      37.69     -27.63       3.56       0.00       0.00       0.00       0.33       0.05
     33904      38.18     -28.89       3.32       0.00       0.00       0.00       0.36       0.05
     38495      38.18     -28.89       3.32       0.00       0.00       0.00       0.36       0.05
     47552      38.33     -28.96       3.32       0.00       0.00       0.00       0.31       0.05
     52604      39.91     -29.80       3.61       0.00       0.00       0.00       0.38       0.05
     55724      40.10     -29.92       3.62       0.00       0.00       0.00       0.36       0.05
     55998      40.16     -29.89       3.62       0.00       0.00       0.00       0.31       0.05
     56294      40.29     -29.91       3.72       0.00       0.00       0.00       0.41       0.05
     56869      40.36     -30.15       3.65       0.00       0.00       0.00       0.39       0.05
     57314      40.39     -30.21       3.62       0.00       0.00       0.00       0.35       0.05
--------------------------------------------------------------------------------
Best docking solution after GA:
     57500      40.39     -30.21       3.62       0.00       0.00       0.00       0.35       0.05

#ops:      57500 #mutates:  27170 #cross:    27435 #migrate:   2895 
#dups:     10525 #niche:    27357 #errors:    4500 
--------------------------------------------------------------------------------

Doing AMOEBA simplex on best individual
Done simplexing #iterations 813, best score  42.58

Ligand is stored in gold_soln_AV-procd_m2573_5.sdf


--------------------------------------------------------------------------------
--- CHEMPLP breakdown of terms                                               ---
--------------------------------------------------------------------------------
CHEMPLP = - ( 1.0000*S(PLP) + -3.0000*S(hbond) + -6.0000*S(metal) + -3.0000*S(cho) )

Score = CHEMPLP - 1.0000*DE(clash) - 2.0000*DE(tors)

Internal energy term has been corrected with the best internal energy encountered.

--------------------------------------------------------------------------------


     Score     S(PLP)   S(hbond)     S(cho)   S(metal)  DE(clash)   DE(tors)     intcor
     42.58     -32.33       3.68       0.00       0.00       0.00       0.42       0.05

--------------------------------------------------------------------------------
--- PLP analysis of protein-ligand interactions                              ---
--------------------------------------------------------------------------------
hydrogen bonding        :      -2.91
metal                   :       0.00
buried (polar-nonpolar) :       1.67
nonpolar                :     -31.80
repulsive               :       0.00
--------------------------------------------------------------------------------


--------------------------------------------------------------------------------
--- ChemScore analysis of protein-ligand interactions                        ---
--------------------------------------------------------------------------------

* Hydrogen bonds                                                                
Protein donor 6931 hydrogen 6943 Ligand acceptor   17 bond energy  1.00 wt 1.86
Protein donor 6934 hydrogen 6947 Ligand acceptor   17 bond energy  1.00 wt 1.82


* CH..O interactions                                                            
  CH group selection                       : activated ring CH (adjacent to hetatom)

--------------------------------------------------------------------------------


--------------------------------------------------------------------------------
--- Intra-ligand clashes                                                     ---
--------------------------------------------------------------------------------

Ligand
--------------------------------------------------------------------------------

--------------------------------------------------------------------------------
--- Rescoring solution                                                       ---
--------------------------------------------------------------------------------

     Score         DG    S(hbond)    S(metal)    S(lipo)     H(rot)  DE(clash)    DE(int)
      4.73     -10.85       0.69        0.00      87.25       2.79       5.06       1.06

Doing AMOEBA simplex on best individual
Done simplexing #iterations 1055, best score   8.96

     Score         DG    S(hbond)    S(metal)    S(lipo)     H(rot)  DE(clash)    DE(int)
      8.96     -11.18       0.86        0.00      85.18       2.79       1.85       0.37

--------------------------------------------------------------------------------
--- ChemScore breakdown of terms                                             ---
--------------------------------------------------------------------------------
DG = -5.4800 + -3.3400*S(hbond)
     + -6.0300*S(metal) + -0.1170*S(lipo) + 2.5600*H(rot)


H(rot) = 2.7927

Score = -(DG + DE(clash) + DE(int))


--------------------------------------------------------------------------------


--------------------------------------------------------------------------------
--- ChemScore analysis of protein-ligand interactions                        ---
--------------------------------------------------------------------------------

* Hydrogen bonds                                                                
Protein donor 6931 hydrogen 6943 Ligand acceptor   17 bond energy  1.00 wt 0.72
Protein donor 6934 hydrogen 6947 Ligand acceptor   17 bond energy  1.00 wt 0.14

CHEMSCORE EXTRA INTERACTIONS:

* Clashes                                                                       
Clash for ligand atom  12 (**** ):   1.81
Clash for ligand atom  13 (**** ):   0.02
Clash for ligand atom  15 (**** ):   0.01
Clash for ligand atom  23 (**** ):   0.01
--------------------------------------------------------------------------------


--------------------------------------------------------------------------------
--- Chromosome decoded                                                       ---
--------------------------------------------------------------------------------
Ligand Torsions
[   3    4    5    6]  124.00
[   4    5    6    7] -154.97
[   8    7    6    5]    4.75
[  15   10    9    7]  131.00
[  22   21   20    2] -119.28
[  23   22   21   20]  160.62
[  47   23   22   21]   90.31
Protein Torsions
[6907 6896 6895 6894]  115.95 
[7974 7965 7964 7962]  111.73 
[8008 7997 7996 7995]   99.09 
[10167 10162 10161 10158]  101.34 
[10718 10713 10712 10709]  -19.58 
[10763 10752 10751 10750]   51.23 
[11005 11000 10999 10996]  -43.19 
Mapping
Ligand acceptors to protein hydrogens (mapping then atom ids)
Ligand hydrogens to protein acceptors (mapping then atom ids)
Ligand shape atoms to protein points (mapping then atom ids & coords)
  4  6892 [ 11->(149.750 141.250 156.250)]
  8  5868 [ 15->(147.500 139.000 152.750)]
 10  4243 [ 21->(145.750 135.000 162.000)]
 11  2935 [ 22->(144.500 135.250 162.500)]
Chromosome values
Integers:
  -1   -1   -1   -1   -1   -1   -1   -1   -1   -1 6891   -1 
  -1   -1 5867   -1 4242 2934 
--------------------------------------------------------------------------------

Current Ranking  2  4  3  1  5

--------------------------------------------------------------------------------

* GA execution time :                                                           
  total  1.1961 user  1.1961 sys  0.0000

--------------------------------------------------------------------------------
Fitness function evaluations: 121145

--------------------------------------------------------------------------------
** Docking run number  6 **
--------------------------------------------------------------------------------
  Rank fitness base is 5000.00 ; increment is 11.2233

* Initialising population(s) ...                                                
Number of constraints mappings 0
Number of constraints 0
  Population no.                           :      1
  Population size                          :    100
  Number of duplicates                     :      0
  Number of niche violations               :      0
  Number of errors                         :   4688

Number of constraints mappings 0
Number of constraints 0
  Population no.                           :      2
  Population size                          :    100
  Number of duplicates                     :      0
  Number of niche violations               :      0
  Number of errors                         :   4504

Number of constraints mappings 0
Number of constraints 0
  Population no.                           :      3
  Population size                          :    100
  Number of duplicates                     :      0
  Number of niche violations               :      0
  Number of errors                         :   4510

Number of constraints mappings 0
Number of constraints 0
  Population no.                           :      4
  Population size                          :    100
  Number of duplicates                     :      0
  Number of niche violations               :      0
  Number of errors                         :   4388

Number of constraints mappings 0
Number of constraints 0
  Population no.                           :      5
  Population size                          :    100
  Number of duplicates                     :      0
  Number of niche violations               :      0
  Number of errors                         :   4574


Doing GA, no. of population(s) 5 size 100 selection pressure 1.100000

 Operation      Score     S(PLP)   S(hbond)     S(cho)   S(metal)  DE(clash)   DE(tors)     intcor
         0      15.17     -13.35       1.00       0.00       0.00       0.00       0.62       0.05
      1697      18.12     -20.28       0.00       0.00       0.00       0.00       1.10       0.05
      1876      20.62     -19.47       0.96       0.00       0.00       0.00       0.89       0.05
      3370      21.33     -23.73       0.00       0.00       0.00       0.00       1.23       0.05
      3920      22.39     -21.94       0.78       0.00       0.00       0.00       0.97       0.05
      4661      23.72     -23.80       1.00       0.00       0.00       0.00       1.56       0.05
      5925      24.05     -26.16       0.00       0.00       0.00       0.00       1.08       0.05
      6125      27.83     -26.97       0.68       0.00       0.00       0.00       0.61       0.05
      8591      28.41     -29.07       0.04       0.00       0.00       0.00       0.41       0.05
     10170      28.55     -26.65       1.00       0.00       0.00       0.00       0.57       0.05
     10251      29.30     -27.81       0.96       0.00       0.00       0.00       0.72       0.05
     11457      29.72     -28.75       0.61       0.00       0.00       0.00       0.45       0.05
     12360      29.98     -26.44       1.85       0.00       0.00       0.00       1.02       0.05
     12956      31.03     -29.05       1.01       0.00       0.00       0.00       0.56       0.05
     14144      33.73     -31.87       1.00       0.00       0.00       0.00       0.60       0.05
     15231      34.16     -29.51       2.17       0.00       0.00       0.49       0.71       0.05
     15840      35.10     -30.12       1.90       0.00       0.00       0.00       0.37       0.05
     16040      36.01     -30.12       2.20       0.00       0.00       0.00       0.37       0.05
     17120      36.83     -30.28       2.45       0.00       0.00       0.00       0.43       0.05
     19391      37.28     -30.50       2.53       0.00       0.00       0.00       0.43       0.05
     21466      37.33     -30.50       2.54       0.00       0.00       0.00       0.43       0.05
     23306      37.52     -30.69       2.53       0.00       0.00       0.00       0.40       0.05
     23596      37.65     -31.13       2.46       0.00       0.00       0.00       0.46       0.05
     26121      37.94     -31.90       2.42       0.00       0.00       0.00       0.64       0.05
     28151      37.97     -32.07       2.41       0.00       0.00       0.00       0.69       0.05
     28236      38.19     -31.89       2.37       0.00       0.00       0.00       0.42       0.05
     31065      38.42     -32.00       2.40       0.00       0.00       0.00       0.41       0.05
     32485      38.45     -31.90       2.59       0.00       0.00       0.00       0.64       0.05
     32720      38.56     -32.00       2.45       0.00       0.00       0.00       0.41       0.05
     34092      38.80     -31.70       2.57       0.00       0.00       0.00       0.32       0.05
     34255      39.59     -32.81       2.52       0.00       0.00       0.00       0.41       0.05
     37122      39.70     -32.86       2.54       0.00       0.00       0.00       0.42       0.05
     37416      40.14     -33.31       2.52       0.00       0.00       0.00       0.39       0.05
     39086      40.16     -33.42       2.50       0.00       0.00       0.00       0.41       0.05
     39751      40.20     -33.43       2.50       0.00       0.00       0.00       0.40       0.05
     40331      40.21     -33.47       2.52       0.00       0.00       0.00       0.43       0.05
     41694      40.32     -33.43       2.54       0.00       0.00       0.00       0.40       0.05
     42181      40.39     -33.55       2.54       0.00       0.00       0.00       0.42       0.05
     42986      40.49     -33.66       2.54       0.00       0.00       0.00       0.43       0.05
     43152      40.62     -33.77       2.54       0.00       0.00       0.00       0.41       0.05
     46541      40.65     -33.85       2.53       0.00       0.00       0.00       0.41       0.05
     47152      40.70     -33.88       2.54       0.00       0.00       0.00       0.43       0.05
     47582      40.83     -33.88       2.56       0.00       0.00       0.00       0.39       0.05
     49537      40.86     -33.98       2.54       0.00       0.00       0.00       0.40       0.05
     49942      41.07     -33.80       2.68       0.00       0.00       0.00       0.41       0.05
     53658      41.32     -34.27       2.59       0.00       0.00       0.00       0.39       0.05
     56033      41.36     -34.33       2.59       0.00       0.00       0.00       0.40       0.05
     56742      41.37     -34.04       2.71       0.00       0.00       0.00       0.43       0.05
     57292      41.41     -34.04       2.73       0.00       0.00       0.00       0.43       0.05
--------------------------------------------------------------------------------
Best docking solution after GA:
     57500      41.41     -34.04       2.73       0.00       0.00       0.00       0.43       0.05

#ops:      57500 #mutates:  27348 #cross:    27237 #migrate:   2915 
#dups:     15880 #niche:    33787 #errors:    2741 
--------------------------------------------------------------------------------

Doing AMOEBA simplex on best individual
Done simplexing #iterations 1064, best score  42.74

Ligand is stored in gold_soln_AV-procd_m2573_6.sdf


--------------------------------------------------------------------------------
--- CHEMPLP breakdown of terms                                               ---
--------------------------------------------------------------------------------
CHEMPLP = - ( 1.0000*S(PLP) + -3.0000*S(hbond) + -6.0000*S(metal) + -3.0000*S(cho) )

Score = CHEMPLP - 1.0000*DE(clash) - 2.0000*DE(tors)

Internal energy term has been corrected with the best internal energy encountered.

--------------------------------------------------------------------------------


     Score     S(PLP)   S(hbond)     S(cho)   S(metal)  DE(clash)   DE(tors)     intcor
     42.74     -35.11       2.71       0.00       0.00       0.00       0.27       0.05

--------------------------------------------------------------------------------
--- PLP analysis of protein-ligand interactions                              ---
--------------------------------------------------------------------------------
hydrogen bonding        :      -3.89
metal                   :       0.00
buried (polar-nonpolar) :      -7.12
nonpolar                :     -24.77
repulsive               :       0.39
--------------------------------------------------------------------------------


--------------------------------------------------------------------------------
--- ChemScore analysis of protein-ligand interactions                        ---
--------------------------------------------------------------------------------

* Hydrogen bonds                                                                
Ligand donor   23 hydrogen   47 Protein acceptor 10186 bond energy  1.00 wt 0.83
Protein donor 6896 hydrogen 6909 Ligand acceptor    8 bond energy  1.00 wt 1.00
Protein donor 10785 hydrogen 10796 Ligand acceptor   23 bond energy  1.00 wt 0.88


* CH..O interactions                                                            
  CH group selection                       : activated ring CH (adjacent to hetatom)

--------------------------------------------------------------------------------


--------------------------------------------------------------------------------
--- Intra-ligand clashes                                                     ---
--------------------------------------------------------------------------------

Ligand
--------------------------------------------------------------------------------

--------------------------------------------------------------------------------
--- Rescoring solution                                                       ---
--------------------------------------------------------------------------------

     Score         DG    S(hbond)    S(metal)    S(lipo)     H(rot)  DE(clash)    DE(int)
     16.03     -16.46       2.51        0.00      83.16       2.79       0.00       0.43

Doing AMOEBA simplex on best individual
Done simplexing #iterations 886, best score  16.97

     Score         DG    S(hbond)    S(metal)    S(lipo)     H(rot)  DE(clash)    DE(int)
     16.97     -17.26       2.69        0.00      85.05       2.79       0.00       0.29

--------------------------------------------------------------------------------
--- ChemScore breakdown of terms                                             ---
--------------------------------------------------------------------------------
DG = -5.4800 + -3.3400*S(hbond)
     + -6.0300*S(metal) + -0.1170*S(lipo) + 2.5600*H(rot)


H(rot) = 2.7927

Score = -(DG + DE(clash) + DE(int))


--------------------------------------------------------------------------------


--------------------------------------------------------------------------------
--- ChemScore analysis of protein-ligand interactions                        ---
--------------------------------------------------------------------------------

* Hydrogen bonds                                                                
Ligand donor   23 hydrogen   47 Protein acceptor 10186 bond energy  1.00 wt 0.83
Protein donor 6896 hydrogen 6909 Ligand acceptor    8 bond energy  1.00 wt 0.99
Protein donor 10785 hydrogen 10796 Ligand acceptor   23 bond energy  1.00 wt 0.86

CHEMSCORE EXTRA INTERACTIONS:

* Clashes                                                                       
--------------------------------------------------------------------------------


--------------------------------------------------------------------------------
--- Chromosome decoded                                                       ---
--------------------------------------------------------------------------------
Ligand Torsions
[   3    4    5    6]  -48.75
[   4    5    6    7]  165.83
[   8    7    6    5]  -53.15
[  15   10    9    7]  119.35
[  22   21   20    2]  117.36
[  23   22   21   20]  167.88
[  47   23   22   21] -142.98
Protein Torsions
[6907 6896 6895 6894]  -15.69 
[7974 7965 7964 7962]  -44.41 
[8008 7997 7996 7995]   91.09 
[10167 10162 10161 10158]  169.60 
[10718 10713 10712 10709]  179.16 
[10763 10752 10751 10750] -122.61 
[11005 11000 10999 10996]  118.43 
Mapping
Ligand acceptors to protein hydrogens (mapping then atom ids)
  2   5 [  8->6909]
  5  48 [ 23->10796]
Ligand hydrogens to protein acceptors (mapping then atom ids)
Ligand shape atoms to protein points (mapping then atom ids & coords)
  1  5423 [  1->(147.000 129.500 152.250)]
  6  4809 [ 13->(146.250 136.000 162.500)]
  7  3667 [ 14->(145.250 135.750 162.000)]
  8  5458 [ 15->(147.000 134.750 161.000)]
 10  2285 [ 21->(143.750 133.000 150.500)]
 11  2650 [ 22->(144.250 132.750 150.500)]
Chromosome values
Integers:
  -1    4   -1   -1   47   -1   -1 5422   -1   -1   -1   -1 
4808 3666 5457   -1 2284 2649 
--------------------------------------------------------------------------------

Current Ranking  2  4  3  1  6  5

--------------------------------------------------------------------------------

* GA execution time :                                                           
  total  1.2338 user  1.2338 sys  0.0000

--------------------------------------------------------------------------------
Fitness function evaluations: 120371

--------------------------------------------------------------------------------
** Docking run number  7 **
--------------------------------------------------------------------------------
  Rank fitness base is 5000.00 ; increment is 11.2233

* Initialising population(s) ...                                                
Number of constraints mappings 0
Number of constraints 0
  Population no.                           :      1
  Population size                          :    100
  Number of duplicates                     :      0
  Number of niche violations               :      0
  Number of errors                         :   4553

Number of constraints mappings 0
Number of constraints 0
  Population no.                           :      2
  Population size                          :    100
  Number of duplicates                     :      0
  Number of niche violations               :      0
  Number of errors                         :   4750

Number of constraints mappings 0
Number of constraints 0
  Population no.                           :      3
  Population size                          :    100
  Number of duplicates                     :      0
  Number of niche violations               :      0
  Number of errors                         :   4609

Number of constraints mappings 0
Number of constraints 0
  Population no.                           :      4
  Population size                          :    100
  Number of duplicates                     :      0
  Number of niche violations               :      0
  Number of errors                         :   4723

Number of constraints mappings 0
Number of constraints 0
  Population no.                           :      5
  Population size                          :    100
  Number of duplicates                     :      0
  Number of niche violations               :      0
  Number of errors                         :   4369


Doing GA, no. of population(s) 5 size 100 selection pressure 1.100000

 Operation      Score     S(PLP)   S(hbond)     S(cho)   S(metal)  DE(clash)   DE(tors)     intcor
         0      18.47     -19.41       0.45       0.00       0.00       0.00       1.17       0.05
       573      23.41     -22.97       1.20       0.00       0.00       0.00       1.60       0.05
      1983      23.52     -22.50       1.39       0.00       0.00       0.00       1.60       0.05
      3583      23.67     -20.79       1.37       0.00       0.00       0.00       0.65       0.05
      5763      26.12     -24.37       1.17       0.00       0.00       0.00       0.91       0.05
      6974      26.80     -23.21       1.61       0.00       0.00       0.00       0.65       0.05
      8259      27.51     -24.66       1.61       0.00       0.00       0.00       1.01       0.05
      8913      28.30     -26.25       1.70       0.00       0.00       0.82       1.13       0.05
      9924      30.46     -27.58       1.62       0.00       0.00       0.00       1.01       0.05
     11109      30.67     -27.63       1.62       0.00       0.00       0.00       0.93       0.05
     12764      31.30     -28.35       1.62       0.00       0.00       0.00       0.98       0.05
     14130      34.87     -28.15       2.97       0.00       0.00       0.00       1.12       0.05
     14795      34.99     -28.20       2.99       0.00       0.00       0.00       1.11       0.05
     17641      35.41     -28.20       3.12       0.00       0.00       0.00       1.11       0.05
     18677      38.08     -35.77       1.00       0.00       0.00       0.00       0.37       0.05
     19202      38.08     -35.77       1.00       0.00       0.00       0.00       0.37       0.05
     22194      38.60     -36.24       1.06       0.00       0.00       0.00       0.44       0.05
     25529      38.89     -36.60       1.00       0.00       0.00       0.00       0.38       0.05
     27314      39.14     -36.15       1.21       0.00       0.00       0.00       0.33       0.05
     27825      44.54     -39.66       1.83       0.00       0.00       0.00       0.33       0.05
     31475      44.55     -39.67       1.83       0.00       0.00       0.00       0.33       0.05
     33151      45.05     -40.08       1.83       0.00       0.00       0.00       0.29       0.05
     34585      45.97     -39.25       2.41       0.00       0.00       0.00       0.28       0.05
     36645      46.06     -39.25       2.41       0.00       0.00       0.00       0.23       0.05
     36845      46.52     -38.93       2.76       0.00       0.00       0.00       0.36       0.05
     39005      46.60     -40.06       2.47       0.00       0.00       0.00       0.45       0.05
     41121      47.29     -40.21       2.56       0.00       0.00       0.00       0.32       0.05
     43439      47.80     -40.34       2.82       0.00       0.00       0.00       0.52       0.05
     43680      48.26     -40.49       2.93       0.00       0.00       0.00       0.53       0.05
     43755      48.81     -40.52       2.93       0.00       0.00       0.00       0.27       0.05
     44320      48.81     -40.54       2.93       0.00       0.00       0.00       0.28       0.05
     46040      49.29     -40.79       2.99       0.00       0.00       0.00       0.26       0.05
     47125      49.29     -40.81       2.99       0.00       0.00       0.00       0.27       0.05
     55012      49.55     -41.17       2.99       0.00       0.00       0.00       0.32       0.04
     56141      50.96     -43.10       2.79       0.00       0.00       0.00       0.27       0.04
--------------------------------------------------------------------------------
Best docking solution after GA:
     57500      50.96     -43.10       2.79       0.00       0.00       0.00       0.27       0.04

#ops:      57500 #mutates:  27158 #cross:    27496 #migrate:   2846 
#dups:     14440 #niche:    31891 #errors:    2912 
--------------------------------------------------------------------------------

Doing AMOEBA simplex on best individual
Done simplexing #iterations 956, best score  54.73

Ligand is stored in gold_soln_AV-procd_m2573_7.sdf


--------------------------------------------------------------------------------
--- CHEMPLP breakdown of terms                                               ---
--------------------------------------------------------------------------------
CHEMPLP = - ( 1.0000*S(PLP) + -3.0000*S(hbond) + -6.0000*S(metal) + -3.0000*S(cho) )

Score = CHEMPLP - 1.0000*DE(clash) - 2.0000*DE(tors)

Internal energy term has been corrected with the best internal energy encountered.

--------------------------------------------------------------------------------


     Score     S(PLP)   S(hbond)     S(cho)   S(metal)  DE(clash)   DE(tors)     intcor
     54.73     -46.74       2.90       0.00       0.00       0.00       0.38       0.04

--------------------------------------------------------------------------------
--- PLP analysis of protein-ligand interactions                              ---
--------------------------------------------------------------------------------
hydrogen bonding        :      -5.71
metal                   :       0.00
buried (polar-nonpolar) :      -4.60
nonpolar                :     -37.46
repulsive               :       0.16
--------------------------------------------------------------------------------


--------------------------------------------------------------------------------
--- ChemScore analysis of protein-ligand interactions                        ---
--------------------------------------------------------------------------------

* Hydrogen bonds                                                                
Protein donor 6896 hydrogen 6908 Ligand acceptor    3 bond energy  1.00 wt 1.00
Protein donor 6931 hydrogen 6943 Ligand acceptor   17 bond energy  1.00 wt 0.01
Protein donor 6934 hydrogen 6947 Ligand acceptor   19 bond energy  1.00 wt 0.89
Protein donor 7997 hydrogen 8008 Ligand acceptor    8 bond energy  1.00 wt 1.00


* CH..O interactions                                                            
  CH group selection                       : activated ring CH (adjacent to hetatom)

--------------------------------------------------------------------------------


--------------------------------------------------------------------------------
--- Intra-ligand clashes                                                     ---
--------------------------------------------------------------------------------

Ligand
--------------------------------------------------------------------------------

--------------------------------------------------------------------------------
--- Rescoring solution                                                       ---
--------------------------------------------------------------------------------

     Score         DG    S(hbond)    S(metal)    S(lipo)     H(rot)  DE(clash)    DE(int)
     15.21     -16.33       1.50        0.00     110.94       2.79       0.85       0.27

Doing AMOEBA simplex on best individual
Done simplexing #iterations 792, best score  18.33

     Score         DG    S(hbond)    S(metal)    S(lipo)     H(rot)  DE(clash)    DE(int)
     18.33     -18.69       2.14        0.00     112.89       2.79       0.12       0.24

--------------------------------------------------------------------------------
--- ChemScore breakdown of terms                                             ---
--------------------------------------------------------------------------------
DG = -5.4800 + -3.3400*S(hbond)
     + -6.0300*S(metal) + -0.1170*S(lipo) + 2.5600*H(rot)


H(rot) = 2.7927

Score = -(DG + DE(clash) + DE(int))


--------------------------------------------------------------------------------


--------------------------------------------------------------------------------
--- ChemScore analysis of protein-ligand interactions                        ---
--------------------------------------------------------------------------------

* Hydrogen bonds                                                                
Protein donor 6896 hydrogen 6908 Ligand acceptor    3 bond energy  1.00 wt 0.55
Protein donor 6934 hydrogen 6947 Ligand acceptor   19 bond energy  1.00 wt 0.60
Protein donor 7997 hydrogen 8008 Ligand acceptor    8 bond energy  1.00 wt 0.99

CHEMSCORE EXTRA INTERACTIONS:

* Clashes                                                                       
Clash for ligand atom   1 (**** ):   0.05
Clash for ligand atom   2 (**** ):   0.04
Clash for ligand atom  18 (**** ):   0.04
--------------------------------------------------------------------------------


--------------------------------------------------------------------------------
--- Chromosome decoded                                                       ---
--------------------------------------------------------------------------------
Ligand Torsions
[   3    4    5    6]  176.22
[   4    5    6    7]  157.26
[   8    7    6    5]   49.58
[  15   10    9    7]  112.96
[  22   21   20    2]   71.56
[  23   22   21   20]  174.62
[  47   23   22   21]  -80.62
Protein Torsions
[6907 6896 6895 6894]  170.92 
[7974 7965 7964 7962] -170.62 
[8008 7997 7996 7995]  -60.93 
[10167 10162 10161 10158]   41.03 
[10718 10713 10712 10709]  169.15 
[10763 10752 10751 10750]   10.61 
[11005 11000 10999 10996]  148.48 
Mapping
Ligand acceptors to protein hydrogens (mapping then atom ids)
  1   4 [  3->6908]
Ligand hydrogens to protein acceptors (mapping then atom ids)
Ligand shape atoms to protein points (mapping then atom ids & coords)
  4  9733 [ 11->(153.750 141.250 161.000)]
  5  9564 [ 12->(153.000 142.750 160.750)]
  7  8336 [ 14->(151.500 144.000 159.500)]
  8  9486 [ 15->(152.750 143.750 160.000)]
  9  8329 [ 16->(151.500 144.000 157.750)]
Chromosome values
Integers:
   3   -1   -1   -1   -1   -1   -1   -1   -1   -1 9732 9563 
  -1 8335 9485 8328   -1   -1 
--------------------------------------------------------------------------------

Current Ranking  7  2  4  3  1  6  5

Top  3 (of  7) solutions are within 1.500 RMSD, finishing docking /DATA2/COVID-19/PDBs_&_Models/AV-procd.sdf.


--------------------------------------------------------------------------------

* GA execution time :                                                           
  total  1.2162 user  1.2162 sys  0.0000

--------------------------------------------------------------------------------
Fitness function evaluations: 120617

--------------------------------------------------------------------------------
--- Ranking analysis                                                         ---
--------------------------------------------------------------------------------


* Final ranked order of GA solutions:                                           
   7  2  4  3  1  6  5 

  _______________________________
  RMSD Matrix of RANKED solutions

        2    3    4    5    6    7  

   1 :  0.8  0.8  8.3  1.9  9.3  5.1
   2 :       1.3  8.4  2.3  9.3  5.2
   3 :            8.3  1.5  9.3  4.9
   4 :                 8.3 10.2  8.4
   5 :                      9.4  4.1
   6 :                           9.3

  Clustering method                        : complete linkage
  Structure ids in cluster table           : rank nos.
  Ordering of clusters and their members   : by rank (order if from rms_analysis)

  Distance | Clusters
   0.81    |  1  3 |  2 |  4 |  5 |  6 |  7 |
   1.29    |  1  2  3 |  4 |  5 |  6 |  7 |
   2.30    |  1  2  3  5 |  4 |  6 |  7 |
   5.22    |  1  2  3  5  7 |  4 |  6 |
   8.45    |  1  2  3  4  5  7 |  6 |
  10.21    |  1  2  3  4  5  6  7 |
  Finished Docking Ligand                  : /DATA2/COVID-19/PDBs_&_Models/AV-procd.sdf
--------------------------------------------------------------------------------

  Relative_Ligand_Energy (best encountered) :   0.041
  Relative_Ligand_Energy: fitness values have been corrected using this amount
