# WARNING: atom    6 in /DATA2/COVID-19/PDBs_&_Models/AV-procd.sdf is deduced as an acidic nitrogen

--------------------------------------------------------------------------------
--- Ligand                                                                   ---
--------------------------------------------------------------------------------
  Ligand loaded from file                  : /DATA2/COVID-19/PDBs_&_Models/AV-procd.sdf
  Ligand name                              :  
  "AV-unprocessed.smi:1642                                                  "

--------------------------------------------------------------------------------
  N.plc donors                             : 
  none found

  Acidic nitrogen acceptors                : 

  6    
  Sulfur acceptors                         :
  17 : (thiol or thioether)    (S)  

  Donor atoms                              :      2
  9   12  
  Acceptor atoms                           :      4
  3   4   6   8   

  Hydrogens                                :  (n = 2)
  21   34   

  Lone pairs added to molecule             :      5
  Numbering                                : from 35 to 39
  Choline groups                           : 
   12  

--------------------------------------------------------------------------------
--- Postprocessing of typing                                                 ---
--------------------------------------------------------------------------------
  Fragment file                            : /home/scv26/CCDC/Discovery_2020/GOLD/gold/rotatable_bond_override.mol2
  acylurea fragment                        : no matches
  thioacylthiourea fragment                : no matches
  acylthiourea fragment                    : no matches
  thioacylurea fragment                    : no matches
  diarylamine fragment >C.ar-NH-C.ar<      : no matches
  sec-amine (1) fragment                   : no matches
  sec-amine (2) fragment                   : no matches
  sec-amine (3) fragment                   : no matches
  carboxylic ester                         : no matches

* Rotatable bonds in /DATA2/COVID-19/PDBs  :
  [   5    6] [   6    7] [   9   10] [  10   11] 
  [  11   12] 
  No. of rotatable bonds                   :      5


* Fragments found in /DATA2/COVID-19/PDBs  :


* Checking torsion distributions:                                               
  No. of matched torsions                  :      0

--------------------------------------------------------------------------------
--- Shape fitting atoms selection (hydrophobic atoms)                        ---
--------------------------------------------------------------------------------
  Molecule                                 : /DATA2/COVID-19/PDBs_&_Models/AV-procd.sdf
  Selection                                : carbons only
  Atom numbers                             :  (n = 7)
  1    10   11   13   14   15   16   


--------------------------------------------------------------------------------
--- ChemScore ligand setup summary                                           ---
--------------------------------------------------------------------------------
  ChemScore ligand acceptors               :      4
  3 4 6 [-] 8 
  ChemScore ligand donors                  :      2
  9 ( 21  ) 12 ( 34 [+]  ) 
  ChemScore ligand CH donors               :      0
  

  ChemScore ligand lipophilic atoms        :  (n = 9)
  1    2    10   11   13   14   15   16   17   

  ChemScore ligand rotatable bonds         :      5
  5   (****) - 6   (****): SP2_SP2_BOND
  6   (****) - 7   (****): SP2_SP2_BOND
  9   (****) - 10  (****): SP3_SP2_BOND
  10  (****) - 11  (****): SP3_SP3_BOND
  11  (****) - 12  (****): SP3_SP3_BOND

--------------------------------------------------------------------------------
--- PLP ligand setup summary                                                 ---
--------------------------------------------------------------------------------
    1  ****   C.3 NONPOLAR
    2  ****   C.2 NONPOLAR
    3  ****   N.2 ACCEPTOR
    4  ****   N.2 ACCEPTOR
    5  ****   C.2 NONPOLAR
    6  **** N.pl3 ACCEPTOR
    7  ****   C.2 NONPOLAR
    8  ****   O.2 ACCEPTOR
    9  ****  N.am DONOR
   10  ****   C.3 NONPOLAR
   11  ****   C.3 NONPOLAR
   12  ****   N.4 DONOR
   13  ****   C.3 NONPOLAR
   14  ****   C.3 NONPOLAR
   15  ****   C.3 NONPOLAR
   16  ****   C.3 NONPOLAR
   17  ****   S.3 NONPOLAR


--------------------------------------------------------------------------------
--- Automatic parameter setting                                              ---
--------------------------------------------------------------------------------
  Contribution base                        :   2500
  Contribution per rotatable bond          :   6000
  Contribution per df                      :   4000
  Contribution per water                   :  10000
  Ligand rotatable bonds                   :      5
  Protein flexible side chain bonds        :      0
  Total rotatable bonds                    :      5
  Hydrophobic vol ratio (P/L)              :   3.295
  Base multiplier (polar)                  :   1.400
  Base multiplier (apolar)                 :   4.614
  Base contribution                        : 15000.000
  Fitting points                           :      7
  Estimated maxops needed (optimal)        :  45500

--------------------------------------------------------------------------------

* Population settings                                                           
  maxops                                   :  45500
  popsiz                                   :    100
  select_pressure                          :   1.100
  n_islands                                :      4
  niche_siz                                :      2

* GA settings                                                                   
  pt_crosswt                               :     95
  allele_mutatewt                          :     95
  migratewt                                :     10

* Search settings                                                               
  start_vdw_linear_cutoff                  :   4.000
  initial_virtual_pt_match_max             :   3.000

--------------------------------------------------------------------------------

* Ligand initialisation time :                                                  
  total  0.0060 user  0.0060 sys  0.0000

--------------------------------------------------------------------------------

--------------------------------------------------------------------------------
** Docking run number  1 **
--------------------------------------------------------------------------------
  Rank fitness base is 5000.00 ; increment is 11.2233

* Initialising population(s) ...                                                
Number of constraints mappings 0
Number of constraints 0
  Population no.                           :      1
  Population size                          :    100
  Number of duplicates                     :      0
  Number of niche violations               :      0
  Number of errors                         :   8886

Number of constraints mappings 0
Number of constraints 0
  Population no.                           :      2
  Population size                          :    100
  Number of duplicates                     :      0
  Number of niche violations               :      0
  Number of errors                         :   8872

Number of constraints mappings 0
Number of constraints 0
  Population no.                           :      3
  Population size                          :    100
  Number of duplicates                     :      0
  Number of niche violations               :      0
  Number of errors                         :   9178

Number of constraints mappings 0
Number of constraints 0
  Population no.                           :      4
  Population size                          :    100
  Number of duplicates                     :      0
  Number of niche violations               :      0
  Number of errors                         :   8743


Doing GA, no. of population(s) 4 size 100 selection pressure 1.100000

 Operation      Score     S(PLP)   S(hbond)     S(cho)   S(metal)  DE(clash)   DE(tors)     intcor
         0      20.55     -16.24       2.42       0.00       0.00       0.00       1.91       0.39
       847      21.25     -17.20       2.00       0.00       0.00       0.00       1.10       0.26
       868      21.65     -17.70       2.66       0.00       0.00       0.00       2.14       0.26
      1292      22.53     -18.25       2.75       0.00       0.00       0.00       2.12       0.26
      1640      23.00     -18.53       2.49       0.00       0.00       0.00       1.63       0.26
      2157      24.53     -22.03       2.00       0.00       0.00       0.00       1.88       0.26
      4147      25.87     -18.59       2.94       0.00       0.00       0.00       0.89       0.26
      4519      26.12     -20.94       2.00       0.00       0.00       0.00       0.54       0.26
      5522      26.31     -19.26       2.85       0.00       0.00       0.00       0.88       0.26
      7025      26.90     -24.09       1.29       0.00       0.00       0.00       0.66       0.26
      7984      27.06     -23.17       2.00       0.00       0.00       0.00       1.19       0.26
      8628      27.22     -22.61       2.04       0.00       0.00       0.00       0.88       0.26
      9646      28.37     -17.57       3.92       0.00       0.00       0.00       0.54       0.11
     10537      30.88     -26.41       2.04       0.00       0.00       0.00       0.87       0.11
     12971      31.72     -22.00       3.70       0.00       0.00       0.00       0.74       0.11
     13357      32.25     -26.94       2.32       0.00       0.00       0.00       0.87       0.11
     15421      32.35     -27.58       2.12       0.00       0.00       0.00       0.86       0.11
     16528      32.39     -27.46       2.32       0.00       0.00       0.00       1.06       0.11
     17893      32.50     -27.01       2.40       0.00       0.00       0.00       0.91       0.11
     18126      33.37     -22.74       4.00       0.00       0.00       0.00       0.74       0.11
     19073      33.54     -22.91       4.00       0.00       0.00       0.00       0.74       0.11
     23590      35.59     -25.18       4.12       0.00       0.00       0.00       1.03       0.11
     25765      37.98     -26.66       4.31       0.00       0.00       0.00       0.86       0.11
     26155      38.11     -26.62       4.38       0.00       0.00       0.00       0.88       0.11
     26569      38.12     -26.95       4.26       0.00       0.00       0.00       0.86       0.11
     29621      38.14     -26.83       4.32       0.00       0.00       0.00       0.88       0.11
     37243      38.21     -26.53       4.38       0.00       0.00       0.00       0.79       0.11
     42200      38.25     -26.91       4.32       0.00       0.00       0.00       0.86       0.11
     42376      38.29     -26.93       4.32       0.00       0.00       0.00       0.85       0.11
     43177      38.31     -26.96       4.32       0.00       0.00       0.00       0.85       0.11
     43917      38.37     -26.71       4.38       0.00       0.00       0.00       0.80       0.11
     45223      38.39     -26.78       4.38       0.00       0.00       0.00       0.82       0.11
--------------------------------------------------------------------------------
Best docking solution after GA:
     45500      38.39     -26.78       4.38       0.00       0.00       0.00       0.82       0.11

#ops:      45500 #mutates:  21639 #cross:    21557 #migrate:   2304 
#dups:     13405 #niche:    17525 #errors:    3972 
--------------------------------------------------------------------------------

Doing AMOEBA simplex on best individual
Done simplexing #iterations 703, best score  40.41

Ligand is stored in gold_soln_AV-procd_m6571_1.sdf


--------------------------------------------------------------------------------
--- CHEMPLP breakdown of terms                                               ---
--------------------------------------------------------------------------------
CHEMPLP = - ( 1.0000*S(PLP) + -3.0000*S(hbond) + -6.0000*S(metal) + -3.0000*S(cho) )

Score = CHEMPLP - 1.0000*DE(clash) - 2.0000*DE(tors)

Internal energy term has been corrected with the best internal energy encountered.

--------------------------------------------------------------------------------


     Score     S(PLP)   S(hbond)     S(cho)   S(metal)  DE(clash)   DE(tors)     intcor
     40.41     -28.10       4.63       0.00       0.00       0.00       0.84       0.11

--------------------------------------------------------------------------------
--- PLP analysis of protein-ligand interactions                              ---
--------------------------------------------------------------------------------
hydrogen bonding        :      -5.65
metal                   :       0.00
buried (polar-nonpolar) :      -2.22
nonpolar                :     -20.21
repulsive               :       0.52
--------------------------------------------------------------------------------


--------------------------------------------------------------------------------
--- ChemScore analysis of protein-ligand interactions                        ---
--------------------------------------------------------------------------------

* Hydrogen bonds                                                                
Ligand donor    9 hydrogen   21 Protein acceptor 7948 bond energy  1.00 wt 0.98
Ligand donor   12 hydrogen   34 Protein acceptor 7948 bond energy  1.00 wt 2.00
Protein donor 7989 hydrogen 7998 Ligand acceptor    4 bond energy  1.00 wt 0.65
Protein donor 10752 hydrogen 10763 Ligand acceptor    8 bond energy  1.00 wt 1.00


* CH..O interactions                                                            
  CH group selection                       : activated ring CH (adjacent to hetatom)

--------------------------------------------------------------------------------


--------------------------------------------------------------------------------
--- Intra-ligand clashes                                                     ---
--------------------------------------------------------------------------------

Ligand
--------------------------------------------------------------------------------

--------------------------------------------------------------------------------
--- Rescoring solution                                                       ---
--------------------------------------------------------------------------------

     Score         DG    S(hbond)    S(metal)    S(lipo)     H(rot)  DE(clash)    DE(int)
     10.02     -12.88       1.78        0.00      47.53       1.60       0.83       2.03

Doing AMOEBA simplex on best individual
Done simplexing #iterations 826, best score  12.64

     Score         DG    S(hbond)    S(metal)    S(lipo)     H(rot)  DE(clash)    DE(int)
     12.64     -15.03       2.48        0.00      45.88       1.60       0.39       2.00

--------------------------------------------------------------------------------
--- ChemScore breakdown of terms                                             ---
--------------------------------------------------------------------------------
DG = -5.4800 + -3.3400*S(hbond)
     + -6.0300*S(metal) + -0.1170*S(lipo) + 2.5600*H(rot)


H(rot) = 1.6008

Score = -(DG + DE(clash) + DE(int))


--------------------------------------------------------------------------------


--------------------------------------------------------------------------------
--- ChemScore analysis of protein-ligand interactions                        ---
--------------------------------------------------------------------------------

* Hydrogen bonds                                                                
Ligand donor    9 hydrogen   21 Protein acceptor 7948 bond energy  1.00 wt 0.66
Ligand donor   12 hydrogen   34 Protein acceptor 7948 bond energy  1.00 wt 0.92
Protein donor 7989 hydrogen 7998 Ligand acceptor    4 bond energy  1.00 wt 0.04
Protein donor 10752 hydrogen 10763 Ligand acceptor    8 bond energy  1.00 wt 0.85

CHEMSCORE EXTRA INTERACTIONS:

* Clashes                                                                       
Clash for ligand atom   3 (**** ):   0.08
Clash for ligand atom   9 (**** ):   0.01
Clash for ligand atom  11 (**** ):   0.29
--------------------------------------------------------------------------------


--------------------------------------------------------------------------------
--- Chromosome decoded                                                       ---
--------------------------------------------------------------------------------
Ligand Torsions
[   4    5    6    7] -149.05
[   5    6    7    8]  -50.61
[   7    9   10   11] -146.00
[  12   11   10    9]  -63.80
[  16   12   11   10]  -53.05
Protein Torsions
[6907 6896 6895 6894]  -88.68 
[7974 7965 7964 7962]  143.00 
[8008 7997 7996 7995]  -69.55 
[10167 10162 10161 10158]  -41.26 
[10718 10713 10712 10709]  -60.35 
[10763 10752 10751 10750]   81.65 
[11005 11000 10999 10996]  -52.29 
Mapping
Ligand acceptors to protein hydrogens (mapping then atom ids)
  1  22 [  3->8017]
  4  43 [  8->10763]
Ligand hydrogens to protein acceptors (mapping then atom ids)
Ligand shape atoms to protein points (mapping then atom ids & coords)
  1  9274 [  1->(152.500 143.250 160.250)]
Ligand N+ atoms to protein TRP (mapping then atom ids & coords)
Chromosome values
Integers:
  21   -1   -1   42   -1   -1   -1 9273   -1   -1   -1   -1 
  -1   -1 
--------------------------------------------------------------------------------

Current Ranking  1

--------------------------------------------------------------------------------

* GA execution time :                                                           
  total  0.9395 user  0.9355 sys  0.0040

--------------------------------------------------------------------------------
Fitness function evaluations: 112896

--------------------------------------------------------------------------------
** Docking run number  2 **
--------------------------------------------------------------------------------
  Rank fitness base is 5000.00 ; increment is 11.2233

* Initialising population(s) ...                                                
Number of constraints mappings 0
Number of constraints 0
  Population no.                           :      1
  Population size                          :    100
  Number of duplicates                     :      0
  Number of niche violations               :      0
  Number of errors                         :   8669

Number of constraints mappings 0
Number of constraints 0
  Population no.                           :      2
  Population size                          :    100
  Number of duplicates                     :      0
  Number of niche violations               :      0
  Number of errors                         :   8819

Number of constraints mappings 0
Number of constraints 0
  Population no.                           :      3
  Population size                          :    100
  Number of duplicates                     :      0
  Number of niche violations               :      0
  Number of errors                         :   9100

Number of constraints mappings 0
Number of constraints 0
  Population no.                           :      4
  Population size                          :    100
  Number of duplicates                     :      0
  Number of niche violations               :      0
  Number of errors                         :   9067


Doing GA, no. of population(s) 4 size 100 selection pressure 1.100000

 Operation      Score     S(PLP)   S(hbond)     S(cho)   S(metal)  DE(clash)   DE(tors)     intcor
         0      19.95     -19.48       1.23       0.00       0.00       0.00       1.66       0.11
       868      22.50     -17.51       2.63       0.00       0.00       0.00       1.51       0.11
      1476      22.79     -17.51       2.73       0.00       0.00       0.00       1.51       0.11
      1737      24.95     -16.96       2.91       0.00       0.00       0.00       0.42       0.11
      4510      24.96     -21.56       1.54       0.00       0.00       0.00       0.66       0.11
      5673      25.07     -17.47       2.83       0.00       0.00       0.00       0.49       0.11
      5698      25.73     -22.46       1.50       0.00       0.00       0.01       0.67       0.11
      8991      25.96     -22.17       1.67       0.00       0.00       0.00       0.66       0.11
      9639      27.05     -21.34       2.20       0.00       0.00       0.00       0.51       0.11
     11174      29.05     -24.30       2.00       0.00       0.00       0.00       0.68       0.11
     12654      29.28     -24.45       2.00       0.00       0.00       0.00       0.64       0.11
     14761      29.40     -24.70       2.00       0.00       0.00       0.00       0.71       0.11
     15042      29.42     -24.63       2.00       0.00       0.00       0.00       0.66       0.11
     16536      31.29     -22.27       3.53       0.00       0.00       0.30       0.69       0.11
     18933      31.72     -21.82       3.72       0.00       0.00       0.00       0.68       0.11
     19896      31.75     -24.30       2.90       0.00       0.00       0.00       0.68       0.11
     21490      31.79     -21.87       3.72       0.00       0.00       0.00       0.68       0.11
     22917      32.14     -24.68       2.90       0.00       0.00       0.00       0.68       0.11
     24323      33.24     -20.39       4.63       0.00       0.00       0.00       0.58       0.11
     25739      34.56     -20.91       4.90       0.00       0.00       0.00       0.58       0.11
     30110      35.69     -22.37       4.79       0.00       0.00       0.00       0.58       0.11
     32771      36.76     -23.10       4.93       0.00       0.00       0.00       0.58       0.04
     32954      37.08     -23.50       4.90       0.00       0.00       0.00       0.58       0.04
     35774      38.15     -24.37       5.06       0.00       0.00       0.00       0.72       0.04
     38367      38.26     -24.78       5.01       0.00       0.00       0.00       0.79       0.04
     42637      38.37     -24.86       5.01       0.00       0.00       0.00       0.78       0.04
     43228      39.21     -26.28       4.83       0.00       0.00       0.00       0.79       0.04
--------------------------------------------------------------------------------
Best docking solution after GA:
     45500      39.21     -26.28       4.83       0.00       0.00       0.00       0.79       0.04

#ops:      45500 #mutates:  21532 #cross:    21736 #migrate:   2232 
#dups:      9649 #niche:    20938 #errors:    2925 
--------------------------------------------------------------------------------

Doing AMOEBA simplex on best individual
Done simplexing #iterations 682, best score  42.66

Ligand is stored in gold_soln_AV-procd_m6571_2.sdf


--------------------------------------------------------------------------------
--- CHEMPLP breakdown of terms                                               ---
--------------------------------------------------------------------------------
CHEMPLP = - ( 1.0000*S(PLP) + -3.0000*S(hbond) + -6.0000*S(metal) + -3.0000*S(cho) )

Score = CHEMPLP - 1.0000*DE(clash) - 2.0000*DE(tors)

Internal energy term has been corrected with the best internal energy encountered.

--------------------------------------------------------------------------------


     Score     S(PLP)   S(hbond)     S(cho)   S(metal)  DE(clash)   DE(tors)     intcor
     42.66     -28.32       5.04       0.00       0.00       0.00       0.41       0.04

--------------------------------------------------------------------------------
--- PLP analysis of protein-ligand interactions                              ---
--------------------------------------------------------------------------------
hydrogen bonding        :      -5.67
metal                   :       0.00
buried (polar-nonpolar) :      -1.91
nonpolar                :     -20.63
repulsive               :       0.30
--------------------------------------------------------------------------------


--------------------------------------------------------------------------------
--- ChemScore analysis of protein-ligand interactions                        ---
--------------------------------------------------------------------------------

* Hydrogen bonds                                                                
Ligand donor    9 hydrogen   21 Protein acceptor 7949 bond energy  1.00 wt 0.04
Ligand donor   12 hydrogen   34 Protein acceptor 7948 bond energy  1.00 wt 2.00
Protein donor 7997 hydrogen 8010 Ligand acceptor    3 bond energy  1.00 wt 1.00
Protein donor 10752 hydrogen 10763 Ligand acceptor    6 bond energy  1.00 wt 2.00


* CH..O interactions                                                            
  CH group selection                       : activated ring CH (adjacent to hetatom)

--------------------------------------------------------------------------------


--------------------------------------------------------------------------------
--- Intra-ligand clashes                                                     ---
--------------------------------------------------------------------------------

Ligand
--------------------------------------------------------------------------------

--------------------------------------------------------------------------------
--- Rescoring solution                                                       ---
--------------------------------------------------------------------------------

     Score         DG    S(hbond)    S(metal)    S(lipo)     H(rot)  DE(clash)    DE(int)
     12.03     -14.10       2.15        0.00      47.28       1.60       0.10       1.97

Doing AMOEBA simplex on best individual
Done simplexing #iterations 694, best score  13.38

     Score         DG    S(hbond)    S(metal)    S(lipo)     H(rot)  DE(clash)    DE(int)
     13.38     -15.40       2.60        0.00      45.45       1.60       0.14       1.87

--------------------------------------------------------------------------------
--- ChemScore breakdown of terms                                             ---
--------------------------------------------------------------------------------
DG = -5.4800 + -3.3400*S(hbond)
     + -6.0300*S(metal) + -0.1170*S(lipo) + 2.5600*H(rot)


H(rot) = 1.6008

Score = -(DG + DE(clash) + DE(int))


--------------------------------------------------------------------------------


--------------------------------------------------------------------------------
--- ChemScore analysis of protein-ligand interactions                        ---
--------------------------------------------------------------------------------

* Hydrogen bonds                                                                
Ligand donor   12 hydrogen   34 Protein acceptor 7948 bond energy  1.00 wt 0.98
Protein donor 7997 hydrogen 8010 Ligand acceptor    3 bond energy  1.00 wt 0.85
Protein donor 10752 hydrogen 10763 Ligand acceptor    6 bond energy  1.00 wt 0.77

CHEMSCORE EXTRA INTERACTIONS:

* Clashes                                                                       
Clash for ligand atom   6 (**** ):   0.03
Clash for ligand atom   9 (**** ):   0.10
Clash for ligand atom  10 (**** ):   0.01
--------------------------------------------------------------------------------


--------------------------------------------------------------------------------
--- Chromosome decoded                                                       ---
--------------------------------------------------------------------------------
Ligand Torsions
[   4    5    6    7]  164.40
[   5    6    7    8]  -30.51
[   7    9   10   11]   67.89
[  12   11   10    9]   84.24
[  16   12   11   10]  177.64
Protein Torsions
[6907 6896 6895 6894] -156.88 
[7974 7965 7964 7962]   22.17 
[8008 7997 7996 7995]  107.19 
[10167 10162 10161 10158]   13.10 
[10718 10713 10712 10709]   30.42 
[10763 10752 10751 10750]   56.58 
[11005 11000 10999 10996] -126.42 
Mapping
Ligand acceptors to protein hydrogens (mapping then atom ids)
  1  21 [  3->8010]
Ligand hydrogens to protein acceptors (mapping then atom ids)
  2   7 [ 34->7948]
Ligand shape atoms to protein points (mapping then atom ids & coords)
  1  7749 [  1->(151.000 142.500 157.750)]
  4  4969 [ 13->(146.500 132.500 151.500)]
  6  3350 [ 15->(145.000 134.250 150.750)]
Ligand N+ atoms to protein TRP (mapping then atom ids & coords)
Chromosome values
Integers:
  20   -1   -1   -1   -1    6   -1 7748   -1   -1 4968   -1 
3349   -1 
--------------------------------------------------------------------------------

Current Ranking  2  1

--------------------------------------------------------------------------------

* GA execution time :                                                           
  total  0.9484 user  0.9484 sys  0.0000

--------------------------------------------------------------------------------
Fitness function evaluations: 114469

--------------------------------------------------------------------------------
** Docking run number  3 **
--------------------------------------------------------------------------------
  Rank fitness base is 5000.00 ; increment is 11.2233

* Initialising population(s) ...                                                
Number of constraints mappings 0
Number of constraints 0
  Population no.                           :      1
  Population size                          :    100
  Number of duplicates                     :      0
  Number of niche violations               :      0
  Number of errors                         :   8958

Number of constraints mappings 0
Number of constraints 0
  Population no.                           :      2
  Population size                          :    100
  Number of duplicates                     :      0
  Number of niche violations               :      0
  Number of errors                         :   9096

Number of constraints mappings 0
Number of constraints 0
  Population no.                           :      3
  Population size                          :    100
  Number of duplicates                     :      0
  Number of niche violations               :      0
  Number of errors                         :   8597

Number of constraints mappings 0
Number of constraints 0
  Population no.                           :      4
  Population size                          :    100
  Number of duplicates                     :      0
  Number of niche violations               :      0
  Number of errors                         :   9098


Doing GA, no. of population(s) 4 size 100 selection pressure 1.100000

 Operation      Score     S(PLP)   S(hbond)     S(cho)   S(metal)  DE(clash)   DE(tors)     intcor
         0      16.10     -15.79       1.00       0.00       0.00       0.27       1.23       0.04
        90      16.39     -15.77       1.00       0.00       0.00       0.00       1.21       0.04
       763      16.49     -14.59       1.36       0.00       0.00       0.00       1.10       0.04
      1099      18.23     -16.73       1.28       0.00       0.00       0.00       1.19       0.04
      1659      18.59     -16.21       1.09       0.00       0.00       0.00       0.46       0.04
      2422      25.48     -23.10       1.17       0.00       0.00       0.00       0.58       0.04
      3062      28.72     -19.27       4.24       0.00       0.00       0.00       1.64       0.04
      4570      28.72     -19.27       4.24       0.00       0.00       0.00       1.64       0.04
      4899      28.81     -22.03       3.15       0.00       0.00       0.00       1.36       0.04
      4999      32.09     -20.99       4.61       0.00       0.00       0.00       1.38       0.04
      5043      33.21     -23.07       3.70       0.00       0.00       0.00       0.50       0.04
      7983      33.90     -22.37       5.07       0.00       0.00       0.00       1.85       0.04
     11026      35.02     -20.90       5.15       0.00       0.00       0.00       0.68       0.04
     14257      38.11     -25.15       4.56       0.00       0.00       0.00       0.38       0.04
     15793      38.82     -24.87       4.89       0.00       0.00       0.00       0.38       0.04
     16049      39.26     -25.15       4.94       0.00       0.00       0.00       0.38       0.04
     16574      39.31     -25.15       4.96       0.00       0.00       0.00       0.38       0.04
     17513      39.65     -25.08       5.10       0.00       0.00       0.00       0.38       0.04
     18765      39.82     -25.48       5.02       0.00       0.00       0.00       0.38       0.04
     20149      39.88     -25.50       5.01       0.00       0.00       0.00       0.34       0.04
     20541      39.89     -25.55       5.03       0.00       0.00       0.00       0.39       0.04
     20881      40.33     -25.94       5.02       0.00       0.00       0.00       0.36       0.04
     22557      40.50     -25.96       5.10       0.00       0.00       0.00       0.40       0.04
     24610      40.61     -26.23       5.03       0.00       0.00       0.00       0.37       0.04
     27937      40.63     -26.19       5.05       0.00       0.00       0.00       0.37       0.04
     28292      40.71     -26.37       5.02       0.00       0.00       0.00       0.37       0.04
     28529      40.82     -26.51       5.01       0.00       0.00       0.00       0.38       0.04
     29950      40.87     -26.49       5.11       0.00       0.00       0.00       0.49       0.04
     32146      40.95     -26.60       5.10       0.00       0.00       0.00       0.49       0.04
     32654      41.03     -26.71       5.09       0.00       0.00       0.00       0.50       0.04
     34102      41.18     -27.03       5.01       0.00       0.00       0.00       0.46       0.04
     35949      41.24     -27.39       4.93       0.00       0.00       0.00       0.48       0.04
     36474      41.38     -27.72       4.87       0.00       0.00       0.00       0.50       0.04
     39569      41.39     -27.65       4.91       0.00       0.00       0.00       0.50       0.04
     40018      41.41     -27.65       4.90       0.00       0.00       0.00       0.50       0.04
     40058      41.49     -27.68       4.94       0.00       0.00       0.00       0.52       0.04
     44030      41.51     -27.70       4.93       0.00       0.00       0.00       0.51       0.04
--------------------------------------------------------------------------------
Best docking solution after GA:
     45500      41.51     -27.70       4.93       0.00       0.00       0.00       0.51       0.04

#ops:      45500 #mutates:  21706 #cross:    21596 #migrate:   2198 
#dups:     13702 #niche:    21225 #errors:    2097 
--------------------------------------------------------------------------------

Doing AMOEBA simplex on best individual
Done simplexing #iterations 620, best score  43.21

Ligand is stored in gold_soln_AV-procd_m6571_3.sdf


--------------------------------------------------------------------------------
--- CHEMPLP breakdown of terms                                               ---
--------------------------------------------------------------------------------
CHEMPLP = - ( 1.0000*S(PLP) + -3.0000*S(hbond) + -6.0000*S(metal) + -3.0000*S(cho) )

Score = CHEMPLP - 1.0000*DE(clash) - 2.0000*DE(tors)

Internal energy term has been corrected with the best internal energy encountered.

--------------------------------------------------------------------------------


     Score     S(PLP)   S(hbond)     S(cho)   S(metal)  DE(clash)   DE(tors)     intcor
     43.21     -29.36       5.00       0.00       0.00       0.00       0.59       0.04

--------------------------------------------------------------------------------
--- PLP analysis of protein-ligand interactions                              ---
--------------------------------------------------------------------------------
hydrogen bonding        :      -5.59
metal                   :       0.00
buried (polar-nonpolar) :      -2.89
nonpolar                :     -21.99
repulsive               :       0.67
--------------------------------------------------------------------------------


--------------------------------------------------------------------------------
--- ChemScore analysis of protein-ligand interactions                        ---
--------------------------------------------------------------------------------

* Hydrogen bonds                                                                
Ligand donor   12 hydrogen   34 Protein acceptor 7948 bond energy  1.00 wt 2.00
Protein donor 7997 hydrogen 8009 Ligand acceptor    3 bond energy  1.00 wt 1.00
Protein donor 10752 hydrogen 10764 Ligand acceptor    6 bond energy  1.00 wt 2.00


* CH..O interactions                                                            
  CH group selection                       : activated ring CH (adjacent to hetatom)

--------------------------------------------------------------------------------


--------------------------------------------------------------------------------
--- Intra-ligand clashes                                                     ---
--------------------------------------------------------------------------------

Ligand
--------------------------------------------------------------------------------

--------------------------------------------------------------------------------
--- Rescoring solution                                                       ---
--------------------------------------------------------------------------------

     Score         DG    S(hbond)    S(metal)    S(lipo)     H(rot)  DE(clash)    DE(int)
     11.14     -13.95       2.17        0.00      45.45       1.60       1.19       1.62

Doing AMOEBA simplex on best individual
Done simplexing #iterations 749, best score  14.73

     Score         DG    S(hbond)    S(metal)    S(lipo)     H(rot)  DE(clash)    DE(int)
     14.73     -15.43       2.64        0.00      44.65       1.60       0.11       0.59

--------------------------------------------------------------------------------
--- ChemScore breakdown of terms                                             ---
--------------------------------------------------------------------------------
DG = -5.4800 + -3.3400*S(hbond)
     + -6.0300*S(metal) + -0.1170*S(lipo) + 2.5600*H(rot)


H(rot) = 1.6008

Score = -(DG + DE(clash) + DE(int))


--------------------------------------------------------------------------------


--------------------------------------------------------------------------------
--- ChemScore analysis of protein-ligand interactions                        ---
--------------------------------------------------------------------------------

* Hydrogen bonds                                                                
Ligand donor   12 hydrogen   34 Protein acceptor 7948 bond energy  1.00 wt 0.96
Protein donor 7997 hydrogen 8009 Ligand acceptor    3 bond energy  1.00 wt 0.93
Protein donor 10752 hydrogen 10764 Ligand acceptor    6 bond energy  1.00 wt 0.76

CHEMSCORE EXTRA INTERACTIONS:

* Clashes                                                                       
Clash for ligand atom   9 (**** ):   0.09
Clash for ligand atom  11 (**** ):   0.02
--------------------------------------------------------------------------------


--------------------------------------------------------------------------------
--- Chromosome decoded                                                       ---
--------------------------------------------------------------------------------
Ligand Torsions
[   4    5    6    7]  155.91
[   5    6    7    8]  -44.97
[   7    9   10   11]  175.03
[  12   11   10    9]  -76.19
[  16   12   11   10]  -51.04
Protein Torsions
[6907 6896 6895 6894] -178.67 
[7974 7965 7964 7962]   41.56 
[8008 7997 7996 7995] -137.14 
[10167 10162 10161 10158]  -68.94 
[10718 10713 10712 10709]  122.88 
[10763 10752 10751 10750]  -82.58 
[11005 11000 10999 10996]   -6.25 
Mapping
Ligand acceptors to protein hydrogens (mapping then atom ids)
  1  20 [  3->8009]
Ligand hydrogens to protein acceptors (mapping then atom ids)
  1   8 [ 21->7949]
  2   7 [ 34->7948]
Ligand shape atoms to protein points (mapping then atom ids & coords)
  4  4220 [ 13->(145.750 133.000 151.500)]
  5  3114 [ 14->(144.750 134.500 150.250)]
Ligand N+ atoms to protein TRP (mapping then atom ids & coords)
Chromosome values
Integers:
  19   -1   -1   -1    7    6   -1   -1   -1   -1 4219 3113 
  -1   -1 
--------------------------------------------------------------------------------

Current Ranking  3  2  1

--------------------------------------------------------------------------------

* GA execution time :                                                           
  total  0.9971 user  0.9971 sys  0.0000

--------------------------------------------------------------------------------
Fitness function evaluations: 112588

--------------------------------------------------------------------------------
** Docking run number  4 **
--------------------------------------------------------------------------------
  Rank fitness base is 5000.00 ; increment is 11.2233

* Initialising population(s) ...                                                
Number of constraints mappings 0
Number of constraints 0
  Population no.                           :      1
  Population size                          :    100
  Number of duplicates                     :      0
  Number of niche violations               :      0
  Number of errors                         :   8541

Number of constraints mappings 0
Number of constraints 0
  Population no.                           :      2
  Population size                          :    100
  Number of duplicates                     :      0
  Number of niche violations               :      0
  Number of errors                         :   8934

Number of constraints mappings 0
Number of constraints 0
  Population no.                           :      3
  Population size                          :    100
  Number of duplicates                     :      0
  Number of niche violations               :      0
  Number of errors                         :   8718

Number of constraints mappings 0
Number of constraints 0
  Population no.                           :      4
  Population size                          :    100
  Number of duplicates                     :      0
  Number of niche violations               :      0
  Number of errors                         :   8491


Doing GA, no. of population(s) 4 size 100 selection pressure 1.100000

 Operation      Score     S(PLP)   S(hbond)     S(cho)   S(metal)  DE(clash)   DE(tors)     intcor
         0      18.91     -20.72       0.93       0.00       0.00       1.77       1.43       0.04
       768      22.61     -25.16       0.15       0.00       0.00       0.00       1.53       0.04
      1052      23.14     -25.26       0.59       0.00       0.00       0.00       1.96       0.04
      3296      23.58     -20.18       2.67       0.00       0.00       2.44       1.10       0.04
      4203      24.46     -17.49       2.91       0.00       0.00       0.00       0.90       0.04
      4304      24.76     -20.91       1.92       0.00       0.00       0.00       0.98       0.04
      6161      25.51     -26.71       1.00       0.00       0.00       0.00       2.12       0.04
      6424      30.05     -21.62       3.45       0.00       0.00       0.00       0.98       0.04
      7216      35.16     -22.08       5.00       0.00       0.00       0.00       0.98       0.04
      9672      37.08     -24.05       4.99       0.00       0.00       0.00       0.98       0.04
     13843      37.47     -23.64       5.25       0.00       0.00       0.00       0.98       0.04
     14751      40.27     -26.09       5.37       0.00       0.00       0.00       0.98       0.04
     27173      40.29     -26.25       5.31       0.00       0.00       0.00       0.97       0.04
     29000      40.61     -26.57       5.29       0.00       0.00       0.00       0.94       0.04
     30763      40.97     -26.75       5.27       0.00       0.00       0.00       0.81       0.04
     35191      41.06     -26.87       5.30       0.00       0.00       0.00       0.87       0.04
     40397      41.86     -26.89       5.58       0.00       0.00       0.00       0.90       0.04
     41517      41.94     -26.95       5.60       0.00       0.00       0.00       0.92       0.04
     43181      41.97     -26.57       5.75       0.00       0.00       0.00       0.94       0.04
     43757      42.04     -26.69       5.75       0.00       0.00       0.00       0.97       0.04
--------------------------------------------------------------------------------
Best docking solution after GA:
     45500      42.04     -26.69       5.75       0.00       0.00       0.00       0.97       0.04

#ops:      45500 #mutates:  21624 #cross:    21585 #migrate:   2291 
#dups:      9958 #niche:    20066 #errors:    3361 
--------------------------------------------------------------------------------

Doing AMOEBA simplex on best individual
Done simplexing #iterations 570, best score  44.60

Ligand is stored in gold_soln_AV-procd_m6571_4.sdf


--------------------------------------------------------------------------------
--- CHEMPLP breakdown of terms                                               ---
--------------------------------------------------------------------------------
CHEMPLP = - ( 1.0000*S(PLP) + -3.0000*S(hbond) + -6.0000*S(metal) + -3.0000*S(cho) )

Score = CHEMPLP - 1.0000*DE(clash) - 2.0000*DE(tors)

Internal energy term has been corrected with the best internal energy encountered.

--------------------------------------------------------------------------------


     Score     S(PLP)   S(hbond)     S(cho)   S(metal)  DE(clash)   DE(tors)     intcor
     44.60     -29.14       5.70       0.00       0.00       0.00       0.83       0.04

--------------------------------------------------------------------------------
--- PLP analysis of protein-ligand interactions                              ---
--------------------------------------------------------------------------------
hydrogen bonding        :      -4.00
metal                   :       0.00
buried (polar-nonpolar) :      -4.89
nonpolar                :     -20.74
repulsive               :       0.35
--------------------------------------------------------------------------------


--------------------------------------------------------------------------------
--- ChemScore analysis of protein-ligand interactions                        ---
--------------------------------------------------------------------------------

* Hydrogen bonds                                                                
Ligand donor    9 hydrogen   21 Protein acceptor 7948 bond energy  1.00 wt 0.70
Ligand donor   12 hydrogen   34 Protein acceptor 7948 bond energy  1.00 wt 2.00
Protein donor 7989 hydrogen 7998 Ligand acceptor    3 bond energy  1.00 wt 1.00
Protein donor 10752 hydrogen 10765 Ligand acceptor    6 bond energy  1.00 wt 2.00


* CH..O interactions                                                            
  CH group selection                       : activated ring CH (adjacent to hetatom)

--------------------------------------------------------------------------------


--------------------------------------------------------------------------------
--- Intra-ligand clashes                                                     ---
--------------------------------------------------------------------------------

Ligand
--------------------------------------------------------------------------------

--------------------------------------------------------------------------------
--- Rescoring solution                                                       ---
--------------------------------------------------------------------------------

     Score         DG    S(hbond)    S(metal)    S(lipo)     H(rot)  DE(clash)    DE(int)
     13.85     -14.82       2.38        0.00      46.80       1.60       0.00       0.97

Doing AMOEBA simplex on best individual
Done simplexing #iterations 829, best score  16.42

     Score         DG    S(hbond)    S(metal)    S(lipo)     H(rot)  DE(clash)    DE(int)
     16.42     -17.31       3.22        0.00      44.18       1.60       0.00       0.88

--------------------------------------------------------------------------------
--- ChemScore breakdown of terms                                             ---
--------------------------------------------------------------------------------
DG = -5.4800 + -3.3400*S(hbond)
     + -6.0300*S(metal) + -0.1170*S(lipo) + 2.5600*H(rot)


H(rot) = 1.6008

Score = -(DG + DE(clash) + DE(int))


--------------------------------------------------------------------------------


--------------------------------------------------------------------------------
--- ChemScore analysis of protein-ligand interactions                        ---
--------------------------------------------------------------------------------

* Hydrogen bonds                                                                
Ligand donor    9 hydrogen   21 Protein acceptor 7948 bond energy  1.00 wt 0.39
Ligand donor   12 hydrogen   34 Protein acceptor 7948 bond energy  1.00 wt 1.00
Protein donor 7989 hydrogen 7998 Ligand acceptor    3 bond energy  1.00 wt 0.91
Protein donor 10752 hydrogen 10765 Ligand acceptor    6 bond energy  1.00 wt 0.92

CHEMSCORE EXTRA INTERACTIONS:

* Clashes                                                                       
--------------------------------------------------------------------------------


--------------------------------------------------------------------------------
--- Chromosome decoded                                                       ---
--------------------------------------------------------------------------------
Ligand Torsions
[   4    5    6    7]  171.23
[   5    6    7    8] -115.62
[   7    9   10   11]  130.71
[  12   11   10    9]   85.45
[  16   12   11   10] -174.90
Protein Torsions
[6907 6896 6895 6894]   96.03 
[7974 7965 7964 7962]    8.15 
[8008 7997 7996 7995]  161.56 
[10167 10162 10161 10158]   88.43 
[10718 10713 10712 10709]  -18.07 
[10763 10752 10751 10750]  174.32 
[11005 11000 10999 10996]  -23.31 
Mapping
Ligand acceptors to protein hydrogens (mapping then atom ids)
Ligand hydrogens to protein acceptors (mapping then atom ids)
  1   8 [ 21->7949]
  2   7 [ 34->7948]
Ligand shape atoms to protein points (mapping then atom ids & coords)
  1  6650 [  1->(149.000 141.500 155.500)]
  5  4973 [ 14->(146.500 132.750 150.500)]
  6  2878 [ 15->(144.500 133.250 150.750)]
  7  3967 [ 16->(145.500 136.250 152.000)]
Ligand N+ atoms to protein TRP (mapping then atom ids & coords)
Chromosome values
Integers:
  -1   -1   -1   -1    7    6   -1 6649   -1   -1   -1 4972 
2877 3966 
--------------------------------------------------------------------------------

Current Ranking  4  3  2  1

Top  3 (of  4) solutions are within 1.500 RMSD, finishing docking /DATA2/COVID-19/PDBs_&_Models/AV-procd.sdf.


--------------------------------------------------------------------------------

* GA execution time :                                                           
  total  0.9241 user  0.9241 sys  0.0000

--------------------------------------------------------------------------------
Fitness function evaluations: 112223

--------------------------------------------------------------------------------
--- Ranking analysis                                                         ---
--------------------------------------------------------------------------------


* Final ranked order of GA solutions:                                           
   4  3  2  1 

  _______________________________
  RMSD Matrix of RANKED solutions

        2    3    4  

   1 :  1.2  1.0  2.3
   2 :       0.7  1.8
   3 :            1.8

  Clustering method                        : complete linkage
  Structure ids in cluster table           : rank nos.
  Ordering of clusters and their members   : by rank (order if from rms_analysis)

  Distance | Clusters
   0.71    |  1 |  2  3 |  4 |
   1.22    |  1  2  3 |  4 |
   2.33    |  1  2  3  4 |
  Finished Docking Ligand                  : /DATA2/COVID-19/PDBs_&_Models/AV-procd.sdf
--------------------------------------------------------------------------------

  Relative_Ligand_Energy (best encountered) :   0.037
  Relative_Ligand_Energy: fitness values have been corrected using this amount
