
--------------------------------------------------------------------------------
--- Ligand                                                                   ---
--------------------------------------------------------------------------------
  Ligand loaded from file                  : /DATA2/COVID-19/PDBs_&_Models/AV-procd.sdf
  Ligand name                              :  
  "AV-unprocessed.smi:262                                                   "

--------------------------------------------------------------------------------
  N.plc donors                             : 
  none found

  Acidic nitrogen acceptors                : 
  none found
  Sulfur acceptors                         :
  none found


  Donor atoms                              :      2
  1   12  
  Acceptor atoms                           :      7
  1   6   9   17  21  23  27  

  Hydrogens                                :  (n = 2)
  30   60   

  Lone pairs added to molecule             :     10
  Numbering                                : from 61 to 70
  Choline groups                           : 
   12  

--------------------------------------------------------------------------------
--- Postprocessing of typing                                                 ---
--------------------------------------------------------------------------------
  Fragment file                            : /home/scv26/CCDC/Discovery_2020/GOLD/gold/rotatable_bond_override.mol2
  acylurea fragment                        : no matches
  thioacylthiourea fragment                : no matches
  acylthiourea fragment                    : no matches
  thioacylurea fragment                    : no matches
  diarylamine fragment >C.ar-NH-C.ar<      : no matches
  sec-amine (1) fragment                   : no matches
  sec-amine (2) fragment                   : 1 matches
  Ligand bond 4-24  set to 1
  Ligand bond 4-3  set to 1
  Ligand bond 4-5  set to 1
  sec-amine (3) fragment                   : 1 matches
  Ligand bond 4-24  set to 1
  Ligand bond 4-5  set to 1
  Ligand bond 4-3  set to 1
  carboxylic ester                         : no matches

* Rotatable bonds in /DATA2/COVID-19/PDBs  :
  [   1    2] [   2    3] [   3    4] [   8    9] 
  [  12   13] [  13   14] 
  No. of rotatable bonds                   :      6


* Fragments found in /DATA2/COVID-19/PDBs  :
  atom   4: adenine
  atom   5: adenine
  atom   6: adenine
  atom   7: adenine
  atom   8: adenine
  atom  14: ribose
  atom  15: ribose
  atom  16: ribose
  atom  17: ribose
  atom  18: ribose
  atom  21: adenine
  atom  22: adenine
  atom  23: adenine
  atom  24: adenine


* Checking torsion distributions:                                               
  No. of matched torsions                  :      0

--------------------------------------------------------------------------------
--- Shape fitting atoms selection (hydrophobic atoms)                        ---
--------------------------------------------------------------------------------
  Molecule                                 : /DATA2/COVID-19/PDBs_&_Models/AV-procd.sdf
  Selection                                : carbons only
  Atom numbers                             :  (n = 16)
  3    5    10   11   13   14   15   16   18   19   
  20   22   25   26   28   29   


--------------------------------------------------------------------------------
--- ChemScore ligand setup summary                                           ---
--------------------------------------------------------------------------------
  ChemScore ligand acceptors               :      7
  1 6 9 17 21 23 27 
  ChemScore ligand donors                  :      2
  1 ( 30  ) 12 ( 60 [+]  ) 
  ChemScore ligand CH donors               :      2
  5 ( 33 ) 22 ( 51 ) 

  ChemScore ligand lipophilic atoms        :  (n = 16)
  2    3    7    10   11   13   14   15   16   18   
  19   20   25   26   28   29   

  ChemScore ligand rotatable bonds         :      6
  1   (****) - 2   (****): SP3_SP3_BOND
  2   (****) - 3   (****): SP3_SP3_BOND
  3   (****) - 4   (****): SP3_SP2_BOND
  8   (****) - 9   (****): SP3_SP2_BOND
  12  (****) - 13  (****): SP3_SP3_BOND
  13  (****) - 14  (****): SP3_SP3_BOND

--------------------------------------------------------------------------------
--- PLP ligand setup summary                                                 ---
--------------------------------------------------------------------------------
    1  ****   O.3 DONACC
    2  ****   C.3 NONPOLAR
    3  ****   C.3 NONPOLAR
    4  **** N.pl3 NONPOLAR
    5  ****   C.2 NONPOLAR
    6  ****   N.2 ACCEPTOR
    7  ****  C.ar NONPOLAR
    8  ****  C.ar NONPOLAR
    9  ****   N.3 ACCEPTOR
   10  ****   C.3 NONPOLAR
   11  ****   C.3 NONPOLAR
   12  ****   N.4 DONOR
   13  ****   C.3 NONPOLAR
   14  ****   C.3 NONPOLAR
   15  ****   C.3 NONPOLAR
   16  ****   C.3 NONPOLAR
   17  ****   O.3 ACCEPTOR
   18  ****   C.3 NONPOLAR
   19  ****   C.3 NONPOLAR
   20  ****   C.3 NONPOLAR
   21  ****  N.ar ACCEPTOR
   22  ****  C.ar NONPOLAR
   23  ****  N.ar ACCEPTOR
   24  ****  C.ar NONPOLAR
   25  ****   C.3 NONPOLAR
   26  ****   C.3 NONPOLAR
   27  ****   O.3 ACCEPTOR
   28  ****   C.3 NONPOLAR
   29  ****   C.3 NONPOLAR


--------------------------------------------------------------------------------
--- Automatic parameter setting                                              ---
--------------------------------------------------------------------------------
  Contribution base                        :   2500
  Contribution per rotatable bond          :   6000
  Contribution per df                      :   4000
  Contribution per water                   :  10000
  Ligand rotatable bonds                   :      6
  Protein flexible side chain bonds        :      0
  Total rotatable bonds                    :      6
  Hydrophobic vol ratio (P/L)              :   1.442
  Base multiplier (polar)                  :   2.000
  Base multiplier (apolar)                 :   4.614
  Base contribution                        : 15000.000
  Fitting points                           :     10
  Estimated maxops needed (optimal)        :  51500

--------------------------------------------------------------------------------

* Population settings                                                           
  maxops                                   :  51500
  popsiz                                   :    100
  select_pressure                          :   1.100
  n_islands                                :      5
  niche_siz                                :      2

* GA settings                                                                   
  pt_crosswt                               :     95
  allele_mutatewt                          :     95
  migratewt                                :     10

* Search settings                                                               
  start_vdw_linear_cutoff                  :   4.000
  initial_virtual_pt_match_max             :   3.000

--------------------------------------------------------------------------------

* Ligand initialisation time :                                                  
  total  0.0709 user  0.0709 sys  0.0000

--------------------------------------------------------------------------------

--------------------------------------------------------------------------------
** Docking run number  1 **
--------------------------------------------------------------------------------
  Rank fitness base is 5000.00 ; increment is 11.2233

* Initialising population(s) ...                                                
Number of constraints mappings 0
Number of constraints 0
  Population no.                           :      1
  Population size                          :    100
  Number of duplicates                     :      0
  Number of niche violations               :      0
  Number of errors                         :   2282

Number of constraints mappings 0
Number of constraints 0
  Population no.                           :      2
  Population size                          :    100
  Number of duplicates                     :      0
  Number of niche violations               :      0
  Number of errors                         :   2398

Number of constraints mappings 0
Number of constraints 0
  Population no.                           :      3
  Population size                          :    100
  Number of duplicates                     :      0
  Number of niche violations               :      0
  Number of errors                         :   2335

Number of constraints mappings 0
Number of constraints 0
  Population no.                           :      4
  Population size                          :    100
  Number of duplicates                     :      0
  Number of niche violations               :      0
  Number of errors                         :   2307

Number of constraints mappings 0
Number of constraints 0
  Population no.                           :      5
  Population size                          :    100
  Number of duplicates                     :      0
  Number of niche violations               :      0
  Number of errors                         :   2333


Doing GA, no. of population(s) 5 size 100 selection pressure 1.100000

 Operation      Score     S(PLP)   S(hbond)     S(cho)   S(metal)  DE(clash)   DE(tors)     intcor
         0      20.74     -23.76       0.27       0.00       0.00       1.12       1.79       0.88
        22      20.74     -23.76       0.27       0.00       0.00       1.12       1.79       0.88
      2515      23.78     -25.06       0.00       1.00       0.00       0.00       2.58       0.88
      3990      27.50     -26.34       0.81       1.00       0.00       0.00       2.58       0.88
      4450      30.17     -27.84       1.20       1.00       0.00       0.00       2.58       0.88
      5784      31.17     -34.44       0.00       0.65       0.00       0.00       3.06       0.88
      5975      31.33     -27.98       1.69       0.93       0.00       0.00       2.69       0.88
      6976      31.43     -28.12       1.69       0.92       0.00       0.00       2.71       0.88
      8246      32.00     -28.33       2.05       0.22       0.00       0.00       2.01       0.88
      9036      34.07     -30.10       2.00       0.00       0.00       0.00       1.45       0.88
     12599      34.78     -30.36       2.00       0.30       0.00       0.00       1.68       0.88
     12833      35.24     -35.23       1.79       0.00       0.00       2.24       2.00       0.88
     14104      35.34     -29.77       2.00       0.63       0.00       0.00       1.60       0.88
     17024      38.84     -33.69       2.00       0.00       0.00       0.00       0.86       0.88
     18140      39.12     -34.09       2.00       0.00       0.00       0.00       0.92       0.88
     20420      42.56     -37.52       2.00       0.00       0.00       0.00       0.92       0.88
     20810      44.46     -39.42       2.00       0.00       0.00       0.00       0.92       0.88
     33549      46.59     -42.08       2.00       0.00       0.00       0.00       1.15       0.80
     38317      46.67     -40.15       2.70       0.00       0.00       0.00       1.19       0.80
     39781      46.70     -39.89       2.80       0.00       0.00       0.00       1.20       0.80
     39842      46.82     -40.15       2.75       0.00       0.00       0.00       1.19       0.80
     41462      46.88     -40.30       2.75       0.00       0.00       0.00       1.22       0.77
     41651      47.00     -40.32       2.80       0.00       0.00       0.00       1.24       0.77
     42457      47.30     -40.41       2.85       0.00       0.00       0.00       1.22       0.77
     43496      47.52     -40.77       2.85       0.00       0.00       0.00       1.29       0.77
     45561      47.72     -40.83       2.90       0.00       0.00       0.00       1.29       0.77
     49581      47.79     -41.00       2.90       0.00       0.00       0.00       1.34       0.77
     50302      47.80     -40.93       2.90       0.00       0.00       0.00       1.30       0.77
--------------------------------------------------------------------------------
Best docking solution after GA:
     51500      47.80     -40.93       2.90       0.00       0.00       0.00       1.30       0.77

#ops:      51500 #mutates:  24471 #cross:    24496 #migrate:   2533 
#dups:     12928 #niche:    25545 #errors:    3076 
--------------------------------------------------------------------------------

Doing AMOEBA simplex on best individual
Done simplexing #iterations 392, best score  48.79

Ligand is stored in gold_soln_AV-procd_m2000_1.sdf


--------------------------------------------------------------------------------
--- CHEMPLP breakdown of terms                                               ---
--------------------------------------------------------------------------------
CHEMPLP = - ( 1.0000*S(PLP) + -3.0000*S(hbond) + -6.0000*S(metal) + -3.0000*S(cho) )

Score = CHEMPLP - 1.0000*DE(clash) - 2.0000*DE(tors)

Internal energy term has been corrected with the best internal energy encountered.

--------------------------------------------------------------------------------


     Score     S(PLP)   S(hbond)     S(cho)   S(metal)  DE(clash)   DE(tors)     intcor
     48.79     -41.63       3.00       0.00       0.00       0.00       1.31       0.77

--------------------------------------------------------------------------------
--- PLP analysis of protein-ligand interactions                              ---
--------------------------------------------------------------------------------
hydrogen bonding        :      -2.00
metal                   :       0.00
buried (polar-nonpolar) :      -8.18
nonpolar                :     -32.70
repulsive               :       0.11
--------------------------------------------------------------------------------


--------------------------------------------------------------------------------
--- ChemScore analysis of protein-ligand interactions                        ---
--------------------------------------------------------------------------------

* Hydrogen bonds                                                                
Ligand donor   12 hydrogen   60 Protein acceptor 8028 bond energy  1.00 wt 2.00
Protein donor 6931 hydrogen 6943 Ligand acceptor    1 bond energy  1.00 wt 1.00


* CH..O interactions                                                            
  CH group selection                       : activated ring CH (adjacent to hetatom)

--------------------------------------------------------------------------------


--------------------------------------------------------------------------------
--- Intra-ligand clashes                                                     ---
--------------------------------------------------------------------------------

Ligand
--------------------------------------------------------------------------------

--------------------------------------------------------------------------------
--- Rescoring solution                                                       ---
--------------------------------------------------------------------------------

     Score         DG    S(hbond)    S(metal)    S(lipo)     H(rot)  DE(clash)    DE(int)
     12.05     -15.41       1.18        0.00     106.62       2.53       0.02       3.34

Doing AMOEBA simplex on best individual
Done simplexing #iterations 829, best score  15.32

     Score         DG    S(hbond)    S(metal)    S(lipo)     H(rot)  DE(clash)    DE(int)
     15.32     -17.77       1.63        0.00     113.81       2.53       0.02       2.43

--------------------------------------------------------------------------------
--- ChemScore breakdown of terms                                             ---
--------------------------------------------------------------------------------
DG = -5.4800 + -3.3400*S(hbond)
     + -6.0300*S(metal) + -0.1170*S(lipo) + 2.5600*H(rot)


H(rot) = 2.5288

Score = -(DG + DE(clash) + DE(int))


--------------------------------------------------------------------------------


--------------------------------------------------------------------------------
--- ChemScore analysis of protein-ligand interactions                        ---
--------------------------------------------------------------------------------

* Hydrogen bonds                                                                
Ligand donor   12 hydrogen   60 Protein acceptor 8028 bond energy  1.00 wt 1.00
Protein donor 6931 hydrogen 6943 Ligand acceptor    1 bond energy  1.00 wt 0.63

CHEMSCORE EXTRA INTERACTIONS:

* Clashes                                                                       
Clash for ligand atom   1 (**** ):   0.01
Clash for ligand atom  26 (**** ):   0.01
--------------------------------------------------------------------------------


--------------------------------------------------------------------------------
--- Chromosome decoded                                                       ---
--------------------------------------------------------------------------------
Ligand Torsions
[  30    1    2   29]   98.51
[   1    2    3    4]  -63.15
[   2    3    4   24]  -79.31
[  20    9    8    7]   75.53
[  14   13   12   11]  -33.60
[  18   14   13   12] -102.17
Protein Torsions
[6907 6896 6895 6894]   94.12 
[7974 7965 7964 7962]  -21.89 
[8008 7997 7996 7995]  -70.95 
[10167 10162 10161 10158] -129.09 
[10718 10713 10712 10709] -133.25 
[10763 10752 10751 10750] -138.95 
[11005 11000 10999 10996] -160.73 
Mapping
Ligand acceptors to protein hydrogens (mapping then atom ids)
Ligand hydrogens to protein acceptors (mapping then atom ids)
  2  15 [ 60->8028]
Ligand shape atoms to protein points (mapping then atom ids & coords)
  6  8266 [ 14->(151.500 142.750 158.250)]
  8  9119 [ 16->(152.250 144.000 159.250)]
 10  6645 [ 19->(149.000 141.250 155.500)]
Ligand N+ atoms to protein TRP (mapping then atom ids & coords)
Chromosome values
Integers:
  -1   -1   -1   -1   -1   -1   -1   -1   14   -1   -1   -1 
  -1   -1   -1 8265   -1 9118   -1 6644   -1   -1   -1   -1 
  -1   -1 
--------------------------------------------------------------------------------

Current Ranking  1

--------------------------------------------------------------------------------

* GA execution time :                                                           
  total  1.1937 user  1.1937 sys  0.0000

--------------------------------------------------------------------------------
Fitness function evaluations: 99394

--------------------------------------------------------------------------------
** Docking run number  2 **
--------------------------------------------------------------------------------
  Rank fitness base is 5000.00 ; increment is 11.2233

* Initialising population(s) ...                                                
Number of constraints mappings 0
Number of constraints 0
  Population no.                           :      1
  Population size                          :    100
  Number of duplicates                     :      0
  Number of niche violations               :      0
  Number of errors                         :   2357

Number of constraints mappings 0
Number of constraints 0
  Population no.                           :      2
  Population size                          :    100
  Number of duplicates                     :      0
  Number of niche violations               :      0
  Number of errors                         :   2372

Number of constraints mappings 0
Number of constraints 0
  Population no.                           :      3
  Population size                          :    100
  Number of duplicates                     :      0
  Number of niche violations               :      0
  Number of errors                         :   2374

Number of constraints mappings 0
Number of constraints 0
  Population no.                           :      4
  Population size                          :    100
  Number of duplicates                     :      0
  Number of niche violations               :      0
  Number of errors                         :   2306

Number of constraints mappings 0
Number of constraints 0
  Population no.                           :      5
  Population size                          :    100
  Number of duplicates                     :      0
  Number of niche violations               :      0
  Number of errors                         :   2241


Doing GA, no. of population(s) 5 size 100 selection pressure 1.100000

 Operation      Score     S(PLP)   S(hbond)     S(cho)   S(metal)  DE(clash)   DE(tors)     intcor
         0      17.74     -19.93       0.41       0.00       0.00       0.00       2.09       0.77
       814      19.37     -19.84       0.00       0.79       0.00       0.00       1.74       0.62
      1077      24.17     -21.05       1.73       0.00       0.00       0.00       1.35       0.62
      3502      24.43     -21.53       1.46       0.00       0.00       0.16       0.97       0.62
      3787      24.75     -21.80       1.46       0.00       0.00       0.16       0.95       0.62
      5062      26.16     -21.40       2.08       0.00       0.00       0.16       0.97       0.62
      6592      26.56     -21.03       2.29       0.00       0.00       0.16       0.91       0.62
      6632      30.84     -33.51       0.16       0.00       0.00       0.00       1.89       0.62
      7288      31.52     -33.51       0.39       0.00       0.00       0.00       1.89       0.62
      7318      31.63     -33.51       0.43       0.00       0.00       0.00       1.89       0.62
      8027      31.77     -33.35       0.55       0.00       0.00       0.00       1.92       0.62
      9624      31.92     -33.51       0.52       0.00       0.00       0.00       1.89       0.62
     11102      32.04     -33.51       0.56       0.00       0.00       0.00       1.89       0.62
     11483      36.21     -30.60       2.71       0.00       0.00       0.00       1.58       0.62
     18508      39.79     -35.24       1.95       0.00       0.00       0.16       0.88       0.62
     21408      40.47     -35.77       2.00       0.00       0.00       0.16       0.88       0.62
     29953      40.55     -35.60       2.05       0.00       0.00       0.16       0.83       0.62
     33336      40.60     -35.94       2.00       0.00       0.00       0.16       0.91       0.62
     33784      41.25     -34.97       2.89       0.00       0.00       0.00       1.50       0.62
     35839      41.39     -38.60       2.00       0.00       0.00       0.00       1.92       0.62
     39249      42.00     -35.62       2.92       0.00       0.00       0.00       1.50       0.62
     41890      43.20     -36.50       2.76       0.00       0.00       0.16       1.01       0.62
     43695      43.27     -36.35       2.76       0.00       0.00       0.00       0.99       0.62
     47524      43.30     -39.05       2.00       0.00       0.00       0.00       1.19       0.62
     47989      43.81     -39.57       2.00       0.00       0.00       0.00       1.19       0.62
     48754      44.12     -39.84       2.00       0.00       0.00       0.00       1.17       0.62
     49104      45.01     -40.21       2.00       0.00       0.00       0.00       0.91       0.62
     50959      45.66     -40.85       2.00       0.00       0.00       0.00       0.91       0.62
     51131      46.17     -41.62       2.00       0.00       0.00       0.00       1.04       0.62
     51454      46.18     -41.99       1.76       0.00       0.00       0.00       0.85       0.62
--------------------------------------------------------------------------------
Best docking solution after GA:
     51500      46.18     -41.99       1.76       0.00       0.00       0.00       0.85       0.62

#ops:      51500 #mutates:  24472 #cross:    24377 #migrate:   2651 
#dups:      8367 #niche:    24490 #errors:    3002 
--------------------------------------------------------------------------------

Doing AMOEBA simplex on best individual
Done simplexing #iterations 1018, best score  49.30

Ligand is stored in gold_soln_AV-procd_m2000_2.sdf


--------------------------------------------------------------------------------
--- CHEMPLP breakdown of terms                                               ---
--------------------------------------------------------------------------------
CHEMPLP = - ( 1.0000*S(PLP) + -3.0000*S(hbond) + -6.0000*S(metal) + -3.0000*S(cho) )

Score = CHEMPLP - 1.0000*DE(clash) - 2.0000*DE(tors)

Internal energy term has been corrected with the best internal energy encountered.

--------------------------------------------------------------------------------


     Score     S(PLP)   S(hbond)     S(cho)   S(metal)  DE(clash)   DE(tors)     intcor
     49.30     -44.22       1.98       0.00       0.00       0.00       0.75       0.62

--------------------------------------------------------------------------------
--- PLP analysis of protein-ligand interactions                              ---
--------------------------------------------------------------------------------
hydrogen bonding        :      -2.66
metal                   :       0.00
buried (polar-nonpolar) :      -7.25
nonpolar                :     -34.55
repulsive               :       0.25
--------------------------------------------------------------------------------


--------------------------------------------------------------------------------
--- ChemScore analysis of protein-ligand interactions                        ---
--------------------------------------------------------------------------------

* Hydrogen bonds                                                                
Ligand donor   12 hydrogen   60 Protein acceptor 8028 bond energy  1.00 wt 1.98


* CH..O interactions                                                            
  CH group selection                       : activated ring CH (adjacent to hetatom)

--------------------------------------------------------------------------------


--------------------------------------------------------------------------------
--- Intra-ligand clashes                                                     ---
--------------------------------------------------------------------------------

Ligand
--------------------------------------------------------------------------------

--------------------------------------------------------------------------------
--- Rescoring solution                                                       ---
--------------------------------------------------------------------------------

     Score         DG    S(hbond)    S(metal)    S(lipo)     H(rot)  DE(clash)    DE(int)
     10.21     -14.90       0.85        0.00     111.62       2.53       0.23       4.45

Doing AMOEBA simplex on best individual
Done simplexing #iterations 975, best score  11.05

     Score         DG    S(hbond)    S(metal)    S(lipo)     H(rot)  DE(clash)    DE(int)
     11.05     -15.44       0.98        0.00     112.40       2.53       0.09       4.30

--------------------------------------------------------------------------------
--- ChemScore breakdown of terms                                             ---
--------------------------------------------------------------------------------
DG = -5.4800 + -3.3400*S(hbond)
     + -6.0300*S(metal) + -0.1170*S(lipo) + 2.5600*H(rot)


H(rot) = 2.5288

Score = -(DG + DE(clash) + DE(int))


--------------------------------------------------------------------------------


--------------------------------------------------------------------------------
--- ChemScore analysis of protein-ligand interactions                        ---
--------------------------------------------------------------------------------

* Hydrogen bonds                                                                
Ligand donor   12 hydrogen   60 Protein acceptor 8028 bond energy  1.00 wt 0.98

CHEMSCORE EXTRA INTERACTIONS:

* Clashes                                                                       
Clash for ligand atom  16 (**** ):   0.01
Clash for ligand atom  17 (**** ):   0.07
Clash for ligand atom  25 (**** ):   0.02
--------------------------------------------------------------------------------


--------------------------------------------------------------------------------
--- Chromosome decoded                                                       ---
--------------------------------------------------------------------------------
Ligand Torsions
[  30    1    2   29]    5.14
[   1    2    3    4]   55.72
[   2    3    4   24]  -71.14
[  20    9    8    7]   54.66
[  14   13   12   11]  -46.98
[  18   14   13   12]  -81.89
Protein Torsions
[6907 6896 6895 6894]   -3.90 
[7974 7965 7964 7962]  156.94 
[8008 7997 7996 7995]   29.47 
[10167 10162 10161 10158] -150.39 
[10718 10713 10712 10709]    1.21 
[10763 10752 10751 10750]   88.87 
[11005 11000 10999 10996]  162.37 
Mapping
Ligand acceptors to protein hydrogens (mapping then atom ids)
Ligand hydrogens to protein acceptors (mapping then atom ids)
Ligand shape atoms to protein points (mapping then atom ids & coords)
  5  7146 [ 13->(150.250 142.000 157.750)]
  6  8298 [ 14->(151.500 143.500 158.250)]
  7  9465 [ 15->(152.750 143.500 159.250)]
  8  8697 [ 16->(151.750 145.750 160.250)]
  9  7837 [ 18->(151.000 144.250 159.500)]
 10  7489 [ 19->(150.750 140.750 157.250)]
 11  6029 [ 20->(147.750 140.750 154.500)]
 15  5001 [ 28->(146.500 134.500 162.250)]
Ligand N+ atoms to protein TRP (mapping then atom ids & coords)
Chromosome values
Integers:
  -1   -1   -1   -1   -1   -1   -1   -1   -1   -1   -1   -1 
  -1   -1 7145 8297 9464 8696 7836 7488 6028   -1   -1   -1 
5000   -1 
--------------------------------------------------------------------------------

Current Ranking  2  1

--------------------------------------------------------------------------------

* GA execution time :                                                           
  total  1.2185 user  1.2185 sys  0.0000

--------------------------------------------------------------------------------
Fitness function evaluations: 101747

--------------------------------------------------------------------------------
** Docking run number  3 **
--------------------------------------------------------------------------------
  Rank fitness base is 5000.00 ; increment is 11.2233

* Initialising population(s) ...                                                
Number of constraints mappings 0
Number of constraints 0
  Population no.                           :      1
  Population size                          :    100
  Number of duplicates                     :      0
  Number of niche violations               :      0
  Number of errors                         :   2527

Number of constraints mappings 0
Number of constraints 0
  Population no.                           :      2
  Population size                          :    100
  Number of duplicates                     :      0
  Number of niche violations               :      0
  Number of errors                         :   2413

Number of constraints mappings 0
Number of constraints 0
  Population no.                           :      3
  Population size                          :    100
  Number of duplicates                     :      0
  Number of niche violations               :      0
  Number of errors                         :   2373

Number of constraints mappings 0
Number of constraints 0
  Population no.                           :      4
  Population size                          :    100
  Number of duplicates                     :      0
  Number of niche violations               :      0
  Number of errors                         :   2318

Number of constraints mappings 0
Number of constraints 0
  Population no.                           :      5
  Population size                          :    100
  Number of duplicates                     :      0
  Number of niche violations               :      0
  Number of errors                         :   2311


Doing GA, no. of population(s) 5 size 100 selection pressure 1.100000

 Operation      Score     S(PLP)   S(hbond)     S(cho)   S(metal)  DE(clash)   DE(tors)     intcor
         0      25.18     -26.43       0.00       0.00       0.00       0.00       0.94       0.62
       125      25.18     -26.43       0.00       0.00       0.00       0.00       0.94       0.62
      2061      26.24     -25.82       1.00       0.00       0.00       0.00       1.60       0.62
      4719      27.98     -26.68       0.00       1.00       0.00       0.00       1.16       0.62
      6535      29.20     -26.89       0.65       0.59       0.00       0.00       1.03       0.62
      6595      29.60     -26.89       0.79       0.59       0.00       0.00       1.03       0.62
      6785      30.06     -27.94       0.65       0.53       0.00       0.00       1.03       0.62
      8071      30.82     -28.61       0.58       0.64       0.00       0.00       1.03       0.62
      8076      32.00     -26.54       1.66       0.69       0.00       0.00       1.10       0.62
      9742      34.48     -30.61       1.25       0.62       0.00       0.00       1.18       0.62
     12096      35.62     -31.99       0.74       1.00       0.00       0.00       1.11       0.62
     12552      36.84     -31.03       1.00       1.28       0.00       0.00       0.83       0.62
     14921      37.01     -31.13       1.00       1.30       0.00       0.00       0.83       0.62
     15067      37.02     -36.38       0.00       1.00       0.00       0.00       1.49       0.62
     17077      39.20     -38.56       0.00       1.00       0.00       0.00       1.49       0.62
     17487      39.22     -38.56       0.00       1.00       0.00       0.00       1.48       0.62
     20904      39.51     -38.88       0.00       1.00       0.00       0.00       1.50       0.62
     22848      40.41     -41.14       0.00       0.00       0.00       0.00       0.67       0.62
     24055      40.74     -41.43       0.00       0.00       0.00       0.00       0.66       0.62
     24225      41.92     -42.61       0.00       0.00       0.00       0.00       0.66       0.62
     26467      42.78     -43.35       0.00       0.00       0.00       0.00       0.60       0.62
     28587      43.29     -44.01       0.00       0.00       0.00       0.00       0.67       0.62
     32677      44.40     -42.29       0.94       0.00       0.00       0.00       0.67       0.62
     38652      45.32     -41.36       1.56       0.00       0.00       0.00       0.67       0.62
     38802      45.55     -41.68       1.56       0.00       0.00       0.00       0.72       0.62
     39545      46.04     -41.97       1.66       0.00       0.00       0.00       0.76       0.62
     41958      46.23     -42.36       1.62       0.00       0.00       0.00       0.82       0.62
     45608      47.04     -43.17       1.79       0.00       0.00       0.00       1.06       0.62
     46418      47.05     -43.38       1.72       0.00       0.00       0.00       1.06       0.62
     47623      47.08     -43.31       1.59       0.00       0.00       0.00       0.82       0.62
     48368      47.52     -42.53       2.00       0.00       0.00       0.00       0.82       0.62
     49410      48.26     -43.27       2.00       0.00       0.00       0.00       0.82       0.62
     49500      48.32     -43.44       2.00       0.00       0.00       0.00       0.87       0.62
     49755      48.54     -43.66       2.00       0.00       0.00       0.00       0.87       0.62
     50250      48.55     -43.56       2.00       0.00       0.00       0.00       0.82       0.62
     50655      48.70     -43.71       2.00       0.00       0.00       0.00       0.82       0.62
--------------------------------------------------------------------------------
Best docking solution after GA:
     51500      48.70     -43.71       2.00       0.00       0.00       0.00       0.82       0.62

#ops:      51500 #mutates:  24506 #cross:    24388 #migrate:   2606 
#dups:      9102 #niche:    24133 #errors:    4078 
--------------------------------------------------------------------------------

Doing AMOEBA simplex on best individual
Done simplexing #iterations 311, best score  49.04

Ligand is stored in gold_soln_AV-procd_m2000_3.sdf


--------------------------------------------------------------------------------
--- CHEMPLP breakdown of terms                                               ---
--------------------------------------------------------------------------------
CHEMPLP = - ( 1.0000*S(PLP) + -3.0000*S(hbond) + -6.0000*S(metal) + -3.0000*S(cho) )

Score = CHEMPLP - 1.0000*DE(clash) - 2.0000*DE(tors)

Internal energy term has been corrected with the best internal energy encountered.

--------------------------------------------------------------------------------


     Score     S(PLP)   S(hbond)     S(cho)   S(metal)  DE(clash)   DE(tors)     intcor
     49.04     -43.89       2.00       0.00       0.00       0.00       0.73       0.62

--------------------------------------------------------------------------------
--- PLP analysis of protein-ligand interactions                              ---
--------------------------------------------------------------------------------
hydrogen bonding        :      -2.07
metal                   :       0.00
buried (polar-nonpolar) :      -7.57
nonpolar                :     -34.92
repulsive               :       0.26
--------------------------------------------------------------------------------


--------------------------------------------------------------------------------
--- ChemScore analysis of protein-ligand interactions                        ---
--------------------------------------------------------------------------------

* Hydrogen bonds                                                                
Ligand donor   12 hydrogen   60 Protein acceptor 8028 bond energy  1.00 wt 2.00


* CH..O interactions                                                            
  CH group selection                       : activated ring CH (adjacent to hetatom)

--------------------------------------------------------------------------------


--------------------------------------------------------------------------------
--- Intra-ligand clashes                                                     ---
--------------------------------------------------------------------------------

Ligand
--------------------------------------------------------------------------------

--------------------------------------------------------------------------------
--- Rescoring solution                                                       ---
--------------------------------------------------------------------------------

     Score         DG    S(hbond)    S(metal)    S(lipo)     H(rot)  DE(clash)    DE(int)
     11.35     -15.64       0.94        0.00     115.21       2.53       2.13       2.16

Doing AMOEBA simplex on best individual
Done simplexing #iterations 851, best score  13.54

     Score         DG    S(hbond)    S(metal)    S(lipo)     H(rot)  DE(clash)    DE(int)
     13.54     -15.78       0.94        0.00     116.42       2.53       0.09       2.15

--------------------------------------------------------------------------------
--- ChemScore breakdown of terms                                             ---
--------------------------------------------------------------------------------
DG = -5.4800 + -3.3400*S(hbond)
     + -6.0300*S(metal) + -0.1170*S(lipo) + 2.5600*H(rot)


H(rot) = 2.5288

Score = -(DG + DE(clash) + DE(int))


--------------------------------------------------------------------------------


--------------------------------------------------------------------------------
--- ChemScore analysis of protein-ligand interactions                        ---
--------------------------------------------------------------------------------

* Hydrogen bonds                                                                
Ligand donor   12 hydrogen   60 Protein acceptor 8028 bond energy  1.00 wt 0.94

CHEMSCORE EXTRA INTERACTIONS:

* Clashes                                                                       
Clash for ligand atom  16 (**** ):   0.01
Clash for ligand atom  17 (**** ):   0.07
Clash for ligand atom  25 (**** ):   0.02
--------------------------------------------------------------------------------


--------------------------------------------------------------------------------
--- Chromosome decoded                                                       ---
--------------------------------------------------------------------------------
Ligand Torsions
[  30    1    2   29]  110.94
[   1    2    3    4]   52.60
[   2    3    4   24] -107.88
[  20    9    8    7]   87.15
[  14   13   12   11]  -54.48
[  18   14   13   12]  -81.11
Protein Torsions
[6907 6896 6895 6894]  -13.73 
[7974 7965 7964 7962] -145.76 
[8008 7997 7996 7995]  -98.89 
[10167 10162 10161 10158]  127.20 
[10718 10713 10712 10709]  120.52 
[10763 10752 10751 10750]  -73.84 
[11005 11000 10999 10996]  -50.90 
Mapping
Ligand acceptors to protein hydrogens (mapping then atom ids)
Ligand hydrogens to protein acceptors (mapping then atom ids)
Ligand shape atoms to protein points (mapping then atom ids & coords)
  4  6917 [ 11->(149.750 142.250 157.750)]
  5  7492 [ 13->(150.750 141.000 157.750)]
  6  8040 [ 14->(151.250 143.500 158.750)]
  7  9102 [ 15->(152.250 143.750 160.000)]
  8  8682 [ 16->(151.750 145.250 160.250)]
 10  7008 [ 19->(150.000 141.750 156.750)]
 11  6260 [ 20->(148.250 140.500 153.750)]
 15  5221 [ 28->(146.750 134.500 162.000)]
Ligand N+ atoms to protein TRP (mapping then atom ids & coords)
Chromosome values
Integers:
  -1   -1   -1   -1   -1   -1   -1   -1   -1   -1   -1   -1 
  -1 6916 7491 8039 9101 8681   -1 7007 6259   -1   -1   -1 
5220   -1 
--------------------------------------------------------------------------------

Current Ranking  2  3  1

Top  3 (of  3) solutions are within 1.500 RMSD, finishing docking /DATA2/COVID-19/PDBs_&_Models/AV-procd.sdf.


--------------------------------------------------------------------------------

* GA execution time :                                                           
  total  1.1959 user  1.1959 sys  0.0000

--------------------------------------------------------------------------------
Fitness function evaluations: 100626

--------------------------------------------------------------------------------
--- Ranking analysis                                                         ---
--------------------------------------------------------------------------------


* Final ranked order of GA solutions:                                           
   2  3  1 

  _______________________________
  RMSD Matrix of RANKED solutions

        2    3  

   1 :  0.7  1.2
   2 :       1.3

  Clustering method                        : complete linkage
  Structure ids in cluster table           : rank nos.
  Ordering of clusters and their members   : by rank (order if from rms_analysis)

  Distance | Clusters
   0.68    |  1  2 |  3 |
   1.34    |  1  2  3 |
  Finished Docking Ligand                  : /DATA2/COVID-19/PDBs_&_Models/AV-procd.sdf
--------------------------------------------------------------------------------

  Relative_Ligand_Energy (best encountered) :   0.624
  Relative_Ligand_Energy: fitness values have been corrected using this amount
