
--------------------------------------------------------------------------------
--- Ligand                                                                   ---
--------------------------------------------------------------------------------
  Ligand loaded from file                  : /DATA2/COVID-19/PDBs_&_Models/AV-procd.sdf
  Ligand name                              :  
  "AV-unprocessed.smi:873                                                   "

--------------------------------------------------------------------------------
  N.plc donors                             : 
  none found

  Acidic nitrogen acceptors                : 
  none found
  Sulfur acceptors                         :
  none found


  Donor atoms                              :      3
  3   13  17  
  Acceptor atoms                           :      3
  1   6   11  

  Hydrogens                                :  (n = 3)
  23   31   46   

  Lone pairs added to molecule             :      4
  Numbering                                : from 47 to 50
  Choline groups                           : 
   17  

--------------------------------------------------------------------------------
--- Postprocessing of typing                                                 ---
--------------------------------------------------------------------------------
  Fragment file                            : /home/scv26/CCDC/Discovery_2020/GOLD/gold/rotatable_bond_override.mol2
  acylurea fragment                        : no matches
  thioacylthiourea fragment                : no matches
  acylthiourea fragment                    : no matches
  thioacylurea fragment                    : no matches
  diarylamine fragment >C.ar-NH-C.ar<      : no matches
  sec-amine (1) fragment                   : no matches
  sec-amine (2) fragment                   : no matches
  sec-amine (3) fragment                   : no matches
  carboxylic ester                         : no matches

* Rotatable bonds in /DATA2/COVID-19/PDBs  :
  [   3    4] [   7    8] [  13   14] [  17   18] 
  No. of rotatable bonds                   :      4


* Fragments found in /DATA2/COVID-19/PDBs  :


* Checking torsion distributions:                                               
  Rotatable bond [12  4  3  2] matches torsion: aromatic amide
   C.ar ( 1H ) | C.ar | N.am ( 1H ) | C.2 ( O.2 ) 
  No. of matched torsions                  :      1

--------------------------------------------------------------------------------
--- Shape fitting atoms selection (hydrophobic atoms)                        ---
--------------------------------------------------------------------------------
  Molecule                                 : /DATA2/COVID-19/PDBs_&_Models/AV-procd.sdf
  Selection                                : carbons only
  Atom numbers                             :  (n = 13)
  5    8    9    10   12   14   15   16   18   19   
  20   21   22   


--------------------------------------------------------------------------------
--- ChemScore ligand setup summary                                           ---
--------------------------------------------------------------------------------
  ChemScore ligand acceptors               :      3
  1 6 11 
  ChemScore ligand donors                  :      3
  3 ( 23  ) 13 ( 31  ) 17 ( 46 [+]  ) 
  ChemScore ligand CH donors               :      2
  5 ( 24 ) 12 ( 30 ) 

  ChemScore ligand lipophilic atoms        :  (n = 14)
  4    5    8    9    10   12   14   15   16   18   
  19   20   21   22   

  ChemScore ligand rotatable bonds         :      4
  3   (****) - 4   (****): SP2_SP2_BOND
  7   (****) - 8   (****): SP3_SP2_BOND
  13  (****) - 14  (****): SP3_SP2_BOND
  17  (****) - 18  (****): SP3_SP3_BOND

--------------------------------------------------------------------------------
--- PLP ligand setup summary                                                 ---
--------------------------------------------------------------------------------
    1  ****   O.2 ACCEPTOR
    2  ****   C.2 NONPOLAR
    3  ****  N.am DONOR
    4  ****  C.ar NONPOLAR
    5  ****  C.ar NONPOLAR
    6  ****  N.ar ACCEPTOR
    7  ****  C.ar NONPOLAR
    8  ****   C.3 NONPOLAR
    9  ****   C.3 NONPOLAR
   10  ****   C.3 NONPOLAR
   11  ****  N.ar ACCEPTOR
   12  ****  C.ar NONPOLAR
   13  ****  N.am DONOR
   14  ****   C.3 NONPOLAR
   15  ****   C.3 NONPOLAR
   16  ****   C.3 NONPOLAR
   17  ****   N.4 DONOR
   18  ****   C.3 NONPOLAR
   19  ****   C.3 NONPOLAR
   20  ****   C.3 NONPOLAR
   21  ****   C.3 NONPOLAR
   22  ****   C.3 NONPOLAR


--------------------------------------------------------------------------------
--- Automatic parameter setting                                              ---
--------------------------------------------------------------------------------
  Contribution base                        :   2500
  Contribution per rotatable bond          :   6000
  Contribution per df                      :   4000
  Contribution per water                   :  10000
  Ligand rotatable bonds                   :      4
  Protein flexible side chain bonds        :      0
  Total rotatable bonds                    :      4
  Hydrophobic vol ratio (P/L)              :   1.774
  Base multiplier (polar)                  :   1.400
  Base multiplier (apolar)                 :   4.614
  Base contribution                        : 15000.000
  Fitting points                           :      7
  Estimated maxops needed (optimal)        :  39500

--------------------------------------------------------------------------------

* Population settings                                                           
  maxops                                   :  39500
  popsiz                                   :    100
  select_pressure                          :   1.100
  n_islands                                :      3
  niche_siz                                :      2

* GA settings                                                                   
  pt_crosswt                               :     95
  allele_mutatewt                          :     95
  migratewt                                :     10

* Search settings                                                               
  start_vdw_linear_cutoff                  :   4.000
  initial_virtual_pt_match_max             :   3.000

--------------------------------------------------------------------------------

* Ligand initialisation time :                                                  
  total  0.0131 user  0.0131 sys  0.0000

--------------------------------------------------------------------------------

--------------------------------------------------------------------------------
** Docking run number  1 **
--------------------------------------------------------------------------------
  Rank fitness base is 5000.00 ; increment is 11.2233

* Initialising population(s) ...                                                
Number of constraints mappings 0
Number of constraints 0
  Population no.                           :      1
  Population size                          :    100
  Number of duplicates                     :      0
  Number of niche violations               :      0
  Number of errors                         :   3190

Number of constraints mappings 0
Number of constraints 0
  Population no.                           :      2
  Population size                          :    100
  Number of duplicates                     :      0
  Number of niche violations               :      0
  Number of errors                         :   3448

Number of constraints mappings 0
Number of constraints 0
  Population no.                           :      3
  Population size                          :    100
  Number of duplicates                     :      0
  Number of niche violations               :      0
  Number of errors                         :   3462


Doing GA, no. of population(s) 3 size 100 selection pressure 1.100000

 Operation      Score     S(PLP)   S(hbond)     S(cho)   S(metal)  DE(clash)   DE(tors)     intcor
         0      23.48     -21.96       0.81       0.00       0.00       0.00       1.20       1.45
        76      24.70     -27.45       1.12       0.89       0.00       7.00       1.63       1.45
       125      25.44     -23.73       1.01       0.00       0.00       0.00       1.38       1.45
       466      29.52     -28.39       1.02       0.00       0.00       0.00       1.70       1.45
       619      31.53     -31.49       2.86       0.00       0.00       7.10       1.44       1.45
       874      31.68     -22.79       3.26       0.00       0.00       0.00       1.18       1.45
      2278      32.19     -23.34       3.25       0.00       0.00       0.00       1.16       1.43
      2647      39.59     -30.41       3.66       0.00       0.00       0.00       1.62       1.42
      6630      39.72     -32.00       3.20       0.00       0.00       0.00       1.66       1.42
      6901      39.80     -30.43       3.73       0.00       0.00       0.00       1.62       1.42
      6945      39.80     -31.98       3.25       0.00       0.00       0.00       1.67       1.42
      7242      39.94     -32.16       3.23       0.01       0.00       0.00       1.69       1.42
      7401      40.27     -32.29       3.25       0.04       0.00       0.00       1.65       1.42
      7494      41.36     -32.34       3.28       0.44       0.00       0.00       1.78       1.42
      8190      41.59     -33.10       3.48       0.00       0.00       0.00       1.69       1.42
      8758      41.79     -31.46       3.79       0.19       0.00       0.00       1.51       1.42
      9108      42.04     -33.00       3.36       0.25       0.00       0.00       1.59       1.42
      9892      43.67     -33.59       3.58       0.32       0.00       0.00       1.51       1.41
     10600      44.27     -32.59       3.66       0.84       0.00       0.00       1.62       1.41
     12184      44.51     -32.59       3.74       0.84       0.00       0.00       1.62       1.41
     12532      45.04     -32.35       4.06       0.77       0.00       0.00       1.62       1.41
     12793      45.76     -33.50       3.96       0.73       0.00       0.00       1.62       1.41
     14382      45.88     -32.99       4.13       0.78       0.00       0.00       1.62       1.41
     15862      46.25     -33.73       3.99       0.72       0.00       0.00       1.51       1.40
     18102      46.39     -33.21       4.24       0.69       0.00       0.00       1.52       1.40
     18165      46.78     -33.48       4.29       0.68       0.00       0.00       1.52       1.40
     19422      46.96     -33.71       4.26       0.68       0.00       0.00       1.49       1.40
     20574      47.01     -33.78       4.26       0.68       0.00       0.00       1.50       1.40
     22491      47.01     -33.82       4.26       0.65       0.00       0.00       1.48       1.40
     23619      47.07     -33.80       4.26       0.68       0.00       0.00       1.48       1.40
     24861      47.23     -33.83       4.31       0.68       0.00       0.00       1.48       1.40
     25520      47.39     -34.60       4.26       0.56       0.00       0.00       1.53       1.40
     27647      47.59     -34.43       4.26       0.67       0.00       0.00       1.51       1.40
     31520      47.63     -34.50       4.26       0.66       0.00       0.00       1.52       1.40
     32906      47.65     -34.48       4.26       0.66       0.00       0.00       1.50       1.40
--------------------------------------------------------------------------------
Best docking solution after GA:
     39500      47.65     -34.48       4.26       0.66       0.00       0.00       1.50       1.40

#ops:      39500 #mutates:  18769 #cross:    18789 #migrate:   1942 
#dups:     13704 #niche:    29023 #errors:     602 
--------------------------------------------------------------------------------

Doing AMOEBA simplex on best individual
Done simplexing #iterations 378, best score  48.19

Ligand is stored in gold_soln_AV-procd_m4015_1.sdf


--------------------------------------------------------------------------------
--- CHEMPLP breakdown of terms                                               ---
--------------------------------------------------------------------------------
CHEMPLP = - ( 1.0000*S(PLP) + -3.0000*S(hbond) + -6.0000*S(metal) + -3.0000*S(cho) )

Score = CHEMPLP - 1.0000*DE(clash) - 2.0000*DE(tors)

Internal energy term has been corrected with the best internal energy encountered.

--------------------------------------------------------------------------------


     Score     S(PLP)   S(hbond)     S(cho)   S(metal)  DE(clash)   DE(tors)     intcor
     48.19     -35.11       4.23       0.69       0.00       0.00       1.54       1.40

--------------------------------------------------------------------------------
--- PLP analysis of protein-ligand interactions                              ---
--------------------------------------------------------------------------------
hydrogen bonding        :      -4.00
metal                   :       0.00
buried (polar-nonpolar) :      -2.73
nonpolar                :     -29.11
repulsive               :       0.72
--------------------------------------------------------------------------------


--------------------------------------------------------------------------------
--- ChemScore analysis of protein-ligand interactions                        ---
--------------------------------------------------------------------------------

* Hydrogen bonds                                                                
Ligand donor    3 hydrogen   23 Protein acceptor 7948 bond energy  1.00 wt 0.86
Ligand donor   13 hydrogen   31 Protein acceptor 7948 bond energy  1.00 wt 0.91
Ligand donor   17 hydrogen   46 Protein acceptor 10186 bond energy  1.00 wt 2.00
Protein donor 7989 hydrogen 7998 Ligand acceptor    6 bond energy  1.00 wt 0.45


* CH..O interactions                                                            
  CH group selection                       : activated ring CH (adjacent to hetatom)
Ligand carbon    5 hydrogen   24 Protein acceptor 7957 bond energy  1.00 wt 0.69

--------------------------------------------------------------------------------


--------------------------------------------------------------------------------
--- Intra-ligand clashes                                                     ---
--------------------------------------------------------------------------------

Ligand
--------------------------------------------------------------------------------

--------------------------------------------------------------------------------
--- Rescoring solution                                                       ---
--------------------------------------------------------------------------------

     Score         DG    S(hbond)    S(metal)    S(lipo)     H(rot)  DE(clash)    DE(int)
     16.22     -19.05       1.96        0.00      89.81       1.36       1.33       1.50

Doing AMOEBA simplex on best individual
Done simplexing #iterations 786, best score  19.36

     Score         DG    S(hbond)    S(metal)    S(lipo)     H(rot)  DE(clash)    DE(int)
     19.36     -21.43       2.53        0.00      93.89       1.36       0.62       1.45

--------------------------------------------------------------------------------
--- ChemScore breakdown of terms                                             ---
--------------------------------------------------------------------------------
DG = -5.4800 + -3.3400*S(hbond)
     + -6.0300*S(metal) + -0.1170*S(lipo) + 2.5600*H(rot)


H(rot) = 1.3571

Score = -(DG + DE(clash) + DE(int))


--------------------------------------------------------------------------------


--------------------------------------------------------------------------------
--- ChemScore analysis of protein-ligand interactions                        ---
--------------------------------------------------------------------------------

* Hydrogen bonds                                                                
Ligand donor    3 hydrogen   23 Protein acceptor 7948 bond energy  1.00 wt 0.87
Ligand donor   13 hydrogen   31 Protein acceptor 7948 bond energy  1.00 wt 0.89
Ligand donor   17 hydrogen   46 Protein acceptor 10186 bond energy  1.00 wt 0.74
Protein donor 7989 hydrogen 7998 Ligand acceptor    6 bond energy  1.00 wt 0.03

CHEMSCORE EXTRA INTERACTIONS:

* Clashes                                                                       
Clash for ligand atom   1 (**** ):   0.26
Clash for ligand atom   2 (**** ):   0.02
Clash for ligand atom   5 (**** ):   0.08
Clash for ligand atom   6 (**** ):   0.01
Clash for ligand atom  19 (**** ):   0.10
Clash for ligand atom  20 (**** ):   0.01
Clash for ligand atom  21 (**** ):   0.15
Clash for ligand atom  22 (**** ):   0.01
--------------------------------------------------------------------------------


--------------------------------------------------------------------------------
--- Chromosome decoded                                                       ---
--------------------------------------------------------------------------------
Ligand Torsions
[  12    4    3    2]   39.51    matched torsion: aromatic amide
[  10    8    7    6]  178.59
[  22   14   13    2]  140.28
[  20   18   17   16]  133.42
Protein Torsions
[6907 6896 6895 6894] -164.09 
[7974 7965 7964 7962] -142.40 
[8008 7997 7996 7995]  161.84 
[10167 10162 10161 10158]  -26.44 
[10718 10713 10712 10709]   40.38 
[10763 10752 10751 10750] -154.20 
[11005 11000 10999 10996] -127.27 
Mapping
Ligand acceptors to protein hydrogens (mapping then atom ids)
Ligand hydrogens to protein acceptors (mapping then atom ids)
  1   7 [ 23->7948]
  3  26 [ 46->10186]
Ligand shape atoms to protein points (mapping then atom ids & coords)
  1  6886 [  5->(149.750 138.750 154.250)]
  3  8252 [  9->(151.500 142.250 158.250)]
  4  7144 [ 10->(150.250 142.000 157.250)]
  9  2086 [ 18->(143.500 133.000 150.750)]
 11  2844 [ 20->(144.500 132.500 151.000)]
 12  3659 [ 21->(145.250 135.500 151.500)]
 13  3398 [ 22->(145.000 136.000 151.750)]
Ligand N+ atoms to protein TRP (mapping then atom ids & coords)
Chromosome values
Integers:
  -1   -1   -1    6   -1   25   -1 6885   -1 8251 7143   -1 
  -1   -1   -1 2085   -1 2843 3658 3397 
--------------------------------------------------------------------------------

Current Ranking  1

--------------------------------------------------------------------------------

* GA execution time :                                                           
  total  0.8374 user  0.8374 sys  0.0000

--------------------------------------------------------------------------------
Fitness function evaluations: 75196

--------------------------------------------------------------------------------
** Docking run number  2 **
--------------------------------------------------------------------------------
  Rank fitness base is 5000.00 ; increment is 11.2233

* Initialising population(s) ...                                                
Number of constraints mappings 0
Number of constraints 0
  Population no.                           :      1
  Population size                          :    100
  Number of duplicates                     :      0
  Number of niche violations               :      0
  Number of errors                         :   3468

Number of constraints mappings 0
Number of constraints 0
  Population no.                           :      2
  Population size                          :    100
  Number of duplicates                     :      0
  Number of niche violations               :      0
  Number of errors                         :   3434

Number of constraints mappings 0
Number of constraints 0
  Population no.                           :      3
  Population size                          :    100
  Number of duplicates                     :      0
  Number of niche violations               :      0
  Number of errors                         :   3553


Doing GA, no. of population(s) 3 size 100 selection pressure 1.100000

 Operation      Score     S(PLP)   S(hbond)     S(cho)   S(metal)  DE(clash)   DE(tors)     intcor
         0      25.50     -25.37       0.60       0.00       0.00       0.00       1.53       1.40
       114      26.63     -24.95       1.06       0.00       0.00       0.00       1.46       1.40
       660      26.88     -25.68       1.09       0.00       0.00       0.00       1.74       1.40
       822      27.09     -24.39       1.51       0.00       0.00       0.00       1.62       1.40
       955      27.23     -26.34       0.69       0.00       0.00       0.00       1.29       1.40
      1053      30.44     -29.20       0.81       0.00       0.00       0.00       1.29       1.40
      1233      30.82     -27.03       0.86       1.00       0.00       0.00       1.60       1.40
      2071      30.90     -21.13       3.00       0.71       0.00       0.00       1.39       1.40
      2247      30.95     -24.35       1.93       1.00       0.00       0.00       1.80       1.40
      2315      31.84     -31.02       0.80       0.10       0.00       0.00       1.65       1.40
      2525      32.76     -27.27       2.50       0.00       0.00       0.00       1.70       1.40
      2745      34.51     -33.73       0.89       0.00       0.00       0.00       1.65       1.40
      3484      34.64     -23.48       3.22       1.00       0.00       0.00       1.45       1.40
      3687      34.74     -34.12       0.90       0.00       0.00       0.00       1.74       1.40
      3757      35.17     -24.89       2.94       0.95       0.00       0.00       1.40       1.40
      3768      35.33     -34.52       0.91       0.00       0.00       0.00       1.66       1.40
      4015      35.73     -24.52       3.24       1.00       0.00       0.00       1.45       1.40
      4081      35.82     -24.73       3.24       1.00       0.00       0.00       1.52       1.40
      4353      35.97     -35.14       0.97       0.00       0.00       0.00       1.74       1.40
      4900      36.02     -29.43       2.12       1.00       0.00       0.00       2.09       1.40
      4909      36.17     -34.70       0.98       0.00       0.00       0.00       1.43       1.40
      5745      37.87     -35.62       1.01       0.00       0.00       0.00       1.09       1.40
      6788      38.19     -36.02       1.02       0.00       0.00       0.00       1.15       1.40
      7948      38.78     -30.20       3.02       0.00       0.00       0.00       0.94       1.40
     10498      39.94     -31.92       2.88       0.00       0.00       0.00       1.01       1.40
     10651      39.94     -31.95       2.88       0.00       0.00       0.00       1.02       1.40
     12208      41.47     -33.56       2.88       0.00       0.00       0.00       1.06       1.40
     13176      41.52     -34.51       2.58       0.00       0.00       0.00       1.06       1.40
     13275      41.90     -36.96       1.89       0.00       0.00       0.00       1.06       1.40
     13690      43.63     -36.53       2.67       0.00       0.00       0.00       1.15       1.40
     15928      44.87     -35.57       3.40       0.00       0.00       0.00       1.15       1.40
     17846      44.98     -36.82       3.02       0.00       0.00       0.00       1.15       1.40
     18604      45.65     -36.18       3.46       0.00       0.00       0.00       1.15       1.40
     20039      45.87     -34.88       3.96       0.00       0.00       0.00       1.15       1.40
     20602      46.01     -35.65       3.76       0.00       0.00       0.00       1.15       1.40
     23098      46.05     -35.69       3.76       0.00       0.00       0.00       1.15       1.40
     29265      46.52     -36.78       3.55       0.00       0.00       0.00       1.15       1.40
     32400      46.67     -36.91       3.59       0.00       0.00       0.00       1.20       1.40
     32589      46.73     -36.90       3.59       0.00       0.00       0.00       1.17       1.40
     37367      46.81     -36.92       3.62       0.00       0.00       0.00       1.19       1.40
--------------------------------------------------------------------------------
Best docking solution after GA:
     39500      46.81     -36.92       3.62       0.00       0.00       0.00       1.19       1.40

#ops:      39500 #mutates:  18626 #cross:    18830 #migrate:   2044 
#dups:     11428 #niche:    28261 #errors:    1525 
--------------------------------------------------------------------------------

Doing AMOEBA simplex on best individual
Done simplexing #iterations 495, best score  48.32

Ligand is stored in gold_soln_AV-procd_m4015_2.sdf


--------------------------------------------------------------------------------
--- CHEMPLP breakdown of terms                                               ---
--------------------------------------------------------------------------------
CHEMPLP = - ( 1.0000*S(PLP) + -3.0000*S(hbond) + -6.0000*S(metal) + -3.0000*S(cho) )

Score = CHEMPLP - 1.0000*DE(clash) - 2.0000*DE(tors)

Internal energy term has been corrected with the best internal energy encountered.

--------------------------------------------------------------------------------


     Score     S(PLP)   S(hbond)     S(cho)   S(metal)  DE(clash)   DE(tors)     intcor
     48.32     -37.87       3.86       0.00       0.00       0.00       1.26       1.40

--------------------------------------------------------------------------------
--- PLP analysis of protein-ligand interactions                              ---
--------------------------------------------------------------------------------
hydrogen bonding        :      -4.48
metal                   :       0.00
buried (polar-nonpolar) :      -0.87
nonpolar                :     -33.28
repulsive               :       0.61
--------------------------------------------------------------------------------


--------------------------------------------------------------------------------
--- ChemScore analysis of protein-ligand interactions                        ---
--------------------------------------------------------------------------------

* Hydrogen bonds                                                                
Ligand donor    3 hydrogen   23 Protein acceptor 7948 bond energy  1.00 wt 0.90
Ligand donor   13 hydrogen   31 Protein acceptor 7948 bond energy  1.00 wt 0.71
Ligand donor   17 hydrogen   46 Protein acceptor 10186 bond energy  1.00 wt 2.00
Protein donor 7989 hydrogen 7998 Ligand acceptor   11 bond energy  1.00 wt 0.25


* CH..O interactions                                                            
  CH group selection                       : activated ring CH (adjacent to hetatom)

--------------------------------------------------------------------------------


--------------------------------------------------------------------------------
--- Intra-ligand clashes                                                     ---
--------------------------------------------------------------------------------

Ligand
 21 (**** ) -  19 (**** ):   0.00 (dist   2.75)
--------------------------------------------------------------------------------

--------------------------------------------------------------------------------
--- Rescoring solution                                                       ---
--------------------------------------------------------------------------------

     Score         DG    S(hbond)    S(metal)    S(lipo)     H(rot)  DE(clash)    DE(int)
     14.92     -18.77       1.72        0.00      94.03       1.36       1.28       2.57

Doing AMOEBA simplex on best individual
Done simplexing #iterations 884, best score  17.22

     Score         DG    S(hbond)    S(metal)    S(lipo)     H(rot)  DE(clash)    DE(int)
     17.22     -19.88       2.13        0.00      91.96       1.36       0.07       2.59

--------------------------------------------------------------------------------
--- ChemScore breakdown of terms                                             ---
--------------------------------------------------------------------------------
DG = -5.4800 + -3.3400*S(hbond)
     + -6.0300*S(metal) + -0.1170*S(lipo) + 2.5600*H(rot)


H(rot) = 1.3571

Score = -(DG + DE(clash) + DE(int))


--------------------------------------------------------------------------------


--------------------------------------------------------------------------------
--- ChemScore analysis of protein-ligand interactions                        ---
--------------------------------------------------------------------------------

* Hydrogen bonds                                                                
Ligand donor    3 hydrogen   23 Protein acceptor 7948 bond energy  1.00 wt 0.88
Ligand donor   13 hydrogen   31 Protein acceptor 7948 bond energy  1.00 wt 0.95
Ligand donor   17 hydrogen   46 Protein acceptor 10186 bond energy  1.00 wt 0.30

CHEMSCORE EXTRA INTERACTIONS:

* Clashes                                                                       
Clash for ligand atom   1 (**** ):   0.04
Clash for ligand atom   8 (**** ):   0.01
Clash for ligand atom  14 (**** ):   0.01
--------------------------------------------------------------------------------


--------------------------------------------------------------------------------
--- Chromosome decoded                                                       ---
--------------------------------------------------------------------------------
Ligand Torsions
[  12    4    3    2]  169.48    matched torsion: aromatic amide
[  10    8    7    6]   53.93
[  22   14   13    2]  157.49
[  20   18   17   16]  137.94
Protein Torsions
[6907 6896 6895 6894]  -40.26 
[7974 7965 7964 7962]  151.28 
[8008 7997 7996 7995] -119.68 
[10167 10162 10161 10158]  -97.79 
[10718 10713 10712 10709]  167.18 
[10763 10752 10751 10750]  -69.99 
[11005 11000 10999 10996]  -52.52 
Mapping
Ligand acceptors to protein hydrogens (mapping then atom ids)
  3  18 [ 11->7998]
Ligand hydrogens to protein acceptors (mapping then atom ids)
  1   8 [ 23->7949]
  2   7 [ 31->7948]
Ligand shape atoms to protein points (mapping then atom ids & coords)
  2  7014 [  8->(150.000 142.000 156.750)]
  9  2694 [ 18->(144.250 133.500 152.000)]
 10  2865 [ 19->(144.500 133.000 150.250)]
Ligand N+ atoms to protein TRP (mapping then atom ids & coords)
Chromosome values
Integers:
  -1   -1   17    7    6   -1   -1   -1 7013   -1   -1   -1 
  -1   -1   -1 2693 2864   -1   -1   -1 
--------------------------------------------------------------------------------

Current Ranking  2  1

--------------------------------------------------------------------------------

* GA execution time :                                                           
  total  0.8104 user  0.8104 sys  0.0000

--------------------------------------------------------------------------------
Fitness function evaluations: 76354

--------------------------------------------------------------------------------
** Docking run number  3 **
--------------------------------------------------------------------------------
  Rank fitness base is 5000.00 ; increment is 11.2233

* Initialising population(s) ...                                                
Number of constraints mappings 0
Number of constraints 0
  Population no.                           :      1
  Population size                          :    100
  Number of duplicates                     :      0
  Number of niche violations               :      0
  Number of errors                         :   3486

Number of constraints mappings 0
Number of constraints 0
  Population no.                           :      2
  Population size                          :    100
  Number of duplicates                     :      0
  Number of niche violations               :      0
  Number of errors                         :   3422

Number of constraints mappings 0
Number of constraints 0
  Population no.                           :      3
  Population size                          :    100
  Number of duplicates                     :      0
  Number of niche violations               :      0
  Number of errors                         :   3395


Doing GA, no. of population(s) 3 size 100 selection pressure 1.100000

 Operation      Score     S(PLP)   S(hbond)     S(cho)   S(metal)  DE(clash)   DE(tors)     intcor
         0      29.18     -25.36       1.92       0.00       0.00       0.00       1.67       1.40
       707      30.19     -25.41       1.00       1.00       0.00       0.00       1.31       1.40
      1038      30.67     -24.62       1.29       0.90       0.00       0.00       0.95       1.40
      1536      31.64     -21.50       2.55       1.00       0.00       0.00       0.95       1.40
      1820      34.50     -30.26       2.51       0.00       0.00       2.30       1.20       1.40
      2364      38.24     -29.05       3.40       0.00       0.00       0.00       1.21       1.40
      3252      38.32     -31.03       2.77       0.00       0.00       0.00       1.21       1.40
      3278      39.71     -34.75       2.75       0.00       0.00       2.30       1.20       1.40
      6902      39.91     -30.20       3.73       0.00       0.00       0.00       1.43       1.40
      7241      40.55     -31.03       3.66       0.00       0.00       0.00       1.43       1.40
      8213      41.75     -33.87       3.73       0.00       0.00       2.30       1.20       1.40
      8852      42.22     -36.59       2.98       0.00       0.00       2.30       1.20       1.40
     10412      42.51     -35.00       3.60       0.00       0.00       2.30       1.20       1.40
     11192      42.92     -33.50       3.69       0.00       0.00       0.00       1.53       1.40
     12578      43.02     -33.54       3.72       0.00       0.00       0.00       1.55       1.40
     12674      43.14     -32.85       3.90       0.00       0.00       0.00       1.41       1.40
     13018      44.16     -34.49       3.77       0.00       0.00       0.00       1.53       1.40
     14644      44.45     -34.69       3.76       0.00       0.00       0.00       1.46       1.40
     16612      44.52     -34.93       3.79       0.00       0.00       0.00       1.59       1.40
     16684      45.02     -33.92       4.09       0.00       0.00       0.00       1.28       1.40
     18869      45.30     -34.41       4.09       0.00       0.00       0.00       1.39       1.40
     18910      46.41     -36.20       3.84       0.00       0.00       0.00       1.36       1.40
     22189      46.76     -36.09       3.99       0.00       0.00       0.00       1.36       1.40
     22582      46.79     -36.10       3.99       0.00       0.00       0.00       1.35       1.40
     22729      46.87     -36.14       4.01       0.00       0.00       0.00       1.35       1.40
     22969      46.94     -36.29       3.97       0.00       0.00       0.00       1.33       1.40
     23380      47.02     -36.30       3.99       0.00       0.00       0.00       1.32       1.40
--------------------------------------------------------------------------------
Best docking solution after GA:
     39500      47.02     -36.30       3.99       0.00       0.00       0.00       1.32       1.40

#ops:      39500 #mutates:  18728 #cross:    18898 #migrate:   1874 
#dups:     14920 #niche:    27665 #errors:    1233 
--------------------------------------------------------------------------------

Doing AMOEBA simplex on best individual
Done simplexing #iterations 645, best score  48.56

Ligand is stored in gold_soln_AV-procd_m4015_3.sdf


--------------------------------------------------------------------------------
--- CHEMPLP breakdown of terms                                               ---
--------------------------------------------------------------------------------
CHEMPLP = - ( 1.0000*S(PLP) + -3.0000*S(hbond) + -6.0000*S(metal) + -3.0000*S(cho) )

Score = CHEMPLP - 1.0000*DE(clash) - 2.0000*DE(tors)

Internal energy term has been corrected with the best internal energy encountered.

--------------------------------------------------------------------------------


     Score     S(PLP)   S(hbond)     S(cho)   S(metal)  DE(clash)   DE(tors)     intcor
     48.56     -37.39       4.12       0.00       0.00       0.00       1.30       1.40

--------------------------------------------------------------------------------
--- PLP analysis of protein-ligand interactions                              ---
--------------------------------------------------------------------------------
hydrogen bonding        :      -4.73
metal                   :       0.00
buried (polar-nonpolar) :      -0.96
nonpolar                :     -32.66
repulsive               :       0.64
--------------------------------------------------------------------------------


--------------------------------------------------------------------------------
--- ChemScore analysis of protein-ligand interactions                        ---
--------------------------------------------------------------------------------

* Hydrogen bonds                                                                
Ligand donor    3 hydrogen   23 Protein acceptor 7948 bond energy  1.00 wt 0.93
Ligand donor   13 hydrogen   31 Protein acceptor 7948 bond energy  1.00 wt 0.91
Ligand donor   17 hydrogen   46 Protein acceptor 10186 bond energy  1.00 wt 1.98
Protein donor 7989 hydrogen 7998 Ligand acceptor   11 bond energy  1.00 wt 0.30


* CH..O interactions                                                            
  CH group selection                       : activated ring CH (adjacent to hetatom)

--------------------------------------------------------------------------------


--------------------------------------------------------------------------------
--- Intra-ligand clashes                                                     ---
--------------------------------------------------------------------------------

Ligand
--------------------------------------------------------------------------------

--------------------------------------------------------------------------------
--- Rescoring solution                                                       ---
--------------------------------------------------------------------------------

     Score         DG    S(hbond)    S(metal)    S(lipo)     H(rot)  DE(clash)    DE(int)
     15.54     -20.40       2.04        0.00      99.09       1.36       2.18       2.69

Doing AMOEBA simplex on best individual
Done simplexing #iterations 659, best score  17.00

     Score         DG    S(hbond)    S(metal)    S(lipo)     H(rot)  DE(clash)    DE(int)
     17.00     -20.17       2.02        0.00      97.67       1.36       0.49       2.68

--------------------------------------------------------------------------------
--- ChemScore breakdown of terms                                             ---
--------------------------------------------------------------------------------
DG = -5.4800 + -3.3400*S(hbond)
     + -6.0300*S(metal) + -0.1170*S(lipo) + 2.5600*H(rot)


H(rot) = 1.3571

Score = -(DG + DE(clash) + DE(int))


--------------------------------------------------------------------------------


--------------------------------------------------------------------------------
--- ChemScore analysis of protein-ligand interactions                        ---
--------------------------------------------------------------------------------

* Hydrogen bonds                                                                
Ligand donor    3 hydrogen   23 Protein acceptor 7948 bond energy  1.00 wt 0.88
Ligand donor   13 hydrogen   31 Protein acceptor 7948 bond energy  1.00 wt 0.85
Ligand donor   17 hydrogen   46 Protein acceptor 10186 bond energy  1.00 wt 0.29

CHEMSCORE EXTRA INTERACTIONS:

* Clashes                                                                       
Clash for ligand atom   2 (**** ):   0.28
Clash for ligand atom   4 (**** ):   0.03
Clash for ligand atom  20 (**** ):   0.02
Clash for ligand atom  22 (**** ):   0.16
--------------------------------------------------------------------------------


--------------------------------------------------------------------------------
--- Chromosome decoded                                                       ---
--------------------------------------------------------------------------------
Ligand Torsions
[  12    4    3    2]  169.25    matched torsion: aromatic amide
[  10    8    7    6]   55.04
[  22   14   13    2]  154.75
[  20   18   17   16]  135.26
Protein Torsions
[6907 6896 6895 6894]   80.30 
[7974 7965 7964 7962]    1.65 
[8008 7997 7996 7995]  117.75 
[10167 10162 10161 10158]  -63.96 
[10718 10713 10712 10709]    8.61 
[10763 10752 10751 10750]  -69.07 
[11005 11000 10999 10996]   85.38 
Mapping
Ligand acceptors to protein hydrogens (mapping then atom ids)
Ligand hydrogens to protein acceptors (mapping then atom ids)
  1   7 [ 23->7948]
  2   7 [ 31->7948]
Ligand shape atoms to protein points (mapping then atom ids & coords)
  4  7316 [ 10->(150.500 142.500 157.500)]
  9  3325 [ 18->(145.000 133.250 150.750)]
Ligand N+ atoms to protein TRP (mapping then atom ids & coords)
Chromosome values
Integers:
  -1   -1   -1    6    6   -1   -1   -1   -1   -1 7315   -1 
  -1   -1   -1 3324   -1   -1   -1   -1 
--------------------------------------------------------------------------------

Current Ranking  3  2  1

Top  3 (of  3) solutions are within 1.500 RMSD, finishing docking /DATA2/COVID-19/PDBs_&_Models/AV-procd.sdf.


--------------------------------------------------------------------------------

* GA execution time :                                                           
  total  0.8524 user  0.8524 sys  0.0000

--------------------------------------------------------------------------------
Fitness function evaluations: 76013

--------------------------------------------------------------------------------
--- Ranking analysis                                                         ---
--------------------------------------------------------------------------------


* Final ranked order of GA solutions:                                           
   3  2  1 

  _______________________________
  RMSD Matrix of RANKED solutions

        2    3  

   1 :  0.3  0.6
   2 :       0.5

  Clustering method                        : complete linkage
  Structure ids in cluster table           : rank nos.
  Ordering of clusters and their members   : by rank (order if from rms_analysis)

  Distance | Clusters
   0.29    |  1  2 |  3 |
   0.60    |  1  2  3 |
  Finished Docking Ligand                  : /DATA2/COVID-19/PDBs_&_Models/AV-procd.sdf
--------------------------------------------------------------------------------

  Relative_Ligand_Energy (best encountered) :   1.403
  Relative_Ligand_Energy: fitness values have been corrected using this amount
