
--------------------------------------------------------------------------------
--- Ligand                                                                   ---
--------------------------------------------------------------------------------
  Ligand loaded from file                  : /DATA2/COVID-19/PDBs_&_Models/AV-procd.sdf
  Ligand name                              :  
  "AV-unprocessed.smi:2172                                                  "

--------------------------------------------------------------------------------
  N.plc donors                             : 
  none found

  Acidic nitrogen acceptors                : 
  none found
  Sulfur acceptors                         :
  none found


  Donor atoms                              :      2
  1   14  
  Acceptor atoms                           :      3
  1   4   14  

  Hydrogens                                :  (n = 2)
  22   32   

  Lone pairs added to molecule             :      5
  Numbering                                : from 37 to 41
  Choline groups                           : 
   

--------------------------------------------------------------------------------
--- Postprocessing of typing                                                 ---
--------------------------------------------------------------------------------
  Fragment file                            : /home/scv26/CCDC/Discovery_2020/GOLD/gold/rotatable_bond_override.mol2
  acylurea fragment                        : no matches
  thioacylthiourea fragment                : no matches
  acylthiourea fragment                    : no matches
  thioacylurea fragment                    : no matches
  diarylamine fragment >C.ar-NH-C.ar<      : no matches
  sec-amine (1) fragment                   : no matches
  sec-amine (2) fragment                   : 1 matches
  Ligand bond 11-10  set to 1
  Ligand bond 11-12  set to 1
  Ligand bond 11-3  set to 1
  sec-amine (3) fragment                   : 1 matches
  Ligand bond 11-10  set to 1
  Ligand bond 11-3  set to 1
  Ligand bond 11-12  set to 1
  carboxylic ester                         : no matches

* Rotatable bonds in /DATA2/COVID-19/PDBs  :
  [   1    2] [   2    3] [  11   12] [  12   13] 
  [  13   14] [  13   15] 
  No. of rotatable bonds                   :      6


* Fragments found in /DATA2/COVID-19/PDBs  :
  atom   5: benzene
  atom   6: benzene
  atom   7: benzene
  atom   8: benzene
  atom   9: benzene
  atom  10: benzene
  atom  15: benzene
  atom  16: benzene
  atom  17: benzene
  atom  18: benzene
  atom  20: benzene
  atom  21: benzene


* Checking torsion distributions:                                               
  No. of matched torsions                  :      0

--------------------------------------------------------------------------------
--- Shape fitting atoms selection (hydrophobic atoms)                        ---
--------------------------------------------------------------------------------
  Molecule                                 : /DATA2/COVID-19/PDBs_&_Models/AV-procd.sdf
  Selection                                : carbons only
  Atom numbers                             :  (n = 11)
  2    6    7    8    9    12   13   16   17   20   
  21   


--------------------------------------------------------------------------------
--- ChemScore ligand setup summary                                           ---
--------------------------------------------------------------------------------
  ChemScore ligand acceptors               :      3
  1 4 14 
  ChemScore ligand donors                  :      2
  1 ( 22  ) 14 ( 32  ) 
  ChemScore ligand CH donors               :      0
  

  ChemScore ligand lipophilic atoms        :  (n = 16)
  2    5    6    7    8    9    10   12   13   15   
  16   17   18   19   20   21   

  ChemScore ligand rotatable bonds         :      6
  1   (****) - 2   (****): SP3_SP3_BOND
  2   (****) - 3   (****): SP3_SP2_BOND
  11  (****) - 12  (****): SP3_SP2_BOND
  12  (****) - 13  (****): SP3_SP3_BOND
  13  (****) - 14  (****): SP3_SP3_BOND
  13  (****) - 15  (****): SP3_SP2_BOND

--------------------------------------------------------------------------------
--- PLP ligand setup summary                                                 ---
--------------------------------------------------------------------------------
    1  ****   O.3 DONACC
    2  ****   C.3 NONPOLAR
    3  ****   C.2 NONPOLAR
    4  ****   N.2 ACCEPTOR
    5  ****  C.ar NONPOLAR
    6  ****  C.ar NONPOLAR
    7  ****  C.ar NONPOLAR
    8  ****  C.ar NONPOLAR
    9  ****  C.ar NONPOLAR
   10  ****  C.ar NONPOLAR
   11  **** N.pl3 NONPOLAR
   12  ****   C.3 NONPOLAR
   13  ****   C.3 NONPOLAR
   14  ****   O.3 DONACC
   15  ****  C.ar NONPOLAR
   16  ****  C.ar NONPOLAR
   17  ****  C.ar NONPOLAR
   18  ****  C.ar NONPOLAR
   19  ****    Cl NONPOLAR
   20  ****  C.ar NONPOLAR
   21  ****  C.ar NONPOLAR


--------------------------------------------------------------------------------
--- Automatic parameter setting                                              ---
--------------------------------------------------------------------------------
  Contribution base                        :   2500
  Contribution per rotatable bond          :   6000
  Contribution per df                      :   4000
  Contribution per water                   :  10000
  Ligand rotatable bonds                   :      6
  Protein flexible side chain bonds        :      0
  Total rotatable bonds                    :      6
  Hydrophobic vol ratio (P/L)              :   2.097
  Base multiplier (polar)                  :   1.000
  Base multiplier (apolar)                 :   4.614
  Base contribution                        : 12500.000
  Fitting points                           :      5
  Estimated maxops needed (optimal)        :  49000

--------------------------------------------------------------------------------

* Population settings                                                           
  maxops                                   :  49000
  popsiz                                   :    100
  select_pressure                          :   1.100
  n_islands                                :      4
  niche_siz                                :      2

* GA settings                                                                   
  pt_crosswt                               :     95
  allele_mutatewt                          :     95
  migratewt                                :     10

* Search settings                                                               
  start_vdw_linear_cutoff                  :   4.000
  initial_virtual_pt_match_max             :   3.000

--------------------------------------------------------------------------------

* Ligand initialisation time :                                                  
  total  0.0086 user  0.0086 sys  0.0000

--------------------------------------------------------------------------------

--------------------------------------------------------------------------------
** Docking run number  1 **
--------------------------------------------------------------------------------
  Rank fitness base is 5000.00 ; increment is 11.2233

* Initialising population(s) ...                                                
Number of constraints mappings 0
Number of constraints 0
  Population no.                           :      1
  Population size                          :    100
  Number of duplicates                     :      0
  Number of niche violations               :      0
  Number of errors                         :   5418

Number of constraints mappings 0
Number of constraints 0
  Population no.                           :      2
  Population size                          :    100
  Number of duplicates                     :      0
  Number of niche violations               :      0
  Number of errors                         :   5354

Number of constraints mappings 0
Number of constraints 0
  Population no.                           :      3
  Population size                          :    100
  Number of duplicates                     :      0
  Number of niche violations               :      0
  Number of errors                         :   5430

Number of constraints mappings 0
Number of constraints 0
  Population no.                           :      4
  Population size                          :    100
  Number of duplicates                     :      0
  Number of niche violations               :      0
  Number of errors                         :   5398


Doing GA, no. of population(s) 4 size 100 selection pressure 1.100000

 Operation      Score     S(PLP)   S(hbond)     S(cho)   S(metal)  DE(clash)   DE(tors)     intcor
         0      21.08     -18.08       1.00       0.00       0.00       8.70       1.36       0.22
       859      24.94     -25.39       0.00       0.00       0.00       0.00       0.33       0.22
      1787      25.33     -25.20       0.41       0.00       0.00       0.00       0.65       0.22
      3103      26.27     -26.01       0.50       0.00       0.00       0.00       0.73       0.22
      4046      26.45     -26.01       0.56       0.00       0.00       0.00       0.73       0.22
      4308      28.15     -29.48       0.00       0.00       0.00       0.00       0.77       0.22
      6064      28.20     -29.48       0.00       0.00       0.00       0.00       0.75       0.22
      7177      29.28     -31.16       0.00       0.00       0.00       0.00       0.99       0.10
      7733      32.20     -35.03       0.00       0.00       0.00       0.00       1.46       0.10
      7805      32.44     -35.37       0.00       0.00       0.00       0.00       1.52       0.10
      8666      35.30     -36.02       0.52       0.00       0.00       0.00       1.19       0.10
      9573      35.72     -35.37       1.09       0.00       0.00       0.00       1.52       0.10
      9782      37.07     -36.30       1.04       0.00       0.00       0.00       1.22       0.10
     11379      38.62     -38.59       1.26       0.00       0.00       0.00       1.92       0.10
     11699      38.74     -38.74       1.25       0.00       0.00       0.00       1.92       0.10
     12665      39.13     -39.44       0.45       0.00       0.00       0.00       0.88       0.10
     13674      39.46     -39.47       0.66       0.00       0.00       0.00       1.04       0.10
     15902      39.61     -39.51       0.67       0.00       0.00       0.00       1.01       0.10
     17201      39.61     -39.62       0.48       0.00       0.00       0.00       0.78       0.10
     18521      45.17     -46.26       0.08       0.00       0.00       0.00       0.72       0.10
     22341      47.15     -47.91       0.15       0.00       0.00       0.00       0.66       0.10
     26118      47.49     -48.40       0.10       0.00       0.00       0.00       0.66       0.10
     29825      47.77     -48.48       0.15       0.00       0.00       0.00       0.63       0.10
     32693      47.88     -48.35       0.20       0.00       0.00       0.00       0.58       0.10
     36305      47.96     -48.58       0.15       0.00       0.00       0.00       0.58       0.10
     40509      48.32     -48.64       0.25       0.00       0.00       0.00       0.58       0.10
     43265      48.95     -48.97       0.35       0.00       0.00       0.00       0.58       0.10
     43853      49.23     -49.41       0.30       0.00       0.00       0.00       0.59       0.10
     45281      50.09     -48.46       0.90       0.00       0.00       0.00       0.58       0.10
     48040      50.69     -49.84       0.55       0.00       0.00       0.00       0.45       0.10
     48564      51.56     -49.21       1.05       0.00       0.00       0.00       0.45       0.10
     48824      52.00     -49.30       1.16       0.00       0.00       0.00       0.44       0.10
--------------------------------------------------------------------------------
Best docking solution after GA:
     49000      52.00     -49.30       1.16       0.00       0.00       0.00       0.44       0.10

#ops:      49000 #mutates:  23275 #cross:    23282 #migrate:   2443 
#dups:     10085 #niche:    24883 #errors:    2792 
--------------------------------------------------------------------------------

Doing AMOEBA simplex on best individual
Done simplexing #iterations 691, best score  55.81

Ligand is stored in gold_soln_AV-procd_m8835_1.sdf


--------------------------------------------------------------------------------
--- CHEMPLP breakdown of terms                                               ---
--------------------------------------------------------------------------------
CHEMPLP = - ( 1.0000*S(PLP) + -3.0000*S(hbond) + -6.0000*S(metal) + -3.0000*S(cho) )

Score = CHEMPLP - 1.0000*DE(clash) - 2.0000*DE(tors)

Internal energy term has been corrected with the best internal energy encountered.

--------------------------------------------------------------------------------


     Score     S(PLP)   S(hbond)     S(cho)   S(metal)  DE(clash)   DE(tors)     intcor
     55.81     -51.65       1.60       0.00       0.00       0.00       0.37       0.10

--------------------------------------------------------------------------------
--- PLP analysis of protein-ligand interactions                              ---
--------------------------------------------------------------------------------
hydrogen bonding        :      -4.00
metal                   :       0.00
buried (polar-nonpolar) :      -0.66
nonpolar                :     -45.51
repulsive               :       0.14
--------------------------------------------------------------------------------


--------------------------------------------------------------------------------
--- ChemScore analysis of protein-ligand interactions                        ---
--------------------------------------------------------------------------------

* Hydrogen bonds                                                                
Protein donor 7989 hydrogen 7998 Ligand acceptor    4 bond energy  1.00 wt 0.60
Protein donor 7997 hydrogen 8008 Ligand acceptor    1 bond energy  1.00 wt 1.00


* CH..O interactions                                                            
  CH group selection                       : activated ring CH (adjacent to hetatom)

--------------------------------------------------------------------------------


--------------------------------------------------------------------------------
--- Intra-ligand clashes                                                     ---
--------------------------------------------------------------------------------

Ligand
--------------------------------------------------------------------------------

--------------------------------------------------------------------------------
--- Rescoring solution                                                       ---
--------------------------------------------------------------------------------

     Score         DG    S(hbond)    S(metal)    S(lipo)     H(rot)  DE(clash)    DE(int)
     10.03     -15.19       0.04        0.00     139.18       2.62       4.14       1.02

Doing AMOEBA simplex on best individual
Done simplexing #iterations 800, best score  14.42

     Score         DG    S(hbond)    S(metal)    S(lipo)     H(rot)  DE(clash)    DE(int)
     14.42     -15.06       0.22        0.00     132.98       2.62       0.15       0.49

--------------------------------------------------------------------------------
--- ChemScore breakdown of terms                                             ---
--------------------------------------------------------------------------------
DG = -5.4800 + -3.3400*S(hbond)
     + -6.0300*S(metal) + -0.1170*S(lipo) + 2.5600*H(rot)


H(rot) = 2.6232

Score = -(DG + DE(clash) + DE(int))


--------------------------------------------------------------------------------


--------------------------------------------------------------------------------
--- ChemScore analysis of protein-ligand interactions                        ---
--------------------------------------------------------------------------------

* Hydrogen bonds                                                                
Protein donor 7989 hydrogen 7998 Ligand acceptor    4 bond energy  1.00 wt 0.07
Protein donor 7997 hydrogen 8008 Ligand acceptor    1 bond energy  1.00 wt 0.15

CHEMSCORE EXTRA INTERACTIONS:

* Clashes                                                                       
Clash for ligand atom   2 (**** ):   0.02
Clash for ligand atom   8 (**** ):   0.02
Clash for ligand atom   9 (**** ):   0.07
Clash for ligand atom  19 (**** ):   0.05
--------------------------------------------------------------------------------


--------------------------------------------------------------------------------
--- Chromosome decoded                                                       ---
--------------------------------------------------------------------------------
Ligand Torsions
[  22    1    2    3] -127.55
[   1    2    3   11] -127.16
[  13   12   11    3]   98.75
[  14   13   12   11]   54.51
[  32   14   13   12]   28.85
[  21   15   13   12]   58.11
Protein Torsions
[6907 6896 6895 6894]   -7.78 
[7974 7965 7964 7962]    4.86 
[8008 7997 7996 7995]    9.93 
[10167 10162 10161 10158]  151.49 
[10718 10713 10712 10709]   13.81 
[10763 10752 10751 10750]   62.86 
[11005 11000 10999 10996]  -45.13 
Mapping
Ligand acceptors to protein hydrogens (mapping then atom ids)
  2  18 [  4->7998]
Ligand hydrogens to protein acceptors (mapping then atom ids)
Ligand shape atoms to protein points (mapping then atom ids & coords)
  6  7499 [ 12->(150.750 141.500 157.500)]
  8  7797 [ 16->(151.000 143.500 160.000)]
  9  8927 [ 17->(152.000 144.750 160.500)]
 10  9732 [ 20->(153.750 141.250 160.750)]
Chromosome values
Integers:
  -1   17   -1   -1   -1   -1   -1   -1   -1   -1 7498   -1 
7796 8926 9731   -1 
--------------------------------------------------------------------------------

Current Ranking  1

--------------------------------------------------------------------------------

* GA execution time :                                                           
  total  0.9054 user  0.9054 sys  0.0000

--------------------------------------------------------------------------------
Fitness function evaluations: 104927

--------------------------------------------------------------------------------
** Docking run number  2 **
--------------------------------------------------------------------------------
  Rank fitness base is 5000.00 ; increment is 11.2233

* Initialising population(s) ...                                                
Number of constraints mappings 0
Number of constraints 0
  Population no.                           :      1
  Population size                          :    100
  Number of duplicates                     :      0
  Number of niche violations               :      0
  Number of errors                         :   5615

Number of constraints mappings 0
Number of constraints 0
  Population no.                           :      2
  Population size                          :    100
  Number of duplicates                     :      0
  Number of niche violations               :      0
  Number of errors                         :   5514

Number of constraints mappings 0
Number of constraints 0
  Population no.                           :      3
  Population size                          :    100
  Number of duplicates                     :      0
  Number of niche violations               :      0
  Number of errors                         :   5525

Number of constraints mappings 0
Number of constraints 0
  Population no.                           :      4
  Population size                          :    100
  Number of duplicates                     :      0
  Number of niche violations               :      0
  Number of errors                         :   5599


Doing GA, no. of population(s) 4 size 100 selection pressure 1.100000

 Operation      Score     S(PLP)   S(hbond)     S(cho)   S(metal)  DE(clash)   DE(tors)     intcor
         0      19.31     -23.14       0.00       0.00       0.00       0.00       1.93       0.04
        79      20.79     -21.48       0.57       0.00       0.00       0.00       1.22       0.04
      1315      21.45     -21.48       0.79       0.00       0.00       0.00       1.22       0.04
      2679      21.45     -21.48       0.78       0.00       0.00       0.00       1.20       0.04
      3152      22.31     -21.94       1.00       0.00       0.00       0.00       1.33       0.04
      3354      24.30     -27.18       0.00       0.00       0.00       1.73       0.59       0.04
      3417      25.78     -24.93       0.93       0.00       0.00       0.00       0.98       0.04
      4393      25.83     -24.89       0.93       0.00       0.00       0.00       0.94       0.04
      4510      26.00     -24.93       1.00       0.00       0.00       0.00       0.98       0.04
      4523      26.34     -27.74       0.00       0.00       0.00       0.00       0.72       0.04
      5173      27.30     -26.10       0.93       0.00       0.00       0.00       0.81       0.04
      5889      27.38     -29.35       0.04       0.00       0.00       0.00       1.07       0.04
      6080      27.41     -30.31       0.00       0.00       0.00       0.02       1.45       0.04
      6388      28.91     -31.32       1.00       0.00       0.00       1.77       1.84       0.04
      6420      29.70     -31.14       1.00       0.00       0.00       1.41       1.54       0.04
      6520      30.13     -31.34       1.00       0.00       0.00       1.18       1.54       0.04
      7593      30.87     -35.23       0.00       0.00       0.00       1.41       1.49       0.04
      7928      33.56     -33.55       0.88       0.00       0.00       0.00       1.33       0.04
      8972      34.39     -35.75       0.95       0.00       0.00       1.18       1.54       0.04
     12082      34.58     -32.93       1.00       0.00       0.00       0.00       0.69       0.04
     12381      35.31     -34.75       0.99       0.00       0.00       0.00       1.23       0.04
     12704      37.33     -36.49       0.89       0.00       0.00       0.00       0.94       0.04
     20865      37.96     -36.12       1.00       0.00       0.00       0.00       0.60       0.04
     22945      38.05     -36.00       1.00       0.00       0.00       0.00       0.49       0.04
     24201      38.34     -36.25       1.00       0.00       0.00       0.00       0.47       0.04
     24525      39.73     -36.52       1.28       0.00       0.00       0.00       0.33       0.04
     25565      40.04     -36.65       1.35       0.00       0.00       0.00       0.35       0.04
     27677      40.19     -36.27       1.53       0.00       0.00       0.00       0.35       0.04
     29530      40.97     -36.18       1.82       0.00       0.00       0.00       0.35       0.04
     30951      41.09     -36.13       1.86       0.00       0.00       0.00       0.33       0.04
     32958      41.22     -36.22       1.90       0.00       0.00       0.00       0.36       0.04
     34251      41.29     -36.31       1.88       0.00       0.00       0.00       0.35       0.04
     37134      41.31     -36.59       1.83       0.00       0.00       0.00       0.40       0.04
     39542      41.32     -36.41       1.85       0.00       0.00       0.00       0.34       0.04
     40258      41.47     -36.84       1.80       0.00       0.00       0.00       0.40       0.04
     42766      41.49     -36.54       1.90       0.00       0.00       0.00       0.39       0.04
     43382      41.52     -36.81       1.80       0.00       0.00       0.00       0.36       0.04
     44394      41.54     -36.51       1.90       0.00       0.00       0.00       0.35       0.04
     44544      42.83     -42.64       0.95       0.00       0.00       0.00       1.35       0.04
     48100      43.15     -42.80       1.00       0.00       0.00       0.00       1.35       0.04
--------------------------------------------------------------------------------
Best docking solution after GA:
     49000      43.15     -42.80       1.00       0.00       0.00       0.00       1.35       0.04

#ops:      49000 #mutates:  23397 #cross:    23133 #migrate:   2470 
#dups:     11838 #niche:    24246 #errors:    2745 
--------------------------------------------------------------------------------

Doing AMOEBA simplex on best individual
Done simplexing #iterations 1097, best score  47.72

Ligand is stored in gold_soln_AV-procd_m8835_2.sdf


--------------------------------------------------------------------------------
--- CHEMPLP breakdown of terms                                               ---
--------------------------------------------------------------------------------
CHEMPLP = - ( 1.0000*S(PLP) + -3.0000*S(hbond) + -6.0000*S(metal) + -3.0000*S(cho) )

Score = CHEMPLP - 1.0000*DE(clash) - 2.0000*DE(tors)

Internal energy term has been corrected with the best internal energy encountered.

--------------------------------------------------------------------------------


     Score     S(PLP)   S(hbond)     S(cho)   S(metal)  DE(clash)   DE(tors)     intcor
     47.72     -47.58       1.00       0.00       0.00       0.00       1.45       0.04

--------------------------------------------------------------------------------
--- PLP analysis of protein-ligand interactions                              ---
--------------------------------------------------------------------------------
hydrogen bonding        :      -1.89
metal                   :       0.00
buried (polar-nonpolar) :      -3.95
nonpolar                :     -41.35
repulsive               :       0.00
--------------------------------------------------------------------------------


--------------------------------------------------------------------------------
--- ChemScore analysis of protein-ligand interactions                        ---
--------------------------------------------------------------------------------

* Hydrogen bonds                                                                
Protein donor 7997 hydrogen 8008 Ligand acceptor    1 bond energy  1.00 wt 1.00


* CH..O interactions                                                            
  CH group selection                       : activated ring CH (adjacent to hetatom)

--------------------------------------------------------------------------------


--------------------------------------------------------------------------------
--- Intra-ligand clashes                                                     ---
--------------------------------------------------------------------------------

Ligand
--------------------------------------------------------------------------------

--------------------------------------------------------------------------------
--- Rescoring solution                                                       ---
--------------------------------------------------------------------------------

     Score         DG    S(hbond)    S(metal)    S(lipo)     H(rot)  DE(clash)    DE(int)
      9.93     -13.76       0.26        0.00     120.84       2.62       1.48       2.35

Doing AMOEBA simplex on best individual
Done simplexing #iterations 923, best score  14.93

     Score         DG    S(hbond)    S(metal)    S(lipo)     H(rot)  DE(clash)    DE(int)
     14.93     -17.82       0.97        0.00     135.23       2.62       1.73       1.16

--------------------------------------------------------------------------------
--- ChemScore breakdown of terms                                             ---
--------------------------------------------------------------------------------
DG = -5.4800 + -3.3400*S(hbond)
     + -6.0300*S(metal) + -0.1170*S(lipo) + 2.5600*H(rot)


H(rot) = 2.6232

Score = -(DG + DE(clash) + DE(int))


--------------------------------------------------------------------------------


--------------------------------------------------------------------------------
--- ChemScore analysis of protein-ligand interactions                        ---
--------------------------------------------------------------------------------

* Hydrogen bonds                                                                
Protein donor 7997 hydrogen 8008 Ligand acceptor    1 bond energy  1.00 wt 0.97

CHEMSCORE EXTRA INTERACTIONS:

* Clashes                                                                       
Clash for ligand atom   8 (**** ):   0.04
Clash for ligand atom  14 (**** ):   1.68
Clash for ligand atom  16 (**** ):   0.01
--------------------------------------------------------------------------------


--------------------------------------------------------------------------------
--- Chromosome decoded                                                       ---
--------------------------------------------------------------------------------
Ligand Torsions
[  22    1    2    3] -116.59
[   1    2    3   11] -152.03
[  13   12   11    3]   45.88
[  14   13   12   11]  106.35
[  32   14   13   12]  137.43
[  21   15   13   12]  106.83
Protein Torsions
[6907 6896 6895 6894]  136.45 
[7974 7965 7964 7962]  -60.89 
[8008 7997 7996 7995]  -66.28 
[10167 10162 10161 10158]  -78.39 
[10718 10713 10712 10709]  167.59 
[10763 10752 10751 10750]  -73.08 
[11005 11000 10999 10996]   -6.86 
Mapping
Ligand acceptors to protein hydrogens (mapping then atom ids)
  1  19 [  1->8008]
Ligand hydrogens to protein acceptors (mapping then atom ids)
Ligand shape atoms to protein points (mapping then atom ids & coords)
  3  9162 [  7->(152.250 144.500 160.250)]
  4  8090 [  8->(151.250 144.250 159.500)]
  6  9689 [ 12->(153.500 141.250 160.750)]
Chromosome values
Integers:
  18   -1   -1   -1   -1   -1   -1 9161 8089   -1 9688   -1 
  -1   -1   -1   -1 
--------------------------------------------------------------------------------

Current Ranking  1  2

--------------------------------------------------------------------------------

* GA execution time :                                                           
  total  0.9142 user  0.9142 sys  0.0000

--------------------------------------------------------------------------------
Fitness function evaluations: 105652

--------------------------------------------------------------------------------
** Docking run number  3 **
--------------------------------------------------------------------------------
  Rank fitness base is 5000.00 ; increment is 11.2233

* Initialising population(s) ...                                                
Number of constraints mappings 0
Number of constraints 0
  Population no.                           :      1
  Population size                          :    100
  Number of duplicates                     :      0
  Number of niche violations               :      0
  Number of errors                         :   5719

Number of constraints mappings 0
Number of constraints 0
  Population no.                           :      2
  Population size                          :    100
  Number of duplicates                     :      0
  Number of niche violations               :      0
  Number of errors                         :   5603

Number of constraints mappings 0
Number of constraints 0
  Population no.                           :      3
  Population size                          :    100
  Number of duplicates                     :      0
  Number of niche violations               :      0
  Number of errors                         :   5736

Number of constraints mappings 0
Number of constraints 0
  Population no.                           :      4
  Population size                          :    100
  Number of duplicates                     :      0
  Number of niche violations               :      0
  Number of errors                         :   5544


Doing GA, no. of population(s) 4 size 100 selection pressure 1.100000

 Operation      Score     S(PLP)   S(hbond)     S(cho)   S(metal)  DE(clash)   DE(tors)     intcor
         0      20.23     -20.68       0.31       0.00       0.00       0.00       0.70       0.04
      1432      20.62     -21.96       0.51       0.00       0.00       0.00       1.45       0.04
      2099      22.48     -28.95       0.00       0.00       0.00       4.66       0.92       0.04
      3233      29.64     -26.91       1.00       0.00       0.00       0.00       0.15       0.04
      7856      31.59     -32.20       0.86       0.00       0.00       0.00       1.62       0.04
      8483      31.79     -29.64       1.00       0.00       0.00       0.00       0.44       0.04
      8745      38.62     -40.11       0.00       0.00       0.00       0.00       0.76       0.04
     11109      38.93     -40.37       0.00       0.00       0.00       0.00       0.74       0.04
     14309      40.64     -39.00       0.66       0.00       0.00       0.00       0.19       0.04
     15377      40.68     -38.97       0.66       0.00       0.00       0.00       0.16       0.04
     17836      41.53     -38.90       0.99       0.00       0.00       0.00       0.19       0.04
     24745      41.62     -39.58       1.14       0.00       0.00       0.00       0.71       0.04
     26439      41.91     -39.93       0.88       0.00       0.00       0.00       0.36       0.04
     27274      42.47     -39.23       2.19       0.00       0.00       0.00       1.68       0.04
     27970      42.55     -39.26       2.21       0.00       0.00       0.00       1.68       0.04
     28225      43.32     -39.18       2.52       0.00       0.00       0.00       1.73       0.04
     31982      43.53     -39.57       2.31       0.00       0.00       0.00       1.50       0.04
     34773      43.97     -37.81       3.16       0.00       0.00       0.00       1.68       0.04
     35801      44.33     -38.51       3.05       0.00       0.00       0.00       1.68       0.04
     36170      44.71     -39.19       2.95       0.00       0.00       0.00       1.68       0.04
     36533      44.71     -39.19       2.95       0.00       0.00       0.00       1.68       0.04
     37582      44.85     -39.19       3.00       0.00       0.00       0.00       1.68       0.04
     39978      44.89     -39.00       2.95       0.00       0.00       0.00       1.50       0.04
     40314      44.95     -39.19       3.03       0.00       0.00       0.00       1.68       0.04
     41042      45.83     -39.76       3.01       0.00       0.00       0.00       1.50       0.04
     45366      46.02     -39.76       3.08       0.00       0.00       0.00       1.50       0.04
     46098      46.07     -39.79       2.96       0.00       0.00       0.00       1.32       0.04
     46642      46.10     -39.77       3.03       0.00       0.00       0.00       1.40       0.04
     47350      46.16     -39.38       3.08       0.00       0.00       0.00       1.24       0.04
     47652      46.37     -39.89       3.02       0.00       0.00       0.00       1.31       0.04
--------------------------------------------------------------------------------
Best docking solution after GA:
     49000      46.37     -39.89       3.02       0.00       0.00       0.00       1.31       0.04

#ops:      49000 #mutates:  23328 #cross:    23225 #migrate:   2447 
#dups:     10817 #niche:    23465 #errors:    2311 
--------------------------------------------------------------------------------

Doing AMOEBA simplex on best individual
Done simplexing #iterations 356, best score  47.47

Ligand is stored in gold_soln_AV-procd_m8835_3.sdf


--------------------------------------------------------------------------------
--- CHEMPLP breakdown of terms                                               ---
--------------------------------------------------------------------------------
CHEMPLP = - ( 1.0000*S(PLP) + -3.0000*S(hbond) + -6.0000*S(metal) + -3.0000*S(cho) )

Score = CHEMPLP - 1.0000*DE(clash) - 2.0000*DE(tors)

Internal energy term has been corrected with the best internal energy encountered.

--------------------------------------------------------------------------------


     Score     S(PLP)   S(hbond)     S(cho)   S(metal)  DE(clash)   DE(tors)     intcor
     47.47     -39.75       3.24       0.00       0.00       0.00       1.01       0.04

--------------------------------------------------------------------------------
--- PLP analysis of protein-ligand interactions                              ---
--------------------------------------------------------------------------------
hydrogen bonding        :      -4.42
metal                   :       0.00
buried (polar-nonpolar) :      -3.82
nonpolar                :     -31.69
repulsive               :       0.00
--------------------------------------------------------------------------------


--------------------------------------------------------------------------------
--- ChemScore analysis of protein-ligand interactions                        ---
--------------------------------------------------------------------------------

* Hydrogen bonds                                                                
Protein donor 7989 hydrogen 7998 Ligand acceptor   14 bond energy  1.00 wt 0.24
Protein donor 7997 hydrogen 8008 Ligand acceptor    4 bond energy  1.00 wt 1.00
Protein donor 8011 hydrogen 8017 Ligand acceptor   14 bond energy  1.00 wt 1.00
Protein donor 10752 hydrogen 10764 Ligand acceptor    1 bond energy  1.00 wt 0.99


* CH..O interactions                                                            
  CH group selection                       : activated ring CH (adjacent to hetatom)

--------------------------------------------------------------------------------


--------------------------------------------------------------------------------
--- Intra-ligand clashes                                                     ---
--------------------------------------------------------------------------------

Ligand
--------------------------------------------------------------------------------

--------------------------------------------------------------------------------
--- Rescoring solution                                                       ---
--------------------------------------------------------------------------------

     Score         DG    S(hbond)    S(metal)    S(lipo)     H(rot)  DE(clash)    DE(int)
     14.65     -16.89       2.01        0.00      97.63       2.62       0.93       1.31

Doing AMOEBA simplex on best individual
Done simplexing #iterations 898, best score  18.08

     Score         DG    S(hbond)    S(metal)    S(lipo)     H(rot)  DE(clash)    DE(int)
     18.08     -19.14       2.79        0.00      94.37       2.62       0.04       1.03

--------------------------------------------------------------------------------
--- ChemScore breakdown of terms                                             ---
--------------------------------------------------------------------------------
DG = -5.4800 + -3.3400*S(hbond)
     + -6.0300*S(metal) + -0.1170*S(lipo) + 2.5600*H(rot)


H(rot) = 2.6232

Score = -(DG + DE(clash) + DE(int))


--------------------------------------------------------------------------------


--------------------------------------------------------------------------------
--- ChemScore analysis of protein-ligand interactions                        ---
--------------------------------------------------------------------------------

* Hydrogen bonds                                                                
Ligand donor   14 hydrogen   32 Protein acceptor 7957 bond energy  1.00 wt 0.17
Protein donor 7997 hydrogen 8008 Ligand acceptor    4 bond energy  1.00 wt 0.83
Protein donor 8011 hydrogen 8017 Ligand acceptor   14 bond energy  1.00 wt 0.96
Protein donor 10752 hydrogen 10764 Ligand acceptor    1 bond energy  1.00 wt 0.84

CHEMSCORE EXTRA INTERACTIONS:

* Clashes                                                                       
Clash for ligand atom  14 (**** ):   0.01
Clash for ligand atom  15 (**** ):   0.03
--------------------------------------------------------------------------------


--------------------------------------------------------------------------------
--- Chromosome decoded                                                       ---
--------------------------------------------------------------------------------
Ligand Torsions
[  22    1    2    3]    0.82
[   1    2    3   11] -117.21
[  13   12   11    3] -118.99
[  14   13   12   11]  111.50
[  32   14   13   12]   31.85
[  21   15   13   12] -134.76
Protein Torsions
[6907 6896 6895 6894] -157.40 
[7974 7965 7964 7962]  -63.52 
[8008 7997 7996 7995]  -53.76 
[10167 10162 10161 10158]  -43.22 
[10718 10713 10712 10709]  -35.80 
[10763 10752 10751 10750]  -34.37 
[11005 11000 10999 10996]  -47.60 
Mapping
Ligand acceptors to protein hydrogens (mapping then atom ids)
  2  19 [  4->8008]
  3  22 [ 14->8017]
Ligand hydrogens to protein acceptors (mapping then atom ids)
Ligand shape atoms to protein points (mapping then atom ids & coords)
  2  9541 [  6->(153.000 142.250 160.000)]
  3  9420 [  7->(152.750 142.750 160.250)]
  4  7339 [  8->(150.500 143.250 158.500)]
  5  7135 [  9->(150.250 141.500 157.750)]
Chromosome values
Integers:
  -1   18   21   -1   -1   -1 9540 9419 7338 7134   -1   -1 
  -1   -1   -1   -1 
--------------------------------------------------------------------------------

Current Ranking  1  2  3

--------------------------------------------------------------------------------

* GA execution time :                                                           
  total  0.9369 user  0.9369 sys  0.0000

--------------------------------------------------------------------------------
Fitness function evaluations: 105325

--------------------------------------------------------------------------------
** Docking run number  4 **
--------------------------------------------------------------------------------
  Rank fitness base is 5000.00 ; increment is 11.2233

* Initialising population(s) ...                                                
Number of constraints mappings 0
Number of constraints 0
  Population no.                           :      1
  Population size                          :    100
  Number of duplicates                     :      0
  Number of niche violations               :      0
  Number of errors                         :   5538

Number of constraints mappings 0
Number of constraints 0
  Population no.                           :      2
  Population size                          :    100
  Number of duplicates                     :      0
  Number of niche violations               :      0
  Number of errors                         :   5611

Number of constraints mappings 0
Number of constraints 0
  Population no.                           :      3
  Population size                          :    100
  Number of duplicates                     :      0
  Number of niche violations               :      0
  Number of errors                         :   5519

Number of constraints mappings 0
Number of constraints 0
  Population no.                           :      4
  Population size                          :    100
  Number of duplicates                     :      0
  Number of niche violations               :      0
  Number of errors                         :   5505


Doing GA, no. of population(s) 4 size 100 selection pressure 1.100000

 Operation      Score     S(PLP)   S(hbond)     S(cho)   S(metal)  DE(clash)   DE(tors)     intcor
         0      19.37     -24.65       0.81       0.00       0.00       4.71       1.52       0.04
       485      20.13     -20.00       1.88       0.00       0.00       1.69       1.93       0.04
       675      24.00     -26.25       0.55       0.00       0.00       0.01       1.97       0.04
      1013      24.49     -24.45       1.40       0.00       0.00       1.69       1.26       0.04
      2169      26.23     -23.75       2.66       0.00       0.00       1.69       1.93       0.04
      2368      31.10     -32.19       1.47       0.00       0.00       1.69       1.93       0.04
      2513      32.07     -32.19       1.80       0.00       0.00       1.69       1.93       0.04
      3201      33.14     -32.19       2.15       0.00       0.00       1.69       1.93       0.04
      3269      33.73     -31.21       2.62       0.00       0.00       1.45       1.97       0.04
      4157      33.91     -32.19       2.41       0.00       0.00       1.69       1.93       0.04
      5545      34.35     -31.74       2.71       0.00       0.00       1.69       1.93       0.04
      5734      34.35     -31.74       2.71       0.00       0.00       1.69       1.93       0.04
      5932      35.20     -36.36       0.31       0.00       0.00       0.00       1.06       0.04
      6635      35.28     -36.36       0.33       0.00       0.00       0.00       1.06       0.04
      6723      35.58     -36.36       0.43       0.00       0.00       0.00       1.06       0.04
      7896      35.67     -36.36       0.46       0.00       0.00       0.00       1.06       0.04
      8382      37.15     -32.67       3.33       0.00       0.00       1.69       1.93       0.04
     10001      37.72     -32.39       3.63       0.00       0.00       1.69       1.96       0.04
     10653      37.92     -34.89       3.07       0.00       0.00       2.24       1.99       0.04
     10718      37.99     -32.63       3.62       0.00       0.00       1.69       1.93       0.04
     11369      38.05     -33.63       3.31       0.00       0.00       1.69       1.93       0.04
     11402      38.30     -32.62       3.62       0.00       0.00       1.69       1.77       0.04
     11477      39.25     -33.77       3.68       0.00       0.00       1.69       1.96       0.04
     11653      40.30     -36.02       2.79       0.00       0.00       0.00       2.06       0.04
     12861      40.74     -36.71       2.70       0.00       0.00       0.00       2.06       0.04
     14237      40.94     -36.91       2.70       0.00       0.00       0.00       2.06       0.04
     15609      42.12     -38.28       2.57       0.00       0.00       0.00       1.95       0.04
     17776      42.22     -41.95       0.44       0.00       0.00       0.00       0.54       0.04
     18651      44.83     -43.89       0.66       0.00       0.00       0.00       0.54       0.04
     18655      45.29     -43.89       0.82       0.00       0.00       0.00       0.54       0.04
     19095      45.69     -44.36       0.79       0.00       0.00       0.00       0.54       0.04
     19627      47.21     -44.36       1.29       0.00       0.00       0.00       0.54       0.04
     22487      48.53     -45.31       1.42       0.00       0.00       0.00       0.54       0.04
     25067      50.35     -47.19       1.40       0.00       0.00       0.00       0.54       0.04
     30160      51.21     -47.60       1.55       0.00       0.00       0.00       0.54       0.04
     30813      51.33     -47.37       1.65       0.00       0.00       0.00       0.51       0.04
     32080      52.29     -48.50       1.60       0.00       0.00       0.00       0.52       0.04
     33368      52.32     -48.50       1.60       0.00       0.00       0.00       0.51       0.04
     38067      52.54     -48.69       1.60       0.00       0.00       0.00       0.50       0.04
     46885      52.55     -48.96       1.50       0.00       0.00       0.00       0.47       0.04
     46959      52.68     -48.99       1.55       0.00       0.00       0.00       0.50       0.04
     48069      52.70     -48.96       1.55       0.00       0.00       0.00       0.47       0.04
     48496      52.85     -48.96       1.60       0.00       0.00       0.00       0.47       0.04
--------------------------------------------------------------------------------
Best docking solution after GA:
     49000      52.85     -48.96       1.60       0.00       0.00       0.00       0.47       0.04

#ops:      49000 #mutates:  23283 #cross:    23230 #migrate:   2487 
#dups:      8991 #niche:    25188 #errors:    2389 
--------------------------------------------------------------------------------

Doing AMOEBA simplex on best individual
Done simplexing #iterations 515, best score  54.59

Ligand is stored in gold_soln_AV-procd_m8835_4.sdf


--------------------------------------------------------------------------------
--- CHEMPLP breakdown of terms                                               ---
--------------------------------------------------------------------------------
CHEMPLP = - ( 1.0000*S(PLP) + -3.0000*S(hbond) + -6.0000*S(metal) + -3.0000*S(cho) )

Score = CHEMPLP - 1.0000*DE(clash) - 2.0000*DE(tors)

Internal energy term has been corrected with the best internal energy encountered.

--------------------------------------------------------------------------------


     Score     S(PLP)   S(hbond)     S(cho)   S(metal)  DE(clash)   DE(tors)     intcor
     54.59     -50.61       1.60       0.00       0.00       0.00       0.43       0.04

--------------------------------------------------------------------------------
--- PLP analysis of protein-ligand interactions                              ---
--------------------------------------------------------------------------------
hydrogen bonding        :      -3.00
metal                   :       0.00
buried (polar-nonpolar) :      -3.96
nonpolar                :     -42.96
repulsive               :       0.13
--------------------------------------------------------------------------------


--------------------------------------------------------------------------------
--- ChemScore analysis of protein-ligand interactions                        ---
--------------------------------------------------------------------------------

* Hydrogen bonds                                                                
Protein donor 7989 hydrogen 7998 Ligand acceptor    4 bond energy  1.00 wt 0.60
Protein donor 7997 hydrogen 8010 Ligand acceptor    1 bond energy  1.00 wt 1.00


* CH..O interactions                                                            
  CH group selection                       : activated ring CH (adjacent to hetatom)

--------------------------------------------------------------------------------


--------------------------------------------------------------------------------
--- Intra-ligand clashes                                                     ---
--------------------------------------------------------------------------------

Ligand
--------------------------------------------------------------------------------

--------------------------------------------------------------------------------
--- Rescoring solution                                                       ---
--------------------------------------------------------------------------------

     Score         DG    S(hbond)    S(metal)    S(lipo)     H(rot)  DE(clash)    DE(int)
     13.19     -14.58       0.22        0.00     129.04       2.62       0.32       1.07

Doing AMOEBA simplex on best individual
Done simplexing #iterations 873, best score  16.34

     Score         DG    S(hbond)    S(metal)    S(lipo)     H(rot)  DE(clash)    DE(int)
     16.34     -16.81       0.90        0.00     128.58       2.62       0.01       0.46

--------------------------------------------------------------------------------
--- ChemScore breakdown of terms                                             ---
--------------------------------------------------------------------------------
DG = -5.4800 + -3.3400*S(hbond)
     + -6.0300*S(metal) + -0.1170*S(lipo) + 2.5600*H(rot)


H(rot) = 2.6232

Score = -(DG + DE(clash) + DE(int))


--------------------------------------------------------------------------------


--------------------------------------------------------------------------------
--- ChemScore analysis of protein-ligand interactions                        ---
--------------------------------------------------------------------------------

* Hydrogen bonds                                                                
Protein donor 7989 hydrogen 7998 Ligand acceptor    4 bond energy  1.00 wt 0.05
Protein donor 7997 hydrogen 8010 Ligand acceptor    1 bond energy  1.00 wt 0.85

CHEMSCORE EXTRA INTERACTIONS:

* Clashes                                                                       
Clash for ligand atom   8 (**** ):   0.01
--------------------------------------------------------------------------------


--------------------------------------------------------------------------------
--- Chromosome decoded                                                       ---
--------------------------------------------------------------------------------
Ligand Torsions
[  22    1    2    3]    0.15
[   1    2    3   11] -113.54
[  13   12   11    3]   98.14
[  14   13   12   11]   47.18
[  32   14   13   12]   89.76
[  21   15   13   12] -120.48
Protein Torsions
[6907 6896 6895 6894]  105.11 
[7974 7965 7964 7962]  132.71 
[8008 7997 7996 7995]  118.95 
[10167 10162 10161 10158]  118.83 
[10718 10713 10712 10709]   24.91 
[10763 10752 10751 10750]  105.62 
[11005 11000 10999 10996]   23.75 
Mapping
Ligand acceptors to protein hydrogens (mapping then atom ids)
  2  18 [  4->7998]
Ligand hydrogens to protein acceptors (mapping then atom ids)
Ligand shape atoms to protein points (mapping then atom ids & coords)
  1  8997 [  2->(152.250 138.500 155.250)]
  2  6140 [  6->(148.000 140.250 153.750)]
  6  7503 [ 12->(150.750 141.750 157.750)]
  9  9791 [ 17->(154.250 140.500 161.250)]
 11  8873 [ 21->(152.000 144.000 160.750)]
Chromosome values
Integers:
  -1   17   -1   -1   -1 8996 6139   -1   -1   -1 7502   -1 
  -1 9790   -1 8872 
--------------------------------------------------------------------------------

Current Ranking  1  4  2  3

--------------------------------------------------------------------------------

* GA execution time :                                                           
  total  0.9354 user  0.9354 sys  0.0000

--------------------------------------------------------------------------------
Fitness function evaluations: 105637

--------------------------------------------------------------------------------
** Docking run number  5 **
--------------------------------------------------------------------------------
  Rank fitness base is 5000.00 ; increment is 11.2233

* Initialising population(s) ...                                                
Number of constraints mappings 0
Number of constraints 0
  Population no.                           :      1
  Population size                          :    100
  Number of duplicates                     :      0
  Number of niche violations               :      0
  Number of errors                         :   5663

Number of constraints mappings 0
Number of constraints 0
  Population no.                           :      2
  Population size                          :    100
  Number of duplicates                     :      0
  Number of niche violations               :      0
  Number of errors                         :   5514

Number of constraints mappings 0
Number of constraints 0
  Population no.                           :      3
  Population size                          :    100
  Number of duplicates                     :      0
  Number of niche violations               :      0
  Number of errors                         :   5606

Number of constraints mappings 0
Number of constraints 0
  Population no.                           :      4
  Population size                          :    100
  Number of duplicates                     :      0
  Number of niche violations               :      0
  Number of errors                         :   5391


Doing GA, no. of population(s) 4 size 100 selection pressure 1.100000

 Operation      Score     S(PLP)   S(hbond)     S(cho)   S(metal)  DE(clash)   DE(tors)     intcor
         0      26.09     -28.40       0.00       0.00       0.00       0.00       1.17       0.04
      1592      32.16     -34.07       0.00       0.00       0.00       0.00       0.98       0.04
      4020      35.13     -37.16       0.00       0.00       0.00       0.00       1.03       0.04
      6653      38.58     -38.86       0.58       0.00       0.00       0.00       1.03       0.04
      8422      39.21     -39.83       0.59       0.00       0.00       0.00       1.21       0.04
     10338      39.26     -39.20       0.58       0.00       0.00       0.00       0.86       0.04
     11677      39.38     -38.96       0.28       0.00       0.00       0.00       0.23       0.04
     12230      40.26     -40.53       0.59       0.00       0.00       0.00       1.04       0.04
     12874      40.28     -40.86       0.59       0.00       0.00       0.00       1.19       0.04
     13046      40.35     -41.09       0.55       0.00       0.00       0.00       1.22       0.04
     13279      40.67     -40.92       0.59       0.00       0.00       0.00       1.03       0.04
     14984      41.25     -41.71       0.52       0.00       0.00       0.00       1.03       0.04
     16394      41.47     -42.27       0.41       0.00       0.00       0.00       1.03       0.04
     16827      41.81     -42.54       0.53       0.00       0.00       0.00       1.18       0.04
     17375      41.93     -41.47       0.93       0.00       0.00       0.00       1.18       0.04
     17710      42.41     -43.25       0.44       0.00       0.00       0.00       1.10       0.04
     20323      42.86     -42.20       0.93       0.00       0.00       0.00       1.08       0.04
     25574      42.96     -42.16       0.98       0.00       0.00       0.00       1.08       0.04
     29254      43.02     -41.84       0.98       0.00       0.00       0.00       0.89       0.04
     31593      43.78     -40.63       1.86       0.00       0.00       0.00       1.24       0.04
     36552      44.43     -41.27       1.86       0.00       0.00       0.00       1.24       0.04
     36948      44.68     -41.43       1.93       0.00       0.00       0.00       1.29       0.04
     39831      44.69     -41.40       1.93       0.00       0.00       0.00       1.26       0.04
     39840      45.09     -42.48       1.93       0.00       0.00       0.00       1.61       0.04
     41199      45.10     -42.45       1.93       0.00       0.00       0.00       1.58       0.04
     44321      45.15     -42.15       1.93       0.00       0.00       0.00       1.42       0.04
     45645      45.59     -42.48       1.93       0.00       0.00       0.00       1.35       0.04
     48253      45.65     -42.15       1.93       0.00       0.00       0.00       1.16       0.04
--------------------------------------------------------------------------------
Best docking solution after GA:
     49000      45.65     -42.15       1.93       0.00       0.00       0.00       1.16       0.04

#ops:      49000 #mutates:  23220 #cross:    23300 #migrate:   2480 
#dups:     13170 #niche:    23459 #errors:    3233 
--------------------------------------------------------------------------------

Doing AMOEBA simplex on best individual
Done simplexing #iterations 524, best score  46.41

Ligand is stored in gold_soln_AV-procd_m8835_5.sdf


--------------------------------------------------------------------------------
--- CHEMPLP breakdown of terms                                               ---
--------------------------------------------------------------------------------
CHEMPLP = - ( 1.0000*S(PLP) + -3.0000*S(hbond) + -6.0000*S(metal) + -3.0000*S(cho) )

Score = CHEMPLP - 1.0000*DE(clash) - 2.0000*DE(tors)

Internal energy term has been corrected with the best internal energy encountered.

--------------------------------------------------------------------------------


     Score     S(PLP)   S(hbond)     S(cho)   S(metal)  DE(clash)   DE(tors)     intcor
     46.41     -42.60       2.00       0.00       0.00       0.00       1.11       0.04

--------------------------------------------------------------------------------
--- PLP analysis of protein-ligand interactions                              ---
--------------------------------------------------------------------------------
hydrogen bonding        :      -2.64
metal                   :       0.00
buried (polar-nonpolar) :      -2.23
nonpolar                :     -38.31
repulsive               :       0.00
--------------------------------------------------------------------------------


--------------------------------------------------------------------------------
--- ChemScore analysis of protein-ligand interactions                        ---
--------------------------------------------------------------------------------

* Hydrogen bonds                                                                
Ligand donor   14 hydrogen   32 Protein acceptor 8028 bond energy  1.00 wt 1.00
Protein donor 7997 hydrogen 8009 Ligand acceptor    1 bond energy  1.00 wt 1.00


* CH..O interactions                                                            
  CH group selection                       : activated ring CH (adjacent to hetatom)

--------------------------------------------------------------------------------


--------------------------------------------------------------------------------
--- Intra-ligand clashes                                                     ---
--------------------------------------------------------------------------------

Ligand
--------------------------------------------------------------------------------

--------------------------------------------------------------------------------
--- Rescoring solution                                                       ---
--------------------------------------------------------------------------------

     Score         DG    S(hbond)    S(metal)    S(lipo)     H(rot)  DE(clash)    DE(int)
     14.55     -16.90       1.08        0.00     124.13       2.62       1.18       1.16

Doing AMOEBA simplex on best individual
Done simplexing #iterations 834, best score  17.30

     Score         DG    S(hbond)    S(metal)    S(lipo)     H(rot)  DE(clash)    DE(int)
     17.30     -18.61       1.65        0.00     122.44       2.62       0.02       1.29

--------------------------------------------------------------------------------
--- ChemScore breakdown of terms                                             ---
--------------------------------------------------------------------------------
DG = -5.4800 + -3.3400*S(hbond)
     + -6.0300*S(metal) + -0.1170*S(lipo) + 2.5600*H(rot)


H(rot) = 2.6232

Score = -(DG + DE(clash) + DE(int))


--------------------------------------------------------------------------------


--------------------------------------------------------------------------------
--- ChemScore analysis of protein-ligand interactions                        ---
--------------------------------------------------------------------------------

* Hydrogen bonds                                                                
Ligand donor   14 hydrogen   32 Protein acceptor 8028 bond energy  1.00 wt 0.88
Protein donor 7997 hydrogen 8009 Ligand acceptor    1 bond energy  1.00 wt 0.77

CHEMSCORE EXTRA INTERACTIONS:

* Clashes                                                                       
Clash for ligand atom   7 (**** ):   0.01
Clash for ligand atom  20 (**** ):   0.01
--------------------------------------------------------------------------------


--------------------------------------------------------------------------------
--- Chromosome decoded                                                       ---
--------------------------------------------------------------------------------
Ligand Torsions
[  22    1    2    3] -114.69
[   1    2    3   11]  115.34
[  13   12   11    3]   87.41
[  14   13   12   11]   96.06
[  32   14   13   12]    9.34
[  21   15   13   12]  -72.32
Protein Torsions
[6907 6896 6895 6894]   43.70 
[7974 7965 7964 7962]  108.94 
[8008 7997 7996 7995] -156.58 
[10167 10162 10161 10158]  152.50 
[10718 10713 10712 10709]  -20.52 
[10763 10752 10751 10750]  -54.09 
[11005 11000 10999 10996]  -71.65 
Mapping
Ligand acceptors to protein hydrogens (mapping then atom ids)
Ligand hydrogens to protein acceptors (mapping then atom ids)
Ligand shape atoms to protein points (mapping then atom ids & coords)
  2  9773 [  6->(154.000 141.500 160.750)]
  3  8655 [  7->(151.750 144.750 159.500)]
  4  9120 [  8->(152.250 144.000 159.500)]
  5  7365 [  9->(150.500 144.000 158.750)]
  7  6525 [ 13->(148.750 141.250 156.000)]
Chromosome values
Integers:
  -1   -1   -1   -1   -1   -1 9772 8654 9119 7364   -1 6524 
  -1   -1   -1   -1 
--------------------------------------------------------------------------------

Current Ranking  1  4  2  3  5

--------------------------------------------------------------------------------

* GA execution time :                                                           
  total  0.8859 user  0.8779 sys  0.0080

--------------------------------------------------------------------------------
Fitness function evaluations: 104469

--------------------------------------------------------------------------------
** Docking run number  6 **
--------------------------------------------------------------------------------
  Rank fitness base is 5000.00 ; increment is 11.2233

* Initialising population(s) ...                                                
Number of constraints mappings 0
Number of constraints 0
  Population no.                           :      1
  Population size                          :    100
  Number of duplicates                     :      0
  Number of niche violations               :      0
  Number of errors                         :   5539

Number of constraints mappings 0
Number of constraints 0
  Population no.                           :      2
  Population size                          :    100
  Number of duplicates                     :      0
  Number of niche violations               :      0
  Number of errors                         :   5227

Number of constraints mappings 0
Number of constraints 0
  Population no.                           :      3
  Population size                          :    100
  Number of duplicates                     :      0
  Number of niche violations               :      0
  Number of errors                         :   5323

Number of constraints mappings 0
Number of constraints 0
  Population no.                           :      4
  Population size                          :    100
  Number of duplicates                     :      0
  Number of niche violations               :      0
  Number of errors                         :   5779


Doing GA, no. of population(s) 4 size 100 selection pressure 1.100000

 Operation      Score     S(PLP)   S(hbond)     S(cho)   S(metal)  DE(clash)   DE(tors)     intcor
         0      22.38     -22.76       0.99       0.00       0.00       0.00       1.70       0.04
      2066      23.01     -23.32       1.00       0.00       0.00       0.00       1.67       0.04
      2089      23.48     -23.01       0.93       0.00       0.00       0.00       1.18       0.04
      3269      24.57     -25.86       0.00       0.00       0.00       0.00       0.66       0.04
      3859      26.17     -27.84       0.32       0.00       0.00       0.00       1.34       0.04
      4052      37.25     -38.79       0.00       0.00       0.00       0.00       0.79       0.04
      6735      37.98     -36.87       0.66       0.00       0.00       0.00       0.45       0.04
      9424      45.96     -45.26       0.82       0.00       0.00       0.57       0.61       0.04
     12232      46.64     -45.26       1.04       0.00       0.00       0.57       0.61       0.04
     14319      46.91     -46.58       0.40       0.00       0.00       0.00       0.45       0.04
     15615      47.64     -46.58       0.64       0.00       0.00       0.00       0.45       0.04
     17956      48.39     -46.58       0.89       0.00       0.00       0.00       0.45       0.04
     18027      48.49     -46.58       0.92       0.00       0.00       0.00       0.45       0.04
     18078      48.69     -46.45       1.09       0.00       0.00       0.00       0.53       0.04
     20227      50.02     -47.47       1.19       0.00       0.00       0.00       0.53       0.04
     24087      50.58     -48.15       1.15       0.00       0.00       0.00       0.53       0.04
     25762      50.75     -49.00       0.95       0.00       0.00       0.00       0.57       0.04
     28526      50.81     -49.25       0.90       0.00       0.00       0.00       0.59       0.04
     34730      50.90     -49.24       0.95       0.00       0.00       0.00       0.62       0.04
     38153      52.62     -48.82       1.45       0.00       0.00       0.00       0.30       0.04
     46533      52.75     -48.82       1.49       0.00       0.00       0.00       0.30       0.04
--------------------------------------------------------------------------------
Best docking solution after GA:
     49000      52.75     -48.82       1.49       0.00       0.00       0.00       0.30       0.04

#ops:      49000 #mutates:  23386 #cross:    23157 #migrate:   2457 
#dups:     10099 #niche:    22000 #errors:    2972 
--------------------------------------------------------------------------------

Doing AMOEBA simplex on best individual
Done simplexing #iterations 601, best score  56.14

Ligand is stored in gold_soln_AV-procd_m8835_6.sdf


--------------------------------------------------------------------------------
--- CHEMPLP breakdown of terms                                               ---
--------------------------------------------------------------------------------
CHEMPLP = - ( 1.0000*S(PLP) + -3.0000*S(hbond) + -6.0000*S(metal) + -3.0000*S(cho) )

Score = CHEMPLP - 1.0000*DE(clash) - 2.0000*DE(tors)

Internal energy term has been corrected with the best internal energy encountered.

--------------------------------------------------------------------------------


     Score     S(PLP)   S(hbond)     S(cho)   S(metal)  DE(clash)   DE(tors)     intcor
     56.14     -51.97       1.60       0.00       0.00       0.00       0.33       0.04

--------------------------------------------------------------------------------
--- PLP analysis of protein-ligand interactions                              ---
--------------------------------------------------------------------------------
hydrogen bonding        :      -4.00
metal                   :       0.00
buried (polar-nonpolar) :      -0.10
nonpolar                :     -46.35
repulsive               :       0.14
--------------------------------------------------------------------------------


--------------------------------------------------------------------------------
--- ChemScore analysis of protein-ligand interactions                        ---
--------------------------------------------------------------------------------

* Hydrogen bonds                                                                
Ligand donor   14 hydrogen   32 Protein acceptor 8028 bond energy  1.00 wt 0.10
Protein donor 7989 hydrogen 7998 Ligand acceptor    4 bond energy  1.00 wt 0.50
Protein donor 7997 hydrogen 8008 Ligand acceptor    1 bond energy  1.00 wt 1.00


* CH..O interactions                                                            
  CH group selection                       : activated ring CH (adjacent to hetatom)

--------------------------------------------------------------------------------


--------------------------------------------------------------------------------
--- Intra-ligand clashes                                                     ---
--------------------------------------------------------------------------------

Ligand
--------------------------------------------------------------------------------

--------------------------------------------------------------------------------
--- Rescoring solution                                                       ---
--------------------------------------------------------------------------------

     Score         DG    S(hbond)    S(metal)    S(lipo)     H(rot)  DE(clash)    DE(int)
     11.15     -16.18       0.40        0.00     137.33       2.62       3.18       1.84

Doing AMOEBA simplex on best individual
Done simplexing #iterations 880, best score  15.36

     Score         DG    S(hbond)    S(metal)    S(lipo)     H(rot)  DE(clash)    DE(int)
     15.36     -17.23       0.84        0.00     134.01       2.62       0.99       0.88

--------------------------------------------------------------------------------
--- ChemScore breakdown of terms                                             ---
--------------------------------------------------------------------------------
DG = -5.4800 + -3.3400*S(hbond)
     + -6.0300*S(metal) + -0.1170*S(lipo) + 2.5600*H(rot)


H(rot) = 2.6232

Score = -(DG + DE(clash) + DE(int))


--------------------------------------------------------------------------------


--------------------------------------------------------------------------------
--- ChemScore analysis of protein-ligand interactions                        ---
--------------------------------------------------------------------------------

* Hydrogen bonds                                                                
Protein donor 7989 hydrogen 7998 Ligand acceptor    4 bond energy  1.00 wt 0.01
Protein donor 7997 hydrogen 8008 Ligand acceptor    1 bond energy  1.00 wt 0.82

CHEMSCORE EXTRA INTERACTIONS:

* Clashes                                                                       
Clash for ligand atom   6 (**** ):   0.63
Clash for ligand atom  19 (**** ):   0.37
--------------------------------------------------------------------------------


--------------------------------------------------------------------------------
--- Chromosome decoded                                                       ---
--------------------------------------------------------------------------------
Ligand Torsions
[  22    1    2    3] -101.36
[   1    2    3   11] -125.47
[  13   12   11    3]  100.55
[  14   13   12   11]   56.68
[  32   14   13   12]  -72.36
[  21   15   13   12]   54.63
Protein Torsions
[6907 6896 6895 6894] -150.10 
[7974 7965 7964 7962]   53.48 
[8008 7997 7996 7995]   -2.40 
[10167 10162 10161 10158]  169.52 
[10718 10713 10712 10709]  125.17 
[10763 10752 10751 10750]  178.56 
[11005 11000 10999 10996] -166.70 
Mapping
Ligand acceptors to protein hydrogens (mapping then atom ids)
  1  19 [  1->8008]
Ligand hydrogens to protein acceptors (mapping then atom ids)
Ligand shape atoms to protein points (mapping then atom ids & coords)
  2  6507 [  6->(148.750 140.500 154.750)]
  3  5343 [  7->(146.750 141.750 154.500)]
  4  6043 [  8->(147.750 141.500 154.250)]
  6  7117 [ 12->(150.250 140.500 157.000)]
 10  9657 [ 20->(153.250 142.500 161.250)]
Chromosome values
Integers:
  18   -1   -1   -1   -1   -1 6506 5342 6042   -1 7116   -1 
  -1   -1 9656   -1 
--------------------------------------------------------------------------------

Current Ranking  6  1  4  2  3  5

Top  3 (of  6) solutions are within 1.500 RMSD, finishing docking /DATA2/COVID-19/PDBs_&_Models/AV-procd.sdf.


--------------------------------------------------------------------------------

* GA execution time :                                                           
  total  0.8862 user  0.8862 sys  0.0000

--------------------------------------------------------------------------------
Fitness function evaluations: 104343

--------------------------------------------------------------------------------
--- Ranking analysis                                                         ---
--------------------------------------------------------------------------------


* Final ranked order of GA solutions:                                           
   6  1  4  2  3  5 

  _______________________________
  RMSD Matrix of RANKED solutions

        2    3    4    5    6  

   1 :  0.1  0.6  6.0  6.1  6.9
   2 :       0.5  6.0  6.1  6.9
   3 :            5.6  6.3  6.9
   4 :                 8.1  7.5
   5 :                      2.8

  Clustering method                        : complete linkage
  Structure ids in cluster table           : rank nos.
  Ordering of clusters and their members   : by rank (order if from rms_analysis)

  Distance | Clusters
   0.12    |  1  2 |  3 |  4 |  5 |  6 |
   0.62    |  1  2  3 |  4 |  5 |  6 |
   2.79    |  1  2  3 |  4 |  5  6 |
   6.02    |  1  2  3  4 |  5  6 |
   8.14    |  1  2  3  4  5  6 |
  Finished Docking Ligand                  : /DATA2/COVID-19/PDBs_&_Models/AV-procd.sdf
--------------------------------------------------------------------------------

  Relative_Ligand_Energy (best encountered) :   0.039
  Relative_Ligand_Energy: fitness values have been corrected using this amount
