
--------------------------------------------------------------------------------
--- Ligand                                                                   ---
--------------------------------------------------------------------------------
  Ligand loaded from file                  : /DATA2/COVID-19/PDBs_&_Models/AV-procd.sdf
  Ligand name                              :  
  "AV-unprocessed.smi:76                                                    "

--------------------------------------------------------------------------------
  N.plc donors                             : 
  none found

  Acidic nitrogen acceptors                : 
  none found
  Sulfur acceptors                         :
  none found


  Donor atoms                              :      1
  24  
  Acceptor atoms                           :      5
  13  15  18  24  27  

  Hydrogens                                :  (n = 1)
  47   

  Lone pairs added to molecule             :      7
  Numbering                                : from 56 to 62
  Choline groups                           : 
   

--------------------------------------------------------------------------------
--- Postprocessing of typing                                                 ---
--------------------------------------------------------------------------------
  Fragment file                            : /home/scv26/CCDC/Discovery_2020/GOLD/gold/rotatable_bond_override.mol2
  acylurea fragment                        : no matches
  thioacylthiourea fragment                : no matches
  acylthiourea fragment                    : no matches
  thioacylurea fragment                    : no matches
  diarylamine fragment >C.ar-NH-C.ar<      : no matches
  sec-amine (1) fragment                   : no matches
  sec-amine (2) fragment                   : 2 matches
  Ligand bond 11-12  set to 1
  Ligand bond 20-16  set to 1
  Ligand bond 11-2  set to 1
  Ligand bond 20-21  set to 1
  Ligand bond 11-10  set to 1
  Ligand bond 20-19  set to 1
  sec-amine (3) fragment                   : 1 matches
  Ligand bond 20-16  set to 1
  Ligand bond 20-19  set to 1
  Ligand bond 20-21  set to 1
  carboxylic ester                         : no matches

* Rotatable bonds in /DATA2/COVID-19/PDBs  :
  [   4    5] [  11   12] [  20   21] [  21   22] 
  [  22   23] [  23   24] 
  No. of rotatable bonds                   :      6


* Fragments found in /DATA2/COVID-19/PDBs  :
  atom  12: adenine
  atom  13: adenine
  atom  14: adenine
  atom  15: adenine
  atom  16: adenine
  atom  17: adenine
  atom  18: adenine
  atom  19: adenine
  atom  20: adenine


* Checking torsion distributions:                                               
  No. of matched torsions                  :      0

--------------------------------------------------------------------------------
--- Shape fitting atoms selection (hydrophobic atoms)                        ---
--------------------------------------------------------------------------------
  Molecule                                 : /DATA2/COVID-19/PDBs_&_Models/AV-procd.sdf
  Selection                                : carbons only
  Atom numbers                             :  (n = 14)
  1    2    3    4    9    10   14   19   21   23   
  25   26   28   29   


--------------------------------------------------------------------------------
--- ChemScore ligand setup summary                                           ---
--------------------------------------------------------------------------------
  ChemScore ligand acceptors               :      5
  13 15 18 24 27 
  ChemScore ligand donors                  :      1
  24 ( 47  ) 
  ChemScore ligand CH donors               :      2
  14 ( 41 ) 19 ( 42 ) 

  ChemScore ligand lipophilic atoms        :  (n = 15)
  1    2    3    4    5    9    10   17   21   22   
  23   25   26   28   29   

  ChemScore ligand rotatable bonds         :      6
  4   (****) - 5   (****): SP3_SP3_BOND
  11  (****) - 12  (****): SP2_SP2_BOND
  20  (****) - 21  (****): SP3_SP2_BOND
  21  (****) - 22  (****): SP3_SP3_BOND
  22  (****) - 23  (****): SP3_SP3_BOND
  23  (****) - 24  (****): SP3_SP3_BOND

--------------------------------------------------------------------------------
--- PLP ligand setup summary                                                 ---
--------------------------------------------------------------------------------
    1  ****   C.3 NONPOLAR
    2  ****   C.3 NONPOLAR
    3  ****   C.3 NONPOLAR
    4  ****   C.3 NONPOLAR
    5  ****   C.3 NONPOLAR
    6  ****     F NONPOLAR
    7  ****     F NONPOLAR
    8  ****     F NONPOLAR
    9  ****   C.3 NONPOLAR
   10  ****   C.3 NONPOLAR
   11  **** N.pl3 NONPOLAR
   12  ****  C.ar NONPOLAR
   13  ****  N.ar ACCEPTOR
   14  ****  C.ar NONPOLAR
   15  ****  N.ar ACCEPTOR
   16  ****  C.ar NONPOLAR
   17  ****  C.ar NONPOLAR
   18  ****   N.2 ACCEPTOR
   19  ****   C.2 NONPOLAR
   20  **** N.pl3 NONPOLAR
   21  ****   C.3 NONPOLAR
   22  ****   C.3 NONPOLAR
   23  ****   C.3 NONPOLAR
   24  ****   O.3 DONACC
   25  ****   C.3 NONPOLAR
   26  ****   C.3 NONPOLAR
   27  ****   O.3 ACCEPTOR
   28  ****   C.3 NONPOLAR
   29  ****   C.3 NONPOLAR


--------------------------------------------------------------------------------
--- Automatic parameter setting                                              ---
--------------------------------------------------------------------------------
  Contribution base                        :   2500
  Contribution per rotatable bond          :   6000
  Contribution per df                      :   4000
  Contribution per water                   :  10000
  Ligand rotatable bonds                   :      6
  Protein flexible side chain bonds        :      0
  Total rotatable bonds                    :      6
  Hydrophobic vol ratio (P/L)              :   1.648
  Base multiplier (polar)                  :   1.200
  Base multiplier (apolar)                 :   4.614
  Base contribution                        : 12500.000
  Fitting points                           :      6
  Estimated maxops needed (optimal)        :  49000

--------------------------------------------------------------------------------

* Population settings                                                           
  maxops                                   :  49000
  popsiz                                   :    100
  select_pressure                          :   1.100
  n_islands                                :      4
  niche_siz                                :      2

* GA settings                                                                   
  pt_crosswt                               :     95
  allele_mutatewt                          :     95
  migratewt                                :     10

* Search settings                                                               
  start_vdw_linear_cutoff                  :   4.000
  initial_virtual_pt_match_max             :   3.000

--------------------------------------------------------------------------------

* Ligand initialisation time :                                                  
  total  0.0391 user  0.0391 sys  0.0000

--------------------------------------------------------------------------------

--------------------------------------------------------------------------------
** Docking run number  1 **
--------------------------------------------------------------------------------
  Rank fitness base is 5000.00 ; increment is 11.2233

* Initialising population(s) ...                                                
Number of constraints mappings 0
Number of constraints 0
  Population no.                           :      1
  Population size                          :    100
  Number of duplicates                     :      0
  Number of niche violations               :      0
  Number of errors                         :   3089

Number of constraints mappings 0
Number of constraints 0
  Population no.                           :      2
  Population size                          :    100
  Number of duplicates                     :      0
  Number of niche violations               :      0
  Number of errors                         :   3039

Number of constraints mappings 0
Number of constraints 0
  Population no.                           :      3
  Population size                          :    100
  Number of duplicates                     :      0
  Number of niche violations               :      0
  Number of errors                         :   3160

Number of constraints mappings 0
Number of constraints 0
  Population no.                           :      4
  Population size                          :    100
  Number of duplicates                     :      0
  Number of niche violations               :      0
  Number of errors                         :   3109


Doing GA, no. of population(s) 4 size 100 selection pressure 1.100000

 Operation      Score     S(PLP)   S(hbond)     S(cho)   S(metal)  DE(clash)   DE(tors)     intcor
         0      18.76     -21.21       0.69       0.00       0.00       5.02       0.60       0.89
      1047      25.46     -27.13       0.00       0.03       0.00       0.06       1.30       0.89
      1767      25.97     -27.54       0.00       0.03       0.00       0.06       1.23       0.84
      5371      27.16     -24.79       1.13       0.00       0.00       0.00       0.87       0.73
      8711      27.43     -25.12       1.10       0.00       0.00       0.00       0.80       0.60
     10095      32.10     -29.03       1.36       0.00       0.00       0.00       0.80       0.60
     12253      32.11     -26.54       1.75       1.00       0.00       0.00       1.63       0.60
     14383      36.83     -33.67       1.00       0.77       0.00       0.00       1.36       0.60
     16727      37.39     -33.55       0.94       0.77       0.00       0.00       0.94       0.60
     18371      37.51     -33.54       1.00       0.77       0.00       0.00       0.92       0.51
     24133      38.41     -34.41       0.94       0.77       0.00       0.00       0.78       0.44
     26927      38.48     -35.33       0.83       0.77       0.00       0.00       1.03       0.42
     27223      38.58     -35.33       0.86       0.77       0.00       0.00       1.03       0.42
     28039      38.72     -35.33       0.91       0.77       0.00       0.00       1.03       0.42
     29779      39.04     -35.85       0.96       0.74       0.00       0.24       1.05       0.42
     30668      39.98     -35.24       1.34       0.79       0.00       0.00       1.03       0.42
     32495      39.99     -35.57       1.33       0.81       0.00       0.24       1.05       0.33
     33873      40.60     -35.15       1.22       0.79       0.00       0.00       0.45       0.33
     34992      40.83     -35.15       1.29       0.79       0.00       0.00       0.45       0.33
     38145      40.87     -35.20       1.29       0.79       0.00       0.00       0.45       0.33
     39760      40.87     -35.15       1.31       0.79       0.00       0.00       0.45       0.33
     44592      40.88     -35.14       1.30       0.79       0.00       0.00       0.42       0.33
     44906      40.91     -35.20       1.31       0.79       0.00       0.00       0.45       0.33
     46041      40.99     -35.11       1.34       0.79       0.00       0.00       0.41       0.33
     47277      41.00     -35.10       1.34       0.79       0.00       0.00       0.41       0.33
     48093      41.02     -35.37       1.30       0.76       0.00       0.00       0.43       0.33
     48925      41.23     -35.35       1.35       0.76       0.00       0.00       0.38       0.33
--------------------------------------------------------------------------------
Best docking solution after GA:
     49000      41.23     -35.35       1.35       0.76       0.00       0.00       0.38       0.33

#ops:      49000 #mutates:  23133 #cross:    23293 #migrate:   2574 
#dups:     14337 #niche:    24485 #errors:    2701 
--------------------------------------------------------------------------------

Doing AMOEBA simplex on best individual
Done simplexing #iterations 1009, best score  43.53

Ligand is stored in gold_soln_AV-procd_m770_1.sdf


--------------------------------------------------------------------------------
--- CHEMPLP breakdown of terms                                               ---
--------------------------------------------------------------------------------
CHEMPLP = - ( 1.0000*S(PLP) + -3.0000*S(hbond) + -6.0000*S(metal) + -3.0000*S(cho) )

Score = CHEMPLP - 1.0000*DE(clash) - 2.0000*DE(tors)

Internal energy term has been corrected with the best internal energy encountered.

--------------------------------------------------------------------------------


     Score     S(PLP)   S(hbond)     S(cho)   S(metal)  DE(clash)   DE(tors)     intcor
     43.53     -37.12       1.43       0.86       0.00       0.00       0.41       0.33

--------------------------------------------------------------------------------
--- PLP analysis of protein-ligand interactions                              ---
--------------------------------------------------------------------------------
hydrogen bonding        :      -1.64
metal                   :       0.00
buried (polar-nonpolar) :      -1.96
nonpolar                :     -36.66
repulsive               :       2.11
--------------------------------------------------------------------------------


--------------------------------------------------------------------------------
--- ChemScore analysis of protein-ligand interactions                        ---
--------------------------------------------------------------------------------

* Hydrogen bonds                                                                
Protein donor 6896 hydrogen 6908 Ligand acceptor   24 bond energy  1.00 wt 1.00
Protein donor 7989 hydrogen 7998 Ligand acceptor   13 bond energy  1.00 wt 0.43


* CH..O interactions                                                            
  CH group selection                       : activated ring CH (adjacent to hetatom)
Ligand carbon   14 hydrogen   41 Protein acceptor 7957 bond energy  1.00 wt 0.86

--------------------------------------------------------------------------------


--------------------------------------------------------------------------------
--- Intra-ligand clashes                                                     ---
--------------------------------------------------------------------------------

Ligand
--------------------------------------------------------------------------------

--------------------------------------------------------------------------------
--- Rescoring solution                                                       ---
--------------------------------------------------------------------------------

     Score         DG    S(hbond)    S(metal)    S(lipo)     H(rot)  DE(clash)    DE(int)
      0.97     -11.84       0.34        0.00      92.00       2.16       6.50       4.38

Doing AMOEBA simplex on best individual
Done simplexing #iterations 1229, best score   8.94

     Score         DG    S(hbond)    S(metal)    S(lipo)     H(rot)  DE(clash)    DE(int)
      8.94     -12.83       0.93        0.00      83.45       2.16       0.66       3.24

--------------------------------------------------------------------------------
--- ChemScore breakdown of terms                                             ---
--------------------------------------------------------------------------------
DG = -5.4800 + -3.3400*S(hbond)
     + -6.0300*S(metal) + -0.1170*S(lipo) + 2.5600*H(rot)


H(rot) = 2.1589

Score = -(DG + DE(clash) + DE(int))


--------------------------------------------------------------------------------


--------------------------------------------------------------------------------
--- ChemScore analysis of protein-ligand interactions                        ---
--------------------------------------------------------------------------------

* Hydrogen bonds                                                                
Protein donor 6896 hydrogen 6908 Ligand acceptor   24 bond energy  1.00 wt 0.93

CHEMSCORE EXTRA INTERACTIONS:

* Clashes                                                                       
Clash for ligand atom   3 (**** ):   0.09
Clash for ligand atom   6 (**** ):   0.06
Clash for ligand atom   7 (**** ):   0.20
Clash for ligand atom  15 (**** ):   0.28
Clash for ligand atom  26 (**** ):   0.03
--------------------------------------------------------------------------------


--------------------------------------------------------------------------------
--- Chromosome decoded                                                       ---
--------------------------------------------------------------------------------
Ligand Torsions
[   6    5    4    3] -178.31
[   2   11   12   17]    0.01
[  22   21   20   16] -109.63
[  29   22   21   20]  178.78
[  24   23   22   21]  -56.53
[  47   24   23   22]  -57.17
Protein Torsions
[6907 6896 6895 6894]   88.59 
[7974 7965 7964 7962] -158.47 
[8008 7997 7996 7995] -106.03 
[10167 10162 10161 10158]  136.37 
[10718 10713 10712 10709]   43.17 
[10763 10752 10751 10750] -131.53 
[11005 11000 10999 10996]  -93.01 
Mapping
Ligand acceptors to protein hydrogens (mapping then atom ids)
  1  18 [ 13->7998]
Ligand hydrogens to protein acceptors (mapping then atom ids)
Ligand shape atoms to protein points (mapping then atom ids & coords)
  3  8235 [  3->(151.500 141.250 158.750)]
  4  8778 [  4->(152.000 142.250 159.000)]
  5  8348 [  9->(151.500 144.250 157.750)]
  7  6625 [ 14->(149.000 139.000 154.000)]
Chromosome values
Integers:
  17   -1   -1   -1   -1   -1   -1   -1 8234 8777 8347   -1 
6624   -1   -1   -1   -1   -1   -1   -1 
--------------------------------------------------------------------------------

Current Ranking  1

--------------------------------------------------------------------------------

* GA execution time :                                                           
  total  1.0516 user  1.0476 sys  0.0040

--------------------------------------------------------------------------------
Fitness function evaluations: 95706

--------------------------------------------------------------------------------
** Docking run number  2 **
--------------------------------------------------------------------------------
  Rank fitness base is 5000.00 ; increment is 11.2233

* Initialising population(s) ...                                                
Number of constraints mappings 0
Number of constraints 0
  Population no.                           :      1
  Population size                          :    100
  Number of duplicates                     :      0
  Number of niche violations               :      0
  Number of errors                         :   2950

Number of constraints mappings 0
Number of constraints 0
  Population no.                           :      2
  Population size                          :    100
  Number of duplicates                     :      0
  Number of niche violations               :      0
  Number of errors                         :   3075

Number of constraints mappings 0
Number of constraints 0
  Population no.                           :      3
  Population size                          :    100
  Number of duplicates                     :      0
  Number of niche violations               :      0
  Number of errors                         :   3136

Number of constraints mappings 0
Number of constraints 0
  Population no.                           :      4
  Population size                          :    100
  Number of duplicates                     :      0
  Number of niche violations               :      0
  Number of errors                         :   3001


Doing GA, no. of population(s) 4 size 100 selection pressure 1.100000

 Operation      Score     S(PLP)   S(hbond)     S(cho)   S(metal)  DE(clash)   DE(tors)     intcor
         0      10.50      -8.01       1.00       0.00       0.00       0.00       0.42       0.33
       325      15.15     -13.19       0.00       1.00       0.00       0.00       0.69       0.33
       596      15.75     -16.37       0.59       1.00       0.00       1.49       2.11       0.33
       797      15.75     -16.37       0.59       1.00       0.00       1.49       2.11       0.33
      2989      16.87     -15.19       0.00       0.91       0.00       0.00       0.69       0.33
      3298      21.41     -24.41       0.30       0.49       0.00       1.49       2.11       0.33
      5010      22.04     -25.42       0.00       0.00       0.00       0.00       1.85       0.33
      5107      25.38     -27.74       0.26       0.00       0.00       0.23       1.61       0.33
      6292      27.20     -30.25       0.24       0.09       0.00       0.00       2.20       0.33
      6752      27.72     -28.20       0.67       0.00       0.00       0.00       1.41       0.33
      8335      27.97     -28.25       0.37       0.75       0.00       0.00       1.99       0.33
      9498      28.92     -31.20       0.31       0.00       0.00       0.00       1.77       0.33
     10374      30.98     -34.01       0.00       0.00       0.00       0.00       1.68       0.33
     11017      34.91     -33.27       0.10       1.00       0.00       0.00       1.00       0.33
     14645      39.41     -37.09       0.10       1.00       0.00       0.00       0.66       0.33
     15001      39.52     -37.28       0.10       1.00       0.00       0.00       0.70       0.33
     15493      39.78     -37.34       0.10       1.00       0.00       0.00       0.60       0.33
     17649      41.60     -39.25       0.30       1.00       0.00       0.00       0.94       0.33
     20348      44.99     -41.53       0.90       0.97       0.00       0.00       1.25       0.33
     23587      45.08     -41.19       1.00       0.92       0.00       0.00       1.10       0.33
     23680      46.31     -43.61       0.90       0.97       0.00       0.00       1.62       0.33
     23725      48.93     -41.86       1.99       0.92       0.00       0.00       0.99       0.33
     28689      49.25     -42.21       1.95       0.93       0.00       0.00       0.97       0.33
     35211      49.50     -42.47       1.86       0.97       0.00       0.00       0.90       0.33
     38175      49.62     -42.47       1.90       0.97       0.00       0.00       0.90       0.33
     38787      49.62     -42.46       1.90       0.97       0.00       0.00       0.89       0.33
     43109      49.66     -42.46       1.89       0.97       0.00       0.00       0.87       0.33
     44728      49.67     -42.45       1.90       0.97       0.00       0.00       0.87       0.33
     45397      49.68     -42.46       1.90       0.97       0.00       0.00       0.87       0.33
--------------------------------------------------------------------------------
Best docking solution after GA:
     49000      49.68     -42.46       1.90       0.97       0.00       0.00       0.87       0.33

#ops:      49000 #mutates:  23241 #cross:    23369 #migrate:   2390 
#dups:     17618 #niche:    25853 #errors:    2834 
--------------------------------------------------------------------------------

Doing AMOEBA simplex on best individual
Done simplexing #iterations 853, best score  50.95

Ligand is stored in gold_soln_AV-procd_m770_2.sdf


--------------------------------------------------------------------------------
--- CHEMPLP breakdown of terms                                               ---
--------------------------------------------------------------------------------
CHEMPLP = - ( 1.0000*S(PLP) + -3.0000*S(hbond) + -6.0000*S(metal) + -3.0000*S(cho) )

Score = CHEMPLP - 1.0000*DE(clash) - 2.0000*DE(tors)

Internal energy term has been corrected with the best internal energy encountered.

--------------------------------------------------------------------------------


     Score     S(PLP)   S(hbond)     S(cho)   S(metal)  DE(clash)   DE(tors)     intcor
     50.95     -43.32       1.90       1.00       0.00       0.00       0.70       0.33

--------------------------------------------------------------------------------
--- PLP analysis of protein-ligand interactions                              ---
--------------------------------------------------------------------------------
hydrogen bonding        :      -2.00
metal                   :       0.00
buried (polar-nonpolar) :      -4.02
nonpolar                :     -39.70
repulsive               :       2.23
--------------------------------------------------------------------------------


--------------------------------------------------------------------------------
--- ChemScore analysis of protein-ligand interactions                        ---
--------------------------------------------------------------------------------

* Hydrogen bonds                                                                
Protein donor 6896 hydrogen 6907 Ligand acceptor   24 bond energy  1.00 wt 1.00
Protein donor 7989 hydrogen 7998 Ligand acceptor   13 bond energy  1.00 wt 0.90


* CH..O interactions                                                            
  CH group selection                       : activated ring CH (adjacent to hetatom)
Ligand carbon   14 hydrogen   41 Protein acceptor 7957 bond energy  1.00 wt 1.00

--------------------------------------------------------------------------------


--------------------------------------------------------------------------------
--- Intra-ligand clashes                                                     ---
--------------------------------------------------------------------------------

Ligand
--------------------------------------------------------------------------------

--------------------------------------------------------------------------------
--- Rescoring solution                                                       ---
--------------------------------------------------------------------------------

     Score         DG    S(hbond)    S(metal)    S(lipo)     H(rot)  DE(clash)    DE(int)
      5.47     -11.66       0.42        0.00      87.94       2.16       3.18       3.01

Doing AMOEBA simplex on best individual
Done simplexing #iterations 1030, best score   8.83

     Score         DG    S(hbond)    S(metal)    S(lipo)     H(rot)  DE(clash)    DE(int)
      8.83     -12.77       0.77        0.00      87.71       2.16       0.95       2.99

--------------------------------------------------------------------------------
--- ChemScore breakdown of terms                                             ---
--------------------------------------------------------------------------------
DG = -5.4800 + -3.3400*S(hbond)
     + -6.0300*S(metal) + -0.1170*S(lipo) + 2.5600*H(rot)


H(rot) = 2.1589

Score = -(DG + DE(clash) + DE(int))


--------------------------------------------------------------------------------


--------------------------------------------------------------------------------
--- ChemScore analysis of protein-ligand interactions                        ---
--------------------------------------------------------------------------------

* Hydrogen bonds                                                                
Protein donor 6896 hydrogen 6907 Ligand acceptor   24 bond energy  1.00 wt 0.62
Protein donor 7989 hydrogen 7998 Ligand acceptor   13 bond energy  1.00 wt 0.15

CHEMSCORE EXTRA INTERACTIONS:

* Clashes                                                                       
Clash for ligand atom   6 (**** ):   0.13
Clash for ligand atom   8 (**** ):   0.01
Clash for ligand atom  14 (**** ):   0.13
Clash for ligand atom  15 (**** ):   0.30
Clash for ligand atom  23 (**** ):   0.03
Clash for ligand atom  26 (**** ):   0.36
--------------------------------------------------------------------------------


--------------------------------------------------------------------------------
--- Chromosome decoded                                                       ---
--------------------------------------------------------------------------------
Ligand Torsions
[   6    5    4    3]  -47.23
[   2   11   12   17] -138.38
[  22   21   20   16] -116.90
[  29   22   21   20]  176.02
[  24   23   22   21]  -64.46
[  47   24   23   22]   11.23
Protein Torsions
[6907 6896 6895 6894] -166.02 
[7974 7965 7964 7962]  168.83 
[8008 7997 7996 7995]  172.82 
[10167 10162 10161 10158] -159.74 
[10718 10713 10712 10709]  -82.09 
[10763 10752 10751 10750]  -10.46 
[11005 11000 10999 10996]   20.81 
Mapping
Ligand acceptors to protein hydrogens (mapping then atom ids)
  1  18 [ 13->7998]
Ligand hydrogens to protein acceptors (mapping then atom ids)
Ligand shape atoms to protein points (mapping then atom ids & coords)
  2  7123 [  2->(150.250 141.000 156.250)]
  3  8036 [  3->(151.250 143.500 157.750)]
Chromosome values
Integers:
  17   -1   -1   -1   -1   -1   -1 7122 8035   -1   -1   -1 
  -1   -1   -1   -1   -1   -1   -1   -1 
--------------------------------------------------------------------------------

Current Ranking  2  1

--------------------------------------------------------------------------------

* GA execution time :                                                           
  total  1.0536 user  1.0536 sys  0.0000

--------------------------------------------------------------------------------
Fitness function evaluations: 94879

--------------------------------------------------------------------------------
** Docking run number  3 **
--------------------------------------------------------------------------------
  Rank fitness base is 5000.00 ; increment is 11.2233

* Initialising population(s) ...                                                
Number of constraints mappings 0
Number of constraints 0
  Population no.                           :      1
  Population size                          :    100
  Number of duplicates                     :      0
  Number of niche violations               :      0
  Number of errors                         :   3078

Number of constraints mappings 0
Number of constraints 0
  Population no.                           :      2
  Population size                          :    100
  Number of duplicates                     :      0
  Number of niche violations               :      0
  Number of errors                         :   3075

Number of constraints mappings 0
Number of constraints 0
  Population no.                           :      3
  Population size                          :    100
  Number of duplicates                     :      0
  Number of niche violations               :      0
  Number of errors                         :   2985

Number of constraints mappings 0
Number of constraints 0
  Population no.                           :      4
  Population size                          :    100
  Number of duplicates                     :      0
  Number of niche violations               :      0
  Number of errors                         :   3021


Doing GA, no. of population(s) 4 size 100 selection pressure 1.100000

 Operation      Score     S(PLP)   S(hbond)     S(cho)   S(metal)  DE(clash)   DE(tors)     intcor
         0      15.23     -23.50       0.04       0.00       0.00       3.10       2.81       0.33
       535      19.48     -23.29       0.35       0.13       0.00       0.80       2.38       0.33
      1139      19.98     -23.31       0.35       0.13       0.00       0.40       2.35       0.33
      1171      21.80     -23.59       0.35       0.13       0.00       0.00       1.78       0.33
      1946      22.92     -28.46       0.00       0.00       0.00       1.79       2.04       0.33
      2166      22.92     -28.46       0.00       0.00       0.00       1.79       2.04       0.33
      3427      23.19     -25.71       0.05       0.13       0.00       0.00       1.69       0.33
      3610      25.43     -29.44       0.00       0.00       0.00       0.51       1.91       0.33
      4095      27.37     -24.52       0.82       1.00       0.00       0.00       1.46       0.33
      5766      37.08     -34.57       0.42       1.00       0.00       0.02       1.02       0.33
      6909      39.92     -37.26       0.25       1.00       0.00       0.00       0.71       0.33
      9219      42.10     -41.18       0.75       0.59       0.00       0.00       1.72       0.33
     10807      43.63     -42.43       0.70       0.66       0.00       0.00       1.60       0.33
     12525      43.82     -41.41       0.75       0.62       0.00       0.00       1.02       0.33
     13471      44.11     -42.94       0.70       0.66       0.00       0.00       1.61       0.33
     15819      45.95     -43.24       1.40       0.66       0.00       0.00       1.90       0.33
     18492      46.01     -42.91       1.61       0.66       0.00       0.00       2.02       0.33
     19726      46.04     -42.92       1.52       0.66       0.00       0.00       1.87       0.33
     20207      46.09     -43.10       1.48       0.66       0.00       0.00       1.88       0.33
     20575      46.42     -43.42       1.60       0.66       0.00       0.00       2.05       0.33
     22822      46.46     -43.42       1.61       0.66       0.00       0.00       2.05       0.33
     24939      46.54     -43.59       1.60       0.66       0.00       0.00       2.08       0.33
     27031      46.58     -43.59       1.61       0.66       0.00       0.00       2.08       0.33
--------------------------------------------------------------------------------
Best docking solution after GA:
     49000      46.58     -43.59       1.61       0.66       0.00       0.00       2.08       0.33

#ops:      49000 #mutates:  23305 #cross:    23263 #migrate:   2432 
#dups:     20631 #niche:    24921 #errors:    1846 
--------------------------------------------------------------------------------

Doing AMOEBA simplex on best individual
Done simplexing #iterations 1224, best score  50.69

Ligand is stored in gold_soln_AV-procd_m770_3.sdf


--------------------------------------------------------------------------------
--- CHEMPLP breakdown of terms                                               ---
--------------------------------------------------------------------------------
CHEMPLP = - ( 1.0000*S(PLP) + -3.0000*S(hbond) + -6.0000*S(metal) + -3.0000*S(cho) )

Score = CHEMPLP - 1.0000*DE(clash) - 2.0000*DE(tors)

Internal energy term has been corrected with the best internal energy encountered.

--------------------------------------------------------------------------------


     Score     S(PLP)   S(hbond)     S(cho)   S(metal)  DE(clash)   DE(tors)     intcor
     50.69     -46.31       2.00       0.64       0.00       0.00       1.93       0.33

--------------------------------------------------------------------------------
--- PLP analysis of protein-ligand interactions                              ---
--------------------------------------------------------------------------------
hydrogen bonding        :      -2.00
metal                   :       0.00
buried (polar-nonpolar) :      -5.63
nonpolar                :     -40.00
repulsive               :       0.78
--------------------------------------------------------------------------------


--------------------------------------------------------------------------------
--- ChemScore analysis of protein-ligand interactions                        ---
--------------------------------------------------------------------------------

* Hydrogen bonds                                                                
Ligand donor   24 hydrogen   47 Protein acceptor 7948 bond energy  1.00 wt 1.00
Protein donor 7989 hydrogen 7998 Ligand acceptor   13 bond energy  1.00 wt 1.00


* CH..O interactions                                                            
  CH group selection                       : activated ring CH (adjacent to hetatom)
Ligand carbon   14 hydrogen   41 Protein acceptor 7957 bond energy  1.00 wt 0.64

--------------------------------------------------------------------------------


--------------------------------------------------------------------------------
--- Intra-ligand clashes                                                     ---
--------------------------------------------------------------------------------

Ligand
--------------------------------------------------------------------------------

--------------------------------------------------------------------------------
--- Rescoring solution                                                       ---
--------------------------------------------------------------------------------

     Score         DG    S(hbond)    S(metal)    S(lipo)     H(rot)  DE(clash)    DE(int)
      6.30     -13.29       0.95        0.00      86.80       2.16       3.76       3.23

Doing AMOEBA simplex on best individual
Done simplexing #iterations 1031, best score  12.68

     Score         DG    S(hbond)    S(metal)    S(lipo)     H(rot)  DE(clash)    DE(int)
     12.68     -16.04       1.75        0.00      87.65       2.16       0.18       3.18

--------------------------------------------------------------------------------
--- ChemScore breakdown of terms                                             ---
--------------------------------------------------------------------------------
DG = -5.4800 + -3.3400*S(hbond)
     + -6.0300*S(metal) + -0.1170*S(lipo) + 2.5600*H(rot)


H(rot) = 2.1589

Score = -(DG + DE(clash) + DE(int))


--------------------------------------------------------------------------------


--------------------------------------------------------------------------------
--- ChemScore analysis of protein-ligand interactions                        ---
--------------------------------------------------------------------------------

* Hydrogen bonds                                                                
Ligand donor   24 hydrogen   47 Protein acceptor 7948 bond energy  1.00 wt 0.72
Protein donor 7989 hydrogen 7998 Ligand acceptor   13 bond energy  1.00 wt 0.62
Protein donor 10752 hydrogen 10763 Ligand acceptor   15 bond energy  1.00 wt 0.41

CHEMSCORE EXTRA INTERACTIONS:

* Clashes                                                                       
Clash for ligand atom   3 (**** ):   0.01
Clash for ligand atom  14 (**** ):   0.01
Clash for ligand atom  19 (**** ):   0.15
--------------------------------------------------------------------------------


--------------------------------------------------------------------------------
--- Chromosome decoded                                                       ---
--------------------------------------------------------------------------------
Ligand Torsions
[   6    5    4    3]   63.59
[   2   11   12   17] -124.96
[  22   21   20   16]  -84.56
[  29   22   21   20]  -87.39
[  24   23   22   21]  151.32
[  47   24   23   22] -105.03
Protein Torsions
[6907 6896 6895 6894]  125.46 
[7974 7965 7964 7962] -123.65 
[8008 7997 7996 7995] -135.81 
[10167 10162 10161 10158]  -49.64 
[10718 10713 10712 10709]  -38.74 
[10763 10752 10751 10750]   58.11 
[11005 11000 10999 10996]   26.43 
Mapping
Ligand acceptors to protein hydrogens (mapping then atom ids)
  1  18 [ 13->7998]
Ligand hydrogens to protein acceptors (mapping then atom ids)
Ligand shape atoms to protein points (mapping then atom ids & coords)
  1  7294 [  1->(150.500 141.500 157.500)]
  2  7281 [  2->(150.500 140.750 157.250)]
  4  8251 [  4->(151.500 142.000 159.250)]
  5  8248 [  9->(151.500 142.000 158.500)]
Chromosome values
Integers:
  17   -1   -1   -1   -1   -1 7293 7280   -1 8250 8247   -1 
  -1   -1   -1   -1   -1   -1   -1   -1 
--------------------------------------------------------------------------------

Current Ranking  2  3  1

--------------------------------------------------------------------------------

* GA execution time :                                                           
  total  1.0882 user  1.0882 sys  0.0000

--------------------------------------------------------------------------------
Fitness function evaluations: 94895

--------------------------------------------------------------------------------
** Docking run number  4 **
--------------------------------------------------------------------------------
  Rank fitness base is 5000.00 ; increment is 11.2233

* Initialising population(s) ...                                                
Number of constraints mappings 0
Number of constraints 0
  Population no.                           :      1
  Population size                          :    100
  Number of duplicates                     :      0
  Number of niche violations               :      0
  Number of errors                         :   3019

Number of constraints mappings 0
Number of constraints 0
  Population no.                           :      2
  Population size                          :    100
  Number of duplicates                     :      0
  Number of niche violations               :      0
  Number of errors                         :   3059

Number of constraints mappings 0
Number of constraints 0
  Population no.                           :      3
  Population size                          :    100
  Number of duplicates                     :      0
  Number of niche violations               :      0
  Number of errors                         :   3165

Number of constraints mappings 0
Number of constraints 0
  Population no.                           :      4
  Population size                          :    100
  Number of duplicates                     :      0
  Number of niche violations               :      0
  Number of errors                         :   3077


Doing GA, no. of population(s) 4 size 100 selection pressure 1.100000

 Operation      Score     S(PLP)   S(hbond)     S(cho)   S(metal)  DE(clash)   DE(tors)     intcor
         0      10.31     -14.80       0.00       0.00       0.00       0.82       1.99       0.33
       315      14.35     -18.17       0.00       0.22       0.00       0.82       1.99       0.33
      1482      15.79     -15.78       0.29       0.52       0.00       0.00       1.37       0.33
      1780      16.92     -17.48       0.13       0.03       0.00       0.00       0.68       0.33
      2984      21.51     -22.23       1.00       0.00       0.00       0.60       1.72       0.33
      3860      23.60     -24.44       0.96       0.00       0.00       0.60       1.72       0.33
      4566      26.35     -28.91       0.41       0.00       0.00       0.00       2.06       0.33
      6850      27.49     -29.80       1.43       0.00       0.00       2.56       2.18       0.33
      8401      28.12     -30.39       1.44       0.00       0.00       2.56       2.18       0.33
      9182      28.34     -29.12       1.00       0.00       0.00       0.00       2.06       0.33
     11065      30.46     -31.06       1.00       1.00       0.00       2.56       2.18       0.33
     13233      31.95     -31.27       0.00       1.00       0.00       0.00       1.32       0.33
     14676      36.28     -34.56       1.00       0.52       0.00       0.00       1.59       0.33
     16120      36.43     -35.04       1.00       0.52       0.00       0.00       1.76       0.33
     16159      36.92     -32.94       1.00       0.88       0.00       0.00       0.99       0.33
     16177      37.26     -34.20       1.46       0.51       0.00       0.00       1.58       0.33
     16796      38.11     -37.66       0.21       1.00       0.00       0.00       1.76       0.33
     16827      40.41     -36.64       1.00       0.88       0.00       0.00       1.10       0.33
     17128      40.98     -34.04       1.61       1.00       0.00       0.00       0.61       0.33
     17800      41.17     -34.05       1.66       1.00       0.00       0.00       0.59       0.33
     20280      41.69     -37.92       1.38       0.73       0.00       0.00       1.45       0.33
     21942      42.56     -38.97       1.25       0.79       0.00       0.00       1.42       0.33
     23942      44.43     -35.31       1.69       1.73       0.00       0.00       0.73       0.33
     27231      45.63     -39.66       1.56       0.88       0.00       0.00       0.83       0.33
     28160      45.80     -41.54       1.11       0.88       0.00       0.00       1.02       0.33
     30159      45.84     -43.93       1.00       0.88       0.00       0.89       1.58       0.33
     30452      45.92     -41.64       1.00       0.88       0.00       0.00       0.84       0.33
     31619      46.16     -44.21       1.00       0.88       0.00       1.08       1.46       0.33
     33049      46.37     -42.28       1.00       0.88       0.00       0.00       0.93       0.33
     33563      47.59     -40.53       2.00       0.88       0.00       0.00       0.95       0.33
     34736      48.40     -41.96       2.00       0.88       0.00       0.00       1.26       0.33
     40124      48.42     -42.07       2.00       0.88       0.00       0.00       1.31       0.33
     47244      49.56     -44.83       2.00       0.88       0.00       1.00       1.61       0.33
--------------------------------------------------------------------------------
Best docking solution after GA:
     49000      49.56     -44.83       2.00       0.88       0.00       1.00       1.61       0.33

#ops:      49000 #mutates:  23237 #cross:    23305 #migrate:   2458 
#dups:     14540 #niche:    23072 #errors:    3963 
--------------------------------------------------------------------------------

Doing AMOEBA simplex on best individual
Done simplexing #iterations 939, best score  52.73

Ligand is stored in gold_soln_AV-procd_m770_4.sdf


--------------------------------------------------------------------------------
--- CHEMPLP breakdown of terms                                               ---
--------------------------------------------------------------------------------
CHEMPLP = - ( 1.0000*S(PLP) + -3.0000*S(hbond) + -6.0000*S(metal) + -3.0000*S(cho) )

Score = CHEMPLP - 1.0000*DE(clash) - 2.0000*DE(tors)

Internal energy term has been corrected with the best internal energy encountered.

--------------------------------------------------------------------------------


     Score     S(PLP)   S(hbond)     S(cho)   S(metal)  DE(clash)   DE(tors)     intcor
     52.73     -46.98       2.00       0.89       0.00       0.00       1.63       0.33

--------------------------------------------------------------------------------
--- PLP analysis of protein-ligand interactions                              ---
--------------------------------------------------------------------------------
hydrogen bonding        :      -2.00
metal                   :       0.00
buried (polar-nonpolar) :      -6.64
nonpolar                :     -40.02
repulsive               :       0.89
--------------------------------------------------------------------------------


--------------------------------------------------------------------------------
--- ChemScore analysis of protein-ligand interactions                        ---
--------------------------------------------------------------------------------

* Hydrogen bonds                                                                
Protein donor 6896 hydrogen 6909 Ligand acceptor   24 bond energy  1.00 wt 1.00
Protein donor 7989 hydrogen 7998 Ligand acceptor   13 bond energy  1.00 wt 1.00


* CH..O interactions                                                            
  CH group selection                       : activated ring CH (adjacent to hetatom)
Ligand carbon   14 hydrogen   41 Protein acceptor 7957 bond energy  1.00 wt 0.89

--------------------------------------------------------------------------------


--------------------------------------------------------------------------------
--- Intra-ligand clashes                                                     ---
--------------------------------------------------------------------------------

Ligand
--------------------------------------------------------------------------------

--------------------------------------------------------------------------------
--- Rescoring solution                                                       ---
--------------------------------------------------------------------------------

     Score         DG    S(hbond)    S(metal)    S(lipo)     H(rot)  DE(clash)    DE(int)
      7.73     -14.49       1.12        0.00      92.26       2.16       2.64       4.12

Doing AMOEBA simplex on best individual
Done simplexing #iterations 958, best score  10.09

     Score         DG    S(hbond)    S(metal)    S(lipo)     H(rot)  DE(clash)    DE(int)
     10.09     -14.63       1.14        0.00      92.98       2.16       0.48       4.05

--------------------------------------------------------------------------------
--- ChemScore breakdown of terms                                             ---
--------------------------------------------------------------------------------
DG = -5.4800 + -3.3400*S(hbond)
     + -6.0300*S(metal) + -0.1170*S(lipo) + 2.5600*H(rot)


H(rot) = 2.1589

Score = -(DG + DE(clash) + DE(int))


--------------------------------------------------------------------------------


--------------------------------------------------------------------------------
--- ChemScore analysis of protein-ligand interactions                        ---
--------------------------------------------------------------------------------

* Hydrogen bonds                                                                
Protein donor 6896 hydrogen 6909 Ligand acceptor   24 bond energy  1.00 wt 0.85
Protein donor 7989 hydrogen 7998 Ligand acceptor   13 bond energy  1.00 wt 0.29

CHEMSCORE EXTRA INTERACTIONS:

* Clashes                                                                       
Clash for ligand atom   3 (**** ):   0.22
Clash for ligand atom   8 (**** ):   0.04
Clash for ligand atom  14 (**** ):   0.02
Clash for ligand atom  15 (**** ):   0.04
Clash for ligand atom  19 (**** ):   0.16
Clash for ligand atom  24 (**** ):   0.01
--------------------------------------------------------------------------------


--------------------------------------------------------------------------------
--- Chromosome decoded                                                       ---
--------------------------------------------------------------------------------
Ligand Torsions
[   6    5    4    3]   69.64
[   2   11   12   17] -153.56
[  22   21   20   16]  -98.98
[  29   22   21   20] -150.93
[  24   23   22   21]  -84.68
[  47   24   23   22]  -52.86
Protein Torsions
[6907 6896 6895 6894]   -5.03 
[7974 7965 7964 7962] -178.45 
[8008 7997 7996 7995] -105.14 
[10167 10162 10161 10158]    0.46 
[10718 10713 10712 10709]  -85.91 
[10763 10752 10751 10750]  105.11 
[11005 11000 10999 10996]   21.43 
Mapping
Ligand acceptors to protein hydrogens (mapping then atom ids)
  1  18 [ 13->7998]
Ligand hydrogens to protein acceptors (mapping then atom ids)
Ligand shape atoms to protein points (mapping then atom ids & coords)
  4  8242 [  4->(151.500 141.750 158.250)]
  5  8776 [  9->(152.000 142.000 159.750)]
Chromosome values
Integers:
  17   -1   -1   -1   -1   -1   -1   -1   -1 8241 8775   -1 
  -1   -1   -1   -1   -1   -1   -1   -1 
--------------------------------------------------------------------------------

Current Ranking  4  2  3  1

--------------------------------------------------------------------------------

* GA execution time :                                                           
  total  1.0228 user  1.0228 sys  0.0000

--------------------------------------------------------------------------------
Fitness function evaluations: 95041

--------------------------------------------------------------------------------
** Docking run number  5 **
--------------------------------------------------------------------------------
  Rank fitness base is 5000.00 ; increment is 11.2233

* Initialising population(s) ...                                                
Number of constraints mappings 0
Number of constraints 0
  Population no.                           :      1
  Population size                          :    100
  Number of duplicates                     :      0
  Number of niche violations               :      0
  Number of errors                         :   3222

Number of constraints mappings 0
Number of constraints 0
  Population no.                           :      2
  Population size                          :    100
  Number of duplicates                     :      0
  Number of niche violations               :      0
  Number of errors                         :   3029

Number of constraints mappings 0
Number of constraints 0
  Population no.                           :      3
  Population size                          :    100
  Number of duplicates                     :      0
  Number of niche violations               :      0
  Number of errors                         :   2939

Number of constraints mappings 0
Number of constraints 0
  Population no.                           :      4
  Population size                          :    100
  Number of duplicates                     :      0
  Number of niche violations               :      0
  Number of errors                         :   3157


Doing GA, no. of population(s) 4 size 100 selection pressure 1.100000

 Operation      Score     S(PLP)   S(hbond)     S(cho)   S(metal)  DE(clash)   DE(tors)     intcor
         0      26.89     -27.61       0.99       0.00       0.00       0.00       2.01       0.33
       439      26.89     -27.61       0.99       0.00       0.00       0.00       2.01       0.33
      1559      28.67     -28.01       0.99       0.00       0.00       0.00       1.32       0.33
      2943      28.93     -27.65       0.99       0.00       0.00       0.43       0.80       0.33
      3132      30.37     -28.88       0.64       0.00       0.00       0.00       0.38       0.33
      4496      30.46     -28.88       0.67       0.00       0.00       0.00       0.38       0.33
      4963      30.77     -33.87       2.21       0.00       0.00       4.87       2.59       0.33
      6895      31.61     -33.10       1.74       0.00       0.00       3.11       1.97       0.33
      7440      33.14     -31.55       0.99       0.00       0.00       0.00       0.86       0.33
      9060      33.18     -30.91       0.99       0.00       0.00       0.00       0.52       0.33
      9128      36.05     -34.55       0.80       0.00       0.00       0.00       0.62       0.33
     11535      37.91     -37.10       2.69       0.00       0.00       2.15       2.72       0.33
     12450      37.98     -37.10       2.71       0.00       0.00       2.15       2.72       0.33
     12675      42.10     -43.07       2.10       0.00       0.00       2.15       2.72       0.33
     14407      42.34     -43.74       1.98       0.00       0.00       2.15       2.76       0.33
     15795      43.52     -42.60       1.44       0.00       0.00       0.00       1.86       0.33
     19816      43.63     -42.60       1.48       0.00       0.00       0.00       1.86       0.33
     23529      43.66     -42.60       1.49       0.00       0.00       0.00       1.86       0.33
     27617      43.76     -42.60       1.52       0.00       0.00       0.00       1.86       0.33
     28333      43.89     -42.69       1.54       0.00       0.00       0.00       1.87       0.33
     36241      43.94     -42.69       1.55       0.00       0.00       0.00       1.87       0.33
     39256      50.71     -45.71       2.63       0.00       0.00       0.00       1.60       0.33
     39736      50.71     -45.71       2.63       0.00       0.00       0.00       1.60       0.33
     44920      50.91     -45.71       2.71       0.00       0.00       0.00       1.62       0.33
     44935      50.95     -45.96       2.77       0.00       0.00       0.00       1.82       0.33
     45044      51.33     -45.96       2.75       0.00       0.00       0.00       1.61       0.33
     46144      51.65     -46.78       2.73       0.00       0.00       0.00       1.83       0.33
     47026      52.18     -47.17       2.78       0.00       0.00       0.00       1.83       0.33
     48478      52.61     -47.28       2.72       0.00       0.00       0.00       1.58       0.33
--------------------------------------------------------------------------------
Best docking solution after GA:
     49000      52.61     -47.28       2.72       0.00       0.00       0.00       1.58       0.33

#ops:      49000 #mutates:  23212 #cross:    23254 #migrate:   2534 
#dups:     17232 #niche:    24849 #errors:    3658 
--------------------------------------------------------------------------------

Doing AMOEBA simplex on best individual
Done simplexing #iterations 980, best score  57.36

Ligand is stored in gold_soln_AV-procd_m770_5.sdf


--------------------------------------------------------------------------------
--- CHEMPLP breakdown of terms                                               ---
--------------------------------------------------------------------------------
CHEMPLP = - ( 1.0000*S(PLP) + -3.0000*S(hbond) + -6.0000*S(metal) + -3.0000*S(cho) )

Score = CHEMPLP - 1.0000*DE(clash) - 2.0000*DE(tors)

Internal energy term has been corrected with the best internal energy encountered.

--------------------------------------------------------------------------------


     Score     S(PLP)   S(hbond)     S(cho)   S(metal)  DE(clash)   DE(tors)     intcor
     57.36     -52.12       2.79       0.00       0.00       0.00       1.73       0.33

--------------------------------------------------------------------------------
--- PLP analysis of protein-ligand interactions                              ---
--------------------------------------------------------------------------------
hydrogen bonding        :      -3.84
metal                   :       0.00
buried (polar-nonpolar) :      -7.48
nonpolar                :     -41.16
repulsive               :       0.15
--------------------------------------------------------------------------------


--------------------------------------------------------------------------------
--- ChemScore analysis of protein-ligand interactions                        ---
--------------------------------------------------------------------------------

* Hydrogen bonds                                                                
Protein donor 6896 hydrogen 6908 Ligand acceptor   24 bond energy  1.00 wt 0.99
Protein donor 7989 hydrogen 7998 Ligand acceptor   13 bond energy  1.00 wt 0.03
Protein donor 7997 hydrogen 8009 Ligand acceptor   13 bond energy  1.00 wt 1.00
Protein donor 10752 hydrogen 10764 Ligand acceptor   15 bond energy  1.00 wt 0.77


* CH..O interactions                                                            
  CH group selection                       : activated ring CH (adjacent to hetatom)

--------------------------------------------------------------------------------


--------------------------------------------------------------------------------
--- Intra-ligand clashes                                                     ---
--------------------------------------------------------------------------------

Ligand
--------------------------------------------------------------------------------

--------------------------------------------------------------------------------
--- Rescoring solution                                                       ---
--------------------------------------------------------------------------------

     Score         DG    S(hbond)    S(metal)    S(lipo)     H(rot)  DE(clash)    DE(int)
      9.97     -14.55       1.43        0.00      83.80       2.16       0.95       3.63

Doing AMOEBA simplex on best individual
Done simplexing #iterations 960, best score  16.54

     Score         DG    S(hbond)    S(metal)    S(lipo)     H(rot)  DE(clash)    DE(int)
     16.54     -18.19       2.38        0.00      87.84       2.16       0.00       1.65

--------------------------------------------------------------------------------
--- ChemScore breakdown of terms                                             ---
--------------------------------------------------------------------------------
DG = -5.4800 + -3.3400*S(hbond)
     + -6.0300*S(metal) + -0.1170*S(lipo) + 2.5600*H(rot)


H(rot) = 2.1589

Score = -(DG + DE(clash) + DE(int))


--------------------------------------------------------------------------------


--------------------------------------------------------------------------------
--- ChemScore analysis of protein-ligand interactions                        ---
--------------------------------------------------------------------------------

* Hydrogen bonds                                                                
Protein donor 6896 hydrogen 6908 Ligand acceptor   24 bond energy  1.00 wt 0.90
Protein donor 7997 hydrogen 8009 Ligand acceptor   13 bond energy  1.00 wt 0.82
Protein donor 10752 hydrogen 10764 Ligand acceptor   15 bond energy  1.00 wt 0.67

CHEMSCORE EXTRA INTERACTIONS:

* Clashes                                                                       
--------------------------------------------------------------------------------


--------------------------------------------------------------------------------
--- Chromosome decoded                                                       ---
--------------------------------------------------------------------------------
Ligand Torsions
[   6    5    4    3]  -49.80
[   2   11   12   17]  -74.26
[  22   21   20   16]  127.27
[  29   22   21   20] -172.35
[  24   23   22   21]  173.60
[  47   24   23   22]   97.11
Protein Torsions
[6907 6896 6895 6894]   83.69 
[7974 7965 7964 7962] -135.52 
[8008 7997 7996 7995] -145.14 
[10167 10162 10161 10158] -120.19 
[10718 10713 10712 10709]  129.30 
[10763 10752 10751 10750]  -95.47 
[11005 11000 10999 10996]  -54.95 
Mapping
Ligand acceptors to protein hydrogens (mapping then atom ids)
  1  20 [ 13->8009]
Ligand hydrogens to protein acceptors (mapping then atom ids)
Ligand shape atoms to protein points (mapping then atom ids & coords)
  2  6805 [  2->(149.500 140.750 155.750)]
  4  9041 [  4->(152.250 142.750 160.250)]
Chromosome values
Integers:
  19   -1   -1   -1   -1   -1   -1 6804   -1 9040   -1   -1 
  -1   -1   -1   -1   -1   -1   -1   -1 
--------------------------------------------------------------------------------

Current Ranking  5  4  2  3  1

Top  3 (of  5) solutions are within 1.500 RMSD, finishing docking /DATA2/COVID-19/PDBs_&_Models/AV-procd.sdf.


--------------------------------------------------------------------------------

* GA execution time :                                                           
  total  1.0266 user  1.0226 sys  0.0040

--------------------------------------------------------------------------------
Fitness function evaluations: 95899

--------------------------------------------------------------------------------
--- Ranking analysis                                                         ---
--------------------------------------------------------------------------------


* Final ranked order of GA solutions:                                           
   5  4  2  3  1 

  _______________________________
  RMSD Matrix of RANKED solutions

        2    3    4    5  

   1 :  1.5  1.1  1.8  1.7
   2 :       0.9  1.4  1.6
   3 :            1.7  1.3
   4 :                 2.2

  Clustering method                        : complete linkage
  Structure ids in cluster table           : rank nos.
  Ordering of clusters and their members   : by rank (order if from rms_analysis)

  Distance | Clusters
   0.85    |  1 |  2  3 |  4 |  5 |
   1.47    |  1  2  3 |  4 |  5 |
   1.71    |  1  2  3  5 |  4 |
   2.21    |  1  2  3  4  5 |
  Finished Docking Ligand                  : /DATA2/COVID-19/PDBs_&_Models/AV-procd.sdf
--------------------------------------------------------------------------------

  Relative_Ligand_Energy (best encountered) :   0.330
  Relative_Ligand_Energy: fitness values have been corrected using this amount
