
--------------------------------------------------------------------------------
--- Ligand                                                                   ---
--------------------------------------------------------------------------------
  Ligand loaded from file                  : /DATA2/COVID-19/PDBs_&_Models/AV-procd.sdf
  Ligand name                              :  
  "AV-unprocessed.smi:1789                                                  "

--------------------------------------------------------------------------------
  N.plc donors                             : 
  none found

  Acidic nitrogen acceptors                : 
  none found
  Sulfur acceptors                         :
  none found


  Donor atoms                              :      3
  5   8   13  
  Acceptor atoms                           :      4
  7   13  16  17  

  Hydrogens                                :  (n = 3)
  22   23   30   

  Lone pairs added to molecule             :      7
  Numbering                                : from 35 to 41
  Choline groups                           : 
   

--------------------------------------------------------------------------------
--- Postprocessing of typing                                                 ---
--------------------------------------------------------------------------------
  Fragment file                            : /home/scv26/CCDC/Discovery_2020/GOLD/gold/rotatable_bond_override.mol2
  acylurea fragment                        : no matches
  thioacylthiourea fragment                : no matches
  acylthiourea fragment                    : no matches
  thioacylurea fragment                    : no matches
  diarylamine fragment >C.ar-NH-C.ar<      : no matches
  sec-amine (1) fragment                   : no matches
  sec-amine (2) fragment                   : no matches
  sec-amine (3) fragment                   : no matches
  carboxylic ester                         : no matches

* Rotatable bonds in /DATA2/COVID-19/PDBs  :
  [   4    5] [   8    9] [  12   13] 
  No. of rotatable bonds                   :      3


* Fragments found in /DATA2/COVID-19/PDBs  :


* Checking torsion distributions:                                               
  No. of matched torsions                  :      0

--------------------------------------------------------------------------------
--- Shape fitting atoms selection (hydrophobic atoms)                        ---
--------------------------------------------------------------------------------
  Molecule                                 : /DATA2/COVID-19/PDBs_&_Models/AV-procd.sdf
  Selection                                : carbons only
  Atom numbers                             :  (n = 8)
  1    3    9    10   11   12   14   15   


--------------------------------------------------------------------------------
--- ChemScore ligand setup summary                                           ---
--------------------------------------------------------------------------------
  ChemScore ligand acceptors               :      4
  7 13 16 17 
  ChemScore ligand donors                  :      3
  5 ( 22  ) 8 ( 23  ) 13 ( 30  ) 
  ChemScore ligand CH donors               :      0
  

  ChemScore ligand lipophilic atoms        :  (n = 9)
  1    2    3    9    10   11   12   14   15   

  ChemScore ligand rotatable bonds         :      3
  4   (****) - 5   (****): SP2_SP2_BOND
  8   (****) - 9   (****): SP3_SP2_BOND
  12  (****) - 13  (****): SP3_SP3_BOND

--------------------------------------------------------------------------------
--- PLP ligand setup summary                                                 ---
--------------------------------------------------------------------------------
    1  ****   C.3 NONPOLAR
    2  ****   C.2 NONPOLAR
    3  ****   C.2 NONPOLAR
    4  ****   C.2 NONPOLAR
    5  ****  N.am DONOR
    6  ****   C.2 NONPOLAR
    7  ****   O.2 ACCEPTOR
    8  ****  N.am DONOR
    9  ****   C.3 NONPOLAR
   10  ****   C.3 NONPOLAR
   11  ****   C.3 NONPOLAR
   12  ****   C.3 NONPOLAR
   13  ****   O.3 DONACC
   14  ****   C.3 NONPOLAR
   15  ****   C.3 NONPOLAR
   16  ****   N.2 ACCEPTOR
   17  ****   O.3 ACCEPTOR


--------------------------------------------------------------------------------
--- Automatic parameter setting                                              ---
--------------------------------------------------------------------------------
  Contribution base                        :   2500
  Contribution per rotatable bond          :   6000
  Contribution per df                      :   4000
  Contribution per water                   :  10000
  Ligand rotatable bonds                   :      3
  Protein flexible side chain bonds        :      0
  Total rotatable bonds                    :      3
  Hydrophobic vol ratio (P/L)              :   2.884
  Base multiplier (polar)                  :   1.400
  Base multiplier (apolar)                 :   4.614
  Base contribution                        : 15000.000
  Fitting points                           :      7
  Estimated maxops needed (optimal)        :  33500

--------------------------------------------------------------------------------

* Population settings                                                           
  maxops                                   :  33500
  popsiz                                   :    100
  select_pressure                          :   1.100
  n_islands                                :      3
  niche_siz                                :      2

* GA settings                                                                   
  pt_crosswt                               :     95
  allele_mutatewt                          :     95
  migratewt                                :     10

* Search settings                                                               
  start_vdw_linear_cutoff                  :   4.000
  initial_virtual_pt_match_max             :   3.000

--------------------------------------------------------------------------------

* Ligand initialisation time :                                                  
  total  0.0049 user  0.0049 sys  0.0000

--------------------------------------------------------------------------------

--------------------------------------------------------------------------------
** Docking run number  1 **
--------------------------------------------------------------------------------
  Rank fitness base is 5000.00 ; increment is 11.2233

* Initialising population(s) ...                                                
Number of constraints mappings 0
Number of constraints 0
  Population no.                           :      1
  Population size                          :    100
  Number of duplicates                     :      0
  Number of niche violations               :      0
  Number of errors                         :   6604

Number of constraints mappings 0
Number of constraints 0
  Population no.                           :      2
  Population size                          :    100
  Number of duplicates                     :      0
  Number of niche violations               :      0
  Number of errors                         :   6546

Number of constraints mappings 0
Number of constraints 0
  Population no.                           :      3
  Population size                          :    100
  Number of duplicates                     :      0
  Number of niche violations               :      0
  Number of errors                         :   6800


Doing GA, no. of population(s) 3 size 100 selection pressure 1.100000

 Operation      Score     S(PLP)   S(hbond)     S(cho)   S(metal)  DE(clash)   DE(tors)     intcor
         0      23.33     -24.91       0.00       0.00       0.00       0.00       0.79       0.00
       118      24.17     -22.18       1.19       0.00       0.00       0.00       0.80       0.00
       721      24.52     -19.03       2.00       0.00       0.00       0.00       0.26       0.00
      1262      27.78     -23.79       1.89       0.00       0.00       1.13       0.27       0.00
      2417      28.87     -23.79       2.25       0.00       0.00       1.13       0.27       0.00
      2861      30.21     -25.32       2.23       0.00       0.00       1.13       0.34       0.00
      3361      30.56     -25.70       2.18       0.00       0.00       0.00       0.85       0.00
      6487      30.71     -25.77       2.15       0.00       0.00       0.00       0.76       0.00
      8261      32.15     -25.32       2.88       0.00       0.00       1.13       0.34       0.00
      9945      35.49     -29.28       2.49       0.00       0.00       0.00       0.62       0.00
     11751      36.40     -27.64       3.33       0.00       0.00       0.00       0.62       0.00
     12651      36.42     -27.64       3.34       0.00       0.00       0.00       0.62       0.00
     13094      38.13     -30.18       3.07       0.00       0.00       0.00       0.62       0.00
     13221      38.41     -31.00       2.89       0.00       0.00       0.00       0.62       0.00
     13863      38.47     -31.00       2.90       0.00       0.00       0.00       0.62       0.00
     15225      38.50     -30.90       2.95       0.00       0.00       0.00       0.62       0.00
     15915      38.78     -31.30       2.87       0.00       0.00       0.00       0.56       0.00
     16451      38.85     -31.31       2.85       0.00       0.00       0.00       0.51       0.00
     16536      38.93     -30.90       3.09       0.00       0.00       0.00       0.62       0.00
     16779      39.15     -30.90       3.16       0.00       0.00       0.00       0.62       0.00
     18351      39.26     -31.18       3.11       0.00       0.00       0.00       0.62       0.00
     18847      39.42     -31.03       3.21       0.00       0.00       0.00       0.62       0.00
     19323      39.78     -31.38       3.16       0.00       0.00       0.00       0.55       0.00
     23189      39.84     -31.38       3.18       0.00       0.00       0.00       0.55       0.00
     27376      40.24     -31.39       3.30       0.00       0.00       0.00       0.53       0.00
     31836      40.35     -31.34       3.39       0.00       0.00       0.00       0.58       0.00
     32499      40.57     -31.33       3.44       0.00       0.00       0.00       0.55       0.00
     32630      40.61     -31.17       3.57       0.00       0.00       0.00       0.64       0.00
     32647      40.83     -31.48       3.47       0.00       0.00       0.00       0.53       0.00
--------------------------------------------------------------------------------
Best docking solution after GA:
     33500      40.83     -31.48       3.47       0.00       0.00       0.00       0.53       0.00

#ops:      33500 #mutates:  15830 #cross:    15985 #migrate:   1685 
#dups:      6667 #niche:    17925 #errors:    1819 
--------------------------------------------------------------------------------

Doing AMOEBA simplex on best individual
Done simplexing #iterations 552, best score  41.32

Ligand is stored in gold_soln_AV-procd_m7214_1.sdf


--------------------------------------------------------------------------------
--- CHEMPLP breakdown of terms                                               ---
--------------------------------------------------------------------------------
CHEMPLP = - ( 1.0000*S(PLP) + -3.0000*S(hbond) + -6.0000*S(metal) + -3.0000*S(cho) )

Score = CHEMPLP - 1.0000*DE(clash) - 2.0000*DE(tors)

Internal energy term has been corrected with the best internal energy encountered.

--------------------------------------------------------------------------------


     Score     S(PLP)   S(hbond)     S(cho)   S(metal)  DE(clash)   DE(tors)     intcor
     41.32     -31.51       3.59       0.00       0.00       0.00       0.47       0.00

--------------------------------------------------------------------------------
--- PLP analysis of protein-ligand interactions                              ---
--------------------------------------------------------------------------------
hydrogen bonding        :      -5.13
metal                   :       0.00
buried (polar-nonpolar) :      -5.72
nonpolar                :     -22.12
repulsive               :       0.11
--------------------------------------------------------------------------------


--------------------------------------------------------------------------------
--- ChemScore analysis of protein-ligand interactions                        ---
--------------------------------------------------------------------------------

* Hydrogen bonds                                                                
Ligand donor    5 hydrogen   22 Protein acceptor 7948 bond energy  1.00 wt 0.70
Ligand donor    8 hydrogen   23 Protein acceptor 7948 bond energy  1.00 wt 1.00
Ligand donor   13 hydrogen   30 Protein acceptor 10186 bond energy  1.00 wt 0.89
Protein donor 10785 hydrogen 10796 Ligand acceptor   13 bond energy  1.00 wt 0.99


* CH..O interactions                                                            
  CH group selection                       : activated ring CH (adjacent to hetatom)

--------------------------------------------------------------------------------


--------------------------------------------------------------------------------
--- Intra-ligand clashes                                                     ---
--------------------------------------------------------------------------------

Ligand
--------------------------------------------------------------------------------

--------------------------------------------------------------------------------
--- Rescoring solution                                                       ---
--------------------------------------------------------------------------------

     Score         DG    S(hbond)    S(metal)    S(lipo)     H(rot)  DE(clash)    DE(int)
     14.74     -15.48       1.99        0.00      61.18       1.49       0.20       0.53

Doing AMOEBA simplex on best individual
Done simplexing #iterations 815, best score  18.03

     Score         DG    S(hbond)    S(metal)    S(lipo)     H(rot)  DE(clash)    DE(int)
     18.03     -18.61       3.03        0.00      58.16       1.49       0.07       0.51

--------------------------------------------------------------------------------
--- ChemScore breakdown of terms                                             ---
--------------------------------------------------------------------------------
DG = -5.4800 + -3.3400*S(hbond)
     + -6.0300*S(metal) + -0.1170*S(lipo) + 2.5600*H(rot)


H(rot) = 1.4887

Score = -(DG + DE(clash) + DE(int))


--------------------------------------------------------------------------------


--------------------------------------------------------------------------------
--- ChemScore analysis of protein-ligand interactions                        ---
--------------------------------------------------------------------------------

* Hydrogen bonds                                                                
Ligand donor    5 hydrogen   22 Protein acceptor 7948 bond energy  1.00 wt 0.79
Ligand donor    8 hydrogen   23 Protein acceptor 7948 bond energy  1.00 wt 0.77
Ligand donor   13 hydrogen   30 Protein acceptor 10186 bond energy  1.00 wt 0.79
Protein donor 10785 hydrogen 10796 Ligand acceptor   13 bond energy  1.00 wt 0.69

CHEMSCORE EXTRA INTERACTIONS:

* Clashes                                                                       
Clash for ligand atom  14 (**** ):   0.07
--------------------------------------------------------------------------------


--------------------------------------------------------------------------------
--- Chromosome decoded                                                       ---
--------------------------------------------------------------------------------
Ligand Torsions
[   3    4    5    6]   51.24
[  15    9    8    6]  174.58
[  30   13   12   11]  115.88
Protein Torsions
[6907 6896 6895 6894]  -45.58 
[7974 7965 7964 7962]  -93.95 
[8008 7997 7996 7995]  123.97 
[10167 10162 10161 10158] -168.26 
[10718 10713 10712 10709]   31.07 
[10763 10752 10751 10750] -126.74 
[11005 11000 10999 10996] -131.54 
Mapping
Ligand acceptors to protein hydrogens (mapping then atom ids)
  2  48 [ 13->10796]
Ligand hydrogens to protein acceptors (mapping then atom ids)
  1   7 [ 22->7948]
  2   7 [ 23->7948]
  3  26 [ 30->10186]
Ligand shape atoms to protein points (mapping then atom ids & coords)
  3  4771 [  9->(146.250 133.250 151.500)]
  7  2728 [ 14->(144.250 134.500 150.000)]
Chromosome values
Integers:
  -1   47   -1   -1    6    6   25   -1   -1 4770   -1   -1 
  -1 2727   -1 
--------------------------------------------------------------------------------

Current Ranking  1

--------------------------------------------------------------------------------

* GA execution time :                                                           
  total  0.6653 user  0.6653 sys  0.0000

--------------------------------------------------------------------------------
Fitness function evaluations: 78227

--------------------------------------------------------------------------------
** Docking run number  2 **
--------------------------------------------------------------------------------
  Rank fitness base is 5000.00 ; increment is 11.2233

* Initialising population(s) ...                                                
Number of constraints mappings 0
Number of constraints 0
  Population no.                           :      1
  Population size                          :    100
  Number of duplicates                     :      0
  Number of niche violations               :      0
  Number of errors                         :   6998

Number of constraints mappings 0
Number of constraints 0
  Population no.                           :      2
  Population size                          :    100
  Number of duplicates                     :      0
  Number of niche violations               :      0
  Number of errors                         :   6741

Number of constraints mappings 0
Number of constraints 0
  Population no.                           :      3
  Population size                          :    100
  Number of duplicates                     :      0
  Number of niche violations               :      0
  Number of errors                         :   6892


Doing GA, no. of population(s) 3 size 100 selection pressure 1.100000

 Operation      Score     S(PLP)   S(hbond)     S(cho)   S(metal)  DE(clash)   DE(tors)     intcor
         0      23.52     -18.39       2.08       0.00       0.00       0.00       0.56       0.00
       797      25.86     -21.36       1.75       0.00       0.00       0.00       0.38       0.00
       968      26.34     -21.36       1.91       0.00       0.00       0.00       0.38       0.00
      1235      29.25     -21.24       3.07       0.00       0.00       0.00       0.60       0.00
      3115      29.41     -24.62       2.15       0.00       0.00       0.00       0.83       0.00
      3419      30.13     -23.65       2.27       0.00       0.00       0.00       0.17       0.00
      4381      31.18     -21.94       3.10       0.00       0.00       0.00       0.03       0.00
      4756      31.35     -21.94       3.16       0.00       0.00       0.00       0.03       0.00
      5419      31.44     -21.94       3.19       0.00       0.00       0.00       0.03       0.00
      6227      33.67     -25.09       2.88       0.00       0.00       0.00       0.03       0.00
      6524      33.75     -25.09       2.91       0.00       0.00       0.00       0.03       0.00
      8271      34.67     -25.09       3.21       0.00       0.00       0.00       0.03       0.00
      8648      34.70     -25.10       3.22       0.00       0.00       0.00       0.03       0.00
     10768      35.88     -27.42       3.11       0.00       0.00       0.00       0.44       0.00
     12811      36.33     -29.66       2.52       0.00       0.00       0.00       0.44       0.00
     14005      36.41     -29.88       2.52       0.00       0.00       0.00       0.51       0.00
     14236      37.01     -29.88       2.72       0.00       0.00       0.00       0.51       0.00
     15271      38.87     -29.88       3.34       0.00       0.00       0.00       0.51       0.00
     17361      38.97     -29.88       3.37       0.00       0.00       0.00       0.51       0.00
     20722      39.00     -30.18       3.32       0.00       0.00       0.00       0.57       0.00
     26670      39.03     -30.12       3.33       0.00       0.00       0.00       0.54       0.00
     29904      39.08     -30.12       3.35       0.00       0.00       0.00       0.54       0.00
     31500      39.10     -30.17       3.35       0.00       0.00       0.00       0.56       0.00
--------------------------------------------------------------------------------
Best docking solution after GA:
     33500      39.10     -30.17       3.35       0.00       0.00       0.00       0.56       0.00

#ops:      33500 #mutates:  16008 #cross:    15818 #migrate:   1674 
#dups:      7142 #niche:    18829 #errors:    1823 
--------------------------------------------------------------------------------

Doing AMOEBA simplex on best individual
Done simplexing #iterations 695, best score  42.23

Ligand is stored in gold_soln_AV-procd_m7214_2.sdf


--------------------------------------------------------------------------------
--- CHEMPLP breakdown of terms                                               ---
--------------------------------------------------------------------------------
CHEMPLP = - ( 1.0000*S(PLP) + -3.0000*S(hbond) + -6.0000*S(metal) + -3.0000*S(cho) )

Score = CHEMPLP - 1.0000*DE(clash) - 2.0000*DE(tors)

Internal energy term has been corrected with the best internal energy encountered.

--------------------------------------------------------------------------------


     Score     S(PLP)   S(hbond)     S(cho)   S(metal)  DE(clash)   DE(tors)     intcor
     42.23     -31.53       3.78       0.00       0.00       0.00       0.32       0.00

--------------------------------------------------------------------------------
--- PLP analysis of protein-ligand interactions                              ---
--------------------------------------------------------------------------------
hydrogen bonding        :      -5.00
metal                   :       0.00
buried (polar-nonpolar) :      -4.93
nonpolar                :     -22.27
repulsive               :       0.13
--------------------------------------------------------------------------------


--------------------------------------------------------------------------------
--- ChemScore analysis of protein-ligand interactions                        ---
--------------------------------------------------------------------------------

* Hydrogen bonds                                                                
Ligand donor    5 hydrogen   22 Protein acceptor 7948 bond energy  1.00 wt 0.90
Ligand donor    8 hydrogen   23 Protein acceptor 7948 bond energy  1.00 wt 0.99
Ligand donor   13 hydrogen   30 Protein acceptor 10186 bond energy  1.00 wt 0.91
Protein donor 10785 hydrogen 10796 Ligand acceptor   13 bond energy  1.00 wt 0.98


* CH..O interactions                                                            
  CH group selection                       : activated ring CH (adjacent to hetatom)

--------------------------------------------------------------------------------


--------------------------------------------------------------------------------
--- Intra-ligand clashes                                                     ---
--------------------------------------------------------------------------------

Ligand
--------------------------------------------------------------------------------

--------------------------------------------------------------------------------
--- Rescoring solution                                                       ---
--------------------------------------------------------------------------------

     Score         DG    S(hbond)    S(metal)    S(lipo)     H(rot)  DE(clash)    DE(int)
     10.55     -15.02       1.89        0.00      60.01       1.49       1.60       2.87

Doing AMOEBA simplex on best individual
Done simplexing #iterations 827, best score  15.29

     Score         DG    S(hbond)    S(metal)    S(lipo)     H(rot)  DE(clash)    DE(int)
     15.29     -17.26       2.55        0.00      60.39       1.49       0.03       1.94

--------------------------------------------------------------------------------
--- ChemScore breakdown of terms                                             ---
--------------------------------------------------------------------------------
DG = -5.4800 + -3.3400*S(hbond)
     + -6.0300*S(metal) + -0.1170*S(lipo) + 2.5600*H(rot)


H(rot) = 1.4887

Score = -(DG + DE(clash) + DE(int))


--------------------------------------------------------------------------------


--------------------------------------------------------------------------------
--- ChemScore analysis of protein-ligand interactions                        ---
--------------------------------------------------------------------------------

* Hydrogen bonds                                                                
Ligand donor    5 hydrogen   22 Protein acceptor 7948 bond energy  1.00 wt 0.37
Ligand donor    8 hydrogen   23 Protein acceptor 7948 bond energy  1.00 wt 0.88
Ligand donor   13 hydrogen   30 Protein acceptor 10186 bond energy  1.00 wt 0.80
Protein donor 10785 hydrogen 10796 Ligand acceptor   13 bond energy  1.00 wt 0.50

CHEMSCORE EXTRA INTERACTIONS:

* Clashes                                                                       
Clash for ligand atom  14 (**** ):   0.03
--------------------------------------------------------------------------------


--------------------------------------------------------------------------------
--- Chromosome decoded                                                       ---
--------------------------------------------------------------------------------
Ligand Torsions
[   3    4    5    6]   38.34
[  15    9    8    6] -175.81
[  30   13   12   11]  114.09
Protein Torsions
[6907 6896 6895 6894]   39.38 
[7974 7965 7964 7962]   37.78 
[8008 7997 7996 7995]   93.25 
[10167 10162 10161 10158]  -39.56 
[10718 10713 10712 10709] -153.51 
[10763 10752 10751 10750] -172.06 
[11005 11000 10999 10996]   39.17 
Mapping
Ligand acceptors to protein hydrogens (mapping then atom ids)
Ligand hydrogens to protein acceptors (mapping then atom ids)
  1   7 [ 22->7948]
  2   7 [ 23->7948]
Ligand shape atoms to protein points (mapping then atom ids & coords)
  3  4202 [  9->(145.750 132.500 151.500)]
  5  3076 [ 11->(144.750 133.000 151.500)]
  7  2697 [ 14->(144.250 133.750 149.750)]
Chromosome values
Integers:
  -1   -1   -1   -1    6    6   -1   -1   -1 4201   -1 3075 
  -1 2696   -1 
--------------------------------------------------------------------------------

Current Ranking  2  1

--------------------------------------------------------------------------------

* GA execution time :                                                           
  total  0.6608 user  0.6608 sys  0.0000

--------------------------------------------------------------------------------
Fitness function evaluations: 78355

--------------------------------------------------------------------------------
** Docking run number  3 **
--------------------------------------------------------------------------------
  Rank fitness base is 5000.00 ; increment is 11.2233

* Initialising population(s) ...                                                
Number of constraints mappings 0
Number of constraints 0
  Population no.                           :      1
  Population size                          :    100
  Number of duplicates                     :      0
  Number of niche violations               :      0
  Number of errors                         :   6527

Number of constraints mappings 0
Number of constraints 0
  Population no.                           :      2
  Population size                          :    100
  Number of duplicates                     :      0
  Number of niche violations               :      0
  Number of errors                         :   6876

Number of constraints mappings 0
Number of constraints 0
  Population no.                           :      3
  Population size                          :    100
  Number of duplicates                     :      0
  Number of niche violations               :      0
  Number of errors                         :   7024


Doing GA, no. of population(s) 3 size 100 selection pressure 1.100000

 Operation      Score     S(PLP)   S(hbond)     S(cho)   S(metal)  DE(clash)   DE(tors)     intcor
         0      23.68     -20.72       1.63       0.00       0.00       0.00       0.97       0.00
       185      25.11     -24.02       2.29       0.00       0.00       5.04       0.37       0.00
      1049      25.45     -15.57       3.36       0.00       0.00       0.00       0.11       0.00
      1184      26.24     -16.36       3.37       0.00       0.00       0.00       0.11       0.00
      1202      26.47     -15.57       3.70       0.00       0.00       0.00       0.11       0.00
      1837      26.69     -22.69       1.63       0.00       0.00       0.00       0.45       0.00
      1879      26.86     -23.07       1.60       0.00       0.00       0.00       0.50       0.00
      2370      31.82     -25.10       2.88       0.00       0.00       0.00       0.97       0.00
      2940      32.03     -25.10       2.95       0.00       0.00       0.00       0.97       0.00
      3375      33.67     -24.95       3.56       0.00       0.00       0.00       0.98       0.00
      4080      33.76     -25.09       3.56       0.00       0.00       0.00       1.00       0.00
      4290      33.84     -25.16       2.94       0.00       0.00       0.00       0.07       0.00
      4904      34.05     -26.83       2.94       0.00       0.00       0.00       0.80       0.00
      5021      35.18     -25.16       3.38       0.00       0.00       0.00       0.07       0.00
      6117      36.71     -27.99       3.41       0.00       0.00       0.00       0.75       0.00
      6787      36.76     -28.04       3.41       0.00       0.00       0.00       0.75       0.00
      6902      37.02     -27.99       3.51       0.00       0.00       0.00       0.75       0.00
      7968      37.11     -28.55       2.95       0.00       0.00       0.00       0.14       0.00
      8025      37.56     -27.99       3.69       0.00       0.00       0.00       0.75       0.00
      9182      37.61     -28.60       3.50       0.00       0.00       0.00       0.75       0.00
      9819      37.68     -27.99       3.73       0.00       0.00       0.00       0.75       0.00
     10076      38.06     -28.60       3.65       0.00       0.00       0.00       0.75       0.00
     10829      38.10     -28.60       3.66       0.00       0.00       0.00       0.75       0.00
     12426      38.11     -28.31       3.77       0.00       0.00       0.00       0.75       0.00
     14091      38.12     -28.31       3.77       0.00       0.00       0.00       0.75       0.00
     16332      38.21     -28.40       3.77       0.00       0.00       0.00       0.75       0.00
     22373      38.21     -28.37       3.78       0.00       0.00       0.00       0.75       0.00
     23391      38.58     -28.65       3.81       0.00       0.00       0.00       0.75       0.00
     25583      38.65     -28.92       3.74       0.00       0.00       0.00       0.75       0.00
     26055      38.66     -30.73       3.00       0.00       0.00       0.46       0.31       0.00
--------------------------------------------------------------------------------
Best docking solution after GA:
     33500      38.66     -30.73       3.00       0.00       0.00       0.46       0.31       0.00

#ops:      33500 #mutates:  15829 #cross:    16007 #migrate:   1664 
#dups:      8066 #niche:    19375 #errors:    1938 
--------------------------------------------------------------------------------

Doing AMOEBA simplex on best individual
Done simplexing #iterations 600, best score  40.08

Ligand is stored in gold_soln_AV-procd_m7214_3.sdf


--------------------------------------------------------------------------------
--- CHEMPLP breakdown of terms                                               ---
--------------------------------------------------------------------------------
CHEMPLP = - ( 1.0000*S(PLP) + -3.0000*S(hbond) + -6.0000*S(metal) + -3.0000*S(cho) )

Score = CHEMPLP - 1.0000*DE(clash) - 2.0000*DE(tors)

Internal energy term has been corrected with the best internal energy encountered.

--------------------------------------------------------------------------------


     Score     S(PLP)   S(hbond)     S(cho)   S(metal)  DE(clash)   DE(tors)     intcor
     40.08     -31.63       2.99       0.00       0.00       0.00       0.27       0.00

--------------------------------------------------------------------------------
--- PLP analysis of protein-ligand interactions                              ---
--------------------------------------------------------------------------------
hydrogen bonding        :      -3.00
metal                   :       0.00
buried (polar-nonpolar) :      -2.67
nonpolar                :     -25.98
repulsive               :       0.28
--------------------------------------------------------------------------------


--------------------------------------------------------------------------------
--- ChemScore analysis of protein-ligand interactions                        ---
--------------------------------------------------------------------------------

* Hydrogen bonds                                                                
Ligand donor    5 hydrogen   22 Protein acceptor 8028 bond energy  1.00 wt 0.99
Ligand donor    8 hydrogen   23 Protein acceptor 8028 bond energy  1.00 wt 1.00
Ligand donor   13 hydrogen   30 Protein acceptor 7948 bond energy  1.00 wt 1.00


* CH..O interactions                                                            
  CH group selection                       : activated ring CH (adjacent to hetatom)

--------------------------------------------------------------------------------


--------------------------------------------------------------------------------
--- Intra-ligand clashes                                                     ---
--------------------------------------------------------------------------------

Ligand
--------------------------------------------------------------------------------

--------------------------------------------------------------------------------
--- Rescoring solution                                                       ---
--------------------------------------------------------------------------------

     Score         DG    S(hbond)    S(metal)    S(lipo)     H(rot)  DE(clash)    DE(int)
     15.00     -19.69       2.88        0.00      71.73       1.49       1.57       3.12

Doing AMOEBA simplex on best individual
Done simplexing #iterations 470, best score  15.38

     Score         DG    S(hbond)    S(metal)    S(lipo)     H(rot)  DE(clash)    DE(int)
     15.38     -19.78       2.92        0.00      71.55       1.49       1.36       3.04

--------------------------------------------------------------------------------
--- ChemScore breakdown of terms                                             ---
--------------------------------------------------------------------------------
DG = -5.4800 + -3.3400*S(hbond)
     + -6.0300*S(metal) + -0.1170*S(lipo) + 2.5600*H(rot)


H(rot) = 1.4887

Score = -(DG + DE(clash) + DE(int))


--------------------------------------------------------------------------------


--------------------------------------------------------------------------------
--- ChemScore analysis of protein-ligand interactions                        ---
--------------------------------------------------------------------------------

* Hydrogen bonds                                                                
Ligand donor    5 hydrogen   22 Protein acceptor 8028 bond energy  1.00 wt 0.96
Ligand donor    8 hydrogen   23 Protein acceptor 8028 bond energy  1.00 wt 0.96
Ligand donor   13 hydrogen   30 Protein acceptor 7948 bond energy  1.00 wt 1.00

CHEMSCORE EXTRA INTERACTIONS:

* Clashes                                                                       
Clash for ligand atom   6 (**** ):   0.01
Clash for ligand atom  11 (**** ):   1.35
--------------------------------------------------------------------------------


--------------------------------------------------------------------------------
--- Chromosome decoded                                                       ---
--------------------------------------------------------------------------------
Ligand Torsions
[   3    4    5    6]  -13.00
[  15    9    8    6]   41.59
[  30   13   12   11]   84.08
Protein Torsions
[6907 6896 6895 6894] -162.73 
[7974 7965 7964 7962]  128.11 
[8008 7997 7996 7995]   74.88 
[10167 10162 10161 10158]  164.79 
[10718 10713 10712 10709]   45.52 
[10763 10752 10751 10750]   34.35 
[11005 11000 10999 10996]  151.08 
Mapping
Ligand acceptors to protein hydrogens (mapping then atom ids)
Ligand hydrogens to protein acceptors (mapping then atom ids)
  1  15 [ 22->8028]
Ligand shape atoms to protein points (mapping then atom ids & coords)
  1  9722 [  1->(153.500 142.500 161.500)]
  4  6649 [ 10->(149.000 141.500 155.250)]
  6  5272 [ 12->(146.750 138.250 152.750)]
  8  6397 [ 15->(148.500 141.500 155.250)]
Chromosome values
Integers:
  -1   -1   -1   -1   14   -1   -1 9721   -1   -1 6648   -1 
5271   -1 6396 
--------------------------------------------------------------------------------

Current Ranking  2  1  3

--------------------------------------------------------------------------------

* GA execution time :                                                           
  total  0.6621 user  0.6581 sys  0.0040

--------------------------------------------------------------------------------
Fitness function evaluations: 78142

--------------------------------------------------------------------------------
** Docking run number  4 **
--------------------------------------------------------------------------------
  Rank fitness base is 5000.00 ; increment is 11.2233

* Initialising population(s) ...                                                
Number of constraints mappings 0
Number of constraints 0
  Population no.                           :      1
  Population size                          :    100
  Number of duplicates                     :      0
  Number of niche violations               :      0
  Number of errors                         :   6900

Number of constraints mappings 0
Number of constraints 0
  Population no.                           :      2
  Population size                          :    100
  Number of duplicates                     :      0
  Number of niche violations               :      0
  Number of errors                         :   6951

Number of constraints mappings 0
Number of constraints 0
  Population no.                           :      3
  Population size                          :    100
  Number of duplicates                     :      0
  Number of niche violations               :      0
  Number of errors                         :   6746


Doing GA, no. of population(s) 3 size 100 selection pressure 1.100000

 Operation      Score     S(PLP)   S(hbond)     S(cho)   S(metal)  DE(clash)   DE(tors)     intcor
         0      22.79     -17.82       1.67       0.00       0.00       0.00       0.02       0.00
       433      27.26     -19.58       2.66       0.00       0.00       0.00       0.15       0.00
      1913      28.70     -21.67       2.50       0.00       0.00       0.00       0.23       0.00
      2839      29.64     -26.85       1.00       0.00       0.00       0.00       0.11       0.00
      4446      30.22     -24.24       2.01       0.00       0.00       0.00       0.02       0.00
      6123      31.98     -23.60       3.38       0.00       0.00       0.00       0.87       0.00
      8030      32.30     -25.33       2.89       0.00       0.00       0.00       0.86       0.00
      8115      32.33     -23.65       3.43       0.00       0.00       0.00       0.81       0.00
      8955      32.94     -24.48       3.36       0.00       0.00       0.00       0.81       0.00
      8996      32.97     -25.28       3.13       0.00       0.00       0.00       0.86       0.00
      9875      33.12     -24.22       3.42       0.00       0.00       0.00       0.68       0.00
     10254      34.00     -24.60       3.50       0.00       0.00       0.00       0.55       0.00
     13178      35.32     -26.80       3.39       0.00       0.00       0.00       0.82       0.00
     13700      36.50     -26.80       3.78       0.00       0.00       0.00       0.82       0.00
     15876      36.90     -27.75       3.60       0.00       0.00       0.00       0.82       0.00
     15983      37.03     -27.58       3.70       0.00       0.00       0.00       0.82       0.00
     16091      38.30     -28.27       3.89       0.00       0.00       0.00       0.82       0.00
     16983      39.59     -28.88       4.12       0.00       0.00       0.00       0.82       0.00
     23930      39.71     -28.88       4.16       0.00       0.00       0.00       0.82       0.00
     33207      39.74     -29.04       4.12       0.00       0.00       0.00       0.82       0.00
     33272      39.78     -29.04       4.13       0.00       0.00       0.00       0.82       0.00
     33494      39.79     -28.96       4.16       0.00       0.00       0.00       0.82       0.00
--------------------------------------------------------------------------------
Best docking solution after GA:
     33500      39.79     -28.96       4.16       0.00       0.00       0.00       0.82       0.00

#ops:      33500 #mutates:  15892 #cross:    15975 #migrate:   1633 
#dups:      7774 #niche:    20137 #errors:    1047 
--------------------------------------------------------------------------------

Doing AMOEBA simplex on best individual
Done simplexing #iterations 744, best score  41.51

Ligand is stored in gold_soln_AV-procd_m7214_4.sdf


--------------------------------------------------------------------------------
--- CHEMPLP breakdown of terms                                               ---
--------------------------------------------------------------------------------
CHEMPLP = - ( 1.0000*S(PLP) + -3.0000*S(hbond) + -6.0000*S(metal) + -3.0000*S(cho) )

Score = CHEMPLP - 1.0000*DE(clash) - 2.0000*DE(tors)

Internal energy term has been corrected with the best internal energy encountered.

--------------------------------------------------------------------------------


     Score     S(PLP)   S(hbond)     S(cho)   S(metal)  DE(clash)   DE(tors)     intcor
     41.51     -30.48       4.19       0.00       0.00       0.00       0.78       0.00

--------------------------------------------------------------------------------
--- PLP analysis of protein-ligand interactions                              ---
--------------------------------------------------------------------------------
hydrogen bonding        :      -5.96
metal                   :       0.00
buried (polar-nonpolar) :      -5.11
nonpolar                :     -20.87
repulsive               :       0.06
--------------------------------------------------------------------------------


--------------------------------------------------------------------------------
--- ChemScore analysis of protein-ligand interactions                        ---
--------------------------------------------------------------------------------

* Hydrogen bonds                                                                
Ligand donor    5 hydrogen   22 Protein acceptor 7948 bond energy  1.00 wt 1.00
Ligand donor    8 hydrogen   23 Protein acceptor 7948 bond energy  1.00 wt 1.00
Ligand donor   13 hydrogen   30 Protein acceptor 10186 bond energy  1.00 wt 0.89
Protein donor 6896 hydrogen 6909 Ligand acceptor   17 bond energy  1.00 wt 0.45
Protein donor 10785 hydrogen 10796 Ligand acceptor   13 bond energy  1.00 wt 0.84


* CH..O interactions                                                            
  CH group selection                       : activated ring CH (adjacent to hetatom)

--------------------------------------------------------------------------------


--------------------------------------------------------------------------------
--- Intra-ligand clashes                                                     ---
--------------------------------------------------------------------------------

Ligand
--------------------------------------------------------------------------------

--------------------------------------------------------------------------------
--- Rescoring solution                                                       ---
--------------------------------------------------------------------------------

     Score         DG    S(hbond)    S(metal)    S(lipo)     H(rot)  DE(clash)    DE(int)
     17.39     -18.25       2.92        0.00      58.36       1.49       0.04       0.82

Doing AMOEBA simplex on best individual
Done simplexing #iterations 693, best score  18.92

     Score         DG    S(hbond)    S(metal)    S(lipo)     H(rot)  DE(clash)    DE(int)
     18.92     -19.75       3.34        0.00      59.22       1.49       0.07       0.75

--------------------------------------------------------------------------------
--- ChemScore breakdown of terms                                             ---
--------------------------------------------------------------------------------
DG = -5.4800 + -3.3400*S(hbond)
     + -6.0300*S(metal) + -0.1170*S(lipo) + 2.5600*H(rot)


H(rot) = 1.4887

Score = -(DG + DE(clash) + DE(int))


--------------------------------------------------------------------------------


--------------------------------------------------------------------------------
--- ChemScore analysis of protein-ligand interactions                        ---
--------------------------------------------------------------------------------

* Hydrogen bonds                                                                
Ligand donor    5 hydrogen   22 Protein acceptor 7948 bond energy  1.00 wt 0.34
Ligand donor    8 hydrogen   23 Protein acceptor 7948 bond energy  1.00 wt 0.88
Ligand donor   13 hydrogen   30 Protein acceptor 10186 bond energy  1.00 wt 0.77
Protein donor 6896 hydrogen 6909 Ligand acceptor   17 bond energy  1.00 wt 0.77
Protein donor 10785 hydrogen 10796 Ligand acceptor   13 bond energy  1.00 wt 0.58

CHEMSCORE EXTRA INTERACTIONS:

* Clashes                                                                       
Clash for ligand atom   3 (**** ):   0.07
--------------------------------------------------------------------------------


--------------------------------------------------------------------------------
--- Chromosome decoded                                                       ---
--------------------------------------------------------------------------------
Ligand Torsions
[   3    4    5    6]   81.84
[  15    9    8    6]  172.34
[  30   13   12   11]  119.30
Protein Torsions
[6907 6896 6895 6894]   -1.13 
[7974 7965 7964 7962]  157.23 
[8008 7997 7996 7995]   72.35 
[10167 10162 10161 10158]  -79.25 
[10718 10713 10712 10709]  -94.80 
[10763 10752 10751 10750] -164.34 
[11005 11000 10999 10996]  -16.39 
Mapping
Ligand acceptors to protein hydrogens (mapping then atom ids)
  2  48 [ 13->10796]
Ligand hydrogens to protein acceptors (mapping then atom ids)
  2   7 [ 23->7948]
  3  26 [ 30->10186]
Ligand shape atoms to protein points (mapping then atom ids & coords)
  5  3026 [ 11->(144.750 132.000 150.500)]
  7  2906 [ 14->(144.500 134.250 149.750)]
  8  3358 [ 15->(145.000 134.750 150.750)]
Chromosome values
Integers:
  -1   47   -1   -1   -1    6   25   -1   -1   -1   -1 3025 
  -1 2905 3357 
--------------------------------------------------------------------------------

Current Ranking  2  4  1  3

Top  3 (of  4) solutions are within 1.500 RMSD, finishing docking /DATA2/COVID-19/PDBs_&_Models/AV-procd.sdf.


--------------------------------------------------------------------------------

* GA execution time :                                                           
  total  0.6913 user  0.6873 sys  0.0040

--------------------------------------------------------------------------------
Fitness function evaluations: 78792

--------------------------------------------------------------------------------
--- Ranking analysis                                                         ---
--------------------------------------------------------------------------------


* Final ranked order of GA solutions:                                           
   2  4  1  3 

  _______________________________
  RMSD Matrix of RANKED solutions

        2    3    4  

   1 :  0.5  0.5  9.4
   2 :       0.4  9.5
   3 :            9.6

  Clustering method                        : complete linkage
  Structure ids in cluster table           : rank nos.
  Ordering of clusters and their members   : by rank (order if from rms_analysis)

  Distance | Clusters
   0.36    |  1 |  2  3 |  4 |
   0.49    |  1  2  3 |  4 |
   9.64    |  1  2  3  4 |
  Finished Docking Ligand                  : /DATA2/COVID-19/PDBs_&_Models/AV-procd.sdf
--------------------------------------------------------------------------------

  Relative_Ligand_Energy (best encountered) :   0.003
  Relative_Ligand_Energy: fitness values have been corrected using this amount
