
--------------------------------------------------------------------------------
--- Ligand                                                                   ---
--------------------------------------------------------------------------------
  Ligand loaded from file                  : /DATA2/COVID-19/PDBs_&_Models/AV-procd.sdf
  Ligand name                              :  
  "AV-unprocessed.smi:2148                                                  "

--------------------------------------------------------------------------------
  N.plc donors                             : 
  none found

  Acidic nitrogen acceptors                : 
  none found
  Sulfur acceptors                         :
   2 : (thiol or thioether)    (S)  

  Donor atoms                              :      1
  7   
  Acceptor atoms                           :      4
  6   12  16  20  

  Hydrogens                                :  (n = 1)
  29   

  Lone pairs added to molecule             :      6
  Numbering                                : from 45 to 50
  Choline groups                           : 
   

--------------------------------------------------------------------------------
--- Postprocessing of typing                                                 ---
--------------------------------------------------------------------------------
  Fragment file                            : /home/scv26/CCDC/Discovery_2020/GOLD/gold/rotatable_bond_override.mol2
  acylurea fragment                        : no matches
  thioacylthiourea fragment                : no matches
  acylthiourea fragment                    : no matches
  thioacylurea fragment                    : no matches
  diarylamine fragment >C.ar-NH-C.ar<      : no matches
  sec-amine (1) fragment                   : no matches
  sec-amine (2) fragment                   : no matches
  sec-amine (3) fragment                   : no matches
  carboxylic ester                         : no matches

* Rotatable bonds in /DATA2/COVID-19/PDBs  :
  [   2    3] [   3    5] [   7    8] [  11   12] 
  No. of rotatable bonds                   :      4


* Fragments found in /DATA2/COVID-19/PDBs  :


* Checking torsion distributions:                                               
  Rotatable bond [21  8  7  5] matches torsion: aromatic amide
   C.ar ( 1H ) | C.ar | N.am ( 1H ) | C.2 ( O.2 ) 
  No. of matched torsions                  :      1

--------------------------------------------------------------------------------
--- Shape fitting atoms selection (hydrophobic atoms)                        ---
--------------------------------------------------------------------------------
  Molecule                                 : /DATA2/COVID-19/PDBs_&_Models/AV-procd.sdf
  Selection                                : carbons only
  Atom numbers                             :  (n = 12)
  1    3    4    9    10   13   14   15   17   18   
  19   21   


--------------------------------------------------------------------------------
--- ChemScore ligand setup summary                                           ---
--------------------------------------------------------------------------------
  ChemScore ligand acceptors               :      4
  6 12 16 20 
  ChemScore ligand donors                  :      1
  7 ( 29  ) 
  ChemScore ligand CH donors               :      1
  21 ( 44 ) 

  ChemScore ligand lipophilic atoms        :  (n = 14)
  1    2    3    4    8    9    10   13   14   15   
  17   18   19   21   

  ChemScore ligand rotatable bonds         :      4
  2   (****) - 3   (****): SP3_SP3_BOND
  3   (****) - 5   (****): SP3_SP2_BOND
  7   (****) - 8   (****): SP2_SP2_BOND
  11  (****) - 12  (****): SP3_SP2_BOND

--------------------------------------------------------------------------------
--- PLP ligand setup summary                                                 ---
--------------------------------------------------------------------------------
    1  ****   C.3 NONPOLAR
    2  ****   S.3 NONPOLAR
    3  ****   C.3 NONPOLAR
    4  ****   C.3 NONPOLAR
    5  ****   C.2 NONPOLAR
    6  ****   O.2 ACCEPTOR
    7  ****  N.am DONOR
    8  ****  C.ar NONPOLAR
    9  ****  C.ar NONPOLAR
   10  ****  C.ar NONPOLAR
   11  ****  C.ar NONPOLAR
   12  ****   N.3 ACCEPTOR
   13  ****   C.3 NONPOLAR
   14  ****   C.3 NONPOLAR
   15  ****   C.3 NONPOLAR
   16  ****   O.3 ACCEPTOR
   17  ****   C.3 NONPOLAR
   18  ****   C.3 NONPOLAR
   19  ****   C.3 NONPOLAR
   20  ****  N.ar ACCEPTOR
   21  ****  C.ar NONPOLAR


--------------------------------------------------------------------------------
--- Automatic parameter setting                                              ---
--------------------------------------------------------------------------------
  Contribution base                        :   2500
  Contribution per rotatable bond          :   6000
  Contribution per df                      :   4000
  Contribution per water                   :  10000
  Ligand rotatable bonds                   :      4
  Protein flexible side chain bonds        :      0
  Total rotatable bonds                    :      4
  Hydrophobic vol ratio (P/L)              :   1.922
  Base multiplier (polar)                  :   1.000
  Base multiplier (apolar)                 :   4.614
  Base contribution                        : 12500.000
  Fitting points                           :      5
  Estimated maxops needed (optimal)        :  37000

--------------------------------------------------------------------------------

* Population settings                                                           
  maxops                                   :  37000
  popsiz                                   :    100
  select_pressure                          :   1.100
  n_islands                                :      3
  niche_siz                                :      2

* GA settings                                                                   
  pt_crosswt                               :     95
  allele_mutatewt                          :     95
  migratewt                                :     10

* Search settings                                                               
  start_vdw_linear_cutoff                  :   4.000
  initial_virtual_pt_match_max             :   3.000

--------------------------------------------------------------------------------

* Ligand initialisation time :                                                  
  total  0.0095 user  0.0095 sys  0.0000

--------------------------------------------------------------------------------

--------------------------------------------------------------------------------
** Docking run number  1 **
--------------------------------------------------------------------------------
  Rank fitness base is 5000.00 ; increment is 11.2233

* Initialising population(s) ...                                                
Number of constraints mappings 0
Number of constraints 0
  Population no.                           :      1
  Population size                          :    100
  Number of duplicates                     :      0
  Number of niche violations               :      0
  Number of errors                         :   4111

Number of constraints mappings 0
Number of constraints 0
  Population no.                           :      2
  Population size                          :    100
  Number of duplicates                     :      0
  Number of niche violations               :      0
  Number of errors                         :   3969

Number of constraints mappings 0
Number of constraints 0
  Population no.                           :      3
  Population size                          :    100
  Number of duplicates                     :      0
  Number of niche violations               :      0
  Number of errors                         :   3982


Doing GA, no. of population(s) 3 size 100 selection pressure 1.100000

 Operation      Score     S(PLP)   S(hbond)     S(cho)   S(metal)  DE(clash)   DE(tors)     intcor
         0      19.34     -15.74       1.02       1.00       0.00       0.18       1.42       0.39
       201      19.52     -16.25       0.98       1.00       0.00       0.18       1.45       0.39
       362      19.73     -22.08       0.00       0.00       0.00       0.00       1.38       0.39
       646      20.21     -20.96       0.00       0.00       0.00       0.00       0.57       0.39
       935      25.66     -27.27       0.00       0.00       0.00       0.00       1.00       0.38
      1787      25.88     -18.99       1.00       1.76       0.00       0.00       0.88       0.38
      2483      27.62     -28.81       0.00       0.00       0.00       0.00       0.78       0.38
      4525      28.00     -28.72       0.00       0.00       0.00       0.06       0.52       0.38
      4566      28.99     -29.13       0.00       0.00       0.00       0.00       0.26       0.38
      4692      29.32     -29.41       0.00       0.00       0.00       0.00       0.23       0.38
      7107      29.42     -29.66       0.00       0.00       0.00       0.00       0.31       0.38
      7554      29.49     -26.65       1.00       0.00       0.00       0.00       0.26       0.38
      8862      29.52     -26.65       1.00       0.00       0.00       0.00       0.25       0.38
      9073      29.63     -27.11       1.00       0.00       0.00       0.00       0.43       0.38
      9232      29.97     -29.65       1.00       0.00       0.00       0.25       1.40       0.38
      9693      31.22     -28.95       1.00       0.00       0.00       0.00       0.55       0.38
     10335      31.44     -29.14       1.00       0.00       0.00       0.00       0.54       0.38
     12279      31.97     -29.69       1.00       0.00       0.00       0.23       0.42       0.35
     12888      32.04     -29.76       1.00       0.00       0.00       0.00       0.54       0.35
     13992      32.63     -30.35       1.00       0.00       0.00       0.23       0.42       0.35
     15879      33.44     -31.27       1.00       0.00       0.00       0.00       0.59       0.35
     18018      33.96     -31.80       1.00       0.00       0.00       0.23       0.48       0.34
     18276      34.20     -32.04       1.00       0.00       0.00       0.00       0.59       0.34
     20061      34.36     -32.26       1.00       0.00       0.00       0.19       0.53       0.34
     20157      34.47     -32.31       1.00       0.00       0.00       0.23       0.48       0.34
     20894      35.28     -33.12       1.00       0.00       0.00       0.00       0.59       0.34
     21113      35.50     -33.34       1.00       0.00       0.00       0.00       0.59       0.34
     22583      35.52     -34.51       1.00       0.00       0.00       1.31       0.51       0.34
     23657      36.34     -34.18       1.00       0.00       0.00       0.00       0.59       0.34
     25607      36.74     -34.51       1.00       0.00       0.00       0.00       0.56       0.34
     25817      36.93     -34.90       1.00       0.00       0.00       0.17       0.57       0.34
     28404      36.95     -34.99       1.00       0.00       0.00       0.17       0.60       0.34
     28484      37.57     -35.55       1.00       0.00       0.00       0.17       0.57       0.34
     28600      37.77     -35.75       1.00       0.00       0.00       0.17       0.57       0.34
     31086      37.78     -35.59       1.00       0.00       0.00       0.00       0.57       0.34
     31644      37.95     -35.83       1.00       0.00       0.00       0.00       0.61       0.34
     34368      38.02     -35.97       1.00       0.00       0.00       0.00       0.64       0.34
--------------------------------------------------------------------------------
Best docking solution after GA:
     37000      38.02     -35.97       1.00       0.00       0.00       0.00       0.64       0.34

#ops:      37000 #mutates:  17537 #cross:    17594 #migrate:   1869 
#dups:     13336 #niche:    19380 #errors:    2375 
--------------------------------------------------------------------------------

Doing AMOEBA simplex on best individual
Done simplexing #iterations 800, best score  40.29

Ligand is stored in gold_soln_AV-procd_m8747_1.sdf


--------------------------------------------------------------------------------
--- CHEMPLP breakdown of terms                                               ---
--------------------------------------------------------------------------------
CHEMPLP = - ( 1.0000*S(PLP) + -3.0000*S(hbond) + -6.0000*S(metal) + -3.0000*S(cho) )

Score = CHEMPLP - 1.0000*DE(clash) - 2.0000*DE(tors)

Internal energy term has been corrected with the best internal energy encountered.

--------------------------------------------------------------------------------


     Score     S(PLP)   S(hbond)     S(cho)   S(metal)  DE(clash)   DE(tors)     intcor
     40.29     -38.40       0.94       0.00       0.00       0.00       0.64       0.34

--------------------------------------------------------------------------------
--- PLP analysis of protein-ligand interactions                              ---
--------------------------------------------------------------------------------
hydrogen bonding        :      -1.00
metal                   :       0.00
buried (polar-nonpolar) :      -3.83
nonpolar                :     -34.60
repulsive               :       0.33
--------------------------------------------------------------------------------


--------------------------------------------------------------------------------
--- ChemScore analysis of protein-ligand interactions                        ---
--------------------------------------------------------------------------------

* Hydrogen bonds                                                                
Protein donor 6896 hydrogen 6908 Ligand acceptor    6 bond energy  1.00 wt 0.94


* CH..O interactions                                                            
  CH group selection                       : activated ring CH (adjacent to hetatom)

--------------------------------------------------------------------------------


--------------------------------------------------------------------------------
--- Intra-ligand clashes                                                     ---
--------------------------------------------------------------------------------

Ligand
--------------------------------------------------------------------------------

--------------------------------------------------------------------------------
--- Rescoring solution                                                       ---
--------------------------------------------------------------------------------

     Score         DG    S(hbond)    S(metal)    S(lipo)     H(rot)  DE(clash)    DE(int)
     14.11     -18.31       1.00        0.00     108.87       1.27       1.15       3.05

Doing AMOEBA simplex on best individual
Done simplexing #iterations 813, best score  16.41

     Score         DG    S(hbond)    S(metal)    S(lipo)     H(rot)  DE(clash)    DE(int)
     16.41     -19.00       0.98        0.00     115.32       1.27       0.41       2.18

--------------------------------------------------------------------------------
--- ChemScore breakdown of terms                                             ---
--------------------------------------------------------------------------------
DG = -5.4800 + -3.3400*S(hbond)
     + -6.0300*S(metal) + -0.1170*S(lipo) + 2.5600*H(rot)


H(rot) = 1.2659

Score = -(DG + DE(clash) + DE(int))


--------------------------------------------------------------------------------


--------------------------------------------------------------------------------
--- ChemScore analysis of protein-ligand interactions                        ---
--------------------------------------------------------------------------------

* Hydrogen bonds                                                                
Protein donor 6896 hydrogen 6908 Ligand acceptor    6 bond energy  1.00 wt 0.98

CHEMSCORE EXTRA INTERACTIONS:

* Clashes                                                                       
Clash for ligand atom   1 (**** ):   0.24
Clash for ligand atom  16 (**** ):   0.05
Clash for ligand atom  17 (**** ):   0.07
Clash for ligand atom  18 (**** ):   0.05
--------------------------------------------------------------------------------


--------------------------------------------------------------------------------
--- Chromosome decoded                                                       ---
--------------------------------------------------------------------------------
Ligand Torsions
[   1    2    3    4]  -62.09
[   2    3    5    6] -171.11
[  21    8    7    5]   22.24    matched torsion: aromatic amide
[  19   12   11   10] -175.56
Protein Torsions
[6907 6896 6895 6894]  -64.30 
[7974 7965 7964 7962]   34.73 
[8008 7997 7996 7995]  148.58 
[10167 10162 10161 10158]   -5.09 
[10718 10713 10712 10709]   40.55 
[10763 10752 10751 10750]  -41.96 
[11005 11000 10999 10996]  -86.14 
Mapping
Ligand acceptors to protein hydrogens (mapping then atom ids)
  1   4 [  6->6908]
Ligand hydrogens to protein acceptors (mapping then atom ids)
Ligand shape atoms to protein points (mapping then atom ids & coords)
  6  9257 [ 13->(152.500 143.000 160.000)]
 10  6894 [ 18->(149.750 141.500 156.000)]
Chromosome values
Integers:
   3   -1   -1   -1   -1   -1   -1   -1   -1   -1 9256   -1 
  -1   -1 6893   -1   -1 
--------------------------------------------------------------------------------

Current Ranking  1

--------------------------------------------------------------------------------

* GA execution time :                                                           
  total  0.6675 user  0.6675 sys  0.0000

--------------------------------------------------------------------------------
Fitness function evaluations: 74603

--------------------------------------------------------------------------------
** Docking run number  2 **
--------------------------------------------------------------------------------
  Rank fitness base is 5000.00 ; increment is 11.2233

* Initialising population(s) ...                                                
Number of constraints mappings 0
Number of constraints 0
  Population no.                           :      1
  Population size                          :    100
  Number of duplicates                     :      0
  Number of niche violations               :      0
  Number of errors                         :   4049

Number of constraints mappings 0
Number of constraints 0
  Population no.                           :      2
  Population size                          :    100
  Number of duplicates                     :      0
  Number of niche violations               :      0
  Number of errors                         :   4140

Number of constraints mappings 0
Number of constraints 0
  Population no.                           :      3
  Population size                          :    100
  Number of duplicates                     :      0
  Number of niche violations               :      0
  Number of errors                         :   4142


Doing GA, no. of population(s) 3 size 100 selection pressure 1.100000

 Operation      Score     S(PLP)   S(hbond)     S(cho)   S(metal)  DE(clash)   DE(tors)     intcor
         0      19.77     -21.46       0.26       0.00       0.00       0.19       1.31       0.34
       846      19.77     -21.46       0.26       0.00       0.00       0.19       1.31       0.34
       979      20.39     -16.05       0.85       1.00       0.00       0.40       0.57       0.34
      1047      24.51     -25.15       0.34       0.03       0.00       0.00       1.04       0.34
      2610      25.68     -25.55       0.80       0.00       0.00       0.19       1.21       0.34
      3828      29.89     -32.16       0.00       0.00       0.00       0.19       1.21       0.34
      5286      30.31     -32.28       0.10       0.00       0.00       0.19       1.21       0.34
      6691      30.77     -33.03       0.00       0.00       0.00       0.19       1.21       0.34
      8263      31.46     -33.73       0.00       0.00       0.00       0.19       1.21       0.34
      8919      33.34     -35.55       0.02       0.00       0.00       0.19       1.21       0.34
     12252      34.86     -34.17       0.29       0.00       0.00       0.00       0.26       0.34
     15037      35.65     -36.61       0.00       0.00       0.00       0.13       0.59       0.34
     15262      36.64     -37.60       0.00       0.00       0.00       0.00       0.65       0.34
     15565      37.39     -38.35       0.00       0.00       0.00       0.13       0.59       0.34
     15787      38.81     -39.77       0.00       0.00       0.00       0.13       0.59       0.34
     17134      38.83     -39.79       0.00       0.00       0.00       0.13       0.59       0.34
     19951      38.95     -40.13       0.00       0.00       0.00       0.35       0.58       0.34
     23147      39.15     -40.37       0.00       0.00       0.00       0.35       0.60       0.34
     24001      39.21     -40.47       0.00       0.00       0.00       0.40       0.60       0.34
     25199      39.82     -41.01       0.00       0.00       0.00       0.35       0.59       0.34
     26688      39.84     -41.06       0.00       0.00       0.00       0.35       0.60       0.34
     27266      39.94     -41.04       0.00       0.00       0.00       0.25       0.59       0.34
     27904      40.03     -41.02       0.00       0.00       0.00       0.13       0.60       0.34
     31110      40.14     -41.05       0.00       0.00       0.00       0.13       0.56       0.34
     32514      40.15     -41.03       0.00       0.00       0.00       0.13       0.55       0.34
     33175      40.65     -41.63       0.00       0.00       0.00       0.13       0.60       0.34
     34063      40.79     -41.67       0.00       0.00       0.00       0.13       0.55       0.34
     34156      40.82     -41.69       0.00       0.00       0.00       0.00       0.61       0.34
     35468      40.86     -41.72       0.00       0.00       0.00       0.13       0.54       0.34
     35702      40.94     -41.70       0.00       0.00       0.00       0.00       0.55       0.34
     36201      41.19     -42.17       0.00       0.00       0.00       0.13       0.60       0.34
     36674      41.24     -42.08       0.00       0.00       0.00       0.00       0.59       0.34
--------------------------------------------------------------------------------
Best docking solution after GA:
     37000      41.24     -42.08       0.00       0.00       0.00       0.00       0.59       0.34

#ops:      37000 #mutates:  17604 #cross:    17550 #migrate:   1846 
#dups:      8941 #niche:    18459 #errors:    4009 
--------------------------------------------------------------------------------

Doing AMOEBA simplex on best individual
Done simplexing #iterations 523, best score  42.35

Ligand is stored in gold_soln_AV-procd_m8747_2.sdf


--------------------------------------------------------------------------------
--- CHEMPLP breakdown of terms                                               ---
--------------------------------------------------------------------------------
CHEMPLP = - ( 1.0000*S(PLP) + -3.0000*S(hbond) + -6.0000*S(metal) + -3.0000*S(cho) )

Score = CHEMPLP - 1.0000*DE(clash) - 2.0000*DE(tors)

Internal energy term has been corrected with the best internal energy encountered.

--------------------------------------------------------------------------------


     Score     S(PLP)   S(hbond)     S(cho)   S(metal)  DE(clash)   DE(tors)     intcor
     42.35     -43.09       0.00       0.00       0.00       0.09       0.50       0.34

--------------------------------------------------------------------------------
--- PLP analysis of protein-ligand interactions                              ---
--------------------------------------------------------------------------------
hydrogen bonding        :      -1.00
metal                   :       0.00
buried (polar-nonpolar) :      -0.68
nonpolar                :     -41.72
repulsive               :       0.38
--------------------------------------------------------------------------------


--------------------------------------------------------------------------------
--- ChemScore analysis of protein-ligand interactions                        ---
--------------------------------------------------------------------------------

* Hydrogen bonds                                                                


* CH..O interactions                                                            
  CH group selection                       : activated ring CH (adjacent to hetatom)

--------------------------------------------------------------------------------


--------------------------------------------------------------------------------
--- Intra-ligand clashes                                                     ---
--------------------------------------------------------------------------------

Ligand
 21 (**** ) -   6 (**** ):   0.09 (dist   2.75)
--------------------------------------------------------------------------------

--------------------------------------------------------------------------------
--- Rescoring solution                                                       ---
--------------------------------------------------------------------------------

     Score         DG    S(hbond)    S(metal)    S(lipo)     H(rot)  DE(clash)    DE(int)
     13.01     -16.01       0.00        0.00     117.63       1.27       0.96       2.04

Doing AMOEBA simplex on best individual
Done simplexing #iterations 685, best score  13.88

     Score         DG    S(hbond)    S(metal)    S(lipo)     H(rot)  DE(clash)    DE(int)
     13.88     -16.41       0.00        0.00     121.08       1.27       0.82       1.70

--------------------------------------------------------------------------------
--- ChemScore breakdown of terms                                             ---
--------------------------------------------------------------------------------
DG = -5.4800 + -3.3400*S(hbond)
     + -6.0300*S(metal) + -0.1170*S(lipo) + 2.5600*H(rot)


H(rot) = 1.2659

Score = -(DG + DE(clash) + DE(int))


--------------------------------------------------------------------------------


--------------------------------------------------------------------------------
--- ChemScore analysis of protein-ligand interactions                        ---
--------------------------------------------------------------------------------

* Hydrogen bonds                                                                

CHEMSCORE EXTRA INTERACTIONS:

* Clashes                                                                       
Clash for ligand atom   1 (**** ):   0.01
Clash for ligand atom   4 (**** ):   0.58
Clash for ligand atom   5 (**** ):   0.01
Clash for ligand atom   9 (**** ):   0.17
Clash for ligand atom  20 (**** ):   0.04
--------------------------------------------------------------------------------


--------------------------------------------------------------------------------
--- Chromosome decoded                                                       ---
--------------------------------------------------------------------------------
Ligand Torsions
[   1    2    3    4]   69.08
[   2    3    5    6]  -51.04
[  21    8    7    5]   -9.09    matched torsion: aromatic amide
[  19   12   11   10]  164.73
Protein Torsions
[6907 6896 6895 6894]   28.63 
[7974 7965 7964 7962]  -20.51 
[8008 7997 7996 7995]  -22.68 
[10167 10162 10161 10158]   69.48 
[10718 10713 10712 10709]  113.60 
[10763 10752 10751 10750] -160.17 
[11005 11000 10999 10996]  -80.50 
Mapping
Ligand acceptors to protein hydrogens (mapping then atom ids)
Ligand hydrogens to protein acceptors (mapping then atom ids)
Ligand shape atoms to protein points (mapping then atom ids & coords)
  8  9693 [ 15->(153.500 141.500 160.750)]
  9  9367 [ 17->(152.500 144.500 160.000)]
 10  7654 [ 18->(150.750 145.500 159.750)]
 12  6641 [ 21->(149.000 141.000 155.750)]
Chromosome values
Integers:
  -1   -1   -1   -1   -1   -1   -1   -1   -1   -1   -1   -1 
9692 9366 7653   -1 6640 
--------------------------------------------------------------------------------

Current Ranking  2  1

--------------------------------------------------------------------------------

* GA execution time :                                                           
  total  0.6564 user  0.6564 sys  0.0000

--------------------------------------------------------------------------------
Fitness function evaluations: 74462

--------------------------------------------------------------------------------
** Docking run number  3 **
--------------------------------------------------------------------------------
  Rank fitness base is 5000.00 ; increment is 11.2233

* Initialising population(s) ...                                                
Number of constraints mappings 0
Number of constraints 0
  Population no.                           :      1
  Population size                          :    100
  Number of duplicates                     :      0
  Number of niche violations               :      0
  Number of errors                         :   3860

Number of constraints mappings 0
Number of constraints 0
  Population no.                           :      2
  Population size                          :    100
  Number of duplicates                     :      0
  Number of niche violations               :      0
  Number of errors                         :   4084

Number of constraints mappings 0
Number of constraints 0
  Population no.                           :      3
  Population size                          :    100
  Number of duplicates                     :      0
  Number of niche violations               :      0
  Number of errors                         :   3909


Doing GA, no. of population(s) 3 size 100 selection pressure 1.100000

 Operation      Score     S(PLP)   S(hbond)     S(cho)   S(metal)  DE(clash)   DE(tors)     intcor
         0      19.47     -19.34       1.00       0.00       0.00       0.75       1.23       0.34
       373      21.32     -19.32       0.86       0.00       0.00       0.25       0.34       0.34
      1723      27.58     -27.02       1.00       0.00       0.00       0.44       1.17       0.34
      2116      28.50     -30.22       0.24       0.00       0.00       0.44       1.17       0.34
      2287      28.51     -29.93       0.34       0.00       0.00       0.44       1.17       0.34
      2578      28.64     -28.74       0.78       0.00       0.00       0.44       1.17       0.34
      3059      28.95     -27.23       1.00       0.00       0.00       0.00       0.81       0.34
      3313      30.64     -30.08       1.00       0.00       0.00       0.44       1.17       0.34
      4117      30.78     -30.13       1.00       0.00       0.00       0.44       1.13       0.34
      4335      33.30     -32.80       0.50       0.00       0.00       0.19       0.58       0.34
      4356      34.08     -33.06       0.55       0.00       0.00       0.54       0.22       0.34
      5801      34.16     -32.34       0.84       0.00       0.00       0.44       0.31       0.34
      6843      35.73     -37.24       0.00       0.00       0.00       0.54       0.66       0.34
     10486      35.91     -34.71       0.00       0.50       0.00       0.00       0.32       0.34
     12141      36.16     -35.06       0.00       0.48       0.00       0.00       0.34       0.34
     13004      36.40     -33.99       1.00       0.00       0.00       0.54       0.20       0.34
     13096      36.67     -36.18       0.00       0.26       0.00       0.00       0.32       0.34
     14080      37.27     -37.15       0.26       0.00       0.00       0.56       0.22       0.34
     14716      40.01     -39.35       0.44       0.00       0.00       0.56       0.22       0.34
     15925      40.77     -40.23       0.46       0.00       0.00       0.56       0.30       0.34
     17977      41.45     -39.86       0.94       0.00       0.00       0.56       0.51       0.34
     19051      41.55     -39.91       0.96       0.00       0.00       0.56       0.51       0.34
     20443      41.76     -40.01       0.96       0.00       0.00       0.56       0.45       0.34
     25023      41.82     -40.10       0.96       0.00       0.00       0.56       0.47       0.34
     35742      41.90     -39.82       0.96       0.00       0.00       0.56       0.28       0.34
     36183      42.06     -40.01       0.96       0.00       0.00       0.56       0.30       0.34
     36483      42.17     -40.17       0.96       0.00       0.00       0.56       0.32       0.34
--------------------------------------------------------------------------------
Best docking solution after GA:
     37000      42.17     -40.17       0.96       0.00       0.00       0.56       0.32       0.34

#ops:      37000 #mutates:  17528 #cross:    17596 #migrate:   1876 
#dups:      9966 #niche:    21767 #errors:    1318 
--------------------------------------------------------------------------------

Doing AMOEBA simplex on best individual
Done simplexing #iterations 710, best score  44.86

Ligand is stored in gold_soln_AV-procd_m8747_3.sdf


--------------------------------------------------------------------------------
--- CHEMPLP breakdown of terms                                               ---
--------------------------------------------------------------------------------
CHEMPLP = - ( 1.0000*S(PLP) + -3.0000*S(hbond) + -6.0000*S(metal) + -3.0000*S(cho) )

Score = CHEMPLP - 1.0000*DE(clash) - 2.0000*DE(tors)

Internal energy term has been corrected with the best internal energy encountered.

--------------------------------------------------------------------------------


     Score     S(PLP)   S(hbond)     S(cho)   S(metal)  DE(clash)   DE(tors)     intcor
     44.86     -42.92       0.94       0.00       0.00       0.61       0.31       0.34

--------------------------------------------------------------------------------
--- PLP analysis of protein-ligand interactions                              ---
--------------------------------------------------------------------------------
hydrogen bonding        :      -2.00
metal                   :       0.00
buried (polar-nonpolar) :       3.07
nonpolar                :     -44.67
repulsive               :       0.34
--------------------------------------------------------------------------------


--------------------------------------------------------------------------------
--- ChemScore analysis of protein-ligand interactions                        ---
--------------------------------------------------------------------------------

* Hydrogen bonds                                                                
Ligand donor    7 hydrogen   29 Protein acceptor 7948 bond energy  1.00 wt 0.94


* CH..O interactions                                                            
  CH group selection                       : activated ring CH (adjacent to hetatom)

--------------------------------------------------------------------------------


--------------------------------------------------------------------------------
--- Intra-ligand clashes                                                     ---
--------------------------------------------------------------------------------

Ligand
 21 (**** ) -   6 (**** ):   0.61 (dist   2.73)
--------------------------------------------------------------------------------

--------------------------------------------------------------------------------
--- Rescoring solution                                                       ---
--------------------------------------------------------------------------------

     Score         DG    S(hbond)    S(metal)    S(lipo)     H(rot)  DE(clash)    DE(int)
     14.50     -18.83       0.89        0.00     116.34       1.27       2.54       1.79

Doing AMOEBA simplex on best individual
Done simplexing #iterations 755, best score  15.22

     Score         DG    S(hbond)    S(metal)    S(lipo)     H(rot)  DE(clash)    DE(int)
     15.22     -19.32       0.95        0.00     118.80       1.27       2.39       1.71

--------------------------------------------------------------------------------
--- ChemScore breakdown of terms                                             ---
--------------------------------------------------------------------------------
DG = -5.4800 + -3.3400*S(hbond)
     + -6.0300*S(metal) + -0.1170*S(lipo) + 2.5600*H(rot)


H(rot) = 1.2659

Score = -(DG + DE(clash) + DE(int))


--------------------------------------------------------------------------------


--------------------------------------------------------------------------------
--- ChemScore analysis of protein-ligand interactions                        ---
--------------------------------------------------------------------------------

* Hydrogen bonds                                                                
Ligand donor    7 hydrogen   29 Protein acceptor 7948 bond energy  1.00 wt 0.95

CHEMSCORE EXTRA INTERACTIONS:

* Clashes                                                                       
Clash for ligand atom   1 (**** ):   0.02
Clash for ligand atom   3 (**** ):   0.40
Clash for ligand atom   4 (**** ):   1.79
Clash for ligand atom   5 (**** ):   0.01
Clash for ligand atom   6 (**** ):   0.17
--------------------------------------------------------------------------------


--------------------------------------------------------------------------------
--- Chromosome decoded                                                       ---
--------------------------------------------------------------------------------
Ligand Torsions
[   1    2    3    4]   68.32
[   2    3    5    6]  -60.96
[  21    8    7    5]   -0.43    matched torsion: aromatic amide
[  19   12   11   10]  162.65
Protein Torsions
[6907 6896 6895 6894] -116.93 
[7974 7965 7964 7962]  145.59 
[8008 7997 7996 7995]  -11.21 
[10167 10162 10161 10158]  -97.34 
[10718 10713 10712 10709] -125.47 
[10763 10752 10751 10750]  127.30 
[11005 11000 10999 10996]    8.18 
Mapping
Ligand acceptors to protein hydrogens (mapping then atom ids)
Ligand hydrogens to protein acceptors (mapping then atom ids)
  1   7 [ 29->7948]
Ligand shape atoms to protein points (mapping then atom ids & coords)
  7  9645 [ 14->(153.250 142.250 160.500)]
  8  9731 [ 15->(153.750 141.250 160.500)]
  9  9059 [ 17->(152.250 143.250 158.500)]
 10  7833 [ 18->(151.000 144.250 158.500)]
Chromosome values
Integers:
  -1   -1   -1   -1    6   -1   -1   -1   -1   -1   -1 9644 
9730 9058 7832   -1   -1 
--------------------------------------------------------------------------------

Current Ranking  3  2  1

--------------------------------------------------------------------------------

* GA execution time :                                                           
  total  0.6933 user  0.6933 sys  0.0000

--------------------------------------------------------------------------------
Fitness function evaluations: 74756

--------------------------------------------------------------------------------
** Docking run number  4 **
--------------------------------------------------------------------------------
  Rank fitness base is 5000.00 ; increment is 11.2233

* Initialising population(s) ...                                                
Number of constraints mappings 0
Number of constraints 0
  Population no.                           :      1
  Population size                          :    100
  Number of duplicates                     :      0
  Number of niche violations               :      0
  Number of errors                         :   4214

Number of constraints mappings 0
Number of constraints 0
  Population no.                           :      2
  Population size                          :    100
  Number of duplicates                     :      0
  Number of niche violations               :      0
  Number of errors                         :   4231

Number of constraints mappings 0
Number of constraints 0
  Population no.                           :      3
  Population size                          :    100
  Number of duplicates                     :      0
  Number of niche violations               :      0
  Number of errors                         :   4219


Doing GA, no. of population(s) 3 size 100 selection pressure 1.100000

 Operation      Score     S(PLP)   S(hbond)     S(cho)   S(metal)  DE(clash)   DE(tors)     intcor
         0      25.78     -25.62       0.00       1.00       0.00       0.62       1.28       0.34
       477      26.06     -25.71       0.00       1.00       0.00       0.62       1.18       0.34
      1855      26.16     -26.26       0.65       0.00       0.00       0.13       1.13       0.34
      4122      27.13     -26.04       1.00       0.00       0.00       0.00       1.12       0.34
      4287      28.49     -27.40       1.00       0.00       0.00       0.00       1.12       0.34
      6107      29.71     -28.82       1.00       0.07       0.00       0.12       1.26       0.34
      6938      32.88     -31.92       1.00       0.00       0.00       0.13       1.13       0.34
      8058      33.36     -33.94       0.49       0.00       0.00       0.13       1.13       0.34
      8648      34.44     -33.85       0.88       0.00       0.00       0.13       1.13       0.34
      9981      34.99     -34.81       0.88       0.00       0.00       0.13       1.34       0.34
     10318      35.12     -34.41       0.90       0.00       0.00       0.13       1.10       0.34
     10885      36.68     -35.15       0.90       0.00       0.00       0.00       0.74       0.34
     13168      38.05     -36.47       0.91       0.00       0.00       0.00       0.74       0.34
     13657      39.09     -38.23       0.67       0.00       0.00       0.00       0.74       0.34
     14797      39.59     -37.94       0.94       0.00       0.00       0.00       0.74       0.34
     28048      40.05     -37.98       0.94       0.00       0.00       0.00       0.54       0.34
     34631      40.06     -38.01       0.94       0.00       0.00       0.00       0.55       0.34
     35039      40.27     -38.35       0.96       0.00       0.00       0.48       0.41       0.34
     35934      40.34     -38.41       0.95       0.00       0.00       0.44       0.41       0.34
     36717      40.34     -38.43       0.95       0.00       0.00       0.44       0.42       0.34
--------------------------------------------------------------------------------
Best docking solution after GA:
     37000      40.34     -38.43       0.95       0.00       0.00       0.44       0.42       0.34

#ops:      37000 #mutates:  17690 #cross:    17506 #migrate:   1804 
#dups:      9012 #niche:    19514 #errors:    2195 
--------------------------------------------------------------------------------

Doing AMOEBA simplex on best individual
Done simplexing #iterations 619, best score  43.17

Ligand is stored in gold_soln_AV-procd_m8747_4.sdf


--------------------------------------------------------------------------------
--- CHEMPLP breakdown of terms                                               ---
--------------------------------------------------------------------------------
CHEMPLP = - ( 1.0000*S(PLP) + -3.0000*S(hbond) + -6.0000*S(metal) + -3.0000*S(cho) )

Score = CHEMPLP - 1.0000*DE(clash) - 2.0000*DE(tors)

Internal energy term has been corrected with the best internal energy encountered.

--------------------------------------------------------------------------------


     Score     S(PLP)   S(hbond)     S(cho)   S(metal)  DE(clash)   DE(tors)     intcor
     43.17     -41.01       0.78       0.00       0.00       0.00       0.26       0.34

--------------------------------------------------------------------------------
--- PLP analysis of protein-ligand interactions                              ---
--------------------------------------------------------------------------------
hydrogen bonding        :      -1.91
metal                   :       0.00
buried (polar-nonpolar) :       2.35
nonpolar                :     -42.49
repulsive               :       0.35
--------------------------------------------------------------------------------


--------------------------------------------------------------------------------
--- ChemScore analysis of protein-ligand interactions                        ---
--------------------------------------------------------------------------------

* Hydrogen bonds                                                                
Ligand donor    7 hydrogen   29 Protein acceptor 7948 bond energy  1.00 wt 0.78


* CH..O interactions                                                            
  CH group selection                       : activated ring CH (adjacent to hetatom)

--------------------------------------------------------------------------------


--------------------------------------------------------------------------------
--- Intra-ligand clashes                                                     ---
--------------------------------------------------------------------------------

Ligand
--------------------------------------------------------------------------------

--------------------------------------------------------------------------------
--- Rescoring solution                                                       ---
--------------------------------------------------------------------------------

     Score         DG    S(hbond)    S(metal)    S(lipo)     H(rot)  DE(clash)    DE(int)
     12.30     -18.44       0.86        0.00     113.87       1.27       4.25       1.89

Doing AMOEBA simplex on best individual
Done simplexing #iterations 783, best score  14.44

     Score         DG    S(hbond)    S(metal)    S(lipo)     H(rot)  DE(clash)    DE(int)
     14.44     -18.79       0.97        0.00     113.85       1.27       2.32       2.03

--------------------------------------------------------------------------------
--- ChemScore breakdown of terms                                             ---
--------------------------------------------------------------------------------
DG = -5.4800 + -3.3400*S(hbond)
     + -6.0300*S(metal) + -0.1170*S(lipo) + 2.5600*H(rot)


H(rot) = 1.2659

Score = -(DG + DE(clash) + DE(int))


--------------------------------------------------------------------------------


--------------------------------------------------------------------------------
--- ChemScore analysis of protein-ligand interactions                        ---
--------------------------------------------------------------------------------

* Hydrogen bonds                                                                
Ligand donor    7 hydrogen   29 Protein acceptor 7948 bond energy  1.00 wt 0.97

CHEMSCORE EXTRA INTERACTIONS:

* Clashes                                                                       
Clash for ligand atom   3 (**** ):   0.40
Clash for ligand atom   4 (**** ):   1.64
Clash for ligand atom   5 (**** ):   0.01
Clash for ligand atom  12 (**** ):   0.04
Clash for ligand atom  14 (**** ):   0.24
--------------------------------------------------------------------------------


--------------------------------------------------------------------------------
--- Chromosome decoded                                                       ---
--------------------------------------------------------------------------------
Ligand Torsions
[   1    2    3    4]  169.44
[   2    3    5    6]  -59.05
[  21    8    7    5]  -12.01    matched torsion: aromatic amide
[  19   12   11   10]  174.07
Protein Torsions
[6907 6896 6895 6894]   31.69 
[7974 7965 7964 7962]  144.58 
[8008 7997 7996 7995]  155.65 
[10167 10162 10161 10158]   35.66 
[10718 10713 10712 10709]  -74.72 
[10763 10752 10751 10750]   62.25 
[11005 11000 10999 10996]  -14.10 
Mapping
Ligand acceptors to protein hydrogens (mapping then atom ids)
Ligand hydrogens to protein acceptors (mapping then atom ids)
  1   7 [ 29->7948]
Ligand shape atoms to protein points (mapping then atom ids & coords)
  6  8235 [ 13->(151.500 141.250 158.750)]
  7  9604 [ 14->(153.000 143.500 159.250)]
  8  9800 [ 15->(154.250 141.000 161.250)]
  9  7545 [ 17->(150.750 143.250 158.500)]
 10  8918 [ 18->(152.000 144.750 158.250)]
 11  9095 [ 19->(152.250 143.750 158.250)]
 12  6627 [ 21->(149.000 139.250 154.250)]
Chromosome values
Integers:
  -1   -1   -1   -1    6   -1   -1   -1   -1   -1 8234 9603 
9799 7544 8917 9094 6626 
--------------------------------------------------------------------------------

Current Ranking  3  4  2  1

Top  3 (of  4) solutions are within 1.500 RMSD, finishing docking /DATA2/COVID-19/PDBs_&_Models/AV-procd.sdf.


--------------------------------------------------------------------------------

* GA execution time :                                                           
  total  0.6756 user  0.6756 sys  0.0000

--------------------------------------------------------------------------------
Fitness function evaluations: 75664

--------------------------------------------------------------------------------
--- Ranking analysis                                                         ---
--------------------------------------------------------------------------------


* Final ranked order of GA solutions:                                           
   3  4  2  1 

  _______________________________
  RMSD Matrix of RANKED solutions

        2    3    4  

   1 :  0.6  1.1  8.6
   2 :       1.1  8.5
   3 :            8.5

  Clustering method                        : complete linkage
  Structure ids in cluster table           : rank nos.
  Ordering of clusters and their members   : by rank (order if from rms_analysis)

  Distance | Clusters
   0.62    |  1  2 |  3 |  4 |
   1.06    |  1  2  3 |  4 |
   8.62    |  1  2  3  4 |
  Finished Docking Ligand                  : /DATA2/COVID-19/PDBs_&_Models/AV-procd.sdf
--------------------------------------------------------------------------------

  Relative_Ligand_Energy (best encountered) :   0.336
  Relative_Ligand_Energy: fitness values have been corrected using this amount
