
--------------------------------------------------------------------------------
--- Ligand                                                                   ---
--------------------------------------------------------------------------------
  Ligand loaded from file                  : /DATA2/COVID-19/PDBs_&_Models/AV-procd.sdf
  Ligand name                              :  
  "AV-unprocessed.smi:1626                                                  "

--------------------------------------------------------------------------------
  N.plc donors                             : 
  none found

  Acidic nitrogen acceptors                : 
  none found
  Sulfur acceptors                         :
  none found


  Donor atoms                              :      3
  10  12  16  
  Acceptor atoms                           :      3
  5   10  16  

  Hydrogens                                :  (n = 3)
  31   48   39   

  Lone pairs added to molecule             :      5
  Numbering                                : from 49 to 53
  Choline groups                           : 
   12  

--------------------------------------------------------------------------------
--- Postprocessing of typing                                                 ---
--------------------------------------------------------------------------------
  Fragment file                            : /home/scv26/CCDC/Discovery_2020/GOLD/gold/rotatable_bond_override.mol2
  acylurea fragment                        : no matches
  thioacylthiourea fragment                : no matches
  acylthiourea fragment                    : no matches
  thioacylurea fragment                    : no matches
  diarylamine fragment >C.ar-NH-C.ar<      : no matches
  sec-amine (1) fragment                   : no matches
  sec-amine (2) fragment                   : 1 matches
  Ligand bond 7-19  set to 1
  Ligand bond 7-8  set to 1
  Ligand bond 7-6  set to 1
  sec-amine (3) fragment                   : 1 matches
  Ligand bond 7-19  set to 1
  Ligand bond 7-6  set to 1
  Ligand bond 7-8  set to 1
  carboxylic ester                         : no matches

* Rotatable bonds in /DATA2/COVID-19/PDBs  :
  [   7    8] [   8    9] [   9   10] [   9   11] 
  [  11   12] [  15   16] 
  No. of rotatable bonds                   :      6


* Fragments found in /DATA2/COVID-19/PDBs  :
  atom   2: benzene
  atom   3: benzene
  atom   4: benzene
  atom  19: benzene
  atom  20: benzene
  atom  21: benzene


* Checking torsion distributions:                                               
  No. of matched torsions                  :      0

--------------------------------------------------------------------------------
--- Shape fitting atoms selection (hydrophobic atoms)                        ---
--------------------------------------------------------------------------------
  Molecule                                 : /DATA2/COVID-19/PDBs_&_Models/AV-procd.sdf
  Selection                                : carbons only
  Atom numbers                             :  (n = 13)
  1    3    6    8    9    11   13   14   15   17   
  18   20   22   


--------------------------------------------------------------------------------
--- ChemScore ligand setup summary                                           ---
--------------------------------------------------------------------------------
  ChemScore ligand acceptors               :      3
  5 10 16 
  ChemScore ligand donors                  :      3
  10 ( 31  ) 12 ( 48 [+]  ) 16 ( 39  ) 
  ChemScore ligand CH donors               :      1
  6 ( 27 ) 

  ChemScore ligand lipophilic atoms        :  (n = 16)
  1    2    3    4    8    9    11   13   14   15   
  17   18   19   20   21   22   

  ChemScore ligand rotatable bonds         :      6
  7   (****) - 8   (****): SP3_SP2_BOND
  8   (****) - 9   (****): SP3_SP3_BOND
  9   (****) - 10  (****): SP3_SP3_BOND
  9   (****) - 11  (****): SP3_SP3_BOND
  11  (****) - 12  (****): SP3_SP3_BOND
  15  (****) - 16  (****): SP3_SP3_BOND

--------------------------------------------------------------------------------
--- PLP ligand setup summary                                                 ---
--------------------------------------------------------------------------------
    1  ****   C.3 NONPOLAR
    2  ****  C.ar NONPOLAR
    3  ****  C.ar NONPOLAR
    4  ****  C.ar NONPOLAR
    5  ****   N.2 ACCEPTOR
    6  ****   C.2 NONPOLAR
    7  **** N.pl3 NONPOLAR
    8  ****   C.3 NONPOLAR
    9  ****   C.3 NONPOLAR
   10  ****   O.3 DONACC
   11  ****   C.3 NONPOLAR
   12  ****   N.4 DONOR
   13  ****   C.3 NONPOLAR
   14  ****   C.3 NONPOLAR
   15  ****   C.3 NONPOLAR
   16  ****   O.3 DONACC
   17  ****   C.3 NONPOLAR
   18  ****   C.3 NONPOLAR
   19  ****  C.ar NONPOLAR
   20  ****  C.ar NONPOLAR
   21  ****  C.ar NONPOLAR
   22  ****   C.3 NONPOLAR


--------------------------------------------------------------------------------
--- Automatic parameter setting                                              ---
--------------------------------------------------------------------------------
  Contribution base                        :   2500
  Contribution per rotatable bond          :   6000
  Contribution per df                      :   4000
  Contribution per water                   :  10000
  Ligand rotatable bonds                   :      6
  Protein flexible side chain bonds        :      0
  Total rotatable bonds                    :      6
  Hydrophobic vol ratio (P/L)              :   1.774
  Base multiplier (polar)                  :   1.400
  Base multiplier (apolar)                 :   4.614
  Base contribution                        : 15000.000
  Fitting points                           :      7
  Estimated maxops needed (optimal)        :  51500

--------------------------------------------------------------------------------

* Population settings                                                           
  maxops                                   :  51500
  popsiz                                   :    100
  select_pressure                          :   1.100
  n_islands                                :      5
  niche_siz                                :      2

* GA settings                                                                   
  pt_crosswt                               :     95
  allele_mutatewt                          :     95
  migratewt                                :     10

* Search settings                                                               
  start_vdw_linear_cutoff                  :   4.000
  initial_virtual_pt_match_max             :   3.000

--------------------------------------------------------------------------------

* Ligand initialisation time :                                                  
  total  0.0133 user  0.0133 sys  0.0000

--------------------------------------------------------------------------------

--------------------------------------------------------------------------------
** Docking run number  1 **
--------------------------------------------------------------------------------
  Rank fitness base is 5000.00 ; increment is 11.2233

* Initialising population(s) ...                                                
Number of constraints mappings 0
Number of constraints 0
  Population no.                           :      1
  Population size                          :    100
  Number of duplicates                     :      0
  Number of niche violations               :      0
  Number of errors                         :   4156

Number of constraints mappings 0
Number of constraints 0
  Population no.                           :      2
  Population size                          :    100
  Number of duplicates                     :      0
  Number of niche violations               :      0
  Number of errors                         :   4195

Number of constraints mappings 0
Number of constraints 0
  Population no.                           :      3
  Population size                          :    100
  Number of duplicates                     :      0
  Number of niche violations               :      0
  Number of errors                         :   4126

Number of constraints mappings 0
Number of constraints 0
  Population no.                           :      4
  Population size                          :    100
  Number of duplicates                     :      0
  Number of niche violations               :      0
  Number of errors                         :   4195

Number of constraints mappings 0
Number of constraints 0
  Population no.                           :      5
  Population size                          :    100
  Number of duplicates                     :      0
  Number of niche violations               :      0
  Number of errors                         :   4208


Doing GA, no. of population(s) 5 size 100 selection pressure 1.100000

 Operation      Score     S(PLP)   S(hbond)     S(cho)   S(metal)  DE(clash)   DE(tors)     intcor
         0      22.99     -25.51       0.00       0.00       0.00       0.00       1.31       0.09
       693      22.99     -25.51       0.00       0.00       0.00       0.00       1.31       0.09
       698      27.62     -21.93       2.96       0.00       0.00       0.00       1.64       0.09
      1207      27.70     -28.04       1.57       0.00       0.00       1.22       1.96       0.09
      1307      30.09     -30.96       1.00       0.24       0.00       3.04       0.83       0.09
      5122      31.24     -34.78       1.00       0.24       0.00       3.04       2.16       0.09
      5628      32.26     -31.33       1.00       0.82       0.00       3.04       0.80       0.09
      5638      34.99     -36.91       0.76       0.30       0.00       3.04       1.08       0.09
      8264      36.34     -26.00       3.93       0.00       0.00       0.00       0.77       0.09
     10706      36.87     -32.78       1.71       0.00       0.00       0.60       0.26       0.09
     11591      36.90     -32.78       1.72       0.00       0.00       0.60       0.26       0.09
     11684      38.08     -27.92       3.93       0.00       0.00       0.00       0.86       0.09
     13616      39.68     -33.90       2.27       0.00       0.00       0.60       0.26       0.09
     14642      39.69     -41.32       0.15       0.00       0.00       0.00       1.09       0.09
     14876      41.75     -33.90       2.96       0.00       0.00       0.60       0.26       0.09
     15741      42.29     -34.60       2.73       0.00       0.00       0.00       0.30       0.09
     16982      43.47     -37.39       2.47       0.00       0.00       0.00       0.71       0.09
     17372      45.64     -39.99       2.32       0.00       0.00       0.00       0.71       0.09
     20604      46.37     -43.01       1.37       0.00       0.00       0.00       0.40       0.06
     25176      47.51     -41.66       2.41       0.00       0.00       0.00       0.73       0.06
     26460      49.49     -42.27       2.89       0.00       0.00       0.00       0.76       0.06
     26550      49.79     -43.34       2.64       0.00       0.00       0.00       0.76       0.06
     29949      50.60     -44.03       2.70       0.00       0.00       0.00       0.79       0.06
     32024      50.66     -44.34       2.62       0.00       0.00       0.00       0.79       0.06
     32832      51.19     -43.89       2.70       0.00       0.00       0.00       0.43       0.06
     33618      52.03     -41.37       3.80       0.00       0.00       0.00       0.40       0.06
     34643      52.63     -41.97       3.80       0.00       0.00       0.00       0.40       0.06
     34878      54.42     -45.27       3.30       0.00       0.00       0.00       0.40       0.06
     37433      54.80     -45.64       3.30       0.00       0.00       0.00       0.40       0.06
     38198      55.12     -44.80       3.68       0.00       0.00       0.00       0.40       0.06
     39123      55.14     -46.33       3.21       0.00       0.00       0.00       0.44       0.06
     39354      55.30     -45.33       3.57       0.00       0.00       0.00       0.40       0.06
     40284      55.59     -46.43       3.31       0.00       0.00       0.00       0.41       0.06
     40328      55.84     -44.74       3.98       0.00       0.00       0.00       0.44       0.06
     40573      56.46     -46.52       3.59       0.00       0.00       0.00       0.44       0.06
     41358      56.55     -46.52       3.62       0.00       0.00       0.00       0.44       0.06
     42141      56.91     -45.80       4.04       0.00       0.00       0.00       0.53       0.06
     43278      57.09     -47.00       3.64       0.00       0.00       0.00       0.44       0.06
     45368      57.15     -46.82       3.72       0.00       0.00       0.00       0.44       0.06
     46633      57.17     -47.11       3.64       0.00       0.00       0.00       0.46       0.06
     46719      57.30     -46.47       3.92       0.00       0.00       0.00       0.49       0.06
     47483      57.51     -47.00       3.78       0.00       0.00       0.00       0.44       0.06
     48438      57.63     -46.82       3.88       0.00       0.00       0.00       0.44       0.06
     49053      57.66     -46.87       3.88       0.00       0.00       0.00       0.46       0.06
     50992      57.78     -46.97       3.88       0.00       0.00       0.00       0.44       0.06
--------------------------------------------------------------------------------
Best docking solution after GA:
     51500      57.78     -46.97       3.88       0.00       0.00       0.00       0.44       0.06

#ops:      51500 #mutates:  24302 #cross:    24613 #migrate:   2585 
#dups:     13545 #niche:    26235 #errors:    1614 
--------------------------------------------------------------------------------

Doing AMOEBA simplex on best individual
Done simplexing #iterations 506, best score  61.28

Ligand is stored in gold_soln_AV-procd_m6506_1.sdf


--------------------------------------------------------------------------------
--- CHEMPLP breakdown of terms                                               ---
--------------------------------------------------------------------------------
CHEMPLP = - ( 1.0000*S(PLP) + -3.0000*S(hbond) + -6.0000*S(metal) + -3.0000*S(cho) )

Score = CHEMPLP - 1.0000*DE(clash) - 2.0000*DE(tors)

Internal energy term has been corrected with the best internal energy encountered.

--------------------------------------------------------------------------------


     Score     S(PLP)   S(hbond)     S(cho)   S(metal)  DE(clash)   DE(tors)     intcor
     61.28     -47.22       4.90       0.00       0.00       0.00       0.34       0.06

--------------------------------------------------------------------------------
--- PLP analysis of protein-ligand interactions                              ---
--------------------------------------------------------------------------------
hydrogen bonding        :      -4.00
metal                   :       0.00
buried (polar-nonpolar) :      -5.94
nonpolar                :     -37.29
repulsive               :       0.12
--------------------------------------------------------------------------------


--------------------------------------------------------------------------------
--- ChemScore analysis of protein-ligand interactions                        ---
--------------------------------------------------------------------------------

* Hydrogen bonds                                                                
Ligand donor   10 hydrogen   31 Protein acceptor 7957 bond energy  1.00 wt 1.00
Ligand donor   12 hydrogen   48 Protein acceptor 8028 bond energy  1.00 wt 2.00
Protein donor 7989 hydrogen 7998 Ligand acceptor   10 bond energy  1.00 wt 0.90
Protein donor 7997 hydrogen 8008 Ligand acceptor    5 bond energy  1.00 wt 1.00


* CH..O interactions                                                            
  CH group selection                       : activated ring CH (adjacent to hetatom)

--------------------------------------------------------------------------------


--------------------------------------------------------------------------------
--- Intra-ligand clashes                                                     ---
--------------------------------------------------------------------------------

Ligand
--------------------------------------------------------------------------------

--------------------------------------------------------------------------------
--- Rescoring solution                                                       ---
--------------------------------------------------------------------------------

     Score         DG    S(hbond)    S(metal)    S(lipo)     H(rot)  DE(clash)    DE(int)
     15.49     -17.98       1.66        0.00     117.94       2.67       1.44       1.04

Doing AMOEBA simplex on best individual
Done simplexing #iterations 747, best score  18.51

     Score         DG    S(hbond)    S(metal)    S(lipo)     H(rot)  DE(clash)    DE(int)
     18.51     -19.71       1.92        0.00     125.17       2.67       0.61       0.60

--------------------------------------------------------------------------------
--- ChemScore breakdown of terms                                             ---
--------------------------------------------------------------------------------
DG = -5.4800 + -3.3400*S(hbond)
     + -6.0300*S(metal) + -0.1170*S(lipo) + 2.5600*H(rot)


H(rot) = 2.6712

Score = -(DG + DE(clash) + DE(int))


--------------------------------------------------------------------------------


--------------------------------------------------------------------------------
--- ChemScore analysis of protein-ligand interactions                        ---
--------------------------------------------------------------------------------

* Hydrogen bonds                                                                
Ligand donor   10 hydrogen   31 Protein acceptor 7957 bond energy  1.00 wt 0.98
Ligand donor   12 hydrogen   48 Protein acceptor 8028 bond energy  1.00 wt 0.85
Protein donor 7989 hydrogen 7998 Ligand acceptor   10 bond energy  1.00 wt 0.10

CHEMSCORE EXTRA INTERACTIONS:

* Clashes                                                                       
Clash for ligand atom   1 (**** ):   0.01
Clash for ligand atom   8 (**** ):   0.53
Clash for ligand atom  11 (**** ):   0.02
Clash for ligand atom  17 (**** ):   0.05
--------------------------------------------------------------------------------


--------------------------------------------------------------------------------
--- Chromosome decoded                                                       ---
--------------------------------------------------------------------------------
Ligand Torsions
[   6    7    8    9]   45.41
[   7    8    9   10]  -74.93
[  31   10    9    8] -130.43
[  12   11    9    8]  -60.63
[  18   12   11    9] -173.62
[  39   16   15   14]  -96.31
Protein Torsions
[6907 6896 6895 6894]  -85.18 
[7974 7965 7964 7962]  148.21 
[8008 7997 7996 7995]  -62.90 
[10167 10162 10161 10158]   20.85 
[10718 10713 10712 10709]  143.97 
[10763 10752 10751 10750]  132.51 
[11005 11000 10999 10996]    7.17 
Mapping
Ligand acceptors to protein hydrogens (mapping then atom ids)
  1  19 [  5->8008]
  2  18 [ 10->7998]
Ligand hydrogens to protein acceptors (mapping then atom ids)
Ligand shape atoms to protein points (mapping then atom ids & coords)
  1  8575 [  1->(151.750 143.500 161.500)]
  5  6397 [  9->(148.500 141.500 155.250)]
 12  7568 [ 20->(150.750 143.750 159.250)]
 13  8135 [ 22->(151.250 145.000 159.250)]
Ligand N+ atoms to protein TRP (mapping then atom ids & coords)
Chromosome values
Integers:
  18   17   -1   -1   -1   -1   -1 8574   -1   -1   -1 6396 
  -1   -1   -1   -1   -1   -1 7567 8134 
--------------------------------------------------------------------------------

Current Ranking  1

--------------------------------------------------------------------------------

* GA execution time :                                                           
  total  1.1385 user  1.1346 sys  0.0040

--------------------------------------------------------------------------------
Fitness function evaluations: 109280

--------------------------------------------------------------------------------
** Docking run number  2 **
--------------------------------------------------------------------------------
  Rank fitness base is 5000.00 ; increment is 11.2233

* Initialising population(s) ...                                                
Number of constraints mappings 0
Number of constraints 0
  Population no.                           :      1
  Population size                          :    100
  Number of duplicates                     :      0
  Number of niche violations               :      0
  Number of errors                         :   4058

Number of constraints mappings 0
Number of constraints 0
  Population no.                           :      2
  Population size                          :    100
  Number of duplicates                     :      0
  Number of niche violations               :      0
  Number of errors                         :   4113

Number of constraints mappings 0
Number of constraints 0
  Population no.                           :      3
  Population size                          :    100
  Number of duplicates                     :      0
  Number of niche violations               :      0
  Number of errors                         :   4040

Number of constraints mappings 0
Number of constraints 0
  Population no.                           :      4
  Population size                          :    100
  Number of duplicates                     :      0
  Number of niche violations               :      0
  Number of errors                         :   4004

Number of constraints mappings 0
Number of constraints 0
  Population no.                           :      5
  Population size                          :    100
  Number of duplicates                     :      0
  Number of niche violations               :      0
  Number of errors                         :   4140


Doing GA, no. of population(s) 5 size 100 selection pressure 1.100000

 Operation      Score     S(PLP)   S(hbond)     S(cho)   S(metal)  DE(clash)   DE(tors)     intcor
         0      22.83     -24.05       0.31       0.00       0.00       0.00       1.09       0.06
       517      24.16     -22.75       1.14       0.00       0.00       0.00       1.02       0.06
      1321      32.35     -33.90       0.30       0.00       0.00       0.00       1.24       0.03
      2541      34.41     -35.91       0.00       0.00       0.00       0.00       0.76       0.03
      4196      37.39     -38.29       0.20       0.00       0.00       0.00       0.76       0.03
      6407      37.97     -32.82       2.27       0.00       0.00       0.00       0.85       0.03
      6660      39.79     -38.29       1.00       0.00       0.00       0.00       0.76       0.03
      8737      41.83     -36.14       3.09       0.00       0.00       1.12       1.25       0.03
     11782      45.18     -42.18       1.61       0.00       0.00       0.00       0.93       0.03
     12180      46.80     -44.21       1.54       0.00       0.00       0.00       1.02       0.03
     13884      46.96     -43.35       1.88       0.00       0.00       0.00       1.02       0.03
     14315      46.99     -44.37       1.54       0.00       0.00       0.00       1.01       0.03
     16269      48.11     -45.59       1.51       0.00       0.00       0.00       1.02       0.03
     17786      48.52     -45.96       1.51       0.00       0.00       0.00       1.01       0.03
     19086      48.69     -45.28       1.80       0.00       0.00       0.00       1.01       0.03
     21909      48.70     -46.05       1.54       0.00       0.00       0.00       1.00       0.03
     23768      49.24     -46.49       1.55       0.00       0.00       0.00       0.96       0.03
     26171      49.32     -45.62       1.86       0.00       0.00       0.00       0.96       0.03
     26567      55.57     -47.78       3.02       0.00       0.00       0.00       0.66       0.03
     31208      55.76     -47.88       3.04       0.00       0.00       0.00       0.63       0.03
     41839      56.52     -44.35       4.42       0.00       0.00       0.00       0.56       0.03
     43864      56.86     -44.60       4.45       0.00       0.00       0.00       0.56       0.03
     46993      56.87     -47.88       3.41       0.00       0.00       0.00       0.63       0.03
     47743      57.07     -47.94       3.45       0.00       0.00       0.00       0.63       0.03
     49749      57.15     -44.49       4.59       0.00       0.00       0.00       0.56       0.03
     49854      57.72     -44.82       4.66       0.00       0.00       0.00       0.56       0.03
     50503      57.76     -45.46       4.47       0.00       0.00       0.00       0.56       0.03
     51213      57.88     -45.56       4.43       0.00       0.00       0.00       0.49       0.03
--------------------------------------------------------------------------------
Best docking solution after GA:
     51500      57.88     -45.56       4.43       0.00       0.00       0.00       0.49       0.03

#ops:      51500 #mutates:  24361 #cross:    24510 #migrate:   2629 
#dups:     12523 #niche:    32367 #errors:    1128 
--------------------------------------------------------------------------------

Doing AMOEBA simplex on best individual
Done simplexing #iterations 607, best score  60.83

Ligand is stored in gold_soln_AV-procd_m6506_2.sdf


--------------------------------------------------------------------------------
--- CHEMPLP breakdown of terms                                               ---
--------------------------------------------------------------------------------
CHEMPLP = - ( 1.0000*S(PLP) + -3.0000*S(hbond) + -6.0000*S(metal) + -3.0000*S(cho) )

Score = CHEMPLP - 1.0000*DE(clash) - 2.0000*DE(tors)

Internal energy term has been corrected with the best internal energy encountered.

--------------------------------------------------------------------------------


     Score     S(PLP)   S(hbond)     S(cho)   S(metal)  DE(clash)   DE(tors)     intcor
     60.83     -47.12       4.92       0.00       0.00       0.00       0.54       0.03

--------------------------------------------------------------------------------
--- PLP analysis of protein-ligand interactions                              ---
--------------------------------------------------------------------------------
hydrogen bonding        :      -4.00
metal                   :       0.00
buried (polar-nonpolar) :      -6.67
nonpolar                :     -35.73
repulsive               :       0.09
--------------------------------------------------------------------------------


--------------------------------------------------------------------------------
--- ChemScore analysis of protein-ligand interactions                        ---
--------------------------------------------------------------------------------

* Hydrogen bonds                                                                
Ligand donor   10 hydrogen   31 Protein acceptor 7957 bond energy  1.00 wt 0.99
Ligand donor   12 hydrogen   48 Protein acceptor 8028 bond energy  1.00 wt 2.00
Protein donor 7989 hydrogen 7998 Ligand acceptor   10 bond energy  1.00 wt 0.93
Protein donor 7997 hydrogen 8010 Ligand acceptor    5 bond energy  1.00 wt 1.00


* CH..O interactions                                                            
  CH group selection                       : activated ring CH (adjacent to hetatom)

--------------------------------------------------------------------------------


--------------------------------------------------------------------------------
--- Intra-ligand clashes                                                     ---
--------------------------------------------------------------------------------

Ligand
--------------------------------------------------------------------------------

--------------------------------------------------------------------------------
--- Rescoring solution                                                       ---
--------------------------------------------------------------------------------

     Score         DG    S(hbond)    S(metal)    S(lipo)     H(rot)  DE(clash)    DE(int)
     15.22     -17.00       1.50        0.00     113.97       2.67       0.37       1.41

Doing AMOEBA simplex on best individual
Done simplexing #iterations 995, best score  18.34

     Score         DG    S(hbond)    S(metal)    S(lipo)     H(rot)  DE(clash)    DE(int)
     18.34     -19.24       2.11        0.00     115.69       2.67       0.39       0.52

--------------------------------------------------------------------------------
--- ChemScore breakdown of terms                                             ---
--------------------------------------------------------------------------------
DG = -5.4800 + -3.3400*S(hbond)
     + -6.0300*S(metal) + -0.1170*S(lipo) + 2.5600*H(rot)


H(rot) = 2.6712

Score = -(DG + DE(clash) + DE(int))


--------------------------------------------------------------------------------


--------------------------------------------------------------------------------
--- ChemScore analysis of protein-ligand interactions                        ---
--------------------------------------------------------------------------------

* Hydrogen bonds                                                                
Ligand donor   10 hydrogen   31 Protein acceptor 7957 bond energy  1.00 wt 0.93
Ligand donor   12 hydrogen   48 Protein acceptor 8028 bond energy  1.00 wt 0.82
Protein donor 7989 hydrogen 7998 Ligand acceptor   10 bond energy  1.00 wt 0.22
Protein donor 7997 hydrogen 8010 Ligand acceptor    5 bond energy  1.00 wt 0.14

CHEMSCORE EXTRA INTERACTIONS:

* Clashes                                                                       
Clash for ligand atom   8 (**** ):   0.34
Clash for ligand atom  17 (**** ):   0.04
--------------------------------------------------------------------------------


--------------------------------------------------------------------------------
--- Chromosome decoded                                                       ---
--------------------------------------------------------------------------------
Ligand Torsions
[   6    7    8    9]   42.87
[   7    8    9   10]  -78.40
[  31   10    9    8] -130.18
[  12   11    9    8]  -63.51
[  18   12   11    9] -166.71
[  39   16   15   14]  -34.53
Protein Torsions
[6907 6896 6895 6894]  -39.09 
[7974 7965 7964 7962]   37.65 
[8008 7997 7996 7995]   46.30 
[10167 10162 10161 10158]   18.46 
[10718 10713 10712 10709] -170.23 
[10763 10752 10751 10750]   55.29 
[11005 11000 10999 10996]  150.49 
Mapping
Ligand acceptors to protein hydrogens (mapping then atom ids)
  1  21 [  5->8010]
  2  22 [ 10->8017]
Ligand hydrogens to protein acceptors (mapping then atom ids)
  1   9 [ 31->7957]
Ligand shape atoms to protein points (mapping then atom ids & coords)
  1  9687 [  1->(153.500 141.250 160.250)]
  2  9389 [  3->(152.750 141.750 160.250)]
  4  7131 [  8->(150.250 141.500 156.750)]
  5  6743 [  9->(149.250 141.500 156.250)]
  6  6152 [ 11->(148.000 140.750 155.000)]
 12  7567 [ 20->(150.750 143.750 159.000)]
 13  9158 [ 22->(152.250 144.500 159.250)]
Ligand N+ atoms to protein TRP (mapping then atom ids & coords)
Chromosome values
Integers:
  20   21   -1    8   -1   -1   -1 9686 9388   -1 7130 6742 
6151   -1   -1   -1   -1   -1 7566 9157 
--------------------------------------------------------------------------------

Current Ranking  1  2

--------------------------------------------------------------------------------

* GA execution time :                                                           
  total  1.1689 user  1.1689 sys  0.0000

--------------------------------------------------------------------------------
Fitness function evaluations: 109834

--------------------------------------------------------------------------------
** Docking run number  3 **
--------------------------------------------------------------------------------
  Rank fitness base is 5000.00 ; increment is 11.2233

* Initialising population(s) ...                                                
Number of constraints mappings 0
Number of constraints 0
  Population no.                           :      1
  Population size                          :    100
  Number of duplicates                     :      0
  Number of niche violations               :      0
  Number of errors                         :   4083

Number of constraints mappings 0
Number of constraints 0
  Population no.                           :      2
  Population size                          :    100
  Number of duplicates                     :      0
  Number of niche violations               :      0
  Number of errors                         :   3958

Number of constraints mappings 0
Number of constraints 0
  Population no.                           :      3
  Population size                          :    100
  Number of duplicates                     :      0
  Number of niche violations               :      0
  Number of errors                         :   3909

Number of constraints mappings 0
Number of constraints 0
  Population no.                           :      4
  Population size                          :    100
  Number of duplicates                     :      0
  Number of niche violations               :      0
  Number of errors                         :   4077

Number of constraints mappings 0
Number of constraints 0
  Population no.                           :      5
  Population size                          :    100
  Number of duplicates                     :      0
  Number of niche violations               :      0
  Number of errors                         :   4138


Doing GA, no. of population(s) 5 size 100 selection pressure 1.100000

 Operation      Score     S(PLP)   S(hbond)     S(cho)   S(metal)  DE(clash)   DE(tors)     intcor
         0      23.41     -26.59       0.00       0.00       0.00       0.00       1.60       0.03
      1139      27.36     -26.00       1.08       0.08       0.00       0.00       1.06       0.03
      2564      28.24     -24.07       1.79       0.00       0.00       0.00       0.61       0.03
      3264      30.36     -28.27       1.40       0.00       0.00       0.00       1.06       0.03
      3574      32.23     -27.60       2.13       0.12       0.00       0.00       1.06       0.03
      3999      32.67     -27.82       2.32       0.00       0.00       0.00       1.06       0.03
      4769      33.08     -28.04       2.38       0.00       0.00       0.00       1.06       0.03
      4974      33.62     -27.67       2.68       0.00       0.00       0.00       1.06       0.03
      5064      34.26     -28.59       2.59       0.00       0.00       0.00       1.06       0.03
      5320      38.16     -32.96       2.00       0.00       0.00       0.00       0.41       0.03
      7788      38.61     -37.75       1.41       0.00       0.00       0.00       1.70       0.03
      9000      39.12     -36.58       1.56       0.00       0.00       0.00       1.08       0.03
      9067      40.88     -35.75       2.44       0.00       0.00       0.00       1.11       0.03
      9995      41.48     -35.06       2.67       0.00       0.00       0.00       0.81       0.03
     11993      43.11     -36.55       3.27       0.00       0.00       0.00       1.64       0.03
     13178      43.58     -36.92       3.29       0.00       0.00       0.00       1.61       0.03
     15367      44.49     -37.27       2.72       0.00       0.00       0.00       0.48       0.03
     16301      46.93     -43.19       1.85       0.00       0.00       0.00       0.92       0.03
     19201      49.33     -43.19       2.65       0.00       0.00       0.00       0.92       0.03
     22751      50.40     -42.79       3.18       0.00       0.00       0.00       0.98       0.03
     24009      51.39     -45.13       2.69       0.00       0.00       0.00       0.91       0.03
     25288      51.39     -45.13       2.69       0.00       0.00       0.00       0.91       0.03
     25461      55.50     -46.87       3.52       0.00       0.00       0.00       0.98       0.03
     27331      55.82     -47.02       3.55       0.00       0.00       0.00       0.94       0.03
     29390      55.87     -47.05       3.55       0.00       0.00       0.00       0.93       0.03
     29952      56.17     -46.46       3.89       0.00       0.00       0.00       1.00       0.03
     33729      56.22     -46.57       3.85       0.00       0.00       0.00       0.96       0.03
     34016      56.54     -47.11       3.74       0.00       0.00       0.00       0.91       0.03
     34952      56.56     -46.75       3.89       0.00       0.00       0.00       0.95       0.03
     36351      56.58     -47.51       3.60       0.00       0.00       0.00       0.88       0.03
     36384      56.70     -46.70       3.98       0.00       0.00       0.00       0.99       0.03
     37473      57.02     -47.59       3.79       0.00       0.00       0.00       0.98       0.03
     44942      57.18     -47.58       3.82       0.00       0.00       0.00       0.95       0.03
     47189      57.18     -47.62       3.82       0.00       0.00       0.00       0.96       0.03
     47552      57.21     -47.47       3.85       0.00       0.00       0.00       0.92       0.03
     49247      57.25     -47.54       3.85       0.00       0.00       0.00       0.93       0.03
     50044      57.32     -47.71       3.77       0.00       0.00       0.00       0.87       0.03
--------------------------------------------------------------------------------
Best docking solution after GA:
     51500      57.32     -47.71       3.77       0.00       0.00       0.00       0.87       0.03

#ops:      51500 #mutates:  24585 #cross:    24415 #migrate:   2500 
#dups:     13069 #niche:    29032 #errors:    1134 
--------------------------------------------------------------------------------

Doing AMOEBA simplex on best individual
Done simplexing #iterations 737, best score  58.81

Ligand is stored in gold_soln_AV-procd_m6506_3.sdf


--------------------------------------------------------------------------------
--- CHEMPLP breakdown of terms                                               ---
--------------------------------------------------------------------------------
CHEMPLP = - ( 1.0000*S(PLP) + -3.0000*S(hbond) + -6.0000*S(metal) + -3.0000*S(cho) )

Score = CHEMPLP - 1.0000*DE(clash) - 2.0000*DE(tors)

Internal energy term has been corrected with the best internal energy encountered.

--------------------------------------------------------------------------------


     Score     S(PLP)   S(hbond)     S(cho)   S(metal)  DE(clash)   DE(tors)     intcor
     58.81     -48.42       4.00       0.00       0.00       0.00       0.82       0.03

--------------------------------------------------------------------------------
--- PLP analysis of protein-ligand interactions                              ---
--------------------------------------------------------------------------------
hydrogen bonding        :      -2.89
metal                   :       0.00
buried (polar-nonpolar) :      -7.00
nonpolar                :     -38.82
repulsive               :       0.11
--------------------------------------------------------------------------------


--------------------------------------------------------------------------------
--- ChemScore analysis of protein-ligand interactions                        ---
--------------------------------------------------------------------------------

* Hydrogen bonds                                                                
Ligand donor   10 hydrogen   31 Protein acceptor 7957 bond energy  1.00 wt 1.00
Ligand donor   12 hydrogen   48 Protein acceptor 8028 bond energy  1.00 wt 2.00
Protein donor 7989 hydrogen 7998 Ligand acceptor   10 bond energy  1.00 wt 1.00


* CH..O interactions                                                            
  CH group selection                       : activated ring CH (adjacent to hetatom)

--------------------------------------------------------------------------------


--------------------------------------------------------------------------------
--- Intra-ligand clashes                                                     ---
--------------------------------------------------------------------------------

Ligand
--------------------------------------------------------------------------------

--------------------------------------------------------------------------------
--- Rescoring solution                                                       ---
--------------------------------------------------------------------------------

     Score         DG    S(hbond)    S(metal)    S(lipo)     H(rot)  DE(clash)    DE(int)
     18.14     -19.55       1.97        0.00     122.35       2.67       0.55       0.87

Doing AMOEBA simplex on best individual
Done simplexing #iterations 745, best score  19.63

     Score         DG    S(hbond)    S(metal)    S(lipo)     H(rot)  DE(clash)    DE(int)
     19.63     -20.83       2.35        0.00     122.62       2.67       0.38       0.82

--------------------------------------------------------------------------------
--- ChemScore breakdown of terms                                             ---
--------------------------------------------------------------------------------
DG = -5.4800 + -3.3400*S(hbond)
     + -6.0300*S(metal) + -0.1170*S(lipo) + 2.5600*H(rot)


H(rot) = 2.6712

Score = -(DG + DE(clash) + DE(int))


--------------------------------------------------------------------------------


--------------------------------------------------------------------------------
--- ChemScore analysis of protein-ligand interactions                        ---
--------------------------------------------------------------------------------

* Hydrogen bonds                                                                
Ligand donor   10 hydrogen   31 Protein acceptor 7957 bond energy  1.00 wt 0.90
Ligand donor   12 hydrogen   48 Protein acceptor 8028 bond energy  1.00 wt 0.90
Protein donor 7989 hydrogen 7998 Ligand acceptor   10 bond energy  1.00 wt 0.55

CHEMSCORE EXTRA INTERACTIONS:

* Clashes                                                                       
Clash for ligand atom   1 (**** ):   0.36
Clash for ligand atom   8 (**** ):   0.02
--------------------------------------------------------------------------------


--------------------------------------------------------------------------------
--- Chromosome decoded                                                       ---
--------------------------------------------------------------------------------
Ligand Torsions
[   6    7    8    9]   24.76
[   7    8    9   10]  -88.72
[  31   10    9    8] -141.53
[  12   11    9    8]  -50.23
[  18   12   11    9] -172.72
[  39   16   15   14]  152.74
Protein Torsions
[6907 6896 6895 6894] -177.49 
[7974 7965 7964 7962]  165.45 
[8008 7997 7996 7995]  134.86 
[10167 10162 10161 10158]   65.16 
[10718 10713 10712 10709]   -2.12 
[10763 10752 10751 10750]  149.38 
[11005 11000 10999 10996]   77.66 
Mapping
Ligand acceptors to protein hydrogens (mapping then atom ids)
  2  18 [ 10->7998]
Ligand hydrogens to protein acceptors (mapping then atom ids)
  1   9 [ 31->7957]
Ligand shape atoms to protein points (mapping then atom ids & coords)
  1  9311 [  1->(152.500 143.750 160.250)]
  2  8775 [  3->(152.000 142.000 159.500)]
  5  6640 [  9->(149.000 141.000 155.500)]
  6  6399 [ 11->(148.500 141.750 155.000)]
 12  8247 [ 20->(151.500 142.000 158.250)]
 13  8389 [ 22->(151.500 144.750 159.750)]
Ligand N+ atoms to protein TRP (mapping then atom ids & coords)
Chromosome values
Integers:
  -1   17   -1    8   -1   -1   -1 9310 8774   -1   -1 6639 
6398   -1   -1   -1   -1   -1 8246 8388 
--------------------------------------------------------------------------------

Current Ranking  1  2  3

Top  3 (of  3) solutions are within 1.500 RMSD, finishing docking /DATA2/COVID-19/PDBs_&_Models/AV-procd.sdf.


--------------------------------------------------------------------------------

* GA execution time :                                                           
  total  1.1491 user  1.1491 sys  0.0000

--------------------------------------------------------------------------------
Fitness function evaluations: 108862

--------------------------------------------------------------------------------
--- Ranking analysis                                                         ---
--------------------------------------------------------------------------------


* Final ranked order of GA solutions:                                           
   1  2  3 

  _______________________________
  RMSD Matrix of RANKED solutions

        2    3  

   1 :  1.0  0.5
   2 :       0.7

  Clustering method                        : complete linkage
  Structure ids in cluster table           : rank nos.
  Ordering of clusters and their members   : by rank (order if from rms_analysis)

  Distance | Clusters
   0.53    |  1  3 |  2 |
   0.99    |  1  2  3 |
  Finished Docking Ligand                  : /DATA2/COVID-19/PDBs_&_Models/AV-procd.sdf
--------------------------------------------------------------------------------

  Relative_Ligand_Energy (best encountered) :   0.029
  Relative_Ligand_Energy: fitness values have been corrected using this amount
