
--------------------------------------------------------------------------------
--- Ligand                                                                   ---
--------------------------------------------------------------------------------
  Ligand loaded from file                  : /DATA2/COVID-19/PDBs_&_Models/AV-procd.sdf
  Ligand name                              :  
  "AV-unprocessed.smi:959                                                   "

--------------------------------------------------------------------------------
  N.plc donors                             : 
  none found

  Acidic nitrogen acceptors                : 
  none found
  Sulfur acceptors                         :
  none found


  Donor atoms                              :      1
  13  
  Acceptor atoms                           :      2
  6   7   

  Hydrogens                                :  (n = 2)
  30   33   

  Lone pairs added to molecule             :      2
  Numbering                                : from 34 to 35
  Choline groups                           : 
   

--------------------------------------------------------------------------------
--- Postprocessing of typing                                                 ---
--------------------------------------------------------------------------------
  Fragment file                            : /home/scv26/CCDC/Discovery_2020/GOLD/gold/rotatable_bond_override.mol2
  acylurea fragment                        : no matches
  thioacylthiourea fragment                : no matches
  acylthiourea fragment                    : no matches
  thioacylurea fragment                    : no matches
  diarylamine fragment >C.ar-NH-C.ar<      : no matches
  sec-amine (1) fragment                   : no matches
  sec-amine (2) fragment                   : no matches
  sec-amine (3) fragment                   : no matches
  carboxylic ester                         : no matches

* Rotatable bonds in /DATA2/COVID-19/PDBs  :
  [   2    4] [   8    9] 
  No. of rotatable bonds                   :      2


* Fragments found in /DATA2/COVID-19/PDBs  :


* Checking torsion distributions:                                               
  No. of matched torsions                  :      0

--------------------------------------------------------------------------------
--- Shape fitting atoms selection (hydrophobic atoms)                        ---
--------------------------------------------------------------------------------
  Molecule                                 : /DATA2/COVID-19/PDBs_&_Models/AV-procd.sdf
  Selection                                : carbons only
  Atom numbers                             :  (n = 9)
  1    2    3    5    9    10   11   12   14   


--------------------------------------------------------------------------------
--- ChemScore ligand setup summary                                           ---
--------------------------------------------------------------------------------
  ChemScore ligand acceptors               :      2
  6 7 
  ChemScore ligand donors                  :      1
  13 ( 30 [+] 33 [+]  ) 
  ChemScore ligand CH donors               :      1
  5 ( 22 ) 

  ChemScore ligand lipophilic atoms        :  (n = 8)
  1    2    3    9    10   11   12   14   

  ChemScore ligand rotatable bonds         :      2
  2   (****) - 4   (****): SP3_SP2_BOND
  8   (****) - 9   (****): SP3_SP2_BOND

--------------------------------------------------------------------------------
--- PLP ligand setup summary                                                 ---
--------------------------------------------------------------------------------
    1  ****   C.3 NONPOLAR
    2  ****   C.3 NONPOLAR
    3  ****   C.3 NONPOLAR
    4  **** N.pl3 NONPOLAR
    5  ****   C.2 NONPOLAR
    6  ****   N.2 ACCEPTOR
    7  ****   N.2 ACCEPTOR
    8  ****   C.2 NONPOLAR
    9  ****   C.3 NONPOLAR
   10  ****   C.3 NONPOLAR
   11  ****   C.3 NONPOLAR
   12  ****   C.3 NONPOLAR
   13  ****   N.4 DONOR
   14  ****   C.3 NONPOLAR


--------------------------------------------------------------------------------
--- Automatic parameter setting                                              ---
--------------------------------------------------------------------------------
  Contribution base                        :   2500
  Contribution per rotatable bond          :   6000
  Contribution per df                      :   4000
  Contribution per water                   :  10000
  Ligand rotatable bonds                   :      2
  Protein flexible side chain bonds        :      0
  Total rotatable bonds                    :      2
  Hydrophobic vol ratio (P/L)              :   2.563
  Base multiplier (polar)                  :   0.600
  Base multiplier (apolar)                 :   4.614
  Base contribution                        : 12500.000
  Fitting points                           :      3
  Estimated maxops needed (optimal)        :  25000

--------------------------------------------------------------------------------

* Population settings                                                           
  maxops                                   :  25000
  popsiz                                   :    100
  select_pressure                          :   1.100
  n_islands                                :      2
  niche_siz                                :      2

* GA settings                                                                   
  pt_crosswt                               :     95
  allele_mutatewt                          :     95
  migratewt                                :     10

* Search settings                                                               
  start_vdw_linear_cutoff                  :   4.000
  initial_virtual_pt_match_max             :   3.000

--------------------------------------------------------------------------------

* Ligand initialisation time :                                                  
  total  0.0040 user  0.0040 sys  0.0000

--------------------------------------------------------------------------------

--------------------------------------------------------------------------------
** Docking run number  1 **
--------------------------------------------------------------------------------
  Rank fitness base is 5000.00 ; increment is 11.2233

* Initialising population(s) ...                                                
Number of constraints mappings 0
Number of constraints 0
  Population no.                           :      1
  Population size                          :    100
  Number of duplicates                     :      0
  Number of niche violations               :      0
  Number of errors                         :   8607

Number of constraints mappings 0
Number of constraints 0
  Population no.                           :      2
  Population size                          :    100
  Number of duplicates                     :      0
  Number of niche violations               :      0
  Number of errors                         :   8676


Doing GA, no. of population(s) 2 size 100 selection pressure 1.100000

 Operation      Score     S(PLP)   S(hbond)     S(cho)   S(metal)  DE(clash)   DE(tors)     intcor
         0      21.52     -18.53       2.07       0.00       0.00       1.42       0.94       0.08
       590      21.62     -21.37       0.00       0.33       0.00       0.00       0.41       0.08
       708      25.44     -19.86       2.44       0.50       0.00       1.42       0.94       0.08
       770      25.88     -22.69       0.32       0.99       0.00       0.00       0.41       0.08
      1250      33.17     -30.99       0.81       0.00       0.00       0.00       0.17       0.08
      2778      33.43     -30.86       0.94       0.00       0.00       0.00       0.17       0.08
      2999      34.70     -28.69       2.41       0.00       0.00       0.00       0.65       0.08
      3757      35.36     -30.54       1.79       0.00       0.00       0.00       0.31       0.07
      3784      36.49     -31.22       1.92       0.00       0.00       0.00       0.28       0.07
      4722      36.59     -30.62       2.15       0.00       0.00       0.00       0.28       0.07
      4782      37.81     -31.03       2.44       0.00       0.00       0.00       0.31       0.07
      5275      38.09     -30.54       2.70       0.00       0.00       0.00       0.31       0.07
      6100      39.30     -31.21       2.88       0.00       0.00       0.00       0.31       0.07
      8514      39.93     -31.49       2.88       0.00       0.00       0.00       0.14       0.07
     10268      39.95     -31.64       2.85       0.00       0.00       0.00       0.15       0.07
     10486      39.98     -31.57       2.88       0.00       0.00       0.00       0.15       0.07
     10672      40.05     -31.54       2.88       0.00       0.00       0.00       0.10       0.07
     10769      40.18     -31.66       2.88       0.00       0.00       0.00       0.09       0.07
     12876      40.56     -32.20       2.86       0.00       0.00       0.00       0.15       0.07
     13842      40.66     -32.41       2.82       0.00       0.00       0.00       0.15       0.07
     15850      40.68     -32.41       2.83       0.00       0.00       0.00       0.15       0.07
     16169      40.82     -32.41       2.88       0.00       0.00       0.00       0.15       0.07
     17217      40.87     -32.41       2.90       0.00       0.00       0.00       0.15       0.07
     17661      40.96     -32.28       2.96       0.00       0.00       0.00       0.14       0.07
--------------------------------------------------------------------------------
Best docking solution after GA:
     25000      40.96     -32.28       2.96       0.00       0.00       0.00       0.14       0.07

#ops:      25000 #mutates:  11836 #cross:    11875 #migrate:   1289 
#dups:      8645 #niche:    14068 #errors:     893 
--------------------------------------------------------------------------------

Doing AMOEBA simplex on best individual
Done simplexing #iterations 454, best score  41.58

Ligand is stored in gold_soln_AV-procd_m4270_1.sdf


--------------------------------------------------------------------------------
--- CHEMPLP breakdown of terms                                               ---
--------------------------------------------------------------------------------
CHEMPLP = - ( 1.0000*S(PLP) + -3.0000*S(hbond) + -6.0000*S(metal) + -3.0000*S(cho) )

Score = CHEMPLP - 1.0000*DE(clash) - 2.0000*DE(tors)

Internal energy term has been corrected with the best internal energy encountered.

--------------------------------------------------------------------------------


     Score     S(PLP)   S(hbond)     S(cho)   S(metal)  DE(clash)   DE(tors)     intcor
     41.58     -32.98       2.96       0.00       0.00       0.00       0.17       0.07

--------------------------------------------------------------------------------
--- PLP analysis of protein-ligand interactions                              ---
--------------------------------------------------------------------------------
hydrogen bonding        :      -2.00
metal                   :       0.00
buried (polar-nonpolar) :      -2.47
nonpolar                :     -27.36
repulsive               :       0.02
--------------------------------------------------------------------------------


--------------------------------------------------------------------------------
--- ChemScore analysis of protein-ligand interactions                        ---
--------------------------------------------------------------------------------

* Hydrogen bonds                                                                
Ligand donor   13 hydrogen   30 Protein acceptor 8028 bond energy  1.00 wt 2.00
Protein donor 7997 hydrogen 8009 Ligand acceptor    7 bond energy  1.00 wt 0.96


* CH..O interactions                                                            
  CH group selection                       : activated ring CH (adjacent to hetatom)

--------------------------------------------------------------------------------


--------------------------------------------------------------------------------
--- Intra-ligand clashes                                                     ---
--------------------------------------------------------------------------------

Ligand
--------------------------------------------------------------------------------

--------------------------------------------------------------------------------
--- Rescoring solution                                                       ---
--------------------------------------------------------------------------------

     Score         DG    S(hbond)    S(metal)    S(lipo)     H(rot)  DE(clash)    DE(int)
     13.08     -14.30       1.23        0.00      67.30       1.24       1.08       0.14

Doing AMOEBA simplex on best individual
Done simplexing #iterations 608, best score  14.46

     Score         DG    S(hbond)    S(metal)    S(lipo)     H(rot)  DE(clash)    DE(int)
     14.46     -14.75       1.37        0.00      67.23       1.24       0.14       0.16

--------------------------------------------------------------------------------
--- ChemScore breakdown of terms                                             ---
--------------------------------------------------------------------------------
DG = -5.4800 + -3.3400*S(hbond)
     + -6.0300*S(metal) + -0.1170*S(lipo) + 2.5600*H(rot)


H(rot) = 1.2357

Score = -(DG + DE(clash) + DE(int))


--------------------------------------------------------------------------------


--------------------------------------------------------------------------------
--- ChemScore analysis of protein-ligand interactions                        ---
--------------------------------------------------------------------------------

* Hydrogen bonds                                                                
Ligand donor   13 hydrogen   30 Protein acceptor 8028 bond energy  1.00 wt 0.93
Protein donor 7997 hydrogen 8009 Ligand acceptor    7 bond energy  1.00 wt 0.44

CHEMSCORE EXTRA INTERACTIONS:

* Clashes                                                                       
Clash for ligand atom   7 (**** ):   0.01
Clash for ligand atom  11 (**** ):   0.12
--------------------------------------------------------------------------------


--------------------------------------------------------------------------------
--- Chromosome decoded                                                       ---
--------------------------------------------------------------------------------
Ligand Torsions
[   1    2    4    8]  -67.44
[  14    9    8    4]  -55.09
Protein Torsions
[6907 6896 6895 6894]  -33.40 
[7974 7965 7964 7962] -137.20 
[8008 7997 7996 7995]  154.09 
[10167 10162 10161 10158]   12.32 
[10718 10713 10712 10709]   -2.45 
[10763 10752 10751 10750]  -41.24 
[11005 11000 10999 10996] -143.90 
Mapping
Ligand acceptors to protein hydrogens (mapping then atom ids)
Ligand hydrogens to protein acceptors (mapping then atom ids)
Ligand shape atoms to protein points (mapping then atom ids & coords)
  2  9102 [  2->(152.250 143.750 160.000)]
  3  9108 [  3->(152.250 143.750 161.500)]
  5  7286 [  9->(150.500 141.250 157.000)]
  8  6819 [ 12->(149.500 141.500 157.000)]
  9  7292 [ 14->(150.500 141.500 157.000)]
Chromosome values
Integers:
  -1   -1   -1   -1   -1 9101 9107   -1 7285   -1   -1 6818 
7291 
--------------------------------------------------------------------------------

Current Ranking  1

--------------------------------------------------------------------------------

* GA execution time :                                                           
  total  0.4500 user  0.4500 sys  0.0000

--------------------------------------------------------------------------------
Fitness function evaluations: 59480

--------------------------------------------------------------------------------
** Docking run number  2 **
--------------------------------------------------------------------------------
  Rank fitness base is 5000.00 ; increment is 11.2233

* Initialising population(s) ...                                                
Number of constraints mappings 0
Number of constraints 0
  Population no.                           :      1
  Population size                          :    100
  Number of duplicates                     :      0
  Number of niche violations               :      0
  Number of errors                         :   8409

Number of constraints mappings 0
Number of constraints 0
  Population no.                           :      2
  Population size                          :    100
  Number of duplicates                     :      0
  Number of niche violations               :      0
  Number of errors                         :   8898


Doing GA, no. of population(s) 2 size 100 selection pressure 1.100000

 Operation      Score     S(PLP)   S(hbond)     S(cho)   S(metal)  DE(clash)   DE(tors)     intcor
         0      20.60     -17.14       1.64       0.00       0.00       0.00       0.76       0.07
       931      21.70     -23.15       0.00       0.00       0.00       0.00       0.76       0.07
      1101      21.81     -21.11       2.00       0.00       0.00       3.92       0.73       0.07
      1527      22.50     -22.52       0.00       0.00       0.00       0.00       0.04       0.07
      1829      24.35     -21.11       2.85       0.00       0.00       3.92       0.73       0.07
      2316      27.12     -18.22       2.00       1.00       0.00       0.00       0.09       0.07
      2911      27.63     -24.50       2.07       0.00       0.00       1.79       0.68       0.07
      2933      30.83     -22.39       2.85       0.00       0.00       0.00       0.09       0.07
      4811      34.22     -27.91       2.14       0.00       0.00       0.00       0.09       0.07
      4833      34.37     -28.34       2.05       0.00       0.00       0.00       0.09       0.07
      5059      34.47     -28.48       2.00       0.00       0.00       0.00       0.04       0.07
      5375      36.15     -30.16       2.00       0.00       0.00       0.00       0.04       0.07
      5913      36.19     -30.07       2.05       0.00       0.00       0.00       0.05       0.07
      6445      36.49     -30.07       2.15       0.00       0.00       0.00       0.05       0.07
      6987      36.55     -30.07       2.17       0.00       0.00       0.00       0.05       0.07
      7611      36.56     -30.07       2.17       0.00       0.00       0.00       0.05       0.07
      7629      36.61     -30.16       2.15       0.00       0.00       0.00       0.04       0.07
      8129      36.70     -30.14       2.19       0.00       0.00       0.00       0.04       0.07
      8751      36.77     -30.25       2.17       0.00       0.00       0.00       0.04       0.07
      9211      36.79     -30.25       2.18       0.00       0.00       0.00       0.04       0.07
      9576      37.99     -31.53       2.15       0.00       0.00       0.00       0.04       0.07
     11239      38.28     -31.53       2.25       0.00       0.00       0.00       0.04       0.07
     11553      38.34     -31.53       2.27       0.00       0.00       0.00       0.04       0.07
     12481      38.49     -31.76       2.24       0.00       0.00       0.00       0.04       0.07
     13569      38.56     -31.76       2.27       0.00       0.00       0.00       0.04       0.07
     14245      38.56     -31.72       2.29       0.00       0.00       0.00       0.04       0.07
     14527      38.57     -31.72       2.29       0.00       0.00       0.00       0.04       0.07
     15337      39.01     -31.93       2.36       0.00       0.00       0.00       0.04       0.07
     16139      39.11     -31.93       2.39       0.00       0.00       0.00       0.04       0.07
     16373      39.14     -31.93       2.40       0.00       0.00       0.00       0.04       0.07
     16691      39.15     -31.95       2.40       0.00       0.00       0.00       0.04       0.07
     17222      39.15     -31.94       2.40       0.00       0.00       0.00       0.04       0.07
     18009      39.25     -32.16       2.37       0.00       0.00       0.00       0.04       0.07
     18683      39.25     -32.24       2.34       0.00       0.00       0.00       0.04       0.07
     19919      39.33     -32.24       2.37       0.00       0.00       0.00       0.04       0.07
     19963      39.37     -32.16       2.41       0.00       0.00       0.00       0.04       0.07
     20115      39.62     -32.16       2.49       0.00       0.00       0.00       0.04       0.07
     20180      39.87     -32.16       2.57       0.00       0.00       0.00       0.04       0.07
     20827      40.23     -32.24       2.66       0.00       0.00       0.00       0.04       0.07
     20975      40.27     -32.24       2.68       0.00       0.00       0.00       0.04       0.07
     21160      40.35     -32.85       2.50       0.00       0.00       0.00       0.04       0.07
     21376      40.36     -32.16       2.74       0.00       0.00       0.00       0.04       0.07
     22443      40.42     -32.24       2.73       0.00       0.00       0.00       0.04       0.07
     22575      40.56     -32.63       2.65       0.00       0.00       0.00       0.04       0.07
     22665      40.61     -32.63       2.66       0.00       0.00       0.00       0.04       0.07
     23065      40.76     -32.65       2.71       0.00       0.00       0.00       0.04       0.07
     23471      40.93     -32.65       2.76       0.00       0.00       0.00       0.04       0.07
--------------------------------------------------------------------------------
Best docking solution after GA:
     25000      40.93     -32.65       2.76       0.00       0.00       0.00       0.04       0.07

#ops:      25000 #mutates:  12070 #cross:    11752 #migrate:   1178 
#dups:      7601 #niche:    14223 #errors:     820 
--------------------------------------------------------------------------------

Doing AMOEBA simplex on best individual
Done simplexing #iterations 454, best score  42.04

Ligand is stored in gold_soln_AV-procd_m4270_2.sdf


--------------------------------------------------------------------------------
--- CHEMPLP breakdown of terms                                               ---
--------------------------------------------------------------------------------
CHEMPLP = - ( 1.0000*S(PLP) + -3.0000*S(hbond) + -6.0000*S(metal) + -3.0000*S(cho) )

Score = CHEMPLP - 1.0000*DE(clash) - 2.0000*DE(tors)

Internal energy term has been corrected with the best internal energy encountered.

--------------------------------------------------------------------------------


     Score     S(PLP)   S(hbond)     S(cho)   S(metal)  DE(clash)   DE(tors)     intcor
     42.04     -33.71       2.85       0.00       0.00       0.00       0.14       0.07

--------------------------------------------------------------------------------
--- PLP analysis of protein-ligand interactions                              ---
--------------------------------------------------------------------------------
hydrogen bonding        :      -2.30
metal                   :       0.00
buried (polar-nonpolar) :      -2.44
nonpolar                :     -27.67
repulsive               :       0.03
--------------------------------------------------------------------------------


--------------------------------------------------------------------------------
--- ChemScore analysis of protein-ligand interactions                        ---
--------------------------------------------------------------------------------

* Hydrogen bonds                                                                
Ligand donor   13 hydrogen   30 Protein acceptor 8028 bond energy  1.00 wt 2.00
Protein donor 7997 hydrogen 8009 Ligand acceptor    7 bond energy  1.00 wt 0.85


* CH..O interactions                                                            
  CH group selection                       : activated ring CH (adjacent to hetatom)

--------------------------------------------------------------------------------


--------------------------------------------------------------------------------
--- Intra-ligand clashes                                                     ---
--------------------------------------------------------------------------------

Ligand
--------------------------------------------------------------------------------

--------------------------------------------------------------------------------
--- Rescoring solution                                                       ---
--------------------------------------------------------------------------------

     Score         DG    S(hbond)    S(metal)    S(lipo)     H(rot)  DE(clash)    DE(int)
     13.37     -13.56       1.05        0.00      66.18       1.24       0.16       0.04

Doing AMOEBA simplex on best individual
Done simplexing #iterations 651, best score  14.56

     Score         DG    S(hbond)    S(metal)    S(lipo)     H(rot)  DE(clash)    DE(int)
     14.56     -14.68       1.34        0.00      67.34       1.24       0.07       0.05

--------------------------------------------------------------------------------
--- ChemScore breakdown of terms                                             ---
--------------------------------------------------------------------------------
DG = -5.4800 + -3.3400*S(hbond)
     + -6.0300*S(metal) + -0.1170*S(lipo) + 2.5600*H(rot)


H(rot) = 1.2357

Score = -(DG + DE(clash) + DE(int))


--------------------------------------------------------------------------------


--------------------------------------------------------------------------------
--- ChemScore analysis of protein-ligand interactions                        ---
--------------------------------------------------------------------------------

* Hydrogen bonds                                                                
Ligand donor   13 hydrogen   30 Protein acceptor 8028 bond energy  1.00 wt 0.94
Protein donor 7997 hydrogen 8009 Ligand acceptor    7 bond energy  1.00 wt 0.40

CHEMSCORE EXTRA INTERACTIONS:

* Clashes                                                                       
Clash for ligand atom   3 (**** ):   0.01
Clash for ligand atom   7 (**** ):   0.02
Clash for ligand atom  11 (**** ):   0.04
--------------------------------------------------------------------------------


--------------------------------------------------------------------------------
--- Chromosome decoded                                                       ---
--------------------------------------------------------------------------------
Ligand Torsions
[   1    2    4    8]  -66.92
[  14    9    8    4]  -57.15
Protein Torsions
[6907 6896 6895 6894]  143.89 
[7974 7965 7964 7962]   -3.58 
[8008 7997 7996 7995]  168.74 
[10167 10162 10161 10158] -100.54 
[10718 10713 10712 10709]  146.75 
[10763 10752 10751 10750]   52.44 
[11005 11000 10999 10996]  -14.08 
Mapping
Ligand acceptors to protein hydrogens (mapping then atom ids)
Ligand hydrogens to protein acceptors (mapping then atom ids)
  1  15 [ 30->8028]
Ligand shape atoms to protein points (mapping then atom ids & coords)
  1  9486 [  1->(152.750 143.750 160.000)]
  2  7536 [  2->(150.750 143.000 158.750)]
  4  9762 [  5->(154.000 141.000 160.250)]
  7  6822 [ 11->(149.500 141.750 156.250)]
  8  6895 [ 12->(149.750 141.500 156.250)]
  9  7163 [ 14->(150.250 142.750 158.000)]
Chromosome values
Integers:
  -1   -1   14   -1 9485 7535   -1 9761   -1   -1 6821 6894 
7162 
--------------------------------------------------------------------------------

Current Ranking  2  1

--------------------------------------------------------------------------------

* GA execution time :                                                           
  total  0.4512 user  0.4512 sys  0.0000

--------------------------------------------------------------------------------
Fitness function evaluations: 59654

--------------------------------------------------------------------------------
** Docking run number  3 **
--------------------------------------------------------------------------------
  Rank fitness base is 5000.00 ; increment is 11.2233

* Initialising population(s) ...                                                
Number of constraints mappings 0
Number of constraints 0
  Population no.                           :      1
  Population size                          :    100
  Number of duplicates                     :      0
  Number of niche violations               :      0
  Number of errors                         :   8194

Number of constraints mappings 0
Number of constraints 0
  Population no.                           :      2
  Population size                          :    100
  Number of duplicates                     :      0
  Number of niche violations               :      0
  Number of errors                         :   8729


Doing GA, no. of population(s) 2 size 100 selection pressure 1.100000

 Operation      Score     S(PLP)   S(hbond)     S(cho)   S(metal)  DE(clash)   DE(tors)     intcor
         0      21.91     -20.23       1.00       0.00       0.00       0.00       0.70       0.07
       360      23.34     -14.25       2.81       0.24       0.00       0.00       0.07       0.07
       856      25.59     -17.81       2.94       0.00       0.00       0.00       0.56       0.07
       857      26.42     -19.14       2.95       0.00       0.00       0.00       0.82       0.07
      1645      29.21     -21.69       2.95       0.00       0.00       0.00       0.70       0.07
      2529      29.42     -21.80       2.95       0.00       0.00       0.00       0.65       0.07
      4818      29.93     -29.56       0.30       0.00       0.00       0.00       0.30       0.07
      5624      30.06     -29.72       0.29       0.00       0.00       0.00       0.30       0.07
      5950      30.16     -29.45       0.30       0.00       0.00       0.00       0.13       0.07
      7634      32.71     -26.51       2.16       0.00       0.00       0.00       0.17       0.07
      9794      34.10     -28.02       2.12       0.00       0.00       0.00       0.17       0.07
     11418      34.23     -28.31       2.12       0.00       0.00       0.00       0.25       0.07
     11817      34.79     -28.98       2.04       0.00       0.00       0.00       0.19       0.07
     12209      35.02     -29.32       2.03       0.00       0.00       0.00       0.24       0.07
     12301      35.22     -29.26       2.12       0.00       0.00       0.00       0.24       0.07
     12331      36.27     -30.39       2.09       0.00       0.00       0.00       0.24       0.07
     12815      36.43     -30.22       2.16       0.00       0.00       0.00       0.16       0.07
     13606      36.92     -30.76       2.09       0.00       0.00       0.00       0.10       0.07
     16263      37.09     -30.92       2.10       0.00       0.00       0.00       0.10       0.07
     20232      37.97     -32.02       2.02       0.00       0.00       0.00       0.10       0.07
     23075      38.08     -32.11       2.03       0.00       0.00       0.00       0.10       0.07
     24135      38.15     -32.40       2.03       0.00       0.00       0.00       0.21       0.07
     24208      38.16     -32.15       2.04       0.00       0.00       0.00       0.10       0.07
--------------------------------------------------------------------------------
Best docking solution after GA:
     25000      38.16     -32.15       2.04       0.00       0.00       0.00       0.10       0.07

#ops:      25000 #mutates:  11953 #cross:    11856 #migrate:   1191 
#dups:      6515 #niche:    13470 #errors:    1321 
--------------------------------------------------------------------------------

Doing AMOEBA simplex on best individual
Done simplexing #iterations 666, best score  41.64

Ligand is stored in gold_soln_AV-procd_m4270_3.sdf


--------------------------------------------------------------------------------
--- CHEMPLP breakdown of terms                                               ---
--------------------------------------------------------------------------------
CHEMPLP = - ( 1.0000*S(PLP) + -3.0000*S(hbond) + -6.0000*S(metal) + -3.0000*S(cho) )

Score = CHEMPLP - 1.0000*DE(clash) - 2.0000*DE(tors)

Internal energy term has been corrected with the best internal energy encountered.

--------------------------------------------------------------------------------


     Score     S(PLP)   S(hbond)     S(cho)   S(metal)  DE(clash)   DE(tors)     intcor
     41.64     -33.65       2.74       0.00       0.00       0.00       0.16       0.07

--------------------------------------------------------------------------------
--- PLP analysis of protein-ligand interactions                              ---
--------------------------------------------------------------------------------
hydrogen bonding        :      -2.03
metal                   :       0.00
buried (polar-nonpolar) :      -2.33
nonpolar                :     -28.31
repulsive               :       0.02
--------------------------------------------------------------------------------


--------------------------------------------------------------------------------
--- ChemScore analysis of protein-ligand interactions                        ---
--------------------------------------------------------------------------------

* Hydrogen bonds                                                                
Ligand donor   13 hydrogen   30 Protein acceptor 8028 bond energy  1.00 wt 2.00
Protein donor 7997 hydrogen 8010 Ligand acceptor    7 bond energy  1.00 wt 0.74


* CH..O interactions                                                            
  CH group selection                       : activated ring CH (adjacent to hetatom)

--------------------------------------------------------------------------------


--------------------------------------------------------------------------------
--- Intra-ligand clashes                                                     ---
--------------------------------------------------------------------------------

Ligand
--------------------------------------------------------------------------------

--------------------------------------------------------------------------------
--- Rescoring solution                                                       ---
--------------------------------------------------------------------------------

     Score         DG    S(hbond)    S(metal)    S(lipo)     H(rot)  DE(clash)    DE(int)
     12.13     -12.91       0.91        0.00      64.64       1.24       0.69       0.10

Doing AMOEBA simplex on best individual
Done simplexing #iterations 261, best score  13.32

     Score         DG    S(hbond)    S(metal)    S(lipo)     H(rot)  DE(clash)    DE(int)
     13.32     -13.39       0.99        0.00      66.35       1.24       0.01       0.05

--------------------------------------------------------------------------------
--- ChemScore breakdown of terms                                             ---
--------------------------------------------------------------------------------
DG = -5.4800 + -3.3400*S(hbond)
     + -6.0300*S(metal) + -0.1170*S(lipo) + 2.5600*H(rot)


H(rot) = 1.2357

Score = -(DG + DE(clash) + DE(int))


--------------------------------------------------------------------------------


--------------------------------------------------------------------------------
--- ChemScore analysis of protein-ligand interactions                        ---
--------------------------------------------------------------------------------

* Hydrogen bonds                                                                
Ligand donor   13 hydrogen   30 Protein acceptor 8028 bond energy  1.00 wt 0.99

CHEMSCORE EXTRA INTERACTIONS:

* Clashes                                                                       
Clash for ligand atom  11 (**** ):   0.01
--------------------------------------------------------------------------------


--------------------------------------------------------------------------------
--- Chromosome decoded                                                       ---
--------------------------------------------------------------------------------
Ligand Torsions
[   1    2    4    8]  -66.84
[  14    9    8    4]  -55.25
Protein Torsions
[6907 6896 6895 6894]  -13.15 
[7974 7965 7964 7962] -134.04 
[8008 7997 7996 7995]   44.61 
[10167 10162 10161 10158]  -98.64 
[10718 10713 10712 10709]    4.47 
[10763 10752 10751 10750]  -52.96 
[11005 11000 10999 10996]   64.09 
Mapping
Ligand acceptors to protein hydrogens (mapping then atom ids)
  1  21 [  6->8010]
Ligand hydrogens to protein acceptors (mapping then atom ids)
  1  15 [ 30->8028]
Ligand shape atoms to protein points (mapping then atom ids & coords)
  4  9595 [  5->(153.000 143.250 161.250)]
Chromosome values
Integers:
  20   -1   14   -1   -1   -1   -1 9594   -1   -1   -1   -1 
  -1 
--------------------------------------------------------------------------------

Current Ranking  2  3  1

Top  3 (of  3) solutions are within 1.500 RMSD, finishing docking /DATA2/COVID-19/PDBs_&_Models/AV-procd.sdf.


--------------------------------------------------------------------------------

* GA execution time :                                                           
  total  0.4446 user  0.4446 sys  0.0000

--------------------------------------------------------------------------------
Fitness function evaluations: 58856

--------------------------------------------------------------------------------
--- Ranking analysis                                                         ---
--------------------------------------------------------------------------------


* Final ranked order of GA solutions:                                           
   2  3  1 

  _______________________________
  RMSD Matrix of RANKED solutions

        2    3  

   1 :  0.7  0.2
   2 :       0.9

  Clustering method                        : complete linkage
  Structure ids in cluster table           : rank nos.
  Ordering of clusters and their members   : by rank (order if from rms_analysis)

  Distance | Clusters
   0.20    |  1  3 |  2 |
   0.86    |  1  2  3 |
  Finished Docking Ligand                  : /DATA2/COVID-19/PDBs_&_Models/AV-procd.sdf
--------------------------------------------------------------------------------

  Relative_Ligand_Energy (best encountered) :   0.073
  Relative_Ligand_Energy: fitness values have been corrected using this amount
