
--------------------------------------------------------------------------------
--- Ligand                                                                   ---
--------------------------------------------------------------------------------
  Ligand loaded from file                  : /DATA2/COVID-19/PDBs_&_Models/AV-procd.sdf
  Ligand name                              :  
  "AV-unprocessed.smi:1692                                                  "

--------------------------------------------------------------------------------
  N.plc donors                             : 
  none found

  Acidic nitrogen acceptors                : 
  none found
  Sulfur acceptors                         :
  none found


  Donor atoms                              :      2
  8   11  
  Acceptor atoms                           :      4
  4   10  17  21  

  Hydrogens                                :  (n = 2)
  34   35   

  Lone pairs added to molecule             :      6
  Numbering                                : from 46 to 51
  Choline groups                           : 
   

--------------------------------------------------------------------------------
--- Postprocessing of typing                                                 ---
--------------------------------------------------------------------------------
  Fragment file                            : /home/scv26/CCDC/Discovery_2020/GOLD/gold/rotatable_bond_override.mol2
  acylurea fragment                        : no matches
  thioacylthiourea fragment                : no matches
  acylthiourea fragment                    : no matches
  thioacylurea fragment                    : no matches
  diarylamine fragment >C.ar-NH-C.ar<      : no matches
  sec-amine (1) fragment                   : no matches
  sec-amine (2) fragment                   : no matches
  sec-amine (3) fragment                   : no matches
  carboxylic ester                         : no matches

* Rotatable bonds in /DATA2/COVID-19/PDBs  :
  [   4    5] [   5    6] [   6    7] [   7    8] 
  [  11   12] 
  No. of rotatable bonds                   :      5


* Fragments found in /DATA2/COVID-19/PDBs  :


* Checking torsion distributions:                                               
  Rotatable bond [13 12 11  9] matches torsion: aromatic amide
   C.ar ( 1H ) | C.ar | N.am ( 1H ) | C.2 ( O.2 ) 
  No. of matched torsions                  :      1

--------------------------------------------------------------------------------
--- Shape fitting atoms selection (hydrophobic atoms)                        ---
--------------------------------------------------------------------------------
  Molecule                                 : /DATA2/COVID-19/PDBs_&_Models/AV-procd.sdf
  Selection                                : carbons only
  Atom numbers                             :  (n = 13)
  1    2    3    5    6    7    13   14   15   16   
  18   19   20   


--------------------------------------------------------------------------------
--- ChemScore ligand setup summary                                           ---
--------------------------------------------------------------------------------
  ChemScore ligand acceptors               :      4
  4 10 17 21 
  ChemScore ligand donors                  :      2
  8 ( 34  ) 11 ( 35  ) 
  ChemScore ligand CH donors               :      1
  16 ( 39 ) 

  ChemScore ligand lipophilic atoms        :  (n = 13)
  1    2    3    5    6    7    13   14   15   16   
  18   19   20   

  ChemScore ligand rotatable bonds         :      5
  4   (****) - 5   (****): SP3_SP3_BOND
  5   (****) - 6   (****): SP3_SP3_BOND
  6   (****) - 7   (****): SP3_SP3_BOND
  7   (****) - 8   (****): SP3_SP2_BOND
  11  (****) - 12  (****): SP2_SP2_BOND

--------------------------------------------------------------------------------
--- PLP ligand setup summary                                                 ---
--------------------------------------------------------------------------------
    1  ****   C.3 NONPOLAR
    2  ****   C.3 NONPOLAR
    3  ****   C.3 NONPOLAR
    4  ****   N.3 ACCEPTOR
    5  ****   C.3 NONPOLAR
    6  ****   C.3 NONPOLAR
    7  ****   C.3 NONPOLAR
    8  ****  N.am DONOR
    9  ****   C.2 NONPOLAR
   10  ****   O.2 ACCEPTOR
   11  ****  N.am DONOR
   12  ****  C.ar NONPOLAR
   13  ****  C.ar NONPOLAR
   14  ****  C.ar NONPOLAR
   15  ****  C.ar NONPOLAR
   16  ****  C.ar NONPOLAR
   17  ****  N.ar ACCEPTOR
   18  ****   C.3 NONPOLAR
   19  ****   C.3 NONPOLAR
   20  ****   C.3 NONPOLAR
   21  ****   O.3 ACCEPTOR


--------------------------------------------------------------------------------
--- Automatic parameter setting                                              ---
--------------------------------------------------------------------------------
  Contribution base                        :   2500
  Contribution per rotatable bond          :   6000
  Contribution per df                      :   4000
  Contribution per water                   :  10000
  Ligand rotatable bonds                   :      5
  Protein flexible side chain bonds        :      0
  Total rotatable bonds                    :      5
  Hydrophobic vol ratio (P/L)              :   1.774
  Base multiplier (polar)                  :   1.200
  Base multiplier (apolar)                 :   4.614
  Base contribution                        : 12500.000
  Fitting points                           :      6
  Estimated maxops needed (optimal)        :  43000

--------------------------------------------------------------------------------

* Population settings                                                           
  maxops                                   :  43000
  popsiz                                   :    100
  select_pressure                          :   1.100
  n_islands                                :      4
  niche_siz                                :      2

* GA settings                                                                   
  pt_crosswt                               :     95
  allele_mutatewt                          :     95
  migratewt                                :     10

* Search settings                                                               
  start_vdw_linear_cutoff                  :   4.000
  initial_virtual_pt_match_max             :   3.000

--------------------------------------------------------------------------------

* Ligand initialisation time :                                                  
  total  0.0101 user  0.0101 sys  0.0000

--------------------------------------------------------------------------------

--------------------------------------------------------------------------------
** Docking run number  1 **
--------------------------------------------------------------------------------
  Rank fitness base is 5000.00 ; increment is 11.2233

* Initialising population(s) ...                                                
Number of constraints mappings 0
Number of constraints 0
  Population no.                           :      1
  Population size                          :    100
  Number of duplicates                     :      0
  Number of niche violations               :      0
  Number of errors                         :   3654

Number of constraints mappings 0
Number of constraints 0
  Population no.                           :      2
  Population size                          :    100
  Number of duplicates                     :      0
  Number of niche violations               :      0
  Number of errors                         :   3837

Number of constraints mappings 0
Number of constraints 0
  Population no.                           :      3
  Population size                          :    100
  Number of duplicates                     :      0
  Number of niche violations               :      0
  Number of errors                         :   3715

Number of constraints mappings 0
Number of constraints 0
  Population no.                           :      4
  Population size                          :    100
  Number of duplicates                     :      0
  Number of niche violations               :      0
  Number of errors                         :   3714


Doing GA, no. of population(s) 4 size 100 selection pressure 1.100000

 Operation      Score     S(PLP)   S(hbond)     S(cho)   S(metal)  DE(clash)   DE(tors)     intcor
         0      24.22     -22.57       0.98       0.00       0.00       0.00       0.68       0.08
       496      27.51     -25.60       0.96       0.00       0.00       0.00       0.52       0.08
      2781      27.58     -29.23       0.00       0.00       0.00       0.00       0.87       0.08
      4151      28.57     -24.53       1.80       0.00       0.00       0.00       0.72       0.08
      4300      32.20     -30.20       0.85       0.31       0.00       0.05       0.75       0.08
      5454      33.01     -27.07       1.56       0.86       0.00       0.00       0.70       0.08
      7385      34.48     -27.89       1.89       0.75       0.00       0.00       0.70       0.08
     10730      34.89     -29.42       1.26       1.00       0.00       0.00       0.70       0.08
     13480      35.14     -30.95       1.08       0.75       0.00       0.00       0.70       0.08
     13569      36.63     -28.92       1.95       1.00       0.00       0.00       0.61       0.08
     14618      36.76     -30.33       1.68       0.90       0.00       0.00       0.68       0.08
     15137      39.77     -33.44       2.30       0.22       0.00       0.00       0.65       0.08
     20474      40.00     -33.44       2.38       0.22       0.00       0.00       0.65       0.08
     20898      40.15     -33.44       2.43       0.22       0.00       0.00       0.65       0.08
     21282      40.66     -34.08       2.32       0.29       0.00       0.00       0.67       0.08
     23210      40.98     -34.08       2.43       0.29       0.00       0.00       0.67       0.08
     27504      41.41     -34.47       2.37       0.38       0.00       0.00       0.69       0.08
     28864      41.55     -34.47       2.42       0.38       0.00       0.00       0.69       0.08
     29491      44.09     -35.89       2.47       0.57       0.00       0.00       0.50       0.08
     30179      44.12     -35.89       2.48       0.57       0.00       0.00       0.50       0.08
     37852      44.16     -35.86       2.48       0.60       0.00       0.00       0.51       0.08
     39133      44.53     -35.75       2.51       0.72       0.00       0.00       0.50       0.08
     39965      44.53     -35.75       2.51       0.72       0.00       0.00       0.50       0.08
     40199      44.55     -35.50       2.51       0.86       0.00       0.00       0.56       0.08
     41003      44.55     -35.27       2.52       0.94       0.00       0.00       0.60       0.08
     41059      44.57     -35.27       2.53       0.94       0.00       0.00       0.60       0.08
     42186      44.58     -35.22       2.54       0.93       0.00       0.00       0.55       0.08
     42233      44.74     -35.69       2.57       0.76       0.00       0.00       0.50       0.08
--------------------------------------------------------------------------------
Best docking solution after GA:
     43000      44.74     -35.69       2.57       0.76       0.00       0.00       0.50       0.08

#ops:      43000 #mutates:  20274 #cross:    20555 #migrate:   2171 
#dups:      7705 #niche:    19628 #errors:    2299 
--------------------------------------------------------------------------------

Doing AMOEBA simplex on best individual
Done simplexing #iterations 946, best score  46.04

Ligand is stored in gold_soln_AV-procd_m6783_1.sdf


--------------------------------------------------------------------------------
--- CHEMPLP breakdown of terms                                               ---
--------------------------------------------------------------------------------
CHEMPLP = - ( 1.0000*S(PLP) + -3.0000*S(hbond) + -6.0000*S(metal) + -3.0000*S(cho) )

Score = CHEMPLP - 1.0000*DE(clash) - 2.0000*DE(tors)

Internal energy term has been corrected with the best internal energy encountered.

--------------------------------------------------------------------------------


     Score     S(PLP)   S(hbond)     S(cho)   S(metal)  DE(clash)   DE(tors)     intcor
     46.04     -35.83       2.74       1.00       0.00       0.00       0.54       0.08

--------------------------------------------------------------------------------
--- PLP analysis of protein-ligand interactions                              ---
--------------------------------------------------------------------------------
hydrogen bonding        :      -3.39
metal                   :       0.00
buried (polar-nonpolar) :      -3.37
nonpolar                :     -29.63
repulsive               :       0.38
--------------------------------------------------------------------------------


--------------------------------------------------------------------------------
--- ChemScore analysis of protein-ligand interactions                        ---
--------------------------------------------------------------------------------

* Hydrogen bonds                                                                
Ligand donor    8 hydrogen   34 Protein acceptor 7948 bond energy  1.00 wt 1.00
Ligand donor   11 hydrogen   35 Protein acceptor 7948 bond energy  1.00 wt 0.99
Protein donor 7989 hydrogen 7998 Ligand acceptor    4 bond energy  1.00 wt 0.70
Protein donor 7997 hydrogen 8010 Ligand acceptor   21 bond energy  1.00 wt 0.05


* CH..O interactions                                                            
  CH group selection                       : activated ring CH (adjacent to hetatom)
Ligand carbon   16 hydrogen   39 Protein acceptor 10186 bond energy  1.00 wt 1.00

--------------------------------------------------------------------------------


--------------------------------------------------------------------------------
--- Intra-ligand clashes                                                     ---
--------------------------------------------------------------------------------

Ligand
--------------------------------------------------------------------------------

--------------------------------------------------------------------------------
--- Rescoring solution                                                       ---
--------------------------------------------------------------------------------

     Score         DG    S(hbond)    S(metal)    S(lipo)     H(rot)  DE(clash)    DE(int)
     15.89     -18.19       1.92        0.00      91.54       1.73       0.58       1.71

Doing AMOEBA simplex on best individual
Done simplexing #iterations 833, best score  16.21

     Score         DG    S(hbond)    S(metal)    S(lipo)     H(rot)  DE(clash)    DE(int)
     16.21     -17.93       1.98        0.00      87.68       1.73       0.01       1.71

--------------------------------------------------------------------------------
--- ChemScore breakdown of terms                                             ---
--------------------------------------------------------------------------------
DG = -5.4800 + -3.3400*S(hbond)
     + -6.0300*S(metal) + -0.1170*S(lipo) + 2.5600*H(rot)


H(rot) = 1.7266

Score = -(DG + DE(clash) + DE(int))


--------------------------------------------------------------------------------


--------------------------------------------------------------------------------
--- ChemScore analysis of protein-ligand interactions                        ---
--------------------------------------------------------------------------------

* Hydrogen bonds                                                                
Ligand donor    8 hydrogen   34 Protein acceptor 7948 bond energy  1.00 wt 0.99
Ligand donor   11 hydrogen   35 Protein acceptor 7948 bond energy  1.00 wt 0.96
Protein donor 7989 hydrogen 7998 Ligand acceptor    4 bond energy  1.00 wt 0.03

CHEMSCORE EXTRA INTERACTIONS:

* Clashes                                                                       
--------------------------------------------------------------------------------


--------------------------------------------------------------------------------
--- Chromosome decoded                                                       ---
--------------------------------------------------------------------------------
Ligand Torsions
[   3    4    5    6]  -74.59
[   7    6    5    4]  178.91
[   8    7    6    5]   86.26
[   9    8    7    6]  153.50
[  13   12   11    9] -156.17    matched torsion: aromatic amide
Protein Torsions
[6907 6896 6895 6894]  -55.49 
[7974 7965 7964 7962]  125.84 
[8008 7997 7996 7995]   58.93 
[10167 10162 10161 10158] -149.81 
[10718 10713 10712 10709] -147.88 
[10763 10752 10751 10750]  -53.85 
[11005 11000 10999 10996]  133.90 
Mapping
Ligand acceptors to protein hydrogens (mapping then atom ids)
Ligand hydrogens to protein acceptors (mapping then atom ids)
Ligand shape atoms to protein points (mapping then atom ids & coords)
  4  6803 [  5->(149.500 138.750 154.250)]
 10  2302 [ 16->(143.750 133.250 151.000)]
 13  8998 [ 20->(152.250 138.500 155.500)]
Chromosome values
Integers:
  -1   -1   -1   -1   -1   -1   -1   -1   -1 6802   -1   -1 
  -1   -1   -1 2301   -1   -1 8997 
--------------------------------------------------------------------------------

Current Ranking  1

--------------------------------------------------------------------------------

* GA execution time :                                                           
  total  0.9569 user  0.9569 sys  0.0000

--------------------------------------------------------------------------------
Fitness function evaluations: 89657

--------------------------------------------------------------------------------
** Docking run number  2 **
--------------------------------------------------------------------------------
  Rank fitness base is 5000.00 ; increment is 11.2233

* Initialising population(s) ...                                                
Number of constraints mappings 0
Number of constraints 0
  Population no.                           :      1
  Population size                          :    100
  Number of duplicates                     :      0
  Number of niche violations               :      0
  Number of errors                         :   3628

Number of constraints mappings 0
Number of constraints 0
  Population no.                           :      2
  Population size                          :    100
  Number of duplicates                     :      0
  Number of niche violations               :      0
  Number of errors                         :   3563

Number of constraints mappings 0
Number of constraints 0
  Population no.                           :      3
  Population size                          :    100
  Number of duplicates                     :      0
  Number of niche violations               :      0
  Number of errors                         :   3670

Number of constraints mappings 0
Number of constraints 0
  Population no.                           :      4
  Population size                          :    100
  Number of duplicates                     :      0
  Number of niche violations               :      0
  Number of errors                         :   3636


Doing GA, no. of population(s) 4 size 100 selection pressure 1.100000

 Operation      Score     S(PLP)   S(hbond)     S(cho)   S(metal)  DE(clash)   DE(tors)     intcor
         0      22.51     -20.10       1.07       0.00       0.00       0.00       0.45       0.08
       854      25.70     -22.93       1.38       0.00       0.00       0.00       0.72       0.08
      1469      27.11     -31.58       1.00       0.00       0.00       4.76       1.39       0.08
      2416      28.46     -24.58       2.00       0.00       0.00       0.08       1.06       0.08
      2598      29.16     -25.68       1.75       0.00       0.00       0.00       0.93       0.08
      2626      29.55     -26.24       1.60       0.00       0.00       0.00       0.78       0.08
      3890      30.43     -30.99       0.00       0.07       0.00       0.00       0.43       0.08
      4603      31.34     -26.53       1.89       0.24       0.00       0.08       0.79       0.08
      6191      33.08     -31.61       1.63       0.00       0.00       1.29       1.10       0.08
      8579      36.53     -31.68       2.00       0.00       0.00       0.08       0.57       0.08
     11150      38.84     -36.32       2.00       0.00       0.00       1.29       1.11       0.03
     12284      40.37     -36.57       1.59       0.00       0.00       0.00       0.50       0.03
     17748      40.45     -36.69       1.59       0.00       0.00       0.00       0.52       0.03
     18738      40.54     -36.94       1.54       0.00       0.00       0.00       0.53       0.03
     19108      41.78     -37.06       1.91       0.00       0.00       0.00       0.52       0.03
     21519      42.43     -37.76       1.88       0.00       0.00       0.00       0.50       0.03
     25072      42.54     -37.91       1.88       0.00       0.00       0.00       0.51       0.03
     25371      42.92     -38.55       1.78       0.00       0.00       0.00       0.50       0.03
     25499      43.12     -38.43       1.88       0.00       0.00       0.00       0.49       0.03
     26343      43.18     -38.70       1.78       0.00       0.00       0.00       0.44       0.03
     27198      43.20     -38.88       1.78       0.00       0.00       0.00       0.52       0.03
     29671      43.34     -38.79       1.80       0.00       0.00       0.00       0.43       0.03
     31007      43.43     -38.86       1.80       0.00       0.00       0.00       0.42       0.03
     31076      44.12     -39.52       1.88       0.00       0.00       0.00       0.53       0.03
     34029      44.18     -39.86       1.78       0.00       0.00       0.00       0.53       0.03
     34937      45.03     -40.37       1.89       0.00       0.00       0.00       0.52       0.03
     37600      45.22     -40.60       1.91       0.00       0.00       0.00       0.57       0.03
     37885      45.25     -40.58       1.91       0.00       0.00       0.00       0.54       0.03
     39061      45.61     -40.70       2.00       0.00       0.00       0.00       0.56       0.03
     40069      45.74     -40.76       2.00       0.00       0.00       0.00       0.52       0.03
     41241      45.74     -40.78       2.00       0.00       0.00       0.00       0.53       0.03
     41401      45.83     -40.93       2.00       0.00       0.00       0.00       0.56       0.03
     42097      45.86     -40.91       2.00       0.00       0.00       0.00       0.54       0.03
     42188      45.88     -40.97       2.00       0.00       0.00       0.00       0.56       0.03
--------------------------------------------------------------------------------
Best docking solution after GA:
     43000      45.88     -40.97       2.00       0.00       0.00       0.00       0.56       0.03

#ops:      43000 #mutates:  20405 #cross:    20497 #migrate:   2098 
#dups:     11854 #niche:    21800 #errors:    1696 
--------------------------------------------------------------------------------

Doing AMOEBA simplex on best individual
Done simplexing #iterations 718, best score  48.52

Ligand is stored in gold_soln_AV-procd_m6783_2.sdf


--------------------------------------------------------------------------------
--- CHEMPLP breakdown of terms                                               ---
--------------------------------------------------------------------------------
CHEMPLP = - ( 1.0000*S(PLP) + -3.0000*S(hbond) + -6.0000*S(metal) + -3.0000*S(cho) )

Score = CHEMPLP - 1.0000*DE(clash) - 2.0000*DE(tors)

Internal energy term has been corrected with the best internal energy encountered.

--------------------------------------------------------------------------------


     Score     S(PLP)   S(hbond)     S(cho)   S(metal)  DE(clash)   DE(tors)     intcor
     48.52     -43.87       1.96       0.00       0.00       0.00       0.63       0.03

--------------------------------------------------------------------------------
--- PLP analysis of protein-ligand interactions                              ---
--------------------------------------------------------------------------------
hydrogen bonding        :      -2.00
metal                   :       0.00
buried (polar-nonpolar) :      -7.88
nonpolar                :     -34.82
repulsive               :       0.55
--------------------------------------------------------------------------------


--------------------------------------------------------------------------------
--- ChemScore analysis of protein-ligand interactions                        ---
--------------------------------------------------------------------------------

* Hydrogen bonds                                                                
Ligand donor    8 hydrogen   34 Protein acceptor 8028 bond energy  1.00 wt 0.96
Ligand donor   11 hydrogen   35 Protein acceptor 8028 bond energy  1.00 wt 1.00


* CH..O interactions                                                            
  CH group selection                       : activated ring CH (adjacent to hetatom)

--------------------------------------------------------------------------------


--------------------------------------------------------------------------------
--- Intra-ligand clashes                                                     ---
--------------------------------------------------------------------------------

Ligand
--------------------------------------------------------------------------------

--------------------------------------------------------------------------------
--- Rescoring solution                                                       ---
--------------------------------------------------------------------------------

     Score         DG    S(hbond)    S(metal)    S(lipo)     H(rot)  DE(clash)    DE(int)
     16.72     -18.55       1.90        0.00      95.10       1.73       0.01       1.82

Doing AMOEBA simplex on best individual
Done simplexing #iterations 495, best score  17.13

     Score         DG    S(hbond)    S(metal)    S(lipo)     H(rot)  DE(clash)    DE(int)
     17.13     -18.96       1.92        0.00      98.13       1.73       0.04       1.79

--------------------------------------------------------------------------------
--- ChemScore breakdown of terms                                             ---
--------------------------------------------------------------------------------
DG = -5.4800 + -3.3400*S(hbond)
     + -6.0300*S(metal) + -0.1170*S(lipo) + 2.5600*H(rot)


H(rot) = 1.7266

Score = -(DG + DE(clash) + DE(int))


--------------------------------------------------------------------------------


--------------------------------------------------------------------------------
--- ChemScore analysis of protein-ligand interactions                        ---
--------------------------------------------------------------------------------

* Hydrogen bonds                                                                
Ligand donor    8 hydrogen   34 Protein acceptor 8028 bond energy  1.00 wt 0.92
Ligand donor   11 hydrogen   35 Protein acceptor 8028 bond energy  1.00 wt 1.00

CHEMSCORE EXTRA INTERACTIONS:

* Clashes                                                                       
Clash for ligand atom  15 (**** ):   0.03
--------------------------------------------------------------------------------


--------------------------------------------------------------------------------
--- Chromosome decoded                                                       ---
--------------------------------------------------------------------------------
Ligand Torsions
[   3    4    5    6]   75.18
[   7    6    5    4] -144.30
[   8    7    6    5]   38.45
[   9    8    7    6]  138.78
[  13   12   11    9]  170.99    matched torsion: aromatic amide
Protein Torsions
[6907 6896 6895 6894]   46.64 
[7974 7965 7964 7962] -166.01 
[8008 7997 7996 7995]  -42.72 
[10167 10162 10161 10158]  104.70 
[10718 10713 10712 10709]    0.15 
[10763 10752 10751 10750] -124.71 
[11005 11000 10999 10996]  -12.51 
Mapping
Ligand acceptors to protein hydrogens (mapping then atom ids)
Ligand hydrogens to protein acceptors (mapping then atom ids)
  1  15 [ 34->8028]
Ligand shape atoms to protein points (mapping then atom ids & coords)
  5  5536 [  6->(147.000 139.750 152.750)]
  6  6393 [  7->(148.500 141.250 155.250)]
  7  8598 [ 13->(151.750 144.000 158.500)]
  8  9332 [ 14->(152.500 144.000 160.500)]
  9  9064 [ 15->(152.250 143.250 159.750)]
 10  9514 [ 16->(152.750 144.250 159.750)]
Chromosome values
Integers:
  -1   -1   -1   -1   14   -1   -1   -1   -1   -1 5535 6392 
8597 9331 9063 9513   -1   -1   -1 
--------------------------------------------------------------------------------

Current Ranking  2  1

--------------------------------------------------------------------------------

* GA execution time :                                                           
  total  0.9455 user  0.9415 sys  0.0040

--------------------------------------------------------------------------------
Fitness function evaluations: 88071

--------------------------------------------------------------------------------
** Docking run number  3 **
--------------------------------------------------------------------------------
  Rank fitness base is 5000.00 ; increment is 11.2233

* Initialising population(s) ...                                                
Number of constraints mappings 0
Number of constraints 0
  Population no.                           :      1
  Population size                          :    100
  Number of duplicates                     :      0
  Number of niche violations               :      0
  Number of errors                         :   3686

Number of constraints mappings 0
Number of constraints 0
  Population no.                           :      2
  Population size                          :    100
  Number of duplicates                     :      0
  Number of niche violations               :      0
  Number of errors                         :   3821

Number of constraints mappings 0
Number of constraints 0
  Population no.                           :      3
  Population size                          :    100
  Number of duplicates                     :      0
  Number of niche violations               :      0
  Number of errors                         :   3493

Number of constraints mappings 0
Number of constraints 0
  Population no.                           :      4
  Population size                          :    100
  Number of duplicates                     :      0
  Number of niche violations               :      0
  Number of errors                         :   3688


Doing GA, no. of population(s) 4 size 100 selection pressure 1.100000

 Operation      Score     S(PLP)   S(hbond)     S(cho)   S(metal)  DE(clash)   DE(tors)     intcor
         0      23.92     -25.83       0.00       0.00       0.00       0.19       0.87       0.03
       464      25.37     -27.24       0.00       0.00       0.00       0.19       0.85       0.03
      2125      27.51     -20.69       2.00       0.69       0.00       0.00       0.63       0.03
      2261      28.34     -21.49       2.00       0.70       0.00       0.00       0.63       0.03
      2377      29.36     -22.42       2.00       0.73       0.00       0.00       0.63       0.03
      3718      31.28     -24.70       2.00       0.32       0.00       0.00       0.21       0.03
      6051      32.69     -24.33       2.00       1.00       0.00       0.00       0.34       0.03
      6624      36.07     -31.90       1.79       0.00       0.00       0.00       0.61       0.03
      7020      36.56     -32.92       1.61       0.00       0.00       0.00       0.61       0.03
      7860      36.64     -32.79       1.68       0.00       0.00       0.00       0.61       0.03
      8244      36.80     -32.69       1.75       0.00       0.00       0.00       0.59       0.03
      8656      37.50     -32.41       2.12       0.00       0.00       0.00       0.65       0.03
      8708      37.65     -32.34       2.12       0.00       0.00       0.00       0.53       0.03
      9517      37.67     -32.33       2.12       0.00       0.00       0.00       0.52       0.03
     10069      40.95     -30.62       2.93       1.00       0.00       0.00       0.74       0.03
     13719      41.45     -33.10       2.38       0.98       0.00       0.96       0.39       0.03
     14971      41.51     -33.29       2.42       0.89       0.00       0.96       0.38       0.03
     17611      41.81     -33.47       2.39       0.96       0.00       0.96       0.38       0.03
     18191      42.36     -34.25       2.46       0.82       0.00       0.96       0.38       0.03
     20448      42.75     -31.96       2.94       1.00       0.00       0.00       0.53       0.03
     21223      42.82     -35.08       2.41       0.39       0.00       0.00       0.33       0.03
     21651      44.52     -34.94       2.41       1.00       0.00       0.00       0.33       0.03
     23447      44.55     -35.20       2.44       1.00       0.00       0.00       0.50       0.03
     25111      44.59     -33.87       2.89       1.00       0.00       0.00       0.48       0.03
     26668      44.62     -34.82       2.61       1.00       0.00       0.00       0.53       0.03
     27898      44.77     -34.92       2.47       1.00       0.00       0.00       0.29       0.03
     31039      44.93     -33.97       2.94       1.00       0.00       0.00       0.44       0.03
     32591      44.99     -34.08       2.94       1.00       0.00       0.00       0.46       0.03
     34359      45.10     -34.18       2.92       1.00       0.00       0.00       0.43       0.03
     37523      45.15     -34.44       2.87       1.00       0.00       0.00       0.46       0.02
     39410      45.24     -40.46       1.90       0.00       0.00       0.00       0.48       0.02
     39521      45.24     -40.46       1.90       0.00       0.00       0.00       0.48       0.02
     39627      45.94     -40.91       2.00       0.00       0.00       0.00       0.49       0.02
--------------------------------------------------------------------------------
Best docking solution after GA:
     43000      45.94     -40.91       2.00       0.00       0.00       0.00       0.49       0.02

#ops:      43000 #mutates:  20310 #cross:    20525 #migrate:   2165 
#dups:      7589 #niche:    21159 #errors:    2355 
--------------------------------------------------------------------------------

Doing AMOEBA simplex on best individual
Done simplexing #iterations 579, best score  49.01

Ligand is stored in gold_soln_AV-procd_m6783_3.sdf


--------------------------------------------------------------------------------
--- CHEMPLP breakdown of terms                                               ---
--------------------------------------------------------------------------------
CHEMPLP = - ( 1.0000*S(PLP) + -3.0000*S(hbond) + -6.0000*S(metal) + -3.0000*S(cho) )

Score = CHEMPLP - 1.0000*DE(clash) - 2.0000*DE(tors)

Internal energy term has been corrected with the best internal energy encountered.

--------------------------------------------------------------------------------


     Score     S(PLP)   S(hbond)     S(cho)   S(metal)  DE(clash)   DE(tors)     intcor
     49.01     -43.74       1.99       0.00       0.00       0.00       0.36       0.02

--------------------------------------------------------------------------------
--- PLP analysis of protein-ligand interactions                              ---
--------------------------------------------------------------------------------
hydrogen bonding        :      -2.00
metal                   :       0.00
buried (polar-nonpolar) :      -7.55
nonpolar                :     -34.52
repulsive               :       0.55
--------------------------------------------------------------------------------


--------------------------------------------------------------------------------
--- ChemScore analysis of protein-ligand interactions                        ---
--------------------------------------------------------------------------------

* Hydrogen bonds                                                                
Ligand donor    8 hydrogen   34 Protein acceptor 8028 bond energy  1.00 wt 0.99
Ligand donor   11 hydrogen   35 Protein acceptor 8028 bond energy  1.00 wt 1.00


* CH..O interactions                                                            
  CH group selection                       : activated ring CH (adjacent to hetatom)

--------------------------------------------------------------------------------


--------------------------------------------------------------------------------
--- Intra-ligand clashes                                                     ---
--------------------------------------------------------------------------------

Ligand
--------------------------------------------------------------------------------

--------------------------------------------------------------------------------
--- Rescoring solution                                                       ---
--------------------------------------------------------------------------------

     Score         DG    S(hbond)    S(metal)    S(lipo)     H(rot)  DE(clash)    DE(int)
     16.60     -18.38       1.89        0.00      94.15       1.73       0.00       1.77

Doing AMOEBA simplex on best individual
Done simplexing #iterations 716, best score  17.36

     Score         DG    S(hbond)    S(metal)    S(lipo)     H(rot)  DE(clash)    DE(int)
     17.36     -19.20       1.96        0.00      99.11       1.73       0.05       1.78

--------------------------------------------------------------------------------
--- ChemScore breakdown of terms                                             ---
--------------------------------------------------------------------------------
DG = -5.4800 + -3.3400*S(hbond)
     + -6.0300*S(metal) + -0.1170*S(lipo) + 2.5600*H(rot)


H(rot) = 1.7266

Score = -(DG + DE(clash) + DE(int))


--------------------------------------------------------------------------------


--------------------------------------------------------------------------------
--- ChemScore analysis of protein-ligand interactions                        ---
--------------------------------------------------------------------------------

* Hydrogen bonds                                                                
Ligand donor    8 hydrogen   34 Protein acceptor 8028 bond energy  1.00 wt 0.97
Ligand donor   11 hydrogen   35 Protein acceptor 8028 bond energy  1.00 wt 0.98

CHEMSCORE EXTRA INTERACTIONS:

* Clashes                                                                       
Clash for ligand atom  14 (**** ):   0.05
--------------------------------------------------------------------------------


--------------------------------------------------------------------------------
--- Chromosome decoded                                                       ---
--------------------------------------------------------------------------------
Ligand Torsions
[   3    4    5    6]   72.99
[   7    6    5    4] -144.84
[   8    7    6    5]   50.91
[   9    8    7    6]  123.85
[  13   12   11    9]  178.97    matched torsion: aromatic amide
Protein Torsions
[6907 6896 6895 6894]  162.56 
[7974 7965 7964 7962] -144.01 
[8008 7997 7996 7995]  -36.92 
[10167 10162 10161 10158]   66.09 
[10718 10713 10712 10709] -122.51 
[10763 10752 10751 10750] -133.84 
[11005 11000 10999 10996]   26.66 
Mapping
Ligand acceptors to protein hydrogens (mapping then atom ids)
Ligand hydrogens to protein acceptors (mapping then atom ids)
Ligand shape atoms to protein points (mapping then atom ids & coords)
  5  5911 [  6->(147.500 140.750 154.500)]
  7  7851 [ 13->(151.000 144.500 159.000)]
  9  9421 [ 15->(152.750 142.750 160.500)]
 10  9021 [ 16->(152.250 142.250 159.250)]
 13  2011 [ 20->(143.250 145.750 154.250)]
Chromosome values
Integers:
  -1   -1   -1   -1   -1   -1   -1   -1   -1   -1 5910   -1 
7850   -1 9420 9020   -1   -1 2010 
--------------------------------------------------------------------------------

Current Ranking  3  2  1

--------------------------------------------------------------------------------

* GA execution time :                                                           
  total  0.9572 user  0.9572 sys  0.0000

--------------------------------------------------------------------------------
Fitness function evaluations: 89020

--------------------------------------------------------------------------------
** Docking run number  4 **
--------------------------------------------------------------------------------
  Rank fitness base is 5000.00 ; increment is 11.2233

* Initialising population(s) ...                                                
Number of constraints mappings 0
Number of constraints 0
  Population no.                           :      1
  Population size                          :    100
  Number of duplicates                     :      0
  Number of niche violations               :      0
  Number of errors                         :   3555

Number of constraints mappings 0
Number of constraints 0
  Population no.                           :      2
  Population size                          :    100
  Number of duplicates                     :      0
  Number of niche violations               :      0
  Number of errors                         :   3711

Number of constraints mappings 0
Number of constraints 0
  Population no.                           :      3
  Population size                          :    100
  Number of duplicates                     :      0
  Number of niche violations               :      0
  Number of errors                         :   3470

Number of constraints mappings 0
Number of constraints 0
  Population no.                           :      4
  Population size                          :    100
  Number of duplicates                     :      0
  Number of niche violations               :      0
  Number of errors                         :   3527


Doing GA, no. of population(s) 4 size 100 selection pressure 1.100000

 Operation      Score     S(PLP)   S(hbond)     S(cho)   S(metal)  DE(clash)   DE(tors)     intcor
         0      23.30     -21.38       1.08       0.00       0.00       0.00       0.67       0.02
       922      27.67     -27.81       0.74       0.00       0.00       0.00       1.20       0.02
      2558      29.52     -28.36       0.74       0.70       0.00       0.99       1.09       0.02
      4858      30.05     -28.49       0.37       0.99       0.00       0.87       0.83       0.02
      5343      30.42     -29.58       0.67       0.00       0.00       0.00       0.59       0.02
      6499      35.00     -31.33       0.88       0.66       0.00       0.00       0.48       0.02
     14478      36.11     -31.80       1.25       0.44       0.00       0.00       0.40       0.02
     18268      37.59     -33.37       1.66       0.00       0.00       0.00       0.39       0.02
     20170      38.53     -33.87       2.00       0.00       0.00       0.00       0.68       0.02
     20614      38.53     -33.87       2.00       0.00       0.00       0.00       0.68       0.02
     21354      38.91     -34.16       2.00       0.00       0.00       0.00       0.64       0.02
     22813      39.19     -34.61       2.00       0.00       0.00       0.00       0.72       0.02
     23134      39.56     -34.90       2.00       0.00       0.00       0.00       0.68       0.02
     26030      39.62     -34.91       2.00       0.00       0.00       0.00       0.65       0.02
     28214      39.85     -35.19       2.00       0.00       0.00       0.00       0.68       0.02
     30410      41.25     -36.70       2.00       0.00       0.00       0.00       0.74       0.02
     30670      41.53     -36.93       2.00       0.00       0.00       0.00       0.71       0.02
     37323      42.52     -37.90       1.88       0.00       0.00       0.00       0.52       0.02
     39295      43.47     -38.98       1.95       0.00       0.00       0.00       0.69       0.02
     40277      43.99     -39.29       1.89       0.00       0.00       0.00       0.50       0.02
     40543      44.04     -39.63       1.83       0.00       0.00       0.00       0.55       0.02
     40615      45.00     -40.35       1.91       0.00       0.00       0.00       0.55       0.02
     40751      45.11     -40.30       1.94       0.00       0.00       0.00       0.52       0.02
     40815      45.71     -40.72       2.00       0.00       0.00       0.00       0.52       0.02
     42259      45.75     -40.79       2.00       0.00       0.00       0.00       0.53       0.02
     42667      45.76     -40.78       2.00       0.00       0.00       0.00       0.52       0.02
     42848      46.00     -41.14       1.93       0.00       0.00       0.00       0.48       0.02
--------------------------------------------------------------------------------
Best docking solution after GA:
     43000      46.00     -41.14       1.93       0.00       0.00       0.00       0.48       0.02

#ops:      43000 #mutates:  20449 #cross:    20424 #migrate:   2127 
#dups:      9480 #niche:    19576 #errors:    3004 
--------------------------------------------------------------------------------

Doing AMOEBA simplex on best individual
Done simplexing #iterations 534, best score  47.16

Ligand is stored in gold_soln_AV-procd_m6783_4.sdf


--------------------------------------------------------------------------------
--- CHEMPLP breakdown of terms                                               ---
--------------------------------------------------------------------------------
CHEMPLP = - ( 1.0000*S(PLP) + -3.0000*S(hbond) + -6.0000*S(metal) + -3.0000*S(cho) )

Score = CHEMPLP - 1.0000*DE(clash) - 2.0000*DE(tors)

Internal energy term has been corrected with the best internal energy encountered.

--------------------------------------------------------------------------------


     Score     S(PLP)   S(hbond)     S(cho)   S(metal)  DE(clash)   DE(tors)     intcor
     47.16     -42.34       1.91       0.00       0.00       0.00       0.47       0.02

--------------------------------------------------------------------------------
--- PLP analysis of protein-ligand interactions                              ---
--------------------------------------------------------------------------------
hydrogen bonding        :      -2.00
metal                   :       0.00
buried (polar-nonpolar) :      -5.25
nonpolar                :     -34.25
repulsive               :       0.52
--------------------------------------------------------------------------------


--------------------------------------------------------------------------------
--- ChemScore analysis of protein-ligand interactions                        ---
--------------------------------------------------------------------------------

* Hydrogen bonds                                                                
Ligand donor    8 hydrogen   34 Protein acceptor 8028 bond energy  1.00 wt 0.91
Ligand donor   11 hydrogen   35 Protein acceptor 8028 bond energy  1.00 wt 1.00


* CH..O interactions                                                            
  CH group selection                       : activated ring CH (adjacent to hetatom)

--------------------------------------------------------------------------------


--------------------------------------------------------------------------------
--- Intra-ligand clashes                                                     ---
--------------------------------------------------------------------------------

Ligand
--------------------------------------------------------------------------------

--------------------------------------------------------------------------------
--- Rescoring solution                                                       ---
--------------------------------------------------------------------------------

     Score         DG    S(hbond)    S(metal)    S(lipo)     H(rot)  DE(clash)    DE(int)
     14.38     -18.76       1.84        0.00      98.86       1.73       2.62       1.76

Doing AMOEBA simplex on best individual
Done simplexing #iterations 783, best score  16.17

     Score         DG    S(hbond)    S(metal)    S(lipo)     H(rot)  DE(clash)    DE(int)
     16.17     -18.85       1.81        0.00     100.27       1.73       0.91       1.77

--------------------------------------------------------------------------------
--- ChemScore breakdown of terms                                             ---
--------------------------------------------------------------------------------
DG = -5.4800 + -3.3400*S(hbond)
     + -6.0300*S(metal) + -0.1170*S(lipo) + 2.5600*H(rot)


H(rot) = 1.7266

Score = -(DG + DE(clash) + DE(int))


--------------------------------------------------------------------------------


--------------------------------------------------------------------------------
--- ChemScore analysis of protein-ligand interactions                        ---
--------------------------------------------------------------------------------

* Hydrogen bonds                                                                
Ligand donor    8 hydrogen   34 Protein acceptor 8028 bond energy  1.00 wt 0.82
Ligand donor   11 hydrogen   35 Protein acceptor 8028 bond energy  1.00 wt 1.00

CHEMSCORE EXTRA INTERACTIONS:

* Clashes                                                                       
Clash for ligand atom   1 (**** ):   0.07
Clash for ligand atom   2 (**** ):   0.66
Clash for ligand atom   6 (**** ):   0.01
Clash for ligand atom   7 (**** ):   0.06
Clash for ligand atom   9 (**** ):   0.01
Clash for ligand atom  15 (**** ):   0.10
--------------------------------------------------------------------------------


--------------------------------------------------------------------------------
--- Chromosome decoded                                                       ---
--------------------------------------------------------------------------------
Ligand Torsions
[   3    4    5    6]   54.76
[   7    6    5    4]   97.27
[   8    7    6    5]  -48.54
[   9    8    7    6]  142.10
[  13   12   11    9]  172.81    matched torsion: aromatic amide
Protein Torsions
[6907 6896 6895 6894]  -96.64 
[7974 7965 7964 7962]  -84.40 
[8008 7997 7996 7995]  152.34 
[10167 10162 10161 10158]   91.86 
[10718 10713 10712 10709]   93.58 
[10763 10752 10751 10750]  102.87 
[11005 11000 10999 10996]  149.89 
Mapping
Ligand acceptors to protein hydrogens (mapping then atom ids)
Ligand hydrogens to protein acceptors (mapping then atom ids)
  2  15 [ 35->8028]
Ligand shape atoms to protein points (mapping then atom ids & coords)
  5  6390 [  6->(148.500 141.250 154.500)]
  9  9354 [ 15->(152.500 144.250 161.250)]
 10  8533 [ 16->(151.750 142.750 159.500)]
Chromosome values
Integers:
  -1   -1   -1   -1   -1   14   -1   -1   -1   -1 6389   -1 
  -1   -1 9353 8532   -1   -1   -1 
--------------------------------------------------------------------------------

Current Ranking  3  2  4  1

Top  3 (of  4) solutions are within 1.500 RMSD, finishing docking /DATA2/COVID-19/PDBs_&_Models/AV-procd.sdf.


--------------------------------------------------------------------------------

* GA execution time :                                                           
  total  0.9327 user  0.9287 sys  0.0040

--------------------------------------------------------------------------------
Fitness function evaluations: 88432

--------------------------------------------------------------------------------
--- Ranking analysis                                                         ---
--------------------------------------------------------------------------------


* Final ranked order of GA solutions:                                           
   3  2  4  1 

  _______________________________
  RMSD Matrix of RANKED solutions

        2    3    4  

   1 :  0.5  1.2 10.2
   2 :       1.4 10.2
   3 :           10.3

  Clustering method                        : complete linkage
  Structure ids in cluster table           : rank nos.
  Ordering of clusters and their members   : by rank (order if from rms_analysis)

  Distance | Clusters
   0.49    |  1  2 |  3 |  4 |
   1.36    |  1  2  3 |  4 |
  10.32    |  1  2  3  4 |
  Finished Docking Ligand                  : /DATA2/COVID-19/PDBs_&_Models/AV-procd.sdf
--------------------------------------------------------------------------------

  Relative_Ligand_Energy (best encountered) :   0.023
  Relative_Ligand_Energy: fitness values have been corrected using this amount
