
--------------------------------------------------------------------------------
--- Ligand                                                                   ---
--------------------------------------------------------------------------------
  Ligand loaded from file                  : /DATA2/COVID-19/PDBs_&_Models/AV-procd.sdf
  Ligand name                              :  
  "AV-unprocessed.smi:2242                                                  "

--------------------------------------------------------------------------------
  N.plc donors                             : 
  none found

  Acidic nitrogen acceptors                : 
  none found
  Sulfur acceptors                         :
  none found


  Donor atoms                              :      2
  8   11  
  Acceptor atoms                           :      3
  6   10  17  

  Hydrogens                                :  (n = 2)
  28   29   

  Lone pairs added to molecule             :      5
  Numbering                                : from 44 to 48
  Choline groups                           : 
   

--------------------------------------------------------------------------------
--- Postprocessing of typing                                                 ---
--------------------------------------------------------------------------------
  Fragment file                            : /home/scv26/CCDC/Discovery_2020/GOLD/gold/rotatable_bond_override.mol2
  acylurea fragment                        : no matches
  thioacylthiourea fragment                : no matches
  acylthiourea fragment                    : no matches
  thioacylurea fragment                    : no matches
  diarylamine fragment >C.ar-NH-C.ar<      : no matches
  sec-amine (1) fragment                   : no matches
  sec-amine (2) fragment                   : no matches
  sec-amine (3) fragment                   : no matches
  carboxylic ester                         : no matches

* Rotatable bonds in /DATA2/COVID-19/PDBs  :
  [   7    8] [  11   12] [  12   14] 
  No. of rotatable bonds                   :      3


* Fragments found in /DATA2/COVID-19/PDBs  :


* Checking torsion distributions:                                               
  Rotatable bond [20  7  8  9] matches torsion: aromatic amide
   C.ar ( 1H ) | C.ar | N.am ( 1H ) | C.2 ( O.2 ) 
  No. of matched torsions                  :      1

--------------------------------------------------------------------------------
--- Shape fitting atoms selection (hydrophobic atoms)                        ---
--------------------------------------------------------------------------------
  Molecule                                 : /DATA2/COVID-19/PDBs_&_Models/AV-procd.sdf
  Selection                                : carbons only
  Atom numbers                             :  (n = 11)
  1    3    5    12   13   14   15   16   18   19   
  20   


--------------------------------------------------------------------------------
--- ChemScore ligand setup summary                                           ---
--------------------------------------------------------------------------------
  ChemScore ligand acceptors               :      3
  6 10 17 
  ChemScore ligand donors                  :      2
  8 ( 28  ) 11 ( 29  ) 
  ChemScore ligand CH donors               :      0
  

  ChemScore ligand lipophilic atoms        :  (n = 13)
  1    2    3    4    5    12   13   14   15   16   
  18   19   20   

  ChemScore ligand rotatable bonds         :      3
  7   (****) - 8   (****): SP2_SP2_BOND
  11  (****) - 12  (****): SP3_SP2_BOND
  12  (****) - 14  (****): SP3_SP3_BOND

--------------------------------------------------------------------------------
--- PLP ligand setup summary                                                 ---
--------------------------------------------------------------------------------
    1  ****   C.3 NONPOLAR
    2  ****  C.ar NONPOLAR
    3  ****  C.ar NONPOLAR
    4  ****  C.ar NONPOLAR
    5  ****   C.3 NONPOLAR
    6  ****  N.ar ACCEPTOR
    7  ****  C.ar NONPOLAR
    8  ****  N.am DONOR
    9  ****   C.2 NONPOLAR
   10  ****   O.2 ACCEPTOR
   11  ****  N.am DONOR
   12  ****   C.3 NONPOLAR
   13  ****   C.3 NONPOLAR
   14  ****   C.3 NONPOLAR
   15  ****   C.3 NONPOLAR
   16  ****   C.3 NONPOLAR
   17  ****   O.3 ACCEPTOR
   18  ****   C.3 NONPOLAR
   19  ****   C.3 NONPOLAR
   20  ****  C.ar NONPOLAR


--------------------------------------------------------------------------------
--- Automatic parameter setting                                              ---
--------------------------------------------------------------------------------
  Contribution base                        :   2500
  Contribution per rotatable bond          :   6000
  Contribution per df                      :   4000
  Contribution per water                   :  10000
  Ligand rotatable bonds                   :      3
  Protein flexible side chain bonds        :      0
  Total rotatable bonds                    :      3
  Hydrophobic vol ratio (P/L)              :   2.097
  Base multiplier (polar)                  :   1.000
  Base multiplier (apolar)                 :   4.614
  Base contribution                        : 12500.000
  Fitting points                           :      5
  Estimated maxops needed (optimal)        :  31000

--------------------------------------------------------------------------------

* Population settings                                                           
  maxops                                   :  31000
  popsiz                                   :    100
  select_pressure                          :   1.100
  n_islands                                :      3
  niche_siz                                :      2

* GA settings                                                                   
  pt_crosswt                               :     95
  allele_mutatewt                          :     95
  migratewt                                :     10

* Search settings                                                               
  start_vdw_linear_cutoff                  :   4.000
  initial_virtual_pt_match_max             :   3.000

--------------------------------------------------------------------------------

* Ligand initialisation time :                                                  
  total  0.0076 user  0.0076 sys  0.0000

--------------------------------------------------------------------------------

--------------------------------------------------------------------------------
** Docking run number  1 **
--------------------------------------------------------------------------------
  Rank fitness base is 5000.00 ; increment is 11.2233

* Initialising population(s) ...                                                
Number of constraints mappings 0
Number of constraints 0
  Population no.                           :      1
  Population size                          :    100
  Number of duplicates                     :      0
  Number of niche violations               :      0
  Number of errors                         :   4500

Number of constraints mappings 0
Number of constraints 0
  Population no.                           :      2
  Population size                          :    100
  Number of duplicates                     :      0
  Number of niche violations               :      0
  Number of errors                         :   4537

Number of constraints mappings 0
Number of constraints 0
  Population no.                           :      3
  Population size                          :    100
  Number of duplicates                     :      0
  Number of niche violations               :      0
  Number of errors                         :   4916


Doing GA, no. of population(s) 3 size 100 selection pressure 1.100000

 Operation      Score     S(PLP)   S(hbond)     S(cho)   S(metal)  DE(clash)   DE(tors)     intcor
         0      23.58     -30.47       0.16       0.00       0.00       6.77       0.32       0.06
        85      25.57     -21.31       1.70       0.00       0.00       0.00       0.46       0.06
       808      26.35     -24.12       2.00       0.00       0.00       1.23       1.30       0.06
      1065      28.65     -24.53       2.35       0.00       0.00       2.15       0.42       0.06
      2500      28.86     -21.26       2.54       0.00       0.00       0.00       0.04       0.06
      2538      33.63     -28.65       1.90       0.00       0.00       0.30       0.24       0.06
      4134      33.96     -29.73       2.57       0.00       0.00       2.27       0.64       0.06
      4257      34.13     -29.73       2.63       0.00       0.00       2.27       0.64       0.06
      4278      34.40     -29.54       1.83       0.00       0.00       0.30       0.19       0.06
      4931      34.52     -29.84       2.81       0.00       0.00       2.57       0.63       0.06
      5694      35.01     -30.90       2.50       0.00       0.00       2.15       0.64       0.06
      6387      35.34     -30.90       2.61       0.00       0.00       2.15       0.64       0.06
      6822      36.30     -31.01       2.86       0.00       0.00       2.15       0.59       0.04
      7222      36.38     -29.03       2.82       0.00       0.00       0.20       0.48       0.04
      7675      38.25     -31.10       2.76       0.00       0.00       0.20       0.48       0.04
     13033      38.26     -30.93       2.76       0.00       0.00       0.00       0.49       0.04
     13857      38.29     -31.24       2.72       0.00       0.00       0.20       0.47       0.04
     15459      38.96     -31.05       3.00       0.00       0.00       0.00       0.56       0.04
     16181      39.69     -32.15       2.98       0.00       0.00       0.20       0.61       0.04
     18155      39.73     -32.05       2.98       0.00       0.00       0.06       0.62       0.04
     27640      40.11     -33.11       2.95       0.00       0.00       0.00       0.94       0.04
     28384      40.68     -33.53       3.00       0.00       0.00       0.00       0.94       0.04
     29683      40.73     -33.76       3.00       0.00       0.00       0.20       0.93       0.04
     30152      41.19     -34.04       3.00       0.00       0.00       0.00       0.94       0.04
--------------------------------------------------------------------------------
Best docking solution after GA:
     31000      41.19     -34.04       3.00       0.00       0.00       0.00       0.94       0.04

#ops:      31000 #mutates:  14680 #cross:    14713 #migrate:   1607 
#dups:      7168 #niche:    15336 #errors:    2038 
--------------------------------------------------------------------------------

Doing AMOEBA simplex on best individual
Done simplexing #iterations 780, best score  42.10

Ligand is stored in gold_soln_AV-procd_m9060_1.sdf


--------------------------------------------------------------------------------
--- CHEMPLP breakdown of terms                                               ---
--------------------------------------------------------------------------------
CHEMPLP = - ( 1.0000*S(PLP) + -3.0000*S(hbond) + -6.0000*S(metal) + -3.0000*S(cho) )

Score = CHEMPLP - 1.0000*DE(clash) - 2.0000*DE(tors)

Internal energy term has been corrected with the best internal energy encountered.

--------------------------------------------------------------------------------


     Score     S(PLP)   S(hbond)     S(cho)   S(metal)  DE(clash)   DE(tors)     intcor
     42.10     -35.06       3.00       0.00       0.00       0.00       1.00       0.04

--------------------------------------------------------------------------------
--- PLP analysis of protein-ligand interactions                              ---
--------------------------------------------------------------------------------
hydrogen bonding        :      -3.00
metal                   :       0.00
buried (polar-nonpolar) :      -3.33
nonpolar                :     -30.54
repulsive               :       1.44
--------------------------------------------------------------------------------


--------------------------------------------------------------------------------
--- ChemScore analysis of protein-ligand interactions                        ---
--------------------------------------------------------------------------------

* Hydrogen bonds                                                                
Ligand donor    8 hydrogen   28 Protein acceptor 7948 bond energy  1.00 wt 1.00
Ligand donor   11 hydrogen   29 Protein acceptor 7948 bond energy  1.00 wt 1.00
Protein donor 7989 hydrogen 7998 Ligand acceptor   17 bond energy  1.00 wt 1.00


* CH..O interactions                                                            
  CH group selection                       : activated ring CH (adjacent to hetatom)

--------------------------------------------------------------------------------


--------------------------------------------------------------------------------
--- Intra-ligand clashes                                                     ---
--------------------------------------------------------------------------------

Ligand
--------------------------------------------------------------------------------

--------------------------------------------------------------------------------
--- Rescoring solution                                                       ---
--------------------------------------------------------------------------------

     Score         DG    S(hbond)    S(metal)    S(lipo)     H(rot)  DE(clash)    DE(int)
     15.53     -21.38       2.43        0.00      92.62       1.19       3.46       2.39

Doing AMOEBA simplex on best individual
Done simplexing #iterations 659, best score  18.85

     Score         DG    S(hbond)    S(metal)    S(lipo)     H(rot)  DE(clash)    DE(int)
     18.85     -22.74       2.79        0.00      93.99       1.19       1.51       2.38

--------------------------------------------------------------------------------
--- ChemScore breakdown of terms                                             ---
--------------------------------------------------------------------------------
DG = -5.4800 + -3.3400*S(hbond)
     + -6.0300*S(metal) + -0.1170*S(lipo) + 2.5600*H(rot)


H(rot) = 1.1909

Score = -(DG + DE(clash) + DE(int))


--------------------------------------------------------------------------------


--------------------------------------------------------------------------------
--- ChemScore analysis of protein-ligand interactions                        ---
--------------------------------------------------------------------------------

* Hydrogen bonds                                                                
Ligand donor    8 hydrogen   28 Protein acceptor 7948 bond energy  1.00 wt 0.99
Ligand donor   11 hydrogen   29 Protein acceptor 7948 bond energy  1.00 wt 0.99
Protein donor 7989 hydrogen 7998 Ligand acceptor   17 bond energy  1.00 wt 0.81

CHEMSCORE EXTRA INTERACTIONS:

* Clashes                                                                       
Clash for ligand atom   1 (**** ):   0.05
Clash for ligand atom  10 (**** ):   0.12
Clash for ligand atom  13 (**** ):   1.32
Clash for ligand atom  19 (**** ):   0.02
--------------------------------------------------------------------------------


--------------------------------------------------------------------------------
--- Chromosome decoded                                                       ---
--------------------------------------------------------------------------------
Ligand Torsions
[  20    7    8    9]  -21.50    matched torsion: aromatic amide
[  13   12   11    9]  -94.55
[  19   14   12   11]   34.03
Protein Torsions
[6907 6896 6895 6894]  123.88 
[7974 7965 7964 7962]   61.82 
[8008 7997 7996 7995]   89.55 
[10167 10162 10161 10158] -142.55 
[10718 10713 10712 10709]   84.64 
[10763 10752 10751 10750]   58.33 
[11005 11000 10999 10996]   90.40 
Mapping
Ligand acceptors to protein hydrogens (mapping then atom ids)
Ligand hydrogens to protein acceptors (mapping then atom ids)
  2   7 [ 29->7948]
Ligand shape atoms to protein points (mapping then atom ids & coords)
  1  1142 [  1->(141.750 135.250 153.500)]
  2  2666 [  3->(144.250 133.000 151.250)]
  3  4204 [  5->(145.750 132.750 149.750)]
  5  5874 [ 13->(147.500 139.250 153.000)]
  6  5887 [ 14->(147.500 139.750 153.750)]
Chromosome values
Integers:
  -1   -1   -1   -1    6 1141 2665 4203   -1 5873 5886   -1 
  -1   -1   -1   -1 
--------------------------------------------------------------------------------

Current Ranking  1

--------------------------------------------------------------------------------

* GA execution time :                                                           
  total  0.5858 user  0.5778 sys  0.0080

--------------------------------------------------------------------------------
Fitness function evaluations: 68618

--------------------------------------------------------------------------------
** Docking run number  2 **
--------------------------------------------------------------------------------
  Rank fitness base is 5000.00 ; increment is 11.2233

* Initialising population(s) ...                                                
Number of constraints mappings 0
Number of constraints 0
  Population no.                           :      1
  Population size                          :    100
  Number of duplicates                     :      0
  Number of niche violations               :      0
  Number of errors                         :   4851

Number of constraints mappings 0
Number of constraints 0
  Population no.                           :      2
  Population size                          :    100
  Number of duplicates                     :      0
  Number of niche violations               :      0
  Number of errors                         :   4866

Number of constraints mappings 0
Number of constraints 0
  Population no.                           :      3
  Population size                          :    100
  Number of duplicates                     :      0
  Number of niche violations               :      0
  Number of errors                         :   4776


Doing GA, no. of population(s) 3 size 100 selection pressure 1.100000

 Operation      Score     S(PLP)   S(hbond)     S(cho)   S(metal)  DE(clash)   DE(tors)     intcor
         0      24.00     -21.35       1.00       0.00       0.00       0.00       0.19       0.03
       139      28.47     -27.35       0.93       0.00       0.00       0.00       0.85       0.03
      2848      29.79     -26.90       0.99       0.00       0.00       0.00       0.05       0.03
      3004      31.33     -27.83       1.19       0.00       0.00       0.00       0.05       0.03
      3469      34.37     -29.00       1.81       0.00       0.00       0.00       0.05       0.03
      4638      36.88     -29.60       2.94       0.00       0.00       1.33       0.13       0.03
      8315      38.40     -33.75       1.96       0.00       0.00       0.00       0.63       0.03
      9104      38.46     -34.13       1.86       0.00       0.00       0.00       0.63       0.03
     13996      38.94     -34.30       1.96       0.00       0.00       0.00       0.63       0.03
     20117      39.18     -34.91       1.86       0.00       0.00       0.00       0.66       0.02
     21293      40.99     -32.92       2.90       0.00       0.00       0.00       0.33       0.02
     24974      41.27     -33.24       2.89       0.00       0.00       0.00       0.33       0.02
     29648      41.32     -33.10       2.92       0.00       0.00       0.00       0.28       0.02
     30460      41.43     -33.13       2.94       0.00       0.00       0.00       0.28       0.02
     30497      41.46     -33.24       2.95       0.00       0.00       0.00       0.33       0.02
--------------------------------------------------------------------------------
Best docking solution after GA:
     31000      41.46     -33.24       2.95       0.00       0.00       0.00       0.33       0.02

#ops:      31000 #mutates:  14732 #cross:    14733 #migrate:   1535 
#dups:      7194 #niche:    14399 #errors:    2847 
--------------------------------------------------------------------------------

Doing AMOEBA simplex on best individual
Done simplexing #iterations 542, best score  43.04

Ligand is stored in gold_soln_AV-procd_m9060_2.sdf


--------------------------------------------------------------------------------
--- CHEMPLP breakdown of terms                                               ---
--------------------------------------------------------------------------------
CHEMPLP = - ( 1.0000*S(PLP) + -3.0000*S(hbond) + -6.0000*S(metal) + -3.0000*S(cho) )

Score = CHEMPLP - 1.0000*DE(clash) - 2.0000*DE(tors)

Internal energy term has been corrected with the best internal energy encountered.

--------------------------------------------------------------------------------


     Score     S(PLP)   S(hbond)     S(cho)   S(metal)  DE(clash)   DE(tors)     intcor
     43.04     -35.66       2.98       0.00       0.00       0.00       0.78       0.02

--------------------------------------------------------------------------------
--- PLP analysis of protein-ligand interactions                              ---
--------------------------------------------------------------------------------
hydrogen bonding        :      -3.00
metal                   :       0.00
buried (polar-nonpolar) :      -2.44
nonpolar                :     -30.96
repulsive               :       0.37
--------------------------------------------------------------------------------


--------------------------------------------------------------------------------
--- ChemScore analysis of protein-ligand interactions                        ---
--------------------------------------------------------------------------------

* Hydrogen bonds                                                                
Ligand donor    8 hydrogen   28 Protein acceptor 7948 bond energy  1.00 wt 1.00
Ligand donor   11 hydrogen   29 Protein acceptor 7948 bond energy  1.00 wt 0.98
Protein donor 7989 hydrogen 7998 Ligand acceptor   17 bond energy  1.00 wt 1.00


* CH..O interactions                                                            
  CH group selection                       : activated ring CH (adjacent to hetatom)

--------------------------------------------------------------------------------


--------------------------------------------------------------------------------
--- Intra-ligand clashes                                                     ---
--------------------------------------------------------------------------------

Ligand
--------------------------------------------------------------------------------

--------------------------------------------------------------------------------
--- Rescoring solution                                                       ---
--------------------------------------------------------------------------------

     Score         DG    S(hbond)    S(metal)    S(lipo)     H(rot)  DE(clash)    DE(int)
     16.65     -19.85       2.10        0.00      89.00       1.19       1.58       1.61

Doing AMOEBA simplex on best individual
Done simplexing #iterations 753, best score  18.86

     Score         DG    S(hbond)    S(metal)    S(lipo)     H(rot)  DE(clash)    DE(int)
     18.86     -21.06       2.50        0.00      87.75       1.19       0.49       1.71

--------------------------------------------------------------------------------
--- ChemScore breakdown of terms                                             ---
--------------------------------------------------------------------------------
DG = -5.4800 + -3.3400*S(hbond)
     + -6.0300*S(metal) + -0.1170*S(lipo) + 2.5600*H(rot)


H(rot) = 1.1909

Score = -(DG + DE(clash) + DE(int))


--------------------------------------------------------------------------------


--------------------------------------------------------------------------------
--- ChemScore analysis of protein-ligand interactions                        ---
--------------------------------------------------------------------------------

* Hydrogen bonds                                                                
Ligand donor    8 hydrogen   28 Protein acceptor 7948 bond energy  1.00 wt 0.97
Ligand donor   11 hydrogen   29 Protein acceptor 7948 bond energy  1.00 wt 0.98
Protein donor 7989 hydrogen 7998 Ligand acceptor   17 bond energy  1.00 wt 0.55

CHEMSCORE EXTRA INTERACTIONS:

* Clashes                                                                       
Clash for ligand atom   5 (**** ):   0.01
Clash for ligand atom  13 (**** ):   0.47
Clash for ligand atom  19 (**** ):   0.01
--------------------------------------------------------------------------------


--------------------------------------------------------------------------------
--- Chromosome decoded                                                       ---
--------------------------------------------------------------------------------
Ligand Torsions
[  20    7    8    9]  180.00    matched torsion: aromatic amide
[  13   12   11    9] -102.12
[  19   14   12   11]   33.73
Protein Torsions
[6907 6896 6895 6894]   26.57 
[7974 7965 7964 7962]  -25.39 
[8008 7997 7996 7995]   20.26 
[10167 10162 10161 10158] -155.62 
[10718 10713 10712 10709]   97.27 
[10763 10752 10751 10750]   52.60 
[11005 11000 10999 10996]   36.78 
Mapping
Ligand acceptors to protein hydrogens (mapping then atom ids)
  3  18 [ 17->7998]
Ligand hydrogens to protein acceptors (mapping then atom ids)
  1   7 [ 28->7948]
Ligand shape atoms to protein points (mapping then atom ids & coords)
  1  3045 [  1->(144.750 132.500 149.500)]
  3  1544 [  5->(142.500 134.500 153.000)]
  4  5739 [ 12->(147.250 139.500 153.750)]
 11  3932 [ 20->(145.500 133.500 151.250)]
Chromosome values
Integers:
  -1   -1   17    6   -1 3044   -1 1543 5738   -1   -1   -1 
  -1   -1   -1 3931 
--------------------------------------------------------------------------------

Current Ranking  2  1

--------------------------------------------------------------------------------

* GA execution time :                                                           
  total  0.5843 user  0.5843 sys  0.0000

--------------------------------------------------------------------------------
Fitness function evaluations: 68877

--------------------------------------------------------------------------------
** Docking run number  3 **
--------------------------------------------------------------------------------
  Rank fitness base is 5000.00 ; increment is 11.2233

* Initialising population(s) ...                                                
Number of constraints mappings 0
Number of constraints 0
  Population no.                           :      1
  Population size                          :    100
  Number of duplicates                     :      0
  Number of niche violations               :      0
  Number of errors                         :   4558

Number of constraints mappings 0
Number of constraints 0
  Population no.                           :      2
  Population size                          :    100
  Number of duplicates                     :      0
  Number of niche violations               :      0
  Number of errors                         :   4933

Number of constraints mappings 0
Number of constraints 0
  Population no.                           :      3
  Population size                          :    100
  Number of duplicates                     :      0
  Number of niche violations               :      0
  Number of errors                         :   4695


Doing GA, no. of population(s) 3 size 100 selection pressure 1.100000

 Operation      Score     S(PLP)   S(hbond)     S(cho)   S(metal)  DE(clash)   DE(tors)     intcor
         0      27.35     -25.19       0.89       0.00       0.00       0.00       0.26       0.02
       941      27.57     -25.35       0.91       0.00       0.00       0.00       0.26       0.02
      1202      31.48     -28.24       1.58       0.00       0.00       0.00       0.76       0.02
      1953      31.78     -28.10       1.49       0.00       0.00       0.00       0.40       0.02
      3925      32.27     -30.66       0.70       0.00       0.00       0.00       0.26       0.02
      4470      32.62     -29.56       1.29       0.00       0.00       0.00       0.40       0.02
      6486      33.39     -29.56       1.54       0.00       0.00       0.00       0.40       0.02
      6627      33.97     -27.39       2.46       0.00       0.00       0.00       0.40       0.02
      7204      35.50     -31.87       1.34       0.00       0.00       0.00       0.20       0.02
     11016      35.96     -31.49       1.75       0.00       0.00       0.00       0.40       0.02
     11652      36.23     -31.31       1.90       0.00       0.00       0.00       0.40       0.02
     11934      36.48     -32.63       1.55       0.00       0.00       0.00       0.40       0.02
     12156      36.97     -33.07       1.56       0.00       0.00       0.00       0.40       0.02
     12270      38.28     -33.50       1.86       0.00       0.00       0.00       0.40       0.02
     13585      38.34     -33.60       1.85       0.00       0.00       0.00       0.41       0.02
     14050      38.48     -33.65       1.88       0.00       0.00       0.00       0.41       0.02
     14609      38.90     -34.04       1.89       0.00       0.00       0.00       0.42       0.02
     14897      39.08     -33.81       2.34       0.00       0.00       0.18       0.79       0.02
     15872      41.04     -35.30       2.52       0.00       0.00       0.18       0.84       0.02
     18589      41.23     -33.79       2.75       0.00       0.00       0.00       0.42       0.02
     20798      41.25     -34.15       2.71       0.00       0.00       0.00       0.52       0.02
     28283      41.39     -34.30       2.72       0.00       0.00       0.00       0.54       0.02
     29819      41.47     -33.95       2.79       0.00       0.00       0.00       0.44       0.02
--------------------------------------------------------------------------------
Best docking solution after GA:
     31000      41.47     -33.95       2.79       0.00       0.00       0.00       0.44       0.02

#ops:      31000 #mutates:  14852 #cross:    14611 #migrate:   1537 
#dups:      6511 #niche:    14718 #errors:    2407 
--------------------------------------------------------------------------------

Doing AMOEBA simplex on best individual
Done simplexing #iterations 795, best score  43.12

Ligand is stored in gold_soln_AV-procd_m9060_3.sdf


--------------------------------------------------------------------------------
--- CHEMPLP breakdown of terms                                               ---
--------------------------------------------------------------------------------
CHEMPLP = - ( 1.0000*S(PLP) + -3.0000*S(hbond) + -6.0000*S(metal) + -3.0000*S(cho) )

Score = CHEMPLP - 1.0000*DE(clash) - 2.0000*DE(tors)

Internal energy term has been corrected with the best internal energy encountered.

--------------------------------------------------------------------------------


     Score     S(PLP)   S(hbond)     S(cho)   S(metal)  DE(clash)   DE(tors)     intcor
     43.12     -35.59       2.86       0.00       0.00       0.00       0.54       0.02

--------------------------------------------------------------------------------
--- PLP analysis of protein-ligand interactions                              ---
--------------------------------------------------------------------------------
hydrogen bonding        :      -3.00
metal                   :       0.00
buried (polar-nonpolar) :      -3.78
nonpolar                :     -30.10
repulsive               :       0.36
--------------------------------------------------------------------------------


--------------------------------------------------------------------------------
--- ChemScore analysis of protein-ligand interactions                        ---
--------------------------------------------------------------------------------

* Hydrogen bonds                                                                
Ligand donor    8 hydrogen   28 Protein acceptor 7948 bond energy  1.00 wt 1.00
Ligand donor   11 hydrogen   29 Protein acceptor 7948 bond energy  1.00 wt 0.86
Protein donor 7989 hydrogen 7998 Ligand acceptor   17 bond energy  1.00 wt 1.00


* CH..O interactions                                                            
  CH group selection                       : activated ring CH (adjacent to hetatom)

--------------------------------------------------------------------------------


--------------------------------------------------------------------------------
--- Intra-ligand clashes                                                     ---
--------------------------------------------------------------------------------

Ligand
--------------------------------------------------------------------------------

--------------------------------------------------------------------------------
--- Rescoring solution                                                       ---
--------------------------------------------------------------------------------

     Score         DG    S(hbond)    S(metal)    S(lipo)     H(rot)  DE(clash)    DE(int)
     15.55     -19.88       1.93        0.00      94.11       1.19       2.60       1.72

Doing AMOEBA simplex on best individual
Done simplexing #iterations 897, best score  18.20

     Score         DG    S(hbond)    S(metal)    S(lipo)     H(rot)  DE(clash)    DE(int)
     18.20     -21.33       2.41        0.00      92.69       1.19       1.38       1.76

--------------------------------------------------------------------------------
--- ChemScore breakdown of terms                                             ---
--------------------------------------------------------------------------------
DG = -5.4800 + -3.3400*S(hbond)
     + -6.0300*S(metal) + -0.1170*S(lipo) + 2.5600*H(rot)


H(rot) = 1.1909

Score = -(DG + DE(clash) + DE(int))


--------------------------------------------------------------------------------


--------------------------------------------------------------------------------
--- ChemScore analysis of protein-ligand interactions                        ---
--------------------------------------------------------------------------------

* Hydrogen bonds                                                                
Ligand donor    8 hydrogen   28 Protein acceptor 7948 bond energy  1.00 wt 0.94
Ligand donor   11 hydrogen   29 Protein acceptor 7948 bond energy  1.00 wt 0.89
Protein donor 7989 hydrogen 7998 Ligand acceptor   17 bond energy  1.00 wt 0.58

CHEMSCORE EXTRA INTERACTIONS:

* Clashes                                                                       
Clash for ligand atom   5 (**** ):   0.07
Clash for ligand atom  13 (**** ):   1.29
Clash for ligand atom  19 (**** ):   0.02
--------------------------------------------------------------------------------


--------------------------------------------------------------------------------
--- Chromosome decoded                                                       ---
--------------------------------------------------------------------------------
Ligand Torsions
[  20    7    8    9] -180.00    matched torsion: aromatic amide
[  13   12   11    9] -106.27
[  19   14   12   11]   38.21
Protein Torsions
[6907 6896 6895 6894] -155.75 
[7974 7965 7964 7962]   -7.46 
[8008 7997 7996 7995] -136.65 
[10167 10162 10161 10158]  172.52 
[10718 10713 10712 10709] -160.89 
[10763 10752 10751 10750]  -87.79 
[11005 11000 10999 10996]  104.27 
Mapping
Ligand acceptors to protein hydrogens (mapping then atom ids)
  3  18 [ 17->7998]
Ligand hydrogens to protein acceptors (mapping then atom ids)
Ligand shape atoms to protein points (mapping then atom ids & coords)
  1  4752 [  1->(146.250 132.750 150.250)]
  2  2288 [  3->(143.750 133.000 151.250)]
Chromosome values
Integers:
  -1   -1   17   -1   -1 4751 2287   -1   -1   -1   -1   -1 
  -1   -1   -1   -1 
--------------------------------------------------------------------------------

Current Ranking  3  2  1

--------------------------------------------------------------------------------

* GA execution time :                                                           
  total  0.5795 user  0.5755 sys  0.0040

--------------------------------------------------------------------------------
Fitness function evaluations: 68965

--------------------------------------------------------------------------------
** Docking run number  4 **
--------------------------------------------------------------------------------
  Rank fitness base is 5000.00 ; increment is 11.2233

* Initialising population(s) ...                                                
Number of constraints mappings 0
Number of constraints 0
  Population no.                           :      1
  Population size                          :    100
  Number of duplicates                     :      0
  Number of niche violations               :      0
  Number of errors                         :   4712

Number of constraints mappings 0
Number of constraints 0
  Population no.                           :      2
  Population size                          :    100
  Number of duplicates                     :      0
  Number of niche violations               :      0
  Number of errors                         :   4964

Number of constraints mappings 0
Number of constraints 0
  Population no.                           :      3
  Population size                          :    100
  Number of duplicates                     :      0
  Number of niche violations               :      0
  Number of errors                         :   4918


Doing GA, no. of population(s) 3 size 100 selection pressure 1.100000

 Operation      Score     S(PLP)   S(hbond)     S(cho)   S(metal)  DE(clash)   DE(tors)     intcor
         0      19.90     -21.96       1.88       0.00       0.00       4.80       1.46       0.02
       219      21.65     -21.84       1.11       0.00       0.00       0.00       1.76       0.02
       350      22.86     -21.51       1.00       0.00       0.00       0.00       0.84       0.02
       364      23.01     -24.19       0.00       0.00       0.00       0.00       0.60       0.02
       494      25.78     -21.51       1.98       0.00       0.00       0.00       0.84       0.02
       864      30.32     -29.12       0.98       0.00       0.00       0.00       0.87       0.02
      2196      31.85     -29.48       1.95       0.00       0.00       1.02       1.24       0.02
      2385      33.39     -27.98       2.06       0.00       0.00       0.00       0.39       0.02
      2463      33.69     -28.28       1.95       0.00       0.00       0.00       0.23       0.02
      3491      36.24     -29.09       2.86       0.00       0.00       0.00       0.71       0.02
      5343      37.17     -29.28       3.00       0.00       0.00       0.00       0.56       0.02
      5643      37.91     -30.21       3.00       0.00       0.00       0.00       0.66       0.02
      6912      38.37     -32.91       2.00       0.00       0.00       0.00       0.28       0.02
      7282      38.39     -32.88       2.00       0.00       0.00       0.00       0.25       0.02
      7851      39.18     -33.41       2.00       0.00       0.00       0.00       0.12       0.02
      8286      39.20     -33.46       2.00       0.00       0.00       0.00       0.14       0.02
      8961      39.36     -33.61       2.00       0.00       0.00       0.00       0.13       0.02
      9324      39.38     -33.65       2.00       0.00       0.00       0.00       0.15       0.02
     10188      39.39     -33.64       2.00       0.00       0.00       0.00       0.13       0.02
     12379      41.22     -33.87       2.89       0.00       0.00       0.00       0.67       0.02
     13966      41.73     -34.39       2.89       0.00       0.00       0.00       0.67       0.02
     17364      41.78     -34.30       2.91       0.00       0.00       0.00       0.64       0.02
     22699      41.79     -34.26       2.95       0.00       0.00       0.00       0.67       0.02
     22730      42.09     -34.90       2.97       0.00       0.00       0.00       0.86       0.02
     30116      42.27     -35.00       2.98       0.00       0.00       0.00       0.85       0.02
--------------------------------------------------------------------------------
Best docking solution after GA:
     31000      42.27     -35.00       2.98       0.00       0.00       0.00       0.85       0.02

#ops:      31000 #mutates:  14767 #cross:    14656 #migrate:   1577 
#dups:      9911 #niche:    17052 #errors:    1117 
--------------------------------------------------------------------------------

Doing AMOEBA simplex on best individual
Done simplexing #iterations 570, best score  42.84

Ligand is stored in gold_soln_AV-procd_m9060_4.sdf


--------------------------------------------------------------------------------
--- CHEMPLP breakdown of terms                                               ---
--------------------------------------------------------------------------------
CHEMPLP = - ( 1.0000*S(PLP) + -3.0000*S(hbond) + -6.0000*S(metal) + -3.0000*S(cho) )

Score = CHEMPLP - 1.0000*DE(clash) - 2.0000*DE(tors)

Internal energy term has been corrected with the best internal energy encountered.

--------------------------------------------------------------------------------


     Score     S(PLP)   S(hbond)     S(cho)   S(metal)  DE(clash)   DE(tors)     intcor
     42.84     -35.78       2.90       0.00       0.00       0.00       0.84       0.02

--------------------------------------------------------------------------------
--- PLP analysis of protein-ligand interactions                              ---
--------------------------------------------------------------------------------
hydrogen bonding        :      -3.00
metal                   :       0.00
buried (polar-nonpolar) :      -6.57
nonpolar                :     -28.08
repulsive               :       0.29
--------------------------------------------------------------------------------


--------------------------------------------------------------------------------
--- ChemScore analysis of protein-ligand interactions                        ---
--------------------------------------------------------------------------------

* Hydrogen bonds                                                                
Ligand donor    8 hydrogen   28 Protein acceptor 7948 bond energy  1.00 wt 1.00
Ligand donor   11 hydrogen   29 Protein acceptor 7948 bond energy  1.00 wt 0.96
Protein donor 7989 hydrogen 7998 Ligand acceptor   17 bond energy  1.00 wt 0.94


* CH..O interactions                                                            
  CH group selection                       : activated ring CH (adjacent to hetatom)

--------------------------------------------------------------------------------


--------------------------------------------------------------------------------
--- Intra-ligand clashes                                                     ---
--------------------------------------------------------------------------------

Ligand
--------------------------------------------------------------------------------

--------------------------------------------------------------------------------
--- Rescoring solution                                                       ---
--------------------------------------------------------------------------------

     Score         DG    S(hbond)    S(metal)    S(lipo)     H(rot)  DE(clash)    DE(int)
     17.67     -19.82       2.27        0.00      83.91       1.19       0.01       2.14

Doing AMOEBA simplex on best individual
Done simplexing #iterations 872, best score  19.78

     Score         DG    S(hbond)    S(metal)    S(lipo)     H(rot)  DE(clash)    DE(int)
     19.78     -21.94       2.74        0.00      88.50       1.19       0.10       2.06

--------------------------------------------------------------------------------
--- ChemScore breakdown of terms                                             ---
--------------------------------------------------------------------------------
DG = -5.4800 + -3.3400*S(hbond)
     + -6.0300*S(metal) + -0.1170*S(lipo) + 2.5600*H(rot)


H(rot) = 1.1909

Score = -(DG + DE(clash) + DE(int))


--------------------------------------------------------------------------------


--------------------------------------------------------------------------------
--- ChemScore analysis of protein-ligand interactions                        ---
--------------------------------------------------------------------------------

* Hydrogen bonds                                                                
Ligand donor    8 hydrogen   28 Protein acceptor 7948 bond energy  1.00 wt 0.99
Ligand donor   11 hydrogen   29 Protein acceptor 7948 bond energy  1.00 wt 0.99
Protein donor 7989 hydrogen 7998 Ligand acceptor   17 bond energy  1.00 wt 0.76

CHEMSCORE EXTRA INTERACTIONS:

* Clashes                                                                       
Clash for ligand atom   5 (**** ):   0.07
Clash for ligand atom  13 (**** ):   0.01
Clash for ligand atom  19 (**** ):   0.01
--------------------------------------------------------------------------------


--------------------------------------------------------------------------------
--- Chromosome decoded                                                       ---
--------------------------------------------------------------------------------
Ligand Torsions
[  20    7    8    9]  180.00    matched torsion: aromatic amide
[  13   12   11    9]  -94.11
[  19   14   12   11]   35.88
Protein Torsions
[6907 6896 6895 6894]  -55.48 
[7974 7965 7964 7962] -107.15 
[8008 7997 7996 7995]  121.05 
[10167 10162 10161 10158]  -89.93 
[10718 10713 10712 10709]   63.24 
[10763 10752 10751 10750] -104.68 
[11005 11000 10999 10996] -109.92 
Mapping
Ligand acceptors to protein hydrogens (mapping then atom ids)
Ligand hydrogens to protein acceptors (mapping then atom ids)
  1   7 [ 28->7948]
  2   7 [ 29->7948]
Ligand shape atoms to protein points (mapping then atom ids & coords)
  1  3602 [  1->(145.250 132.750 150.250)]
  2  2666 [  3->(144.250 133.000 151.250)]
  3  1438 [  5->(142.250 134.750 153.000)]
  5  5552 [ 13->(147.000 140.250 153.250)]
Chromosome values
Integers:
  -1   -1   -1    6    6 3601 2665 1437   -1 5551   -1   -1 
  -1   -1   -1   -1 
--------------------------------------------------------------------------------

Current Ranking  3  2  4  1

Top  3 (of  4) solutions are within 1.500 RMSD, finishing docking /DATA2/COVID-19/PDBs_&_Models/AV-procd.sdf.


--------------------------------------------------------------------------------

* GA execution time :                                                           
  total  0.6053 user  0.6013 sys  0.0040

--------------------------------------------------------------------------------
Fitness function evaluations: 68814

--------------------------------------------------------------------------------
--- Ranking analysis                                                         ---
--------------------------------------------------------------------------------


* Final ranked order of GA solutions:                                           
   3  2  4  1 

  _______________________________
  RMSD Matrix of RANKED solutions

        2    3    4  

   1 :  0.2  0.2  2.0
   2 :       0.3  2.0
   3 :            2.0

  Clustering method                        : complete linkage
  Structure ids in cluster table           : rank nos.
  Ordering of clusters and their members   : by rank (order if from rms_analysis)

  Distance | Clusters
   0.23    |  1  2 |  3 |  4 |
   0.34    |  1  2  3 |  4 |
   2.04    |  1  2  3  4 |
  Finished Docking Ligand                  : /DATA2/COVID-19/PDBs_&_Models/AV-procd.sdf
--------------------------------------------------------------------------------

  Relative_Ligand_Energy (best encountered) :   0.018
  Relative_Ligand_Energy: fitness values have been corrected using this amount
