
--------------------------------------------------------------------------------
--- Ligand                                                                   ---
--------------------------------------------------------------------------------
  Ligand loaded from file                  : /DATA2/COVID-19/PDBs_&_Models/AV-procd.sdf
  Ligand name                              :  
  "AV-unprocessed.smi:2772                                                  "

--------------------------------------------------------------------------------
  N.plc donors                             : 
  pro:   24 
  

  Acidic nitrogen acceptors                : 
  none found
  Sulfur acceptors                         :
  none found


  Donor atoms                              :      5
  6   9   13  17  24  
  Acceptor atoms                           :      1
  8   

  Hydrogens                                :  (n = 5)
  30   31   54   55   56   

  Lone pairs added to molecule             :      2
  Numbering                                : from 57 to 58
  Choline groups                           : 
   13  17  

--------------------------------------------------------------------------------
--- Postprocessing of typing                                                 ---
--------------------------------------------------------------------------------
  Fragment file                            : /home/scv26/CCDC/Discovery_2020/GOLD/gold/rotatable_bond_override.mol2
  acylurea fragment                        : no matches
  thioacylthiourea fragment                : no matches
  acylthiourea fragment                    : no matches
  thioacylurea fragment                    : no matches
  diarylamine fragment >C.ar-NH-C.ar<      : no matches
  sec-amine (1) fragment                   : no matches
  sec-amine (2) fragment                   : no matches
  sec-amine (3) fragment                   : no matches
  carboxylic ester                         : no matches

* Rotatable bonds in /DATA2/COVID-19/PDBs  :
  [   5    6] [   9   10] [  13   14] 
  No. of rotatable bonds                   :      3


* Fragments found in /DATA2/COVID-19/PDBs  :


* Checking torsion distributions:                                               
  Rotatable bond [ 4  5  6  7] matches torsion: aromatic amide
   C.ar ( 1H ) | C.ar | N.am ( 1H ) | C.2 ( O.2 ) 
  No. of matched torsions                  :      1

--------------------------------------------------------------------------------
--- Shape fitting atoms selection (hydrophobic atoms)                        ---
--------------------------------------------------------------------------------
  Molecule                                 : /DATA2/COVID-19/PDBs_&_Models/AV-procd.sdf
  Selection                                : carbons only
  Atom numbers                             :  (n = 15)
  1    3    4    10   11   12   14   15   16   18   
  19   20   21   22   23   


--------------------------------------------------------------------------------
--- ChemScore ligand setup summary                                           ---
--------------------------------------------------------------------------------
  ChemScore ligand acceptors               :      1
  8 
  ChemScore ligand donors                  :      5
  6 ( 30  ) 9 ( 31  ) 13 ( 54 [+]  ) 17 ( 55 [+]  ) 24 ( 56 [+]  ) 
  ChemScore ligand CH donors               :      0
  

  ChemScore ligand lipophilic atoms        :  (n = 17)
  1    2    3    4    5    10   11   12   14   15   
  16   18   19   20   21   22   23   

  ChemScore ligand rotatable bonds         :      3
  5   (****) - 6   (****): SP2_SP2_BOND
  9   (****) - 10  (****): SP3_SP2_BOND
  13  (****) - 14  (****): SP3_SP3_BOND

--------------------------------------------------------------------------------
--- PLP ligand setup summary                                                 ---
--------------------------------------------------------------------------------
    1  ****   C.3 NONPOLAR
    2  ****  C.ar NONPOLAR
    3  ****  C.ar NONPOLAR
    4  ****  C.ar NONPOLAR
    5  ****  C.ar NONPOLAR
    6  ****  N.am DONOR
    7  ****   C.2 NONPOLAR
    8  ****   O.2 ACCEPTOR
    9  ****  N.am DONOR
   10  ****   C.3 NONPOLAR
   11  ****   C.3 NONPOLAR
   12  ****   C.3 NONPOLAR
   13  ****   N.4 DONOR
   14  ****   C.3 NONPOLAR
   15  ****   C.3 NONPOLAR
   16  ****   C.3 NONPOLAR
   17  ****   N.4 DONOR
   18  ****   C.3 NONPOLAR
   19  ****   C.3 NONPOLAR
   20  ****   C.3 NONPOLAR
   21  ****   C.3 NONPOLAR
   22  ****   C.3 NONPOLAR
   23  ****  C.ar NONPOLAR
   24  **** N.pl3 DONOR


--------------------------------------------------------------------------------
--- Automatic parameter setting                                              ---
--------------------------------------------------------------------------------
  Contribution base                        :   2500
  Contribution per rotatable bond          :   6000
  Contribution per df                      :   4000
  Contribution per water                   :  10000
  Ligand rotatable bonds                   :      3
  Protein flexible side chain bonds        :      0
  Total rotatable bonds                    :      3
  Hydrophobic vol ratio (P/L)              :   1.538
  Base multiplier (polar)                  :   1.600
  Base multiplier (apolar)                 :   4.614
  Base contribution                        : 15000.000
  Fitting points                           :      8
  Estimated maxops needed (optimal)        :  33500

--------------------------------------------------------------------------------

* Population settings                                                           
  maxops                                   :  33500
  popsiz                                   :    100
  select_pressure                          :   1.100
  n_islands                                :      3
  niche_siz                                :      2

* GA settings                                                                   
  pt_crosswt                               :     95
  allele_mutatewt                          :     95
  migratewt                                :     10

* Search settings                                                               
  start_vdw_linear_cutoff                  :   4.000
  initial_virtual_pt_match_max             :   3.000

--------------------------------------------------------------------------------

* Ligand initialisation time :                                                  
  total  0.0159 user  0.0159 sys  0.0000

--------------------------------------------------------------------------------

--------------------------------------------------------------------------------
** Docking run number  1 **
--------------------------------------------------------------------------------
  Rank fitness base is 5000.00 ; increment is 11.2233

* Initialising population(s) ...                                                
Number of constraints mappings 0
Number of constraints 0
  Population no.                           :      1
  Population size                          :    100
  Number of duplicates                     :      0
  Number of niche violations               :      0
  Number of errors                         :   3450

Number of constraints mappings 0
Number of constraints 0
  Population no.                           :      2
  Population size                          :    100
  Number of duplicates                     :      0
  Number of niche violations               :      0
  Number of errors                         :   3406

Number of constraints mappings 0
Number of constraints 0
  Population no.                           :      3
  Population size                          :    100
  Number of duplicates                     :      0
  Number of niche violations               :      0
  Number of errors                         :   3392


Doing GA, no. of population(s) 3 size 100 selection pressure 1.100000

 Operation      Score     S(PLP)   S(hbond)     S(cho)   S(metal)  DE(clash)   DE(tors)     intcor
         0      22.34     -21.20       0.75       0.00       0.00       0.00       0.59       0.07
       221      22.54     -18.30       1.76       0.00       0.00       0.00       0.56       0.07
       365      22.82     -22.58       0.32       0.00       0.00       0.00       0.39       0.07
       569      25.82     -25.07       1.00       0.00       0.00       0.00       1.16       0.07
       643      34.84     -30.61       2.12       0.00       0.00       0.00       1.10       0.07
       694      35.58     -32.04       2.02       0.00       0.00       0.00       1.29       0.07
      8553      35.62     -32.17       2.00       0.00       0.00       0.00       1.31       0.06
     11255      35.89     -28.71       2.79       0.00       0.00       0.00       0.62       0.05
     13946      35.90     -28.71       2.80       0.00       0.00       0.00       0.63       0.05
     15394      36.50     -28.38       3.00       0.00       0.00       0.00       0.46       0.05
     16588      36.92     -28.74       3.00       0.00       0.00       0.00       0.43       0.05
     18817      37.12     -28.97       3.00       0.00       0.00       0.00       0.45       0.05
     20122      37.17     -28.84       3.00       0.00       0.00       0.00       0.36       0.05
     22356      37.30     -28.79       3.00       0.00       0.00       0.00       0.27       0.05
--------------------------------------------------------------------------------
Best docking solution after GA:
     33500      37.30     -28.79       3.00       0.00       0.00       0.00       0.27       0.05

#ops:      33500 #mutates:  15767 #cross:    16082 #migrate:   1651 
#dups:      7672 #niche:    19553 #errors:    3646 
--------------------------------------------------------------------------------

Doing AMOEBA simplex on best individual
Done simplexing #iterations 681, best score  37.95

Ligand is stored in gold_soln_AV-procd_m10675_1.sdf


--------------------------------------------------------------------------------
--- CHEMPLP breakdown of terms                                               ---
--------------------------------------------------------------------------------
CHEMPLP = - ( 1.0000*S(PLP) + -3.0000*S(hbond) + -6.0000*S(metal) + -3.0000*S(cho) )

Score = CHEMPLP - 1.0000*DE(clash) - 2.0000*DE(tors)

Internal energy term has been corrected with the best internal energy encountered.

--------------------------------------------------------------------------------


     Score     S(PLP)   S(hbond)     S(cho)   S(metal)  DE(clash)   DE(tors)     intcor
     37.95     -29.40       3.00       0.00       0.00       0.00       0.25       0.05

--------------------------------------------------------------------------------
--- PLP analysis of protein-ligand interactions                              ---
--------------------------------------------------------------------------------
hydrogen bonding        :      -2.00
metal                   :       0.00
buried (polar-nonpolar) :      -3.56
nonpolar                :     -24.08
repulsive               :       0.04
--------------------------------------------------------------------------------


--------------------------------------------------------------------------------
--- ChemScore analysis of protein-ligand interactions                        ---
--------------------------------------------------------------------------------

* Hydrogen bonds                                                                
Ligand donor   17 hydrogen   55 Protein acceptor 10747 bond energy  1.00 wt 1.00
Ligand donor   24 hydrogen   56 Protein acceptor 8028 bond energy  1.00 wt 2.00


* CH..O interactions                                                            
  CH group selection                       : activated ring CH (adjacent to hetatom)

--------------------------------------------------------------------------------


--------------------------------------------------------------------------------
--- Intra-ligand clashes                                                     ---
--------------------------------------------------------------------------------

Ligand
--------------------------------------------------------------------------------

--------------------------------------------------------------------------------
--- Rescoring solution                                                       ---
--------------------------------------------------------------------------------

     Score         DG    S(hbond)    S(metal)    S(lipo)     H(rot)  DE(clash)    DE(int)
     15.96     -18.52       1.95        0.00      82.45       1.22       0.00       2.56

Doing AMOEBA simplex on best individual
Done simplexing #iterations 830, best score  16.91

     Score         DG    S(hbond)    S(metal)    S(lipo)     H(rot)  DE(clash)    DE(int)
     16.91     -19.63       2.00        0.00      90.63       1.22       0.21       2.50

--------------------------------------------------------------------------------
--- ChemScore breakdown of terms                                             ---
--------------------------------------------------------------------------------
DG = -5.4800 + -3.3400*S(hbond)
     + -6.0300*S(metal) + -0.1170*S(lipo) + 2.5600*H(rot)


H(rot) = 1.2222

Score = -(DG + DE(clash) + DE(int))


--------------------------------------------------------------------------------


--------------------------------------------------------------------------------
--- ChemScore analysis of protein-ligand interactions                        ---
--------------------------------------------------------------------------------

* Hydrogen bonds                                                                
Ligand donor   17 hydrogen   55 Protein acceptor 10747 bond energy  1.00 wt 1.00
Ligand donor   24 hydrogen   56 Protein acceptor 8028 bond energy  1.00 wt 1.00

CHEMSCORE EXTRA INTERACTIONS:

* Clashes                                                                       
Clash for ligand atom  18 (**** ):   0.07
Clash for ligand atom  22 (**** ):   0.13
--------------------------------------------------------------------------------


--------------------------------------------------------------------------------
--- Chromosome decoded                                                       ---
--------------------------------------------------------------------------------
Ligand Torsions
[   4    5    6    7] -179.77    matched torsion: aromatic amide
[   7    9   10   22]   55.98
[  20   14   13   12]   40.03
Protein Torsions
[6907 6896 6895 6894]  -24.87 
[7974 7965 7964 7962] -175.43 
[8008 7997 7996 7995]  -52.70 
[10167 10162 10161 10158]  -35.66 
[10718 10713 10712 10709]  177.34 
[10763 10752 10751 10750]   47.31 
[11005 11000 10999 10996] -167.53 
Mapping
Ligand acceptors to protein hydrogens (mapping then atom ids)
Ligand hydrogens to protein acceptors (mapping then atom ids)
  4  40 [ 55->10747]
  5  15 [ 56->8028]
Ligand shape atoms to protein points (mapping then atom ids & coords)
  2  8777 [  3->(152.000 142.250 158.750)]
  8  5191 [ 15->(146.750 132.250 151.750)]
Ligand N+ atoms to protein TRP (mapping then atom ids & coords)
Chromosome values
Integers:
  -1   -1   -1   -1   39   14   -1    5   -1 8776   -1   -1 
  -1   -1   -1 5190   -1   -1   -1   -1   -1   -1   -1 
--------------------------------------------------------------------------------

Current Ranking  1

--------------------------------------------------------------------------------

* GA execution time :                                                           
  total  0.6790 user  0.6790 sys  0.0000

--------------------------------------------------------------------------------
Fitness function evaluations: 68472

--------------------------------------------------------------------------------
** Docking run number  2 **
--------------------------------------------------------------------------------
  Rank fitness base is 5000.00 ; increment is 11.2233

* Initialising population(s) ...                                                
Number of constraints mappings 0
Number of constraints 0
  Population no.                           :      1
  Population size                          :    100
  Number of duplicates                     :      0
  Number of niche violations               :      0
  Number of errors                         :   3435

Number of constraints mappings 0
Number of constraints 0
  Population no.                           :      2
  Population size                          :    100
  Number of duplicates                     :      0
  Number of niche violations               :      0
  Number of errors                         :   3360

Number of constraints mappings 0
Number of constraints 0
  Population no.                           :      3
  Population size                          :    100
  Number of duplicates                     :      0
  Number of niche violations               :      0
  Number of errors                         :   3395


Doing GA, no. of population(s) 3 size 100 selection pressure 1.100000

 Operation      Score     S(PLP)   S(hbond)     S(cho)   S(metal)  DE(clash)   DE(tors)     intcor
         0      22.63     -16.49       3.19       0.00       0.00       0.00       1.73       0.05
       600      22.77     -22.16       1.00       0.00       0.00       0.00       1.22       0.05
       675      23.86     -17.38       2.39       0.00       0.00       0.00       0.36       0.05
       699      29.42     -26.18       1.76       0.00       0.00       0.14       0.98       0.05
       759      29.81     -26.52       1.92       0.00       0.00       0.14       1.19       0.05
      1491      29.98     -26.52       1.98       0.00       0.00       0.14       1.19       0.05
      2953      30.08     -26.26       1.89       0.00       0.00       0.00       0.95       0.05
      3184      31.32     -26.09       1.91       0.00       0.00       0.00       0.28       0.05
      4342      31.74     -26.45       1.93       0.00       0.00       0.00       0.27       0.05
      5812      33.19     -24.64       2.98       0.00       0.00       0.00       0.21       0.05
      7190      33.88     -25.42       2.96       0.00       0.00       0.00       0.23       0.05
      7397      34.39     -26.08       3.00       0.00       0.00       0.00       0.37       0.05
      9477      36.16     -26.70       4.14       0.00       0.00       1.79       0.61       0.05
      9564      37.99     -29.17       4.12       0.00       0.00       1.79       0.91       0.05
      9720      38.07     -29.83       4.10       0.00       0.00       1.79       1.16       0.05
     10971      41.29     -31.71       4.28       0.00       0.00       1.79       0.76       0.05
     12156      41.65     -31.47       4.27       0.00       0.00       1.17       0.75       0.05
     13047      41.74     -31.24       4.38       0.00       0.00       1.17       0.75       0.05
     15407      42.25     -30.84       4.26       0.00       0.00       0.00       0.71       0.05
     15533      43.11     -31.43       4.35       0.00       0.00       0.00       0.71       0.05
     17264      43.19     -31.46       4.37       0.00       0.00       0.00       0.71       0.05
     20868      43.20     -31.36       4.40       0.00       0.00       0.00       0.70       0.05
     29243      43.21     -31.22       4.39       0.00       0.00       0.00       0.61       0.05
     31838      43.33     -31.13       4.46       0.00       0.00       0.00       0.61       0.05
     31996      44.37     -32.37       4.46       0.00       0.00       0.00       0.71       0.05
--------------------------------------------------------------------------------
Best docking solution after GA:
     33500      44.37     -32.37       4.46       0.00       0.00       0.00       0.71       0.05

#ops:      33500 #mutates:  15854 #cross:    16015 #migrate:   1631 
#dups:      9974 #niche:    19361 #errors:    2530 
--------------------------------------------------------------------------------

Doing AMOEBA simplex on best individual
Done simplexing #iterations 654, best score  47.59

Ligand is stored in gold_soln_AV-procd_m10675_2.sdf


--------------------------------------------------------------------------------
--- CHEMPLP breakdown of terms                                               ---
--------------------------------------------------------------------------------
CHEMPLP = - ( 1.0000*S(PLP) + -3.0000*S(hbond) + -6.0000*S(metal) + -3.0000*S(cho) )

Score = CHEMPLP - 1.0000*DE(clash) - 2.0000*DE(tors)

Internal energy term has been corrected with the best internal energy encountered.

--------------------------------------------------------------------------------


     Score     S(PLP)   S(hbond)     S(cho)   S(metal)  DE(clash)   DE(tors)     intcor
     47.59     -34.54       4.84       0.00       0.00       0.01       0.75       0.05

--------------------------------------------------------------------------------
--- PLP analysis of protein-ligand interactions                              ---
--------------------------------------------------------------------------------
hydrogen bonding        :      -4.03
metal                   :       0.00
buried (polar-nonpolar) :      -1.12
nonpolar                :     -30.00
repulsive               :       0.77
--------------------------------------------------------------------------------


--------------------------------------------------------------------------------
--- ChemScore analysis of protein-ligand interactions                        ---
--------------------------------------------------------------------------------

* Hydrogen bonds                                                                
Ligand donor    6 hydrogen   30 Protein acceptor 10175 bond energy  1.00 wt 0.91
Ligand donor    9 hydrogen   31 Protein acceptor 10175 bond energy  1.00 wt 1.00
Ligand donor   17 hydrogen   55 Protein acceptor 10747 bond energy  1.00 wt 0.93
Ligand donor   24 hydrogen   56 Protein acceptor 8028 bond energy  1.00 wt 2.00


* CH..O interactions                                                            
  CH group selection                       : activated ring CH (adjacent to hetatom)

--------------------------------------------------------------------------------


--------------------------------------------------------------------------------
--- Intra-ligand clashes                                                     ---
--------------------------------------------------------------------------------

Ligand
 11 (**** ) -   8 (**** ):   0.01 (dist   2.75)
--------------------------------------------------------------------------------

--------------------------------------------------------------------------------
--- Rescoring solution                                                       ---
--------------------------------------------------------------------------------

     Score         DG    S(hbond)    S(metal)    S(lipo)     H(rot)  DE(clash)    DE(int)
     19.10     -25.41       3.36        0.00     101.26       1.22       2.71       3.60

Doing AMOEBA simplex on best individual
Done simplexing #iterations 891, best score  21.82

     Score         DG    S(hbond)    S(metal)    S(lipo)     H(rot)  DE(clash)    DE(int)
     21.82     -27.35       3.81        0.00     105.04       1.22       2.05       3.48

--------------------------------------------------------------------------------
--- ChemScore breakdown of terms                                             ---
--------------------------------------------------------------------------------
DG = -5.4800 + -3.3400*S(hbond)
     + -6.0300*S(metal) + -0.1170*S(lipo) + 2.5600*H(rot)


H(rot) = 1.2222

Score = -(DG + DE(clash) + DE(int))


--------------------------------------------------------------------------------


--------------------------------------------------------------------------------
--- ChemScore analysis of protein-ligand interactions                        ---
--------------------------------------------------------------------------------

* Hydrogen bonds                                                                
Ligand donor    6 hydrogen   30 Protein acceptor 10175 bond energy  1.00 wt 0.90
Ligand donor    9 hydrogen   31 Protein acceptor 10175 bond energy  1.00 wt 0.94
Ligand donor   17 hydrogen   55 Protein acceptor 10747 bond energy  1.00 wt 0.96
Ligand donor   24 hydrogen   56 Protein acceptor 8028 bond energy  1.00 wt 1.00

CHEMSCORE EXTRA INTERACTIONS:

* Clashes                                                                       
Clash for ligand atom   1 (**** ):   0.11
Clash for ligand atom   8 (**** ):   0.05
Clash for ligand atom  15 (**** ):   0.07
Clash for ligand atom  18 (**** ):   0.31
Clash for ligand atom  22 (**** ):   1.51
--------------------------------------------------------------------------------


--------------------------------------------------------------------------------
--- Chromosome decoded                                                       ---
--------------------------------------------------------------------------------
Ligand Torsions
[   4    5    6    7]    6.43    matched torsion: aromatic amide
[   7    9   10   22]  -82.79
[  20   14   13   12]   33.60
Protein Torsions
[6907 6896 6895 6894]  154.06 
[7974 7965 7964 7962] -144.55 
[8008 7997 7996 7995]  -91.75 
[10167 10162 10161 10158] -171.87 
[10718 10713 10712 10709]  -53.73 
[10763 10752 10751 10750]  166.21 
[11005 11000 10999 10996] -154.10 
Mapping
Ligand acceptors to protein hydrogens (mapping then atom ids)
Ligand hydrogens to protein acceptors (mapping then atom ids)
  2  24 [ 31->10175]
  4  40 [ 55->10747]
  5  15 [ 56->8028]
Ligand shape atoms to protein points (mapping then atom ids & coords)
  8  4207 [ 15->(145.750 132.750 150.500)]
  9  4473 [ 16->(146.000 132.250 151.250)]
 13  3111 [ 21->(144.750 134.250 150.750)]
 15  5785 [ 23->(147.250 141.500 155.000)]
Ligand N+ atoms to protein TRP (mapping then atom ids & coords)
Chromosome values
Integers:
  -1   -1   23   -1   39   14   -1    3   -1   -1   -1   -1 
  -1   -1   -1 4206 4472   -1   -1   -1 3110   -1 5784 
--------------------------------------------------------------------------------

Current Ranking  2  1

--------------------------------------------------------------------------------

* GA execution time :                                                           
  total  0.6700 user  0.6700 sys  0.0000

--------------------------------------------------------------------------------
Fitness function evaluations: 68152

--------------------------------------------------------------------------------
** Docking run number  3 **
--------------------------------------------------------------------------------
  Rank fitness base is 5000.00 ; increment is 11.2233

* Initialising population(s) ...                                                
Number of constraints mappings 0
Number of constraints 0
  Population no.                           :      1
  Population size                          :    100
  Number of duplicates                     :      0
  Number of niche violations               :      0
  Number of errors                         :   3405

Number of constraints mappings 0
Number of constraints 0
  Population no.                           :      2
  Population size                          :    100
  Number of duplicates                     :      0
  Number of niche violations               :      0
  Number of errors                         :   3503

Number of constraints mappings 0
Number of constraints 0
  Population no.                           :      3
  Population size                          :    100
  Number of duplicates                     :      0
  Number of niche violations               :      0
  Number of errors                         :   3324


Doing GA, no. of population(s) 3 size 100 selection pressure 1.100000

 Operation      Score     S(PLP)   S(hbond)     S(cho)   S(metal)  DE(clash)   DE(tors)     intcor
         0      20.49     -16.53       1.93       0.00       0.00       0.00       0.94       0.05
       187      29.68     -22.01       2.61       0.00       0.00       0.00       0.11       0.05
      2818      30.83     -26.32       2.39       0.00       0.00       0.00       1.35       0.05
      3901      32.32     -25.98       3.00       0.00       0.00       0.00       1.35       0.05
      4324      32.90     -26.97       3.00       0.00       0.00       0.00       1.56       0.05
      4748      34.31     -26.47       3.00       0.00       0.00       0.00       0.60       0.05
      4943      34.54     -26.69       3.00       0.00       0.00       0.00       0.60       0.05
      7309      34.65     -28.72       3.00       0.00       0.00       0.00       1.56       0.05
      7311      35.82     -32.26       2.21       0.00       0.00       0.00       1.56       0.05
     13493      36.21     -27.43       3.00       0.00       0.00       0.00       0.13       0.05
     14154      36.35     -32.83       2.28       0.00       0.00       0.14       1.61       0.05
     14768      36.82     -30.14       2.40       0.00       0.00       0.00       0.28       0.05
     15763      36.93     -28.46       3.00       0.00       0.00       0.00       0.29       0.05
     16683      37.17     -28.59       3.00       0.00       0.00       0.00       0.23       0.05
     16887      37.52     -28.82       3.19       0.00       0.00       0.00       0.45       0.05
     17757      38.63     -30.11       3.00       0.00       0.00       0.00       0.26       0.05
     19778      40.07     -31.24       3.49       0.00       0.00       0.00       0.84       0.05
     29063      40.34     -31.44       3.58       0.00       0.00       0.00       0.95       0.05
     31832      40.93     -30.82       3.99       0.00       0.00       0.00       0.95       0.05
--------------------------------------------------------------------------------
Best docking solution after GA:
     33500      40.93     -30.82       3.99       0.00       0.00       0.00       0.95       0.05

#ops:      33500 #mutates:  15718 #cross:    16005 #migrate:   1777 
#dups:     11598 #niche:    19710 #errors:    1711 
--------------------------------------------------------------------------------

Doing AMOEBA simplex on best individual
Done simplexing #iterations 714, best score  48.03

Ligand is stored in gold_soln_AV-procd_m10675_3.sdf


--------------------------------------------------------------------------------
--- CHEMPLP breakdown of terms                                               ---
--------------------------------------------------------------------------------
CHEMPLP = - ( 1.0000*S(PLP) + -3.0000*S(hbond) + -6.0000*S(metal) + -3.0000*S(cho) )

Score = CHEMPLP - 1.0000*DE(clash) - 2.0000*DE(tors)

Internal energy term has been corrected with the best internal energy encountered.

--------------------------------------------------------------------------------


     Score     S(PLP)   S(hbond)     S(cho)   S(metal)  DE(clash)   DE(tors)     intcor
     48.03     -35.10       4.82       0.00       0.00       0.00       0.79       0.05

--------------------------------------------------------------------------------
--- PLP analysis of protein-ligand interactions                              ---
--------------------------------------------------------------------------------
hydrogen bonding        :      -4.81
metal                   :       0.00
buried (polar-nonpolar) :       0.96
nonpolar                :     -32.44
repulsive               :       1.18
--------------------------------------------------------------------------------


--------------------------------------------------------------------------------
--- ChemScore analysis of protein-ligand interactions                        ---
--------------------------------------------------------------------------------

* Hydrogen bonds                                                                
Ligand donor    6 hydrogen   30 Protein acceptor 10175 bond energy  1.00 wt 0.98
Ligand donor    9 hydrogen   31 Protein acceptor 10175 bond energy  1.00 wt 1.00
Ligand donor   17 hydrogen   55 Protein acceptor 10747 bond energy  1.00 wt 0.85
Ligand donor   24 hydrogen   56 Protein acceptor 8028 bond energy  1.00 wt 2.00


* CH..O interactions                                                            
  CH group selection                       : activated ring CH (adjacent to hetatom)

--------------------------------------------------------------------------------


--------------------------------------------------------------------------------
--- Intra-ligand clashes                                                     ---
--------------------------------------------------------------------------------

Ligand
--------------------------------------------------------------------------------

--------------------------------------------------------------------------------
--- Rescoring solution                                                       ---
--------------------------------------------------------------------------------

     Score         DG    S(hbond)    S(metal)    S(lipo)     H(rot)  DE(clash)    DE(int)
      0.55     -22.26       1.97        0.00     113.87       1.22      17.90       3.81

Doing AMOEBA simplex on best individual
Done simplexing #iterations 949, best score  21.91

     Score         DG    S(hbond)    S(metal)    S(lipo)     H(rot)  DE(clash)    DE(int)
     21.91     -27.38       3.81        0.00     105.04       1.22       1.77       3.70

--------------------------------------------------------------------------------
--- ChemScore breakdown of terms                                             ---
--------------------------------------------------------------------------------
DG = -5.4800 + -3.3400*S(hbond)
     + -6.0300*S(metal) + -0.1170*S(lipo) + 2.5600*H(rot)


H(rot) = 1.2222

Score = -(DG + DE(clash) + DE(int))


--------------------------------------------------------------------------------


--------------------------------------------------------------------------------
--- ChemScore analysis of protein-ligand interactions                        ---
--------------------------------------------------------------------------------

* Hydrogen bonds                                                                
Ligand donor    6 hydrogen   30 Protein acceptor 10175 bond energy  1.00 wt 0.90
Ligand donor    9 hydrogen   31 Protein acceptor 10175 bond energy  1.00 wt 0.96
Ligand donor   17 hydrogen   55 Protein acceptor 10747 bond energy  1.00 wt 0.96
Ligand donor   24 hydrogen   56 Protein acceptor 8028 bond energy  1.00 wt 0.99

CHEMSCORE EXTRA INTERACTIONS:

* Clashes                                                                       
Clash for ligand atom   1 (**** ):   0.01
Clash for ligand atom   8 (**** ):   0.24
Clash for ligand atom  22 (**** ):   1.51
--------------------------------------------------------------------------------


--------------------------------------------------------------------------------
--- Chromosome decoded                                                       ---
--------------------------------------------------------------------------------
Ligand Torsions
[   4    5    6    7]   14.03    matched torsion: aromatic amide
[   7    9   10   22]  -82.65
[  20   14   13   12]   33.30
Protein Torsions
[6907 6896 6895 6894] -140.53 
[7974 7965 7964 7962]  -90.39 
[8008 7997 7996 7995]    4.04 
[10167 10162 10161 10158]   73.43 
[10718 10713 10712 10709]  -76.28 
[10763 10752 10751 10750]   10.64 
[11005 11000 10999 10996] -155.79 
Mapping
Ligand acceptors to protein hydrogens (mapping then atom ids)
Ligand hydrogens to protein acceptors (mapping then atom ids)
  4  40 [ 55->10747]
  5  15 [ 56->8028]
Ligand shape atoms to protein points (mapping then atom ids & coords)
  8  3883 [ 15->(145.500 132.250 149.250)]
  9  4740 [ 16->(146.250 132.250 151.750)]
 11  4674 [ 19->(146.250 130.250 152.250)]
Ligand N+ atoms to protein TRP (mapping then atom ids & coords)
Chromosome values
Integers:
  -1   -1   -1   -1   39   14   -1    7   -1   -1   -1   -1 
  -1   -1   -1 3882 4739   -1 4673   -1   -1   -1   -1 
--------------------------------------------------------------------------------

Current Ranking  3  2  1

--------------------------------------------------------------------------------

* GA execution time :                                                           
  total  0.7071 user  0.7071 sys  0.0000

--------------------------------------------------------------------------------
Fitness function evaluations: 68174

--------------------------------------------------------------------------------
** Docking run number  4 **
--------------------------------------------------------------------------------
  Rank fitness base is 5000.00 ; increment is 11.2233

* Initialising population(s) ...                                                
Number of constraints mappings 0
Number of constraints 0
  Population no.                           :      1
  Population size                          :    100
  Number of duplicates                     :      0
  Number of niche violations               :      0
  Number of errors                         :   3345

Number of constraints mappings 0
Number of constraints 0
  Population no.                           :      2
  Population size                          :    100
  Number of duplicates                     :      0
  Number of niche violations               :      0
  Number of errors                         :   3408

Number of constraints mappings 0
Number of constraints 0
  Population no.                           :      3
  Population size                          :    100
  Number of duplicates                     :      0
  Number of niche violations               :      0
  Number of errors                         :   3479


Doing GA, no. of population(s) 3 size 100 selection pressure 1.100000

 Operation      Score     S(PLP)   S(hbond)     S(cho)   S(metal)  DE(clash)   DE(tors)     intcor
         0      21.44     -27.06       1.59       0.00       0.00       8.94       0.75       0.05
       558      21.61     -22.53       0.37       0.00       0.00       0.00       1.04       0.05
      1044      24.19     -25.13       0.68       0.00       0.00       0.00       1.51       0.05
      1711      27.77     -25.99       1.00       0.00       0.00       0.00       0.63       0.05
      2727      30.93     -27.47       1.92       0.00       0.00       0.00       1.17       0.05
      2745      30.93     -27.47       1.92       0.00       0.00       0.00       1.17       0.05
      3954      32.63     -26.96       2.41       0.00       0.00       0.00       0.80       0.05
      5491      32.66     -26.80       2.47       0.00       0.00       0.00       0.80       0.05
      5731      33.62     -26.07       3.00       0.00       0.00       0.00       0.75       0.05
      5938      35.26     -26.96       3.00       0.00       0.00       0.00       0.37       0.05
      7408      35.48     -27.52       3.00       0.00       0.00       0.00       0.54       0.05
      7669      35.93     -27.96       3.00       0.00       0.00       0.00       0.54       0.05
      8171      36.46     -29.17       2.76       0.00       0.00       0.00       0.51       0.05
      8597      38.05     -28.50       3.28       0.00       0.00       0.00       0.17       0.05
      9242      38.20     -28.90       3.22       0.00       0.00       0.00       0.20       0.05
      9719      38.61     -29.35       3.17       0.00       0.00       0.00       0.15       0.05
     11857      38.61     -30.06       2.98       0.00       0.00       0.00       0.22       0.05
     11893      38.97     -30.37       3.00       0.00       0.00       0.00       0.22       0.05
     12736      39.51     -31.18       3.00       0.00       0.00       0.00       0.36       0.05
     13586      39.55     -31.75       3.00       0.00       0.00       0.00       0.62       0.05
     16358      39.65     -31.82       3.00       0.00       0.00       0.00       0.61       0.05
     25456      40.80     -30.04       4.63       0.00       0.00       0.23       1.47       0.05
     27853      40.98     -27.64       4.65       0.00       0.00       0.00       0.33       0.05
     29398      41.24     -30.66       4.58       0.00       0.00       0.23       1.49       0.05
     31361      41.28     -30.49       4.66       0.00       0.00       0.23       1.51       0.05
     31862      41.73     -30.61       4.66       0.00       0.00       0.00       1.46       0.05
     33019      41.75     -30.80       4.60       0.00       0.00       0.00       1.45       0.05
     33149      41.75     -30.97       4.53       0.00       0.00       0.00       1.44       0.05
     33451      41.90     -30.79       4.63       0.00       0.00       0.00       1.41       0.05
--------------------------------------------------------------------------------
Best docking solution after GA:
     33500      41.90     -30.79       4.63       0.00       0.00       0.00       1.41       0.05

#ops:      33500 #mutates:  15913 #cross:    15885 #migrate:   1702 
#dups:      8929 #niche:    19597 #errors:    2254 
--------------------------------------------------------------------------------

Doing AMOEBA simplex on best individual
Done simplexing #iterations 899, best score  44.11

Ligand is stored in gold_soln_AV-procd_m10675_4.sdf


--------------------------------------------------------------------------------
--- CHEMPLP breakdown of terms                                               ---
--------------------------------------------------------------------------------
CHEMPLP = - ( 1.0000*S(PLP) + -3.0000*S(hbond) + -6.0000*S(metal) + -3.0000*S(cho) )

Score = CHEMPLP - 1.0000*DE(clash) - 2.0000*DE(tors)

Internal energy term has been corrected with the best internal energy encountered.

--------------------------------------------------------------------------------


     Score     S(PLP)   S(hbond)     S(cho)   S(metal)  DE(clash)   DE(tors)     intcor
     44.11     -33.14       4.62       0.00       0.00       0.00       1.46       0.05

--------------------------------------------------------------------------------
--- PLP analysis of protein-ligand interactions                              ---
--------------------------------------------------------------------------------
hydrogen bonding        :      -4.91
metal                   :       0.00
buried (polar-nonpolar) :       1.71
nonpolar                :     -30.42
repulsive               :       0.79
--------------------------------------------------------------------------------


--------------------------------------------------------------------------------
--- ChemScore analysis of protein-ligand interactions                        ---
--------------------------------------------------------------------------------

* Hydrogen bonds                                                                
Ligand donor    6 hydrogen   30 Protein acceptor 10175 bond energy  1.00 wt 0.91
Ligand donor    9 hydrogen   31 Protein acceptor 10175 bond energy  1.00 wt 1.00
Ligand donor   17 hydrogen   55 Protein acceptor 10747 bond energy  1.00 wt 0.70
Ligand donor   24 hydrogen   56 Protein acceptor 8028 bond energy  1.00 wt 2.00


* CH..O interactions                                                            
  CH group selection                       : activated ring CH (adjacent to hetatom)

--------------------------------------------------------------------------------


--------------------------------------------------------------------------------
--- Intra-ligand clashes                                                     ---
--------------------------------------------------------------------------------

Ligand
--------------------------------------------------------------------------------

--------------------------------------------------------------------------------
--- Rescoring solution                                                       ---
--------------------------------------------------------------------------------

     Score         DG    S(hbond)    S(metal)    S(lipo)     H(rot)  DE(clash)    DE(int)
     16.87     -25.93       3.44        0.00     103.40       1.22       4.28       4.78

Doing AMOEBA simplex on best individual
Done simplexing #iterations 759, best score  18.99

     Score         DG    S(hbond)    S(metal)    S(lipo)     H(rot)  DE(clash)    DE(int)
     18.99     -26.93       3.65        0.00     105.97       1.22       3.12       4.82

--------------------------------------------------------------------------------
--- ChemScore breakdown of terms                                             ---
--------------------------------------------------------------------------------
DG = -5.4800 + -3.3400*S(hbond)
     + -6.0300*S(metal) + -0.1170*S(lipo) + 2.5600*H(rot)


H(rot) = 1.2222

Score = -(DG + DE(clash) + DE(int))


--------------------------------------------------------------------------------


--------------------------------------------------------------------------------
--- ChemScore analysis of protein-ligand interactions                        ---
--------------------------------------------------------------------------------

* Hydrogen bonds                                                                
Ligand donor    6 hydrogen   30 Protein acceptor 10175 bond energy  1.00 wt 0.93
Ligand donor    9 hydrogen   31 Protein acceptor 10175 bond energy  1.00 wt 0.98
Ligand donor   17 hydrogen   55 Protein acceptor 10747 bond energy  1.00 wt 0.79
Ligand donor   24 hydrogen   56 Protein acceptor 8028 bond energy  1.00 wt 0.94

CHEMSCORE EXTRA INTERACTIONS:

* Clashes                                                                       
Clash for ligand atom   1 (**** ):   0.01
Clash for ligand atom  10 (**** ):   0.05
Clash for ligand atom  12 (**** ):   0.03
Clash for ligand atom  16 (**** ):   0.05
Clash for ligand atom  18 (**** ):   2.35
Clash for ligand atom  22 (**** ):   0.63
--------------------------------------------------------------------------------


--------------------------------------------------------------------------------
--- Chromosome decoded                                                       ---
--------------------------------------------------------------------------------
Ligand Torsions
[   4    5    6    7]   18.51    matched torsion: aromatic amide
[   7    9   10   22]  -65.59
[  20   14   13   12]  104.51
Protein Torsions
[6907 6896 6895 6894]  -53.76 
[7974 7965 7964 7962]  -78.70 
[8008 7997 7996 7995]  -26.96 
[10167 10162 10161 10158]   98.83 
[10718 10713 10712 10709]  129.58 
[10763 10752 10751 10750]   13.74 
[11005 11000 10999 10996]   33.96 
Mapping
Ligand acceptors to protein hydrogens (mapping then atom ids)
Ligand hydrogens to protein acceptors (mapping then atom ids)
  4  40 [ 55->10747]
  5  15 [ 56->8028]
Ligand shape atoms to protein points (mapping then atom ids & coords)
  1  7137 [  1->(150.250 141.750 157.000)]
  8  5433 [ 15->(147.000 132.500 152.250)]
  9  5201 [ 16->(146.750 132.750 152.000)]
 11  3040 [ 19->(144.750 132.250 151.250)]
 12  4728 [ 20->(146.250 132.000 151.750)]
Ligand N+ atoms to protein TRP (mapping then atom ids & coords)
Chromosome values
Integers:
  -1   -1   -1   -1   39   14   -1    7 7136   -1   -1   -1 
  -1   -1   -1 5432 5200   -1 3039 4727   -1   -1   -1 
--------------------------------------------------------------------------------

Current Ranking  3  2  4  1

Top  3 (of  4) solutions are within 1.500 RMSD, finishing docking /DATA2/COVID-19/PDBs_&_Models/AV-procd.sdf.


--------------------------------------------------------------------------------

* GA execution time :                                                           
  total  0.6962 user  0.6962 sys  0.0000

--------------------------------------------------------------------------------
Fitness function evaluations: 68508

--------------------------------------------------------------------------------
--- Ranking analysis                                                         ---
--------------------------------------------------------------------------------


* Final ranked order of GA solutions:                                           
   3  2  4  1 

  _______________________________
  RMSD Matrix of RANKED solutions

        2    3    4  

   1 :  0.2  1.1  3.6
   2 :       1.1  3.5
   3 :            3.7

  Clustering method                        : complete linkage
  Structure ids in cluster table           : rank nos.
  Ordering of clusters and their members   : by rank (order if from rms_analysis)

  Distance | Clusters
   0.22    |  1  2 |  3 |  4 |
   1.12    |  1  2  3 |  4 |
   3.69    |  1  2  3  4 |
  Finished Docking Ligand                  : /DATA2/COVID-19/PDBs_&_Models/AV-procd.sdf
--------------------------------------------------------------------------------

  Relative_Ligand_Energy (best encountered) :   0.045
  Relative_Ligand_Energy: fitness values have been corrected using this amount
