
--------------------------------------------------------------------------------
--- Ligand                                                                   ---
--------------------------------------------------------------------------------
  Ligand loaded from file                  : /DATA2/COVID-19/PDBs_&_Models/AV-procd.sdf
  Ligand name                              :  
  "AV-unprocessed.smi:3190                                                  "

--------------------------------------------------------------------------------
  N.plc donors                             : 
  none found

  Acidic nitrogen acceptors                : 
  none found
  Sulfur acceptors                         :
  none found


  Donor atoms                              :      1
  11  
  Acceptor atoms                           :      4
  1   4   14  17  

  Hydrogens                                :  (n = 1)
  31   

  Lone pairs added to molecule             :      6
  Numbering                                : from 35 to 40
  Choline groups                           : 
   

--------------------------------------------------------------------------------
--- Postprocessing of typing                                                 ---
--------------------------------------------------------------------------------
  Fragment file                            : /home/scv26/CCDC/Discovery_2020/GOLD/gold/rotatable_bond_override.mol2
  acylurea fragment                        : no matches
  thioacylthiourea fragment                : no matches
  acylthiourea fragment                    : no matches
  thioacylurea fragment                    : no matches
  diarylamine fragment >C.ar-NH-C.ar<      : no matches
  sec-amine (1) fragment                   : no matches
  sec-amine (2) fragment                   : no matches
  sec-amine (3) fragment                   : no matches
  carboxylic ester                         : no matches

* Rotatable bonds in /DATA2/COVID-19/PDBs  :
  [   2    3] [   3    4] [   4    5] [  11   12] 
  No. of rotatable bonds                   :      4


* Fragments found in /DATA2/COVID-19/PDBs  :


* Checking torsion distributions:                                               
  Rotatable bond [13 12 11  2] matches torsion: aromatic amide
   C.ar ( 1H ) | C.ar | N.am ( 1H ) | C.2 ( O.2 ) 
  No. of matched torsions                  :      1

--------------------------------------------------------------------------------
--- Shape fitting atoms selection (hydrophobic atoms)                        ---
--------------------------------------------------------------------------------
  Molecule                                 : /DATA2/COVID-19/PDBs_&_Models/AV-procd.sdf
  Selection                                : carbons only
  Atom numbers                             :  (n = 10)
  3    5    6    7    8    9    10   13   15   16   
  


--------------------------------------------------------------------------------
--- ChemScore ligand setup summary                                           ---
--------------------------------------------------------------------------------
  ChemScore ligand acceptors               :      4
  1 4 14 17 
  ChemScore ligand donors                  :      1
  11 ( 31  ) 
  ChemScore ligand CH donors               :      3
  13 ( 32 ) 15 ( 33 ) 16 ( 34 ) 

  ChemScore ligand lipophilic atoms        :  (n = 10)
  3    5    6    7    8    9    10   13   15   16   
  

  ChemScore ligand rotatable bonds         :      4
  2   (****) - 3   (****): SP3_SP2_BOND
  3   (****) - 4   (****): SP3_SP3_BOND
  4   (****) - 5   (****): SP3_SP3_BOND
  11  (****) - 12  (****): SP2_SP2_BOND

--------------------------------------------------------------------------------
--- PLP ligand setup summary                                                 ---
--------------------------------------------------------------------------------
    1  ****   O.2 ACCEPTOR
    2  ****   C.2 NONPOLAR
    3  ****   C.3 NONPOLAR
    4  ****   O.3 ACCEPTOR
    5  ****   C.3 NONPOLAR
    6  ****   C.3 NONPOLAR
    7  ****   C.3 NONPOLAR
    8  ****   C.3 NONPOLAR
    9  ****   C.3 NONPOLAR
   10  ****   C.3 NONPOLAR
   11  ****  N.am DONOR
   12  ****  C.ar NONPOLAR
   13  ****  C.ar NONPOLAR
   14  ****  N.ar ACCEPTOR
   15  ****  C.ar NONPOLAR
   16  ****  C.ar NONPOLAR
   17  ****  N.ar ACCEPTOR


--------------------------------------------------------------------------------
--- Automatic parameter setting                                              ---
--------------------------------------------------------------------------------
  Contribution base                        :   2500
  Contribution per rotatable bond          :   6000
  Contribution per df                      :   4000
  Contribution per water                   :  10000
  Ligand rotatable bonds                   :      4
  Protein flexible side chain bonds        :      0
  Total rotatable bonds                    :      4
  Hydrophobic vol ratio (P/L)              :   2.307
  Base multiplier (polar)                  :   1.000
  Base multiplier (apolar)                 :   4.614
  Base contribution                        : 12500.000
  Fitting points                           :      5
  Estimated maxops needed (optimal)        :  37000

--------------------------------------------------------------------------------

* Population settings                                                           
  maxops                                   :  37000
  popsiz                                   :    100
  select_pressure                          :   1.100
  n_islands                                :      3
  niche_siz                                :      2

* GA settings                                                                   
  pt_crosswt                               :     95
  allele_mutatewt                          :     95
  migratewt                                :     10

* Search settings                                                               
  start_vdw_linear_cutoff                  :   4.000
  initial_virtual_pt_match_max             :   3.000

--------------------------------------------------------------------------------

* Ligand initialisation time :                                                  
  total  0.0056 user  0.0056 sys  0.0000

--------------------------------------------------------------------------------

--------------------------------------------------------------------------------
** Docking run number  1 **
--------------------------------------------------------------------------------
  Rank fitness base is 5000.00 ; increment is 11.2233

* Initialising population(s) ...                                                
Number of constraints mappings 0
Number of constraints 0
  Population no.                           :      1
  Population size                          :    100
  Number of duplicates                     :      0
  Number of niche violations               :      0
  Number of errors                         :   6153

Number of constraints mappings 0
Number of constraints 0
  Population no.                           :      2
  Population size                          :    100
  Number of duplicates                     :      0
  Number of niche violations               :      0
  Number of errors                         :   5994

Number of constraints mappings 0
Number of constraints 0
  Population no.                           :      3
  Population size                          :    100
  Number of duplicates                     :      0
  Number of niche violations               :      0
  Number of errors                         :   5842


Doing GA, no. of population(s) 3 size 100 selection pressure 1.100000

 Operation      Score     S(PLP)   S(hbond)     S(cho)   S(metal)  DE(clash)   DE(tors)     intcor
         0      25.80     -19.46       1.72       1.00       0.00       1.56       0.24       0.06
       182      25.94     -19.64       1.76       1.00       0.00       1.56       0.25       0.06
      2270      27.43     -20.11       1.71       1.00       0.00       0.00       0.43       0.06
      4230      27.73     -22.61       1.00       1.00       0.00       0.00       0.47       0.06
      4425      29.93     -23.13       1.00       1.45       0.00       0.00       0.31       0.06
      5997      31.32     -31.00       0.25       0.12       0.00       0.63       0.11       0.06
      6855      31.37     -29.91       0.00       0.81       0.00       0.00       0.52       0.06
      7151      34.46     -31.44       0.00       1.07       0.00       0.00       0.13       0.06
      9896      35.83     -31.29       0.00       1.70       0.00       0.00       0.32       0.06
     11373      35.91     -31.27       0.00       1.73       0.00       0.00       0.31       0.06
     12152      36.04     -31.42       0.00       1.72       0.00       0.00       0.29       0.06
     12731      36.12     -30.70       0.00       2.05       0.00       0.00       0.40       0.06
     14468      37.22     -31.96       0.00       2.00       0.00       0.00       0.40       0.06
     18594      41.03     -34.48       0.83       1.81       0.00       0.00       0.73       0.06
     20206      41.62     -34.82       0.85       1.90       0.00       0.00       0.75       0.06
     25869      42.20     -36.53       1.22       1.27       0.00       0.00       0.93       0.06
     34627      42.47     -35.06       0.80       2.22       0.00       0.00       0.84       0.02
     35566      42.53     -37.35       0.69       1.57       0.00       0.00       0.80       0.02
     35936      42.72     -36.97       1.09       1.50       0.00       0.00       1.03       0.02
     36329      42.87     -37.36       0.99       1.41       0.00       0.00       0.85       0.02
     36386      43.12     -36.89       1.18       1.51       0.00       0.00       0.93       0.02
     36911      43.13     -36.83       1.20       1.52       0.00       0.00       0.94       0.02
--------------------------------------------------------------------------------
Best docking solution after GA:
     37000      43.13     -36.83       1.20       1.52       0.00       0.00       0.94       0.02

#ops:      37000 #mutates:  17584 #cross:    17594 #migrate:   1822 
#dups:      9271 #niche:    17023 #errors:    1868 
--------------------------------------------------------------------------------

Doing AMOEBA simplex on best individual
Done simplexing #iterations 826, best score  45.87

Ligand is stored in gold_soln_AV-procd_m12195_1.sdf


--------------------------------------------------------------------------------
--- CHEMPLP breakdown of terms                                               ---
--------------------------------------------------------------------------------
CHEMPLP = - ( 1.0000*S(PLP) + -3.0000*S(hbond) + -6.0000*S(metal) + -3.0000*S(cho) )

Score = CHEMPLP - 1.0000*DE(clash) - 2.0000*DE(tors)

Internal energy term has been corrected with the best internal energy encountered.

--------------------------------------------------------------------------------


     Score     S(PLP)   S(hbond)     S(cho)   S(metal)  DE(clash)   DE(tors)     intcor
     45.87     -37.13       1.90       1.61       0.00       0.00       0.91       0.02

--------------------------------------------------------------------------------
--- PLP analysis of protein-ligand interactions                              ---
--------------------------------------------------------------------------------
hydrogen bonding        :      -2.00
metal                   :       0.00
buried (polar-nonpolar) :       0.87
nonpolar                :     -35.01
repulsive               :       0.56
--------------------------------------------------------------------------------


--------------------------------------------------------------------------------
--- ChemScore analysis of protein-ligand interactions                        ---
--------------------------------------------------------------------------------

* Hydrogen bonds                                                                
Ligand donor   11 hydrogen   31 Protein acceptor 8028 bond energy  1.00 wt 0.99
Protein donor 7989 hydrogen 7998 Ligand acceptor   17 bond energy  1.00 wt 0.91


* CH..O interactions                                                            
  CH group selection                       : activated ring CH (adjacent to hetatom)
Ligand carbon   13 hydrogen   32 Protein acceptor 8028 bond energy  1.00 wt 0.95
Ligand carbon   16 hydrogen   34 Protein acceptor 7948 bond energy  1.00 wt 0.66

--------------------------------------------------------------------------------


--------------------------------------------------------------------------------
--- Intra-ligand clashes                                                     ---
--------------------------------------------------------------------------------

Ligand
--------------------------------------------------------------------------------

--------------------------------------------------------------------------------
--- Rescoring solution                                                       ---
--------------------------------------------------------------------------------

     Score         DG    S(hbond)    S(metal)    S(lipo)     H(rot)  DE(clash)    DE(int)
     12.40     -16.43       0.97        0.00      99.14       1.52       2.23       1.79

Doing AMOEBA simplex on best individual
Done simplexing #iterations 770, best score  15.01

     Score         DG    S(hbond)    S(metal)    S(lipo)     H(rot)  DE(clash)    DE(int)
     15.01     -17.00       1.15        0.00      98.77       1.52       0.15       1.83

--------------------------------------------------------------------------------
--- ChemScore breakdown of terms                                             ---
--------------------------------------------------------------------------------
DG = -5.4800 + -3.3400*S(hbond)
     + -6.0300*S(metal) + -0.1170*S(lipo) + 2.5600*H(rot)


H(rot) = 1.5166

Score = -(DG + DE(clash) + DE(int))


--------------------------------------------------------------------------------


--------------------------------------------------------------------------------
--- ChemScore analysis of protein-ligand interactions                        ---
--------------------------------------------------------------------------------

* Hydrogen bonds                                                                
Ligand donor   11 hydrogen   31 Protein acceptor 8028 bond energy  1.00 wt 1.00
Protein donor 7989 hydrogen 7998 Ligand acceptor   17 bond energy  1.00 wt 0.15

CHEMSCORE EXTRA INTERACTIONS:

* Clashes                                                                       
Clash for ligand atom   9 (**** ):   0.13
Clash for ligand atom  16 (**** ):   0.01
--------------------------------------------------------------------------------


--------------------------------------------------------------------------------
--- Chromosome decoded                                                       ---
--------------------------------------------------------------------------------
Ligand Torsions
[   1    2    3    4]  -71.23
[   5    4    3    2]  124.58
[  10    5    4    3]  162.02
[  13   12   11    2]  143.64    matched torsion: aromatic amide
Protein Torsions
[6907 6896 6895 6894]   31.76 
[7974 7965 7964 7962]  -48.75 
[8008 7997 7996 7995] -156.80 
[10167 10162 10161 10158]   -8.59 
[10718 10713 10712 10709]   55.48 
[10763 10752 10751 10750] -104.03 
[11005 11000 10999 10996]  -24.10 
Mapping
Ligand acceptors to protein hydrogens (mapping then atom ids)
Ligand hydrogens to protein acceptors (mapping then atom ids)
Ligand shape atoms to protein points (mapping then atom ids & coords)
  2  9052 [  5->(152.250 143.000 160.250)]
  3  8250 [  6->(151.500 142.000 159.000)]
  4  9764 [  7->(154.000 141.000 160.750)]
  6  8663 [  9->(151.750 144.750 161.500)]
  8  6272 [ 13->(148.250 141.000 154.750)]
  9  6263 [ 15->(148.250 140.500 154.500)]
Chromosome values
Integers:
  -1   -1   -1   -1   -1   -1 9051 8249 9763   -1 8662   -1 
6271 6262   -1 
--------------------------------------------------------------------------------

Current Ranking  1

--------------------------------------------------------------------------------

* GA execution time :                                                           
  total  0.7086 user  0.7086 sys  0.0000

--------------------------------------------------------------------------------
Fitness function evaluations: 80968

--------------------------------------------------------------------------------
** Docking run number  2 **
--------------------------------------------------------------------------------
  Rank fitness base is 5000.00 ; increment is 11.2233

* Initialising population(s) ...                                                
Number of constraints mappings 0
Number of constraints 0
  Population no.                           :      1
  Population size                          :    100
  Number of duplicates                     :      0
  Number of niche violations               :      0
  Number of errors                         :   5544

Number of constraints mappings 0
Number of constraints 0
  Population no.                           :      2
  Population size                          :    100
  Number of duplicates                     :      0
  Number of niche violations               :      0
  Number of errors                         :   6158

Number of constraints mappings 0
Number of constraints 0
  Population no.                           :      3
  Population size                          :    100
  Number of duplicates                     :      0
  Number of niche violations               :      0
  Number of errors                         :   6158


Doing GA, no. of population(s) 3 size 100 selection pressure 1.100000

 Operation      Score     S(PLP)   S(hbond)     S(cho)   S(metal)  DE(clash)   DE(tors)     intcor
         0      21.97     -20.36       0.78       0.11       0.00       0.00       0.55       0.02
       379      23.02     -21.01       1.00       0.00       0.00       0.00       0.51       0.02
       785      23.39     -16.48       1.68       1.57       0.00       0.33       1.26       0.02
       909      23.64     -22.07       1.00       0.00       0.00       0.00       0.72       0.02
       973      24.01     -21.80       0.73       0.47       0.00       0.00       0.71       0.02
      1188      25.64     -24.07       1.00       0.00       0.00       0.00       0.72       0.02
      3301      25.82     -25.96       0.00       0.60       0.00       0.00       0.98       0.02
      3509      27.23     -24.37       0.00       1.00       0.00       0.00       0.08       0.02
      4039      32.23     -26.46       1.00       1.14       0.00       0.00       0.33       0.01
      5176      32.84     -27.23       0.48       1.60       0.00       0.00       0.33       0.01
      5228      34.87     -29.78       0.65       1.38       0.00       0.14       0.44       0.01
      6296      35.08     -30.42       0.57       1.32       0.00       0.14       0.44       0.01
      7985      42.84     -32.75       1.00       2.45       0.00       0.00       0.14       0.01
     21813      43.01     -33.17       1.00       2.40       0.00       0.00       0.19       0.01
     22584      43.27     -33.12       1.00       2.50       0.00       0.00       0.19       0.01
     24309      43.57     -31.83       1.18       2.81       0.00       0.00       0.12       0.01
     27064      44.05     -33.64       1.00       2.51       0.00       0.00       0.07       0.01
     30250      44.08     -33.55       1.00       2.56       0.00       0.00       0.08       0.01
     35281      45.06     -32.44       1.69       2.59       0.00       0.00       0.11       0.01
     35522      45.30     -33.62       1.81       2.12       0.00       0.00       0.05       0.01
--------------------------------------------------------------------------------
Best docking solution after GA:
     37000      45.30     -33.62       1.81       2.12       0.00       0.00       0.05       0.01

#ops:      37000 #mutates:  17556 #cross:    17627 #migrate:   1817 
#dups:      7678 #niche:    17334 #errors:    2526 
--------------------------------------------------------------------------------

Doing AMOEBA simplex on best individual
Done simplexing #iterations 707, best score  49.29

Ligand is stored in gold_soln_AV-procd_m12195_2.sdf


--------------------------------------------------------------------------------
--- CHEMPLP breakdown of terms                                               ---
--------------------------------------------------------------------------------
CHEMPLP = - ( 1.0000*S(PLP) + -3.0000*S(hbond) + -6.0000*S(metal) + -3.0000*S(cho) )

Score = CHEMPLP - 1.0000*DE(clash) - 2.0000*DE(tors)

Internal energy term has been corrected with the best internal energy encountered.

--------------------------------------------------------------------------------


     Score     S(PLP)   S(hbond)     S(cho)   S(metal)  DE(clash)   DE(tors)     intcor
     49.29     -36.19       1.81       2.60       0.00       0.00       0.07       0.01

--------------------------------------------------------------------------------
--- PLP analysis of protein-ligand interactions                              ---
--------------------------------------------------------------------------------
hydrogen bonding        :      -2.00
metal                   :       0.00
buried (polar-nonpolar) :      -2.53
nonpolar                :     -31.05
repulsive               :       0.54
--------------------------------------------------------------------------------


--------------------------------------------------------------------------------
--- ChemScore analysis of protein-ligand interactions                        ---
--------------------------------------------------------------------------------

* Hydrogen bonds                                                                
Ligand donor   11 hydrogen   31 Protein acceptor 8028 bond energy  1.00 wt 1.00
Protein donor 7989 hydrogen 7998 Ligand acceptor    1 bond energy  1.00 wt 0.81


* CH..O interactions                                                            
  CH group selection                       : activated ring CH (adjacent to hetatom)
Ligand carbon   13 hydrogen   32 Protein acceptor 8028 bond energy  1.00 wt 1.00
Ligand carbon   15 hydrogen   33 Protein acceptor 10175 bond energy  1.00 wt 0.79
Ligand carbon   16 hydrogen   34 Protein acceptor 7948 bond energy  1.00 wt 0.81

--------------------------------------------------------------------------------


--------------------------------------------------------------------------------
--- Intra-ligand clashes                                                     ---
--------------------------------------------------------------------------------

Ligand
--------------------------------------------------------------------------------

--------------------------------------------------------------------------------
--- Rescoring solution                                                       ---
--------------------------------------------------------------------------------

     Score         DG    S(hbond)    S(metal)    S(lipo)     H(rot)  DE(clash)    DE(int)
     13.09     -17.62       1.22        0.00     102.09       1.52       3.22       1.31

Doing AMOEBA simplex on best individual
Done simplexing #iterations 553, best score  14.00

     Score         DG    S(hbond)    S(metal)    S(lipo)     H(rot)  DE(clash)    DE(int)
     14.00     -18.10       1.37        0.00     101.83       1.52       2.79       1.31

--------------------------------------------------------------------------------
--- ChemScore breakdown of terms                                             ---
--------------------------------------------------------------------------------
DG = -5.4800 + -3.3400*S(hbond)
     + -6.0300*S(metal) + -0.1170*S(lipo) + 2.5600*H(rot)


H(rot) = 1.5166

Score = -(DG + DE(clash) + DE(int))


--------------------------------------------------------------------------------


--------------------------------------------------------------------------------
--- ChemScore analysis of protein-ligand interactions                        ---
--------------------------------------------------------------------------------

* Hydrogen bonds                                                                
Ligand donor   11 hydrogen   31 Protein acceptor 8028 bond energy  1.00 wt 0.98
Protein donor 7989 hydrogen 7998 Ligand acceptor    1 bond energy  1.00 wt 0.39

CHEMSCORE EXTRA INTERACTIONS:

* Clashes                                                                       
Clash for ligand atom   2 (**** ):   0.13
Clash for ligand atom   3 (**** ):   1.22
Clash for ligand atom   8 (**** ):   0.06
Clash for ligand atom   9 (**** ):   0.01
Clash for ligand atom  14 (**** ):   0.26
Clash for ligand atom  15 (**** ):   0.06
Clash for ligand atom  16 (**** ):   1.01
Clash for ligand atom  17 (**** ):   0.05
--------------------------------------------------------------------------------


--------------------------------------------------------------------------------
--- Chromosome decoded                                                       ---
--------------------------------------------------------------------------------
Ligand Torsions
[   1    2    3    4]  -63.78
[   5    4    3    2] -177.70
[  10    5    4    3]   56.07
[  13   12   11    2] -166.25    matched torsion: aromatic amide
Protein Torsions
[6907 6896 6895 6894]   37.87 
[7974 7965 7964 7962]  -41.76 
[8008 7997 7996 7995]   81.24 
[10167 10162 10161 10158]  162.99 
[10718 10713 10712 10709]  -92.39 
[10763 10752 10751 10750]  115.87 
[11005 11000 10999 10996]   20.81 
Mapping
Ligand acceptors to protein hydrogens (mapping then atom ids)
Ligand hydrogens to protein acceptors (mapping then atom ids)
Ligand shape atoms to protein points (mapping then atom ids & coords)
  1  7778 [  3->(151.000 143.250 158.000)]
  3  9245 [  6->(152.500 142.750 160.250)]
  4  9474 [  7->(152.750 143.500 161.500)]
  5  8868 [  8->(152.000 144.000 159.500)]
  6  8622 [  9->(151.750 144.250 159.750)]
  9  6020 [ 15->(147.750 140.500 153.500)]
 10  5880 [ 16->(147.500 139.500 153.250)]
Chromosome values
Integers:
  -1   -1   -1   -1   -1 7777   -1 9244 9473 8867 8621   -1 
  -1 6019 5879 
--------------------------------------------------------------------------------

Current Ranking  2  1

--------------------------------------------------------------------------------

* GA execution time :                                                           
  total  0.7056 user  0.7056 sys  0.0000

--------------------------------------------------------------------------------
Fitness function evaluations: 81153

--------------------------------------------------------------------------------
** Docking run number  3 **
--------------------------------------------------------------------------------
  Rank fitness base is 5000.00 ; increment is 11.2233

* Initialising population(s) ...                                                
Number of constraints mappings 0
Number of constraints 0
  Population no.                           :      1
  Population size                          :    100
  Number of duplicates                     :      0
  Number of niche violations               :      0
  Number of errors                         :   6390

Number of constraints mappings 0
Number of constraints 0
  Population no.                           :      2
  Population size                          :    100
  Number of duplicates                     :      0
  Number of niche violations               :      0
  Number of errors                         :   6203

Number of constraints mappings 0
Number of constraints 0
  Population no.                           :      3
  Population size                          :    100
  Number of duplicates                     :      0
  Number of niche violations               :      0
  Number of errors                         :   5985


Doing GA, no. of population(s) 3 size 100 selection pressure 1.100000

 Operation      Score     S(PLP)   S(hbond)     S(cho)   S(metal)  DE(clash)   DE(tors)     intcor
         0      21.72     -21.22       0.00       0.76       0.00       0.00       0.90       0.01
       145      22.53     -23.49       0.00       0.00       0.00       0.00       0.48       0.01
       920      23.42     -23.35       0.00       0.78       0.00       0.00       1.14       0.01
      1091      24.73     -19.80       2.00       0.60       0.00       1.98       0.44       0.01
      1935      26.14     -20.72       0.12       1.83       0.00       0.00       0.22       0.01
      2504      29.92     -26.43       1.00       1.01       0.00       0.45       1.05       0.01
      2539      31.44     -27.94       0.70       1.00       0.00       0.59       0.51       0.01
      4369      31.87     -28.09       0.65       1.00       0.00       0.00       0.59       0.01
      4929      33.89     -28.14       0.00       2.06       0.00       0.00       0.22       0.01
      5165      35.24     -30.17       0.00       1.85       0.00       0.00       0.24       0.01
      5453      36.09     -28.29       1.00       1.93       0.00       0.00       0.51       0.01
      7317      36.62     -28.86       1.00       1.92       0.00       0.00       0.51       0.01
      8595      36.63     -28.85       1.00       1.92       0.00       0.00       0.50       0.01
      9459      36.67     -28.98       1.00       1.93       0.00       0.00       0.55       0.01
     11112      36.71     -29.02       1.00       1.93       0.00       0.00       0.55       0.01
     11463      36.71     -29.13       1.00       1.93       0.00       0.00       0.60       0.01
     11811      36.95     -29.61       1.00       1.92       0.00       0.00       0.72       0.01
     15586      37.11     -29.80       1.00       1.92       0.00       0.00       0.74       0.01
     16688      37.33     -29.95       1.00       1.92       0.00       0.00       0.69       0.01
     17764      37.51     -30.17       1.00       1.91       0.00       0.00       0.69       0.01
     20247      37.91     -30.29       0.00       2.74       0.00       0.00       0.30       0.01
     22008      37.95     -30.25       0.00       2.76       0.00       0.00       0.30       0.01
     25337      38.22     -31.08       0.00       2.58       0.00       0.00       0.30       0.01
     25983      38.30     -30.72       0.00       2.73       0.00       0.00       0.30       0.01
     28295      38.33     -29.99       0.00       3.00       0.00       0.00       0.34       0.01
     28970      38.44     -30.81       0.00       2.70       0.00       0.00       0.24       0.01
     29011      38.65     -30.90       0.00       2.78       0.00       0.00       0.29       0.01
     31011      38.69     -30.24       0.00       3.00       0.00       0.00       0.28       0.01
     31325      38.76     -31.64       0.00       2.58       0.00       0.00       0.31       0.01
     32906      38.77     -30.36       0.00       3.00       0.00       0.00       0.30       0.01
     32982      39.20     -31.63       0.00       2.72       0.00       0.00       0.29       0.01
     34131      39.41     -32.08       0.00       2.65       0.00       0.00       0.32       0.01
     34263      39.55     -32.08       0.00       2.70       0.00       0.00       0.32       0.01
     34443      39.95     -31.90       0.00       2.89       0.00       0.00       0.31       0.01
     35007      40.02     -32.06       0.00       2.84       0.00       0.00       0.29       0.01
     35454      40.08     -31.76       0.00       3.00       0.00       0.00       0.34       0.01
     36156      40.31     -32.32       0.00       2.80       0.00       0.00       0.21       0.01
     36612      40.32     -31.94       0.00       2.99       0.00       0.00       0.30       0.01
     36614      40.36     -32.91       0.00       2.65       0.00       0.00       0.25       0.01
     36704      40.68     -32.87       0.00       2.86       0.00       0.00       0.39       0.01
--------------------------------------------------------------------------------
Best docking solution after GA:
     37000      40.68     -32.87       0.00       2.86       0.00       0.00       0.39       0.01

#ops:      37000 #mutates:  17494 #cross:    17691 #migrate:   1815 
#dups:      8947 #niche:    18340 #errors:    1871 
--------------------------------------------------------------------------------

Doing AMOEBA simplex on best individual
Done simplexing #iterations 694, best score  43.05

Ligand is stored in gold_soln_AV-procd_m12195_3.sdf


--------------------------------------------------------------------------------
--- CHEMPLP breakdown of terms                                               ---
--------------------------------------------------------------------------------
CHEMPLP = - ( 1.0000*S(PLP) + -3.0000*S(hbond) + -6.0000*S(metal) + -3.0000*S(cho) )

Score = CHEMPLP - 1.0000*DE(clash) - 2.0000*DE(tors)

Internal energy term has been corrected with the best internal energy encountered.

--------------------------------------------------------------------------------


     Score     S(PLP)   S(hbond)     S(cho)   S(metal)  DE(clash)   DE(tors)     intcor
     43.05     -34.72       0.00       3.00       0.00       0.00       0.33       0.01

--------------------------------------------------------------------------------
--- PLP analysis of protein-ligand interactions                              ---
--------------------------------------------------------------------------------
hydrogen bonding        :       0.00
metal                   :       0.00
buried (polar-nonpolar) :      -4.80
nonpolar                :     -30.14
repulsive               :       0.54
--------------------------------------------------------------------------------


--------------------------------------------------------------------------------
--- ChemScore analysis of protein-ligand interactions                        ---
--------------------------------------------------------------------------------

* Hydrogen bonds                                                                


* CH..O interactions                                                            
  CH group selection                       : activated ring CH (adjacent to hetatom)
Ligand carbon   13 hydrogen   32 Protein acceptor 8028 bond energy  1.00 wt 1.00
Ligand carbon   15 hydrogen   33 Protein acceptor 10175 bond energy  1.00 wt 1.00
Ligand carbon   16 hydrogen   34 Protein acceptor 7948 bond energy  1.00 wt 1.00

--------------------------------------------------------------------------------


--------------------------------------------------------------------------------
--- Intra-ligand clashes                                                     ---
--------------------------------------------------------------------------------

Ligand
--------------------------------------------------------------------------------

--------------------------------------------------------------------------------
--- Rescoring solution                                                       ---
--------------------------------------------------------------------------------

     Score         DG    S(hbond)    S(metal)    S(lipo)     H(rot)  DE(clash)    DE(int)
     10.11     -12.75       0.00        0.00      95.32       1.52       1.05       1.59

Doing AMOEBA simplex on best individual
Done simplexing #iterations 553, best score  11.04

     Score         DG    S(hbond)    S(metal)    S(lipo)     H(rot)  DE(clash)    DE(int)
     11.04     -12.65       0.00        0.00      94.48       1.52       0.02       1.59

--------------------------------------------------------------------------------
--- ChemScore breakdown of terms                                             ---
--------------------------------------------------------------------------------
DG = -5.4800 + -3.3400*S(hbond)
     + -6.0300*S(metal) + -0.1170*S(lipo) + 2.5600*H(rot)


H(rot) = 1.5166

Score = -(DG + DE(clash) + DE(int))


--------------------------------------------------------------------------------


--------------------------------------------------------------------------------
--- ChemScore analysis of protein-ligand interactions                        ---
--------------------------------------------------------------------------------

* Hydrogen bonds                                                                

CHEMSCORE EXTRA INTERACTIONS:

* Clashes                                                                       
Clash for ligand atom   3 (**** ):   0.02
--------------------------------------------------------------------------------


--------------------------------------------------------------------------------
--- Chromosome decoded                                                       ---
--------------------------------------------------------------------------------
Ligand Torsions
[   1    2    3    4] -133.82
[   5    4    3    2]  163.56
[  10    5    4    3] -177.55
[  13   12   11    2]  159.78    matched torsion: aromatic amide
Protein Torsions
[6907 6896 6895 6894] -161.27 
[7974 7965 7964 7962]   11.48 
[8008 7997 7996 7995]  -98.93 
[10167 10162 10161 10158]   57.85 
[10718 10713 10712 10709]   87.62 
[10763 10752 10751 10750]   70.20 
[11005 11000 10999 10996]  -88.56 
Mapping
Ligand acceptors to protein hydrogens (mapping then atom ids)
Ligand hydrogens to protein acceptors (mapping then atom ids)
Ligand shape atoms to protein points (mapping then atom ids & coords)
  2  9241 [  5->(152.500 142.750 159.250)]
  3  9536 [  6->(153.000 142.000 160.250)]
  4  9578 [  7->(153.000 143.000 161.000)]
  5  8571 [  8->(151.750 143.500 160.500)]
  9  5533 [ 15->(147.000 139.500 153.750)]
 10  5885 [ 16->(147.500 139.750 153.250)]
Chromosome values
Integers:
  -1   -1   -1   -1   -1   -1 9240 9535 9577 8570   -1   -1 
  -1 5532 5884 
--------------------------------------------------------------------------------

Current Ranking  2  1  3

Top  3 (of  3) solutions are within 1.500 RMSD, finishing docking /DATA2/COVID-19/PDBs_&_Models/AV-procd.sdf.


--------------------------------------------------------------------------------

* GA execution time :                                                           
  total  0.7131 user  0.7131 sys  0.0000

--------------------------------------------------------------------------------
Fitness function evaluations: 81310

--------------------------------------------------------------------------------
--- Ranking analysis                                                         ---
--------------------------------------------------------------------------------


* Final ranked order of GA solutions:                                           
   2  1  3 

  _______________________________
  RMSD Matrix of RANKED solutions

        2    3  

   1 :  1.2  0.8
   2 :       1.2

  Clustering method                        : complete linkage
  Structure ids in cluster table           : rank nos.
  Ordering of clusters and their members   : by rank (order if from rms_analysis)

  Distance | Clusters
   0.76    |  1  3 |  2 |
   1.24    |  1  2  3 |
  Finished Docking Ligand                  : /DATA2/COVID-19/PDBs_&_Models/AV-procd.sdf
--------------------------------------------------------------------------------

  Relative_Ligand_Energy (best encountered) :   0.010
  Relative_Ligand_Energy: fitness values have been corrected using this amount
