
--------------------------------------------------------------------------------
--- Ligand                                                                   ---
--------------------------------------------------------------------------------
  Ligand loaded from file                  : /DATA2/COVID-19/PDBs_&_Models/AV-procd.sdf
  Ligand name                              :  
  "AV-unprocessed.smi:732                                                   "

--------------------------------------------------------------------------------
  N.plc donors                             : 
  none found

  Acidic nitrogen acceptors                : 
  none found
  Sulfur acceptors                         :
  none found


  Donor atoms                              :      2
  5   8   
  Acceptor atoms                           :      3
  7   16  17  

  Hydrogens                                :  (n = 2)
  22   23   

  Lone pairs added to molecule             :      5
  Numbering                                : from 35 to 39
  Choline groups                           : 
   

--------------------------------------------------------------------------------
--- Postprocessing of typing                                                 ---
--------------------------------------------------------------------------------
  Fragment file                            : /home/scv26/CCDC/Discovery_2020/GOLD/gold/rotatable_bond_override.mol2
  acylurea fragment                        : no matches
  thioacylthiourea fragment                : no matches
  acylthiourea fragment                    : no matches
  thioacylurea fragment                    : no matches
  diarylamine fragment >C.ar-NH-C.ar<      : no matches
  sec-amine (1) fragment                   : no matches
  sec-amine (2) fragment                   : no matches
  sec-amine (3) fragment                   : no matches
  carboxylic ester                         : no matches

* Rotatable bonds in /DATA2/COVID-19/PDBs  :
  [   4    5] [   8    9] 
  No. of rotatable bonds                   :      2


* Fragments found in /DATA2/COVID-19/PDBs  :


* Checking torsion distributions:                                               
  No. of matched torsions                  :      0

--------------------------------------------------------------------------------
--- Shape fitting atoms selection (hydrophobic atoms)                        ---
--------------------------------------------------------------------------------
  Molecule                                 : /DATA2/COVID-19/PDBs_&_Models/AV-procd.sdf
  Selection                                : carbons only
  Atom numbers                             :  (n = 9)
  1    3    9    10   11   12   13   14   15   


--------------------------------------------------------------------------------
--- ChemScore ligand setup summary                                           ---
--------------------------------------------------------------------------------
  ChemScore ligand acceptors               :      3
  7 16 17 
  ChemScore ligand donors                  :      2
  5 ( 22  ) 8 ( 23  ) 
  ChemScore ligand CH donors               :      0
  

  ChemScore ligand lipophilic atoms        :  (n = 10)
  1    2    3    9    10   11   12   13   14   15   
  

  ChemScore ligand rotatable bonds         :      2
  4   (****) - 5   (****): SP2_SP2_BOND
  8   (****) - 9   (****): SP3_SP2_BOND

--------------------------------------------------------------------------------
--- PLP ligand setup summary                                                 ---
--------------------------------------------------------------------------------
    1  ****   C.3 NONPOLAR
    2  ****   C.2 NONPOLAR
    3  ****   C.2 NONPOLAR
    4  ****   C.2 NONPOLAR
    5  ****  N.am DONOR
    6  ****   C.2 NONPOLAR
    7  ****   O.2 ACCEPTOR
    8  ****  N.am DONOR
    9  ****   C.3 NONPOLAR
   10  ****   C.3 NONPOLAR
   11  ****   C.3 NONPOLAR
   12  ****   C.3 NONPOLAR
   13  ****   C.3 NONPOLAR
   14  ****   C.3 NONPOLAR
   15  ****   C.3 NONPOLAR
   16  ****   N.2 ACCEPTOR
   17  ****   O.3 ACCEPTOR


--------------------------------------------------------------------------------
--- Automatic parameter setting                                              ---
--------------------------------------------------------------------------------
  Contribution base                        :   2500
  Contribution per rotatable bond          :   6000
  Contribution per df                      :   4000
  Contribution per water                   :  10000
  Ligand rotatable bonds                   :      2
  Protein flexible side chain bonds        :      0
  Total rotatable bonds                    :      2
  Hydrophobic vol ratio (P/L)              :   2.563
  Base multiplier (polar)                  :   1.000
  Base multiplier (apolar)                 :   4.614
  Base contribution                        : 12500.000
  Fitting points                           :      5
  Estimated maxops needed (optimal)        :  25000

--------------------------------------------------------------------------------

* Population settings                                                           
  maxops                                   :  25000
  popsiz                                   :    100
  select_pressure                          :   1.100
  n_islands                                :      2
  niche_siz                                :      2

* GA settings                                                                   
  pt_crosswt                               :     95
  allele_mutatewt                          :     95
  migratewt                                :     10

* Search settings                                                               
  start_vdw_linear_cutoff                  :   4.000
  initial_virtual_pt_match_max             :   3.000

--------------------------------------------------------------------------------

* Ligand initialisation time :                                                  
  total  0.0056 user  0.0056 sys  0.0000

--------------------------------------------------------------------------------

--------------------------------------------------------------------------------
** Docking run number  1 **
--------------------------------------------------------------------------------
  Rank fitness base is 5000.00 ; increment is 11.2233

* Initialising population(s) ...                                                
Number of constraints mappings 0
Number of constraints 0
  Population no.                           :      1
  Population size                          :    100
  Number of duplicates                     :      0
  Number of niche violations               :      0
  Number of errors                         :   6351

Number of constraints mappings 0
Number of constraints 0
  Population no.                           :      2
  Population size                          :    100
  Number of duplicates                     :      0
  Number of niche violations               :      0
  Number of errors                         :   6216


Doing GA, no. of population(s) 2 size 100 selection pressure 1.100000

 Operation      Score     S(PLP)   S(hbond)     S(cho)   S(metal)  DE(clash)   DE(tors)     intcor
         0      38.37     -34.76       2.00       0.00       0.00       1.64       0.39       0.03
      2686      39.79     -34.16       2.00       0.00       0.00       0.00       0.20       0.03
      4262      40.01     -35.14       1.73       0.00       0.00       0.00       0.18       0.03
      4484      41.02     -33.49       2.84       0.00       0.00       0.00       0.52       0.03
      6644      41.93     -35.15       2.59       0.00       0.00       0.00       0.52       0.03
      7450      43.30     -35.30       3.00       0.00       0.00       0.00       0.52       0.03
      8433      43.36     -36.24       2.59       0.00       0.00       0.00       0.33       0.03
     12110      44.75     -37.19       2.73       0.00       0.00       0.00       0.33       0.03
     13454      44.81     -36.46       2.99       0.00       0.00       0.00       0.33       0.03
     14742      44.84     -37.29       2.71       0.00       0.00       0.00       0.31       0.03
     15062      44.89     -36.49       3.00       0.00       0.00       0.00       0.31       0.03
     15277      45.19     -36.78       2.99       0.00       0.00       0.00       0.30       0.03
     15388      45.42     -37.07       2.99       0.00       0.00       0.00       0.33       0.03
     16100      45.58     -37.15       3.00       0.00       0.00       0.00       0.30       0.03
     24879      45.66     -37.22       3.00       0.00       0.00       0.00       0.30       0.03
--------------------------------------------------------------------------------
Best docking solution after GA:
     25000      45.66     -37.22       3.00       0.00       0.00       0.00       0.30       0.03

#ops:      25000 #mutates:  11786 #cross:    11978 #migrate:   1236 
#dups:      5195 #niche:    12142 #errors:    2528 
--------------------------------------------------------------------------------

Doing AMOEBA simplex on best individual
Done simplexing #iterations 424, best score  46.52

Ligand is stored in gold_soln_AV-procd_m3527_1.sdf


--------------------------------------------------------------------------------
--- CHEMPLP breakdown of terms                                               ---
--------------------------------------------------------------------------------
CHEMPLP = - ( 1.0000*S(PLP) + -3.0000*S(hbond) + -6.0000*S(metal) + -3.0000*S(cho) )

Score = CHEMPLP - 1.0000*DE(clash) - 2.0000*DE(tors)

Internal energy term has been corrected with the best internal energy encountered.

--------------------------------------------------------------------------------


     Score     S(PLP)   S(hbond)     S(cho)   S(metal)  DE(clash)   DE(tors)     intcor
     46.52     -37.98       3.00       0.00       0.00       0.00       0.25       0.03

--------------------------------------------------------------------------------
--- PLP analysis of protein-ligand interactions                              ---
--------------------------------------------------------------------------------
hydrogen bonding        :      -3.00
metal                   :       0.00
buried (polar-nonpolar) :      -3.30
nonpolar                :     -35.55
repulsive               :       3.53
--------------------------------------------------------------------------------


--------------------------------------------------------------------------------
--- ChemScore analysis of protein-ligand interactions                        ---
--------------------------------------------------------------------------------

* Hydrogen bonds                                                                
Ligand donor    5 hydrogen   22 Protein acceptor 8028 bond energy  1.00 wt 1.00
Ligand donor    8 hydrogen   23 Protein acceptor 8028 bond energy  1.00 wt 1.00
Protein donor 7989 hydrogen 7998 Ligand acceptor   16 bond energy  1.00 wt 1.00


* CH..O interactions                                                            
  CH group selection                       : activated ring CH (adjacent to hetatom)

--------------------------------------------------------------------------------


--------------------------------------------------------------------------------
--- Intra-ligand clashes                                                     ---
--------------------------------------------------------------------------------

Ligand
--------------------------------------------------------------------------------

--------------------------------------------------------------------------------
--- Rescoring solution                                                       ---
--------------------------------------------------------------------------------

     Score         DG    S(hbond)    S(metal)    S(lipo)     H(rot)  DE(clash)    DE(int)
     17.38     -23.23       2.55        0.00     100.92       1.00       3.80       2.05

Doing AMOEBA simplex on best individual
Done simplexing #iterations 715, best score  20.43

     Score         DG    S(hbond)    S(metal)    S(lipo)     H(rot)  DE(clash)    DE(int)
     20.43     -23.82       2.78        0.00      99.29       1.00       2.47       0.92

--------------------------------------------------------------------------------
--- ChemScore breakdown of terms                                             ---
--------------------------------------------------------------------------------
DG = -5.4800 + -3.3400*S(hbond)
     + -6.0300*S(metal) + -0.1170*S(lipo) + 2.5600*H(rot)


H(rot) = 1.0000

Score = -(DG + DE(clash) + DE(int))


--------------------------------------------------------------------------------


--------------------------------------------------------------------------------
--- ChemScore analysis of protein-ligand interactions                        ---
--------------------------------------------------------------------------------

* Hydrogen bonds                                                                
Ligand donor    5 hydrogen   22 Protein acceptor 8028 bond energy  1.00 wt 0.99
Ligand donor    8 hydrogen   23 Protein acceptor 8028 bond energy  1.00 wt 0.96
Protein donor 7989 hydrogen 7998 Ligand acceptor   16 bond energy  1.00 wt 0.83

CHEMSCORE EXTRA INTERACTIONS:

* Clashes                                                                       
Clash for ligand atom   2 (**** ):   0.10
Clash for ligand atom  13 (**** ):   0.64
Clash for ligand atom  14 (**** ):   0.01
Clash for ligand atom  16 (**** ):   0.17
Clash for ligand atom  17 (**** ):   1.54
--------------------------------------------------------------------------------


--------------------------------------------------------------------------------
--- Chromosome decoded                                                       ---
--------------------------------------------------------------------------------
Ligand Torsions
[   3    4    5    6]  150.58
[  15    9    8    6] -116.36
Protein Torsions
[6907 6896 6895 6894]  151.60 
[7974 7965 7964 7962]  158.52 
[8008 7997 7996 7995]  113.92 
[10167 10162 10161 10158] -141.01 
[10718 10713 10712 10709]   99.98 
[10763 10752 10751 10750]   38.17 
[11005 11000 10999 10996]  166.41 
Mapping
Ligand acceptors to protein hydrogens (mapping then atom ids)
Ligand hydrogens to protein acceptors (mapping then atom ids)
  1  15 [ 22->8028]
Ligand shape atoms to protein points (mapping then atom ids & coords)
  1  5049 [  1->(146.500 138.250 152.500)]
  2  6164 [  3->(148.000 141.500 154.250)]
  3  8067 [  9->(151.250 144.000 158.000)]
  4  9401 [ 10->(152.750 142.250 160.500)]
  5  9391 [ 11->(152.750 142.000 159.750)]
  6  9336 [ 12->(152.500 144.000 161.500)]
Chromosome values
Integers:
  -1   -1   -1   14   -1 5048 6163 8066 9400 9390 9335   -1 
  -1   -1 
--------------------------------------------------------------------------------

Current Ranking  1

--------------------------------------------------------------------------------

* GA execution time :                                                           
  total  0.4250 user  0.4250 sys  0.0000

--------------------------------------------------------------------------------
Fitness function evaluations: 55279

--------------------------------------------------------------------------------
** Docking run number  2 **
--------------------------------------------------------------------------------
  Rank fitness base is 5000.00 ; increment is 11.2233

* Initialising population(s) ...                                                
Number of constraints mappings 0
Number of constraints 0
  Population no.                           :      1
  Population size                          :    100
  Number of duplicates                     :      0
  Number of niche violations               :      0
  Number of errors                         :   6487

Number of constraints mappings 0
Number of constraints 0
  Population no.                           :      2
  Population size                          :    100
  Number of duplicates                     :      0
  Number of niche violations               :      0
  Number of errors                         :   6595


Doing GA, no. of population(s) 2 size 100 selection pressure 1.100000

 Operation      Score     S(PLP)   S(hbond)     S(cho)   S(metal)  DE(clash)   DE(tors)     intcor
         0      29.14     -28.40       0.72       0.00       0.00       0.00       0.72       0.03
       442      30.50     -30.61       0.00       0.00       0.00       0.00       0.07       0.03
       642      31.02     -31.03       0.00       0.00       0.00       0.00       0.02       0.03
      1767      31.18     -29.48       0.68       0.00       0.00       0.00       0.19       0.03
      1926      32.92     -30.37       0.97       0.00       0.00       0.00       0.20       0.03
      2125      33.38     -30.95       0.93       0.00       0.00       0.00       0.19       0.03
      2565      34.20     -32.43       0.71       0.00       0.00       0.00       0.19       0.03
      3061      35.30     -32.21       1.18       0.00       0.00       0.00       0.25       0.03
      3527      37.67     -33.82       1.31       0.00       0.00       0.00       0.06       0.03
      4689      37.79     -34.04       1.29       0.00       0.00       0.00       0.07       0.03
      5613      37.89     -34.72       1.09       0.00       0.00       0.00       0.06       0.03
      7075      38.39     -35.33       1.05       0.00       0.00       0.00       0.06       0.03
      7300      38.57     -35.09       1.17       0.00       0.00       0.00       0.03       0.03
      8260      38.79     -35.55       1.10       0.00       0.00       0.00       0.05       0.03
     24078      38.85     -35.40       1.17       0.00       0.00       0.00       0.05       0.03
--------------------------------------------------------------------------------
Best docking solution after GA:
     25000      38.85     -35.40       1.17       0.00       0.00       0.00       0.05       0.03

#ops:      25000 #mutates:  11886 #cross:    11871 #migrate:   1243 
#dups:      7251 #niche:    12518 #errors:    1296 
--------------------------------------------------------------------------------

Doing AMOEBA simplex on best individual
Done simplexing #iterations 641, best score  43.87

Ligand is stored in gold_soln_AV-procd_m3527_2.sdf


--------------------------------------------------------------------------------
--- CHEMPLP breakdown of terms                                               ---
--------------------------------------------------------------------------------
CHEMPLP = - ( 1.0000*S(PLP) + -3.0000*S(hbond) + -6.0000*S(metal) + -3.0000*S(cho) )

Score = CHEMPLP - 1.0000*DE(clash) - 2.0000*DE(tors)

Internal energy term has been corrected with the best internal energy encountered.

--------------------------------------------------------------------------------


     Score     S(PLP)   S(hbond)     S(cho)   S(metal)  DE(clash)   DE(tors)     intcor
     43.87     -37.93       2.00       0.00       0.00       0.00       0.05       0.03

--------------------------------------------------------------------------------
--- PLP analysis of protein-ligand interactions                              ---
--------------------------------------------------------------------------------
hydrogen bonding        :      -2.00
metal                   :       0.00
buried (polar-nonpolar) :      -2.65
nonpolar                :     -34.90
repulsive               :       2.07
--------------------------------------------------------------------------------


--------------------------------------------------------------------------------
--- ChemScore analysis of protein-ligand interactions                        ---
--------------------------------------------------------------------------------

* Hydrogen bonds                                                                
Ligand donor    5 hydrogen   22 Protein acceptor 8028 bond energy  1.00 wt 1.00
Ligand donor    8 hydrogen   23 Protein acceptor 8028 bond energy  1.00 wt 1.00


* CH..O interactions                                                            
  CH group selection                       : activated ring CH (adjacent to hetatom)

--------------------------------------------------------------------------------


--------------------------------------------------------------------------------
--- Intra-ligand clashes                                                     ---
--------------------------------------------------------------------------------

Ligand
--------------------------------------------------------------------------------

--------------------------------------------------------------------------------
--- Rescoring solution                                                       ---
--------------------------------------------------------------------------------

     Score         DG    S(hbond)    S(metal)    S(lipo)     H(rot)  DE(clash)    DE(int)
     14.86     -18.39       1.14        0.00      99.66       1.00       1.42       2.11

Doing AMOEBA simplex on best individual
Done simplexing #iterations 791, best score  19.23

     Score         DG    S(hbond)    S(metal)    S(lipo)     H(rot)  DE(clash)    DE(int)
     19.23     -20.88       1.79        0.00     102.39       1.00       0.37       1.28

--------------------------------------------------------------------------------
--- ChemScore breakdown of terms                                             ---
--------------------------------------------------------------------------------
DG = -5.4800 + -3.3400*S(hbond)
     + -6.0300*S(metal) + -0.1170*S(lipo) + 2.5600*H(rot)


H(rot) = 1.0000

Score = -(DG + DE(clash) + DE(int))


--------------------------------------------------------------------------------


--------------------------------------------------------------------------------
--- ChemScore analysis of protein-ligand interactions                        ---
--------------------------------------------------------------------------------

* Hydrogen bonds                                                                
Ligand donor    5 hydrogen   22 Protein acceptor 8028 bond energy  1.00 wt 0.83
Ligand donor    8 hydrogen   23 Protein acceptor 8028 bond energy  1.00 wt 0.96

CHEMSCORE EXTRA INTERACTIONS:

* Clashes                                                                       
Clash for ligand atom   1 (**** ):   0.01
Clash for ligand atom   2 (**** ):   0.05
Clash for ligand atom  13 (**** ):   0.30
--------------------------------------------------------------------------------


--------------------------------------------------------------------------------
--- Chromosome decoded                                                       ---
--------------------------------------------------------------------------------
Ligand Torsions
[   3    4    5    6] -179.32
[  15    9    8    6] -118.37
Protein Torsions
[6907 6896 6895 6894]  102.92 
[7974 7965 7964 7962]  120.17 
[8008 7997 7996 7995]   78.18 
[10167 10162 10161 10158]    9.11 
[10718 10713 10712 10709]   61.90 
[10763 10752 10751 10750] -117.92 
[11005 11000 10999 10996]   56.11 
Mapping
Ligand acceptors to protein hydrogens (mapping then atom ids)
Ligand hydrogens to protein acceptors (mapping then atom ids)
  2  16 [ 23->8029]
Ligand shape atoms to protein points (mapping then atom ids & coords)
  2  6136 [  3->(148.000 140.000 153.500)]
  5  9644 [ 11->(153.250 142.250 160.250)]
  6  8872 [ 12->(152.000 144.000 160.500)]
  8  8848 [ 14->(152.000 143.750 159.500)]
Chromosome values
Integers:
  -1   -1   -1   -1   15   -1 6135   -1   -1 9643 8871   -1 
8847   -1 
--------------------------------------------------------------------------------

Current Ranking  1  2

--------------------------------------------------------------------------------

* GA execution time :                                                           
  total  0.4302 user  0.4302 sys  0.0000

--------------------------------------------------------------------------------
Fitness function evaluations: 56248

--------------------------------------------------------------------------------
** Docking run number  3 **
--------------------------------------------------------------------------------
  Rank fitness base is 5000.00 ; increment is 11.2233

* Initialising population(s) ...                                                
Number of constraints mappings 0
Number of constraints 0
  Population no.                           :      1
  Population size                          :    100
  Number of duplicates                     :      0
  Number of niche violations               :      0
  Number of errors                         :   6547

Number of constraints mappings 0
Number of constraints 0
  Population no.                           :      2
  Population size                          :    100
  Number of duplicates                     :      0
  Number of niche violations               :      0
  Number of errors                         :   6739


Doing GA, no. of population(s) 2 size 100 selection pressure 1.100000

 Operation      Score     S(PLP)   S(hbond)     S(cho)   S(metal)  DE(clash)   DE(tors)     intcor
         0      24.08     -22.21       0.89       0.00       0.00       0.00       0.42       0.03
       161      28.06     -29.76       0.05       0.00       0.00       0.00       0.94       0.03
      1309      29.54     -27.69       0.86       0.00       0.00       0.00       0.39       0.03
      2126      29.55     -28.31       0.46       0.00       0.00       0.00       0.09       0.03
      3280      30.69     -28.31       0.84       0.00       0.00       0.00       0.09       0.03
      3470      31.16     -28.31       1.00       0.00       0.00       0.00       0.09       0.03
      4055      32.07     -28.31       1.30       0.00       0.00       0.00       0.09       0.03
      4206      33.07     -32.11       0.39       0.00       0.00       0.00       0.13       0.03
      4455      33.21     -28.31       1.68       0.00       0.00       0.00       0.09       0.03
      5650      33.44     -31.87       0.56       0.00       0.00       0.00       0.07       0.03
      6654      34.49     -29.17       1.84       0.00       0.00       0.00       0.13       0.03
      6806      35.12     -29.71       1.91       0.00       0.00       0.00       0.17       0.03
      8682      35.23     -29.89       1.90       0.00       0.00       0.00       0.20       0.03
      8706      35.45     -29.89       1.98       0.00       0.00       0.00       0.20       0.03
     11140      35.53     -29.89       2.00       0.00       0.00       0.00       0.20       0.03
     12696      35.54     -29.88       2.00       0.00       0.00       0.00       0.19       0.03
     13709      35.55     -29.88       2.00       0.00       0.00       0.00       0.18       0.03
     14498      35.56     -29.88       2.00       0.00       0.00       0.00       0.18       0.03
     14837      35.57     -29.93       1.98       0.00       0.00       0.00       0.16       0.03
     17101      35.59     -29.90       1.99       0.00       0.00       0.00       0.16       0.03
     18787      35.60     -29.91       1.99       0.00       0.00       0.00       0.16       0.03
     20290      35.96     -31.04       1.74       0.00       0.00       0.00       0.16       0.03
     20626      35.99     -31.04       1.74       0.00       0.00       0.00       0.16       0.03
     20688      36.07     -31.04       1.77       0.00       0.00       0.00       0.16       0.03
     20792      36.35     -30.74       1.91       0.00       0.00       0.00       0.08       0.03
     20802      36.67     -30.85       1.98       0.00       0.00       0.00       0.07       0.03
     21850      36.81     -31.06       1.95       0.00       0.00       0.00       0.07       0.03
     21859      36.83     -31.19       1.93       0.00       0.00       0.00       0.09       0.03
     22778      36.86     -31.01       1.98       0.00       0.00       0.00       0.07       0.03
     22812      36.86     -31.06       1.97       0.00       0.00       0.00       0.07       0.03
     23799      36.86     -31.06       1.97       0.00       0.00       0.00       0.07       0.03
     24411      36.88     -31.19       1.94       0.00       0.00       0.00       0.09       0.03
--------------------------------------------------------------------------------
Best docking solution after GA:
     25000      36.88     -31.19       1.94       0.00       0.00       0.00       0.09       0.03

#ops:      25000 #mutates:  11764 #cross:    11963 #migrate:   1273 
#dups:      8391 #niche:    13406 #errors:    1938 
--------------------------------------------------------------------------------

Doing AMOEBA simplex on best individual
Done simplexing #iterations 413, best score  37.98

Ligand is stored in gold_soln_AV-procd_m3527_3.sdf


--------------------------------------------------------------------------------
--- CHEMPLP breakdown of terms                                               ---
--------------------------------------------------------------------------------
CHEMPLP = - ( 1.0000*S(PLP) + -3.0000*S(hbond) + -6.0000*S(metal) + -3.0000*S(cho) )

Score = CHEMPLP - 1.0000*DE(clash) - 2.0000*DE(tors)

Internal energy term has been corrected with the best internal energy encountered.

--------------------------------------------------------------------------------


     Score     S(PLP)   S(hbond)     S(cho)   S(metal)  DE(clash)   DE(tors)     intcor
     37.98     -32.23       2.00       0.00       0.00       0.00       0.14       0.03

--------------------------------------------------------------------------------
--- PLP analysis of protein-ligand interactions                              ---
--------------------------------------------------------------------------------
hydrogen bonding        :      -3.00
metal                   :       0.00
buried (polar-nonpolar) :      -2.84
nonpolar                :     -25.45
repulsive               :       0.18
--------------------------------------------------------------------------------


--------------------------------------------------------------------------------
--- ChemScore analysis of protein-ligand interactions                        ---
--------------------------------------------------------------------------------

* Hydrogen bonds                                                                
Protein donor 7997 hydrogen 8008 Ligand acceptor    7 bond energy  1.00 wt 1.00
Protein donor 10752 hydrogen 10765 Ligand acceptor   17 bond energy  1.00 wt 1.00


* CH..O interactions                                                            
  CH group selection                       : activated ring CH (adjacent to hetatom)

--------------------------------------------------------------------------------


--------------------------------------------------------------------------------
--- Intra-ligand clashes                                                     ---
--------------------------------------------------------------------------------

Ligand
--------------------------------------------------------------------------------

--------------------------------------------------------------------------------
--- Rescoring solution                                                       ---
--------------------------------------------------------------------------------

     Score         DG    S(hbond)    S(metal)    S(lipo)     H(rot)  DE(clash)    DE(int)
     15.05     -16.66       1.07        0.00      86.82       1.00       0.27       1.34

Doing AMOEBA simplex on best individual
Done simplexing #iterations 499, best score  15.99

     Score         DG    S(hbond)    S(metal)    S(lipo)     H(rot)  DE(clash)    DE(int)
     15.99     -17.43       1.28        0.00      87.63       1.00       0.15       1.29

--------------------------------------------------------------------------------
--- ChemScore breakdown of terms                                             ---
--------------------------------------------------------------------------------
DG = -5.4800 + -3.3400*S(hbond)
     + -6.0300*S(metal) + -0.1170*S(lipo) + 2.5600*H(rot)


H(rot) = 1.0000

Score = -(DG + DE(clash) + DE(int))


--------------------------------------------------------------------------------


--------------------------------------------------------------------------------
--- ChemScore analysis of protein-ligand interactions                        ---
--------------------------------------------------------------------------------

* Hydrogen bonds                                                                
Protein donor 7997 hydrogen 8008 Ligand acceptor    7 bond energy  1.00 wt 0.33
Protein donor 10752 hydrogen 10765 Ligand acceptor   17 bond energy  1.00 wt 0.94

CHEMSCORE EXTRA INTERACTIONS:

* Clashes                                                                       
Clash for ligand atom  13 (**** ):   0.15
--------------------------------------------------------------------------------


--------------------------------------------------------------------------------
--- Chromosome decoded                                                       ---
--------------------------------------------------------------------------------
Ligand Torsions
[   3    4    5    6] -165.05
[  15    9    8    6] -133.24
Protein Torsions
[6907 6896 6895 6894] -146.10 
[7974 7965 7964 7962]  -30.38 
[8008 7997 7996 7995]  -64.96 
[10167 10162 10161 10158] -125.46 
[10718 10713 10712 10709]  158.66 
[10763 10752 10751 10750]  -78.38 
[11005 11000 10999 10996] -142.33 
Mapping
Ligand acceptors to protein hydrogens (mapping then atom ids)
Ligand hydrogens to protein acceptors (mapping then atom ids)
Ligand shape atoms to protein points (mapping then atom ids & coords)
  5  8311 [ 11->(151.500 143.750 157.750)]
  7  8691 [ 13->(151.750 145.500 160.250)]
  8  9339 [ 14->(152.500 144.000 162.250)]
  9  9436 [ 15->(152.750 143.000 160.500)]
Chromosome values
Integers:
  -1   -1   -1   -1   -1   -1   -1   -1   -1 8310   -1 8690 
9338 9435 
--------------------------------------------------------------------------------

Current Ranking  1  2  3

--------------------------------------------------------------------------------

* GA execution time :                                                           
  total  0.4246 user  0.4246 sys  0.0000

--------------------------------------------------------------------------------
Fitness function evaluations: 55158

--------------------------------------------------------------------------------
** Docking run number  4 **
--------------------------------------------------------------------------------
  Rank fitness base is 5000.00 ; increment is 11.2233

* Initialising population(s) ...                                                
Number of constraints mappings 0
Number of constraints 0
  Population no.                           :      1
  Population size                          :    100
  Number of duplicates                     :      0
  Number of niche violations               :      0
  Number of errors                         :   6490

Number of constraints mappings 0
Number of constraints 0
  Population no.                           :      2
  Population size                          :    100
  Number of duplicates                     :      0
  Number of niche violations               :      0
  Number of errors                         :   6621


Doing GA, no. of population(s) 2 size 100 selection pressure 1.100000

 Operation      Score     S(PLP)   S(hbond)     S(cho)   S(metal)  DE(clash)   DE(tors)     intcor
         0      25.23     -27.41       0.00       0.00       0.00       0.00       1.11       0.03
      2895      25.39     -23.05       1.00       0.00       0.00       0.00       0.35       0.03
      2904      26.35     -26.93       0.00       0.00       0.00       0.00       0.31       0.03
      2944      26.36     -26.98       0.00       0.00       0.00       0.00       0.32       0.03
      3254      26.59     -26.85       0.00       0.00       0.00       0.00       0.15       0.03
      3292      27.04     -27.04       0.00       0.00       0.00       0.00       0.02       0.03
      3436      27.23     -27.93       0.00       0.00       0.00       0.00       0.37       0.03
      3654      28.09     -28.35       0.00       0.00       0.00       0.00       0.15       0.03
      5259      28.32     -28.55       0.00       0.00       0.00       0.00       0.13       0.03
      6176      30.54     -28.97       0.93       0.00       0.00       0.00       0.62       0.03
     12242      31.48     -32.14       0.00       0.00       0.00       0.00       0.35       0.03
     13100      32.07     -26.42       1.89       0.00       0.00       0.00       0.03       0.03
     13402      32.46     -29.69       1.00       0.00       0.00       0.00       0.13       0.03
     13734      33.43     -29.56       1.51       0.00       0.00       0.00       0.35       0.03
     13846      33.75     -29.46       1.63       0.00       0.00       0.00       0.32       0.03
     14613      33.82     -29.37       1.66       0.00       0.00       0.00       0.28       0.03
     15172      33.95     -29.39       1.72       0.00       0.00       0.00       0.31       0.03
     16235      34.62     -32.27       0.96       0.00       0.00       0.00       0.28       0.03
     17139      34.83     -29.37       2.00       0.00       0.00       0.00       0.28       0.03
     17199      35.23     -32.97       0.94       0.00       0.00       0.00       0.30       0.03
     17235      35.34     -33.33       0.88       0.00       0.00       0.00       0.33       0.03
     18224      35.90     -31.00       2.00       0.00       0.00       0.41       0.36       0.03
     20694      36.46     -32.03       1.70       0.00       0.00       0.00       0.35       0.03
     22190      36.48     -32.05       1.70       0.00       0.00       0.00       0.35       0.03
     22628      36.56     -32.00       1.75       0.00       0.00       0.00       0.36       0.03
     23114      36.61     -32.03       1.75       0.00       0.00       0.00       0.35       0.03
     23236      37.18     -32.03       1.94       0.00       0.00       0.00       0.35       0.03
     23470      38.43     -33.01       2.00       0.00       0.00       0.00       0.31       0.03
     24418      38.46     -33.04       2.00       0.00       0.00       0.00       0.30       0.03
--------------------------------------------------------------------------------
Best docking solution after GA:
     25000      38.46     -33.04       2.00       0.00       0.00       0.00       0.30       0.03

#ops:      25000 #mutates:  11794 #cross:    11975 #migrate:   1231 
#dups:      5634 #niche:    11335 #errors:    2166 
--------------------------------------------------------------------------------

Doing AMOEBA simplex on best individual
Done simplexing #iterations 472, best score  39.50

Ligand is stored in gold_soln_AV-procd_m3527_4.sdf


--------------------------------------------------------------------------------
--- CHEMPLP breakdown of terms                                               ---
--------------------------------------------------------------------------------
CHEMPLP = - ( 1.0000*S(PLP) + -3.0000*S(hbond) + -6.0000*S(metal) + -3.0000*S(cho) )

Score = CHEMPLP - 1.0000*DE(clash) - 2.0000*DE(tors)

Internal energy term has been corrected with the best internal energy encountered.

--------------------------------------------------------------------------------


     Score     S(PLP)   S(hbond)     S(cho)   S(metal)  DE(clash)   DE(tors)     intcor
     39.50     -34.06       2.00       0.00       0.00       0.00       0.30       0.03

--------------------------------------------------------------------------------
--- PLP analysis of protein-ligand interactions                              ---
--------------------------------------------------------------------------------
hydrogen bonding        :      -2.41
metal                   :       0.00
buried (polar-nonpolar) :      -3.88
nonpolar                :     -28.58
repulsive               :       0.12
--------------------------------------------------------------------------------


--------------------------------------------------------------------------------
--- ChemScore analysis of protein-ligand interactions                        ---
--------------------------------------------------------------------------------

* Hydrogen bonds                                                                
Protein donor 6896 hydrogen 6907 Ligand acceptor   16 bond energy  1.00 wt 1.00
Protein donor 7997 hydrogen 8010 Ligand acceptor    7 bond energy  1.00 wt 1.00


* CH..O interactions                                                            
  CH group selection                       : activated ring CH (adjacent to hetatom)

--------------------------------------------------------------------------------


--------------------------------------------------------------------------------
--- Intra-ligand clashes                                                     ---
--------------------------------------------------------------------------------

Ligand
--------------------------------------------------------------------------------

--------------------------------------------------------------------------------
--- Rescoring solution                                                       ---
--------------------------------------------------------------------------------

     Score         DG    S(hbond)    S(metal)    S(lipo)     H(rot)  DE(clash)    DE(int)
     15.66     -17.54       1.23        0.00      89.91       1.00       0.18       1.70

Doing AMOEBA simplex on best individual
Done simplexing #iterations 731, best score  17.86

     Score         DG    S(hbond)    S(metal)    S(lipo)     H(rot)  DE(clash)    DE(int)
     17.86     -19.58       1.83        0.00      90.07       1.00       0.02       1.70

--------------------------------------------------------------------------------
--- ChemScore breakdown of terms                                             ---
--------------------------------------------------------------------------------
DG = -5.4800 + -3.3400*S(hbond)
     + -6.0300*S(metal) + -0.1170*S(lipo) + 2.5600*H(rot)


H(rot) = 1.0000

Score = -(DG + DE(clash) + DE(int))


--------------------------------------------------------------------------------


--------------------------------------------------------------------------------
--- ChemScore analysis of protein-ligand interactions                        ---
--------------------------------------------------------------------------------

* Hydrogen bonds                                                                
Protein donor 6896 hydrogen 6907 Ligand acceptor   16 bond energy  1.00 wt 0.84
Protein donor 7997 hydrogen 8010 Ligand acceptor    7 bond energy  1.00 wt 0.99

CHEMSCORE EXTRA INTERACTIONS:

* Clashes                                                                       
Clash for ligand atom   7 (**** ):   0.02
--------------------------------------------------------------------------------


--------------------------------------------------------------------------------
--- Chromosome decoded                                                       ---
--------------------------------------------------------------------------------
Ligand Torsions
[   3    4    5    6]    4.27
[  15    9    8    6]   77.45
Protein Torsions
[6907 6896 6895 6894]   36.10 
[7974 7965 7964 7962]  177.21 
[8008 7997 7996 7995]  -12.05 
[10167 10162 10161 10158]   59.55 
[10718 10713 10712 10709]   30.42 
[10763 10752 10751 10750]   36.12 
[11005 11000 10999 10996]  130.43 
Mapping
Ligand acceptors to protein hydrogens (mapping then atom ids)
Ligand hydrogens to protein acceptors (mapping then atom ids)
Ligand shape atoms to protein points (mapping then atom ids & coords)
  3  9656 [  9->(153.250 142.500 161.000)]
  5  9454 [ 11->(152.750 143.250 161.000)]
  9  9231 [ 15->(152.500 142.500 159.000)]
Chromosome values
Integers:
  -1   -1   -1   -1   -1   -1   -1 9655   -1 9453   -1   -1 
  -1 9230 
--------------------------------------------------------------------------------

Current Ranking  1  2  4  3

--------------------------------------------------------------------------------

* GA execution time :                                                           
  total  0.4248 user  0.4248 sys  0.0000

--------------------------------------------------------------------------------
Fitness function evaluations: 55896

--------------------------------------------------------------------------------
** Docking run number  5 **
--------------------------------------------------------------------------------
  Rank fitness base is 5000.00 ; increment is 11.2233

* Initialising population(s) ...                                                
Number of constraints mappings 0
Number of constraints 0
  Population no.                           :      1
  Population size                          :    100
  Number of duplicates                     :      0
  Number of niche violations               :      0
  Number of errors                         :   6603

Number of constraints mappings 0
Number of constraints 0
  Population no.                           :      2
  Population size                          :    100
  Number of duplicates                     :      0
  Number of niche violations               :      0
  Number of errors                         :   6520


Doing GA, no. of population(s) 2 size 100 selection pressure 1.100000

 Operation      Score     S(PLP)   S(hbond)     S(cho)   S(metal)  DE(clash)   DE(tors)     intcor
         0      23.28     -24.22       0.00       0.00       0.00       0.00       0.49       0.03
       148      26.34     -21.49       1.99       0.00       0.00       0.42       0.37       0.03
       934      26.84     -27.99       0.00       0.00       0.00       0.00       0.59       0.03
      1197      29.03     -25.03       1.92       0.00       0.00       0.86       0.46       0.03
      3940      29.51     -25.99       1.25       0.00       0.00       0.00       0.14       0.03
      4485      33.31     -28.11       1.83       0.00       0.00       0.00       0.16       0.03
      5822      34.07     -31.35       1.24       0.00       0.00       0.00       0.52       0.03
      5944      36.94     -32.10       1.88       0.00       0.00       0.00       0.41       0.03
      7768      37.21     -32.23       1.93       0.00       0.00       0.00       0.42       0.03
      8802      37.39     -33.13       1.49       0.00       0.00       0.00       0.12       0.03
      9113      38.70     -34.64       1.36       0.00       0.00       0.00       0.02       0.03
      9157      40.88     -37.46       1.34       0.00       0.00       0.00       0.32       0.03
      9545      41.13     -37.72       1.34       0.00       0.00       0.00       0.33       0.03
      9663      41.86     -38.22       1.45       0.00       0.00       0.00       0.38       0.03
     10539      42.08     -39.11       1.23       0.00       0.00       0.00       0.38       0.03
     11025      42.83     -38.49       1.73       0.00       0.00       0.00       0.44       0.03
     14862      43.70     -39.23       1.77       0.00       0.00       0.00       0.44       0.03
     15976      44.01     -39.50       1.79       0.00       0.00       0.00       0.44       0.03
     21476      44.09     -39.74       1.75       0.00       0.00       0.00       0.46       0.03
     21779      44.66     -39.58       2.00       0.00       0.00       0.00       0.48       0.03
     22907      44.84     -40.24       1.88       0.00       0.00       0.00       0.54       0.03
     23045      45.77     -39.59       2.41       0.00       0.00       0.00       0.54       0.03
     24717      45.80     -39.65       2.40       0.00       0.00       0.00       0.55       0.03
--------------------------------------------------------------------------------
Best docking solution after GA:
     25000      45.80     -39.65       2.40       0.00       0.00       0.00       0.55       0.03

#ops:      25000 #mutates:  11907 #cross:    11896 #migrate:   1197 
#dups:      5324 #niche:    11761 #errors:    1723 
--------------------------------------------------------------------------------

Doing AMOEBA simplex on best individual
Done simplexing #iterations 524, best score  47.10

Ligand is stored in gold_soln_AV-procd_m3527_5.sdf


--------------------------------------------------------------------------------
--- CHEMPLP breakdown of terms                                               ---
--------------------------------------------------------------------------------
CHEMPLP = - ( 1.0000*S(PLP) + -3.0000*S(hbond) + -6.0000*S(metal) + -3.0000*S(cho) )

Score = CHEMPLP - 1.0000*DE(clash) - 2.0000*DE(tors)

Internal energy term has been corrected with the best internal energy encountered.

--------------------------------------------------------------------------------


     Score     S(PLP)   S(hbond)     S(cho)   S(metal)  DE(clash)   DE(tors)     intcor
     47.10     -39.68       2.84       0.00       0.00       0.00       0.57       0.03

--------------------------------------------------------------------------------
--- PLP analysis of protein-ligand interactions                              ---
--------------------------------------------------------------------------------
hydrogen bonding        :      -3.00
metal                   :       0.00
buried (polar-nonpolar) :      -4.69
nonpolar                :     -36.41
repulsive               :       3.46
--------------------------------------------------------------------------------


--------------------------------------------------------------------------------
--- ChemScore analysis of protein-ligand interactions                        ---
--------------------------------------------------------------------------------

* Hydrogen bonds                                                                
Ligand donor    5 hydrogen   22 Protein acceptor 8028 bond energy  1.00 wt 1.00
Ligand donor    8 hydrogen   23 Protein acceptor 8028 bond energy  1.00 wt 0.84
Protein donor 7989 hydrogen 7998 Ligand acceptor   16 bond energy  1.00 wt 1.00


* CH..O interactions                                                            
  CH group selection                       : activated ring CH (adjacent to hetatom)

--------------------------------------------------------------------------------


--------------------------------------------------------------------------------
--- Intra-ligand clashes                                                     ---
--------------------------------------------------------------------------------

Ligand
--------------------------------------------------------------------------------

--------------------------------------------------------------------------------
--- Rescoring solution                                                       ---
--------------------------------------------------------------------------------

     Score         DG    S(hbond)    S(metal)    S(lipo)     H(rot)  DE(clash)    DE(int)
     14.83     -20.52       1.60        0.00     104.63       1.00       2.72       2.97

Doing AMOEBA simplex on best individual
Done simplexing #iterations 730, best score  19.93

     Score         DG    S(hbond)    S(metal)    S(lipo)     H(rot)  DE(clash)    DE(int)
     19.93     -23.43       2.64        0.00      99.93       1.00       1.45       2.05

--------------------------------------------------------------------------------
--- ChemScore breakdown of terms                                             ---
--------------------------------------------------------------------------------
DG = -5.4800 + -3.3400*S(hbond)
     + -6.0300*S(metal) + -0.1170*S(lipo) + 2.5600*H(rot)


H(rot) = 1.0000

Score = -(DG + DE(clash) + DE(int))


--------------------------------------------------------------------------------


--------------------------------------------------------------------------------
--- ChemScore analysis of protein-ligand interactions                        ---
--------------------------------------------------------------------------------

* Hydrogen bonds                                                                
Ligand donor    5 hydrogen   22 Protein acceptor 8028 bond energy  1.00 wt 1.00
Ligand donor    8 hydrogen   23 Protein acceptor 8028 bond energy  1.00 wt 0.87
Protein donor 7989 hydrogen 7998 Ligand acceptor   16 bond energy  1.00 wt 0.77

CHEMSCORE EXTRA INTERACTIONS:

* Clashes                                                                       
Clash for ligand atom  12 (**** ):   0.03
Clash for ligand atom  13 (**** ):   0.05
Clash for ligand atom  17 (**** ):   1.37
--------------------------------------------------------------------------------


--------------------------------------------------------------------------------
--- Chromosome decoded                                                       ---
--------------------------------------------------------------------------------
Ligand Torsions
[   3    4    5    6]  147.54
[  15    9    8    6]  -96.94
Protein Torsions
[6907 6896 6895 6894]  112.22 
[7974 7965 7964 7962]   67.51 
[8008 7997 7996 7995]  -30.09 
[10167 10162 10161 10158] -102.93 
[10718 10713 10712 10709] -174.57 
[10763 10752 10751 10750]   86.36 
[11005 11000 10999 10996]  -52.30 
Mapping
Ligand acceptors to protein hydrogens (mapping then atom ids)
Ligand hydrogens to protein acceptors (mapping then atom ids)
  1  15 [ 22->8028]
Ligand shape atoms to protein points (mapping then atom ids & coords)
  1  5756 [  1->(147.250 140.250 153.250)]
  3  9621 [  9->(153.000 144.250 158.750)]
  4  7747 [ 10->(151.000 142.250 158.750)]
  6  9131 [ 12->(152.250 144.000 162.250)]
  7  9312 [ 13->(152.500 143.750 160.500)]
  8  8856 [ 14->(152.000 143.750 161.500)]
  9  9050 [ 15->(152.250 143.000 159.750)]
Chromosome values
Integers:
  -1   -1   -1   14   -1 5755   -1 9620 7746   -1 9130 9311 
8855 9049 
--------------------------------------------------------------------------------

Current Ranking  5  1  2  4  3

Top  3 (of  5) solutions are within 1.500 RMSD, finishing docking /DATA2/COVID-19/PDBs_&_Models/AV-procd.sdf.


--------------------------------------------------------------------------------

* GA execution time :                                                           
  total  0.4433 user  0.4433 sys  0.0000

--------------------------------------------------------------------------------
Fitness function evaluations: 56223

--------------------------------------------------------------------------------
--- Ranking analysis                                                         ---
--------------------------------------------------------------------------------


* Final ranked order of GA solutions:                                           
   5  1  2  4  3 

  _______________________________
  RMSD Matrix of RANKED solutions

        2    3    4    5  

   1 :  0.4  0.4  6.3  6.0
   2 :       0.5  6.2  5.8
   3 :            6.4  6.1
   4 :                 1.5

  Clustering method                        : complete linkage
  Structure ids in cluster table           : rank nos.
  Ordering of clusters and their members   : by rank (order if from rms_analysis)

  Distance | Clusters
   0.43    |  1  2 |  3 |  4 |  5 |
   0.46    |  1  2  3 |  4 |  5 |
   1.49    |  1  2  3 |  4  5 |
   6.43    |  1  2  3  4  5 |
  Finished Docking Ligand                  : /DATA2/COVID-19/PDBs_&_Models/AV-procd.sdf
--------------------------------------------------------------------------------

  Relative_Ligand_Energy (best encountered) :   0.033
  Relative_Ligand_Energy: fitness values have been corrected using this amount
