
--------------------------------------------------------------------------------
--- Ligand                                                                   ---
--------------------------------------------------------------------------------
  Ligand loaded from file                  : /DATA2/COVID-19/PDBs_&_Models/AV-procd.sdf
  Ligand name                              :  
  "AV-unprocessed.smi:1433                                                  "

--------------------------------------------------------------------------------
  N.plc donors                             : 
  none found

  Acidic nitrogen acceptors                : 
  none found
  Sulfur acceptors                         :
  none found


  Donor atoms                              :      1
  8   
  Acceptor atoms                           :      4
  4   10  16  20  

  Hydrogens                                :  (n = 1)
  33   

  Lone pairs added to molecule             :      6
  Numbering                                : from 45 to 50
  Choline groups                           : 
   

--------------------------------------------------------------------------------
--- Postprocessing of typing                                                 ---
--------------------------------------------------------------------------------
  Fragment file                            : /home/scv26/CCDC/Discovery_2020/GOLD/gold/rotatable_bond_override.mol2
  acylurea fragment                        : no matches
  thioacylthiourea fragment                : no matches
  acylthiourea fragment                    : no matches
  thioacylurea fragment                    : no matches
  diarylamine fragment >C.ar-NH-C.ar<      : no matches
  sec-amine (1) fragment                   : no matches
  sec-amine (2) fragment                   : no matches
  sec-amine (3) fragment                   : no matches
  carboxylic ester                         : no matches

* Rotatable bonds in /DATA2/COVID-19/PDBs  :
  [   4    5] [   5    7] [   7    8] [   9   11] 
  [  11   12] 
  No. of rotatable bonds                   :      5


* Fragments found in /DATA2/COVID-19/PDBs  :


* Checking torsion distributions:                                               
  No. of matched torsions                  :      0

--------------------------------------------------------------------------------
--- Shape fitting atoms selection (hydrophobic atoms)                        ---
--------------------------------------------------------------------------------
  Molecule                                 : /DATA2/COVID-19/PDBs_&_Models/AV-procd.sdf
  Selection                                : carbons only
  Atom numbers                             :  (n = 13)
  1    2    3    5    6    7    11   13   14   15   
  17   18   19   


--------------------------------------------------------------------------------
--- ChemScore ligand setup summary                                           ---
--------------------------------------------------------------------------------
  ChemScore ligand acceptors               :      4
  4 10 16 20 
  ChemScore ligand donors                  :      1
  8 ( 33  ) 
  ChemScore ligand CH donors               :      2
  13 ( 36 ) 15 ( 38 ) 

  ChemScore ligand lipophilic atoms        :  (n = 13)
  1    2    3    5    6    7    11   13   14   15   
  17   18   19   

  ChemScore ligand rotatable bonds         :      5
  4   (****) - 5   (****): SP3_SP3_BOND
  5   (****) - 7   (****): SP3_SP3_BOND
  7   (****) - 8   (****): SP3_SP2_BOND
  9   (****) - 11  (****): SP3_SP2_BOND
  11  (****) - 12  (****): SP3_SP2_BOND

--------------------------------------------------------------------------------
--- PLP ligand setup summary                                                 ---
--------------------------------------------------------------------------------
    1  ****   C.3 NONPOLAR
    2  ****   C.3 NONPOLAR
    3  ****   C.3 NONPOLAR
    4  ****   N.3 ACCEPTOR
    5  ****   C.3 NONPOLAR
    6  ****   C.3 NONPOLAR
    7  ****   C.3 NONPOLAR
    8  ****  N.am DONOR
    9  ****   C.2 NONPOLAR
   10  ****   O.2 ACCEPTOR
   11  ****   C.3 NONPOLAR
   12  **** N.pl3 NONPOLAR
   13  ****   C.2 NONPOLAR
   14  ****   C.2 NONPOLAR
   15  ****   C.2 NONPOLAR
   16  ****   N.2 ACCEPTOR
   17  ****   C.3 NONPOLAR
   18  ****   C.3 NONPOLAR
   19  ****   C.3 NONPOLAR
   20  ****   O.3 ACCEPTOR


--------------------------------------------------------------------------------
--- Automatic parameter setting                                              ---
--------------------------------------------------------------------------------
  Contribution base                        :   2500
  Contribution per rotatable bond          :   6000
  Contribution per df                      :   4000
  Contribution per water                   :  10000
  Ligand rotatable bonds                   :      5
  Protein flexible side chain bonds        :      0
  Total rotatable bonds                    :      5
  Hydrophobic vol ratio (P/L)              :   1.774
  Base multiplier (polar)                  :   1.000
  Base multiplier (apolar)                 :   4.614
  Base contribution                        : 12500.000
  Fitting points                           :      5
  Estimated maxops needed (optimal)        :  43000

--------------------------------------------------------------------------------

* Population settings                                                           
  maxops                                   :  43000
  popsiz                                   :    100
  select_pressure                          :   1.100
  n_islands                                :      4
  niche_siz                                :      2

* GA settings                                                                   
  pt_crosswt                               :     95
  allele_mutatewt                          :     95
  migratewt                                :     10

* Search settings                                                               
  start_vdw_linear_cutoff                  :   4.000
  initial_virtual_pt_match_max             :   3.000

--------------------------------------------------------------------------------

* Ligand initialisation time :                                                  
  total  0.0095 user  0.0095 sys  0.0000

--------------------------------------------------------------------------------

--------------------------------------------------------------------------------
** Docking run number  1 **
--------------------------------------------------------------------------------
  Rank fitness base is 5000.00 ; increment is 11.2233

* Initialising population(s) ...                                                
Number of constraints mappings 0
Number of constraints 0
  Population no.                           :      1
  Population size                          :    100
  Number of duplicates                     :      0
  Number of niche violations               :      0
  Number of errors                         :   4219

Number of constraints mappings 0
Number of constraints 0
  Population no.                           :      2
  Population size                          :    100
  Number of duplicates                     :      0
  Number of niche violations               :      0
  Number of errors                         :   4154

Number of constraints mappings 0
Number of constraints 0
  Population no.                           :      3
  Population size                          :    100
  Number of duplicates                     :      0
  Number of niche violations               :      0
  Number of errors                         :   4296

Number of constraints mappings 0
Number of constraints 0
  Population no.                           :      4
  Population size                          :    100
  Number of duplicates                     :      0
  Number of niche violations               :      0
  Number of errors                         :   4398


Doing GA, no. of population(s) 4 size 100 selection pressure 1.100000

 Operation      Score     S(PLP)   S(hbond)     S(cho)   S(metal)  DE(clash)   DE(tors)     intcor
         0      20.65     -17.26       1.26       0.21       0.00       0.00       0.63       0.11
      2031      22.04     -22.24       0.20       1.00       0.00       2.01       0.95       0.11
      2960      30.79     -29.76       0.98       0.00       0.00       0.00       1.01       0.11
      7220      31.09     -30.19       1.00       0.00       0.00       0.00       1.11       0.11
      7779      32.35     -26.70       0.89       1.61       0.00       0.00       0.98       0.11
      8761      32.79     -27.13       1.01       1.53       0.00       0.00       1.04       0.11
      8888      34.07     -32.98       0.98       0.00       0.00       0.05       0.95       0.11
     11912      34.55     -33.36       1.00       0.00       0.00       0.05       0.93       0.11
     14028      35.41     -34.15       1.00       0.00       0.00       0.05       0.90       0.11
     14589      35.65     -34.85       1.15       0.00       0.00       0.00       1.39       0.11
     15405      40.76     -33.25       1.57       1.76       0.00       0.00       1.29       0.11
     16769      41.21     -33.92       1.47       1.78       0.00       0.00       1.29       0.11
     16797      41.33     -33.69       1.55       1.82       0.00       0.00       1.29       0.11
     19145      41.67     -33.35       1.60       2.00       0.00       0.00       1.29       0.11
     20069      42.03     -33.74       1.59       2.00       0.00       0.00       1.29       0.11
     20825      42.26     -33.97       1.57       2.00       0.00       0.00       1.27       0.11
     25972      43.86     -34.93       1.77       1.99       0.00       0.00       1.24       0.11
     27174      43.99     -34.91       1.85       2.00       0.00       0.00       1.30       0.11
     33258      44.31     -35.44       1.87       2.00       0.00       0.00       1.43       0.11
     40814      44.37     -35.57       1.89       2.00       0.00       0.00       1.48       0.11
     41802      44.45     -35.51       1.93       2.00       0.00       0.00       1.48       0.11
--------------------------------------------------------------------------------
Best docking solution after GA:
     43000      44.45     -35.51       1.93       2.00       0.00       0.00       1.48       0.11

#ops:      43000 #mutates:  20317 #cross:    20457 #migrate:   2226 
#dups:      8580 #niche:    20706 #errors:    1960 
--------------------------------------------------------------------------------

Doing AMOEBA simplex on best individual
Done simplexing #iterations 608, best score  45.58

Ligand is stored in gold_soln_AV-procd_m5835_1.sdf


--------------------------------------------------------------------------------
--- CHEMPLP breakdown of terms                                               ---
--------------------------------------------------------------------------------
CHEMPLP = - ( 1.0000*S(PLP) + -3.0000*S(hbond) + -6.0000*S(metal) + -3.0000*S(cho) )

Score = CHEMPLP - 1.0000*DE(clash) - 2.0000*DE(tors)

Internal energy term has been corrected with the best internal energy encountered.

--------------------------------------------------------------------------------


     Score     S(PLP)   S(hbond)     S(cho)   S(metal)  DE(clash)   DE(tors)     intcor
     45.58     -36.76       1.89       2.00       0.00       0.00       1.48       0.11

--------------------------------------------------------------------------------
--- PLP analysis of protein-ligand interactions                              ---
--------------------------------------------------------------------------------
hydrogen bonding        :      -1.89
metal                   :       0.00
buried (polar-nonpolar) :      -3.33
nonpolar                :     -33.63
repulsive               :       1.39
--------------------------------------------------------------------------------


--------------------------------------------------------------------------------
--- ChemScore analysis of protein-ligand interactions                        ---
--------------------------------------------------------------------------------

* Hydrogen bonds                                                                
Ligand donor    8 hydrogen   33 Protein acceptor 7948 bond energy  1.00 wt 0.99
Protein donor 7989 hydrogen 7998 Ligand acceptor   20 bond energy  1.00 wt 0.90


* CH..O interactions                                                            
  CH group selection                       : activated ring CH (adjacent to hetatom)
Ligand carbon   13 hydrogen   36 Protein acceptor 7921 bond energy  1.00 wt 1.00
Ligand carbon   15 hydrogen   38 Protein acceptor 10957 bond energy  1.00 wt 1.00

--------------------------------------------------------------------------------


--------------------------------------------------------------------------------
--- Intra-ligand clashes                                                     ---
--------------------------------------------------------------------------------

Ligand
--------------------------------------------------------------------------------

--------------------------------------------------------------------------------
--- Rescoring solution                                                       ---
--------------------------------------------------------------------------------

     Score         DG    S(hbond)    S(metal)    S(lipo)     H(rot)  DE(clash)    DE(int)
      9.89     -14.36       1.04        0.00      85.66       1.80       1.60       2.87

Doing AMOEBA simplex on best individual
Done simplexing #iterations 747, best score  11.62

     Score         DG    S(hbond)    S(metal)    S(lipo)     H(rot)  DE(clash)    DE(int)
     11.62     -14.61       1.01        0.00      88.58       1.80       0.13       2.86

--------------------------------------------------------------------------------
--- ChemScore breakdown of terms                                             ---
--------------------------------------------------------------------------------
DG = -5.4800 + -3.3400*S(hbond)
     + -6.0300*S(metal) + -0.1170*S(lipo) + 2.5600*H(rot)


H(rot) = 1.8038

Score = -(DG + DE(clash) + DE(int))


--------------------------------------------------------------------------------


--------------------------------------------------------------------------------
--- ChemScore analysis of protein-ligand interactions                        ---
--------------------------------------------------------------------------------

* Hydrogen bonds                                                                
Ligand donor    8 hydrogen   33 Protein acceptor 7948 bond energy  1.00 wt 0.94
Protein donor 7989 hydrogen 7998 Ligand acceptor   20 bond energy  1.00 wt 0.08

CHEMSCORE EXTRA INTERACTIONS:

* Clashes                                                                       
Clash for ligand atom  10 (**** ):   0.12
--------------------------------------------------------------------------------


--------------------------------------------------------------------------------
--- Chromosome decoded                                                       ---
--------------------------------------------------------------------------------
Ligand Torsions
[   3    4    5    6]  -27.96
[   8    7    5    4] -138.33
[   9    8    7    5] -106.06
[  12   11    9    8]  115.75
[  16   12   11    9]   13.29
Protein Torsions
[6907 6896 6895 6894]  -50.96 
[7974 7965 7964 7962] -118.35 
[8008 7997 7996 7995]  -43.25 
[10167 10162 10161 10158] -124.23 
[10718 10713 10712 10709] -179.69 
[10763 10752 10751 10750] -177.65 
[11005 11000 10999 10996]   14.98 
Mapping
Ligand acceptors to protein hydrogens (mapping then atom ids)
  4  18 [ 20->7998]
Ligand hydrogens to protein acceptors (mapping then atom ids)
  1   7 [ 33->7948]
Ligand shape atoms to protein points (mapping then atom ids & coords)
  1  6733 [  1->(149.250 141.000 155.500)]
  3  6285 [  3->(148.250 141.750 155.250)]
  4  5524 [  5->(147.000 139.250 153.000)]
  5  5775 [  6->(147.250 141.000 154.250)]
  7  3116 [ 11->(144.750 134.500 150.750)]
  8  2465 [ 13->(144.000 133.000 150.250)]
  9  3323 [ 14->(145.000 133.250 150.250)]
 10  2125 [ 15->(143.500 134.000 152.000)]
 11  7976 [ 17->(151.250 138.750 155.500)]
 12  8223 [ 18->(151.500 138.250 155.500)]
Chromosome values
Integers:
  -1   -1   -1   17    6 6732   -1 6284 5523 5774   -1 3115 
2464 3322 2124 7975 8222   -1 
--------------------------------------------------------------------------------

Current Ranking  1

--------------------------------------------------------------------------------

* GA execution time :                                                           
  total  0.9107 user  0.9067 sys  0.0040

--------------------------------------------------------------------------------
Fitness function evaluations: 90992

--------------------------------------------------------------------------------
** Docking run number  2 **
--------------------------------------------------------------------------------
  Rank fitness base is 5000.00 ; increment is 11.2233

* Initialising population(s) ...                                                
Number of constraints mappings 0
Number of constraints 0
  Population no.                           :      1
  Population size                          :    100
  Number of duplicates                     :      0
  Number of niche violations               :      0
  Number of errors                         :   4350

Number of constraints mappings 0
Number of constraints 0
  Population no.                           :      2
  Population size                          :    100
  Number of duplicates                     :      0
  Number of niche violations               :      0
  Number of errors                         :   4153

Number of constraints mappings 0
Number of constraints 0
  Population no.                           :      3
  Population size                          :    100
  Number of duplicates                     :      0
  Number of niche violations               :      0
  Number of errors                         :   4287

Number of constraints mappings 0
Number of constraints 0
  Population no.                           :      4
  Population size                          :    100
  Number of duplicates                     :      0
  Number of niche violations               :      0
  Number of errors                         :   4154


Doing GA, no. of population(s) 4 size 100 selection pressure 1.100000

 Operation      Score     S(PLP)   S(hbond)     S(cho)   S(metal)  DE(clash)   DE(tors)     intcor
         0      25.67     -26.46       0.10       0.00       0.00       0.00       0.60       0.11
       965      27.01     -26.46       0.54       0.00       0.00       0.00       0.60       0.11
      2299      29.33     -28.98       0.43       0.05       0.00       0.00       0.60       0.11
      6296      32.15     -26.13       1.55       0.69       0.00       0.00       0.41       0.11
      7776      33.25     -27.58       1.60       0.53       0.00       0.00       0.41       0.11
      9060      33.90     -27.40       1.68       0.72       0.00       0.00       0.41       0.11
      9244      34.49     -29.26       1.62       0.36       0.00       0.00       0.41       0.11
     12016      35.45     -29.10       1.61       0.73       0.00       0.00       0.39       0.11
     12932      35.53     -28.53       1.66       0.89       0.00       0.00       0.39       0.11
     13924      35.99     -28.90       1.61       1.00       0.00       0.00       0.43       0.11
     15808      36.37     -29.35       1.66       1.00       0.00       0.00       0.53       0.11
     18844      36.77     -29.75       1.64       1.00       0.00       0.00       0.51       0.11
     20052      37.01     -30.03       1.62       1.00       0.00       0.00       0.50       0.11
     25355      37.10     -30.02       1.66       1.00       0.00       0.00       0.50       0.11
     25827      37.11     -30.06       1.61       1.00       0.00       0.00       0.44       0.11
     26416      37.15     -30.06       1.64       1.00       0.00       0.00       0.47       0.11
     30018      37.15     -30.04       1.66       1.00       0.00       0.00       0.49       0.11
     31588      37.20     -30.15       1.62       1.00       0.00       0.00       0.47       0.11
     41012      37.24     -30.13       1.61       1.00       0.00       0.00       0.41       0.11
--------------------------------------------------------------------------------
Best docking solution after GA:
     43000      37.24     -30.13       1.61       1.00       0.00       0.00       0.41       0.11

#ops:      43000 #mutates:  20418 #cross:    20403 #migrate:   2179 
#dups:     10964 #niche:    19091 #errors:    3532 
--------------------------------------------------------------------------------

Doing AMOEBA simplex on best individual
Done simplexing #iterations 625, best score  38.16

Ligand is stored in gold_soln_AV-procd_m5835_2.sdf


--------------------------------------------------------------------------------
--- CHEMPLP breakdown of terms                                               ---
--------------------------------------------------------------------------------
CHEMPLP = - ( 1.0000*S(PLP) + -3.0000*S(hbond) + -6.0000*S(metal) + -3.0000*S(cho) )

Score = CHEMPLP - 1.0000*DE(clash) - 2.0000*DE(tors)

Internal energy term has been corrected with the best internal energy encountered.

--------------------------------------------------------------------------------


     Score     S(PLP)   S(hbond)     S(cho)   S(metal)  DE(clash)   DE(tors)     intcor
     38.16     -30.88       1.71       1.00       0.00       0.00       0.48       0.11

--------------------------------------------------------------------------------
--- PLP analysis of protein-ligand interactions                              ---
--------------------------------------------------------------------------------
hydrogen bonding        :      -1.63
metal                   :       0.00
buried (polar-nonpolar) :      -2.35
nonpolar                :     -26.69
repulsive               :       0.43
--------------------------------------------------------------------------------


--------------------------------------------------------------------------------
--- ChemScore analysis of protein-ligand interactions                        ---
--------------------------------------------------------------------------------

* Hydrogen bonds                                                                
Ligand donor    8 hydrogen   33 Protein acceptor 7948 bond energy  1.00 wt 0.78
Protein donor 7989 hydrogen 7998 Ligand acceptor   20 bond energy  1.00 wt 0.93


* CH..O interactions                                                            
  CH group selection                       : activated ring CH (adjacent to hetatom)
Ligand carbon   13 hydrogen   36 Protein acceptor 7921 bond energy  1.00 wt 1.00

--------------------------------------------------------------------------------


--------------------------------------------------------------------------------
--- Intra-ligand clashes                                                     ---
--------------------------------------------------------------------------------

Ligand
--------------------------------------------------------------------------------

--------------------------------------------------------------------------------
--- Rescoring solution                                                       ---
--------------------------------------------------------------------------------

     Score         DG    S(hbond)    S(metal)    S(lipo)     H(rot)  DE(clash)    DE(int)
      9.06     -13.35       1.07        0.00      76.14       1.80       1.14       3.14

Doing AMOEBA simplex on best individual
Done simplexing #iterations 764, best score  12.52

     Score         DG    S(hbond)    S(metal)    S(lipo)     H(rot)  DE(clash)    DE(int)
     12.52     -14.83       1.51        0.00      76.27       1.80       0.37       1.93

--------------------------------------------------------------------------------
--- ChemScore breakdown of terms                                             ---
--------------------------------------------------------------------------------
DG = -5.4800 + -3.3400*S(hbond)
     + -6.0300*S(metal) + -0.1170*S(lipo) + 2.5600*H(rot)


H(rot) = 1.8038

Score = -(DG + DE(clash) + DE(int))


--------------------------------------------------------------------------------


--------------------------------------------------------------------------------
--- ChemScore analysis of protein-ligand interactions                        ---
--------------------------------------------------------------------------------

* Hydrogen bonds                                                                
Ligand donor    8 hydrogen   33 Protein acceptor 7948 bond energy  1.00 wt 0.85
Protein donor 7989 hydrogen 7998 Ligand acceptor   20 bond energy  1.00 wt 0.66

CHEMSCORE EXTRA INTERACTIONS:

* Clashes                                                                       
Clash for ligand atom   7 (**** ):   0.26
Clash for ligand atom  14 (**** ):   0.08
Clash for ligand atom  20 (**** ):   0.04
--------------------------------------------------------------------------------


--------------------------------------------------------------------------------
--- Chromosome decoded                                                       ---
--------------------------------------------------------------------------------
Ligand Torsions
[   3    4    5    6]  -55.14
[   8    7    5    4] -145.87
[   9    8    7    5]  -74.47
[  12   11    9    8]   60.09
[  16   12   11    9]    1.34
Protein Torsions
[6907 6896 6895 6894]   54.02 
[7974 7965 7964 7962] -135.49 
[8008 7997 7996 7995]  119.89 
[10167 10162 10161 10158]  118.01 
[10718 10713 10712 10709] -105.28 
[10763 10752 10751 10750]  -97.42 
[11005 11000 10999 10996] -137.49 
Mapping
Ligand acceptors to protein hydrogens (mapping then atom ids)
  4  18 [ 20->7998]
Ligand hydrogens to protein acceptors (mapping then atom ids)
Ligand shape atoms to protein points (mapping then atom ids & coords)
  7  2938 [ 11->(144.500 135.500 151.250)]
  8  4506 [ 13->(146.000 133.250 150.750)]
  9  4227 [ 14->(145.750 133.250 151.250)]
Chromosome values
Integers:
  -1   -1   -1   17   -1   -1   -1   -1   -1   -1   -1 2937 
4505 4226   -1   -1   -1   -1 
--------------------------------------------------------------------------------

Current Ranking  1  2

--------------------------------------------------------------------------------

* GA execution time :                                                           
  total  0.8619 user  0.8619 sys  0.0000

--------------------------------------------------------------------------------
Fitness function evaluations: 89949

--------------------------------------------------------------------------------
** Docking run number  3 **
--------------------------------------------------------------------------------
  Rank fitness base is 5000.00 ; increment is 11.2233

* Initialising population(s) ...                                                
Number of constraints mappings 0
Number of constraints 0
  Population no.                           :      1
  Population size                          :    100
  Number of duplicates                     :      0
  Number of niche violations               :      0
  Number of errors                         :   4289

Number of constraints mappings 0
Number of constraints 0
  Population no.                           :      2
  Population size                          :    100
  Number of duplicates                     :      0
  Number of niche violations               :      0
  Number of errors                         :   4096

Number of constraints mappings 0
Number of constraints 0
  Population no.                           :      3
  Population size                          :    100
  Number of duplicates                     :      0
  Number of niche violations               :      0
  Number of errors                         :   4306

Number of constraints mappings 0
Number of constraints 0
  Population no.                           :      4
  Population size                          :    100
  Number of duplicates                     :      0
  Number of niche violations               :      0
  Number of errors                         :   4049


Doing GA, no. of population(s) 4 size 100 selection pressure 1.100000

 Operation      Score     S(PLP)   S(hbond)     S(cho)   S(metal)  DE(clash)   DE(tors)     intcor
         0      15.14     -12.86       0.96       0.38       0.00       0.29       0.79       0.11
       177      17.08     -13.41       0.31       1.61       0.00       0.00       1.10       0.11
       397      18.39     -17.48       0.90       0.00       0.00       0.43       0.74       0.11
       449      21.33     -20.41       1.00       0.00       0.00       0.00       1.10       0.11
      1318      25.89     -19.83       1.85       0.96       0.00       0.00       1.23       0.11
      2181      26.05     -22.09       1.00       0.94       0.00       0.00       0.99       0.11
      4781      27.28     -25.31       1.16       0.54       0.00       0.00       1.62       0.11
      5465      27.73     -24.37       1.00       0.86       0.00       0.00       1.16       0.11
      6045      28.35     -24.11       0.98       1.00       0.00       0.00       0.90       0.11
      6101      29.39     -25.22       1.95       0.00       0.00       0.00       0.90       0.11
      6627      33.79     -29.26       2.00       0.00       0.00       0.00       0.79       0.11
      8285      36.99     -32.69       1.95       0.85       0.00       0.00       2.10       0.11
      8904      37.48     -30.14       2.00       0.94       0.00       0.00       0.79       0.11
     11097      38.10     -30.60       2.00       1.00       0.00       0.00       0.79       0.08
     12263      38.13     -30.71       2.00       1.00       0.00       0.00       0.83       0.08
     12822      38.32     -30.90       1.94       1.18       0.00       0.00       1.02       0.08
     13806      38.36     -31.16       1.94       1.18       0.00       0.00       1.13       0.08
     14380      38.41     -30.95       2.00       1.00       0.00       0.00       0.79       0.04
     14578      38.84     -31.79       1.83       1.21       0.00       0.00       1.06       0.04
     14650      38.91     -31.85       1.75       1.29       0.00       0.00       1.06       0.04
     14810      39.04     -31.78       1.88       1.23       0.00       0.00       1.06       0.04
     15102      39.18     -31.99       1.86       1.25       0.00       0.00       1.09       0.04
     15462      39.27     -31.54       1.82       1.38       0.00       0.00       0.95       0.04
     15734      39.37     -32.05       1.91       1.22       0.00       0.00       1.06       0.04
     17445      39.73     -31.94       1.74       1.55       0.00       0.00       1.06       0.04
     18774      39.75     -32.53       1.90       1.25       0.00       0.00       1.12       0.04
     19454      39.77     -32.18       1.91       1.26       0.00       0.00       0.98       0.04
     20238      39.90     -32.40       1.90       1.26       0.00       0.00       1.01       0.04
     24799      39.97     -32.47       1.90       1.30       0.00       0.00       1.07       0.04
     25349      39.99     -32.57       1.90       1.26       0.00       0.00       1.05       0.04
     25648      40.56     -32.92       1.91       1.29       0.00       0.00       1.01       0.04
     27796      40.63     -32.74       1.85       1.44       0.00       0.00       1.01       0.04
     31860      40.72     -32.87       1.85       1.45       0.00       0.00       1.05       0.04
     33626      40.79     -32.88       1.83       1.48       0.00       0.00       1.04       0.04
     34990      40.82     -32.82       1.83       1.49       0.00       0.00       1.01       0.04
     35742      40.82     -32.92       1.82       1.50       0.00       0.00       1.05       0.04
     35822      40.85     -32.76       1.83       1.51       0.00       0.00       0.98       0.04
     38889      40.88     -32.70       1.83       1.52       0.00       0.00       0.96       0.04
     39554      41.00     -32.78       1.85       1.58       0.00       0.00       1.06       0.04
     41719      41.04     -32.99       1.85       1.54       0.00       0.00       1.07       0.04
     42266      41.16     -32.92       1.85       1.56       0.00       0.00       1.00       0.04
--------------------------------------------------------------------------------
Best docking solution after GA:
     43000      41.16     -32.92       1.85       1.56       0.00       0.00       1.00       0.04

#ops:      43000 #mutates:  20273 #cross:    20555 #migrate:   2172 
#dups:     13249 #niche:    23017 #errors:    1422 
--------------------------------------------------------------------------------

Doing AMOEBA simplex on best individual
Done simplexing #iterations 795, best score  45.04

Ligand is stored in gold_soln_AV-procd_m5835_3.sdf


--------------------------------------------------------------------------------
--- CHEMPLP breakdown of terms                                               ---
--------------------------------------------------------------------------------
CHEMPLP = - ( 1.0000*S(PLP) + -3.0000*S(hbond) + -6.0000*S(metal) + -3.0000*S(cho) )

Score = CHEMPLP - 1.0000*DE(clash) - 2.0000*DE(tors)

Internal energy term has been corrected with the best internal energy encountered.

--------------------------------------------------------------------------------


     Score     S(PLP)   S(hbond)     S(cho)   S(metal)  DE(clash)   DE(tors)     intcor
     45.04     -35.64       1.86       2.00       0.00       0.00       1.12       0.04

--------------------------------------------------------------------------------
--- PLP analysis of protein-ligand interactions                              ---
--------------------------------------------------------------------------------
hydrogen bonding        :      -2.00
metal                   :       0.00
buried (polar-nonpolar) :      -3.76
nonpolar                :     -31.02
repulsive               :       0.47
--------------------------------------------------------------------------------


--------------------------------------------------------------------------------
--- ChemScore analysis of protein-ligand interactions                        ---
--------------------------------------------------------------------------------

* Hydrogen bonds                                                                
Ligand donor    8 hydrogen   33 Protein acceptor 7948 bond energy  1.00 wt 1.00
Protein donor 7989 hydrogen 7998 Ligand acceptor   20 bond energy  1.00 wt 0.86


* CH..O interactions                                                            
  CH group selection                       : activated ring CH (adjacent to hetatom)
Ligand carbon   13 hydrogen   36 Protein acceptor 7921 bond energy  1.00 wt 1.00
Ligand carbon   15 hydrogen   38 Protein acceptor 10957 bond energy  1.00 wt 1.00

--------------------------------------------------------------------------------


--------------------------------------------------------------------------------
--- Intra-ligand clashes                                                     ---
--------------------------------------------------------------------------------

Ligand
--------------------------------------------------------------------------------

--------------------------------------------------------------------------------
--- Rescoring solution                                                       ---
--------------------------------------------------------------------------------

     Score         DG    S(hbond)    S(metal)    S(lipo)     H(rot)  DE(clash)    DE(int)
     10.88     -14.04       1.12        0.00      80.63       1.80       1.00       2.15

Doing AMOEBA simplex on best individual
Done simplexing #iterations 714, best score  12.22

     Score         DG    S(hbond)    S(metal)    S(lipo)     H(rot)  DE(clash)    DE(int)
     12.22     -14.35       1.14        0.00      82.64       1.80       0.05       2.08

--------------------------------------------------------------------------------
--- ChemScore breakdown of terms                                             ---
--------------------------------------------------------------------------------
DG = -5.4800 + -3.3400*S(hbond)
     + -6.0300*S(metal) + -0.1170*S(lipo) + 2.5600*H(rot)


H(rot) = 1.8038

Score = -(DG + DE(clash) + DE(int))


--------------------------------------------------------------------------------


--------------------------------------------------------------------------------
--- ChemScore analysis of protein-ligand interactions                        ---
--------------------------------------------------------------------------------

* Hydrogen bonds                                                                
Ligand donor    8 hydrogen   33 Protein acceptor 7948 bond energy  1.00 wt 1.00
Protein donor 7989 hydrogen 7998 Ligand acceptor   20 bond energy  1.00 wt 0.14

CHEMSCORE EXTRA INTERACTIONS:

* Clashes                                                                       
Clash for ligand atom   2 (**** ):   0.01
Clash for ligand atom  11 (**** ):   0.04
--------------------------------------------------------------------------------


--------------------------------------------------------------------------------
--- Chromosome decoded                                                       ---
--------------------------------------------------------------------------------
Ligand Torsions
[   3    4    5    6]  -38.67
[   8    7    5    4] -130.41
[   9    8    7    5] -103.16
[  12   11    9    8]  120.09
[  16   12   11    9]    6.94
Protein Torsions
[6907 6896 6895 6894] -165.78 
[7974 7965 7964 7962] -112.12 
[8008 7997 7996 7995]   97.12 
[10167 10162 10161 10158]   31.74 
[10718 10713 10712 10709]  -88.65 
[10763 10752 10751 10750]  160.21 
[11005 11000 10999 10996] -161.74 
Mapping
Ligand acceptors to protein hydrogens (mapping then atom ids)
  4  18 [ 20->7998]
Ligand hydrogens to protein acceptors (mapping then atom ids)
  1   7 [ 33->7948]
Ligand shape atoms to protein points (mapping then atom ids & coords)
  1  7150 [  1->(150.250 142.250 157.250)]
  3  6371 [  3->(148.500 139.750 154.250)]
  5  5107 [  6->(146.500 142.000 154.500)]
  8  3650 [ 13->(145.250 135.000 151.250)]
  9  2492 [ 14->(144.000 133.500 150.000)]
 12  7482 [ 18->(150.750 138.250 155.250)]
Chromosome values
Integers:
  -1   -1   -1   17    6 7149   -1 6370   -1 5106   -1   -1 
3649 2491   -1   -1 7481   -1 
--------------------------------------------------------------------------------

Current Ranking  1  3  2

Top  3 (of  3) solutions are within 1.500 RMSD, finishing docking /DATA2/COVID-19/PDBs_&_Models/AV-procd.sdf.


--------------------------------------------------------------------------------

* GA execution time :                                                           
  total  0.9500 user  0.9460 sys  0.0040

--------------------------------------------------------------------------------
Fitness function evaluations: 90100

--------------------------------------------------------------------------------
--- Ranking analysis                                                         ---
--------------------------------------------------------------------------------


* Final ranked order of GA solutions:                                           
   1  3  2 

  _______________________________
  RMSD Matrix of RANKED solutions

        2    3  

   1 :  0.5  1.0
   2 :       1.3

  Clustering method                        : complete linkage
  Structure ids in cluster table           : rank nos.
  Ordering of clusters and their members   : by rank (order if from rms_analysis)

  Distance | Clusters
   0.51    |  1  2 |  3 |
   1.33    |  1  2  3 |
  Finished Docking Ligand                  : /DATA2/COVID-19/PDBs_&_Models/AV-procd.sdf
--------------------------------------------------------------------------------

  Relative_Ligand_Energy (best encountered) :   0.042
  Relative_Ligand_Energy: fitness values have been corrected using this amount
