
--------------------------------------------------------------------------------
--- Ligand                                                                   ---
--------------------------------------------------------------------------------
  Ligand loaded from file                  : /DATA2/COVID-19/PDBs_&_Models/AV-procd.sdf
  Ligand name                              :  
  "AV-unprocessed.smi:2950                                                  "

--------------------------------------------------------------------------------
  N.plc donors                             : 
  none found

  Acidic nitrogen acceptors                : 
  none found
  Sulfur acceptors                         :
  none found


  Donor atoms                              :      1
  8   
  Acceptor atoms                           :      3
  2   8   9   

  Hydrogens                                :  (n = 1)
  25   

  Lone pairs added to molecule             :      5
  Numbering                                : from 30 to 34
  Choline groups                           : 
   

--------------------------------------------------------------------------------
--- Postprocessing of typing                                                 ---
--------------------------------------------------------------------------------
  Fragment file                            : /home/scv26/CCDC/Discovery_2020/GOLD/gold/rotatable_bond_override.mol2
  acylurea fragment                        : no matches
  thioacylthiourea fragment                : no matches
  acylthiourea fragment                    : no matches
  thioacylurea fragment                    : no matches
  diarylamine fragment >C.ar-NH-C.ar<      : no matches
  sec-amine (1) fragment                   : no matches
  sec-amine (2) fragment                   : 1 matches
  Ligand bond 5-15  set to 1
  Ligand bond 5-4  set to 1
  Ligand bond 5-6  set to 1
  sec-amine (3) fragment                   : 1 matches
  Ligand bond 5-15  set to 1
  Ligand bond 5-6  set to 1
  Ligand bond 5-4  set to 1
  carboxylic ester                         : no matches

* Rotatable bonds in /DATA2/COVID-19/PDBs  :
  [   2    3] [   3    4] [   4    5] [   6    7] 
  [   7    8] 
  No. of rotatable bonds                   :      5


* Fragments found in /DATA2/COVID-19/PDBs  :
  atom  10: benzene
  atom  11: benzene
  atom  12: benzene
  atom  13: benzene
  atom  14: benzene
  atom  15: benzene


* Checking torsion distributions:                                               
  No. of matched torsions                  :      0

--------------------------------------------------------------------------------
--- Shape fitting atoms selection (hydrophobic atoms)                        ---
--------------------------------------------------------------------------------
  Molecule                                 : /DATA2/COVID-19/PDBs_&_Models/AV-procd.sdf
  Selection                                : carbons only
  Atom numbers                             :  (n = 8)
  1    3    4    7    11   12   13   14   


--------------------------------------------------------------------------------
--- ChemScore ligand setup summary                                           ---
--------------------------------------------------------------------------------
  ChemScore ligand acceptors               :      3
  2 8 9 
  ChemScore ligand donors                  :      1
  8 ( 25  ) 
  ChemScore ligand CH donors               :      0
  

  ChemScore ligand lipophilic atoms        :  (n = 10)
  1    3    4    7    10   11   12   13   14   15   
  

  ChemScore ligand rotatable bonds         :      5
  2   (****) - 3   (****): SP3_SP3_BOND
  3   (****) - 4   (****): SP3_SP3_BOND
  4   (****) - 5   (****): SP3_SP2_BOND
  6   (****) - 7   (****): SP3_SP2_BOND
  7   (****) - 8   (****): SP3_SP3_BOND

--------------------------------------------------------------------------------
--- PLP ligand setup summary                                                 ---
--------------------------------------------------------------------------------
    1  ****   C.3 NONPOLAR
    2  ****   O.3 ACCEPTOR
    3  ****   C.3 NONPOLAR
    4  ****   C.3 NONPOLAR
    5  **** N.pl3 NONPOLAR
    6  ****   C.2 NONPOLAR
    7  ****   C.3 NONPOLAR
    8  ****   O.3 DONACC
    9  ****   N.2 ACCEPTOR
   10  ****  C.ar NONPOLAR
   11  ****  C.ar NONPOLAR
   12  ****  C.ar NONPOLAR
   13  ****  C.ar NONPOLAR
   14  ****  C.ar NONPOLAR
   15  ****  C.ar NONPOLAR


--------------------------------------------------------------------------------
--- Automatic parameter setting                                              ---
--------------------------------------------------------------------------------
  Contribution base                        :   2500
  Contribution per rotatable bond          :   6000
  Contribution per df                      :   4000
  Contribution per water                   :  10000
  Ligand rotatable bonds                   :      5
  Protein flexible side chain bonds        :      0
  Total rotatable bonds                    :      5
  Hydrophobic vol ratio (P/L)              :   2.884
  Base multiplier (polar)                  :   0.800
  Base multiplier (apolar)                 :   4.614
  Base contribution                        : 12500.000
  Fitting points                           :      4
  Estimated maxops needed (optimal)        :  43000

--------------------------------------------------------------------------------

* Population settings                                                           
  maxops                                   :  43000
  popsiz                                   :    100
  select_pressure                          :   1.100
  n_islands                                :      4
  niche_siz                                :      2

* GA settings                                                                   
  pt_crosswt                               :     95
  allele_mutatewt                          :     95
  migratewt                                :     10

* Search settings                                                               
  start_vdw_linear_cutoff                  :   4.000
  initial_virtual_pt_match_max             :   3.000

--------------------------------------------------------------------------------

* Ligand initialisation time :                                                  
  total  0.0043 user  0.0043 sys  0.0000

--------------------------------------------------------------------------------

--------------------------------------------------------------------------------
** Docking run number  1 **
--------------------------------------------------------------------------------
  Rank fitness base is 5000.00 ; increment is 11.2233

* Initialising population(s) ...                                                
Number of constraints mappings 0
Number of constraints 0
  Population no.                           :      1
  Population size                          :    100
  Number of duplicates                     :      0
  Number of niche violations               :      0
  Number of errors                         :   8744

Number of constraints mappings 0
Number of constraints 0
  Population no.                           :      2
  Population size                          :    100
  Number of duplicates                     :      0
  Number of niche violations               :      0
  Number of errors                         :   8724

Number of constraints mappings 0
Number of constraints 0
  Population no.                           :      3
  Population size                          :    100
  Number of duplicates                     :      0
  Number of niche violations               :      0
  Number of errors                         :   8534

Number of constraints mappings 0
Number of constraints 0
  Population no.                           :      4
  Population size                          :    100
  Number of duplicates                     :      0
  Number of niche violations               :      0
  Number of errors                         :   9014


Doing GA, no. of population(s) 4 size 100 selection pressure 1.100000

 Operation      Score     S(PLP)   S(hbond)     S(cho)   S(metal)  DE(clash)   DE(tors)     intcor
         0      25.23     -19.98       1.91       0.00       0.00       0.00       0.45       0.11
       802      26.07     -25.74       0.31       0.00       0.00       0.00       0.36       0.11
      1906      26.57     -27.79       0.05       0.00       0.00       0.00       0.74       0.11
      2338      28.21     -26.84       0.85       0.00       0.00       0.00       0.64       0.10
      2536      29.05     -26.22       0.94       0.00       0.00       0.00       0.05       0.10
      2983      30.98     -29.86       0.93       0.00       0.00       0.00       0.88       0.10
      4287      32.16     -30.37       0.93       0.00       0.00       0.00       0.54       0.08
      5607      32.42     -30.62       1.00       0.00       0.00       0.00       0.63       0.06
      6255      32.46     -30.45       0.99       0.00       0.00       0.00       0.52       0.06
      7227      32.77     -30.81       1.00       0.00       0.00       0.00       0.55       0.06
      8106      32.85     -31.86       0.90       0.00       0.00       0.00       0.88       0.06
      8488      32.90     -30.68       1.14       0.00       0.00       0.00       0.62       0.06
      9842      34.42     -31.93       1.35       0.00       0.00       0.00       0.81       0.06
     11424      35.21     -31.03       1.90       0.00       0.00       0.00       0.78       0.05
     13316      35.29     -31.06       1.90       0.00       0.00       0.00       0.75       0.04
     13594      35.61     -31.86       1.55       0.00       0.00       0.00       0.47       0.04
     14267      36.35     -31.93       2.00       0.00       0.00       0.00       0.81       0.04
     15527      37.52     -35.46       1.00       0.00       0.00       0.00       0.49       0.04
     18054      37.96     -32.74       1.90       0.00       0.00       0.00       0.25       0.04
     19466      38.44     -33.26       1.89       0.00       0.00       0.00       0.26       0.04
     20150      38.46     -33.44       1.89       0.00       0.00       0.00       0.34       0.04
     20538      38.46     -33.08       1.95       0.00       0.00       0.00       0.25       0.04
     21170      38.66     -33.48       1.89       0.00       0.00       0.00       0.27       0.04
     22437      38.68     -33.26       1.97       0.00       0.00       0.00       0.26       0.04
     22789      38.95     -34.11       1.89       0.00       0.00       0.00       0.43       0.04
     22886      38.97     -33.25       1.99       0.00       0.00       0.00       0.15       0.04
     23399      39.31     -37.42       1.00       0.00       0.00       0.00       0.57       0.04
     25081      39.46     -34.09       1.99       0.00       0.00       0.00       0.32       0.04
     26275      39.51     -37.60       1.00       0.00       0.00       0.00       0.56       0.03
     30157      39.65     -34.27       2.00       0.00       0.00       0.00       0.33       0.03
     36236      39.66     -34.27       2.00       0.00       0.00       0.00       0.32       0.03
     38102      39.66     -34.26       2.00       0.00       0.00       0.00       0.31       0.03
     40117      39.67     -34.25       2.00       0.00       0.00       0.00       0.31       0.03
     42018      39.67     -34.26       2.00       0.00       0.00       0.00       0.31       0.03
--------------------------------------------------------------------------------
Best docking solution after GA:
     43000      39.67     -34.26       2.00       0.00       0.00       0.00       0.31       0.03

#ops:      43000 #mutates:  20502 #cross:    20381 #migrate:   2117 
#dups:     11771 #niche:    24435 #errors:    2150 
--------------------------------------------------------------------------------

Doing AMOEBA simplex on best individual
Done simplexing #iterations 515, best score  40.69

Ligand is stored in gold_soln_AV-procd_m11288_1.sdf


--------------------------------------------------------------------------------
--- CHEMPLP breakdown of terms                                               ---
--------------------------------------------------------------------------------
CHEMPLP = - ( 1.0000*S(PLP) + -3.0000*S(hbond) + -6.0000*S(metal) + -3.0000*S(cho) )

Score = CHEMPLP - 1.0000*DE(clash) - 2.0000*DE(tors)

Internal energy term has been corrected with the best internal energy encountered.

--------------------------------------------------------------------------------


     Score     S(PLP)   S(hbond)     S(cho)   S(metal)  DE(clash)   DE(tors)     intcor
     40.69     -35.35       2.00       0.00       0.00       0.00       0.35       0.03

--------------------------------------------------------------------------------
--- PLP analysis of protein-ligand interactions                              ---
--------------------------------------------------------------------------------
hydrogen bonding        :      -2.00
metal                   :       0.00
buried (polar-nonpolar) :      -5.47
nonpolar                :     -26.75
repulsive               :       0.08
--------------------------------------------------------------------------------


--------------------------------------------------------------------------------
--- ChemScore analysis of protein-ligand interactions                        ---
--------------------------------------------------------------------------------

* Hydrogen bonds                                                                
Protein donor 7989 hydrogen 7998 Ligand acceptor    2 bond energy  1.00 wt 1.00
Protein donor 7997 hydrogen 8008 Ligand acceptor    8 bond energy  1.00 wt 1.00


* CH..O interactions                                                            
  CH group selection                       : activated ring CH (adjacent to hetatom)

--------------------------------------------------------------------------------


--------------------------------------------------------------------------------
--- Intra-ligand clashes                                                     ---
--------------------------------------------------------------------------------

Ligand
--------------------------------------------------------------------------------

--------------------------------------------------------------------------------
--- Rescoring solution                                                       ---
--------------------------------------------------------------------------------

     Score         DG    S(hbond)    S(metal)    S(lipo)     H(rot)  DE(clash)    DE(int)
     13.72     -14.34       1.25        0.00      86.84       2.14       0.31       0.31

Doing AMOEBA simplex on best individual
Done simplexing #iterations 678, best score  15.80

     Score         DG    S(hbond)    S(metal)    S(lipo)     H(rot)  DE(clash)    DE(int)
     15.80     -15.97       1.69        0.00      88.36       2.14       0.00       0.18

--------------------------------------------------------------------------------
--- ChemScore breakdown of terms                                             ---
--------------------------------------------------------------------------------
DG = -5.4800 + -3.3400*S(hbond)
     + -6.0300*S(metal) + -0.1170*S(lipo) + 2.5600*H(rot)


H(rot) = 2.1420

Score = -(DG + DE(clash) + DE(int))


--------------------------------------------------------------------------------


--------------------------------------------------------------------------------
--- ChemScore analysis of protein-ligand interactions                        ---
--------------------------------------------------------------------------------

* Hydrogen bonds                                                                
Protein donor 7989 hydrogen 7998 Ligand acceptor    2 bond energy  1.00 wt 0.75
Protein donor 7997 hydrogen 8008 Ligand acceptor    8 bond energy  1.00 wt 0.94

CHEMSCORE EXTRA INTERACTIONS:

* Clashes                                                                       
--------------------------------------------------------------------------------


--------------------------------------------------------------------------------
--- Chromosome decoded                                                       ---
--------------------------------------------------------------------------------
Ligand Torsions
[   1    2    3    4]   97.36
[   2    3    4    5]  164.52
[   3    4    5   15]   62.39
[   8    7    6    5]   64.93
[  25    8    7    6] -100.08
Protein Torsions
[6907 6896 6895 6894]  144.30 
[7974 7965 7964 7962]   96.22 
[8008 7997 7996 7995]  -71.09 
[10167 10162 10161 10158] -147.69 
[10718 10713 10712 10709]  137.43 
[10763 10752 10751 10750]   55.01 
[11005 11000 10999 10996]   98.86 
Mapping
Ligand acceptors to protein hydrogens (mapping then atom ids)
Ligand hydrogens to protein acceptors (mapping then atom ids)
Ligand shape atoms to protein points (mapping then atom ids & coords)
  5  9563 [ 11->(153.000 142.750 160.500)]
  6  8430 [ 12->(151.500 145.750 160.500)]
  8  7545 [ 14->(150.750 143.250 158.500)]
Chromosome values
Integers:
  -1   -1   -1   -1   -1   -1   -1   -1 9562 8429   -1 7544 
--------------------------------------------------------------------------------

Current Ranking  1

--------------------------------------------------------------------------------

* GA execution time :                                                           
  total  0.7691 user  0.7691 sys  0.0000

--------------------------------------------------------------------------------
Fitness function evaluations: 108311

--------------------------------------------------------------------------------
** Docking run number  2 **
--------------------------------------------------------------------------------
  Rank fitness base is 5000.00 ; increment is 11.2233

* Initialising population(s) ...                                                
Number of constraints mappings 0
Number of constraints 0
  Population no.                           :      1
  Population size                          :    100
  Number of duplicates                     :      0
  Number of niche violations               :      0
  Number of errors                         :   8737

Number of constraints mappings 0
Number of constraints 0
  Population no.                           :      2
  Population size                          :    100
  Number of duplicates                     :      0
  Number of niche violations               :      0
  Number of errors                         :   8641

Number of constraints mappings 0
Number of constraints 0
  Population no.                           :      3
  Population size                          :    100
  Number of duplicates                     :      0
  Number of niche violations               :      0
  Number of errors                         :   8859

Number of constraints mappings 0
Number of constraints 0
  Population no.                           :      4
  Population size                          :    100
  Number of duplicates                     :      0
  Number of niche violations               :      0
  Number of errors                         :   8656


Doing GA, no. of population(s) 4 size 100 selection pressure 1.100000

 Operation      Score     S(PLP)   S(hbond)     S(cho)   S(metal)  DE(clash)   DE(tors)     intcor
         0      25.56     -25.21       0.99       0.00       0.00       1.49       0.58       0.03
       985      27.26     -25.36       0.99       0.00       0.00       0.00       0.56       0.03
      1457      29.58     -29.09       0.70       0.00       0.00       0.00       0.82       0.03
      1609      29.98     -29.07       0.70       0.00       0.00       0.00       0.61       0.03
      2145      30.03     -29.12       0.70       0.00       0.00       0.00       0.61       0.03
      2260      30.11     -30.07       0.55       0.00       0.00       0.00       0.82       0.03
      2761      30.60     -27.12       1.52       0.00       0.00       0.00       0.56       0.03
      3137      32.02     -31.76       0.42       0.00       0.00       0.00       0.52       0.03
      3169      32.66     -30.24       1.20       0.00       0.00       0.00       0.61       0.03
      3204      33.82     -30.25       1.58       0.00       0.00       0.00       0.61       0.03
      4109      34.80     -32.81       1.00       0.00       0.00       0.00       0.52       0.03
      4488      35.04     -30.20       2.00       0.00       0.00       0.00       0.59       0.03
      4960      35.05     -30.76       1.82       0.00       0.00       0.00       0.59       0.03
      5328      35.25     -30.79       1.88       0.00       0.00       0.00       0.61       0.03
      6161      35.60     -30.76       2.00       0.00       0.00       0.00       0.59       0.03
      6871      37.65     -32.41       1.94       0.00       0.00       0.00       0.31       0.03
      9907      37.66     -32.42       1.94       0.00       0.00       0.00       0.31       0.03
     11327      37.85     -32.76       1.90       0.00       0.00       0.00       0.31       0.03
     12803      37.87     -32.83       1.88       0.00       0.00       0.00       0.31       0.03
     13150      38.25     -32.90       2.00       0.00       0.00       0.00       0.34       0.03
     15454      38.83     -33.97       1.91       0.00       0.00       0.00       0.45       0.03
     17518      38.87     -33.86       1.96       0.00       0.00       0.00       0.45       0.03
     18241      38.88     -33.82       1.98       0.00       0.00       0.00       0.45       0.03
     19818      38.90     -33.91       1.96       0.00       0.00       0.00       0.46       0.03
     20114      39.77     -34.47       2.00       0.00       0.00       0.00       0.37       0.03
--------------------------------------------------------------------------------
Best docking solution after GA:
     43000      39.77     -34.47       2.00       0.00       0.00       0.00       0.37       0.02

#ops:      43000 #mutates:  20284 #cross:    20515 #migrate:   2201 
#dups:     11098 #niche:    24361 #errors:    2376 
--------------------------------------------------------------------------------

Doing AMOEBA simplex on best individual
Done simplexing #iterations 422, best score  40.19

Ligand is stored in gold_soln_AV-procd_m11288_2.sdf


--------------------------------------------------------------------------------
--- CHEMPLP breakdown of terms                                               ---
--------------------------------------------------------------------------------
CHEMPLP = - ( 1.0000*S(PLP) + -3.0000*S(hbond) + -6.0000*S(metal) + -3.0000*S(cho) )

Score = CHEMPLP - 1.0000*DE(clash) - 2.0000*DE(tors)

Internal energy term has been corrected with the best internal energy encountered.

--------------------------------------------------------------------------------


     Score     S(PLP)   S(hbond)     S(cho)   S(metal)  DE(clash)   DE(tors)     intcor
     40.19     -34.88       2.00       0.00       0.00       0.00       0.36       0.02

--------------------------------------------------------------------------------
--- PLP analysis of protein-ligand interactions                              ---
--------------------------------------------------------------------------------
hydrogen bonding        :      -2.00
metal                   :       0.00
buried (polar-nonpolar) :      -5.65
nonpolar                :     -26.91
repulsive               :       0.08
--------------------------------------------------------------------------------


--------------------------------------------------------------------------------
--- ChemScore analysis of protein-ligand interactions                        ---
--------------------------------------------------------------------------------

* Hydrogen bonds                                                                
Protein donor 7989 hydrogen 7998 Ligand acceptor    2 bond energy  1.00 wt 1.00
Protein donor 7997 hydrogen 8008 Ligand acceptor    8 bond energy  1.00 wt 1.00


* CH..O interactions                                                            
  CH group selection                       : activated ring CH (adjacent to hetatom)

--------------------------------------------------------------------------------


--------------------------------------------------------------------------------
--- Intra-ligand clashes                                                     ---
--------------------------------------------------------------------------------

Ligand
--------------------------------------------------------------------------------

--------------------------------------------------------------------------------
--- Rescoring solution                                                       ---
--------------------------------------------------------------------------------

     Score         DG    S(hbond)    S(metal)    S(lipo)     H(rot)  DE(clash)    DE(int)
     14.19     -14.58       1.31        0.00      87.24       2.14       0.02       0.37

Doing AMOEBA simplex on best individual
Done simplexing #iterations 637, best score  15.77

     Score         DG    S(hbond)    S(metal)    S(lipo)     H(rot)  DE(clash)    DE(int)
     15.77     -16.03       1.73        0.00      87.74       2.14       0.01       0.26

--------------------------------------------------------------------------------
--- ChemScore breakdown of terms                                             ---
--------------------------------------------------------------------------------
DG = -5.4800 + -3.3400*S(hbond)
     + -6.0300*S(metal) + -0.1170*S(lipo) + 2.5600*H(rot)


H(rot) = 2.1420

Score = -(DG + DE(clash) + DE(int))


--------------------------------------------------------------------------------


--------------------------------------------------------------------------------
--- ChemScore analysis of protein-ligand interactions                        ---
--------------------------------------------------------------------------------

* Hydrogen bonds                                                                
Protein donor 7989 hydrogen 7998 Ligand acceptor    2 bond energy  1.00 wt 0.79
Protein donor 7997 hydrogen 8008 Ligand acceptor    8 bond energy  1.00 wt 0.94

CHEMSCORE EXTRA INTERACTIONS:

* Clashes                                                                       
Clash for ligand atom  11 (**** ):   0.01
--------------------------------------------------------------------------------


--------------------------------------------------------------------------------
--- Chromosome decoded                                                       ---
--------------------------------------------------------------------------------
Ligand Torsions
[   1    2    3    4]   88.59
[   2    3    4    5]  152.15
[   3    4    5   15]   62.70
[   8    7    6    5]   62.93
[  25    8    7    6]  -89.23
Protein Torsions
[6907 6896 6895 6894]  -27.58 
[7974 7965 7964 7962]   18.15 
[8008 7997 7996 7995]  -70.63 
[10167 10162 10161 10158] -136.56 
[10718 10713 10712 10709] -149.70 
[10763 10752 10751 10750]  -65.96 
[11005 11000 10999 10996] -133.69 
Mapping
Ligand acceptors to protein hydrogens (mapping then atom ids)
  1  18 [  2->7998]
  2  19 [  8->8008]
Ligand hydrogens to protein acceptors (mapping then atom ids)
Ligand shape atoms to protein points (mapping then atom ids & coords)
  3  7138 [  4->(150.250 141.750 157.250)]
  8  7546 [ 14->(150.750 143.250 158.750)]
Chromosome values
Integers:
  17   18   -1   -1   -1   -1 7137   -1   -1   -1   -1 7545 
--------------------------------------------------------------------------------

Current Ranking  1  2

--------------------------------------------------------------------------------

* GA execution time :                                                           
  total  0.7661 user  0.7661 sys  0.0000

--------------------------------------------------------------------------------
Fitness function evaluations: 108283

--------------------------------------------------------------------------------
** Docking run number  3 **
--------------------------------------------------------------------------------
  Rank fitness base is 5000.00 ; increment is 11.2233

* Initialising population(s) ...                                                
Number of constraints mappings 0
Number of constraints 0
  Population no.                           :      1
  Population size                          :    100
  Number of duplicates                     :      0
  Number of niche violations               :      0
  Number of errors                         :   8750

Number of constraints mappings 0
Number of constraints 0
  Population no.                           :      2
  Population size                          :    100
  Number of duplicates                     :      0
  Number of niche violations               :      0
  Number of errors                         :   8803

Number of constraints mappings 0
Number of constraints 0
  Population no.                           :      3
  Population size                          :    100
  Number of duplicates                     :      0
  Number of niche violations               :      0
  Number of errors                         :   8934

Number of constraints mappings 0
Number of constraints 0
  Population no.                           :      4
  Population size                          :    100
  Number of duplicates                     :      0
  Number of niche violations               :      0
  Number of errors                         :   8608


Doing GA, no. of population(s) 4 size 100 selection pressure 1.100000

 Operation      Score     S(PLP)   S(hbond)     S(cho)   S(metal)  DE(clash)   DE(tors)     intcor
         0      28.40     -28.90       0.36       0.00       0.00       0.00       0.81       0.02
      1371      29.73     -26.88       1.20       0.00       0.00       0.00       0.38       0.02
      2027      31.59     -28.85       0.94       0.00       0.00       0.00       0.04       0.02
      5249      32.10     -27.94       1.62       0.00       0.00       0.00       0.37       0.02
      6566      33.76     -28.43       2.00       0.00       0.00       0.00       0.34       0.01
      7420      34.45     -30.49       1.32       0.00       0.00       0.00       0.01       0.01
      9143      35.08     -31.01       1.57       0.00       0.00       0.00       0.33       0.01
     11163      35.22     -30.55       1.77       0.00       0.00       0.00       0.33       0.01
     11571      35.39     -31.69       1.49       0.00       0.00       0.00       0.39       0.01
     12462      36.05     -31.19       1.78       0.00       0.00       0.00       0.25       0.01
     12882      36.64     -31.31       1.98       0.00       0.00       0.00       0.31       0.01
     15683      36.74     -32.38       1.71       0.00       0.00       0.00       0.39       0.01
     15712      36.88     -32.61       1.62       0.00       0.00       0.00       0.31       0.01
     15972      36.92     -32.53       1.67       0.00       0.00       0.00       0.31       0.01
     16407      36.95     -31.69       1.99       0.00       0.00       0.00       0.36       0.01
     16967      37.78     -32.59       1.97       0.00       0.00       0.00       0.36       0.01
     18991      37.92     -33.03       1.87       0.00       0.00       0.00       0.36       0.01
     19775      37.93     -33.03       1.85       0.00       0.00       0.00       0.34       0.01
     20235      37.95     -33.03       1.87       0.00       0.00       0.00       0.35       0.01
     20783      37.99     -33.12       1.86       0.00       0.00       0.00       0.36       0.01
     22027      38.07     -33.00       1.93       0.00       0.00       0.00       0.36       0.01
     22986      38.07     -32.92       1.92       0.00       0.00       0.00       0.31       0.01
     24832      38.07     -32.97       1.88       0.00       0.00       0.00       0.27       0.01
     24897      38.09     -32.76       1.97       0.00       0.00       0.00       0.29       0.01
     25420      38.10     -32.95       1.90       0.00       0.00       0.00       0.27       0.01
     25854      38.12     -32.88       1.92       0.00       0.00       0.00       0.27       0.01
     26281      38.14     -32.75       1.95       0.00       0.00       0.00       0.24       0.01
     27812      38.18     -32.72       1.98       0.00       0.00       0.00       0.25       0.01
     29120      38.18     -32.96       1.91       0.00       0.00       0.00       0.26       0.01
     30815      38.18     -32.71       1.98       0.00       0.00       0.00       0.25       0.01
     33499      38.19     -32.96       1.91       0.00       0.00       0.00       0.26       0.01
     34334      38.22     -32.88       1.95       0.00       0.00       0.00       0.26       0.01
--------------------------------------------------------------------------------
Best docking solution after GA:
     43000      38.22     -32.88       1.95       0.00       0.00       0.00       0.26       0.01

#ops:      43000 #mutates:  20435 #cross:    20430 #migrate:   2135 
#dups:     13121 #niche:    28417 #errors:    1364 
--------------------------------------------------------------------------------

Doing AMOEBA simplex on best individual
Done simplexing #iterations 386, best score  38.55

Ligand is stored in gold_soln_AV-procd_m11288_3.sdf


--------------------------------------------------------------------------------
--- CHEMPLP breakdown of terms                                               ---
--------------------------------------------------------------------------------
CHEMPLP = - ( 1.0000*S(PLP) + -3.0000*S(hbond) + -6.0000*S(metal) + -3.0000*S(cho) )

Score = CHEMPLP - 1.0000*DE(clash) - 2.0000*DE(tors)

Internal energy term has been corrected with the best internal energy encountered.

--------------------------------------------------------------------------------


     Score     S(PLP)   S(hbond)     S(cho)   S(metal)  DE(clash)   DE(tors)     intcor
     38.55     -33.18       1.98       0.00       0.00       0.00       0.29       0.01

--------------------------------------------------------------------------------
--- PLP analysis of protein-ligand interactions                              ---
--------------------------------------------------------------------------------
hydrogen bonding        :      -2.00
metal                   :       0.00
buried (polar-nonpolar) :      -4.37
nonpolar                :     -26.08
repulsive               :       0.12
--------------------------------------------------------------------------------


--------------------------------------------------------------------------------
--- ChemScore analysis of protein-ligand interactions                        ---
--------------------------------------------------------------------------------

* Hydrogen bonds                                                                
Protein donor 7989 hydrogen 7998 Ligand acceptor    8 bond energy  1.00 wt 0.98
Protein donor 7997 hydrogen 8009 Ligand acceptor    9 bond energy  1.00 wt 1.00


* CH..O interactions                                                            
  CH group selection                       : activated ring CH (adjacent to hetatom)

--------------------------------------------------------------------------------


--------------------------------------------------------------------------------
--- Intra-ligand clashes                                                     ---
--------------------------------------------------------------------------------

Ligand
--------------------------------------------------------------------------------

--------------------------------------------------------------------------------
--- Rescoring solution                                                       ---
--------------------------------------------------------------------------------

     Score         DG    S(hbond)    S(metal)    S(lipo)     H(rot)  DE(clash)    DE(int)
     12.20     -13.14       0.82        0.00      89.05       2.14       0.14       0.81

Doing AMOEBA simplex on best individual
Done simplexing #iterations 685, best score  14.36

     Score         DG    S(hbond)    S(metal)    S(lipo)     H(rot)  DE(clash)    DE(int)
     14.36     -14.62       1.22        0.00      90.08       2.14       0.07       0.19

--------------------------------------------------------------------------------
--- ChemScore breakdown of terms                                             ---
--------------------------------------------------------------------------------
DG = -5.4800 + -3.3400*S(hbond)
     + -6.0300*S(metal) + -0.1170*S(lipo) + 2.5600*H(rot)


H(rot) = 2.1420

Score = -(DG + DE(clash) + DE(int))


--------------------------------------------------------------------------------


--------------------------------------------------------------------------------
--- ChemScore analysis of protein-ligand interactions                        ---
--------------------------------------------------------------------------------

* Hydrogen bonds                                                                
Protein donor 7989 hydrogen 7998 Ligand acceptor    8 bond energy  1.00 wt 0.81
Protein donor 7997 hydrogen 8009 Ligand acceptor    9 bond energy  1.00 wt 0.42

CHEMSCORE EXTRA INTERACTIONS:

* Clashes                                                                       
Clash for ligand atom   8 (**** ):   0.02
Clash for ligand atom   9 (**** ):   0.02
Clash for ligand atom  10 (**** ):   0.02
--------------------------------------------------------------------------------


--------------------------------------------------------------------------------
--- Chromosome decoded                                                       ---
--------------------------------------------------------------------------------
Ligand Torsions
[   1    2    3    4]  -71.14
[   2    3    4    5] -148.03
[   3    4    5   15] -124.14
[   8    7    6    5]   54.61
[  25    8    7    6]  171.07
Protein Torsions
[6907 6896 6895 6894]  123.78 
[7974 7965 7964 7962] -158.66 
[8008 7997 7996 7995]  156.30 
[10167 10162 10161 10158]   29.82 
[10718 10713 10712 10709]  176.76 
[10763 10752 10751 10750]  -45.51 
[11005 11000 10999 10996]   45.67 
Mapping
Ligand acceptors to protein hydrogens (mapping then atom ids)
  3  20 [  9->8009]
Ligand hydrogens to protein acceptors (mapping then atom ids)
Ligand shape atoms to protein points (mapping then atom ids & coords)
  1  6281 [  1->(148.250 141.500 155.000)]
  2  6894 [  3->(149.750 141.500 156.000)]
  4  7977 [  7->(151.250 138.750 155.750)]
  6  8784 [ 12->(152.000 142.500 158.750)]
  7  8110 [ 13->(151.250 144.500 160.250)]
  8  9134 [ 14->(152.250 144.250 158.000)]
Chromosome values
Integers:
  -1   -1   19   -1 6280 6893   -1 7976   -1 8783 8109 9133 
--------------------------------------------------------------------------------

Current Ranking  1  2  3

--------------------------------------------------------------------------------

* GA execution time :                                                           
  total  0.8176 user  0.8176 sys  0.0000

--------------------------------------------------------------------------------
Fitness function evaluations: 108014

--------------------------------------------------------------------------------
** Docking run number  4 **
--------------------------------------------------------------------------------
  Rank fitness base is 5000.00 ; increment is 11.2233

* Initialising population(s) ...                                                
Number of constraints mappings 0
Number of constraints 0
  Population no.                           :      1
  Population size                          :    100
  Number of duplicates                     :      0
  Number of niche violations               :      0
  Number of errors                         :   8412

Number of constraints mappings 0
Number of constraints 0
  Population no.                           :      2
  Population size                          :    100
  Number of duplicates                     :      0
  Number of niche violations               :      0
  Number of errors                         :   8707

Number of constraints mappings 0
Number of constraints 0
  Population no.                           :      3
  Population size                          :    100
  Number of duplicates                     :      0
  Number of niche violations               :      0
  Number of errors                         :   8818

Number of constraints mappings 0
Number of constraints 0
  Population no.                           :      4
  Population size                          :    100
  Number of duplicates                     :      0
  Number of niche violations               :      0
  Number of errors                         :   8961


Doing GA, no. of population(s) 4 size 100 selection pressure 1.100000

 Operation      Score     S(PLP)   S(hbond)     S(cho)   S(metal)  DE(clash)   DE(tors)     intcor
         0      24.77     -24.14       0.60       0.00       0.00       0.00       0.59       0.01
      1365      25.06     -24.04       0.73       0.00       0.00       0.00       0.59       0.01
      1794      25.18     -24.31       0.71       0.00       0.00       0.67       0.31       0.01
      1886      25.99     -24.23       1.15       0.00       0.00       0.00       0.85       0.01
      2411      26.03     -20.57       1.91       0.00       0.00       0.00       0.14       0.01
      2566      28.72     -29.99       0.00       0.00       0.00       0.67       0.31       0.01
      2894      30.42     -28.40       1.24       0.00       0.00       0.00       0.85       0.01
      3974      31.24     -31.14       0.60       0.00       0.00       0.00       0.85       0.01
      4274      31.62     -30.74       0.95       0.00       0.00       0.67       0.66       0.01
      4703      32.77     -30.47       1.24       0.00       0.00       0.00       0.71       0.01
      6839      32.98     -29.64       1.58       0.00       0.00       0.00       0.71       0.01
      8740      33.07     -30.59       1.22       0.00       0.00       0.00       0.60       0.01
     10141      33.26     -30.70       1.00       0.00       0.00       0.00       0.22       0.01
     10458      33.83     -31.30       1.00       0.00       0.00       0.00       0.24       0.01
     12006      34.13     -31.58       1.00       0.00       0.00       0.00       0.23       0.01
     12231      34.35     -28.43       2.10       0.00       0.00       0.00       0.20       0.01
     13560      34.92     -30.87       1.50       0.00       0.00       0.00       0.23       0.01
     17184      35.28     -30.76       1.61       0.00       0.00       0.00       0.16       0.01
     21134      35.30     -31.40       1.50       0.00       0.00       0.00       0.31       0.01
     21817      35.37     -31.53       1.50       0.00       0.00       0.00       0.34       0.01
     22705      35.47     -31.44       1.50       0.00       0.00       0.00       0.24       0.01
     22873      35.55     -32.72       1.20       0.00       0.00       0.00       0.40       0.01
     22925      35.55     -32.72       1.20       0.00       0.00       0.00       0.40       0.01
     23582      37.05     -32.33       1.71       0.00       0.00       0.00       0.22       0.01
     25334      37.09     -32.54       1.66       0.00       0.00       0.00       0.22       0.01
     26302      37.14     -32.03       1.81       0.00       0.00       0.00       0.17       0.01
     28417      37.65     -32.54       1.84       0.00       0.00       0.00       0.22       0.01
     30641      38.17     -33.09       1.95       0.00       0.00       0.00       0.39       0.01
     33712      38.32     -33.09       2.00       0.00       0.00       0.00       0.39       0.01
     37802      38.39     -33.16       2.00       0.00       0.00       0.00       0.39       0.01
     38942      38.50     -33.03       1.95       0.00       0.00       0.00       0.20       0.01
     39982      38.51     -32.99       1.95       0.00       0.00       0.00       0.17       0.01
     41714      38.64     -33.03       2.00       0.00       0.00       0.00       0.20       0.01
     42542      38.64     -33.01       2.00       0.00       0.00       0.00       0.19       0.01
     42906      38.65     -33.03       2.00       0.00       0.00       0.00       0.20       0.01
     42998      38.66     -32.99       2.00       0.00       0.00       0.00       0.17       0.01
--------------------------------------------------------------------------------
Best docking solution after GA:
     43000      38.66     -32.99       2.00       0.00       0.00       0.00       0.17       0.01

#ops:      43000 #mutates:  20337 #cross:    20532 #migrate:   2131 
#dups:      9367 #niche:    25369 #errors:    1882 
--------------------------------------------------------------------------------

Doing AMOEBA simplex on best individual
Done simplexing #iterations 520, best score  39.27

Ligand is stored in gold_soln_AV-procd_m11288_4.sdf


--------------------------------------------------------------------------------
--- CHEMPLP breakdown of terms                                               ---
--------------------------------------------------------------------------------
CHEMPLP = - ( 1.0000*S(PLP) + -3.0000*S(hbond) + -6.0000*S(metal) + -3.0000*S(cho) )

Score = CHEMPLP - 1.0000*DE(clash) - 2.0000*DE(tors)

Internal energy term has been corrected with the best internal energy encountered.

--------------------------------------------------------------------------------


     Score     S(PLP)   S(hbond)     S(cho)   S(metal)  DE(clash)   DE(tors)     intcor
     39.27     -33.60       2.00       0.00       0.00       0.00       0.17       0.01

--------------------------------------------------------------------------------
--- PLP analysis of protein-ligand interactions                              ---
--------------------------------------------------------------------------------
hydrogen bonding        :      -2.00
metal                   :       0.00
buried (polar-nonpolar) :      -5.43
nonpolar                :     -27.36
repulsive               :       0.07
--------------------------------------------------------------------------------


--------------------------------------------------------------------------------
--- ChemScore analysis of protein-ligand interactions                        ---
--------------------------------------------------------------------------------

* Hydrogen bonds                                                                
Protein donor 6896 hydrogen 6907 Ligand acceptor    2 bond energy  1.00 wt 1.00
Protein donor 7989 hydrogen 7998 Ligand acceptor    8 bond energy  1.00 wt 1.00


* CH..O interactions                                                            
  CH group selection                       : activated ring CH (adjacent to hetatom)

--------------------------------------------------------------------------------


--------------------------------------------------------------------------------
--- Intra-ligand clashes                                                     ---
--------------------------------------------------------------------------------

Ligand
--------------------------------------------------------------------------------

--------------------------------------------------------------------------------
--- Rescoring solution                                                       ---
--------------------------------------------------------------------------------

     Score         DG    S(hbond)    S(metal)    S(lipo)     H(rot)  DE(clash)    DE(int)
     12.10     -12.27       0.64        0.00      86.61       2.14       0.00       0.17

Doing AMOEBA simplex on best individual
Done simplexing #iterations 891, best score  15.66

     Score         DG    S(hbond)    S(metal)    S(lipo)     H(rot)  DE(clash)    DE(int)
     15.66     -16.11       1.77        0.00      87.31       2.14       0.08       0.37

--------------------------------------------------------------------------------
--- ChemScore breakdown of terms                                             ---
--------------------------------------------------------------------------------
DG = -5.4800 + -3.3400*S(hbond)
     + -6.0300*S(metal) + -0.1170*S(lipo) + 2.5600*H(rot)


H(rot) = 2.1420

Score = -(DG + DE(clash) + DE(int))


--------------------------------------------------------------------------------


--------------------------------------------------------------------------------
--- ChemScore analysis of protein-ligand interactions                        ---
--------------------------------------------------------------------------------

* Hydrogen bonds                                                                
Protein donor 6896 hydrogen 6907 Ligand acceptor    2 bond energy  1.00 wt 0.89
Protein donor 7989 hydrogen 7998 Ligand acceptor    8 bond energy  1.00 wt 0.88

CHEMSCORE EXTRA INTERACTIONS:

* Clashes                                                                       
Clash for ligand atom  10 (**** ):   0.08
--------------------------------------------------------------------------------


--------------------------------------------------------------------------------
--- Chromosome decoded                                                       ---
--------------------------------------------------------------------------------
Ligand Torsions
[   1    2    3    4]   58.23
[   2    3    4    5] -176.98
[   3    4    5   15]  112.61
[   8    7    6    5] -131.04
[  25    8    7    6] -141.71
Protein Torsions
[6907 6896 6895 6894]    9.35 
[7974 7965 7964 7962] -126.74 
[8008 7997 7996 7995] -139.93 
[10167 10162 10161 10158]   20.80 
[10718 10713 10712 10709] -128.03 
[10763 10752 10751 10750]  -52.70 
[11005 11000 10999 10996]  162.38 
Mapping
Ligand acceptors to protein hydrogens (mapping then atom ids)
  2  18 [  8->7998]
Ligand hydrogens to protein acceptors (mapping then atom ids)
Ligand shape atoms to protein points (mapping then atom ids & coords)
  5  8562 [ 11->(151.750 143.500 158.250)]
  7  9515 [ 13->(152.750 144.250 160.000)]
  8  9529 [ 14->(153.000 141.750 159.750)]
Chromosome values
Integers:
  -1   17   -1   -1   -1   -1   -1   -1 8561   -1 9514 9528 
--------------------------------------------------------------------------------

Current Ranking  1  2  4  3

--------------------------------------------------------------------------------

* GA execution time :                                                           
  total  0.7782 user  0.7782 sys  0.0000

--------------------------------------------------------------------------------
Fitness function evaluations: 109406

--------------------------------------------------------------------------------
** Docking run number  5 **
--------------------------------------------------------------------------------
  Rank fitness base is 5000.00 ; increment is 11.2233

* Initialising population(s) ...                                                
Number of constraints mappings 0
Number of constraints 0
  Population no.                           :      1
  Population size                          :    100
  Number of duplicates                     :      0
  Number of niche violations               :      0
  Number of errors                         :   8821

Number of constraints mappings 0
Number of constraints 0
  Population no.                           :      2
  Population size                          :    100
  Number of duplicates                     :      0
  Number of niche violations               :      0
  Number of errors                         :   8817

Number of constraints mappings 0
Number of constraints 0
  Population no.                           :      3
  Population size                          :    100
  Number of duplicates                     :      0
  Number of niche violations               :      0
  Number of errors                         :   9121

Number of constraints mappings 0
Number of constraints 0
  Population no.                           :      4
  Population size                          :    100
  Number of duplicates                     :      0
  Number of niche violations               :      0
  Number of errors                         :   8940


Doing GA, no. of population(s) 4 size 100 selection pressure 1.100000

 Operation      Score     S(PLP)   S(hbond)     S(cho)   S(metal)  DE(clash)   DE(tors)     intcor
         0      28.45     -30.90       0.81       0.00       0.00       3.57       0.66       0.01
       177      28.45     -30.90       0.81       0.00       0.00       3.57       0.66       0.01
      1087      28.83     -29.61       0.00       0.00       0.00       0.00       0.40       0.01
      1941      29.19     -30.83       0.00       0.00       0.00       0.00       0.82       0.01
      2191      29.47     -30.07       0.00       0.00       0.00       0.00       0.31       0.01
      2359      30.11     -28.30       1.00       0.00       0.00       0.00       0.60       0.01
      3037      31.49     -32.81       0.00       0.00       0.00       0.00       0.66       0.01
      3168      32.44     -30.46       0.94       0.00       0.00       0.00       0.42       0.01
      5442      32.46     -31.71       0.75       0.00       0.00       0.00       0.75       0.01
      5871      34.24     -31.32       1.26       0.00       0.00       0.00       0.43       0.01
      7723      35.05     -31.68       1.41       0.00       0.00       0.00       0.43       0.01
      9103      36.16     -31.95       1.69       0.00       0.00       0.00       0.43       0.01
     10091      36.39     -32.49       1.59       0.00       0.00       0.00       0.43       0.01
     10679      36.40     -32.67       1.53       0.00       0.00       0.00       0.43       0.01
     14055      36.49     -32.78       1.53       0.00       0.00       0.00       0.44       0.01
     14225      36.67     -32.83       1.53       0.00       0.00       0.00       0.38       0.01
     14499      37.26     -32.30       1.81       0.00       0.00       0.00       0.23       0.01
     14659      37.35     -32.33       1.81       0.00       0.00       0.00       0.20       0.01
     14728      37.64     -32.15       1.98       0.00       0.00       0.00       0.22       0.01
     15615      37.86     -32.50       1.86       0.00       0.00       0.00       0.12       0.01
     15887      38.17     -33.08       2.00       0.00       0.00       0.00       0.46       0.01
     16671      38.21     -32.93       2.00       0.00       0.00       0.09       0.32       0.01
     16763      38.96     -33.87       2.00       0.00       0.00       0.00       0.46       0.01
     21579      38.98     -33.89       2.00       0.00       0.00       0.00       0.46       0.01
     22143      39.20     -33.55       2.00       0.00       0.00       0.00       0.18       0.01
     23719      39.22     -33.36       2.00       0.00       0.00       0.00       0.08       0.01
     23818      39.23     -33.58       2.00       0.00       0.00       0.00       0.18       0.01
     24778      39.24     -33.56       2.00       0.00       0.00       0.00       0.16       0.01
     25059      39.89     -34.54       2.00       0.00       0.00       0.00       0.33       0.01
     28662      39.98     -34.61       2.00       0.00       0.00       0.00       0.32       0.01
     28806      40.00     -34.45       2.00       0.00       0.00       0.00       0.23       0.01
     34498      40.09     -34.54       2.00       0.00       0.00       0.00       0.23       0.01
     34915      40.12     -34.56       2.00       0.00       0.00       0.00       0.23       0.01
     38184      40.13     -34.62       2.00       0.00       0.00       0.00       0.25       0.01
     39218      40.13     -34.59       2.00       0.00       0.00       0.00       0.23       0.01
     41303      40.16     -34.58       2.00       0.00       0.00       0.00       0.21       0.01
--------------------------------------------------------------------------------
Best docking solution after GA:
     43000      40.16     -34.58       2.00       0.00       0.00       0.00       0.21       0.01

#ops:      43000 #mutates:  20534 #cross:    20348 #migrate:   2118 
#dups:     10980 #niche:    26196 #errors:    1837 
--------------------------------------------------------------------------------

Doing AMOEBA simplex on best individual
Done simplexing #iterations 592, best score  40.25

Ligand is stored in gold_soln_AV-procd_m11288_5.sdf


--------------------------------------------------------------------------------
--- CHEMPLP breakdown of terms                                               ---
--------------------------------------------------------------------------------
CHEMPLP = - ( 1.0000*S(PLP) + -3.0000*S(hbond) + -6.0000*S(metal) + -3.0000*S(cho) )

Score = CHEMPLP - 1.0000*DE(clash) - 2.0000*DE(tors)

Internal energy term has been corrected with the best internal energy encountered.

--------------------------------------------------------------------------------


     Score     S(PLP)   S(hbond)     S(cho)   S(metal)  DE(clash)   DE(tors)     intcor
     40.25     -34.66       2.00       0.00       0.00       0.00       0.21       0.01

--------------------------------------------------------------------------------
--- PLP analysis of protein-ligand interactions                              ---
--------------------------------------------------------------------------------
hydrogen bonding        :      -2.00
metal                   :       0.00
buried (polar-nonpolar) :      -6.00
nonpolar                :     -26.17
repulsive               :       0.06
--------------------------------------------------------------------------------


--------------------------------------------------------------------------------
--- ChemScore analysis of protein-ligand interactions                        ---
--------------------------------------------------------------------------------

* Hydrogen bonds                                                                
Protein donor 7989 hydrogen 7998 Ligand acceptor    2 bond energy  1.00 wt 1.00
Protein donor 7997 hydrogen 8008 Ligand acceptor    8 bond energy  1.00 wt 1.00


* CH..O interactions                                                            
  CH group selection                       : activated ring CH (adjacent to hetatom)

--------------------------------------------------------------------------------


--------------------------------------------------------------------------------
--- Intra-ligand clashes                                                     ---
--------------------------------------------------------------------------------

Ligand
--------------------------------------------------------------------------------

--------------------------------------------------------------------------------
--- Rescoring solution                                                       ---
--------------------------------------------------------------------------------

     Score         DG    S(hbond)    S(metal)    S(lipo)     H(rot)  DE(clash)    DE(int)
     13.38     -13.59       0.97        0.00      88.59       2.14       0.00       0.21

Doing AMOEBA simplex on best individual
Done simplexing #iterations 676, best score  16.14

     Score         DG    S(hbond)    S(metal)    S(lipo)     H(rot)  DE(clash)    DE(int)
     16.14     -16.35       1.79        0.00      88.71       2.14       0.06       0.15

--------------------------------------------------------------------------------
--- ChemScore breakdown of terms                                             ---
--------------------------------------------------------------------------------
DG = -5.4800 + -3.3400*S(hbond)
     + -6.0300*S(metal) + -0.1170*S(lipo) + 2.5600*H(rot)


H(rot) = 2.1420

Score = -(DG + DE(clash) + DE(int))


--------------------------------------------------------------------------------


--------------------------------------------------------------------------------
--- ChemScore analysis of protein-ligand interactions                        ---
--------------------------------------------------------------------------------

* Hydrogen bonds                                                                
Protein donor 7989 hydrogen 7998 Ligand acceptor    2 bond energy  1.00 wt 0.80
Protein donor 7997 hydrogen 8008 Ligand acceptor    8 bond energy  1.00 wt 0.98

CHEMSCORE EXTRA INTERACTIONS:

* Clashes                                                                       
Clash for ligand atom  11 (**** ):   0.06
--------------------------------------------------------------------------------


--------------------------------------------------------------------------------
--- Chromosome decoded                                                       ---
--------------------------------------------------------------------------------
Ligand Torsions
[   1    2    3    4]   86.74
[   2    3    4    5]  171.52
[   3    4    5   15]   65.63
[   8    7    6    5]  118.26
[  25    8    7    6]  136.80
Protein Torsions
[6907 6896 6895 6894] -172.77 
[7974 7965 7964 7962]   25.16 
[8008 7997 7996 7995] -107.47 
[10167 10162 10161 10158] -135.78 
[10718 10713 10712 10709]   77.19 
[10763 10752 10751 10750] -135.14 
[11005 11000 10999 10996]  -86.83 
Mapping
Ligand acceptors to protein hydrogens (mapping then atom ids)
  1  18 [  2->7998]
  2  19 [  8->8008]
Ligand hydrogens to protein acceptors (mapping then atom ids)
Ligand shape atoms to protein points (mapping then atom ids & coords)
  5  9508 [ 11->(152.750 144.000 160.750)]
  6  8147 [ 12->(151.250 145.250 159.500)]
  7  7902 [ 13->(151.000 145.500 159.750)]
Chromosome values
Integers:
  17   18   -1   -1   -1   -1   -1   -1 9507 8146 7901   -1 
--------------------------------------------------------------------------------

Current Ranking  1  5  2  4  3

Top  3 (of  5) solutions are within 1.500 RMSD, finishing docking /DATA2/COVID-19/PDBs_&_Models/AV-procd.sdf.


--------------------------------------------------------------------------------

* GA execution time :                                                           
  total  0.7660 user  0.7660 sys  0.0000

--------------------------------------------------------------------------------
Fitness function evaluations: 108977

--------------------------------------------------------------------------------
--- Ranking analysis                                                         ---
--------------------------------------------------------------------------------


* Final ranked order of GA solutions:                                           
   1  5  2  4  3 

  _______________________________
  RMSD Matrix of RANKED solutions

        2    3    4    5  

   1 :  0.5  0.2  3.7  2.1
   2 :       0.6  3.8  2.4
   3 :            3.7  2.1
   4 :                 3.8

  Clustering method                        : complete linkage
  Structure ids in cluster table           : rank nos.
  Ordering of clusters and their members   : by rank (order if from rms_analysis)

  Distance | Clusters
   0.23    |  1  3 |  2 |  4 |  5 |
   0.55    |  1  2  3 |  4 |  5 |
   2.43    |  1  2  3  5 |  4 |
   3.83    |  1  2  3  4  5 |
  Finished Docking Ligand                  : /DATA2/COVID-19/PDBs_&_Models/AV-procd.sdf
--------------------------------------------------------------------------------

  Relative_Ligand_Energy (best encountered) :   0.011
  Relative_Ligand_Energy: fitness values have been corrected using this amount
