
--------------------------------------------------------------------------------
--- Ligand                                                                   ---
--------------------------------------------------------------------------------
  Ligand loaded from file                  : /DATA2/COVID-19/PDBs_&_Models/AV-procd.sdf
  Ligand name                              :  
  "AV-unprocessed.smi:1413                                                  "

--------------------------------------------------------------------------------
  N.plc donors                             : 
  none found

  Acidic nitrogen acceptors                : 
  none found
  Sulfur acceptors                         :
  none found


  Donor atoms                              :      2
  9   12  
  Acceptor atoms                           :      5
  4   11  19  21  25  

  Hydrogens                                :  (n = 2)
  34   35   

  Lone pairs added to molecule             :      8
  Numbering                                : from 54 to 61
  Choline groups                           : 
   

--------------------------------------------------------------------------------
--- Postprocessing of typing                                                 ---
--------------------------------------------------------------------------------
  Fragment file                            : /home/scv26/CCDC/Discovery_2020/GOLD/gold/rotatable_bond_override.mol2
  acylurea fragment                        : no matches
  thioacylthiourea fragment                : no matches
  acylthiourea fragment                    : no matches
  thioacylurea fragment                    : no matches
  diarylamine fragment >C.ar-NH-C.ar<      : no matches
  sec-amine (1) fragment                   : no matches
  sec-amine (2) fragment                   : no matches
  sec-amine (3) fragment                   : no matches
  carboxylic ester                         : no matches

* Rotatable bonds in /DATA2/COVID-19/PDBs  :
  [   4    5] [   8    9] [  12   13] [  13   15] 
  No. of rotatable bonds                   :      4


* Fragments found in /DATA2/COVID-19/PDBs  :
  atom  15: ribose
  atom  16: ribose
  atom  17: ribose
  atom  18: ribose
  atom  19: ribose


* Checking torsion distributions:                                               
  Rotatable bond [ 7  8  9 10] matches torsion: aromatic amide
   C.ar ( 1H ) | C.ar | N.am ( 1H ) | C.2 ( O.2 ) 
  No. of matched torsions                  :      1

--------------------------------------------------------------------------------
--- Shape fitting atoms selection (hydrophobic atoms)                        ---
--------------------------------------------------------------------------------
  Molecule                                 : /DATA2/COVID-19/PDBs_&_Models/AV-procd.sdf
  Selection                                : carbons only
  Atom numbers                             :  (n = 15)
  1    2    3    6    7    13   14   15   16   17   
  18   20   22   23   24   


--------------------------------------------------------------------------------
--- ChemScore ligand setup summary                                           ---
--------------------------------------------------------------------------------
  ChemScore ligand acceptors               :      5
  4 11 19 21 25 
  ChemScore ligand donors                  :      2
  9 ( 34  ) 12 ( 35  ) 
  ChemScore ligand CH donors               :      1
  20 ( 47 ) 

  ChemScore ligand lipophilic atoms        :  (n = 16)
  1    2    3    6    7    8    13   14   15   16   
  17   18   20   22   23   24   

  ChemScore ligand rotatable bonds         :      4
  4   (****) - 5   (****): SP3_SP2_BOND
  8   (****) - 9   (****): SP2_SP2_BOND
  12  (****) - 13  (****): SP3_SP2_BOND
  13  (****) - 15  (****): SP3_SP3_BOND

--------------------------------------------------------------------------------
--- PLP ligand setup summary                                                 ---
--------------------------------------------------------------------------------
    1  ****   C.3 NONPOLAR
    2  ****   C.3 NONPOLAR
    3  ****   C.3 NONPOLAR
    4  ****   N.3 ACCEPTOR
    5  ****  C.ar NONPOLAR
    6  ****  C.ar NONPOLAR
    7  ****  C.ar NONPOLAR
    8  ****  C.ar NONPOLAR
    9  ****  N.am DONOR
   10  ****   C.2 NONPOLAR
   11  ****   O.2 ACCEPTOR
   12  ****  N.am DONOR
   13  ****   C.3 NONPOLAR
   14  ****   C.3 NONPOLAR
   15  ****   C.3 NONPOLAR
   16  ****   C.3 NONPOLAR
   17  ****   C.3 NONPOLAR
   18  ****   C.3 NONPOLAR
   19  ****   O.3 ACCEPTOR
   20  ****  C.ar NONPOLAR
   21  ****  N.ar ACCEPTOR
   22  ****   C.3 NONPOLAR
   23  ****   C.3 NONPOLAR
   24  ****   C.3 NONPOLAR
   25  ****   O.3 ACCEPTOR


--------------------------------------------------------------------------------
--- Automatic parameter setting                                              ---
--------------------------------------------------------------------------------
  Contribution base                        :   2500
  Contribution per rotatable bond          :   6000
  Contribution per df                      :   4000
  Contribution per water                   :  10000
  Ligand rotatable bonds                   :      4
  Protein flexible side chain bonds        :      0
  Total rotatable bonds                    :      4
  Hydrophobic vol ratio (P/L)              :   1.538
  Base multiplier (polar)                  :   1.400
  Base multiplier (apolar)                 :   4.614
  Base contribution                        : 15000.000
  Fitting points                           :      7
  Estimated maxops needed (optimal)        :  39500

--------------------------------------------------------------------------------

* Population settings                                                           
  maxops                                   :  39500
  popsiz                                   :    100
  select_pressure                          :   1.100
  n_islands                                :      3
  niche_siz                                :      2

* GA settings                                                                   
  pt_crosswt                               :     95
  allele_mutatewt                          :     95
  migratewt                                :     10

* Search settings                                                               
  start_vdw_linear_cutoff                  :   4.000
  initial_virtual_pt_match_max             :   3.000

--------------------------------------------------------------------------------

* Ligand initialisation time :                                                  
  total  0.0197 user  0.0197 sys  0.0000

--------------------------------------------------------------------------------

--------------------------------------------------------------------------------
** Docking run number  1 **
--------------------------------------------------------------------------------
  Rank fitness base is 5000.00 ; increment is 11.2233

* Initialising population(s) ...                                                
Number of constraints mappings 0
Number of constraints 0
  Population no.                           :      1
  Population size                          :    100
  Number of duplicates                     :      0
  Number of niche violations               :      0
  Number of errors                         :   2574

Number of constraints mappings 0
Number of constraints 0
  Population no.                           :      2
  Population size                          :    100
  Number of duplicates                     :      0
  Number of niche violations               :      0
  Number of errors                         :   2458

Number of constraints mappings 0
Number of constraints 0
  Population no.                           :      3
  Population size                          :    100
  Number of duplicates                     :      0
  Number of niche violations               :      0
  Number of errors                         :   2505


Doing GA, no. of population(s) 3 size 100 selection pressure 1.100000

 Operation      Score     S(PLP)   S(hbond)     S(cho)   S(metal)  DE(clash)   DE(tors)     intcor
         0      27.90     -27.21       0.74       0.46       0.00       0.00       1.66       0.40
       285      34.21     -31.67       1.21       0.00       0.00       0.00       0.75       0.40
      1080      34.87     -32.97       1.00       0.00       0.00       0.00       0.75       0.40
      2451      37.26     -35.36       1.00       0.00       0.00       0.00       0.75       0.40
      3945      37.38     -35.48       1.00       0.00       0.00       0.00       0.75       0.40
      4281      37.83     -35.90       1.00       0.00       0.00       0.00       0.73       0.40
      5085      38.13     -36.07       1.00       0.00       0.00       0.00       0.67       0.40
      5173      45.22     -41.81       1.44       0.00       0.00       0.00       0.65       0.40
      6831      47.06     -38.30       2.18       1.00       0.00       0.00       0.58       0.40
      8217      47.70     -39.22       2.10       1.00       0.00       0.00       0.61       0.39
      9801      48.19     -39.73       1.99       1.00       0.00       0.00       0.45       0.39
     11259      48.40     -39.68       2.05       1.00       0.00       0.00       0.41       0.39
     11820      48.50     -39.88       2.04       0.98       0.00       0.00       0.42       0.39
     12039      48.75     -42.01       1.81       0.61       0.00       0.00       0.45       0.39
     13371      48.78     -42.07       1.86       0.54       0.00       0.00       0.42       0.37
     14460      49.65     -41.50       1.87       1.00       0.00       0.00       0.42       0.37
     16471      49.67     -41.93       1.90       0.83       0.00       0.00       0.40       0.37
     17267      49.96     -45.15       1.93       0.00       0.00       0.00       0.68       0.37
     17945      50.07     -45.11       1.89       0.00       0.00       0.00       0.53       0.37
     18720      50.22     -45.52       1.81       0.00       0.00       0.00       0.54       0.37
     18897      50.25     -45.85       1.66       0.00       0.00       0.00       0.48       0.37
     19113      50.38     -45.25       1.79       0.00       0.00       0.00       0.30       0.37
     19794      50.77     -46.27       1.79       0.00       0.00       0.00       0.62       0.37
     22241      50.91     -46.28       1.79       0.00       0.00       0.00       0.55       0.37
     22733      50.94     -46.17       1.81       0.00       0.00       0.00       0.51       0.37
     27040      50.95     -46.22       1.79       0.00       0.00       0.00       0.50       0.37
     36325      50.95     -46.14       1.81       0.00       0.00       0.00       0.48       0.37
     36495      50.97     -46.24       1.79       0.00       0.00       0.00       0.50       0.37
--------------------------------------------------------------------------------
Best docking solution after GA:
     39500      50.97     -46.24       1.79       0.00       0.00       0.00       0.50       0.37

#ops:      39500 #mutates:  18842 #cross:    18735 #migrate:   1923 
#dups:     11762 #niche:    27282 #errors:    1572 
--------------------------------------------------------------------------------

Doing AMOEBA simplex on best individual
Done simplexing #iterations 684, best score  52.38

Ligand is stored in gold_soln_AV-procd_m5749_1.sdf


--------------------------------------------------------------------------------
--- CHEMPLP breakdown of terms                                               ---
--------------------------------------------------------------------------------
CHEMPLP = - ( 1.0000*S(PLP) + -3.0000*S(hbond) + -6.0000*S(metal) + -3.0000*S(cho) )

Score = CHEMPLP - 1.0000*DE(clash) - 2.0000*DE(tors)

Internal energy term has been corrected with the best internal energy encountered.

--------------------------------------------------------------------------------


     Score     S(PLP)   S(hbond)     S(cho)   S(metal)  DE(clash)   DE(tors)     intcor
     52.38     -47.51       1.89       0.00       0.00       0.00       0.58       0.37

--------------------------------------------------------------------------------
--- PLP analysis of protein-ligand interactions                              ---
--------------------------------------------------------------------------------
hydrogen bonding        :      -2.95
metal                   :       0.00
buried (polar-nonpolar) :      -4.66
nonpolar                :     -41.54
repulsive               :       1.51
--------------------------------------------------------------------------------


--------------------------------------------------------------------------------
--- ChemScore analysis of protein-ligand interactions                        ---
--------------------------------------------------------------------------------

* Hydrogen bonds                                                                
Ligand donor    9 hydrogen   34 Protein acceptor 7948 bond energy  1.00 wt 0.90
Ligand donor   12 hydrogen   35 Protein acceptor 7948 bond energy  1.00 wt 0.99


* CH..O interactions                                                            
  CH group selection                       : activated ring CH (adjacent to hetatom)

--------------------------------------------------------------------------------


--------------------------------------------------------------------------------
--- Intra-ligand clashes                                                     ---
--------------------------------------------------------------------------------

Ligand
--------------------------------------------------------------------------------

--------------------------------------------------------------------------------
--- Rescoring solution                                                       ---
--------------------------------------------------------------------------------

     Score         DG    S(hbond)    S(metal)    S(lipo)     H(rot)  DE(clash)    DE(int)
     17.23     -21.26       1.71        0.00     115.48       1.35       0.80       3.22

Doing AMOEBA simplex on best individual
Done simplexing #iterations 670, best score  18.83

     Score         DG    S(hbond)    S(metal)    S(lipo)     H(rot)  DE(clash)    DE(int)
     18.83     -22.07       1.88        0.00     117.76       1.35       0.03       3.21

--------------------------------------------------------------------------------
--- ChemScore breakdown of terms                                             ---
--------------------------------------------------------------------------------
DG = -5.4800 + -3.3400*S(hbond)
     + -6.0300*S(metal) + -0.1170*S(lipo) + 2.5600*H(rot)


H(rot) = 1.3471

Score = -(DG + DE(clash) + DE(int))


--------------------------------------------------------------------------------


--------------------------------------------------------------------------------
--- ChemScore analysis of protein-ligand interactions                        ---
--------------------------------------------------------------------------------

* Hydrogen bonds                                                                
Ligand donor    9 hydrogen   34 Protein acceptor 7948 bond energy  1.00 wt 0.90
Ligand donor   12 hydrogen   35 Protein acceptor 7948 bond energy  1.00 wt 0.98

CHEMSCORE EXTRA INTERACTIONS:

* Clashes                                                                       
Clash for ligand atom  13 (**** ):   0.01
Clash for ligand atom  24 (**** ):   0.01
--------------------------------------------------------------------------------


--------------------------------------------------------------------------------
--- Chromosome decoded                                                       ---
--------------------------------------------------------------------------------
Ligand Torsions
[   3    4    5   21]  113.40
[   7    8    9   10]  175.23    matched torsion: aromatic amide
[  14   13   12   10]  -48.06
[  19   15   13   12]   53.03
Protein Torsions
[6907 6896 6895 6894]   65.34 
[7974 7965 7964 7962]  117.36 
[8008 7997 7996 7995]   33.67 
[10167 10162 10161 10158]  112.51 
[10718 10713 10712 10709]  -91.06 
[10763 10752 10751 10750] -127.17 
[11005 11000 10999 10996]  -18.67 
Mapping
Ligand acceptors to protein hydrogens (mapping then atom ids)
Ligand hydrogens to protein acceptors (mapping then atom ids)
  1   7 [ 34->7948]
Ligand shape atoms to protein points (mapping then atom ids & coords)
  1  9697 [  1->(153.500 141.750 160.500)]
  3  8247 [  3->(151.500 142.000 158.250)]
  9  2922 [ 16->(144.500 134.750 150.750)]
 13  8038 [ 22->(151.250 143.500 158.250)]
 14  9504 [ 23->(152.750 144.000 159.750)]
 15  8067 [ 24->(151.250 144.000 158.000)]
Chromosome values
Integers:
  -1   -1   -1   -1   -1    6   -1 9696   -1 8246   -1   -1 
  -1   -1   -1 2921   -1   -1   -1 8037 9503 8066 
--------------------------------------------------------------------------------

Current Ranking  1

--------------------------------------------------------------------------------

* GA execution time :                                                           
  total  0.8817 user  0.8817 sys  0.0000

--------------------------------------------------------------------------------
Fitness function evaluations: 73200

--------------------------------------------------------------------------------
** Docking run number  2 **
--------------------------------------------------------------------------------
  Rank fitness base is 5000.00 ; increment is 11.2233

* Initialising population(s) ...                                                
Number of constraints mappings 0
Number of constraints 0
  Population no.                           :      1
  Population size                          :    100
  Number of duplicates                     :      0
  Number of niche violations               :      0
  Number of errors                         :   2506

Number of constraints mappings 0
Number of constraints 0
  Population no.                           :      2
  Population size                          :    100
  Number of duplicates                     :      0
  Number of niche violations               :      0
  Number of errors                         :   2519

Number of constraints mappings 0
Number of constraints 0
  Population no.                           :      3
  Population size                          :    100
  Number of duplicates                     :      0
  Number of niche violations               :      0
  Number of errors                         :   2585


Doing GA, no. of population(s) 3 size 100 selection pressure 1.100000

 Operation      Score     S(PLP)   S(hbond)     S(cho)   S(metal)  DE(clash)   DE(tors)     intcor
         0      30.60     -27.86       1.28       0.00       0.00       0.00       0.74       0.37
       647      32.68     -28.69       1.43       0.00       0.00       0.00       0.33       0.37
      1221      36.69     -32.25       1.99       0.00       0.00       0.00       0.95       0.37
      1479      40.29     -35.76       1.94       0.00       0.00       0.00       0.82       0.37
      3539      40.37     -35.00       2.00       0.00       0.00       0.00       0.50       0.37
      4020      40.86     -39.00       1.80       0.19       0.00       2.56       0.95       0.37
      4343      40.99     -36.50       1.94       0.00       0.00       0.00       0.84       0.37
      4724      41.67     -36.90       2.00       0.00       0.00       0.00       0.80       0.37
      5051      41.73     -37.01       2.00       0.00       0.00       0.00       0.82       0.37
      5468      42.14     -37.46       2.00       0.00       0.00       0.00       0.84       0.37
      5974      42.39     -37.97       1.62       0.00       0.00       0.00       0.41       0.36
      6115      46.22     -41.30       1.98       0.00       0.00       0.00       0.68       0.36
      7276      46.37     -41.51       1.98       0.00       0.00       0.00       0.71       0.36
      7546      46.83     -41.80       1.96       0.00       0.00       0.00       0.60       0.36
      8134      49.07     -44.32       1.93       0.00       0.00       0.00       0.69       0.36
      9145      49.19     -44.38       1.91       0.00       0.00       0.00       0.64       0.36
     11108      49.22     -44.41       1.91       0.00       0.00       0.00       0.65       0.36
     11491      49.42     -44.65       1.93       0.00       0.00       0.00       0.69       0.36
     11551      49.44     -44.62       1.91       0.00       0.00       0.00       0.64       0.36
     12965      49.54     -44.95       1.84       0.00       0.00       0.00       0.65       0.36
     13250      49.91     -45.42       1.81       0.00       0.00       0.00       0.64       0.36
     15761      50.20     -45.81       1.76       0.00       0.00       0.00       0.62       0.36
     18726      50.24     -45.72       1.82       0.00       0.00       0.00       0.65       0.36
     19540      50.27     -45.75       1.82       0.00       0.00       0.00       0.65       0.36
     20071      50.29     -45.78       1.81       0.00       0.00       0.00       0.64       0.36
     20337      50.34     -45.79       1.82       0.00       0.00       0.00       0.64       0.36
     22317      50.34     -45.80       1.82       0.00       0.00       0.00       0.64       0.36
     22538      50.35     -45.75       1.86       0.00       0.00       0.00       0.66       0.36
--------------------------------------------------------------------------------
Best docking solution after GA:
     39500      50.35     -45.75       1.86       0.00       0.00       0.00       0.66       0.36

#ops:      39500 #mutates:  18734 #cross:    18738 #migrate:   2028 
#dups:     14817 #niche:    24852 #errors:     941 
--------------------------------------------------------------------------------

Doing AMOEBA simplex on best individual
Done simplexing #iterations 665, best score  51.88

Ligand is stored in gold_soln_AV-procd_m5749_2.sdf


--------------------------------------------------------------------------------
--- CHEMPLP breakdown of terms                                               ---
--------------------------------------------------------------------------------
CHEMPLP = - ( 1.0000*S(PLP) + -3.0000*S(hbond) + -6.0000*S(metal) + -3.0000*S(cho) )

Score = CHEMPLP - 1.0000*DE(clash) - 2.0000*DE(tors)

Internal energy term has been corrected with the best internal energy encountered.

--------------------------------------------------------------------------------


     Score     S(PLP)   S(hbond)     S(cho)   S(metal)  DE(clash)   DE(tors)     intcor
     51.88     -47.03       1.90       0.00       0.00       0.00       0.60       0.36

--------------------------------------------------------------------------------
--- PLP analysis of protein-ligand interactions                              ---
--------------------------------------------------------------------------------
hydrogen bonding        :      -2.78
metal                   :       0.00
buried (polar-nonpolar) :      -5.95
nonpolar                :     -40.68
repulsive               :       1.23
--------------------------------------------------------------------------------


--------------------------------------------------------------------------------
--- ChemScore analysis of protein-ligand interactions                        ---
--------------------------------------------------------------------------------

* Hydrogen bonds                                                                
Ligand donor    9 hydrogen   34 Protein acceptor 7948 bond energy  1.00 wt 0.90
Ligand donor   12 hydrogen   35 Protein acceptor 7948 bond energy  1.00 wt 1.00


* CH..O interactions                                                            
  CH group selection                       : activated ring CH (adjacent to hetatom)

--------------------------------------------------------------------------------


--------------------------------------------------------------------------------
--- Intra-ligand clashes                                                     ---
--------------------------------------------------------------------------------

Ligand
--------------------------------------------------------------------------------

--------------------------------------------------------------------------------
--- Rescoring solution                                                       ---
--------------------------------------------------------------------------------

     Score         DG    S(hbond)    S(metal)    S(lipo)     H(rot)  DE(clash)    DE(int)
     17.33     -21.84       1.72        0.00     120.14       1.35       1.37       3.14

Doing AMOEBA simplex on best individual
Done simplexing #iterations 720, best score  19.61

     Score         DG    S(hbond)    S(metal)    S(lipo)     H(rot)  DE(clash)    DE(int)
     19.61     -22.50       1.86        0.00     121.94       1.35       0.82       2.07

--------------------------------------------------------------------------------
--- ChemScore breakdown of terms                                             ---
--------------------------------------------------------------------------------
DG = -5.4800 + -3.3400*S(hbond)
     + -6.0300*S(metal) + -0.1170*S(lipo) + 2.5600*H(rot)


H(rot) = 1.3471

Score = -(DG + DE(clash) + DE(int))


--------------------------------------------------------------------------------


--------------------------------------------------------------------------------
--- ChemScore analysis of protein-ligand interactions                        ---
--------------------------------------------------------------------------------

* Hydrogen bonds                                                                
Ligand donor    9 hydrogen   34 Protein acceptor 7948 bond energy  1.00 wt 0.89
Ligand donor   12 hydrogen   35 Protein acceptor 7948 bond energy  1.00 wt 0.97

CHEMSCORE EXTRA INTERACTIONS:

* Clashes                                                                       
Clash for ligand atom   4 (**** ):   0.02
Clash for ligand atom  10 (**** ):   0.02
Clash for ligand atom  15 (**** ):   0.04
Clash for ligand atom  17 (**** ):   0.09
Clash for ligand atom  19 (**** ):   0.65
--------------------------------------------------------------------------------


--------------------------------------------------------------------------------
--- Chromosome decoded                                                       ---
--------------------------------------------------------------------------------
Ligand Torsions
[   3    4    5   21]  107.60
[   7    8    9   10]  174.91    matched torsion: aromatic amide
[  14   13   12   10]  -50.27
[  19   15   13   12]   57.45
Protein Torsions
[6907 6896 6895 6894]    2.42 
[7974 7965 7964 7962]  -41.51 
[8008 7997 7996 7995]  -69.83 
[10167 10162 10161 10158] -106.12 
[10718 10713 10712 10709]  -36.50 
[10763 10752 10751 10750]  -86.92 
[11005 11000 10999 10996]  166.66 
Mapping
Ligand acceptors to protein hydrogens (mapping then atom ids)
Ligand hydrogens to protein acceptors (mapping then atom ids)
  1   8 [ 34->7949]
  2   7 [ 35->7948]
Ligand shape atoms to protein points (mapping then atom ids & coords)
  1  9788 [  1->(154.250 140.500 160.500)]
  2  9418 [  2->(152.750 142.750 159.750)]
 10  3090 [ 17->(144.750 133.500 150.250)]
 11  3371 [ 18->(145.000 135.250 151.250)]
 14  8051 [ 23->(151.250 143.750 158.000)]
Chromosome values
Integers:
  -1   -1   -1   -1   -1    7    6 9787 9417   -1   -1   -1 
  -1   -1   -1   -1 3089 3370   -1   -1 8050   -1 
--------------------------------------------------------------------------------

Current Ranking  1  2

--------------------------------------------------------------------------------

* GA execution time :                                                           
  total  0.8799 user  0.8759 sys  0.0040

--------------------------------------------------------------------------------
Fitness function evaluations: 73399

--------------------------------------------------------------------------------
** Docking run number  3 **
--------------------------------------------------------------------------------
  Rank fitness base is 5000.00 ; increment is 11.2233

* Initialising population(s) ...                                                
Number of constraints mappings 0
Number of constraints 0
  Population no.                           :      1
  Population size                          :    100
  Number of duplicates                     :      0
  Number of niche violations               :      0
  Number of errors                         :   2555

Number of constraints mappings 0
Number of constraints 0
  Population no.                           :      2
  Population size                          :    100
  Number of duplicates                     :      0
  Number of niche violations               :      0
  Number of errors                         :   2409

Number of constraints mappings 0
Number of constraints 0
  Population no.                           :      3
  Population size                          :    100
  Number of duplicates                     :      0
  Number of niche violations               :      0
  Number of errors                         :   2468


Doing GA, no. of population(s) 3 size 100 selection pressure 1.100000

 Operation      Score     S(PLP)   S(hbond)     S(cho)   S(metal)  DE(clash)   DE(tors)     intcor
         0      37.57     -28.80       2.37       1.00       0.00       0.00       0.84       0.36
      1726      39.19     -32.42       2.64       1.00       0.00       0.00       2.25       0.36
      3043      39.22     -30.69       2.39       1.00       0.00       0.00       1.01       0.36
      3169      40.17     -33.67       2.55       1.00       0.00       0.00       2.25       0.36
      3685      42.60     -34.38       2.07       0.93       0.00       0.00       0.57       0.36
      4045      43.31     -36.82       1.68       0.74       0.00       0.00       0.57       0.36
      4621      43.46     -36.12       1.96       0.71       0.00       0.00       0.51       0.36
      4693      43.67     -36.53       1.82       0.82       0.00       0.00       0.57       0.36
      5181      43.83     -39.13       1.86       0.00       0.00       0.00       0.63       0.36
      5499      44.10     -35.00       2.33       1.00       0.00       0.00       0.62       0.36
      5924      46.33     -41.44       1.85       0.00       0.00       0.00       0.51       0.36
      7129      46.35     -41.42       1.85       0.00       0.00       0.00       0.49       0.36
      7150      46.72     -38.39       1.98       1.00       0.00       0.00       0.48       0.36
      8395      47.83     -39.91       1.93       0.94       0.00       0.00       0.51       0.36
      8668      47.88     -40.88       1.83       0.73       0.00       0.00       0.51       0.36
      9526      48.48     -40.36       1.93       1.00       0.00       0.00       0.51       0.36
      9610      48.72     -41.41       1.77       0.97       0.00       0.00       0.63       0.36
      9679      48.81     -40.55       1.98       0.98       0.00       0.00       0.49       0.36
     10074      49.19     -40.74       2.03       1.00       0.00       0.00       0.49       0.36
     10309      49.51     -41.42       1.94       1.00       0.00       0.00       0.55       0.36
     10516      49.74     -42.32       1.91       0.81       0.00       0.00       0.55       0.36
     12293      49.78     -42.46       1.89       0.82       0.00       0.00       0.57       0.36
     12958      49.84     -42.61       1.91       0.83       0.00       0.00       0.68       0.36
     13355      49.86     -42.47       1.90       0.84       0.00       0.00       0.58       0.35
     13428      49.88     -42.07       1.92       0.94       0.00       0.00       0.56       0.35
     14880      50.30     -42.61       1.94       0.88       0.00       0.00       0.57       0.35
     15303      50.47     -42.67       1.94       0.91       0.00       0.00       0.56       0.35
     16212      50.51     -42.73       1.94       0.92       0.00       0.00       0.58       0.35
     20302      50.54     -42.78       1.96       0.92       0.00       0.00       0.62       0.35
     23452      50.61     -42.61       1.96       1.00       0.00       0.00       0.62       0.35
     26419      50.64     -42.64       1.94       1.00       0.00       0.00       0.59       0.35
     36883      50.73     -42.81       1.94       1.00       0.00       0.00       0.63       0.35
     36994      50.76     -42.76       1.94       1.00       0.00       0.00       0.59       0.35
     38040      50.77     -42.81       1.94       1.00       0.00       0.00       0.61       0.35
     38704      50.91     -43.21       1.92       0.94       0.00       0.00       0.62       0.35
     39025      51.02     -43.28       1.92       1.00       0.00       0.00       0.69       0.35
     39388      51.08     -43.18       1.92       1.00       0.00       0.00       0.61       0.35
     39463      51.09     -43.20       1.92       1.00       0.00       0.00       0.61       0.35
--------------------------------------------------------------------------------
Best docking solution after GA:
     39500      51.09     -43.20       1.92       1.00       0.00       0.00       0.61       0.35

#ops:      39500 #mutates:  18697 #cross:    18855 #migrate:   1948 
#dups:     19611 #niche:    23688 #errors:     629 
--------------------------------------------------------------------------------

Doing AMOEBA simplex on best individual
Done simplexing #iterations 427, best score  51.49

Ligand is stored in gold_soln_AV-procd_m5749_3.sdf


--------------------------------------------------------------------------------
--- CHEMPLP breakdown of terms                                               ---
--------------------------------------------------------------------------------
CHEMPLP = - ( 1.0000*S(PLP) + -3.0000*S(hbond) + -6.0000*S(metal) + -3.0000*S(cho) )

Score = CHEMPLP - 1.0000*DE(clash) - 2.0000*DE(tors)

Internal energy term has been corrected with the best internal energy encountered.

--------------------------------------------------------------------------------


     Score     S(PLP)   S(hbond)     S(cho)   S(metal)  DE(clash)   DE(tors)     intcor
     51.49     -43.62       1.94       0.99       0.00       0.00       0.63       0.35

--------------------------------------------------------------------------------
--- PLP analysis of protein-ligand interactions                              ---
--------------------------------------------------------------------------------
hydrogen bonding        :      -3.00
metal                   :       0.00
buried (polar-nonpolar) :      -5.69
nonpolar                :     -36.10
repulsive               :       0.51
--------------------------------------------------------------------------------


--------------------------------------------------------------------------------
--- ChemScore analysis of protein-ligand interactions                        ---
--------------------------------------------------------------------------------

* Hydrogen bonds                                                                
Ligand donor    9 hydrogen   34 Protein acceptor 7948 bond energy  1.00 wt 0.94
Ligand donor   12 hydrogen   35 Protein acceptor 7948 bond energy  1.00 wt 1.00


* CH..O interactions                                                            
  CH group selection                       : activated ring CH (adjacent to hetatom)
Ligand carbon   20 hydrogen   47 Protein acceptor 7957 bond energy  1.00 wt 0.99

--------------------------------------------------------------------------------


--------------------------------------------------------------------------------
--- Intra-ligand clashes                                                     ---
--------------------------------------------------------------------------------

Ligand
--------------------------------------------------------------------------------

--------------------------------------------------------------------------------
--- Rescoring solution                                                       ---
--------------------------------------------------------------------------------

     Score         DG    S(hbond)    S(metal)    S(lipo)     H(rot)  DE(clash)    DE(int)
     16.96     -21.04       1.82        0.00     110.45       1.35       1.57       2.51

Doing AMOEBA simplex on best individual
Done simplexing #iterations 595, best score  19.53

     Score         DG    S(hbond)    S(metal)    S(lipo)     H(rot)  DE(clash)    DE(int)
     19.53     -21.71       1.95        0.00     112.61       1.35       0.38       1.80

--------------------------------------------------------------------------------
--- ChemScore breakdown of terms                                             ---
--------------------------------------------------------------------------------
DG = -5.4800 + -3.3400*S(hbond)
     + -6.0300*S(metal) + -0.1170*S(lipo) + 2.5600*H(rot)


H(rot) = 1.3471

Score = -(DG + DE(clash) + DE(int))


--------------------------------------------------------------------------------


--------------------------------------------------------------------------------
--- ChemScore analysis of protein-ligand interactions                        ---
--------------------------------------------------------------------------------

* Hydrogen bonds                                                                
Ligand donor    9 hydrogen   34 Protein acceptor 7948 bond energy  1.00 wt 0.95
Ligand donor   12 hydrogen   35 Protein acceptor 7948 bond energy  1.00 wt 1.00

CHEMSCORE EXTRA INTERACTIONS:

* Clashes                                                                       
Clash for ligand atom  10 (**** ):   0.03
Clash for ligand atom  13 (**** ):   0.13
Clash for ligand atom  20 (**** ):   0.22
--------------------------------------------------------------------------------


--------------------------------------------------------------------------------
--- Chromosome decoded                                                       ---
--------------------------------------------------------------------------------
Ligand Torsions
[   3    4    5   21] -116.41
[   7    8    9   10]   36.89    matched torsion: aromatic amide
[  14   13   12   10]  -47.30
[  19   15   13   12]   55.83
Protein Torsions
[6907 6896 6895 6894]  173.79 
[7974 7965 7964 7962]  -73.70 
[8008 7997 7996 7995]   62.93 
[10167 10162 10161 10158]   65.00 
[10718 10713 10712 10709]  -45.38 
[10763 10752 10751 10750] -114.56 
[11005 11000 10999 10996]  143.65 
Mapping
Ligand acceptors to protein hydrogens (mapping then atom ids)
  4  18 [ 21->7998]
Ligand hydrogens to protein acceptors (mapping then atom ids)
  1   8 [ 34->7949]
  2   7 [ 35->7948]
Ligand shape atoms to protein points (mapping then atom ids & coords)
  1  9724 [  1->(153.750 140.750 160.250)]
  2  9431 [  2->(152.750 143.000 159.250)]
  3  7982 [  3->(151.250 141.500 158.750)]
  8  3979 [ 15->(145.500 136.750 151.250)]
 10  2701 [ 17->(144.250 133.750 150.750)]
 11  3072 [ 18->(144.750 133.000 150.500)]
 13  7554 [ 22->(150.750 143.500 158.250)]
 14  9611 [ 23->(153.000 143.750 158.750)]
 15  8581 [ 24->(151.750 143.750 159.000)]
Chromosome values
Integers:
  -1   -1   -1   17   -1    7    6 9723 9430 7981   -1   -1 
  -1   -1 3978   -1 2700 3071   -1 7553 9610 8580 
--------------------------------------------------------------------------------

Current Ranking  1  2  3

Top  3 (of  3) solutions are within 1.500 RMSD, finishing docking /DATA2/COVID-19/PDBs_&_Models/AV-procd.sdf.


--------------------------------------------------------------------------------

* GA execution time :                                                           
  total  0.8984 user  0.8984 sys  0.0000

--------------------------------------------------------------------------------
Fitness function evaluations: 73033

--------------------------------------------------------------------------------
--- Ranking analysis                                                         ---
--------------------------------------------------------------------------------


* Final ranked order of GA solutions:                                           
   1  2  3 

  _______________________________
  RMSD Matrix of RANKED solutions

        2    3  

   1 :  0.2  1.0
   2 :       1.0

  Clustering method                        : complete linkage
  Structure ids in cluster table           : rank nos.
  Ordering of clusters and their members   : by rank (order if from rms_analysis)

  Distance | Clusters
   0.23    |  1  2 |  3 |
   0.99    |  1  2  3 |
  Finished Docking Ligand                  : /DATA2/COVID-19/PDBs_&_Models/AV-procd.sdf
--------------------------------------------------------------------------------

  Relative_Ligand_Energy (best encountered) :   0.353
  Relative_Ligand_Energy: fitness values have been corrected using this amount
