
--------------------------------------------------------------------------------
--- Ligand                                                                   ---
--------------------------------------------------------------------------------
  Ligand loaded from file                  : /DATA2/COVID-19/PDBs_&_Models/AV-procd.sdf
  Ligand name                              :  
  "AV-unprocessed.smi:2878                                                  "

--------------------------------------------------------------------------------
  N.plc donors                             : 
  none found

  Acidic nitrogen acceptors                : 
  none found
  Sulfur acceptors                         :
   2 : (thiol or thioether)    (S)  

  Donor atoms                              :      2
  9   12  
  Acceptor atoms                           :      4
  11  16  19  20  

  Hydrogens                                :  (n = 2)
  34   35   

  Lone pairs added to molecule             :      6
  Numbering                                : from 43 to 48
  Choline groups                           : 
   

--------------------------------------------------------------------------------
--- Postprocessing of typing                                                 ---
--------------------------------------------------------------------------------
  Fragment file                            : /home/scv26/CCDC/Discovery_2020/GOLD/gold/rotatable_bond_override.mol2
  acylurea fragment                        : no matches
  thioacylthiourea fragment                : no matches
  acylthiourea fragment                    : no matches
  thioacylurea fragment                    : no matches
  diarylamine fragment >C.ar-NH-C.ar<      : no matches
  sec-amine (1) fragment                   : no matches
  sec-amine (2) fragment                   : no matches
  sec-amine (3) fragment                   : no matches
  carboxylic ester                         : no matches

* Rotatable bonds in /DATA2/COVID-19/PDBs  :
  [   2    3] [   8    9] 
# WARNING: (thio)amide/urea bond [9 10 12 13] in file
  /DATA2/COVID-19/PDBs_&_Models/AV-procd.sdf
  is slightly out-of-plane (not resetting; angle  174.1)
  [  12   13] [  13   14] 
  [  14   15] 
  No. of rotatable bonds                   :      5


* Fragments found in /DATA2/COVID-19/PDBs  :


* Checking torsion distributions:                                               
  No. of matched torsions                  :      0

--------------------------------------------------------------------------------
--- Shape fitting atoms selection (hydrophobic atoms)                        ---
--------------------------------------------------------------------------------
  Molecule                                 : /DATA2/COVID-19/PDBs_&_Models/AV-procd.sdf
  Selection                                : carbons only
  Atom numbers                             :  (n = 10)
  1    3    4    5    6    7    8    13   14   18   
  


--------------------------------------------------------------------------------
--- ChemScore ligand setup summary                                           ---
--------------------------------------------------------------------------------
  ChemScore ligand acceptors               :      4
  11 16 19 20 
  ChemScore ligand donors                  :      2
  9 ( 34  ) 12 ( 35  ) 
  ChemScore ligand CH donors               :      0
  

  ChemScore ligand lipophilic atoms        :  (n = 11)
  1    2    3    4    5    6    7    8    13   14   
  18   

  ChemScore ligand rotatable bonds         :      5
  2   (****) - 3   (****): SP3_SP3_BOND
  8   (****) - 9   (****): SP3_SP2_BOND
  12  (****) - 13  (****): SP3_SP2_BOND
  13  (****) - 14  (****): SP3_SP3_BOND
  14  (****) - 15  (****): SP3_SP2_BOND

--------------------------------------------------------------------------------
--- PLP ligand setup summary                                                 ---
--------------------------------------------------------------------------------
    1  ****   C.3 NONPOLAR
    2  ****   S.3 NONPOLAR
    3  ****   C.3 NONPOLAR
    4  ****   C.3 NONPOLAR
    5  ****   C.3 NONPOLAR
    6  ****   C.3 NONPOLAR
    7  ****   C.3 NONPOLAR
    8  ****   C.3 NONPOLAR
    9  ****  N.am DONOR
   10  ****   C.2 NONPOLAR
   11  ****   O.2 ACCEPTOR
   12  ****  N.am DONOR
   13  ****   C.3 NONPOLAR
   14  ****   C.3 NONPOLAR
   15  ****   C.2 NONPOLAR
   16  ****   N.2 ACCEPTOR
   17  ****   C.2 NONPOLAR
   18  ****   C.3 NONPOLAR
   19  ****   N.2 ACCEPTOR
   20  ****   O.3 ACCEPTOR


--------------------------------------------------------------------------------
--- Automatic parameter setting                                              ---
--------------------------------------------------------------------------------
  Contribution base                        :   2500
  Contribution per rotatable bond          :   6000
  Contribution per df                      :   4000
  Contribution per water                   :  10000
  Ligand rotatable bonds                   :      5
  Protein flexible side chain bonds        :      0
  Total rotatable bonds                    :      5
  Hydrophobic vol ratio (P/L)              :   2.307
  Base multiplier (polar)                  :   1.200
  Base multiplier (apolar)                 :   4.614
  Base contribution                        : 12500.000
  Fitting points                           :      6
  Estimated maxops needed (optimal)        :  43000

--------------------------------------------------------------------------------

* Population settings                                                           
  maxops                                   :  43000
  popsiz                                   :    100
  select_pressure                          :   1.100
  n_islands                                :      4
  niche_siz                                :      2

* GA settings                                                                   
  pt_crosswt                               :     95
  allele_mutatewt                          :     95
  migratewt                                :     10

* Search settings                                                               
  start_vdw_linear_cutoff                  :   4.000
  initial_virtual_pt_match_max             :   3.000

--------------------------------------------------------------------------------

* Ligand initialisation time :                                                  
  total  0.0083 user  0.0043 sys  0.0040

--------------------------------------------------------------------------------

--------------------------------------------------------------------------------
** Docking run number  1 **
--------------------------------------------------------------------------------
  Rank fitness base is 5000.00 ; increment is 11.2233

* Initialising population(s) ...                                                
Number of constraints mappings 0
Number of constraints 0
  Population no.                           :      1
  Population size                          :    100
  Number of duplicates                     :      0
  Number of niche violations               :      0
  Number of errors                         :   5691

Number of constraints mappings 0
Number of constraints 0
  Population no.                           :      2
  Population size                          :    100
  Number of duplicates                     :      0
  Number of niche violations               :      0
  Number of errors                         :   5350

Number of constraints mappings 0
Number of constraints 0
  Population no.                           :      3
  Population size                          :    100
  Number of duplicates                     :      0
  Number of niche violations               :      0
  Number of errors                         :   5512

Number of constraints mappings 0
Number of constraints 0
  Population no.                           :      4
  Population size                          :    100
  Number of duplicates                     :      0
  Number of niche violations               :      0
  Number of errors                         :   5439


Doing GA, no. of population(s) 4 size 100 selection pressure 1.100000

 Operation      Score     S(PLP)   S(hbond)     S(cho)   S(metal)  DE(clash)   DE(tors)     intcor
         0      20.69     -21.63       1.30       0.00       0.00       1.67       1.68       0.13
       951      24.21     -20.81       1.62       0.00       0.00       0.00       0.80       0.13
      2716      26.47     -27.23       1.21       0.00       0.00       1.58       1.48       0.13
      4132      27.82     -22.95       2.17       0.00       0.00       0.00       0.88       0.13
      5536      29.79     -23.50       2.82       0.00       0.00       0.00       1.15       0.13
      5808      31.05     -24.58       2.88       0.00       0.00       0.00       1.15       0.13
      7120      31.57     -25.09       2.88       0.00       0.00       0.00       1.15       0.13
      9740      32.08     -26.27       2.88       0.00       0.00       0.00       1.48       0.13
     10545      33.91     -28.20       2.91       0.00       0.00       0.00       1.58       0.13
     11823      34.21     -27.72       2.87       0.00       0.00       0.00       1.13       0.13
     12022      36.73     -29.59       2.85       0.00       0.00       0.00       0.77       0.13
     16066      38.88     -31.89       2.74       0.00       0.00       0.00       0.69       0.13
     18150      38.89     -31.88       2.74       0.00       0.00       0.00       0.68       0.13
     20937      38.90     -32.00       2.74       0.00       0.00       0.00       0.73       0.13
     21538      38.92     -31.86       2.74       0.00       0.00       0.00       0.65       0.13
     22134      39.01     -32.14       2.79       0.00       0.00       0.00       0.81       0.13
     23766      39.03     -31.60       3.00       0.00       0.00       0.00       0.82       0.08
     26110      39.16     -31.83       2.95       0.00       0.00       0.00       0.79       0.06
     29995      39.21     -32.25       2.80       0.00       0.00       0.00       0.74       0.04
     30555      39.22     -32.20       2.80       0.00       0.00       0.00       0.71       0.04
     33727      39.35     -32.08       2.90       0.00       0.00       0.00       0.74       0.04
     35278      39.40     -32.25       2.85       0.00       0.00       0.00       0.72       0.04
     38048      39.41     -32.28       2.85       0.00       0.00       0.00       0.73       0.04
     41599      39.42     -32.28       2.84       0.00       0.00       0.00       0.71       0.04
     41656      39.42     -32.27       2.84       0.00       0.00       0.00       0.71       0.04
--------------------------------------------------------------------------------
Best docking solution after GA:
     43000      39.42     -32.27       2.84       0.00       0.00       0.00       0.71       0.04

#ops:      43000 #mutates:  20468 #cross:    20382 #migrate:   2150 
#dups:     10349 #niche:    22278 #errors:    1592 
--------------------------------------------------------------------------------

Doing AMOEBA simplex on best individual
Done simplexing #iterations 705, best score  42.25

Ligand is stored in gold_soln_AV-procd_m11048_1.sdf


--------------------------------------------------------------------------------
--- CHEMPLP breakdown of terms                                               ---
--------------------------------------------------------------------------------
CHEMPLP = - ( 1.0000*S(PLP) + -3.0000*S(hbond) + -6.0000*S(metal) + -3.0000*S(cho) )

Score = CHEMPLP - 1.0000*DE(clash) - 2.0000*DE(tors)

Internal energy term has been corrected with the best internal energy encountered.

--------------------------------------------------------------------------------


     Score     S(PLP)   S(hbond)     S(cho)   S(metal)  DE(clash)   DE(tors)     intcor
     42.25     -33.74       2.98       0.00       0.00       0.00       0.23       0.04

--------------------------------------------------------------------------------
--- PLP analysis of protein-ligand interactions                              ---
--------------------------------------------------------------------------------
hydrogen bonding        :      -3.00
metal                   :       0.00
buried (polar-nonpolar) :      -3.88
nonpolar                :     -28.27
repulsive               :       1.30
--------------------------------------------------------------------------------


--------------------------------------------------------------------------------
--- ChemScore analysis of protein-ligand interactions                        ---
--------------------------------------------------------------------------------

* Hydrogen bonds                                                                
Ligand donor    9 hydrogen   34 Protein acceptor 7948 bond energy  1.00 wt 1.00
Ligand donor   12 hydrogen   35 Protein acceptor 7948 bond energy  1.00 wt 0.98
Protein donor 7989 hydrogen 7998 Ligand acceptor   16 bond energy  1.00 wt 1.00


* CH..O interactions                                                            
  CH group selection                       : activated ring CH (adjacent to hetatom)

--------------------------------------------------------------------------------


--------------------------------------------------------------------------------
--- Intra-ligand clashes                                                     ---
--------------------------------------------------------------------------------

Ligand
--------------------------------------------------------------------------------

--------------------------------------------------------------------------------
--- Rescoring solution                                                       ---
--------------------------------------------------------------------------------

     Score         DG    S(hbond)    S(metal)    S(lipo)     H(rot)  DE(clash)    DE(int)
     13.79     -15.63       2.05        0.00      73.90       2.09       1.14       0.71

Doing AMOEBA simplex on best individual
Done simplexing #iterations 890, best score  16.88

     Score         DG    S(hbond)    S(metal)    S(lipo)     H(rot)  DE(clash)    DE(int)
     16.88     -17.66       2.71        0.00      72.46       2.09       0.28       0.51

--------------------------------------------------------------------------------
--- ChemScore breakdown of terms                                             ---
--------------------------------------------------------------------------------
DG = -5.4800 + -3.3400*S(hbond)
     + -6.0300*S(metal) + -0.1170*S(lipo) + 2.5600*H(rot)


H(rot) = 2.0923

Score = -(DG + DE(clash) + DE(int))


--------------------------------------------------------------------------------


--------------------------------------------------------------------------------
--- ChemScore analysis of protein-ligand interactions                        ---
--------------------------------------------------------------------------------

* Hydrogen bonds                                                                
Ligand donor    9 hydrogen   34 Protein acceptor 7948 bond energy  1.00 wt 0.96
Ligand donor   12 hydrogen   35 Protein acceptor 7948 bond energy  1.00 wt 0.87
Protein donor 7989 hydrogen 7998 Ligand acceptor   16 bond energy  1.00 wt 0.89

CHEMSCORE EXTRA INTERACTIONS:

* Clashes                                                                       
Clash for ligand atom   5 (**** ):   0.03
Clash for ligand atom   6 (**** ):   0.07
Clash for ligand atom  10 (**** ):   0.01
Clash for ligand atom  14 (**** ):   0.16
--------------------------------------------------------------------------------


--------------------------------------------------------------------------------
--- Chromosome decoded                                                       ---
--------------------------------------------------------------------------------
Ligand Torsions
[   1    2    3    8]   66.62
[   3    8    9   10] -166.20
[  14   13   12   10] -169.79
[  15   14   13   12]  -52.96
[  20   15   14   13]   -0.05
Protein Torsions
[6907 6896 6895 6894]    2.75 
[7974 7965 7964 7962]   67.24 
[8008 7997 7996 7995] -146.76 
[10167 10162 10161 10158]   85.17 
[10718 10713 10712 10709]  -76.28 
[10763 10752 10751 10750]   25.50 
[11005 11000 10999 10996]  155.14 
Mapping
Ligand acceptors to protein hydrogens (mapping then atom ids)
Ligand hydrogens to protein acceptors (mapping then atom ids)
  1   7 [ 34->7948]
  2   7 [ 35->7948]
Ligand shape atoms to protein points (mapping then atom ids & coords)
  4  3277 [  5->(145.000 132.250 149.750)]
  5  3626 [  6->(145.250 133.500 150.250)]
  6  3152 [  7->(144.750 135.750 151.500)]
  8  4571 [ 13->(146.000 138.000 152.750)]
  9  6124 [ 14->(148.000 139.000 153.250)]
Chromosome values
Integers:
  -1   -1   -1   -1    6    6   -1   -1   -1 3276 3625 3151 
  -1 4570 6123   -1 
--------------------------------------------------------------------------------

Current Ranking  1

--------------------------------------------------------------------------------

* GA execution time :                                                           
  total  0.8537 user  0.8537 sys  0.0000

--------------------------------------------------------------------------------
Fitness function evaluations: 96057

--------------------------------------------------------------------------------
** Docking run number  2 **
--------------------------------------------------------------------------------
  Rank fitness base is 5000.00 ; increment is 11.2233

* Initialising population(s) ...                                                
Number of constraints mappings 0
Number of constraints 0
  Population no.                           :      1
  Population size                          :    100
  Number of duplicates                     :      0
  Number of niche violations               :      0
  Number of errors                         :   5346

Number of constraints mappings 0
Number of constraints 0
  Population no.                           :      2
  Population size                          :    100
  Number of duplicates                     :      0
  Number of niche violations               :      0
  Number of errors                         :   5754

Number of constraints mappings 0
Number of constraints 0
  Population no.                           :      3
  Population size                          :    100
  Number of duplicates                     :      0
  Number of niche violations               :      0
  Number of errors                         :   5524

Number of constraints mappings 0
Number of constraints 0
  Population no.                           :      4
  Population size                          :    100
  Number of duplicates                     :      0
  Number of niche violations               :      0
  Number of errors                         :   5591


Doing GA, no. of population(s) 4 size 100 selection pressure 1.100000

 Operation      Score     S(PLP)   S(hbond)     S(cho)   S(metal)  DE(clash)   DE(tors)     intcor
         0      19.94     -16.91       1.58       0.00       0.00       0.00       0.88       0.04
        45      20.71     -19.38       1.00       0.00       0.00       0.00       0.86       0.04
       484      21.69     -20.34       0.70       0.00       0.00       0.00       0.40       0.04
      1376      23.37     -22.75       1.22       0.00       0.00       0.00       1.54       0.04
      2461      23.97     -19.30       1.93       0.00       0.00       0.00       0.58       0.04
      2529      24.40     -19.75       1.93       0.00       0.00       0.00       0.59       0.04
      3693      24.71     -20.79       1.98       0.00       0.00       0.40       0.83       0.04
      3887      29.01     -26.17       1.62       0.00       0.00       0.40       0.83       0.04
      6645      29.05     -26.09       1.67       0.00       0.00       0.40       0.84       0.04
      8641      29.84     -22.44       2.94       0.00       0.00       0.00       0.73       0.04
     10602      30.10     -25.14       2.00       0.00       0.00       0.00       0.54       0.04
     10708      30.11     -31.06       0.39       0.00       0.00       0.00       1.07       0.04
     11914      30.29     -22.80       2.98       0.00       0.00       0.00       0.75       0.04
     12087      31.00     -24.24       2.91       0.00       0.00       0.00       1.01       0.04
     13538      31.52     -25.14       2.47       0.00       0.00       0.00       0.54       0.04
     13696      31.97     -32.99       0.20       0.00       0.00       0.00       0.83       0.04
     14372      32.04     -32.40       0.27       0.00       0.00       0.00       0.61       0.04
     15749      32.26     -32.62       0.27       0.00       0.00       0.00       0.61       0.04
     16193      33.76     -30.23       1.57       0.00       0.00       0.00       0.61       0.04
     18744      36.32     -30.89       2.05       0.00       0.00       0.00       0.38       0.04
     25318      36.42     -34.29       1.18       0.00       0.00       0.00       0.72       0.04
     26122      36.64     -34.51       1.18       0.00       0.00       0.00       0.72       0.04
     27331      37.74     -35.50       1.18       0.00       0.00       0.00       0.67       0.04
     28170      41.31     -33.28       2.84       0.00       0.00       0.00       0.28       0.04
     29655      41.92     -34.35       2.73       0.00       0.00       0.00       0.33       0.04
     30575      42.28     -33.97       2.90       0.00       0.00       0.00       0.21       0.04
     41760      42.67     -34.50       2.89       0.00       0.00       0.00       0.27       0.04
--------------------------------------------------------------------------------
Best docking solution after GA:
     43000      42.67     -34.50       2.89       0.00       0.00       0.00       0.27       0.04

#ops:      43000 #mutates:  20531 #cross:    20326 #migrate:   2143 
#dups:      7981 #niche:    20785 #errors:    2250 
--------------------------------------------------------------------------------

Doing AMOEBA simplex on best individual
Done simplexing #iterations 764, best score  44.93

Ligand is stored in gold_soln_AV-procd_m11048_2.sdf


--------------------------------------------------------------------------------
--- CHEMPLP breakdown of terms                                               ---
--------------------------------------------------------------------------------
CHEMPLP = - ( 1.0000*S(PLP) + -3.0000*S(hbond) + -6.0000*S(metal) + -3.0000*S(cho) )

Score = CHEMPLP - 1.0000*DE(clash) - 2.0000*DE(tors)

Internal energy term has been corrected with the best internal energy encountered.

--------------------------------------------------------------------------------


     Score     S(PLP)   S(hbond)     S(cho)   S(metal)  DE(clash)   DE(tors)     intcor
     44.93     -36.40       2.94       0.00       0.00       0.00       0.16       0.04

--------------------------------------------------------------------------------
--- PLP analysis of protein-ligand interactions                              ---
--------------------------------------------------------------------------------
hydrogen bonding        :      -2.97
metal                   :       0.00
buried (polar-nonpolar) :      -4.71
nonpolar                :     -30.24
repulsive               :       0.78
--------------------------------------------------------------------------------


--------------------------------------------------------------------------------
--- ChemScore analysis of protein-ligand interactions                        ---
--------------------------------------------------------------------------------

* Hydrogen bonds                                                                
Ligand donor    9 hydrogen   34 Protein acceptor 7948 bond energy  1.00 wt 0.94
Ligand donor   12 hydrogen   35 Protein acceptor 7948 bond energy  1.00 wt 1.00
Protein donor 7989 hydrogen 7998 Ligand acceptor   19 bond energy  1.00 wt 0.99


* CH..O interactions                                                            
  CH group selection                       : activated ring CH (adjacent to hetatom)

--------------------------------------------------------------------------------


--------------------------------------------------------------------------------
--- Intra-ligand clashes                                                     ---
--------------------------------------------------------------------------------

Ligand
--------------------------------------------------------------------------------

--------------------------------------------------------------------------------
--- Rescoring solution                                                       ---
--------------------------------------------------------------------------------

     Score         DG    S(hbond)    S(metal)    S(lipo)     H(rot)  DE(clash)    DE(int)
     13.70     -15.49       2.19        0.00      68.83       2.09       0.28       1.51

Doing AMOEBA simplex on best individual
Done simplexing #iterations 744, best score  16.03

     Score         DG    S(hbond)    S(metal)    S(lipo)     H(rot)  DE(clash)    DE(int)
     16.03     -17.71       2.72        0.00      72.53       2.09       0.16       1.52

--------------------------------------------------------------------------------
--- ChemScore breakdown of terms                                             ---
--------------------------------------------------------------------------------
DG = -5.4800 + -3.3400*S(hbond)
     + -6.0300*S(metal) + -0.1170*S(lipo) + 2.5600*H(rot)


H(rot) = 2.0923

Score = -(DG + DE(clash) + DE(int))


--------------------------------------------------------------------------------


--------------------------------------------------------------------------------
--- ChemScore analysis of protein-ligand interactions                        ---
--------------------------------------------------------------------------------

* Hydrogen bonds                                                                
Ligand donor    9 hydrogen   34 Protein acceptor 7948 bond energy  1.00 wt 0.89
Ligand donor   12 hydrogen   35 Protein acceptor 7948 bond energy  1.00 wt 0.98
Protein donor 7989 hydrogen 7998 Ligand acceptor   19 bond energy  1.00 wt 0.86

CHEMSCORE EXTRA INTERACTIONS:

* Clashes                                                                       
Clash for ligand atom  15 (**** ):   0.04
Clash for ligand atom  16 (**** ):   0.02
Clash for ligand atom  20 (**** ):   0.10
--------------------------------------------------------------------------------


--------------------------------------------------------------------------------
--- Chromosome decoded                                                       ---
--------------------------------------------------------------------------------
Ligand Torsions
[   1    2    3    8]   52.95
[   3    8    9   10] -179.83
[  14   13   12   10]  105.88
[  15   14   13   12]   68.34
[  20   15   14   13]  119.24
Protein Torsions
[6907 6896 6895 6894]  -39.58 
[7974 7965 7964 7962]  -90.59 
[8008 7997 7996 7995]   61.95 
[10167 10162 10161 10158] -131.12 
[10718 10713 10712 10709]   16.87 
[10763 10752 10751 10750]  -67.67 
[11005 11000 10999 10996]  127.31 
Mapping
Ligand acceptors to protein hydrogens (mapping then atom ids)
Ligand hydrogens to protein acceptors (mapping then atom ids)
  2   7 [ 35->7948]
Ligand shape atoms to protein points (mapping then atom ids & coords)
  2  4960 [  3->(146.500 132.250 152.000)]
  3  3911 [  4->(145.500 132.750 151.250)]
  4  3020 [  5->(144.750 131.750 151.000)]
  5  3020 [  6->(144.750 131.750 151.000)]
  6  2939 [  7->(144.500 135.500 151.500)]
Chromosome values
Integers:
  -1   -1   -1   -1   -1    6   -1 4959 3910 3019 3019 2938 
  -1   -1   -1   -1 
--------------------------------------------------------------------------------

Current Ranking  2  1

--------------------------------------------------------------------------------

* GA execution time :                                                           
  total  0.8387 user  0.8387 sys  0.0000

--------------------------------------------------------------------------------
Fitness function evaluations: 96875

--------------------------------------------------------------------------------
** Docking run number  3 **
--------------------------------------------------------------------------------
  Rank fitness base is 5000.00 ; increment is 11.2233

* Initialising population(s) ...                                                
Number of constraints mappings 0
Number of constraints 0
  Population no.                           :      1
  Population size                          :    100
  Number of duplicates                     :      0
  Number of niche violations               :      0
  Number of errors                         :   5620

Number of constraints mappings 0
Number of constraints 0
  Population no.                           :      2
  Population size                          :    100
  Number of duplicates                     :      0
  Number of niche violations               :      0
  Number of errors                         :   5772

Number of constraints mappings 0
Number of constraints 0
  Population no.                           :      3
  Population size                          :    100
  Number of duplicates                     :      0
  Number of niche violations               :      0
  Number of errors                         :   5502

Number of constraints mappings 0
Number of constraints 0
  Population no.                           :      4
  Population size                          :    100
  Number of duplicates                     :      0
  Number of niche violations               :      0
  Number of errors                         :   5638


Doing GA, no. of population(s) 4 size 100 selection pressure 1.100000

 Operation      Score     S(PLP)   S(hbond)     S(cho)   S(metal)  DE(clash)   DE(tors)     intcor
         0      18.13     -19.31       0.00       0.00       0.00       0.00       0.61       0.04
       577      19.24     -20.22       0.02       0.00       0.00       0.00       0.54       0.04
       909      21.02     -19.97       0.70       0.00       0.00       0.00       0.54       0.04
      1278      23.44     -20.94       1.18       0.00       0.00       0.00       0.54       0.04
      1785      25.56     -24.43       0.72       0.00       0.00       0.00       0.54       0.04
      3797      26.65     -25.08       1.48       0.00       0.00       0.31       1.31       0.04
      4893      27.90     -26.01       1.58       0.00       0.00       0.31       1.29       0.04
      9778      30.48     -26.07       1.81       0.00       0.00       0.00       0.53       0.04
     11406      30.48     -26.07       1.81       0.00       0.00       0.00       0.53       0.04
     14614      30.52     -26.03       1.88       0.00       0.00       0.00       0.60       0.04
     14886      31.31     -26.72       1.88       0.00       0.00       0.00       0.55       0.04
     16217      31.85     -27.67       2.35       0.00       0.00       0.31       1.30       0.04
     18093      32.77     -27.62       2.67       0.00       0.00       0.31       1.30       0.04
     21705      33.06     -25.00       2.88       0.00       0.00       0.00       0.31       0.04
     23159      33.59     -28.64       2.63       0.00       0.00       0.31       1.33       0.04
     23547      35.17     -29.11       2.23       0.00       0.00       0.00       0.34       0.04
     30869      39.78     -31.58       2.83       0.00       0.00       0.00       0.17       0.04
     32948      39.93     -31.68       2.82       0.00       0.00       0.00       0.12       0.04
     32980      40.44     -32.28       2.82       0.00       0.00       0.00       0.17       0.04
     39941      40.47     -32.16       2.86       0.00       0.00       0.00       0.16       0.04
     41241      40.60     -32.21       2.86       0.00       0.00       0.00       0.12       0.04
     41457      40.66     -32.24       2.86       0.00       0.00       0.00       0.11       0.04
     41829      40.67     -32.23       2.88       0.00       0.00       0.00       0.12       0.04
     42765      40.69     -32.64       2.86       0.00       0.00       0.00       0.29       0.04
--------------------------------------------------------------------------------
Best docking solution after GA:
     43000      40.69     -32.64       2.86       0.00       0.00       0.00       0.29       0.04

#ops:      43000 #mutates:  20496 #cross:    20388 #migrate:   2116 
#dups:      8503 #niche:    19700 #errors:    4079 
--------------------------------------------------------------------------------

Doing AMOEBA simplex on best individual
Done simplexing #iterations 558, best score  41.88

Ligand is stored in gold_soln_AV-procd_m11048_3.sdf


--------------------------------------------------------------------------------
--- CHEMPLP breakdown of terms                                               ---
--------------------------------------------------------------------------------
CHEMPLP = - ( 1.0000*S(PLP) + -3.0000*S(hbond) + -6.0000*S(metal) + -3.0000*S(cho) )

Score = CHEMPLP - 1.0000*DE(clash) - 2.0000*DE(tors)

Internal energy term has been corrected with the best internal energy encountered.

--------------------------------------------------------------------------------


     Score     S(PLP)   S(hbond)     S(cho)   S(metal)  DE(clash)   DE(tors)     intcor
     41.88     -33.32       2.94       0.00       0.00       0.00       0.16       0.04

--------------------------------------------------------------------------------
--- PLP analysis of protein-ligand interactions                              ---
--------------------------------------------------------------------------------
hydrogen bonding        :      -3.00
metal                   :       0.00
buried (polar-nonpolar) :      -5.30
nonpolar                :     -26.30
repulsive               :       0.66
--------------------------------------------------------------------------------


--------------------------------------------------------------------------------
--- ChemScore analysis of protein-ligand interactions                        ---
--------------------------------------------------------------------------------

* Hydrogen bonds                                                                
Ligand donor    9 hydrogen   34 Protein acceptor 7948 bond energy  1.00 wt 1.00
Ligand donor   12 hydrogen   35 Protein acceptor 7948 bond energy  1.00 wt 0.94
Protein donor 7989 hydrogen 7998 Ligand acceptor   16 bond energy  1.00 wt 1.00


* CH..O interactions                                                            
  CH group selection                       : activated ring CH (adjacent to hetatom)

--------------------------------------------------------------------------------


--------------------------------------------------------------------------------
--- Intra-ligand clashes                                                     ---
--------------------------------------------------------------------------------

Ligand
--------------------------------------------------------------------------------

--------------------------------------------------------------------------------
--- Rescoring solution                                                       ---
--------------------------------------------------------------------------------

     Score         DG    S(hbond)    S(metal)    S(lipo)     H(rot)  DE(clash)    DE(int)
     12.47     -14.97       2.11        0.00      66.52       2.09       0.06       2.45

Doing AMOEBA simplex on best individual
Done simplexing #iterations 647, best score  15.62

     Score         DG    S(hbond)    S(metal)    S(lipo)     H(rot)  DE(clash)    DE(int)
     15.62     -17.34       2.86        0.00      65.47       2.09       0.04       1.69

--------------------------------------------------------------------------------
--- ChemScore breakdown of terms                                             ---
--------------------------------------------------------------------------------
DG = -5.4800 + -3.3400*S(hbond)
     + -6.0300*S(metal) + -0.1170*S(lipo) + 2.5600*H(rot)


H(rot) = 2.0923

Score = -(DG + DE(clash) + DE(int))


--------------------------------------------------------------------------------


--------------------------------------------------------------------------------
--- ChemScore analysis of protein-ligand interactions                        ---
--------------------------------------------------------------------------------

* Hydrogen bonds                                                                
Ligand donor    9 hydrogen   34 Protein acceptor 7948 bond energy  1.00 wt 0.98
Ligand donor   12 hydrogen   35 Protein acceptor 7948 bond energy  1.00 wt 0.89
Protein donor 7989 hydrogen 7998 Ligand acceptor   16 bond energy  1.00 wt 0.98

CHEMSCORE EXTRA INTERACTIONS:

* Clashes                                                                       
Clash for ligand atom  10 (**** ):   0.02
Clash for ligand atom  14 (**** ):   0.01
--------------------------------------------------------------------------------


--------------------------------------------------------------------------------
--- Chromosome decoded                                                       ---
--------------------------------------------------------------------------------
Ligand Torsions
[   1    2    3    8]   73.80
[   3    8    9   10] -175.96
[  14   13   12   10] -178.42
[  15   14   13   12]  -44.73
[  20   15   14   13]   -1.29
Protein Torsions
[6907 6896 6895 6894]  -16.00 
[7974 7965 7964 7962]    5.90 
[8008 7997 7996 7995] -138.07 
[10167 10162 10161 10158]  124.23 
[10718 10713 10712 10709] -159.16 
[10763 10752 10751 10750]  -63.01 
[11005 11000 10999 10996] -131.00 
Mapping
Ligand acceptors to protein hydrogens (mapping then atom ids)
  2  18 [ 16->7998]
Ligand hydrogens to protein acceptors (mapping then atom ids)
  1   7 [ 34->7948]
Ligand shape atoms to protein points (mapping then atom ids & coords)
  3  3845 [  4->(145.500 131.250 151.000)]
  4  3549 [  5->(145.250 131.500 150.500)]
  9  6148 [ 14->(148.000 140.750 154.000)]
Chromosome values
Integers:
  -1   17   -1   -1    6   -1   -1   -1 3844 3548   -1   -1 
  -1   -1 6147   -1 
--------------------------------------------------------------------------------

Current Ranking  2  1  3

Top  3 (of  3) solutions are within 1.500 RMSD, finishing docking /DATA2/COVID-19/PDBs_&_Models/AV-procd.sdf.


--------------------------------------------------------------------------------

* GA execution time :                                                           
  total  0.8544 user  0.8544 sys  0.0000

--------------------------------------------------------------------------------
Fitness function evaluations: 96488

--------------------------------------------------------------------------------
--- Ranking analysis                                                         ---
--------------------------------------------------------------------------------


* Final ranked order of GA solutions:                                           
   2  1  3 

  _______________________________
  RMSD Matrix of RANKED solutions

        2    3  

   1 :  1.1  1.2
   2 :       0.5

  Clustering method                        : complete linkage
  Structure ids in cluster table           : rank nos.
  Ordering of clusters and their members   : by rank (order if from rms_analysis)

  Distance | Clusters
   0.49    |  1 |  2  3 |
   1.17    |  1  2  3 |
  Finished Docking Ligand                  : /DATA2/COVID-19/PDBs_&_Models/AV-procd.sdf
--------------------------------------------------------------------------------

  Relative_Ligand_Energy (best encountered) :   0.043
  Relative_Ligand_Energy: fitness values have been corrected using this amount
