
--------------------------------------------------------------------------------
--- Ligand                                                                   ---
--------------------------------------------------------------------------------
  Ligand loaded from file                  : /DATA2/COVID-19/PDBs_&_Models/AV-procd.sdf
  Ligand name                              :  
  "AV-unprocessed.smi:1058                                                  "

--------------------------------------------------------------------------------
  N.plc donors                             : 
  none found

  Acidic nitrogen acceptors                : 
  none found
  Sulfur acceptors                         :
  none found

  19 (SO2 acceptor)
  20 (SO2 acceptor)

  Donor atoms                              :      2
  3   6   
  Acceptor atoms                           :      5
  5   12  14  19  20  

  Hydrogens                                :  (n = 2)
  27   28   

  Lone pairs added to molecule             :      7
  Numbering                                : from 41 to 20
  Choline groups                           : 
   

--------------------------------------------------------------------------------
--- Postprocessing of typing                                                 ---
--------------------------------------------------------------------------------
  Fragment file                            : /home/scv26/CCDC/Discovery_2020/GOLD/gold/rotatable_bond_override.mol2
  acylurea fragment                        : no matches
  thioacylthiourea fragment                : no matches
  acylthiourea fragment                    : no matches
  thioacylurea fragment                    : no matches
  diarylamine fragment >C.ar-NH-C.ar<      : no matches
  sec-amine (1) fragment                   : no matches
  sec-amine (2) fragment                   : no matches
  sec-amine (3) fragment                   : no matches
  carboxylic ester                         : no matches

* Rotatable bonds in /DATA2/COVID-19/PDBs  :
  [   2    3] [   2   13] [   6    7] [  13   15 (flip) ]     
  No. of rotatable bonds                   :      4


* Fragments found in /DATA2/COVID-19/PDBs  :


* Checking torsion distributions:                                               
  Rotatable bond [ 8  7  6  4] matches torsion: aromatic amide
   C.ar ( 1H ) | C.ar | N.am ( 1H ) | C.2 ( O.2 ) 
  No. of matched torsions                  :      1

--------------------------------------------------------------------------------
--- Shape fitting atoms selection (hydrophobic atoms)                        ---
--------------------------------------------------------------------------------
  Molecule                                 : /DATA2/COVID-19/PDBs_&_Models/AV-procd.sdf
  Selection                                : carbons only
  Atom numbers                             :  (n = 10)
  1    2    8    9    10   11   16   17   21   22   
  


--------------------------------------------------------------------------------
--- ChemScore ligand setup summary                                           ---
--------------------------------------------------------------------------------
  ChemScore ligand acceptors               :      5
  5 12 14 19 20 
  ChemScore ligand donors                  :      2
  3 ( 27  ) 6 ( 28  ) 
  ChemScore ligand CH donors               :      1
  11 ( 32 ) 

  ChemScore ligand lipophilic atoms        :  (n = 10)
  1    2    8    9    10   11   16   17   21   22   
  

  ChemScore ligand rotatable bonds         :      4
  2   (****) - 3   (****): SP3_SP2_BOND
  2   (****) - 13  (****): SP3_SP2_BOND
  6   (****) - 7   (****): SP2_SP2_BOND
  13  (****) - 15  (****): SP2_SP2_BOND

--------------------------------------------------------------------------------
--- PLP ligand setup summary                                                 ---
--------------------------------------------------------------------------------
    1  ****   C.3 NONPOLAR
    2  ****   C.3 NONPOLAR
    3  ****  N.am DONOR
    4  ****   C.2 NONPOLAR
    5  ****   O.2 ACCEPTOR
    6  ****  N.am DONOR
    7  ****  C.ar NONPOLAR
    8  ****  C.ar NONPOLAR
    9  ****  C.ar NONPOLAR
   10  ****  C.ar NONPOLAR
   11  ****  C.ar NONPOLAR
   12  ****  N.ar ACCEPTOR
   13  ****   C.2 NONPOLAR
   14  ****   O.2 ACCEPTOR
   15  ****  N.am NONPOLAR
   16  ****   C.3 NONPOLAR
   17  ****   C.3 NONPOLAR
   18  ****  S.o2 NONPOLAR
   19  ****   O.2 ACCEPTOR
   20  ****   O.2 ACCEPTOR
   21  ****   C.3 NONPOLAR
   22  ****   C.3 NONPOLAR


--------------------------------------------------------------------------------
--- Automatic parameter setting                                              ---
--------------------------------------------------------------------------------
  Contribution base                        :   2500
  Contribution per rotatable bond          :   6000
  Contribution per df                      :   4000
  Contribution per water                   :  10000
  Ligand rotatable bonds                   :      4
  Protein flexible side chain bonds        :      0
  Total rotatable bonds                    :      4
  Hydrophobic vol ratio (P/L)              :   2.307
  Base multiplier (polar)                  :   1.400
  Base multiplier (apolar)                 :   4.614
  Base contribution                        : 15000.000
  Fitting points                           :      7
  Estimated maxops needed (optimal)        :  39500

--------------------------------------------------------------------------------

* Population settings                                                           
  maxops                                   :  39500
  popsiz                                   :    100
  select_pressure                          :   1.100
  n_islands                                :      3
  niche_siz                                :      2

* GA settings                                                                   
  pt_crosswt                               :     95
  allele_mutatewt                          :     95
  migratewt                                :     10

* Search settings                                                               
  start_vdw_linear_cutoff                  :   4.000
  initial_virtual_pt_match_max             :   3.000

--------------------------------------------------------------------------------

* Ligand initialisation time :                                                  
  total  0.0083 user  0.0083 sys  0.0000

--------------------------------------------------------------------------------

--------------------------------------------------------------------------------
** Docking run number  1 **
--------------------------------------------------------------------------------
  Rank fitness base is 5000.00 ; increment is 11.2233

* Initialising population(s) ...                                                
Number of constraints mappings 0
Number of constraints 0
  Population no.                           :      1
  Population size                          :    100
  Number of duplicates                     :      0
  Number of niche violations               :      0
  Number of errors                         :   4769

Number of constraints mappings 0
Number of constraints 0
  Population no.                           :      2
  Population size                          :    100
  Number of duplicates                     :      0
  Number of niche violations               :      0
  Number of errors                         :   4620

Number of constraints mappings 0
Number of constraints 0
  Population no.                           :      3
  Population size                          :    100
  Number of duplicates                     :      0
  Number of niche violations               :      0
  Number of errors                         :   4723


Doing GA, no. of population(s) 3 size 100 selection pressure 1.100000

 Operation      Score     S(PLP)   S(hbond)     S(cho)   S(metal)  DE(clash)   DE(tors)     intcor
         0      22.76     -23.30       2.65       0.00       0.00       6.87       0.96       0.21
        88      23.74     -19.24       1.92       0.08       0.00       0.00       0.86       0.21
      1439      25.32     -19.43       2.00       0.00       0.00       0.00       0.16       0.21
      1561      28.44     -21.08       2.70       0.35       0.00       0.00       1.00       0.21
      2344      28.82     -22.02       2.41       0.45       0.00       0.00       1.00       0.21
      2497      30.07     -20.81       2.80       0.43       0.00       0.00       0.32       0.21
      3110      33.35     -25.18       3.01       0.00       0.00       0.00       0.54       0.21
      3935      35.71     -27.36       2.98       0.00       0.00       0.00       0.41       0.21
      5557      35.71     -26.55       3.25       0.00       0.00       0.00       0.41       0.21
      5611      36.06     -26.16       3.50       0.00       0.00       0.00       0.40       0.21
      6041      36.14     -28.34       2.81       0.00       0.00       0.00       0.43       0.21
      6172      36.40     -26.62       3.46       0.00       0.00       0.00       0.41       0.21
      6435      37.00     -27.99       3.16       0.04       0.00       0.00       0.41       0.21
      8076      37.71     -28.78       3.19       0.00       0.00       0.00       0.43       0.21
     11879      38.14     -28.39       3.51       0.00       0.00       0.00       0.50       0.21
     12221      40.40     -30.46       3.58       0.00       0.00       0.00       0.50       0.21
     22385      40.91     -30.52       3.73       0.00       0.00       0.00       0.50       0.21
     26045      41.23     -30.59       3.81       0.00       0.00       0.00       0.50       0.21
     27776      41.26     -30.51       3.85       0.00       0.00       0.00       0.51       0.21
     37236      41.33     -30.66       3.81       0.00       0.00       0.00       0.49       0.21
     37638      41.36     -30.75       3.78       0.00       0.00       0.00       0.47       0.21
     38599      42.15     -31.23       3.93       0.00       0.00       0.00       0.53       0.21
--------------------------------------------------------------------------------
Best docking solution after GA:
     39500      42.15     -31.23       3.93       0.00       0.00       0.00       0.53       0.21

#ops:      39500 #mutates:  18843 #cross:    18677 #migrate:   1980 
#dups:      6980 #niche:    20532 #errors:    1581 
--------------------------------------------------------------------------------

Doing AMOEBA simplex on best individual
Done simplexing #iterations 557, best score  43.34

Ligand is stored in gold_soln_AV-procd_m4653_1.sdf


--------------------------------------------------------------------------------
--- CHEMPLP breakdown of terms                                               ---
--------------------------------------------------------------------------------
CHEMPLP = - ( 1.0000*S(PLP) + -3.0000*S(hbond) + -6.0000*S(metal) + -3.0000*S(cho) )

Score = CHEMPLP - 1.0000*DE(clash) - 2.0000*DE(tors)

Internal energy term has been corrected with the best internal energy encountered.

--------------------------------------------------------------------------------


     Score     S(PLP)   S(hbond)     S(cho)   S(metal)  DE(clash)   DE(tors)     intcor
     43.34     -32.39       3.94       0.00       0.00       0.00       0.54       0.21

--------------------------------------------------------------------------------
--- PLP analysis of protein-ligand interactions                              ---
--------------------------------------------------------------------------------
hydrogen bonding        :      -3.80
metal                   :       0.00
buried (polar-nonpolar) :      -4.63
nonpolar                :     -23.99
repulsive               :       0.23
--------------------------------------------------------------------------------


--------------------------------------------------------------------------------
--- ChemScore analysis of protein-ligand interactions                        ---
--------------------------------------------------------------------------------

* Hydrogen bonds                                                                
Ligand donor    3 hydrogen   27 Protein acceptor 7948 bond energy  1.00 wt 1.00
Ligand donor    6 hydrogen   28 Protein acceptor 7948 bond energy  1.00 wt 1.00
Protein donor 7989 hydrogen 7998 Ligand acceptor   20 bond energy  1.00 wt 0.94
Protein donor 7997 hydrogen 8008 Ligand acceptor   19 bond energy  1.00 wt 1.00


* CH..O interactions                                                            
  CH group selection                       : activated ring CH (adjacent to hetatom)

--------------------------------------------------------------------------------


--------------------------------------------------------------------------------
--- Intra-ligand clashes                                                     ---
--------------------------------------------------------------------------------

Ligand
--------------------------------------------------------------------------------

--------------------------------------------------------------------------------
--- Rescoring solution                                                       ---
--------------------------------------------------------------------------------

     Score         DG    S(hbond)    S(metal)    S(lipo)     H(rot)  DE(clash)    DE(int)
     13.92     -17.17       2.34        0.00      62.91       1.36       0.03       3.22

Doing AMOEBA simplex on best individual
Done simplexing #iterations 747, best score  17.11

     Score         DG    S(hbond)    S(metal)    S(lipo)     H(rot)  DE(clash)    DE(int)
     17.11     -20.29       3.28        0.00      62.86       1.36       0.00       3.18

--------------------------------------------------------------------------------
--- ChemScore breakdown of terms                                             ---
--------------------------------------------------------------------------------
DG = -5.4800 + -3.3400*S(hbond)
     + -6.0300*S(metal) + -0.1170*S(lipo) + 2.5600*H(rot)


H(rot) = 1.3617

Score = -(DG + DE(clash) + DE(int))


--------------------------------------------------------------------------------


--------------------------------------------------------------------------------
--- ChemScore analysis of protein-ligand interactions                        ---
--------------------------------------------------------------------------------

* Hydrogen bonds                                                                
Ligand donor    3 hydrogen   27 Protein acceptor 7948 bond energy  1.00 wt 0.75
Ligand donor    6 hydrogen   28 Protein acceptor 7948 bond energy  1.00 wt 0.76
Protein donor 7989 hydrogen 7998 Ligand acceptor   20 bond energy  1.00 wt 0.84
Protein donor 7997 hydrogen 8008 Ligand acceptor   19 bond energy  1.00 wt 0.93

CHEMSCORE EXTRA INTERACTIONS:

* Clashes                                                                       
--------------------------------------------------------------------------------


--------------------------------------------------------------------------------
--- Chromosome decoded                                                       ---
--------------------------------------------------------------------------------
Ligand Torsions
[   4    3    2    1]   22.43
[  14   13    2    1]  -18.59
[   8    7    6    4] -174.36    matched torsion: aromatic amide
[  22   15   13    2] -176.86
Protein Torsions
[6907 6896 6895 6894] -155.79 
[7974 7965 7964 7962]  -73.08 
[8008 7997 7996 7995]  -34.56 
[10167 10162 10161 10158]  -51.06 
[10718 10713 10712 10709]  106.88 
[10763 10752 10751 10750]   69.70 
[11005 11000 10999 10996]   -3.29 
Mapping
Ligand acceptors to protein hydrogens (mapping then atom ids)
  4  19 [ 19->8008]
  5  18 [ 20->7998]
Ligand hydrogens to protein acceptors (mapping then atom ids)
  1   7 [ 27->7948]
  2   7 [ 28->7948]
Ligand shape atoms to protein points (mapping then atom ids & coords)
  4  3902 [  9->(145.500 132.500 151.250)]
  5  3048 [ 10->(144.750 132.500 150.250)]
  6  4725 [ 11->(146.250 132.000 151.000)]
  8  7722 [ 17->(151.000 138.250 155.750)]
Chromosome values
Integers:
  -1   -1   -1   18   17    6    6   -1   -1   -1 3901 3047 
4724   -1 7721   -1   -1 
--------------------------------------------------------------------------------

Current Ranking  1

--------------------------------------------------------------------------------

* GA execution time :                                                           
  total  0.7941 user  0.7901 sys  0.0040

--------------------------------------------------------------------------------
Fitness function evaluations: 80908

--------------------------------------------------------------------------------
** Docking run number  2 **
--------------------------------------------------------------------------------
  Rank fitness base is 5000.00 ; increment is 11.2233

* Initialising population(s) ...                                                
Number of constraints mappings 0
Number of constraints 0
  Population no.                           :      1
  Population size                          :    100
  Number of duplicates                     :      0
  Number of niche violations               :      0
  Number of errors                         :   4960

Number of constraints mappings 0
Number of constraints 0
  Population no.                           :      2
  Population size                          :    100
  Number of duplicates                     :      0
  Number of niche violations               :      0
  Number of errors                         :   4936

Number of constraints mappings 0
Number of constraints 0
  Population no.                           :      3
  Population size                          :    100
  Number of duplicates                     :      0
  Number of niche violations               :      0
  Number of errors                         :   4741


Doing GA, no. of population(s) 3 size 100 selection pressure 1.100000

 Operation      Score     S(PLP)   S(hbond)     S(cho)   S(metal)  DE(clash)   DE(tors)     intcor
         0      24.10     -19.01       1.94       0.05       0.00       0.00       0.53       0.21
       941      27.04     -19.82       2.93       1.00       0.00       3.22       0.77       0.21
      1559      28.59     -19.74       2.90       1.00       0.00       1.72       0.68       0.21
      2342      28.99     -20.80       3.00       0.00       0.00       0.00       0.51       0.21
      3646      29.91     -22.10       3.00       0.00       0.00       0.00       0.70       0.20
      3851      31.08     -22.53       3.12       0.00       0.00       0.00       0.51       0.20
      5041      32.41     -25.04       3.01       0.00       0.00       0.64       0.61       0.20
      5975      33.52     -25.45       2.96       0.00       0.00       0.00       0.51       0.20
      8431      34.36     -24.28       3.75       0.00       0.00       0.00       0.69       0.20
      8561      34.54     -25.45       3.30       0.00       0.00       0.00       0.51       0.20
      9215      34.73     -26.06       3.60       0.00       0.00       1.63       0.35       0.20
     11265      35.15     -26.92       2.95       0.00       0.00       0.00       0.41       0.20
     11962      35.19     -26.95       2.95       0.00       0.00       0.00       0.40       0.20
     12063      36.86     -26.50       3.47       0.19       0.00       0.00       0.41       0.20
     12591      40.73     -26.96       3.98       0.82       0.00       0.00       0.41       0.20
     15885      40.96     -27.83       3.76       0.82       0.00       0.00       0.41       0.20
     21560      41.00     -27.89       3.78       0.79       0.00       0.00       0.40       0.20
     29073      41.11     -28.14       3.99       0.53       0.00       0.00       0.40       0.20
     36728      41.80     -27.64       3.92       1.00       0.00       0.00       0.40       0.20
     38576      41.85     -27.64       3.94       1.00       0.00       0.00       0.40       0.20
     38678      42.02     -27.97       3.90       1.00       0.00       0.00       0.42       0.20
--------------------------------------------------------------------------------
Best docking solution after GA:
     39500      42.02     -27.97       3.90       1.00       0.00       0.00       0.42       0.20

#ops:      39500 #mutates:  18606 #cross:    18912 #migrate:   1982 
#dups:      9762 #niche:    20778 #errors:    1236 
--------------------------------------------------------------------------------

Doing AMOEBA simplex on best individual
Done simplexing #iterations 693, best score  44.90

Ligand is stored in gold_soln_AV-procd_m4653_2.sdf


--------------------------------------------------------------------------------
--- CHEMPLP breakdown of terms                                               ---
--------------------------------------------------------------------------------
CHEMPLP = - ( 1.0000*S(PLP) + -3.0000*S(hbond) + -6.0000*S(metal) + -3.0000*S(cho) )

Score = CHEMPLP - 1.0000*DE(clash) - 2.0000*DE(tors)

Internal energy term has been corrected with the best internal energy encountered.

--------------------------------------------------------------------------------


     Score     S(PLP)   S(hbond)     S(cho)   S(metal)  DE(clash)   DE(tors)     intcor
     44.90     -30.95       3.87       1.00       0.00       0.08       0.39       0.20

--------------------------------------------------------------------------------
--- PLP analysis of protein-ligand interactions                              ---
--------------------------------------------------------------------------------
hydrogen bonding        :      -3.94
metal                   :       0.00
buried (polar-nonpolar) :      -2.04
nonpolar                :     -25.72
repulsive               :       0.31
--------------------------------------------------------------------------------


--------------------------------------------------------------------------------
--- ChemScore analysis of protein-ligand interactions                        ---
--------------------------------------------------------------------------------

* Hydrogen bonds                                                                
Ligand donor    3 hydrogen   27 Protein acceptor 7948 bond energy  1.00 wt 1.00
Ligand donor    6 hydrogen   28 Protein acceptor 7948 bond energy  1.00 wt 0.88
Protein donor 7989 hydrogen 7998 Ligand acceptor   19 bond energy  1.00 wt 1.00
Protein donor 7997 hydrogen 8010 Ligand acceptor   20 bond energy  1.00 wt 0.99


* CH..O interactions                                                            
  CH group selection                       : activated ring CH (adjacent to hetatom)
Ligand carbon   11 hydrogen   32 Protein acceptor 10186 bond energy  1.00 wt 1.00

--------------------------------------------------------------------------------


--------------------------------------------------------------------------------
--- Intra-ligand clashes                                                     ---
--------------------------------------------------------------------------------

Ligand
  5 (**** ) -   1 (**** ):   0.08 (dist   2.75)
--------------------------------------------------------------------------------

--------------------------------------------------------------------------------
--- Rescoring solution                                                       ---
--------------------------------------------------------------------------------

     Score         DG    S(hbond)    S(metal)    S(lipo)     H(rot)  DE(clash)    DE(int)
     15.65     -20.53       3.42        0.00      60.75       1.36       1.62       3.27

Doing AMOEBA simplex on best individual
Done simplexing #iterations 626, best score  16.43

     Score         DG    S(hbond)    S(metal)    S(lipo)     H(rot)  DE(clash)    DE(int)
     16.43     -21.01       3.52        0.00      62.07       1.36       1.36       3.22

--------------------------------------------------------------------------------
--- ChemScore breakdown of terms                                             ---
--------------------------------------------------------------------------------
DG = -5.4800 + -3.3400*S(hbond)
     + -6.0300*S(metal) + -0.1170*S(lipo) + 2.5600*H(rot)


H(rot) = 1.3617

Score = -(DG + DE(clash) + DE(int))


--------------------------------------------------------------------------------


--------------------------------------------------------------------------------
--- ChemScore analysis of protein-ligand interactions                        ---
--------------------------------------------------------------------------------

* Hydrogen bonds                                                                
Ligand donor    3 hydrogen   27 Protein acceptor 7948 bond energy  1.00 wt 0.70
Ligand donor    6 hydrogen   28 Protein acceptor 7948 bond energy  1.00 wt 0.82
Protein donor 7989 hydrogen 7998 Ligand acceptor   19 bond energy  1.00 wt 1.00
Protein donor 7997 hydrogen 8010 Ligand acceptor   20 bond energy  1.00 wt 1.00

CHEMSCORE EXTRA INTERACTIONS:

* Clashes                                                                       
Clash for ligand atom  21 (**** ):   0.02
Clash for ligand atom  22 (**** ):   1.34
--------------------------------------------------------------------------------


--------------------------------------------------------------------------------
--- Chromosome decoded                                                       ---
--------------------------------------------------------------------------------
Ligand Torsions
[   4    3    2    1]   18.40
[  14   13    2    1]  -69.69
[   8    7    6    4]  -25.34    matched torsion: aromatic amide
[  22   15   13    2]    3.14
Protein Torsions
[6907 6896 6895 6894]  -88.28 
[7974 7965 7964 7962] -177.32 
[8008 7997 7996 7995]   79.34 
[10167 10162 10161 10158]  -51.58 
[10718 10713 10712 10709]   50.74 
[10763 10752 10751 10750] -132.98 
[11005 11000 10999 10996]  141.97 
Mapping
Ligand acceptors to protein hydrogens (mapping then atom ids)
  4  18 [ 19->7998]
Ligand hydrogens to protein acceptors (mapping then atom ids)
  1   7 [ 27->7948]
Ligand shape atoms to protein points (mapping then atom ids & coords)
  4  3551 [  9->(145.250 131.500 151.000)]
  5  2051 [ 10->(143.500 132.250 150.000)]
  6  2121 [ 11->(143.500 134.000 151.000)]
  9  8752 [ 21->(152.000 138.500 155.500)]
Chromosome values
Integers:
  -1   -1   -1   17   -1    6   -1   -1   -1   -1 3550 2050 
2120   -1   -1 8751   -1 
--------------------------------------------------------------------------------

Current Ranking  2  1

--------------------------------------------------------------------------------

* GA execution time :                                                           
  total  0.7957 user  0.7957 sys  0.0000

--------------------------------------------------------------------------------
Fitness function evaluations: 81062

--------------------------------------------------------------------------------
** Docking run number  3 **
--------------------------------------------------------------------------------
  Rank fitness base is 5000.00 ; increment is 11.2233

* Initialising population(s) ...                                                
Number of constraints mappings 0
Number of constraints 0
  Population no.                           :      1
  Population size                          :    100
  Number of duplicates                     :      0
  Number of niche violations               :      0
  Number of errors                         :   4723

Number of constraints mappings 0
Number of constraints 0
  Population no.                           :      2
  Population size                          :    100
  Number of duplicates                     :      0
  Number of niche violations               :      0
  Number of errors                         :   4659

Number of constraints mappings 0
Number of constraints 0
  Population no.                           :      3
  Population size                          :    100
  Number of duplicates                     :      0
  Number of niche violations               :      0
  Number of errors                         :   4722


Doing GA, no. of population(s) 3 size 100 selection pressure 1.100000

 Operation      Score     S(PLP)   S(hbond)     S(cho)   S(metal)  DE(clash)   DE(tors)     intcor
         0      21.01     -19.98       0.46       0.00       0.00       0.00       0.28       0.20
       249      22.47     -24.34       0.00       0.00       0.00       0.00       1.03       0.20
       644      29.76     -19.69       2.72       0.75       0.00       0.00       0.27       0.20
       767      30.54     -22.81       2.66       0.03       0.00       0.00       0.27       0.20
      1886      30.97     -22.91       2.67       0.13       0.00       0.00       0.28       0.20
      3447      33.21     -29.51       2.10       0.00       0.00       2.54       0.14       0.20
      3621      33.21     -29.51       2.10       0.00       0.00       2.54       0.14       0.20
      5665      36.70     -27.16       3.85       0.00       0.00       1.78       0.21       0.20
      9081      36.92     -27.16       3.92       0.00       0.00       1.78       0.21       0.20
     11088      37.44     -27.16       4.10       0.00       0.00       1.78       0.21       0.20
     16656      37.49     -27.20       4.10       0.00       0.00       1.78       0.21       0.20
     17355      37.70     -26.83       2.93       0.79       0.00       0.00       0.24       0.20
     17467      38.52     -27.59       2.98       0.76       0.00       0.00       0.24       0.20
     19913      39.11     -27.52       2.99       0.98       0.00       0.00       0.26       0.20
     25020      39.35     -27.96       2.94       0.96       0.00       0.00       0.26       0.20
     26205      39.55     -28.10       2.99       0.95       0.00       0.00       0.29       0.20
     28133      39.67     -28.07       2.99       1.00       0.00       0.00       0.29       0.20
     29346      39.71     -28.16       2.98       1.00       0.00       0.00       0.29       0.20
     29865      39.75     -28.25       2.96       1.00       0.00       0.00       0.29       0.20
     35601      39.94     -28.94       3.90       0.00       0.00       0.00       0.44       0.20
     36767      40.20     -28.76       2.99       1.00       0.00       0.00       0.37       0.20
     37671      40.31     -28.72       3.00       1.00       0.00       0.00       0.30       0.20
     37730      40.58     -29.62       3.91       0.00       0.00       0.00       0.49       0.20
     39180      40.81     -29.64       3.90       0.00       0.00       0.00       0.36       0.20
--------------------------------------------------------------------------------
Best docking solution after GA:
     39500      40.81     -29.64       3.90       0.00       0.00       0.00       0.36       0.20

#ops:      39500 #mutates:  18785 #cross:    18781 #migrate:   1934 
#dups:      9065 #niche:    20064 #errors:    2400 
--------------------------------------------------------------------------------

Doing AMOEBA simplex on best individual
Done simplexing #iterations 497, best score  44.92

Ligand is stored in gold_soln_AV-procd_m4653_3.sdf


--------------------------------------------------------------------------------
--- CHEMPLP breakdown of terms                                               ---
--------------------------------------------------------------------------------
CHEMPLP = - ( 1.0000*S(PLP) + -3.0000*S(hbond) + -6.0000*S(metal) + -3.0000*S(cho) )

Score = CHEMPLP - 1.0000*DE(clash) - 2.0000*DE(tors)

Internal energy term has been corrected with the best internal energy encountered.

--------------------------------------------------------------------------------


     Score     S(PLP)   S(hbond)     S(cho)   S(metal)  DE(clash)   DE(tors)     intcor
     44.92     -33.28       3.99       0.00       0.00       0.00       0.27       0.20

--------------------------------------------------------------------------------
--- PLP analysis of protein-ligand interactions                              ---
--------------------------------------------------------------------------------
hydrogen bonding        :      -3.92
metal                   :       0.00
buried (polar-nonpolar) :      -4.39
nonpolar                :     -26.01
repulsive               :       0.27
--------------------------------------------------------------------------------


--------------------------------------------------------------------------------
--- ChemScore analysis of protein-ligand interactions                        ---
--------------------------------------------------------------------------------

* Hydrogen bonds                                                                
Ligand donor    3 hydrogen   27 Protein acceptor 7948 bond energy  1.00 wt 1.00
Ligand donor    6 hydrogen   28 Protein acceptor 7948 bond energy  1.00 wt 0.99
Protein donor 7989 hydrogen 7998 Ligand acceptor   20 bond energy  1.00 wt 1.00
Protein donor 7997 hydrogen 8009 Ligand acceptor   19 bond energy  1.00 wt 1.00


* CH..O interactions                                                            
  CH group selection                       : activated ring CH (adjacent to hetatom)

--------------------------------------------------------------------------------


--------------------------------------------------------------------------------
--- Intra-ligand clashes                                                     ---
--------------------------------------------------------------------------------

Ligand
  5 (**** ) -   1 (**** ):   0.00 (dist   2.75)
--------------------------------------------------------------------------------

--------------------------------------------------------------------------------
--- Rescoring solution                                                       ---
--------------------------------------------------------------------------------

     Score         DG    S(hbond)    S(metal)    S(lipo)     H(rot)  DE(clash)    DE(int)
     12.31     -18.64       2.71        0.00      64.94       1.36       3.23       3.10

Doing AMOEBA simplex on best individual
Done simplexing #iterations 845, best score  16.94

     Score         DG    S(hbond)    S(metal)    S(lipo)     H(rot)  DE(clash)    DE(int)
     16.94     -20.15       3.26        0.00      62.21       1.36       0.12       3.10

--------------------------------------------------------------------------------
--- ChemScore breakdown of terms                                             ---
--------------------------------------------------------------------------------
DG = -5.4800 + -3.3400*S(hbond)
     + -6.0300*S(metal) + -0.1170*S(lipo) + 2.5600*H(rot)


H(rot) = 1.3617

Score = -(DG + DE(clash) + DE(int))


--------------------------------------------------------------------------------


--------------------------------------------------------------------------------
--- ChemScore analysis of protein-ligand interactions                        ---
--------------------------------------------------------------------------------

* Hydrogen bonds                                                                
Ligand donor    3 hydrogen   27 Protein acceptor 7948 bond energy  1.00 wt 0.59
Ligand donor    6 hydrogen   28 Protein acceptor 7948 bond energy  1.00 wt 0.79
Protein donor 7989 hydrogen 7998 Ligand acceptor   20 bond energy  1.00 wt 0.94
Protein donor 7997 hydrogen 8009 Ligand acceptor   19 bond energy  1.00 wt 0.93

CHEMSCORE EXTRA INTERACTIONS:

* Clashes                                                                       
Clash for ligand atom   9 (**** ):   0.04
Clash for ligand atom  16 (**** ):   0.08
--------------------------------------------------------------------------------


--------------------------------------------------------------------------------
--- Chromosome decoded                                                       ---
--------------------------------------------------------------------------------
Ligand Torsions
[   4    3    2    1]   18.75
[  14   13    2    1]  -10.67
[   8    7    6    4] -179.98    matched torsion: aromatic amide
[  22   15   13    2] -176.86
Protein Torsions
[6907 6896 6895 6894] -166.22 
[7974 7965 7964 7962]   28.12 
[8008 7997 7996 7995] -163.85 
[10167 10162 10161 10158]  140.84 
[10718 10713 10712 10709]  135.17 
[10763 10752 10751 10750] -127.42 
[11005 11000 10999 10996]  106.32 
Mapping
Ligand acceptors to protein hydrogens (mapping then atom ids)
  5  18 [ 20->7998]
Ligand hydrogens to protein acceptors (mapping then atom ids)
  1   7 [ 27->7948]
  2   7 [ 28->7948]
Ligand shape atoms to protein points (mapping then atom ids & coords)
  3  3122 [  8->(144.750 134.750 151.250)]
  4  3303 [  9->(145.000 132.750 150.250)]
  5  3048 [ 10->(144.750 132.500 150.250)]
  6  3269 [ 11->(145.000 132.000 150.750)]
Chromosome values
Integers:
  -1   -1   -1   -1   17    6    6   -1   -1 3121 3302 3047 
3268   -1   -1   -1   -1 
--------------------------------------------------------------------------------

Current Ranking  3  2  1

Top  3 (of  3) solutions are within 1.500 RMSD, finishing docking /DATA2/COVID-19/PDBs_&_Models/AV-procd.sdf.


--------------------------------------------------------------------------------

* GA execution time :                                                           
  total  0.8090 user  0.8090 sys  0.0000

--------------------------------------------------------------------------------
Fitness function evaluations: 80724

--------------------------------------------------------------------------------
--- Ranking analysis                                                         ---
--------------------------------------------------------------------------------


* Final ranked order of GA solutions:                                           
   3  2  1 

  _______________________________
  RMSD Matrix of RANKED solutions

        2    3  

   1 :  1.3  0.8
   2 :       1.4

  Clustering method                        : complete linkage
  Structure ids in cluster table           : rank nos.
  Ordering of clusters and their members   : by rank (order if from rms_analysis)

  Distance | Clusters
   0.84    |  1  3 |  2 |
   1.36    |  1  2  3 |
  Finished Docking Ligand                  : /DATA2/COVID-19/PDBs_&_Models/AV-procd.sdf
--------------------------------------------------------------------------------

  Relative_Ligand_Energy (best encountered) :   0.200
  Relative_Ligand_Energy: fitness values have been corrected using this amount
