
--------------------------------------------------------------------------------
--- Ligand                                                                   ---
--------------------------------------------------------------------------------
  Ligand loaded from file                  : /DATA2/COVID-19/PDBs_&_Models/AV-procd.sdf
  Ligand name                              :  
  "AV-unprocessed.smi:2625                                                  "

--------------------------------------------------------------------------------
  N.plc donors                             : 
  none found

  Acidic nitrogen acceptors                : 
  none found
  Sulfur acceptors                         :
  none found


  Donor atoms                              :      2
  7   11  
  Acceptor atoms                           :      3
  2   10  13  

  Hydrogens                                :  (n = 3)
  22   23   14   

  Lone pairs added to molecule             :      6
  Numbering                                : from 25 to 30
  Choline groups                           : 
   

--------------------------------------------------------------------------------
--- Postprocessing of typing                                                 ---
--------------------------------------------------------------------------------
  Fragment file                            : /home/scv26/CCDC/Discovery_2020/GOLD/gold/rotatable_bond_override.mol2
  acylurea fragment                        : 1 matches
  Ligand bond 12-5  set to flip
  Ligand bond 12-11  set to 1
  Ligand bond 11-9  set to flip
  thioacylthiourea fragment                : no matches
  acylthiourea fragment                    : no matches
  thioacylurea fragment                    : no matches
  diarylamine fragment >C.ar-NH-C.ar<      : no matches
  sec-amine (1) fragment                   : no matches
  sec-amine (2) fragment                   : no matches
  sec-amine (3) fragment                   : no matches
  carboxylic ester                         : no matches

* Rotatable bonds in /DATA2/COVID-19/PDBs  :
  [   2    3] [   3    4] [   4    5] 
  No. of rotatable bonds                   :      3


* Fragments found in /DATA2/COVID-19/PDBs  :
  atom   5: uracil
  atom   6: uracil
  atom   8: uracil
  atom   9: uracil
  atom  11: uracil
  atom  12: uracil
  atom  13: uracil


* Checking torsion distributions:                                               
  No. of matched torsions                  :      0

--------------------------------------------------------------------------------
--- Shape fitting atoms selection (hydrophobic atoms)                        ---
--------------------------------------------------------------------------------
  Molecule                                 : /DATA2/COVID-19/PDBs_&_Models/AV-procd.sdf
  Selection                                : carbons only
  Atom numbers                             :  (n = 4)
  1    3    4    8    


--------------------------------------------------------------------------------
--- ChemScore ligand setup summary                                           ---
--------------------------------------------------------------------------------
  ChemScore ligand acceptors               :      3
  2 10 13 
  ChemScore ligand donors                  :      2
  7 ( 22 23  ) 11 ( 14  ) 
  ChemScore ligand CH donors               :      0
  

  ChemScore ligand lipophilic atoms        :  (n = 4)
  1    3    4    8    

  ChemScore ligand rotatable bonds         :      3
  2   (****) - 3   (****): SP3_SP3_BOND
  3   (****) - 4   (****): SP3_SP3_BOND
  4   (****) - 5   (****): SP3_SP2_BOND

--------------------------------------------------------------------------------
--- PLP ligand setup summary                                                 ---
--------------------------------------------------------------------------------
    1  ****   C.3 NONPOLAR
    2  ****   O.3 ACCEPTOR
    3  ****   C.3 NONPOLAR
    4  ****   C.3 NONPOLAR
    5  ****  N.am NONPOLAR
    6  ****   C.2 NONPOLAR
    7  **** N.pl3 DONOR
    8  ****   C.2 NONPOLAR
    9  ****   C.2 NONPOLAR
   10  ****   O.2 ACCEPTOR
   11  ****  N.am DONOR
   12  ****   C.2 NONPOLAR
   13  ****   O.2 ACCEPTOR


--------------------------------------------------------------------------------
--- Automatic parameter setting                                              ---
--------------------------------------------------------------------------------
  Contribution base                        :   2500
  Contribution per rotatable bond          :   6000
  Contribution per df                      :   4000
  Contribution per water                   :  10000
  Ligand rotatable bonds                   :      3
  Protein flexible side chain bonds        :      0
  Total rotatable bonds                    :      3
  Hydrophobic vol ratio (P/L)              :   5.767
  Base multiplier (polar)                  :   1.000
  Base multiplier (apolar)                 :   4.614
  Base contribution                        : 12500.000
  Fitting points                           :      5
  Estimated maxops needed (optimal)        :  31000

--------------------------------------------------------------------------------

* Population settings                                                           
  maxops                                   :  31000
  popsiz                                   :    100
  select_pressure                          :   1.100
  n_islands                                :      3
  niche_siz                                :      2

* GA settings                                                                   
  pt_crosswt                               :     95
  allele_mutatewt                          :     95
  migratewt                                :     10

* Search settings                                                               
  start_vdw_linear_cutoff                  :   4.000
  initial_virtual_pt_match_max             :   3.000

--------------------------------------------------------------------------------

* Ligand initialisation time :                                                  
  total  0.0030 user  0.0030 sys  0.0000

--------------------------------------------------------------------------------

--------------------------------------------------------------------------------
** Docking run number  1 **
--------------------------------------------------------------------------------
  Rank fitness base is 5000.00 ; increment is 11.2233

* Initialising population(s) ...                                                
Number of constraints mappings 0
Number of constraints 0
  Population no.                           :      1
  Population size                          :    100
  Number of duplicates                     :      0
  Number of niche violations               :      0
  Number of errors                         :  13636

Number of constraints mappings 0
Number of constraints 0
  Population no.                           :      2
  Population size                          :    100
  Number of duplicates                     :      0
  Number of niche violations               :      0
  Number of errors                         :  13820

Number of constraints mappings 0
Number of constraints 0
  Population no.                           :      3
  Population size                          :    100
  Number of duplicates                     :      0
  Number of niche violations               :      0
  Number of errors                         :  13835


Doing GA, no. of population(s) 3 size 100 selection pressure 1.100000

 Operation      Score     S(PLP)   S(hbond)     S(cho)   S(metal)  DE(clash)   DE(tors)     intcor
         0      14.08     -10.17       1.62       0.00       0.00       0.00       0.49       0.01
        61      15.43     -17.69       0.05       0.00       0.00       1.32       0.55       0.01
       318      18.00     -16.24       0.81       0.00       0.00       0.00       0.34       0.01
       361      18.92     -19.15       0.02       0.00       0.00       0.00       0.16       0.01
      2153      23.14     -16.71       2.29       0.00       0.00       0.00       0.23       0.01
      3418      23.28     -19.07       1.71       0.00       0.00       0.00       0.47       0.01
      3441      24.78     -19.94       1.70       0.00       0.00       0.00       0.14       0.01
      4508      25.04     -20.42       1.60       0.00       0.00       0.00       0.09       0.01
      5040      26.36     -20.66       2.17       0.00       0.00       0.00       0.41       0.01
      5970      26.77     -20.80       2.26       0.00       0.00       0.00       0.41       0.01
      6899      27.09     -20.88       2.28       0.00       0.00       0.00       0.31       0.01
      7767      27.09     -23.74       1.33       0.00       0.00       0.00       0.32       0.01
      8028      27.31     -22.16       1.77       0.00       0.00       0.00       0.09       0.01
      8110      27.49     -23.99       1.37       0.00       0.00       0.00       0.31       0.01
      9883      27.91     -22.25       1.95       0.00       0.00       0.00       0.10       0.01
     10345      28.76     -23.21       1.96       0.00       0.00       0.00       0.17       0.01
     12857      29.27     -24.00       2.00       0.00       0.00       0.00       0.37       0.01
     14948      29.30     -23.98       2.00       0.00       0.00       0.00       0.34       0.01
     16672      29.32     -23.95       2.00       0.00       0.00       0.00       0.32       0.01
     16873      29.42     -22.08       2.62       0.00       0.00       0.00       0.26       0.01
     17881      29.58     -24.20       2.00       0.00       0.00       0.00       0.31       0.01
     18031      29.95     -25.11       1.82       0.00       0.00       0.00       0.32       0.01
     19460      30.05     -23.25       2.60       0.00       0.00       0.00       0.51       0.01
     19650      30.43     -23.25       2.73       0.00       0.00       0.00       0.51       0.01
     20715      30.57     -23.36       2.75       0.00       0.00       0.00       0.52       0.01
     22651      30.64     -23.03       2.70       0.00       0.00       0.00       0.25       0.01
     22713      30.72     -23.57       2.75       0.00       0.00       0.00       0.55       0.01
     24711      30.74     -23.57       2.76       0.00       0.00       0.00       0.55       0.01
     29075      31.10     -26.06       1.91       0.00       0.00       0.00       0.35       0.01
     30355      31.11     -26.08       1.93       0.00       0.00       0.00       0.38       0.01
     30404      31.20     -26.02       1.90       0.00       0.00       0.00       0.27       0.01
--------------------------------------------------------------------------------
Best docking solution after GA:
     31000      31.20     -26.02       1.90       0.00       0.00       0.00       0.27       0.01

#ops:      31000 #mutates:  14738 #cross:    14732 #migrate:   1530 
#dups:      6222 #niche:    13764 #errors:    2345 
--------------------------------------------------------------------------------

Doing AMOEBA simplex on best individual
Done simplexing #iterations 324, best score  31.73

Ligand is stored in gold_soln_AV-procd_m10235_1.sdf


--------------------------------------------------------------------------------
--- CHEMPLP breakdown of terms                                               ---
--------------------------------------------------------------------------------
CHEMPLP = - ( 1.0000*S(PLP) + -3.0000*S(hbond) + -6.0000*S(metal) + -3.0000*S(cho) )

Score = CHEMPLP - 1.0000*DE(clash) - 2.0000*DE(tors)

Internal energy term has been corrected with the best internal energy encountered.

--------------------------------------------------------------------------------


     Score     S(PLP)   S(hbond)     S(cho)   S(metal)  DE(clash)   DE(tors)     intcor
     31.73     -26.45       1.93       0.00       0.00       0.00       0.25       0.01

--------------------------------------------------------------------------------
--- PLP analysis of protein-ligand interactions                              ---
--------------------------------------------------------------------------------
hydrogen bonding        :      -3.00
metal                   :       0.00
buried (polar-nonpolar) :      -3.07
nonpolar                :     -21.11
repulsive               :       0.91
--------------------------------------------------------------------------------


--------------------------------------------------------------------------------
--- ChemScore analysis of protein-ligand interactions                        ---
--------------------------------------------------------------------------------

* Hydrogen bonds                                                                
Ligand donor    7 hydrogen   23 Protein acceptor 7948 bond energy  1.00 wt 1.00
Protein donor 7997 hydrogen 8010 Ligand acceptor   10 bond energy  1.00 wt 0.93


* CH..O interactions                                                            
  CH group selection                       : activated ring CH (adjacent to hetatom)

--------------------------------------------------------------------------------


--------------------------------------------------------------------------------
--- Intra-ligand clashes                                                     ---
--------------------------------------------------------------------------------

Ligand
--------------------------------------------------------------------------------

--------------------------------------------------------------------------------
--- Rescoring solution                                                       ---
--------------------------------------------------------------------------------

     Score         DG    S(hbond)    S(metal)    S(lipo)     H(rot)  DE(clash)    DE(int)
      5.65      -7.31       1.07        0.00      25.48       1.84       0.62       1.05

Doing AMOEBA simplex on best individual
Done simplexing #iterations 627, best score   8.28

     Score         DG    S(hbond)    S(metal)    S(lipo)     H(rot)  DE(clash)    DE(int)
      8.28      -8.90       1.63        0.00      23.15       1.84       0.28       0.34

--------------------------------------------------------------------------------
--- ChemScore breakdown of terms                                             ---
--------------------------------------------------------------------------------
DG = -5.4800 + -3.3400*S(hbond)
     + -6.0300*S(metal) + -0.1170*S(lipo) + 2.5600*H(rot)


H(rot) = 1.8428

Score = -(DG + DE(clash) + DE(int))


--------------------------------------------------------------------------------


--------------------------------------------------------------------------------
--- ChemScore analysis of protein-ligand interactions                        ---
--------------------------------------------------------------------------------

* Hydrogen bonds                                                                
Ligand donor    7 hydrogen   23 Protein acceptor 7948 bond energy  1.00 wt 0.92
Protein donor 7997 hydrogen 8010 Ligand acceptor   10 bond energy  1.00 wt 0.70

CHEMSCORE EXTRA INTERACTIONS:

* Clashes                                                                       
Clash for ligand atom  13 (**** ):   0.28
--------------------------------------------------------------------------------


--------------------------------------------------------------------------------
--- Chromosome decoded                                                       ---
--------------------------------------------------------------------------------
Ligand Torsions
[   1    2    3    4]   50.50
[   2    3    4    5]  149.70
[   3    4    5   12]  -67.18
Protein Torsions
[6907 6896 6895 6894] -146.80 
[7974 7965 7964 7962] -179.96 
[8008 7997 7996 7995]   81.45 
[10167 10162 10161 10158]  -22.57 
[10718 10713 10712 10709] -160.15 
[10763 10752 10751 10750]   99.00 
[11005 11000 10999 10996] -159.63 
Mapping
Ligand acceptors to protein hydrogens (mapping then atom ids)
  2  21 [ 10->8010]
Ligand hydrogens to protein acceptors (mapping then atom ids)
  2   7 [ 23->7948]
Ligand shape atoms to protein points (mapping then atom ids & coords)
  1  5786 [  1->(147.250 141.750 154.250)]
  2  6268 [  3->(148.250 140.750 155.000)]
  3  6272 [  4->(148.250 141.000 154.750)]
Chromosome values
Integers:
  -1   20   -1   -1    6   -1 5785 6267 6271   -1 
--------------------------------------------------------------------------------

Current Ranking  1

--------------------------------------------------------------------------------

* GA execution time :                                                           
  total  0.6131 user  0.6131 sys  0.0000

--------------------------------------------------------------------------------
Fitness function evaluations: 95875

--------------------------------------------------------------------------------
** Docking run number  2 **
--------------------------------------------------------------------------------
  Rank fitness base is 5000.00 ; increment is 11.2233

* Initialising population(s) ...                                                
Number of constraints mappings 0
Number of constraints 0
  Population no.                           :      1
  Population size                          :    100
  Number of duplicates                     :      0
  Number of niche violations               :      0
  Number of errors                         :  13545

Number of constraints mappings 0
Number of constraints 0
  Population no.                           :      2
  Population size                          :    100
  Number of duplicates                     :      0
  Number of niche violations               :      0
  Number of errors                         :  13534

Number of constraints mappings 0
Number of constraints 0
  Population no.                           :      3
  Population size                          :    100
  Number of duplicates                     :      0
  Number of niche violations               :      0
  Number of errors                         :  13904


Doing GA, no. of population(s) 3 size 100 selection pressure 1.100000

 Operation      Score     S(PLP)   S(hbond)     S(cho)   S(metal)  DE(clash)   DE(tors)     intcor
         0      13.01     -12.88       0.39       0.00       0.00       0.00       0.52       0.00
       145      19.92     -16.03       1.61       0.00       0.00       0.00       0.47       0.00
       893      21.74     -16.85       2.00       0.00       0.00       0.19       0.46       0.00
      2776      23.05     -16.11       2.62       0.00       0.00       0.00       0.46       0.00
      2830      23.95     -17.45       2.47       0.00       0.00       0.00       0.46       0.00
      3283      24.01     -18.80       2.04       0.00       0.00       0.00       0.46       0.00
      3436      25.07     -19.32       2.22       0.00       0.00       0.00       0.46       0.00
      4336      26.67     -19.12       2.83       0.00       0.00       0.00       0.47       0.00
      4924      27.15     -20.65       2.33       0.00       0.00       0.00       0.25       0.00
      5422      27.40     -21.02       2.43       0.00       0.00       0.00       0.46       0.00
      5729      27.78     -19.71       3.00       0.00       0.00       0.00       0.47       0.00
      6109      28.16     -20.03       3.00       0.00       0.00       0.00       0.43       0.00
      7118      28.50     -20.71       2.84       0.00       0.00       0.00       0.38       0.00
      8342      29.10     -21.22       2.88       0.00       0.00       0.00       0.38       0.00
     10836      29.47     -21.00       3.00       0.00       0.00       0.00       0.27       0.00
     12132      29.55     -21.65       2.86       0.00       0.00       0.00       0.34       0.00
     12503      29.60     -21.69       2.84       0.00       0.00       0.00       0.31       0.00
     13975      29.78     -21.92       2.79       0.00       0.00       0.00       0.26       0.00
     14831      29.91     -21.94       2.79       0.00       0.00       0.00       0.21       0.00
--------------------------------------------------------------------------------
Best docking solution after GA:
     31000      29.91     -21.94       2.79       0.00       0.00       0.00       0.21       0.00

#ops:      31000 #mutates:  14764 #cross:    14726 #migrate:   1510 
#dups:     10406 #niche:    16932 #errors:    2053 
--------------------------------------------------------------------------------

Doing AMOEBA simplex on best individual
Done simplexing #iterations 775, best score  30.92

Ligand is stored in gold_soln_AV-procd_m10235_2.sdf


--------------------------------------------------------------------------------
--- CHEMPLP breakdown of terms                                               ---
--------------------------------------------------------------------------------
CHEMPLP = - ( 1.0000*S(PLP) + -3.0000*S(hbond) + -6.0000*S(metal) + -3.0000*S(cho) )

Score = CHEMPLP - 1.0000*DE(clash) - 2.0000*DE(tors)

Internal energy term has been corrected with the best internal energy encountered.

--------------------------------------------------------------------------------


     Score     S(PLP)   S(hbond)     S(cho)   S(metal)  DE(clash)   DE(tors)     intcor
     30.92     -22.47       2.83       0.00       0.00       0.00       0.02       0.00

--------------------------------------------------------------------------------
--- PLP analysis of protein-ligand interactions                              ---
--------------------------------------------------------------------------------
hydrogen bonding        :      -3.88
metal                   :       0.00
buried (polar-nonpolar) :       1.04
nonpolar                :     -19.96
repulsive               :       0.77
--------------------------------------------------------------------------------


--------------------------------------------------------------------------------
--- ChemScore analysis of protein-ligand interactions                        ---
--------------------------------------------------------------------------------

* Hydrogen bonds                                                                
Ligand donor    7 hydrogen   22 Protein acceptor 8028 bond energy  1.00 wt 1.00
Ligand donor   11 hydrogen   14 Protein acceptor 7948 bond energy  1.00 wt 0.98
Protein donor 7989 hydrogen 7998 Ligand acceptor   13 bond energy  1.00 wt 0.85


* CH..O interactions                                                            
  CH group selection                       : activated ring CH (adjacent to hetatom)

--------------------------------------------------------------------------------


--------------------------------------------------------------------------------
--- Intra-ligand clashes                                                     ---
--------------------------------------------------------------------------------

Ligand
--------------------------------------------------------------------------------

--------------------------------------------------------------------------------
--- Rescoring solution                                                       ---
--------------------------------------------------------------------------------

     Score         DG    S(hbond)    S(metal)    S(lipo)     H(rot)  DE(clash)    DE(int)
      5.32      -9.85       1.73        0.00      28.42       1.84       3.05       1.48

Doing AMOEBA simplex on best individual
Done simplexing #iterations 829, best score   9.08

     Score         DG    S(hbond)    S(metal)    S(lipo)     H(rot)  DE(clash)    DE(int)
      9.08     -10.40       1.90        0.00      28.05       1.84       0.04       1.28

--------------------------------------------------------------------------------
--- ChemScore breakdown of terms                                             ---
--------------------------------------------------------------------------------
DG = -5.4800 + -3.3400*S(hbond)
     + -6.0300*S(metal) + -0.1170*S(lipo) + 2.5600*H(rot)


H(rot) = 1.8428

Score = -(DG + DE(clash) + DE(int))


--------------------------------------------------------------------------------


--------------------------------------------------------------------------------
--- ChemScore analysis of protein-ligand interactions                        ---
--------------------------------------------------------------------------------

* Hydrogen bonds                                                                
Ligand donor    7 hydrogen   22 Protein acceptor 8028 bond energy  1.00 wt 0.94
Ligand donor   11 hydrogen   14 Protein acceptor 7948 bond energy  1.00 wt 0.97

CHEMSCORE EXTRA INTERACTIONS:

* Clashes                                                                       
Clash for ligand atom   9 (**** ):   0.01
Clash for ligand atom  12 (**** ):   0.03
--------------------------------------------------------------------------------


--------------------------------------------------------------------------------
--- Chromosome decoded                                                       ---
--------------------------------------------------------------------------------
Ligand Torsions
[   1    2    3    4]   61.27
[   2    3    4    5]  172.95
[   3    4    5   12]  -62.09
Protein Torsions
[6907 6896 6895 6894]  -53.48 
[7974 7965 7964 7962]   -1.00 
[8008 7997 7996 7995] -119.09 
[10167 10162 10161 10158]  -59.29 
[10718 10713 10712 10709]   16.36 
[10763 10752 10751 10750]   79.68 
[11005 11000 10999 10996]  -58.59 
Mapping
Ligand acceptors to protein hydrogens (mapping then atom ids)
  2  16 [ 10->7966]
  3  18 [ 13->7998]
Ligand hydrogens to protein acceptors (mapping then atom ids)
  1  15 [ 22->8028]
  3   7 [ 14->7948]
Ligand shape atoms to protein points (mapping then atom ids & coords)
  1  7995 [  1->(151.250 142.250 158.750)]
  2  7001 [  3->(150.000 141.500 156.750)]
  4  5327 [  8->(146.750 140.500 154.000)]
Chromosome values
Integers:
  -1   15   17   14   -1    6 7994 7000   -1 5326 
--------------------------------------------------------------------------------

Current Ranking  1  2

--------------------------------------------------------------------------------

* GA execution time :                                                           
  total  0.5992 user  0.5992 sys  0.0000

--------------------------------------------------------------------------------
Fitness function evaluations: 94950

--------------------------------------------------------------------------------
** Docking run number  3 **
--------------------------------------------------------------------------------
  Rank fitness base is 5000.00 ; increment is 11.2233

* Initialising population(s) ...                                                
Number of constraints mappings 0
Number of constraints 0
  Population no.                           :      1
  Population size                          :    100
  Number of duplicates                     :      0
  Number of niche violations               :      0
  Number of errors                         :  13340

Number of constraints mappings 0
Number of constraints 0
  Population no.                           :      2
  Population size                          :    100
  Number of duplicates                     :      0
  Number of niche violations               :      0
  Number of errors                         :  13803

Number of constraints mappings 0
Number of constraints 0
  Population no.                           :      3
  Population size                          :    100
  Number of duplicates                     :      0
  Number of niche violations               :      0
  Number of errors                         :  13971


Doing GA, no. of population(s) 3 size 100 selection pressure 1.100000

 Operation      Score     S(PLP)   S(hbond)     S(cho)   S(metal)  DE(clash)   DE(tors)     intcor
         0      22.66     -17.76       2.13       0.00       0.00       0.00       0.74       0.00
      1693      22.92     -17.75       2.10       0.00       0.00       0.00       0.56       0.00
      2614      23.14     -17.65       2.10       0.00       0.00       0.00       0.40       0.00
      2689      24.26     -21.52       1.16       0.00       0.00       0.00       0.37       0.00
      3962      24.64     -22.76       0.80       0.00       0.00       0.00       0.26       0.00
      4456      24.95     -21.52       1.39       0.00       0.00       0.00       0.37       0.00
      4764      25.50     -21.15       1.49       0.00       0.00       0.00       0.06       0.00
      5881      26.61     -21.94       1.73       0.00       0.00       0.00       0.26       0.00
      9245      27.62     -21.14       2.41       0.00       0.00       0.00       0.38       0.00
     10535      27.77     -21.14       2.46       0.00       0.00       0.00       0.38       0.00
     12652      28.21     -22.46       1.99       0.00       0.00       0.00       0.11       0.00
     13571      28.32     -21.14       2.64       0.00       0.00       0.00       0.38       0.00
     19350      28.42     -21.12       2.74       0.00       0.00       0.00       0.46       0.00
     21103      29.33     -21.29       2.86       0.00       0.00       0.00       0.27       0.00
     25928      29.77     -21.84       2.99       0.00       0.00       0.00       0.52       0.00
     27632      29.81     -21.87       2.99       0.00       0.00       0.00       0.52       0.00
     29000      29.84     -21.86       2.99       0.00       0.00       0.00       0.50       0.00
     29180      29.93     -21.85       3.00       0.00       0.00       0.00       0.46       0.00
     29696      29.96     -21.63       3.00       0.00       0.00       0.00       0.34       0.00
     30344      29.97     -21.62       3.00       0.00       0.00       0.00       0.32       0.00
--------------------------------------------------------------------------------
Best docking solution after GA:
     31000      29.97     -21.62       3.00       0.00       0.00       0.00       0.32       0.00

#ops:      31000 #mutates:  14611 #cross:    14870 #migrate:   1519 
#dups:      6549 #niche:    14123 #errors:    3162 
--------------------------------------------------------------------------------

Doing AMOEBA simplex on best individual
Done simplexing #iterations 795, best score  31.32

Ligand is stored in gold_soln_AV-procd_m10235_3.sdf


--------------------------------------------------------------------------------
--- CHEMPLP breakdown of terms                                               ---
--------------------------------------------------------------------------------
CHEMPLP = - ( 1.0000*S(PLP) + -3.0000*S(hbond) + -6.0000*S(metal) + -3.0000*S(cho) )

Score = CHEMPLP - 1.0000*DE(clash) - 2.0000*DE(tors)

Internal energy term has been corrected with the best internal energy encountered.

--------------------------------------------------------------------------------


     Score     S(PLP)   S(hbond)     S(cho)   S(metal)  DE(clash)   DE(tors)     intcor
     31.32     -22.94       2.99       0.00       0.00       0.00       0.30       0.00

--------------------------------------------------------------------------------
--- PLP analysis of protein-ligand interactions                              ---
--------------------------------------------------------------------------------
hydrogen bonding        :      -3.21
metal                   :       0.00
buried (polar-nonpolar) :      -1.68
nonpolar                :     -18.61
repulsive               :       0.45
--------------------------------------------------------------------------------


--------------------------------------------------------------------------------
--- ChemScore analysis of protein-ligand interactions                        ---
--------------------------------------------------------------------------------

* Hydrogen bonds                                                                
Ligand donor    7 hydrogen   23 Protein acceptor 7948 bond energy  1.00 wt 0.99
Ligand donor   11 hydrogen   14 Protein acceptor 8028 bond energy  1.00 wt 1.00
Protein donor 7997 hydrogen 8010 Ligand acceptor    2 bond energy  1.00 wt 1.00


* CH..O interactions                                                            
  CH group selection                       : activated ring CH (adjacent to hetatom)

--------------------------------------------------------------------------------


--------------------------------------------------------------------------------
--- Intra-ligand clashes                                                     ---
--------------------------------------------------------------------------------

Ligand
--------------------------------------------------------------------------------

--------------------------------------------------------------------------------
--- Rescoring solution                                                       ---
--------------------------------------------------------------------------------

     Score         DG    S(hbond)    S(metal)    S(lipo)     H(rot)  DE(clash)    DE(int)
     10.38     -13.41       2.86        0.00      26.49       1.84       1.44       1.60

Doing AMOEBA simplex on best individual
Done simplexing #iterations 756, best score  11.53

     Score         DG    S(hbond)    S(metal)    S(lipo)     H(rot)  DE(clash)    DE(int)
     11.53     -13.33       2.90        0.00      24.75       1.84       0.20       1.59

--------------------------------------------------------------------------------
--- ChemScore breakdown of terms                                             ---
--------------------------------------------------------------------------------
DG = -5.4800 + -3.3400*S(hbond)
     + -6.0300*S(metal) + -0.1170*S(lipo) + 2.5600*H(rot)


H(rot) = 1.8428

Score = -(DG + DE(clash) + DE(int))


--------------------------------------------------------------------------------


--------------------------------------------------------------------------------
--- ChemScore analysis of protein-ligand interactions                        ---
--------------------------------------------------------------------------------

* Hydrogen bonds                                                                
Ligand donor    7 hydrogen   23 Protein acceptor 7948 bond energy  1.00 wt 0.94
Ligand donor   11 hydrogen   14 Protein acceptor 8028 bond energy  1.00 wt 0.99
Protein donor 7997 hydrogen 8010 Ligand acceptor    2 bond energy  1.00 wt 0.97

CHEMSCORE EXTRA INTERACTIONS:

* Clashes                                                                       
Clash for ligand atom   8 (**** ):   0.20
--------------------------------------------------------------------------------


--------------------------------------------------------------------------------
--- Chromosome decoded                                                       ---
--------------------------------------------------------------------------------
Ligand Torsions
[   1    2    3    4]  171.81
[   2    3    4    5] -140.06
[   3    4    5   12]   57.83
Protein Torsions
[6907 6896 6895 6894]  -45.37 
[7974 7965 7964 7962]   50.46 
[8008 7997 7996 7995]   48.45 
[10167 10162 10161 10158] -175.23 
[10718 10713 10712 10709]  -29.64 
[10763 10752 10751 10750]  -29.57 
[11005 11000 10999 10996]  -71.31 
Mapping
Ligand acceptors to protein hydrogens (mapping then atom ids)
Ligand hydrogens to protein acceptors (mapping then atom ids)
  2   7 [ 23->7948]
  3  15 [ 14->8028]
Ligand shape atoms to protein points (mapping then atom ids & coords)
  1  9726 [  1->(153.750 141.000 160.250)]
  2  8227 [  3->(151.500 138.500 155.500)]
  3  8225 [  4->(151.500 138.250 156.000)]
  4  5922 [  8->(147.500 141.250 154.750)]
Chromosome values
Integers:
  -1   -1   -1   -1    6   14 9725 8226 8224 5921 
--------------------------------------------------------------------------------

Current Ranking  1  3  2

--------------------------------------------------------------------------------

* GA execution time :                                                           
  total  0.6067 user  0.6067 sys  0.0000

--------------------------------------------------------------------------------
Fitness function evaluations: 96487

--------------------------------------------------------------------------------
** Docking run number  4 **
--------------------------------------------------------------------------------
  Rank fitness base is 5000.00 ; increment is 11.2233

* Initialising population(s) ...                                                
Number of constraints mappings 0
Number of constraints 0
  Population no.                           :      1
  Population size                          :    100
  Number of duplicates                     :      0
  Number of niche violations               :      0
  Number of errors                         :  13749

Number of constraints mappings 0
Number of constraints 0
  Population no.                           :      2
  Population size                          :    100
  Number of duplicates                     :      0
  Number of niche violations               :      0
  Number of errors                         :  13536

Number of constraints mappings 0
Number of constraints 0
  Population no.                           :      3
  Population size                          :    100
  Number of duplicates                     :      0
  Number of niche violations               :      0
  Number of errors                         :  13659


Doing GA, no. of population(s) 3 size 100 selection pressure 1.100000

 Operation      Score     S(PLP)   S(hbond)     S(cho)   S(metal)  DE(clash)   DE(tors)     intcor
         0      15.61     -14.59       0.80       0.00       0.00       0.00       0.69       0.00
       198      22.09     -17.57       1.71       0.00       0.00       0.00       0.32       0.00
       832      22.81     -15.45       2.74       0.00       0.00       0.00       0.44       0.00
      1402      26.44     -19.99       2.23       0.00       0.00       0.00       0.13       0.00
      2659      27.17     -21.27       2.25       0.00       0.00       0.00       0.43       0.00
      3494      27.28     -19.16       2.84       0.00       0.00       0.00       0.21       0.00
      4495      27.65     -21.56       2.30       0.00       0.00       0.00       0.40       0.00
      5946      28.34     -21.91       2.30       0.00       0.00       0.00       0.24       0.00
      6382      28.39     -21.37       2.61       0.00       0.00       0.00       0.40       0.00
      6872      28.42     -21.60       2.33       0.00       0.00       0.00       0.10       0.00
      7705      28.52     -21.79       2.51       0.00       0.00       0.00       0.40       0.00
      7743      28.94     -22.21       2.32       0.00       0.00       0.00       0.11       0.00
      8356      29.14     -21.49       2.61       0.00       0.00       0.00       0.09       0.00
      8590      29.14     -21.51       2.62       0.00       0.00       0.00       0.12       0.00
      8977      29.25     -21.47       2.61       0.00       0.00       0.00       0.03       0.00
      9034      29.30     -22.00       2.45       0.00       0.00       0.00       0.03       0.00
      9722      29.52     -22.10       2.53       0.00       0.00       0.00       0.09       0.00
     10045      29.98     -21.76       2.76       0.00       0.00       0.00       0.03       0.00
     10918      30.02     -21.77       2.81       0.00       0.00       0.00       0.09       0.00
     12292      30.07     -21.81       2.81       0.00       0.00       0.00       0.09       0.00
     14254      30.08     -21.86       2.79       0.00       0.00       0.00       0.08       0.00
     16176      30.09     -21.41       2.95       0.00       0.00       0.00       0.09       0.00
     17313      30.12     -21.44       2.95       0.00       0.00       0.00       0.09       0.00
     19049      30.23     -21.53       2.95       0.00       0.00       0.00       0.08       0.00
     20698      30.24     -21.67       2.88       0.00       0.00       0.00       0.03       0.00
     26850      30.34     -21.61       2.94       0.00       0.00       0.00       0.05       0.00
     30155      30.44     -21.66       2.94       0.00       0.00       0.00       0.02       0.00
--------------------------------------------------------------------------------
Best docking solution after GA:
     31000      30.44     -21.66       2.94       0.00       0.00       0.00       0.02       0.00

#ops:      31000 #mutates:  14719 #cross:    14711 #migrate:   1570 
#dups:      8523 #niche:    16387 #errors:    1773 
--------------------------------------------------------------------------------

Doing AMOEBA simplex on best individual
Done simplexing #iterations 474, best score  30.85

Ligand is stored in gold_soln_AV-procd_m10235_4.sdf


--------------------------------------------------------------------------------
--- CHEMPLP breakdown of terms                                               ---
--------------------------------------------------------------------------------
CHEMPLP = - ( 1.0000*S(PLP) + -3.0000*S(hbond) + -6.0000*S(metal) + -3.0000*S(cho) )

Score = CHEMPLP - 1.0000*DE(clash) - 2.0000*DE(tors)

Internal energy term has been corrected with the best internal energy encountered.

--------------------------------------------------------------------------------


     Score     S(PLP)   S(hbond)     S(cho)   S(metal)  DE(clash)   DE(tors)     intcor
     30.85     -21.86       3.00       0.00       0.00       0.00       0.00       0.00

--------------------------------------------------------------------------------
--- PLP analysis of protein-ligand interactions                              ---
--------------------------------------------------------------------------------
hydrogen bonding        :      -4.00
metal                   :       0.00
buried (polar-nonpolar) :       0.25
nonpolar                :     -18.51
repulsive               :       0.76
--------------------------------------------------------------------------------


--------------------------------------------------------------------------------
--- ChemScore analysis of protein-ligand interactions                        ---
--------------------------------------------------------------------------------

* Hydrogen bonds                                                                
Ligand donor    7 hydrogen   22 Protein acceptor 8028 bond energy  1.00 wt 1.00
Ligand donor   11 hydrogen   14 Protein acceptor 7948 bond energy  1.00 wt 1.00
Protein donor 7989 hydrogen 7998 Ligand acceptor   13 bond energy  1.00 wt 1.00


* CH..O interactions                                                            
  CH group selection                       : activated ring CH (adjacent to hetatom)

--------------------------------------------------------------------------------


--------------------------------------------------------------------------------
--- Intra-ligand clashes                                                     ---
--------------------------------------------------------------------------------

Ligand
--------------------------------------------------------------------------------

--------------------------------------------------------------------------------
--- Rescoring solution                                                       ---
--------------------------------------------------------------------------------

     Score         DG    S(hbond)    S(metal)    S(lipo)     H(rot)  DE(clash)    DE(int)
      7.02     -10.04       1.79        0.00      28.29       1.84       1.90       1.12

Doing AMOEBA simplex on best individual
Done simplexing #iterations 676, best score   8.89

     Score         DG    S(hbond)    S(metal)    S(lipo)     H(rot)  DE(clash)    DE(int)
      8.89     -10.52       1.93        0.00      28.34       1.84       1.53       0.10

--------------------------------------------------------------------------------
--- ChemScore breakdown of terms                                             ---
--------------------------------------------------------------------------------
DG = -5.4800 + -3.3400*S(hbond)
     + -6.0300*S(metal) + -0.1170*S(lipo) + 2.5600*H(rot)


H(rot) = 1.8428

Score = -(DG + DE(clash) + DE(int))


--------------------------------------------------------------------------------


--------------------------------------------------------------------------------
--- ChemScore analysis of protein-ligand interactions                        ---
--------------------------------------------------------------------------------

* Hydrogen bonds                                                                
Ligand donor    7 hydrogen   22 Protein acceptor 8028 bond energy  1.00 wt 0.74
Ligand donor   11 hydrogen   14 Protein acceptor 7948 bond energy  1.00 wt 0.96
Protein donor 7989 hydrogen 7998 Ligand acceptor   13 bond energy  1.00 wt 0.23

CHEMSCORE EXTRA INTERACTIONS:

* Clashes                                                                       
Clash for ligand atom   4 (**** ):   0.27
Clash for ligand atom   9 (**** ):   0.08
Clash for ligand atom  12 (**** ):   1.18
--------------------------------------------------------------------------------


--------------------------------------------------------------------------------
--- Chromosome decoded                                                       ---
--------------------------------------------------------------------------------
Ligand Torsions
[   1    2    3    4]  178.90
[   2    3    4    5] -178.91
[   3    4    5   12]  -61.59
Protein Torsions
[6907 6896 6895 6894]  -52.25 
[7974 7965 7964 7962]   58.69 
[8008 7997 7996 7995] -115.64 
[10167 10162 10161 10158]   81.70 
[10718 10713 10712 10709]  -13.26 
[10763 10752 10751 10750]   11.70 
[11005 11000 10999 10996] -144.98 
Mapping
Ligand acceptors to protein hydrogens (mapping then atom ids)
  2  16 [ 10->7966]
Ligand hydrogens to protein acceptors (mapping then atom ids)
  1  15 [ 22->8028]
  3   7 [ 14->7948]
Ligand shape atoms to protein points (mapping then atom ids & coords)
  1  9387 [  1->(152.750 141.750 159.750)]
  2  7128 [  3->(150.250 141.250 157.000)]
  3  6515 [  4->(148.750 141.000 154.750)]
  4  5570 [  8->(147.000 141.000 154.250)]
Chromosome values
Integers:
  -1   15   -1   14   -1    6 9386 7127 6514 5569 
--------------------------------------------------------------------------------

Current Ranking  1  3  2  4

--------------------------------------------------------------------------------

* GA execution time :                                                           
  total  0.6224 user  0.6224 sys  0.0000

--------------------------------------------------------------------------------
Fitness function evaluations: 94493

--------------------------------------------------------------------------------
** Docking run number  5 **
--------------------------------------------------------------------------------
  Rank fitness base is 5000.00 ; increment is 11.2233

* Initialising population(s) ...                                                
Number of constraints mappings 0
Number of constraints 0
  Population no.                           :      1
  Population size                          :    100
  Number of duplicates                     :      0
  Number of niche violations               :      0
  Number of errors                         :  13392

Number of constraints mappings 0
Number of constraints 0
  Population no.                           :      2
  Population size                          :    100
  Number of duplicates                     :      0
  Number of niche violations               :      0
  Number of errors                         :  13884

Number of constraints mappings 0
Number of constraints 0
  Population no.                           :      3
  Population size                          :    100
  Number of duplicates                     :      0
  Number of niche violations               :      0
  Number of errors                         :  13714


Doing GA, no. of population(s) 3 size 100 selection pressure 1.100000

 Operation      Score     S(PLP)   S(hbond)     S(cho)   S(metal)  DE(clash)   DE(tors)     intcor
         0      13.99     -12.91       0.73       0.00       0.00       0.00       0.56       0.00
       237      15.35     -12.47       1.31       0.00       0.00       0.00       0.53       0.00
       441      15.41     -12.46       1.31       0.00       0.00       0.00       0.49       0.00
      1129      15.41     -12.51       1.44       0.00       0.00       0.14       0.64       0.00
      1141      15.43     -12.51       1.45       0.00       0.00       0.14       0.64       0.00
      1159      18.33     -14.77       1.43       0.00       0.00       0.00       0.37       0.00
      1589      26.27     -22.02       1.55       0.00       0.00       0.00       0.20       0.00
      5876      26.88     -23.43       1.28       0.00       0.00       0.00       0.20       0.00
      6365      27.83     -25.04       1.17       0.00       0.00       0.00       0.37       0.00
      6989      27.87     -25.13       1.17       0.00       0.00       0.00       0.39       0.00
      7343      28.22     -25.04       1.31       0.00       0.00       0.00       0.37       0.00
      8660      28.71     -23.49       2.00       0.00       0.00       0.00       0.39       0.00
     11561      28.77     -23.52       1.99       0.00       0.00       0.00       0.36       0.00
     13532      28.87     -23.81       2.00       0.00       0.00       0.00       0.47       0.00
     13961      29.03     -23.86       2.00       0.00       0.00       0.00       0.42       0.00
     15345      29.08     -23.82       2.00       0.00       0.00       0.00       0.37       0.00
     16367      29.16     -23.89       2.00       0.00       0.00       0.00       0.37       0.00
     16832      29.19     -23.93       2.00       0.00       0.00       0.00       0.37       0.00
     17272      29.19     -23.93       2.00       0.00       0.00       0.00       0.37       0.00
     18678      29.89     -21.84       2.82       0.00       0.00       0.00       0.21       0.00
     21584      29.90     -24.56       1.99       0.00       0.00       0.00       0.32       0.00
     21799      29.99     -25.18       1.85       0.00       0.00       0.00       0.37       0.00
     23505      30.11     -24.70       2.00       0.00       0.00       0.00       0.30       0.00
     24994      30.18     -25.14       1.99       0.00       0.00       0.00       0.47       0.00
     25135      30.26     -25.05       1.98       0.00       0.00       0.00       0.37       0.00
     25643      30.31     -24.74       2.00       0.00       0.00       0.00       0.21       0.00
     25873      30.36     -25.25       1.93       0.00       0.00       0.00       0.35       0.00
     26545      30.47     -25.31       1.90       0.00       0.00       0.00       0.26       0.00
     26853      30.48     -25.27       1.91       0.00       0.00       0.00       0.26       0.00
     27703      30.52     -25.26       1.91       0.00       0.00       0.00       0.24       0.00
     28441      30.55     -25.23       1.93       0.00       0.00       0.00       0.24       0.00
     29399      30.56     -25.22       1.93       0.00       0.00       0.00       0.22       0.00
     29894      30.59     -25.59       1.96       0.00       0.00       0.00       0.44       0.00
     30804      30.63     -25.44       1.94       0.00       0.00       0.00       0.32       0.00
--------------------------------------------------------------------------------
Best docking solution after GA:
     31000      30.63     -25.44       1.94       0.00       0.00       0.00       0.32       0.00

#ops:      31000 #mutates:  14732 #cross:    14722 #migrate:   1546 
#dups:      7861 #niche:    14323 #errors:    2716 
--------------------------------------------------------------------------------

Doing AMOEBA simplex on best individual
Done simplexing #iterations 536, best score  31.65

Ligand is stored in gold_soln_AV-procd_m10235_5.sdf


--------------------------------------------------------------------------------
--- CHEMPLP breakdown of terms                                               ---
--------------------------------------------------------------------------------
CHEMPLP = - ( 1.0000*S(PLP) + -3.0000*S(hbond) + -6.0000*S(metal) + -3.0000*S(cho) )

Score = CHEMPLP - 1.0000*DE(clash) - 2.0000*DE(tors)

Internal energy term has been corrected with the best internal energy encountered.

--------------------------------------------------------------------------------


     Score     S(PLP)   S(hbond)     S(cho)   S(metal)  DE(clash)   DE(tors)     intcor
     31.65     -26.15       2.00       0.00       0.00       0.00       0.25       0.00

--------------------------------------------------------------------------------
--- PLP analysis of protein-ligand interactions                              ---
--------------------------------------------------------------------------------
hydrogen bonding        :      -2.86
metal                   :       0.00
buried (polar-nonpolar) :      -3.25
nonpolar                :     -21.21
repulsive               :       1.63
--------------------------------------------------------------------------------


--------------------------------------------------------------------------------
--- ChemScore analysis of protein-ligand interactions                        ---
--------------------------------------------------------------------------------

* Hydrogen bonds                                                                
Ligand donor    7 hydrogen   23 Protein acceptor 7948 bond energy  1.00 wt 1.00
Protein donor 7997 hydrogen 8009 Ligand acceptor   10 bond energy  1.00 wt 1.00


* CH..O interactions                                                            
  CH group selection                       : activated ring CH (adjacent to hetatom)

--------------------------------------------------------------------------------


--------------------------------------------------------------------------------
--- Intra-ligand clashes                                                     ---
--------------------------------------------------------------------------------

Ligand
--------------------------------------------------------------------------------

--------------------------------------------------------------------------------
--- Rescoring solution                                                       ---
--------------------------------------------------------------------------------

     Score         DG    S(hbond)    S(metal)    S(lipo)     H(rot)  DE(clash)    DE(int)
      6.63      -7.75       1.22        0.00      24.87       1.84       0.80       0.32

Doing AMOEBA simplex on best individual
Done simplexing #iterations 741, best score   8.32

     Score         DG    S(hbond)    S(metal)    S(lipo)     H(rot)  DE(clash)    DE(int)
      8.32      -9.83       1.88        0.00      23.72       1.84       1.19       0.32

--------------------------------------------------------------------------------
--- ChemScore breakdown of terms                                             ---
--------------------------------------------------------------------------------
DG = -5.4800 + -3.3400*S(hbond)
     + -6.0300*S(metal) + -0.1170*S(lipo) + 2.5600*H(rot)


H(rot) = 1.8428

Score = -(DG + DE(clash) + DE(int))


--------------------------------------------------------------------------------


--------------------------------------------------------------------------------
--- ChemScore analysis of protein-ligand interactions                        ---
--------------------------------------------------------------------------------

* Hydrogen bonds                                                                
Ligand donor    7 hydrogen   23 Protein acceptor 7948 bond energy  1.00 wt 0.98
Protein donor 7997 hydrogen 8009 Ligand acceptor   10 bond energy  1.00 wt 0.90

CHEMSCORE EXTRA INTERACTIONS:

* Clashes                                                                       
Clash for ligand atom   6 (**** ):   0.04
Clash for ligand atom  13 (**** ):   1.15
--------------------------------------------------------------------------------


--------------------------------------------------------------------------------
--- Chromosome decoded                                                       ---
--------------------------------------------------------------------------------
Ligand Torsions
[   1    2    3    4]   51.01
[   2    3    4    5]  153.47
[   3    4    5   12]  -69.97
Protein Torsions
[6907 6896 6895 6894]   38.05 
[7974 7965 7964 7962]  -14.36 
[8008 7997 7996 7995] -161.76 
[10167 10162 10161 10158]  -25.16 
[10718 10713 10712 10709] -153.83 
[10763 10752 10751 10750]  118.87 
[11005 11000 10999 10996]  -48.53 
Mapping
Ligand acceptors to protein hydrogens (mapping then atom ids)
  2  20 [ 10->8009]
Ligand hydrogens to protein acceptors (mapping then atom ids)
  2   7 [ 23->7948]
Ligand shape atoms to protein points (mapping then atom ids & coords)
  1  5780 [  1->(147.250 141.250 154.500)]
  2  5785 [  3->(147.250 141.500 155.000)]
  4  8751 [  8->(152.000 138.500 155.250)]
Chromosome values
Integers:
  -1   19   -1   -1    6   -1 5779 5784   -1 8750 
--------------------------------------------------------------------------------

Current Ranking  1  5  3  2  4

--------------------------------------------------------------------------------

* GA execution time :                                                           
  total  0.6044 user  0.6044 sys  0.0000

--------------------------------------------------------------------------------
Fitness function evaluations: 95253

--------------------------------------------------------------------------------
** Docking run number  6 **
--------------------------------------------------------------------------------
  Rank fitness base is 5000.00 ; increment is 11.2233

* Initialising population(s) ...                                                
Number of constraints mappings 0
Number of constraints 0
  Population no.                           :      1
  Population size                          :    100
  Number of duplicates                     :      0
  Number of niche violations               :      0
  Number of errors                         :  13066

Number of constraints mappings 0
Number of constraints 0
  Population no.                           :      2
  Population size                          :    100
  Number of duplicates                     :      0
  Number of niche violations               :      0
  Number of errors                         :  14218

Number of constraints mappings 0
Number of constraints 0
  Population no.                           :      3
  Population size                          :    100
  Number of duplicates                     :      0
  Number of niche violations               :      0
  Number of errors                         :  13517


Doing GA, no. of population(s) 3 size 100 selection pressure 1.100000

 Operation      Score     S(PLP)   S(hbond)     S(cho)   S(metal)  DE(clash)   DE(tors)     intcor
         0      19.43     -16.54       1.18       0.00       0.00       0.00       0.32       0.00
        84      19.43     -16.54       1.18       0.00       0.00       0.00       0.32       0.00
      1004      19.56     -16.68       1.18       0.00       0.00       0.00       0.33       0.00
      1155      20.12     -17.94       1.18       0.00       0.00       0.00       0.68       0.00
      1335      20.13     -17.54       1.18       0.00       0.00       0.00       0.47       0.00
      1600      21.37     -19.38       1.30       0.00       0.00       0.00       0.96       0.00
      2743      23.04     -19.08       1.46       0.00       0.00       0.00       0.22       0.00
      2872      23.72     -20.02       1.35       0.00       0.00       0.00       0.18       0.00
      4339      23.73     -19.99       1.37       0.00       0.00       0.00       0.18       0.00
      5884      24.45     -19.83       1.66       0.00       0.00       0.00       0.18       0.00
      6672      24.86     -19.24       2.25       0.00       0.00       0.00       0.57       0.00
      7302      25.25     -20.65       1.55       0.00       0.00       0.00       0.02       0.00
      7553      25.90     -20.13       2.28       0.00       0.00       0.00       0.53       0.00
      8296      26.20     -21.24       1.91       0.00       0.00       0.00       0.39       0.00
      9859      26.66     -21.63       1.91       0.00       0.00       0.00       0.35       0.00
     10307      26.72     -20.32       2.28       0.00       0.00       0.10       0.17       0.00
     10816      26.98     -21.84       1.91       0.00       0.00       0.00       0.30       0.00
     11279      27.09     -20.38       2.28       0.00       0.00       0.00       0.06       0.00
     11505      27.65     -23.88       1.48       0.00       0.00       0.00       0.34       0.00
     12922      27.72     -23.95       1.48       0.00       0.00       0.00       0.34       0.00
     13946      28.26     -24.60       1.46       0.00       0.00       0.00       0.36       0.00
     16312      28.34     -24.14       1.45       0.00       0.00       0.00       0.08       0.00
     18953      28.50     -23.41       1.93       0.00       0.00       0.00       0.35       0.00
     18977      28.50     -23.47       1.91       0.00       0.00       0.00       0.35       0.00
     19252      28.53     -21.10       2.78       0.00       0.00       0.00       0.46       0.00
     20722      30.91     -25.28       1.94       0.00       0.00       0.00       0.09       0.00
     28690      30.96     -25.35       1.94       0.00       0.00       0.00       0.10       0.00
     29167      31.02     -25.43       1.94       0.00       0.00       0.00       0.11       0.00
     30919      31.03     -25.45       1.94       0.00       0.00       0.00       0.12       0.00
--------------------------------------------------------------------------------
Best docking solution after GA:
     31000      31.03     -25.45       1.94       0.00       0.00       0.00       0.12       0.00

#ops:      31000 #mutates:  14735 #cross:    14767 #migrate:   1498 
#dups:      6325 #niche:    15458 #errors:    2268 
--------------------------------------------------------------------------------

Doing AMOEBA simplex on best individual
Done simplexing #iterations 457, best score  32.38

Ligand is stored in gold_soln_AV-procd_m10235_6.sdf


--------------------------------------------------------------------------------
--- CHEMPLP breakdown of terms                                               ---
--------------------------------------------------------------------------------
CHEMPLP = - ( 1.0000*S(PLP) + -3.0000*S(hbond) + -6.0000*S(metal) + -3.0000*S(cho) )

Score = CHEMPLP - 1.0000*DE(clash) - 2.0000*DE(tors)

Internal energy term has been corrected with the best internal energy encountered.

--------------------------------------------------------------------------------


     Score     S(PLP)   S(hbond)     S(cho)   S(metal)  DE(clash)   DE(tors)     intcor
     32.38     -26.62       2.00       0.00       0.00       0.00       0.12       0.00

--------------------------------------------------------------------------------
--- PLP analysis of protein-ligand interactions                              ---
--------------------------------------------------------------------------------
hydrogen bonding        :      -2.85
metal                   :       0.00
buried (polar-nonpolar) :      -2.39
nonpolar                :     -21.60
repulsive               :       1.20
--------------------------------------------------------------------------------


--------------------------------------------------------------------------------
--- ChemScore analysis of protein-ligand interactions                        ---
--------------------------------------------------------------------------------

* Hydrogen bonds                                                                
Ligand donor    7 hydrogen   23 Protein acceptor 7948 bond energy  1.00 wt 1.00
Protein donor 7997 hydrogen 8010 Ligand acceptor   10 bond energy  1.00 wt 1.00


* CH..O interactions                                                            
  CH group selection                       : activated ring CH (adjacent to hetatom)

--------------------------------------------------------------------------------


--------------------------------------------------------------------------------
--- Intra-ligand clashes                                                     ---
--------------------------------------------------------------------------------

Ligand
--------------------------------------------------------------------------------

--------------------------------------------------------------------------------
--- Rescoring solution                                                       ---
--------------------------------------------------------------------------------

     Score         DG    S(hbond)    S(metal)    S(lipo)     H(rot)  DE(clash)    DE(int)
      6.26      -7.92       1.28        0.00      24.76       1.84       0.27       1.39

Doing AMOEBA simplex on best individual
Done simplexing #iterations 566, best score   8.07

     Score         DG    S(hbond)    S(metal)    S(lipo)     H(rot)  DE(clash)    DE(int)
      8.07      -9.23       1.71        0.00      23.55       1.84       0.96       0.20

--------------------------------------------------------------------------------
--- ChemScore breakdown of terms                                             ---
--------------------------------------------------------------------------------
DG = -5.4800 + -3.3400*S(hbond)
     + -6.0300*S(metal) + -0.1170*S(lipo) + 2.5600*H(rot)


H(rot) = 1.8428

Score = -(DG + DE(clash) + DE(int))


--------------------------------------------------------------------------------


--------------------------------------------------------------------------------
--- ChemScore analysis of protein-ligand interactions                        ---
--------------------------------------------------------------------------------

* Hydrogen bonds                                                                
Ligand donor    7 hydrogen   23 Protein acceptor 7948 bond energy  1.00 wt 0.96
Protein donor 7997 hydrogen 8010 Ligand acceptor   10 bond energy  1.00 wt 0.75

CHEMSCORE EXTRA INTERACTIONS:

* Clashes                                                                       
Clash for ligand atom   6 (**** ):   0.02
Clash for ligand atom  11 (**** ):   0.04
Clash for ligand atom  12 (**** ):   0.12
Clash for ligand atom  13 (**** ):   0.78
--------------------------------------------------------------------------------


--------------------------------------------------------------------------------
--- Chromosome decoded                                                       ---
--------------------------------------------------------------------------------
Ligand Torsions
[   1    2    3    4]  -58.57
[   2    3    4    5] -158.54
[   3    4    5   12]  -57.68
Protein Torsions
[6907 6896 6895 6894]  111.51 
[7974 7965 7964 7962]  -90.55 
[8008 7997 7996 7995]   80.74 
[10167 10162 10161 10158]  -32.00 
[10718 10713 10712 10709]   22.14 
[10763 10752 10751 10750]   58.65 
[11005 11000 10999 10996]   32.16 
Mapping
Ligand acceptors to protein hydrogens (mapping then atom ids)
  2  21 [ 10->8010]
Ligand hydrogens to protein acceptors (mapping then atom ids)
  2   7 [ 23->7948]
Ligand shape atoms to protein points (mapping then atom ids & coords)
  2  6650 [  3->(149.000 141.500 155.500)]
  3  6146 [  4->(148.000 140.500 154.500)]
  4  7965 [  8->(151.250 138.000 155.250)]
Chromosome values
Integers:
  -1   20   -1   -1    6   -1   -1 6649 6145 7964 
--------------------------------------------------------------------------------

Current Ranking  6  1  5  3  2  4

Top  3 (of  6) solutions are within 1.500 RMSD, finishing docking /DATA2/COVID-19/PDBs_&_Models/AV-procd.sdf.


--------------------------------------------------------------------------------

* GA execution time :                                                           
  total  0.6097 user  0.6057 sys  0.0040

--------------------------------------------------------------------------------
Fitness function evaluations: 94935

--------------------------------------------------------------------------------
--- Ranking analysis                                                         ---
--------------------------------------------------------------------------------


* Final ranked order of GA solutions:                                           
   6  1  5  3  2  4 

  _______________________________
  RMSD Matrix of RANKED solutions

        2    3    4    5    6  

   1 :  0.3  0.3  4.6  4.5  4.6
   2 :       0.2  4.6  4.4  4.6
   3 :            4.6  4.5  4.6
   4 :                 3.2  3.2
   5 :                      0.5

  Clustering method                        : complete linkage
  Structure ids in cluster table           : rank nos.
  Ordering of clusters and their members   : by rank (order if from rms_analysis)

  Distance | Clusters
   0.22    |  1 |  2  3 |  4 |  5 |  6 |
   0.35    |  1  2  3 |  4 |  5 |  6 |
   0.54    |  1  2  3 |  4 |  5  6 |
   3.22    |  1  2  3 |  4  5  6 |
   4.64    |  1  2  3  4  5  6 |
  Finished Docking Ligand                  : /DATA2/COVID-19/PDBs_&_Models/AV-procd.sdf
--------------------------------------------------------------------------------

  Relative_Ligand_Energy (best encountered) :   0.002
  Relative_Ligand_Energy: fitness values have been corrected using this amount
