
--------------------------------------------------------------------------------
--- Ligand                                                                   ---
--------------------------------------------------------------------------------
  Ligand loaded from file                  : /DATA2/COVID-19/PDBs_&_Models/AV-procd.sdf
  Ligand name                              :  
  "AV-unprocessed.smi:315                                                   "

--------------------------------------------------------------------------------
  N.plc donors                             : 
  none found

  Acidic nitrogen acceptors                : 
  none found
  Sulfur acceptors                         :
  none found


  Donor atoms                              :      3
  10  13  17  
  Acceptor atoms                           :      3
  3   5   12  

  Hydrogens                                :  (n = 3)
  31   32   47   

  Lone pairs added to molecule             :      5
  Numbering                                : from 48 to 52
  Choline groups                           : 
   17  

--------------------------------------------------------------------------------
--- Postprocessing of typing                                                 ---
--------------------------------------------------------------------------------
  Fragment file                            : /home/scv26/CCDC/Discovery_2020/GOLD/gold/rotatable_bond_override.mol2
  acylurea fragment                        : no matches
  thioacylthiourea fragment                : no matches
  acylthiourea fragment                    : no matches
  thioacylurea fragment                    : no matches
  diarylamine fragment >C.ar-NH-C.ar<      : no matches
  sec-amine (1) fragment                   : no matches
  sec-amine (2) fragment                   : no matches
  sec-amine (3) fragment                   : no matches
  carboxylic ester                         : no matches

* Rotatable bonds in /DATA2/COVID-19/PDBs  :
  [   2    3] [   3    4] [   9   10] 
# WARNING: (thio)amide/urea bond [10 11 13 14] in file:
  /DATA2/COVID-19/PDBs_&_Models/AV-procd.sdf
  is cis.
# WARNING: Resetting to planar (input angle is   -0.0)
  [  13   14] 
  No. of rotatable bonds                   :      4


* Fragments found in /DATA2/COVID-19/PDBs  :


* Checking torsion distributions:                                               
  Rotatable bond [ 5  4  3  2] matches torsion: ortho-substituted hetero aromatic-aliphatic ether
   N.ar ( 0H ) | C.ar ( C.ar ( 0H ) ) | O.3 | C.3 ( 2H ) 
  Rotatable bond [ 8  9 10 11] matches torsion: aromatic amide
   C.ar ( 1H ) | C.ar | N.am ( 1H ) | C.2 ( O.2 ) 
  No. of matched torsions                  :      2

--------------------------------------------------------------------------------
--- Shape fitting atoms selection (hydrophobic atoms)                        ---
--------------------------------------------------------------------------------
  Molecule                                 : /DATA2/COVID-19/PDBs_&_Models/AV-procd.sdf
  Selection                                : carbons only
  Atom numbers                             :  (n = 13)
  1    2    6    7    8    14   15   16   18   19   
  20   21   22   


--------------------------------------------------------------------------------
--- ChemScore ligand setup summary                                           ---
--------------------------------------------------------------------------------
  ChemScore ligand acceptors               :      3
  3 5 12 
  ChemScore ligand donors                  :      3
  10 ( 31  ) 13 ( 32  ) 17 ( 47 [+]  ) 
  ChemScore ligand CH donors               :      1
  6 ( 28 ) 

  ChemScore ligand lipophilic atoms        :  (n = 14)
  1    2    6    7    8    9    14   15   16   18   
  19   20   21   22   

  ChemScore ligand rotatable bonds         :      4
  2   (****) - 3   (****): SP3_SP3_BOND
  3   (****) - 4   (****): SP3_SP2_BOND
  9   (****) - 10  (****): SP2_SP2_BOND
  13  (****) - 14  (****): SP3_SP2_BOND

--------------------------------------------------------------------------------
--- PLP ligand setup summary                                                 ---
--------------------------------------------------------------------------------
    1  ****   C.3 NONPOLAR
    2  ****   C.3 NONPOLAR
    3  ****   O.3 ACCEPTOR
    4  ****  C.ar NONPOLAR
    5  ****  N.ar ACCEPTOR
    6  ****  C.ar NONPOLAR
    7  ****  C.ar NONPOLAR
    8  ****  C.ar NONPOLAR
    9  ****  C.ar NONPOLAR
   10  ****  N.am DONOR
   11  ****   C.2 NONPOLAR
   12  ****   O.2 ACCEPTOR
   13  ****  N.am DONOR
   14  ****   C.3 NONPOLAR
   15  ****   C.3 NONPOLAR
   16  ****   C.3 NONPOLAR
   17  ****   N.4 DONOR
   18  ****   C.3 NONPOLAR
   19  ****   C.3 NONPOLAR
   20  ****   C.3 NONPOLAR
   21  ****   C.3 NONPOLAR
   22  ****   C.3 NONPOLAR


--------------------------------------------------------------------------------
--- Automatic parameter setting                                              ---
--------------------------------------------------------------------------------
  Contribution base                        :   2500
  Contribution per rotatable bond          :   6000
  Contribution per df                      :   4000
  Contribution per water                   :  10000
  Ligand rotatable bonds                   :      4
  Protein flexible side chain bonds        :      0
  Total rotatable bonds                    :      4
  Hydrophobic vol ratio (P/L)              :   1.774
  Base multiplier (polar)                  :   1.400
  Base multiplier (apolar)                 :   4.614
  Base contribution                        : 15000.000
  Fitting points                           :      7
  Estimated maxops needed (optimal)        :  39500

--------------------------------------------------------------------------------

* Population settings                                                           
  maxops                                   :  39500
  popsiz                                   :    100
  select_pressure                          :   1.100
  n_islands                                :      3
  niche_siz                                :      2

* GA settings                                                                   
  pt_crosswt                               :     95
  allele_mutatewt                          :     95
  migratewt                                :     10

* Search settings                                                               
  start_vdw_linear_cutoff                  :   4.000
  initial_virtual_pt_match_max             :   3.000

--------------------------------------------------------------------------------

* Ligand initialisation time :                                                  
  total  0.0128 user  0.0128 sys  0.0000

--------------------------------------------------------------------------------

--------------------------------------------------------------------------------
** Docking run number  1 **
--------------------------------------------------------------------------------
  Rank fitness base is 5000.00 ; increment is 11.2233

* Initialising population(s) ...                                                
Number of constraints mappings 0
Number of constraints 0
  Population no.                           :      1
  Population size                          :    100
  Number of duplicates                     :      0
  Number of niche violations               :      0
  Number of errors                         :   3713

Number of constraints mappings 0
Number of constraints 0
  Population no.                           :      2
  Population size                          :    100
  Number of duplicates                     :      0
  Number of niche violations               :      0
  Number of errors                         :   3912

Number of constraints mappings 0
Number of constraints 0
  Population no.                           :      3
  Population size                          :    100
  Number of duplicates                     :      0
  Number of niche violations               :      0
  Number of errors                         :   3857


Doing GA, no. of population(s) 3 size 100 selection pressure 1.100000

 Operation      Score     S(PLP)   S(hbond)     S(cho)   S(metal)  DE(clash)   DE(tors)     intcor
         0      24.22     -21.43       0.26       1.00       0.00       0.00       0.54       0.08
      1114      26.38     -27.90       0.00       0.00       0.00       0.00       0.80       0.08
      1679      26.44     -22.93       1.50       0.00       0.00       0.00       0.53       0.08
      2780      27.31     -23.09       1.74       0.00       0.00       0.00       0.53       0.07
      3422      28.79     -22.76       2.42       0.00       0.00       0.00       0.64       0.07
      4428      31.19     -25.72       2.04       0.00       0.00       0.00       0.37       0.07
      4892      31.51     -25.66       1.32       0.99       0.00       0.00       0.57       0.07
      4923      31.88     -26.07       2.22       0.00       0.00       0.00       0.45       0.07
      5069      33.15     -26.43       1.51       1.00       0.00       0.00       0.43       0.07
      5495      39.63     -32.86       2.34       0.19       0.00       0.00       0.43       0.07
      5963      40.46     -32.94       2.10       0.80       0.00       0.00       0.61       0.07
      7582      41.87     -33.54       2.23       0.98       0.00       0.00       0.69       0.07
      7777      42.54     -33.94       2.32       0.98       0.00       0.00       0.69       0.07
     10005      42.65     -33.95       2.37       0.97       0.00       0.00       0.69       0.06
     10176      43.01     -33.36       2.67       1.00       0.00       0.00       0.71       0.06
     12831      43.05     -33.46       2.67       1.00       0.00       0.00       0.74       0.06
     12847      43.48     -34.63       2.32       0.98       0.00       0.00       0.56       0.06
     13196      43.69     -34.03       2.72       1.00       0.00       0.00       0.78       0.06
     14385      44.04     -34.22       2.67       1.00       0.00       0.00       0.63       0.06
     15325      44.68     -34.83       2.67       1.00       0.00       0.00       0.61       0.06
     20345      44.68     -34.69       2.72       1.00       0.00       0.00       0.62       0.06
     20782      44.73     -34.87       2.67       1.00       0.00       0.00       0.61       0.06
     21334      45.39     -35.41       2.67       1.00       0.00       0.00       0.55       0.06
     22873      45.45     -35.47       2.67       1.00       0.00       0.00       0.54       0.06
     23161      45.47     -35.48       2.67       1.00       0.00       0.00       0.54       0.06
     29230      45.50     -35.52       2.67       1.00       0.00       0.00       0.54       0.06
     37407      45.56     -35.55       2.67       1.00       0.00       0.00       0.54       0.06
     39189      45.56     -35.57       2.67       1.00       0.00       0.00       0.54       0.06
     39340      45.58     -35.72       2.62       1.00       0.00       0.00       0.54       0.06
--------------------------------------------------------------------------------
Best docking solution after GA:
     39500      45.58     -35.72       2.62       1.00       0.00       0.00       0.54       0.06

#ops:      39500 #mutates:  18747 #cross:    18792 #migrate:   1961 
#dups:      9907 #niche:    19999 #errors:    2210 
--------------------------------------------------------------------------------

Doing AMOEBA simplex on best individual
Done simplexing #iterations 743, best score  46.90

Ligand is stored in gold_soln_AV-procd_m2321_1.sdf


--------------------------------------------------------------------------------
--- CHEMPLP breakdown of terms                                               ---
--------------------------------------------------------------------------------
CHEMPLP = - ( 1.0000*S(PLP) + -3.0000*S(hbond) + -6.0000*S(metal) + -3.0000*S(cho) )

Score = CHEMPLP - 1.0000*DE(clash) - 2.0000*DE(tors)

Internal energy term has been corrected with the best internal energy encountered.

--------------------------------------------------------------------------------


     Score     S(PLP)   S(hbond)     S(cho)   S(metal)  DE(clash)   DE(tors)     intcor
     46.90     -37.00       2.69       1.00       0.00       0.00       0.61       0.06

--------------------------------------------------------------------------------
--- PLP analysis of protein-ligand interactions                              ---
--------------------------------------------------------------------------------
hydrogen bonding        :      -3.00
metal                   :       0.00
buried (polar-nonpolar) :      -2.43
nonpolar                :     -31.24
repulsive               :       0.50
--------------------------------------------------------------------------------


--------------------------------------------------------------------------------
--- ChemScore analysis of protein-ligand interactions                        ---
--------------------------------------------------------------------------------

* Hydrogen bonds                                                                
Ligand donor   10 hydrogen   31 Protein acceptor 7948 bond energy  1.00 wt 0.94
Ligand donor   13 hydrogen   32 Protein acceptor 7948 bond energy  1.00 wt 0.90
Protein donor 7989 hydrogen 7998 Ligand acceptor    5 bond energy  1.00 wt 0.85


* CH..O interactions                                                            
  CH group selection                       : activated ring CH (adjacent to hetatom)
Ligand carbon    6 hydrogen   28 Protein acceptor 8028 bond energy  1.00 wt 1.00

--------------------------------------------------------------------------------


--------------------------------------------------------------------------------
--- Intra-ligand clashes                                                     ---
--------------------------------------------------------------------------------

Ligand
--------------------------------------------------------------------------------

--------------------------------------------------------------------------------
--- Rescoring solution                                                       ---
--------------------------------------------------------------------------------

     Score         DG    S(hbond)    S(metal)    S(lipo)     H(rot)  DE(clash)    DE(int)
     13.76     -19.22       2.01        0.00      90.06       1.38       1.18       4.28

Doing AMOEBA simplex on best individual
Done simplexing #iterations 867, best score  15.73

     Score         DG    S(hbond)    S(metal)    S(lipo)     H(rot)  DE(clash)    DE(int)
     15.73     -20.05       2.25        0.00      90.34       1.38       0.31       4.01

--------------------------------------------------------------------------------
--- ChemScore breakdown of terms                                             ---
--------------------------------------------------------------------------------
DG = -5.4800 + -3.3400*S(hbond)
     + -6.0300*S(metal) + -0.1170*S(lipo) + 2.5600*H(rot)


H(rot) = 1.3770

Score = -(DG + DE(clash) + DE(int))


--------------------------------------------------------------------------------


--------------------------------------------------------------------------------
--- ChemScore analysis of protein-ligand interactions                        ---
--------------------------------------------------------------------------------

* Hydrogen bonds                                                                
Ligand donor   10 hydrogen   31 Protein acceptor 7948 bond energy  1.00 wt 0.94
Ligand donor   13 hydrogen   32 Protein acceptor 7948 bond energy  1.00 wt 0.80
Protein donor 7989 hydrogen 7998 Ligand acceptor    5 bond energy  1.00 wt 0.51

CHEMSCORE EXTRA INTERACTIONS:

* Clashes                                                                       
Clash for ligand atom   3 (**** ):   0.09
Clash for ligand atom   4 (**** ):   0.12
Clash for ligand atom   6 (**** ):   0.02
Clash for ligand atom   9 (**** ):   0.01
Clash for ligand atom  11 (**** ):   0.01
Clash for ligand atom  16 (**** ):   0.01
Clash for ligand atom  18 (**** ):   0.06
--------------------------------------------------------------------------------


--------------------------------------------------------------------------------
--- Chromosome decoded                                                       ---
--------------------------------------------------------------------------------
Ligand Torsions
[   1    2    3    4]   62.38
[   5    4    3    2]   -5.94    matched torsion: ortho-substituted hetero aromatic-aliphatic ether
[   8    9   10   11]  -32.91    matched torsion: aromatic amide
[  22   14   13   11]  146.25
Protein Torsions
[6907 6896 6895 6894]  -59.12 
[7974 7965 7964 7962] -152.78 
[8008 7997 7996 7995]  -42.44 
[10167 10162 10161 10158]   70.11 
[10718 10713 10712 10709]  130.37 
[10763 10752 10751 10750]  130.90 
[11005 11000 10999 10996]   51.02 
Mapping
Ligand acceptors to protein hydrogens (mapping then atom ids)
Ligand hydrogens to protein acceptors (mapping then atom ids)
  1   7 [ 31->7948]
  2   7 [ 32->7948]
  3  45 [ 47->10957]
Ligand shape atoms to protein points (mapping then atom ids & coords)
  3  6393 [  6->(148.500 141.250 155.250)]
  5  6271 [  8->(148.250 141.000 154.500)]
  7  3421 [ 15->(145.000 137.000 152.000)]
  9  2855 [ 18->(144.500 132.750 150.750)]
 10  3014 [ 19->(144.750 131.500 150.750)]
 11  4708 [ 20->(146.250 131.750 150.000)]
Ligand N+ atoms to protein TRP (mapping then atom ids & coords)
Chromosome values
Integers:
  -1   -1   -1    6    6   44   -1   -1   -1 6392   -1 6270 
  -1 3420   -1 2854 3013 4707   -1   -1 
--------------------------------------------------------------------------------

Current Ranking  1

--------------------------------------------------------------------------------

* GA execution time :                                                           
  total  0.7754 user  0.7754 sys  0.0000

--------------------------------------------------------------------------------
Fitness function evaluations: 77628

--------------------------------------------------------------------------------
** Docking run number  2 **
--------------------------------------------------------------------------------
  Rank fitness base is 5000.00 ; increment is 11.2233

* Initialising population(s) ...                                                
Number of constraints mappings 0
Number of constraints 0
  Population no.                           :      1
  Population size                          :    100
  Number of duplicates                     :      0
  Number of niche violations               :      0
  Number of errors                         :   3712

Number of constraints mappings 0
Number of constraints 0
  Population no.                           :      2
  Population size                          :    100
  Number of duplicates                     :      0
  Number of niche violations               :      0
  Number of errors                         :   3813

Number of constraints mappings 0
Number of constraints 0
  Population no.                           :      3
  Population size                          :    100
  Number of duplicates                     :      0
  Number of niche violations               :      0
  Number of errors                         :   3774


Doing GA, no. of population(s) 3 size 100 selection pressure 1.100000

 Operation      Score     S(PLP)   S(hbond)     S(cho)   S(metal)  DE(clash)   DE(tors)     intcor
         0      20.40     -18.85       1.00       0.00       0.00       0.00       0.76       0.06
       242      27.44     -25.59       0.17       0.89       0.00       0.00       0.70       0.06
       797      33.03     -28.43       0.88       1.00       0.00       0.00       0.55       0.06
      1223      36.26     -29.60       1.62       0.89       0.00       0.00       0.47       0.06
      3087      37.69     -30.51       1.62       0.89       0.00       0.00       0.21       0.06
      4044      39.54     -31.27       2.05       1.00       0.00       0.00       0.47       0.06
      5490      41.08     -32.30       2.05       1.00       0.00       0.00       0.21       0.06
      8685      41.21     -32.37       2.05       1.00       0.00       0.00       0.18       0.06
     29603      41.32     -32.01       2.28       1.00       0.00       0.00       0.28       0.03
     33607      41.40     -32.52       2.31       1.00       0.00       0.00       0.54       0.03
     34891      41.56     -31.85       2.59       1.00       0.00       0.00       0.54       0.03
     36184      41.70     -31.94       2.61       1.00       0.00       0.00       0.55       0.03
     37419      42.13     -32.99       2.16       1.00       0.00       0.00       0.18       0.03
     37563      42.20     -32.68       2.35       1.00       0.00       0.00       0.28       0.03
     38217      42.36     -31.95       2.61       1.00       0.00       0.00       0.23       0.03
     38328      42.42     -32.67       2.44       1.00       0.00       0.00       0.30       0.03
     38531      42.90     -32.88       2.50       1.00       0.00       0.00       0.26       0.03
--------------------------------------------------------------------------------
Best docking solution after GA:
     39500      42.90     -32.88       2.50       1.00       0.00       0.00       0.26       0.03

#ops:      39500 #mutates:  18684 #cross:    18874 #migrate:   1942 
#dups:      7468 #niche:    20728 #errors:    3237 
--------------------------------------------------------------------------------

Doing AMOEBA simplex on best individual
Done simplexing #iterations 649, best score  43.88

Ligand is stored in gold_soln_AV-procd_m2321_2.sdf


--------------------------------------------------------------------------------
--- CHEMPLP breakdown of terms                                               ---
--------------------------------------------------------------------------------
CHEMPLP = - ( 1.0000*S(PLP) + -3.0000*S(hbond) + -6.0000*S(metal) + -3.0000*S(cho) )

Score = CHEMPLP - 1.0000*DE(clash) - 2.0000*DE(tors)

Internal energy term has been corrected with the best internal energy encountered.

--------------------------------------------------------------------------------


     Score     S(PLP)   S(hbond)     S(cho)   S(metal)  DE(clash)   DE(tors)     intcor
     43.88     -33.46       2.62       1.00       0.00       0.00       0.23       0.03

--------------------------------------------------------------------------------
--- PLP analysis of protein-ligand interactions                              ---
--------------------------------------------------------------------------------
hydrogen bonding        :      -2.81
metal                   :       0.00
buried (polar-nonpolar) :       1.66
nonpolar                :     -32.39
repulsive               :       0.87
--------------------------------------------------------------------------------


--------------------------------------------------------------------------------
--- ChemScore analysis of protein-ligand interactions                        ---
--------------------------------------------------------------------------------

* Hydrogen bonds                                                                
Ligand donor   10 hydrogen   31 Protein acceptor 7948 bond energy  1.00 wt 0.98
Ligand donor   13 hydrogen   32 Protein acceptor 7948 bond energy  1.00 wt 0.90
Protein donor 7989 hydrogen 7998 Ligand acceptor    5 bond energy  1.00 wt 0.75


* CH..O interactions                                                            
  CH group selection                       : activated ring CH (adjacent to hetatom)
Ligand carbon    6 hydrogen   28 Protein acceptor 8028 bond energy  1.00 wt 1.00

--------------------------------------------------------------------------------


--------------------------------------------------------------------------------
--- Intra-ligand clashes                                                     ---
--------------------------------------------------------------------------------

Ligand
--------------------------------------------------------------------------------

--------------------------------------------------------------------------------
--- Rescoring solution                                                       ---
--------------------------------------------------------------------------------

     Score         DG    S(hbond)    S(metal)    S(lipo)     H(rot)  DE(clash)    DE(int)
     13.01     -19.48       2.07        0.00      90.63       1.38       3.73       2.74

Doing AMOEBA simplex on best individual
Done simplexing #iterations 762, best score  15.73

     Score         DG    S(hbond)    S(metal)    S(lipo)     H(rot)  DE(clash)    DE(int)
     15.73     -18.98       1.96        0.00      89.55       1.38       0.53       2.71

--------------------------------------------------------------------------------
--- ChemScore breakdown of terms                                             ---
--------------------------------------------------------------------------------
DG = -5.4800 + -3.3400*S(hbond)
     + -6.0300*S(metal) + -0.1170*S(lipo) + 2.5600*H(rot)


H(rot) = 1.3770

Score = -(DG + DE(clash) + DE(int))


--------------------------------------------------------------------------------


--------------------------------------------------------------------------------
--- ChemScore analysis of protein-ligand interactions                        ---
--------------------------------------------------------------------------------

* Hydrogen bonds                                                                
Ligand donor   10 hydrogen   31 Protein acceptor 7948 bond energy  1.00 wt 0.93
Ligand donor   13 hydrogen   32 Protein acceptor 7948 bond energy  1.00 wt 0.94
Protein donor 7989 hydrogen 7998 Ligand acceptor    5 bond energy  1.00 wt 0.08

CHEMSCORE EXTRA INTERACTIONS:

* Clashes                                                                       
Clash for ligand atom   4 (**** ):   0.07
Clash for ligand atom   9 (**** ):   0.04
Clash for ligand atom  11 (**** ):   0.15
Clash for ligand atom  12 (**** ):   0.05
Clash for ligand atom  15 (**** ):   0.04
Clash for ligand atom  16 (**** ):   0.13
Clash for ligand atom  20 (**** ):   0.05
--------------------------------------------------------------------------------


--------------------------------------------------------------------------------
--- Chromosome decoded                                                       ---
--------------------------------------------------------------------------------
Ligand Torsions
[   1    2    3    4]   55.82
[   5    4    3    2]    6.52    matched torsion: ortho-substituted hetero aromatic-aliphatic ether
[   8    9   10   11]  -25.37    matched torsion: aromatic amide
[  22   14   13   11] -174.83
Protein Torsions
[6907 6896 6895 6894]   36.01 
[7974 7965 7964 7962]   39.65 
[8008 7997 7996 7995] -168.65 
[10167 10162 10161 10158] -118.29 
[10718 10713 10712 10709] -132.53 
[10763 10752 10751 10750]   68.96 
[11005 11000 10999 10996]  -40.94 
Mapping
Ligand acceptors to protein hydrogens (mapping then atom ids)
Ligand hydrogens to protein acceptors (mapping then atom ids)
Ligand shape atoms to protein points (mapping then atom ids & coords)
  5  5295 [  8->(146.750 139.250 153.250)]
  8  2339 [ 16->(143.750 134.000 150.500)]
  9  3919 [ 18->(145.500 133.000 151.250)]
 10  3586 [ 19->(145.250 132.250 151.750)]
 11  4683 [ 20->(146.250 131.000 152.000)]
Ligand N+ atoms to protein TRP (mapping then atom ids & coords)
Chromosome values
Integers:
  -1   -1   -1   -1   -1   -1   -1   -1   -1   -1   -1 5294 
  -1   -1 2338 3918 3585 4682   -1   -1 
--------------------------------------------------------------------------------

Current Ranking  1  2

--------------------------------------------------------------------------------

* GA execution time :                                                           
  total  0.7642 user  0.7642 sys  0.0000

--------------------------------------------------------------------------------
Fitness function evaluations: 78355

--------------------------------------------------------------------------------
** Docking run number  3 **
--------------------------------------------------------------------------------
  Rank fitness base is 5000.00 ; increment is 11.2233

* Initialising population(s) ...                                                
Number of constraints mappings 0
Number of constraints 0
  Population no.                           :      1
  Population size                          :    100
  Number of duplicates                     :      0
  Number of niche violations               :      0
  Number of errors                         :   3730

Number of constraints mappings 0
Number of constraints 0
  Population no.                           :      2
  Population size                          :    100
  Number of duplicates                     :      0
  Number of niche violations               :      0
  Number of errors                         :   3700

Number of constraints mappings 0
Number of constraints 0
  Population no.                           :      3
  Population size                          :    100
  Number of duplicates                     :      0
  Number of niche violations               :      0
  Number of errors                         :   3917


Doing GA, no. of population(s) 3 size 100 selection pressure 1.100000

 Operation      Score     S(PLP)   S(hbond)     S(cho)   S(metal)  DE(clash)   DE(tors)     intcor
         0      24.68     -22.32       0.99       0.00       0.00       0.00       0.32       0.03
      2217      28.17     -27.20       0.88       0.00       0.00       0.00       0.85       0.03
      2334      32.11     -27.93       1.37       0.93       0.00       0.00       1.37       0.03
      2787      34.32     -30.41       1.37       0.93       0.00       0.97       1.02       0.03
      4230      34.54     -29.98       1.39       0.93       0.00       0.00       1.20       0.03
      4336      37.89     -30.19       2.46       1.00       0.00       0.00       1.36       0.03
      4348      41.52     -34.15       2.91       0.44       0.00       0.00       1.36       0.03
      5083      41.80     -32.15       2.58       1.00       0.00       0.00       0.56       0.03
      5266      41.88     -32.51       3.03       0.99       0.00       0.00       1.36       0.03
      5620      44.63     -36.68       3.01       0.63       0.00       0.97       1.02       0.03
      8311      45.16     -37.15       3.04       0.63       0.00       0.97       1.04       0.03
     10990      45.16     -37.14       3.04       0.63       0.00       0.96       1.04       0.03
     12110      45.27     -36.63       3.04       0.63       0.00       0.00       1.20       0.03
     13148      45.41     -36.77       3.04       0.63       0.00       0.00       1.21       0.03
     14207      45.68     -36.93       3.04       0.63       0.00       0.00       1.15       0.03
     18559      45.70     -36.93       3.04       0.63       0.00       0.00       1.14       0.03
     20782      45.79     -36.87       3.04       0.63       0.00       0.00       1.06       0.03
     21769      46.09     -36.47       3.10       0.85       0.00       0.00       1.14       0.03
     25341      46.27     -36.07       3.31       0.84       0.00       0.00       1.14       0.03
     27435      46.35     -36.75       3.32       0.63       0.00       0.00       1.14       0.03
     29421      46.46     -36.41       3.28       0.83       0.00       0.00       1.15       0.03
     30063      46.60     -36.84       3.32       0.63       0.00       0.00       1.05       0.03
--------------------------------------------------------------------------------
Best docking solution after GA:
     39500      46.60     -36.84       3.32       0.63       0.00       0.00       1.05       0.03

#ops:      39500 #mutates:  18811 #cross:    18715 #migrate:   1974 
#dups:      9564 #niche:    21105 #errors:    1450 
--------------------------------------------------------------------------------

Doing AMOEBA simplex on best individual
Done simplexing #iterations 628, best score  48.09

Ligand is stored in gold_soln_AV-procd_m2321_3.sdf


--------------------------------------------------------------------------------
--- CHEMPLP breakdown of terms                                               ---
--------------------------------------------------------------------------------
CHEMPLP = - ( 1.0000*S(PLP) + -3.0000*S(hbond) + -6.0000*S(metal) + -3.0000*S(cho) )

Score = CHEMPLP - 1.0000*DE(clash) - 2.0000*DE(tors)

Internal energy term has been corrected with the best internal energy encountered.

--------------------------------------------------------------------------------


     Score     S(PLP)   S(hbond)     S(cho)   S(metal)  DE(clash)   DE(tors)     intcor
     48.09     -36.83       3.55       0.91       0.00       0.00       1.07       0.03

--------------------------------------------------------------------------------
--- PLP analysis of protein-ligand interactions                              ---
--------------------------------------------------------------------------------
hydrogen bonding        :      -3.48
metal                   :       0.00
buried (polar-nonpolar) :      -5.42
nonpolar                :     -28.08
repulsive               :       0.42
--------------------------------------------------------------------------------


--------------------------------------------------------------------------------
--- ChemScore analysis of protein-ligand interactions                        ---
--------------------------------------------------------------------------------

* Hydrogen bonds                                                                
Ligand donor   10 hydrogen   31 Protein acceptor 7948 bond energy  1.00 wt 1.00
Ligand donor   13 hydrogen   32 Protein acceptor 7948 bond energy  1.00 wt 0.78
Ligand donor   17 hydrogen   47 Protein acceptor 10957 bond energy  1.00 wt 0.77
Protein donor 7989 hydrogen 7998 Ligand acceptor    5 bond energy  1.00 wt 0.99


* CH..O interactions                                                            
  CH group selection                       : activated ring CH (adjacent to hetatom)
Ligand carbon    6 hydrogen   28 Protein acceptor 8028 bond energy  1.00 wt 0.91

--------------------------------------------------------------------------------


--------------------------------------------------------------------------------
--- Intra-ligand clashes                                                     ---
--------------------------------------------------------------------------------

Ligand
--------------------------------------------------------------------------------

--------------------------------------------------------------------------------
--- Rescoring solution                                                       ---
--------------------------------------------------------------------------------

     Score         DG    S(hbond)    S(metal)    S(lipo)     H(rot)  DE(clash)    DE(int)
     14.89     -19.05       2.10        0.00      86.06       1.38       0.27       3.89

Doing AMOEBA simplex on best individual
Done simplexing #iterations 881, best score  16.45

     Score         DG    S(hbond)    S(metal)    S(lipo)     H(rot)  DE(clash)    DE(int)
     16.45     -20.45       2.53        0.00      85.80       1.38       0.20       3.80

--------------------------------------------------------------------------------
--- ChemScore breakdown of terms                                             ---
--------------------------------------------------------------------------------
DG = -5.4800 + -3.3400*S(hbond)
     + -6.0300*S(metal) + -0.1170*S(lipo) + 2.5600*H(rot)


H(rot) = 1.3770

Score = -(DG + DE(clash) + DE(int))


--------------------------------------------------------------------------------


--------------------------------------------------------------------------------
--- ChemScore analysis of protein-ligand interactions                        ---
--------------------------------------------------------------------------------

* Hydrogen bonds                                                                
Ligand donor   10 hydrogen   31 Protein acceptor 7948 bond energy  1.00 wt 0.98
Ligand donor   13 hydrogen   32 Protein acceptor 7948 bond energy  1.00 wt 0.78
Ligand donor   17 hydrogen   47 Protein acceptor 10957 bond energy  1.00 wt 0.30
Protein donor 7989 hydrogen 7998 Ligand acceptor    5 bond energy  1.00 wt 0.47

CHEMSCORE EXTRA INTERACTIONS:

* Clashes                                                                       
Clash for ligand atom   1 (**** ):   0.15
Clash for ligand atom   4 (**** ):   0.04
Clash for ligand atom  11 (**** ):   0.01
--------------------------------------------------------------------------------


--------------------------------------------------------------------------------
--- Chromosome decoded                                                       ---
--------------------------------------------------------------------------------
Ligand Torsions
[   1    2    3    4]  -72.72
[   5    4    3    2]   30.00    matched torsion: ortho-substituted hetero aromatic-aliphatic ether
[   8    9   10   11]  -39.59    matched torsion: aromatic amide
[  22   14   13   11]  144.82
Protein Torsions
[6907 6896 6895 6894]  103.18 
[7974 7965 7964 7962]  101.48 
[8008 7997 7996 7995] -109.76 
[10167 10162 10161 10158]  -16.77 
[10718 10713 10712 10709]  -69.92 
[10763 10752 10751 10750]  117.68 
[11005 11000 10999 10996] -156.43 
Mapping
Ligand acceptors to protein hydrogens (mapping then atom ids)
  1  18 [  3->7998]
Ligand hydrogens to protein acceptors (mapping then atom ids)
  1   8 [ 31->7949]
  3  45 [ 47->10957]
Ligand shape atoms to protein points (mapping then atom ids & coords)
  4  5900 [  7->(147.500 140.250 154.000)]
  5  6267 [  8->(148.250 140.750 154.750)]
  8  1630 [ 16->(142.750 134.250 152.750)]
  9  2845 [ 18->(144.500 132.500 151.250)]
 10  3029 [ 19->(144.750 132.000 151.250)]
 11  2432 [ 20->(144.000 132.250 151.000)]
Ligand N+ atoms to protein TRP (mapping then atom ids & coords)
Chromosome values
Integers:
  17   -1   -1    7   -1   44   -1   -1   -1   -1 5899 6266 
  -1   -1 1629 2844 3028 2431   -1   -1 
--------------------------------------------------------------------------------

Current Ranking  3  1  2

Top  3 (of  3) solutions are within 1.500 RMSD, finishing docking /DATA2/COVID-19/PDBs_&_Models/AV-procd.sdf.


--------------------------------------------------------------------------------

* GA execution time :                                                           
  total  0.7707 user  0.7707 sys  0.0000

--------------------------------------------------------------------------------
Fitness function evaluations: 77659

--------------------------------------------------------------------------------
--- Ranking analysis                                                         ---
--------------------------------------------------------------------------------


* Final ranked order of GA solutions:                                           
   3  1  2 

  _______________________________
  RMSD Matrix of RANKED solutions

        2    3  

   1 :  0.6  1.3
   2 :       1.0

  Clustering method                        : complete linkage
  Structure ids in cluster table           : rank nos.
  Ordering of clusters and their members   : by rank (order if from rms_analysis)

  Distance | Clusters
   0.60    |  1  2 |  3 |
   1.27    |  1  2  3 |
  Finished Docking Ligand                  : /DATA2/COVID-19/PDBs_&_Models/AV-procd.sdf
--------------------------------------------------------------------------------

  Relative_Ligand_Energy (best encountered) :   0.029
  Relative_Ligand_Energy: fitness values have been corrected using this amount
