
--------------------------------------------------------------------------------
--- Ligand                                                                   ---
--------------------------------------------------------------------------------
  Ligand loaded from file                  : /DATA2/COVID-19/PDBs_&_Models/AV-procd.sdf
  Ligand name                              :  
  "AV-unprocessed.smi:1923                                                  "

--------------------------------------------------------------------------------
  N.plc donors                             : 
  none found

  Acidic nitrogen acceptors                : 
  none found
  Sulfur acceptors                         :
  none found


  Donor atoms                              :      3
  5   8   11  
  Acceptor atoms                           :      4
  10  16  19  22  

  Hydrogens                                :  (n = 3)
  55   38   39   

  Lone pairs added to molecule             :      6
  Numbering                                : from 56 to 61
  Choline groups                           : 
   5   

--------------------------------------------------------------------------------
--- Postprocessing of typing                                                 ---
--------------------------------------------------------------------------------
  Fragment file                            : /home/scv26/CCDC/Discovery_2020/GOLD/gold/rotatable_bond_override.mol2
  acylurea fragment                        : no matches
  thioacylthiourea fragment                : no matches
  acylthiourea fragment                    : no matches
  thioacylurea fragment                    : no matches
  diarylamine fragment >C.ar-NH-C.ar<      : no matches
  sec-amine (1) fragment                   : no matches
  sec-amine (2) fragment                   : no matches
  sec-amine (3) fragment                   : no matches
  carboxylic ester                         : no matches

* Rotatable bonds in /DATA2/COVID-19/PDBs  :
  [   5    6] [   6    7] [   7    8] [  11   12] 
  [  15   16] 
  No. of rotatable bonds                   :      5


* Fragments found in /DATA2/COVID-19/PDBs  :


* Checking torsion distributions:                                               
  Rotatable bond [23 12 11  9] matches torsion: aromatic amide
   C.ar ( 1H ) | C.ar | N.am ( 1H ) | C.2 ( O.2 ) 
  No. of matched torsions                  :      1

--------------------------------------------------------------------------------
--- Shape fitting atoms selection (hydrophobic atoms)                        ---
--------------------------------------------------------------------------------
  Molecule                                 : /DATA2/COVID-19/PDBs_&_Models/AV-procd.sdf
  Selection                                : carbons only
  Atom numbers                             :  (n = 15)
  1    2    3    4    6    7    13   14   17   18   
  20   21   23   24   25   


--------------------------------------------------------------------------------
--- ChemScore ligand setup summary                                           ---
--------------------------------------------------------------------------------
  ChemScore ligand acceptors               :      4
  10 16 19 22 
  ChemScore ligand donors                  :      3
  5 ( 55 [+]  ) 8 ( 38  ) 11 ( 39  ) 
  ChemScore ligand CH donors               :      1
  23 ( 50 ) 

  ChemScore ligand lipophilic atoms        :  (n = 16)
  1    2    3    4    6    7    12   13   14   17   
  18   20   21   23   24   25   

  ChemScore ligand rotatable bonds         :      5
  5   (****) - 6   (****): SP3_SP3_BOND
  6   (****) - 7   (****): SP3_SP3_BOND
  7   (****) - 8   (****): SP3_SP2_BOND
  11  (****) - 12  (****): SP2_SP2_BOND
  15  (****) - 16  (****): SP3_SP2_BOND

--------------------------------------------------------------------------------
--- PLP ligand setup summary                                                 ---
--------------------------------------------------------------------------------
    1  ****   C.3 NONPOLAR
    2  ****   C.3 NONPOLAR
    3  ****   C.3 NONPOLAR
    4  ****   C.3 NONPOLAR
    5  ****   N.4 DONOR
    6  ****   C.3 NONPOLAR
    7  ****   C.3 NONPOLAR
    8  ****  N.am DONOR
    9  ****   C.2 NONPOLAR
   10  ****   O.2 ACCEPTOR
   11  ****  N.am DONOR
   12  ****  C.ar NONPOLAR
   13  ****  C.ar NONPOLAR
   14  ****  C.ar NONPOLAR
   15  ****  C.ar NONPOLAR
   16  ****   N.3 ACCEPTOR
   17  ****   C.3 NONPOLAR
   18  ****   C.3 NONPOLAR
   19  ****   O.3 ACCEPTOR
   20  ****   C.3 NONPOLAR
   21  ****   C.3 NONPOLAR
   22  ****  N.ar ACCEPTOR
   23  ****  C.ar NONPOLAR
   24  ****   C.3 NONPOLAR
   25  ****   C.3 NONPOLAR


--------------------------------------------------------------------------------
--- Automatic parameter setting                                              ---
--------------------------------------------------------------------------------
  Contribution base                        :   2500
  Contribution per rotatable bond          :   6000
  Contribution per df                      :   4000
  Contribution per water                   :  10000
  Ligand rotatable bonds                   :      5
  Protein flexible side chain bonds        :      0
  Total rotatable bonds                    :      5
  Hydrophobic vol ratio (P/L)              :   1.538
  Base multiplier (polar)                  :   1.600
  Base multiplier (apolar)                 :   4.614
  Base contribution                        : 15000.000
  Fitting points                           :      8
  Estimated maxops needed (optimal)        :  45500

--------------------------------------------------------------------------------

* Population settings                                                           
  maxops                                   :  45500
  popsiz                                   :    100
  select_pressure                          :   1.100
  n_islands                                :      4
  niche_siz                                :      2

* GA settings                                                                   
  pt_crosswt                               :     95
  allele_mutatewt                          :     95
  migratewt                                :     10

* Search settings                                                               
  start_vdw_linear_cutoff                  :   4.000
  initial_virtual_pt_match_max             :   3.000

--------------------------------------------------------------------------------

* Ligand initialisation time :                                                  
  total  0.0212 user  0.0212 sys  0.0000

--------------------------------------------------------------------------------

--------------------------------------------------------------------------------
** Docking run number  1 **
--------------------------------------------------------------------------------
  Rank fitness base is 5000.00 ; increment is 11.2233

* Initialising population(s) ...                                                
Number of constraints mappings 0
Number of constraints 0
  Population no.                           :      1
  Population size                          :    100
  Number of duplicates                     :      0
  Number of niche violations               :      0
  Number of errors                         :   2627

Number of constraints mappings 0
Number of constraints 0
  Population no.                           :      2
  Population size                          :    100
  Number of duplicates                     :      0
  Number of niche violations               :      0
  Number of errors                         :   2776

Number of constraints mappings 0
Number of constraints 0
  Population no.                           :      3
  Population size                          :    100
  Number of duplicates                     :      0
  Number of niche violations               :      0
  Number of errors                         :   2911

Number of constraints mappings 0
Number of constraints 0
  Population no.                           :      4
  Population size                          :    100
  Number of duplicates                     :      0
  Number of niche violations               :      0
  Number of errors                         :   2801


Doing GA, no. of population(s) 4 size 100 selection pressure 1.100000

 Operation      Score     S(PLP)   S(hbond)     S(cho)   S(metal)  DE(clash)   DE(tors)     intcor
         0      29.78     -24.45       1.96       0.00       0.00       0.00       0.62       0.47
       441      30.31     -30.21       0.52       0.00       0.00       0.00       0.97       0.47
      1282      31.10     -31.35       0.24       0.00       0.00       0.00       0.73       0.47
      1326      32.14     -30.16       0.99       0.00       0.00       0.00       0.73       0.47
      1602      33.77     -31.74       0.93       0.00       0.00       0.00       0.62       0.47
      1762      35.73     -36.36       0.41       0.00       0.00       0.00       1.17       0.47
      2810      36.31     -33.83       1.08       0.00       0.00       0.00       0.62       0.47
      3126      37.30     -31.30       2.49       0.00       0.00       0.00       0.97       0.47
      3318      41.45     -32.93       2.80       0.39       0.00       0.00       0.77       0.47
      5053      41.46     -37.34       1.86       0.00       0.00       0.00       0.97       0.47
      7203      41.54     -38.05       1.40       0.00       0.00       0.00       0.59       0.47
      9451      45.90     -41.13       1.96       0.00       0.00       0.00       0.78       0.46
     11492      46.63     -41.00       2.43       0.00       0.00       0.00       1.06       0.46
     12622      49.27     -42.06       2.93       0.00       0.00       0.00       1.02       0.46
     16936      49.34     -43.11       2.50       0.00       0.00       0.00       0.86       0.46
     17651      50.16     -41.07       3.60       0.00       0.00       0.00       1.09       0.46
     19420      50.93     -43.15       3.01       0.00       0.00       0.00       0.86       0.46
     21988      51.24     -44.12       2.99       0.00       0.00       0.00       1.16       0.46
     22168      51.67     -44.43       3.07       0.00       0.00       0.00       1.22       0.46
     24267      51.81     -45.18       2.66       0.00       0.00       0.00       0.89       0.43
     28538      51.85     -45.34       2.60       0.00       0.00       0.00       0.86       0.43
     28880      51.93     -45.05       2.73       0.00       0.00       0.00       0.88       0.43
     31296      52.01     -44.96       2.78       0.00       0.00       0.00       0.85       0.43
     32298      52.19     -45.60       2.66       0.00       0.00       0.00       0.91       0.43
     32783      52.64     -44.61       3.34       0.00       0.00       0.00       1.22       0.43
     34437      52.71     -45.68       2.80       0.00       0.00       0.00       0.90       0.43
     37576      52.91     -44.83       3.38       0.00       0.00       0.00       1.23       0.41
     38640      53.16     -44.80       3.46       0.00       0.00       0.00       1.21       0.41
     39186      53.60     -45.38       3.46       0.00       0.00       0.00       1.28       0.41
     43182      53.66     -44.94       3.60       0.00       0.00       0.00       1.25       0.41
     43196      53.78     -45.32       3.52       0.00       0.00       0.00       1.26       0.41
     43589      54.26     -45.80       3.54       0.00       0.00       0.00       1.28       0.41
     44739      54.27     -45.63       3.60       0.00       0.00       0.00       1.29       0.41
     45281      54.28     -46.03       3.31       0.00       0.00       0.00       1.05       0.41
--------------------------------------------------------------------------------
Best docking solution after GA:
     45500      54.28     -46.03       3.31       0.00       0.00       0.00       1.05       0.41

#ops:      45500 #mutates:  21530 #cross:    21688 #migrate:   2282 
#dups:      8375 #niche:    29183 #errors:     883 
--------------------------------------------------------------------------------

Doing AMOEBA simplex on best individual
Done simplexing #iterations 694, best score  56.03

Ligand is stored in gold_soln_AV-procd_m7790_1.sdf


--------------------------------------------------------------------------------
--- CHEMPLP breakdown of terms                                               ---
--------------------------------------------------------------------------------
CHEMPLP = - ( 1.0000*S(PLP) + -3.0000*S(hbond) + -6.0000*S(metal) + -3.0000*S(cho) )

Score = CHEMPLP - 1.0000*DE(clash) - 2.0000*DE(tors)

Internal energy term has been corrected with the best internal energy encountered.

--------------------------------------------------------------------------------


     Score     S(PLP)   S(hbond)     S(cho)   S(metal)  DE(clash)   DE(tors)     intcor
     56.03     -48.06       3.31       0.00       0.00       0.00       1.19       0.41

--------------------------------------------------------------------------------
--- PLP analysis of protein-ligand interactions                              ---
--------------------------------------------------------------------------------
hydrogen bonding        :      -4.00
metal                   :       0.00
buried (polar-nonpolar) :      -3.23
nonpolar                :     -41.49
repulsive               :       0.74
--------------------------------------------------------------------------------


--------------------------------------------------------------------------------
--- ChemScore analysis of protein-ligand interactions                        ---
--------------------------------------------------------------------------------

* Hydrogen bonds                                                                
Ligand donor    5 hydrogen   55 Protein acceptor 7948 bond energy  1.00 wt 2.00
Ligand donor    8 hydrogen   38 Protein acceptor 7957 bond energy  1.00 wt 0.64
Ligand donor   11 hydrogen   39 Protein acceptor 7957 bond energy  1.00 wt 0.67


* CH..O interactions                                                            
  CH group selection                       : activated ring CH (adjacent to hetatom)

--------------------------------------------------------------------------------


--------------------------------------------------------------------------------
--- Intra-ligand clashes                                                     ---
--------------------------------------------------------------------------------

Ligand
--------------------------------------------------------------------------------

--------------------------------------------------------------------------------
--- Rescoring solution                                                       ---
--------------------------------------------------------------------------------

     Score         DG    S(hbond)    S(metal)    S(lipo)     H(rot)  DE(clash)    DE(int)
     16.49     -21.29       1.98        0.00     113.51       1.60       1.93       2.87

Doing AMOEBA simplex on best individual
Done simplexing #iterations 798, best score  20.04

     Score         DG    S(hbond)    S(metal)    S(lipo)     H(rot)  DE(clash)    DE(int)
     20.04     -23.44       2.70        0.00     111.33       1.60       0.53       2.87

--------------------------------------------------------------------------------
--- ChemScore breakdown of terms                                             ---
--------------------------------------------------------------------------------
DG = -5.4800 + -3.3400*S(hbond)
     + -6.0300*S(metal) + -0.1170*S(lipo) + 2.5600*H(rot)


H(rot) = 1.5976

Score = -(DG + DE(clash) + DE(int))


--------------------------------------------------------------------------------


--------------------------------------------------------------------------------
--- ChemScore analysis of protein-ligand interactions                        ---
--------------------------------------------------------------------------------

* Hydrogen bonds                                                                
Ligand donor    5 hydrogen   55 Protein acceptor 7948 bond energy  1.00 wt 0.98
Ligand donor    8 hydrogen   38 Protein acceptor 7957 bond energy  1.00 wt 0.86
Ligand donor   11 hydrogen   39 Protein acceptor 7957 bond energy  1.00 wt 0.86

CHEMSCORE EXTRA INTERACTIONS:

* Clashes                                                                       
Clash for ligand atom   3 (**** ):   0.03
Clash for ligand atom   7 (**** ):   0.04
Clash for ligand atom  13 (**** ):   0.05
Clash for ligand atom  25 (**** ):   0.42
--------------------------------------------------------------------------------


--------------------------------------------------------------------------------
--- Chromosome decoded                                                       ---
--------------------------------------------------------------------------------
Ligand Torsions
[   4    5    6    7]  151.11
[   5    6    7    8]  -85.86
[   6    7    8    9]  -61.86
[  23   12   11    9]  -39.78    matched torsion: aromatic amide
[  21   16   15   14]  111.40
Protein Torsions
[6907 6896 6895 6894]  170.81 
[7974 7965 7964 7962]   88.86 
[8008 7997 7996 7995]  -83.58 
[10167 10162 10161 10158] -154.27 
[10718 10713 10712 10709]  -36.68 
[10763 10752 10751 10750]   41.04 
[11005 11000 10999 10996] -176.87 
Mapping
Ligand acceptors to protein hydrogens (mapping then atom ids)
Ligand hydrogens to protein acceptors (mapping then atom ids)
Ligand shape atoms to protein points (mapping then atom ids & coords)
  1  3308 [  1->(145.000 132.750 151.500)]
  2  4955 [  2->(146.500 132.250 150.750)]
  6  4281 [  7->(145.750 137.250 152.000)]
  9  9398 [ 17->(152.750 142.250 159.750)]
 10  8831 [ 18->(152.000 143.500 159.750)]
 11  8330 [ 20->(151.500 144.000 158.000)]
 12  8567 [ 21->(151.750 143.500 159.500)]
 14  3659 [ 24->(145.250 135.500 151.500)]
 15  4490 [ 25->(146.000 132.750 150.500)]
Ligand N+ atoms to protein TRP (mapping then atom ids & coords)
Chromosome values
Integers:
  -1   -1   -1   -1   -1   -1   -1   -1 3307 4954   -1   -1 
  -1 4280   -1   -1 9397 8830 8329 8566   -1 3658 4489 
--------------------------------------------------------------------------------

Current Ranking  1

--------------------------------------------------------------------------------

* GA execution time :                                                           
  total  1.1147 user  1.1147 sys  0.0000

--------------------------------------------------------------------------------
Fitness function evaluations: 89226

--------------------------------------------------------------------------------
** Docking run number  2 **
--------------------------------------------------------------------------------
  Rank fitness base is 5000.00 ; increment is 11.2233

* Initialising population(s) ...                                                
Number of constraints mappings 0
Number of constraints 0
  Population no.                           :      1
  Population size                          :    100
  Number of duplicates                     :      0
  Number of niche violations               :      0
  Number of errors                         :   2650

Number of constraints mappings 0
Number of constraints 0
  Population no.                           :      2
  Population size                          :    100
  Number of duplicates                     :      0
  Number of niche violations               :      0
  Number of errors                         :   2721

Number of constraints mappings 0
Number of constraints 0
  Population no.                           :      3
  Population size                          :    100
  Number of duplicates                     :      0
  Number of niche violations               :      0
  Number of errors                         :   2629

Number of constraints mappings 0
Number of constraints 0
  Population no.                           :      4
  Population size                          :    100
  Number of duplicates                     :      0
  Number of niche violations               :      0
  Number of errors                         :   2856


Doing GA, no. of population(s) 4 size 100 selection pressure 1.100000

 Operation      Score     S(PLP)   S(hbond)     S(cho)   S(metal)  DE(clash)   DE(tors)     intcor
         0      24.80     -26.63       0.10       0.00       0.00       0.00       1.26       0.38
       181      27.64     -25.33       1.08       0.00       0.00       0.00       0.66       0.38
      1415      27.68     -28.09       0.49       0.00       0.00       0.00       1.13       0.38
      1462      30.58     -30.62       0.34       0.00       0.00       0.00       0.73       0.38
      2281      32.29     -32.89       2.21       0.00       0.00       4.11       1.75       0.38
      2715      32.51     -31.03       1.14       0.00       0.00       0.00       1.17       0.38
      2727      33.60     -34.67       0.00       0.00       0.00       0.00       0.73       0.38
      3117      35.62     -32.05       1.56       0.00       0.00       0.00       0.75       0.38
      3575      42.44     -38.07       2.39       0.00       0.00       0.00       1.60       0.38
      8095      43.00     -38.63       2.39       0.00       0.00       0.00       1.60       0.38
      8939      43.76     -38.76       2.47       0.00       0.00       0.00       1.39       0.38
     12282      44.08     -39.54       2.38       0.00       0.00       0.00       1.49       0.38
     14068      44.51     -39.48       2.26       0.00       0.00       0.00       1.07       0.38
     14656      45.03     -39.55       2.41       0.00       0.00       0.00       1.06       0.38
     15416      45.30     -39.69       2.42       0.00       0.00       0.00       1.02       0.38
     16044      46.32     -41.81       2.45       0.00       0.00       0.00       1.61       0.38
     17378      47.36     -42.51       2.54       0.00       0.00       0.00       1.58       0.38
     20495      47.56     -44.10       2.08       0.00       0.00       0.00       1.59       0.38
     21540      49.83     -46.69       1.97       0.00       0.00       0.00       1.58       0.38
     23708      50.02     -46.91       1.97       0.00       0.00       0.00       1.60       0.38
     23827      50.15     -44.91       2.36       0.00       0.00       0.00       1.11       0.38
     24607      51.50     -46.71       2.29       0.00       0.00       0.00       1.24       0.38
     31176      51.67     -47.08       2.23       0.00       0.00       0.00       1.24       0.38
     33567      51.92     -47.35       2.22       0.00       0.00       0.00       1.24       0.38
     34603      52.04     -47.55       2.21       0.00       0.00       0.00       1.27       0.38
     34779      52.05     -47.50       2.22       0.00       0.00       0.00       1.24       0.38
     35535      52.08     -47.31       2.28       0.00       0.00       0.00       1.22       0.38
     35615      52.17     -46.38       2.58       0.00       0.00       0.00       1.17       0.38
     36323      52.19     -47.57       2.24       0.00       0.00       0.00       1.24       0.38
     36341      52.21     -47.17       2.40       0.00       0.00       0.00       1.27       0.38
     37526      52.30     -46.60       2.55       0.00       0.00       0.00       1.17       0.38
     37755      52.39     -46.77       2.51       0.00       0.00       0.00       1.15       0.38
     38335      52.45     -46.78       2.56       0.00       0.00       0.00       1.19       0.38
     38779      52.56     -47.13       2.47       0.00       0.00       0.00       1.18       0.38
     40783      52.56     -47.07       2.46       0.00       0.00       0.00       1.14       0.38
     41855      52.60     -47.18       2.47       0.00       0.00       0.00       1.19       0.38
     41871      52.63     -47.05       2.51       0.00       0.00       0.00       1.17       0.38
     42259      52.71     -47.20       2.50       0.00       0.00       0.00       1.18       0.38
     42533      52.94     -47.19       2.57       0.00       0.00       0.00       1.17       0.38
     44717      52.97     -46.85       2.67       0.00       0.00       0.00       1.14       0.38
     44893      52.99     -47.35       2.51       0.00       0.00       0.00       1.14       0.38
     45117      53.01     -46.92       2.67       0.00       0.00       0.00       1.15       0.38
     45181      53.11     -47.57       2.52       0.00       0.00       0.00       1.21       0.38
     45281      53.79     -47.54       2.69       0.00       0.00       0.00       1.10       0.38
--------------------------------------------------------------------------------
Best docking solution after GA:
     45500      53.79     -47.54       2.69       0.00       0.00       0.00       1.10       0.38

#ops:      45500 #mutates:  21504 #cross:    21669 #migrate:   2327 
#dups:      8661 #niche:    30431 #errors:    1150 
--------------------------------------------------------------------------------

Doing AMOEBA simplex on best individual
Done simplexing #iterations 642, best score  55.15

Ligand is stored in gold_soln_AV-procd_m7790_2.sdf


--------------------------------------------------------------------------------
--- CHEMPLP breakdown of terms                                               ---
--------------------------------------------------------------------------------
CHEMPLP = - ( 1.0000*S(PLP) + -3.0000*S(hbond) + -6.0000*S(metal) + -3.0000*S(cho) )

Score = CHEMPLP - 1.0000*DE(clash) - 2.0000*DE(tors)

Internal energy term has been corrected with the best internal energy encountered.

--------------------------------------------------------------------------------


     Score     S(PLP)   S(hbond)     S(cho)   S(metal)  DE(clash)   DE(tors)     intcor
     55.15     -48.36       2.75       0.00       0.00       0.00       0.92       0.38

--------------------------------------------------------------------------------
--- PLP analysis of protein-ligand interactions                              ---
--------------------------------------------------------------------------------
hydrogen bonding        :      -4.00
metal                   :       0.00
buried (polar-nonpolar) :      -4.11
nonpolar                :     -41.21
repulsive               :       1.09
--------------------------------------------------------------------------------


--------------------------------------------------------------------------------
--- ChemScore analysis of protein-ligand interactions                        ---
--------------------------------------------------------------------------------

* Hydrogen bonds                                                                
Ligand donor    5 hydrogen   55 Protein acceptor 7948 bond energy  1.00 wt 2.00
Ligand donor    8 hydrogen   38 Protein acceptor 7948 bond energy  1.00 wt 0.75


* CH..O interactions                                                            
  CH group selection                       : activated ring CH (adjacent to hetatom)

--------------------------------------------------------------------------------


--------------------------------------------------------------------------------
--- Intra-ligand clashes                                                     ---
--------------------------------------------------------------------------------

Ligand
--------------------------------------------------------------------------------

--------------------------------------------------------------------------------
--- Rescoring solution                                                       ---
--------------------------------------------------------------------------------

     Score         DG    S(hbond)    S(metal)    S(lipo)     H(rot)  DE(clash)    DE(int)
     15.23     -20.60       1.62        0.00     118.04       1.60       3.05       2.32

Doing AMOEBA simplex on best individual
Done simplexing #iterations 794, best score  17.76

     Score         DG    S(hbond)    S(metal)    S(lipo)     H(rot)  DE(clash)    DE(int)
     17.76     -20.44       1.68        0.00     114.85       1.60       0.44       2.23

--------------------------------------------------------------------------------
--- ChemScore breakdown of terms                                             ---
--------------------------------------------------------------------------------
DG = -5.4800 + -3.3400*S(hbond)
     + -6.0300*S(metal) + -0.1170*S(lipo) + 2.5600*H(rot)


H(rot) = 1.5976

Score = -(DG + DE(clash) + DE(int))


--------------------------------------------------------------------------------


--------------------------------------------------------------------------------
--- ChemScore analysis of protein-ligand interactions                        ---
--------------------------------------------------------------------------------

* Hydrogen bonds                                                                
Ligand donor    5 hydrogen   55 Protein acceptor 7948 bond energy  1.00 wt 0.96
Ligand donor    8 hydrogen   38 Protein acceptor 7948 bond energy  1.00 wt 0.72

CHEMSCORE EXTRA INTERACTIONS:

* Clashes                                                                       
Clash for ligand atom   7 (**** ):   0.01
Clash for ligand atom   9 (**** ):   0.04
Clash for ligand atom  22 (**** ):   0.12
Clash for ligand atom  25 (**** ):   0.28
--------------------------------------------------------------------------------


--------------------------------------------------------------------------------
--- Chromosome decoded                                                       ---
--------------------------------------------------------------------------------
Ligand Torsions
[   4    5    6    7]  152.29
[   5    6    7    8]  -81.87
[   6    7    8    9]  -86.01
[  23   12   11    9]  -26.49    matched torsion: aromatic amide
[  21   16   15   14]  -57.37
Protein Torsions
[6907 6896 6895 6894]  -21.35 
[7974 7965 7964 7962] -137.47 
[8008 7997 7996 7995]   17.04 
[10167 10162 10161 10158]  151.54 
[10718 10713 10712 10709] -107.66 
[10763 10752 10751 10750]   31.22 
[11005 11000 10999 10996]  166.69 
Mapping
Ligand acceptors to protein hydrogens (mapping then atom ids)
Ligand hydrogens to protein acceptors (mapping then atom ids)
  1   7 [ 55->7948]
Ligand shape atoms to protein points (mapping then atom ids & coords)
  6  5048 [  7->(146.500 138.250 152.250)]
  9  9185 [ 17->(152.250 145.000 158.750)]
 10  9138 [ 18->(152.250 144.250 159.000)]
 11  9232 [ 20->(152.500 142.500 159.250)]
 12  7986 [ 21->(151.250 141.750 158.750)]
Ligand N+ atoms to protein TRP (mapping then atom ids & coords)
Chromosome values
Integers:
  -1   -1   -1   -1    6   -1   -1   -1   -1   -1   -1   -1 
  -1 5047   -1   -1 9184 9137 9231 7985   -1   -1   -1 
--------------------------------------------------------------------------------

Current Ranking  1  2

--------------------------------------------------------------------------------

* GA execution time :                                                           
  total  1.0983 user  1.0983 sys  0.0000

--------------------------------------------------------------------------------
Fitness function evaluations: 88438

--------------------------------------------------------------------------------
** Docking run number  3 **
--------------------------------------------------------------------------------
  Rank fitness base is 5000.00 ; increment is 11.2233

* Initialising population(s) ...                                                
Number of constraints mappings 0
Number of constraints 0
  Population no.                           :      1
  Population size                          :    100
  Number of duplicates                     :      0
  Number of niche violations               :      0
  Number of errors                         :   2822

Number of constraints mappings 0
Number of constraints 0
  Population no.                           :      2
  Population size                          :    100
  Number of duplicates                     :      0
  Number of niche violations               :      0
  Number of errors                         :   2688

Number of constraints mappings 0
Number of constraints 0
  Population no.                           :      3
  Population size                          :    100
  Number of duplicates                     :      0
  Number of niche violations               :      0
  Number of errors                         :   2636

Number of constraints mappings 0
Number of constraints 0
  Population no.                           :      4
  Population size                          :    100
  Number of duplicates                     :      0
  Number of niche violations               :      0
  Number of errors                         :   2693


Doing GA, no. of population(s) 4 size 100 selection pressure 1.100000

 Operation      Score     S(PLP)   S(hbond)     S(cho)   S(metal)  DE(clash)   DE(tors)     intcor
         0      28.40     -32.88       0.11       0.00       0.00       2.57       1.32       0.38
       334      28.63     -29.24       0.00       0.00       0.00       0.00       0.49       0.38
       442      30.23     -27.75       1.14       0.00       0.00       0.00       0.67       0.38
      1976      30.54     -31.80       0.00       0.00       0.00       0.00       0.82       0.38
      2182      31.84     -30.76       0.99       0.00       0.00       0.00       1.14       0.38
      2558      31.91     -30.81       0.99       0.00       0.00       0.00       1.13       0.38
      2766      34.93     -35.90       0.47       0.00       0.00       0.00       1.38       0.38
      3532      34.98     -37.43       0.79       0.00       0.00       2.57       1.32       0.38
      3765      47.78     -41.09       2.52       0.00       0.00       0.00       0.63       0.38
     10601      48.39     -42.66       2.20       0.00       0.00       0.00       0.63       0.38
     15173      48.54     -42.89       2.19       0.00       0.00       0.00       0.64       0.38
     17879      48.56     -41.55       2.63       0.00       0.00       0.00       0.62       0.37
     17998      49.11     -43.40       2.19       0.00       0.00       0.00       0.62       0.37
     18917      49.38     -43.63       2.19       0.00       0.00       0.00       0.59       0.37
     21875      49.81     -42.68       2.86       0.00       0.00       0.00       0.91       0.37
     22938      50.03     -42.50       3.01       0.00       0.00       0.00       0.94       0.37
     23394      51.02     -43.99       2.84       0.00       0.00       0.00       0.93       0.37
     24638      52.27     -45.05       2.90       0.00       0.00       0.00       0.93       0.37
     32486      52.96     -46.01       2.82       0.00       0.00       0.00       0.93       0.37
     42763      53.03     -45.99       2.82       0.00       0.00       0.00       0.89       0.37
     43048      53.41     -47.51       2.37       0.00       0.00       0.00       0.79       0.37
     44035      53.43     -46.16       2.90       0.00       0.00       0.00       0.89       0.37
     44098      53.57     -46.18       2.90       0.00       0.00       0.00       0.83       0.37
--------------------------------------------------------------------------------
Best docking solution after GA:
     45500      53.57     -46.18       2.90       0.00       0.00       0.00       0.83       0.37

#ops:      45500 #mutates:  21438 #cross:    21836 #migrate:   2226 
#dups:      8044 #niche:    28890 #errors:    1177 
--------------------------------------------------------------------------------

Doing AMOEBA simplex on best individual
Done simplexing #iterations 710, best score  54.54

Ligand is stored in gold_soln_AV-procd_m7790_3.sdf


--------------------------------------------------------------------------------
--- CHEMPLP breakdown of terms                                               ---
--------------------------------------------------------------------------------
CHEMPLP = - ( 1.0000*S(PLP) + -3.0000*S(hbond) + -6.0000*S(metal) + -3.0000*S(cho) )

Score = CHEMPLP - 1.0000*DE(clash) - 2.0000*DE(tors)

Internal energy term has been corrected with the best internal energy encountered.

--------------------------------------------------------------------------------


     Score     S(PLP)   S(hbond)     S(cho)   S(metal)  DE(clash)   DE(tors)     intcor
     54.54     -47.13       2.91       0.00       0.00       0.00       0.84       0.37

--------------------------------------------------------------------------------
--- PLP analysis of protein-ligand interactions                              ---
--------------------------------------------------------------------------------
hydrogen bonding        :      -4.00
metal                   :       0.00
buried (polar-nonpolar) :      -3.91
nonpolar                :     -39.21
repulsive               :       0.86
--------------------------------------------------------------------------------


--------------------------------------------------------------------------------
--- ChemScore analysis of protein-ligand interactions                        ---
--------------------------------------------------------------------------------

* Hydrogen bonds                                                                
Ligand donor    5 hydrogen   55 Protein acceptor 7948 bond energy  1.00 wt 2.00
Ligand donor    8 hydrogen   38 Protein acceptor 7957 bond energy  1.00 wt 0.50
Ligand donor   11 hydrogen   39 Protein acceptor 7957 bond energy  1.00 wt 0.41


* CH..O interactions                                                            
  CH group selection                       : activated ring CH (adjacent to hetatom)

--------------------------------------------------------------------------------


--------------------------------------------------------------------------------
--- Intra-ligand clashes                                                     ---
--------------------------------------------------------------------------------

Ligand
--------------------------------------------------------------------------------

--------------------------------------------------------------------------------
--- Rescoring solution                                                       ---
--------------------------------------------------------------------------------

     Score         DG    S(hbond)    S(metal)    S(lipo)     H(rot)  DE(clash)    DE(int)
     14.43     -20.15       1.63        0.00     113.89       1.60       3.18       2.55

Doing AMOEBA simplex on best individual
Done simplexing #iterations 745, best score  18.86

     Score         DG    S(hbond)    S(metal)    S(lipo)     H(rot)  DE(clash)    DE(int)
     18.86     -22.66       2.37        0.00     114.14       1.60       1.92       1.87

--------------------------------------------------------------------------------
--- ChemScore breakdown of terms                                             ---
--------------------------------------------------------------------------------
DG = -5.4800 + -3.3400*S(hbond)
     + -6.0300*S(metal) + -0.1170*S(lipo) + 2.5600*H(rot)


H(rot) = 1.5976

Score = -(DG + DE(clash) + DE(int))


--------------------------------------------------------------------------------


--------------------------------------------------------------------------------
--- ChemScore analysis of protein-ligand interactions                        ---
--------------------------------------------------------------------------------

* Hydrogen bonds                                                                
Ligand donor    5 hydrogen   55 Protein acceptor 7948 bond energy  1.00 wt 1.00
Ligand donor    8 hydrogen   38 Protein acceptor 7957 bond energy  1.00 wt 0.76
Ligand donor   11 hydrogen   39 Protein acceptor 7957 bond energy  1.00 wt 0.61

CHEMSCORE EXTRA INTERACTIONS:

* Clashes                                                                       
Clash for ligand atom   9 (**** ):   0.10
Clash for ligand atom  12 (**** ):   0.02
Clash for ligand atom  13 (**** ):   0.22
Clash for ligand atom  14 (**** ):   0.01
Clash for ligand atom  22 (**** ):   0.04
Clash for ligand atom  25 (**** ):   1.53
--------------------------------------------------------------------------------


--------------------------------------------------------------------------------
--- Chromosome decoded                                                       ---
--------------------------------------------------------------------------------
Ligand Torsions
[   4    5    6    7]  169.52
[   5    6    7    8]  -93.94
[   6    7    8    9]  -62.58
[  23   12   11    9]  -39.92    matched torsion: aromatic amide
[  21   16   15   14]  -60.25
Protein Torsions
[6907 6896 6895 6894]   17.66 
[7974 7965 7964 7962]   92.86 
[8008 7997 7996 7995]   42.84 
[10167 10162 10161 10158] -176.65 
[10718 10713 10712 10709]   63.82 
[10763 10752 10751 10750]   51.03 
[11005 11000 10999 10996]  -75.51 
Mapping
Ligand acceptors to protein hydrogens (mapping then atom ids)
Ligand hydrogens to protein acceptors (mapping then atom ids)
Ligand shape atoms to protein points (mapping then atom ids & coords)
  1  2251 [  1->(143.750 132.250 151.000)]
  2  4741 [  2->(146.250 132.250 152.000)]
  5  4562 [  6->(146.000 137.750 151.750)]
 11  9544 [ 20->(153.000 142.250 160.750)]
 12  9005 [ 21->(152.250 141.500 159.250)]
 15  2933 [ 25->(144.500 135.250 151.000)]
Ligand N+ atoms to protein TRP (mapping then atom ids & coords)
Chromosome values
Integers:
  -1   -1   -1   -1   -1   -1   -1   -1 2250 4740   -1   -1 
4561   -1   -1   -1   -1   -1 9543 9004   -1   -1 2932 
--------------------------------------------------------------------------------

Current Ranking  1  2  3

Top  3 (of  3) solutions are within 1.500 RMSD, finishing docking /DATA2/COVID-19/PDBs_&_Models/AV-procd.sdf.


--------------------------------------------------------------------------------

* GA execution time :                                                           
  total  1.1189 user  1.1189 sys  0.0000

--------------------------------------------------------------------------------
Fitness function evaluations: 89315

--------------------------------------------------------------------------------
--- Ranking analysis                                                         ---
--------------------------------------------------------------------------------


* Final ranked order of GA solutions:                                           
   1  2  3 

  _______________________________
  RMSD Matrix of RANKED solutions

        2    3  

   1 :  0.8  0.7
   2 :       0.3

  Clustering method                        : complete linkage
  Structure ids in cluster table           : rank nos.
  Ordering of clusters and their members   : by rank (order if from rms_analysis)

  Distance | Clusters
   0.34    |  1 |  2  3 |
   0.80    |  1  2  3 |
  Finished Docking Ligand                  : /DATA2/COVID-19/PDBs_&_Models/AV-procd.sdf
--------------------------------------------------------------------------------

  Relative_Ligand_Energy (best encountered) :   0.367
  Relative_Ligand_Energy: fitness values have been corrected using this amount
