
--------------------------------------------------------------------------------
--- Ligand                                                                   ---
--------------------------------------------------------------------------------
  Ligand loaded from file                  : /DATA2/COVID-19/PDBs_&_Models/AV-procd.sdf
  Ligand name                              :  
  "AV-unprocessed.smi:455                                                   "

--------------------------------------------------------------------------------
  N.plc donors                             : 
  none found

  Acidic nitrogen acceptors                : 
  none found
  Sulfur acceptors                         :
  none found


  Donor atoms                              :      1
  8   
  Acceptor atoms                           :      4
  7   14  17  20  

  Hydrogens                                :  (n = 1)
  33   

  Lone pairs added to molecule             :      6
  Numbering                                : from 47 to 52
  Choline groups                           : 
   

--------------------------------------------------------------------------------
--- Postprocessing of typing                                                 ---
--------------------------------------------------------------------------------
  Fragment file                            : /home/scv26/CCDC/Discovery_2020/GOLD/gold/rotatable_bond_override.mol2
  acylurea fragment                        : no matches
  thioacylthiourea fragment                : no matches
  acylthiourea fragment                    : no matches
  thioacylurea fragment                    : no matches
  diarylamine fragment >C.ar-NH-C.ar<      : no matches
  sec-amine (1) fragment                   : no matches
  sec-amine (2) fragment                   : no matches
  sec-amine (3) fragment                   : no matches
  carboxylic ester                         : no matches

* Rotatable bonds in /DATA2/COVID-19/PDBs  :
  [   2    5] [   5    6] [   8    9] [   9   10] 
  [  13   14] 
  No. of rotatable bonds                   :      5


* Fragments found in /DATA2/COVID-19/PDBs  :


* Checking torsion distributions:                                               
  No. of matched torsions                  :      0

--------------------------------------------------------------------------------
--- Shape fitting atoms selection (hydrophobic atoms)                        ---
--------------------------------------------------------------------------------
  Molecule                                 : /DATA2/COVID-19/PDBs_&_Models/AV-procd.sdf
  Selection                                : carbons only
  Atom numbers                             :  (n = 12)
  1    3    4    5    9    11   12   15   16   18   
  19   21   


--------------------------------------------------------------------------------
--- ChemScore ligand setup summary                                           ---
--------------------------------------------------------------------------------
  ChemScore ligand acceptors               :      4
  7 14 17 20 
  ChemScore ligand donors                  :      1
  8 ( 33  ) 
  ChemScore ligand CH donors               :      1
  21 ( 46 ) 

  ChemScore ligand lipophilic atoms        :  (n = 14)
  1    2    3    4    5    9    10   11   12   15   
  16   18   19   21   

  ChemScore ligand rotatable bonds         :      5
  2   (****) - 5   (****): SP3_SP3_BOND
  5   (****) - 6   (****): SP3_SP2_BOND
  8   (****) - 9   (****): SP3_SP2_BOND
  9   (****) - 10  (****): SP3_SP2_BOND
  13  (****) - 14  (****): SP3_SP2_BOND

--------------------------------------------------------------------------------
--- PLP ligand setup summary                                                 ---
--------------------------------------------------------------------------------
    1  ****   C.3 NONPOLAR
    2  ****   C.3 NONPOLAR
    3  ****   C.3 NONPOLAR
    4  ****   C.3 NONPOLAR
    5  ****   C.3 NONPOLAR
    6  ****   C.2 NONPOLAR
    7  ****   O.2 ACCEPTOR
    8  ****  N.am DONOR
    9  ****   C.3 NONPOLAR
   10  ****  C.ar NONPOLAR
   11  ****  C.ar NONPOLAR
   12  ****  C.ar NONPOLAR
   13  ****  C.ar NONPOLAR
   14  ****   N.3 ACCEPTOR
   15  ****   C.3 NONPOLAR
   16  ****   C.3 NONPOLAR
   17  ****   O.3 ACCEPTOR
   18  ****   C.3 NONPOLAR
   19  ****   C.3 NONPOLAR
   20  ****  N.ar ACCEPTOR
   21  ****  C.ar NONPOLAR


--------------------------------------------------------------------------------
--- Automatic parameter setting                                              ---
--------------------------------------------------------------------------------
  Contribution base                        :   2500
  Contribution per rotatable bond          :   6000
  Contribution per df                      :   4000
  Contribution per water                   :  10000
  Ligand rotatable bonds                   :      5
  Protein flexible side chain bonds        :      0
  Total rotatable bonds                    :      5
  Hydrophobic vol ratio (P/L)              :   1.922
  Base multiplier (polar)                  :   1.000
  Base multiplier (apolar)                 :   4.614
  Base contribution                        : 12500.000
  Fitting points                           :      5
  Estimated maxops needed (optimal)        :  43000

--------------------------------------------------------------------------------

* Population settings                                                           
  maxops                                   :  43000
  popsiz                                   :    100
  select_pressure                          :   1.100
  n_islands                                :      4
  niche_siz                                :      2

* GA settings                                                                   
  pt_crosswt                               :     95
  allele_mutatewt                          :     95
  migratewt                                :     10

* Search settings                                                               
  start_vdw_linear_cutoff                  :   4.000
  initial_virtual_pt_match_max             :   3.000

--------------------------------------------------------------------------------

* Ligand initialisation time :                                                  
  total  0.0116 user  0.0076 sys  0.0040

--------------------------------------------------------------------------------

--------------------------------------------------------------------------------
** Docking run number  1 **
--------------------------------------------------------------------------------
  Rank fitness base is 5000.00 ; increment is 11.2233

* Initialising population(s) ...                                                
Number of constraints mappings 0
Number of constraints 0
  Population no.                           :      1
  Population size                          :    100
  Number of duplicates                     :      0
  Number of niche violations               :      0
  Number of errors                         :   4204

Number of constraints mappings 0
Number of constraints 0
  Population no.                           :      2
  Population size                          :    100
  Number of duplicates                     :      0
  Number of niche violations               :      0
  Number of errors                         :   4377

Number of constraints mappings 0
Number of constraints 0
  Population no.                           :      3
  Population size                          :    100
  Number of duplicates                     :      0
  Number of niche violations               :      0
  Number of errors                         :   4344

Number of constraints mappings 0
Number of constraints 0
  Population no.                           :      4
  Population size                          :    100
  Number of duplicates                     :      0
  Number of niche violations               :      0
  Number of errors                         :   4036


Doing GA, no. of population(s) 4 size 100 selection pressure 1.100000

 Operation      Score     S(PLP)   S(hbond)     S(cho)   S(metal)  DE(clash)   DE(tors)     intcor
         0      21.87     -24.76       0.00       0.00       0.00       0.00       1.66       0.43
       409      24.09     -21.81       1.03       0.24       0.00       0.00       0.98       0.43
       793      29.94     -28.48       1.00       0.00       0.00       0.00       0.98       0.43
      1169      30.27     -28.50       1.00       0.00       0.00       0.00       0.83       0.43
      3796      30.57     -28.43       1.00       0.00       0.00       0.00       0.65       0.43
      6281      31.92     -30.80       1.00       0.00       0.00       0.00       1.13       0.38
      8057      31.93     -30.87       1.00       0.00       0.00       0.00       1.16       0.38
     10999      34.86     -32.25       1.00       0.00       0.00       0.00       0.38       0.37
     14059      35.87     -33.26       1.00       0.00       0.00       0.00       0.38       0.37
     17245      35.95     -33.22       1.00       0.00       0.00       0.00       0.32       0.37
     17659      36.13     -33.63       1.00       0.00       0.00       0.00       0.43       0.37
     17791      36.38     -33.85       1.00       0.00       0.00       0.00       0.42       0.37
     18303      37.36     -34.82       1.00       0.00       0.00       0.00       0.42       0.37
     19811      37.42     -34.85       1.00       0.00       0.00       0.00       0.40       0.37
     22225      37.45     -34.87       1.00       0.00       0.00       0.00       0.39       0.37
     22591      37.50     -34.88       1.00       0.00       0.00       0.00       0.38       0.37
     24068      37.53     -34.90       1.00       0.00       0.00       0.00       0.37       0.37
     35247      37.64     -32.37       1.00       0.90       0.00       0.00       0.40       0.37
     39837      37.64     -32.50       1.00       0.85       0.00       0.00       0.39       0.37
     41053      37.72     -32.56       1.00       0.86       0.00       0.00       0.40       0.37
     41990      37.77     -32.49       1.00       0.90       0.00       0.00       0.39       0.37
--------------------------------------------------------------------------------
Best docking solution after GA:
     43000      37.77     -32.49       1.00       0.90       0.00       0.00       0.39       0.37

#ops:      43000 #mutates:  20590 #cross:    20224 #migrate:   2186 
#dups:     16464 #niche:    24060 #errors:    2674 
--------------------------------------------------------------------------------

Doing AMOEBA simplex on best individual
Done simplexing #iterations 965, best score  39.56

Ligand is stored in gold_soln_AV-procd_m2614_1.sdf


--------------------------------------------------------------------------------
--- CHEMPLP breakdown of terms                                               ---
--------------------------------------------------------------------------------
CHEMPLP = - ( 1.0000*S(PLP) + -3.0000*S(hbond) + -6.0000*S(metal) + -3.0000*S(cho) )

Score = CHEMPLP - 1.0000*DE(clash) - 2.0000*DE(tors)

Internal energy term has been corrected with the best internal energy encountered.

--------------------------------------------------------------------------------


     Score     S(PLP)   S(hbond)     S(cho)   S(metal)  DE(clash)   DE(tors)     intcor
     39.56     -33.87       1.00       1.00       0.00       0.00       0.34       0.37

--------------------------------------------------------------------------------
--- PLP analysis of protein-ligand interactions                              ---
--------------------------------------------------------------------------------
hydrogen bonding        :      -1.00
metal                   :       0.00
buried (polar-nonpolar) :      -1.86
nonpolar                :     -28.51
repulsive               :       0.25
--------------------------------------------------------------------------------


--------------------------------------------------------------------------------
--- ChemScore analysis of protein-ligand interactions                        ---
--------------------------------------------------------------------------------

* Hydrogen bonds                                                                
Ligand donor    8 hydrogen   33 Protein acceptor 10747 bond energy  1.00 wt 1.00


* CH..O interactions                                                            
  CH group selection                       : activated ring CH (adjacent to hetatom)
Ligand carbon   21 hydrogen   46 Protein acceptor 10747 bond energy  1.00 wt 1.00

--------------------------------------------------------------------------------


--------------------------------------------------------------------------------
--- Intra-ligand clashes                                                     ---
--------------------------------------------------------------------------------

Ligand
--------------------------------------------------------------------------------

--------------------------------------------------------------------------------
--- Rescoring solution                                                       ---
--------------------------------------------------------------------------------

     Score         DG    S(hbond)    S(metal)    S(lipo)     H(rot)  DE(clash)    DE(int)
     11.90     -14.28       1.00        0.00      82.05       1.62       0.54       1.84

Doing AMOEBA simplex on best individual
Done simplexing #iterations 686, best score  12.71

     Score         DG    S(hbond)    S(metal)    S(lipo)     H(rot)  DE(clash)    DE(int)
     12.71     -14.67       0.99        0.00      85.59       1.62       0.20       1.76

--------------------------------------------------------------------------------
--- ChemScore breakdown of terms                                             ---
--------------------------------------------------------------------------------
DG = -5.4800 + -3.3400*S(hbond)
     + -6.0300*S(metal) + -0.1170*S(lipo) + 2.5600*H(rot)


H(rot) = 1.6164

Score = -(DG + DE(clash) + DE(int))


--------------------------------------------------------------------------------


--------------------------------------------------------------------------------
--- ChemScore analysis of protein-ligand interactions                        ---
--------------------------------------------------------------------------------

* Hydrogen bonds                                                                
Ligand donor    8 hydrogen   33 Protein acceptor 10747 bond energy  1.00 wt 0.99

CHEMSCORE EXTRA INTERACTIONS:

* Clashes                                                                       
Clash for ligand atom   4 (**** ):   0.07
Clash for ligand atom  21 (**** ):   0.14
--------------------------------------------------------------------------------


--------------------------------------------------------------------------------
--- Chromosome decoded                                                       ---
--------------------------------------------------------------------------------
Ligand Torsions
[   1    2    5    6]   46.63
[   2    5    6    7]    1.93
[   6    8    9   10]  130.72
[   8    9   10   21]   -0.15
[  19   14   13   12]  111.87
Protein Torsions
[6907 6896 6895 6894] -111.37 
[7974 7965 7964 7962] -116.66 
[8008 7997 7996 7995]  -33.67 
[10167 10162 10161 10158]  119.80 
[10718 10713 10712 10709] -178.89 
[10763 10752 10751 10750]  -17.52 
[11005 11000 10999 10996]   -2.94 
Mapping
Ligand acceptors to protein hydrogens (mapping then atom ids)
Ligand hydrogens to protein acceptors (mapping then atom ids)
  1  40 [ 33->10747]
Ligand shape atoms to protein points (mapping then atom ids & coords)
  1  3109 [  1->(144.750 134.250 150.250)]
  3  2264 [  4->(143.750 132.750 148.500)]
Chromosome values
Integers:
  -1   -1   -1   -1   39 3108   -1 2263   -1   -1   -1   -1 
  -1   -1   -1   -1   -1 
--------------------------------------------------------------------------------

Current Ranking  1

--------------------------------------------------------------------------------

* GA execution time :                                                           
  total  0.8697 user  0.8697 sys  0.0000

--------------------------------------------------------------------------------
Fitness function evaluations: 90666

--------------------------------------------------------------------------------
** Docking run number  2 **
--------------------------------------------------------------------------------
  Rank fitness base is 5000.00 ; increment is 11.2233

* Initialising population(s) ...                                                
Number of constraints mappings 0
Number of constraints 0
  Population no.                           :      1
  Population size                          :    100
  Number of duplicates                     :      0
  Number of niche violations               :      0
  Number of errors                         :   4310

Number of constraints mappings 0
Number of constraints 0
  Population no.                           :      2
  Population size                          :    100
  Number of duplicates                     :      0
  Number of niche violations               :      0
  Number of errors                         :   4046

Number of constraints mappings 0
Number of constraints 0
  Population no.                           :      3
  Population size                          :    100
  Number of duplicates                     :      0
  Number of niche violations               :      0
  Number of errors                         :   4204

Number of constraints mappings 0
Number of constraints 0
  Population no.                           :      4
  Population size                          :    100
  Number of duplicates                     :      0
  Number of niche violations               :      0
  Number of errors                         :   4314


Doing GA, no. of population(s) 4 size 100 selection pressure 1.100000

 Operation      Score     S(PLP)   S(hbond)     S(cho)   S(metal)  DE(clash)   DE(tors)     intcor
         0      19.02     -21.23       0.00       0.00       0.00       0.00       1.30       0.37
      1895      20.91     -20.65       0.55       0.00       0.00       0.00       0.89       0.37
      2038      24.56     -25.91       0.90       0.00       0.00       1.68       1.37       0.37
      3667      27.54     -21.37       1.88       0.68       0.00       0.00       0.94       0.37
      4290      27.54     -21.37       1.88       0.68       0.00       0.00       0.94       0.37
      7275      27.67     -21.40       1.93       0.68       0.00       0.00       0.97       0.37
     10722      28.72     -28.78       0.56       0.00       0.00       0.00       1.06       0.37
     12014      28.83     -29.27       1.00       0.00       0.00       0.33       1.74       0.37
     12524      29.13     -30.39       0.76       0.00       0.00       0.33       1.80       0.37
     13636      30.07     -30.83       1.00       0.00       0.00       0.33       1.90       0.37
     14468      30.66     -29.86       1.00       0.00       0.00       0.00       1.29       0.37
     15869      32.23     -32.41       1.00       0.00       0.00       0.00       1.78       0.37
     18150      32.43     -32.64       1.00       0.00       0.00       0.00       1.79       0.36
     18527      33.08     -31.20       1.00       0.00       0.00       0.00       0.74       0.36
     19628      33.14     -31.48       1.00       0.00       0.00       0.00       0.85       0.36
     21062      33.50     -31.90       1.00       0.00       0.00       0.00       0.88       0.36
     26034      33.64     -32.10       0.98       0.00       0.00       0.00       0.88       0.36
     26756      33.69     -31.74       1.00       0.00       0.00       0.00       0.71       0.36
     27078      33.90     -31.73       1.00       0.00       0.00       0.00       0.60       0.36
     27350      33.90     -31.42       1.00       0.00       0.00       0.00       0.44       0.36
     27646      34.01     -31.84       1.00       0.00       0.00       0.00       0.60       0.36
     32006      34.09     -32.13       1.00       0.00       0.00       0.00       0.70       0.36
     33296      34.10     -32.03       1.00       0.00       0.00       0.00       0.65       0.36
     36321      34.14     -32.22       1.00       0.00       0.00       0.00       0.72       0.36
     38588      34.23     -32.31       1.00       0.00       0.00       0.00       0.72       0.36
     41795      34.27     -31.94       1.00       0.00       0.00       0.00       0.51       0.36
     42538      34.32     -32.53       1.00       0.00       0.00       0.00       0.79       0.36
--------------------------------------------------------------------------------
Best docking solution after GA:
     43000      34.32     -32.53       1.00       0.00       0.00       0.00       0.79       0.36

#ops:      43000 #mutates:  20423 #cross:    20397 #migrate:   2180 
#dups:     13478 #niche:    20210 #errors:    3077 
--------------------------------------------------------------------------------

Doing AMOEBA simplex on best individual
Done simplexing #iterations 715, best score  35.82

Ligand is stored in gold_soln_AV-procd_m2614_2.sdf


--------------------------------------------------------------------------------
--- CHEMPLP breakdown of terms                                               ---
--------------------------------------------------------------------------------
CHEMPLP = - ( 1.0000*S(PLP) + -3.0000*S(hbond) + -6.0000*S(metal) + -3.0000*S(cho) )

Score = CHEMPLP - 1.0000*DE(clash) - 2.0000*DE(tors)

Internal energy term has been corrected with the best internal energy encountered.

--------------------------------------------------------------------------------


     Score     S(PLP)   S(hbond)     S(cho)   S(metal)  DE(clash)   DE(tors)     intcor
     35.82     -34.29       1.00       0.00       0.00       0.00       0.92       0.36

--------------------------------------------------------------------------------
--- PLP analysis of protein-ligand interactions                              ---
--------------------------------------------------------------------------------
hydrogen bonding        :      -1.00
metal                   :       0.00
buried (polar-nonpolar) :      -0.44
nonpolar                :     -33.15
repulsive               :       0.70
--------------------------------------------------------------------------------


--------------------------------------------------------------------------------
--- ChemScore analysis of protein-ligand interactions                        ---
--------------------------------------------------------------------------------

* Hydrogen bonds                                                                
Ligand donor    8 hydrogen   33 Protein acceptor 7948 bond energy  1.00 wt 1.00


* CH..O interactions                                                            
  CH group selection                       : activated ring CH (adjacent to hetatom)

--------------------------------------------------------------------------------


--------------------------------------------------------------------------------
--- Intra-ligand clashes                                                     ---
--------------------------------------------------------------------------------

Ligand
--------------------------------------------------------------------------------

--------------------------------------------------------------------------------
--- Rescoring solution                                                       ---
--------------------------------------------------------------------------------

     Score         DG    S(hbond)    S(metal)    S(lipo)     H(rot)  DE(clash)    DE(int)
     12.15     -15.78       0.99        0.00      95.04       1.62       1.52       2.12

Doing AMOEBA simplex on best individual
Done simplexing #iterations 791, best score  13.31

     Score         DG    S(hbond)    S(metal)    S(lipo)     H(rot)  DE(clash)    DE(int)
     13.31     -15.68       1.00        0.00      93.96       1.62       0.30       2.07

--------------------------------------------------------------------------------
--- ChemScore breakdown of terms                                             ---
--------------------------------------------------------------------------------
DG = -5.4800 + -3.3400*S(hbond)
     + -6.0300*S(metal) + -0.1170*S(lipo) + 2.5600*H(rot)


H(rot) = 1.6164

Score = -(DG + DE(clash) + DE(int))


--------------------------------------------------------------------------------


--------------------------------------------------------------------------------
--- ChemScore analysis of protein-ligand interactions                        ---
--------------------------------------------------------------------------------

* Hydrogen bonds                                                                
Ligand donor    8 hydrogen   33 Protein acceptor 7948 bond energy  1.00 wt 1.00

CHEMSCORE EXTRA INTERACTIONS:

* Clashes                                                                       
Clash for ligand atom   3 (**** ):   0.01
Clash for ligand atom   9 (**** ):   0.29
--------------------------------------------------------------------------------


--------------------------------------------------------------------------------
--- Chromosome decoded                                                       ---
--------------------------------------------------------------------------------
Ligand Torsions
[   1    2    5    6]   72.86
[   2    5    6    7]  -85.47
[   6    8    9   10]   40.95
[   8    9   10   21] -126.84
[  19   14   13   12]  163.16
Protein Torsions
[6907 6896 6895 6894]  -50.19 
[7974 7965 7964 7962] -120.72 
[8008 7997 7996 7995] -163.66 
[10167 10162 10161 10158]   19.70 
[10718 10713 10712 10709]   15.63 
[10763 10752 10751 10750]   25.77 
[11005 11000 10999 10996] -142.29 
Mapping
Ligand acceptors to protein hydrogens (mapping then atom ids)
Ligand hydrogens to protein acceptors (mapping then atom ids)
Ligand shape atoms to protein points (mapping then atom ids & coords)
  8  9014 [ 15->(152.250 142.000 159.000)]
  9  9690 [ 16->(153.500 141.500 160.000)]
 10  8813 [ 18->(152.000 143.250 158.750)]
 12  6736 [ 21->(149.250 141.250 155.500)]
Chromosome values
Integers:
  -1   -1   -1   -1   -1   -1   -1   -1   -1   -1   -1   -1 
9013 9689 8812   -1 6735 
--------------------------------------------------------------------------------

Current Ranking  1  2

--------------------------------------------------------------------------------

* GA execution time :                                                           
  total  0.8683 user  0.8683 sys  0.0000

--------------------------------------------------------------------------------
Fitness function evaluations: 90357

--------------------------------------------------------------------------------
** Docking run number  3 **
--------------------------------------------------------------------------------
  Rank fitness base is 5000.00 ; increment is 11.2233

* Initialising population(s) ...                                                
Number of constraints mappings 0
Number of constraints 0
  Population no.                           :      1
  Population size                          :    100
  Number of duplicates                     :      0
  Number of niche violations               :      0
  Number of errors                         :   4281

Number of constraints mappings 0
Number of constraints 0
  Population no.                           :      2
  Population size                          :    100
  Number of duplicates                     :      0
  Number of niche violations               :      0
  Number of errors                         :   4204

Number of constraints mappings 0
Number of constraints 0
  Population no.                           :      3
  Population size                          :    100
  Number of duplicates                     :      0
  Number of niche violations               :      0
  Number of errors                         :   4208

Number of constraints mappings 0
Number of constraints 0
  Population no.                           :      4
  Population size                          :    100
  Number of duplicates                     :      0
  Number of niche violations               :      0
  Number of errors                         :   4246


Doing GA, no. of population(s) 4 size 100 selection pressure 1.100000

 Operation      Score     S(PLP)   S(hbond)     S(cho)   S(metal)  DE(clash)   DE(tors)     intcor
         0      21.63     -23.00       0.00       0.93       0.00       0.22       2.16       0.36
       850      22.00     -23.37       0.00       1.00       0.00       0.22       2.25       0.36
      2730      23.40     -24.38       0.14       0.00       0.00       0.00       0.89       0.36
      4185      23.57     -22.26       0.73       0.00       0.00       0.00       0.63       0.36
      4429      23.69     -23.90       0.35       0.00       0.00       0.00       0.81       0.36
      5550      24.03     -24.23       0.00       0.45       0.00       0.00       0.95       0.36
      5666      26.37     -26.17       0.70       0.56       0.00       0.00       1.96       0.36
      7345      28.96     -27.58       0.70       0.00       0.00       0.00       0.54       0.36
      9805      29.03     -29.75       0.00       0.00       0.00       0.00       0.54       0.36
     10633      29.16     -29.85       0.00       0.00       0.00       0.00       0.53       0.36
     14873      29.28     -29.92       0.00       0.00       0.00       0.00       0.50       0.36
     15054      30.13     -28.25       0.00       0.67       0.00       0.00       0.25       0.36
     16598      30.18     -26.29       0.00       1.39       0.00       0.00       0.32       0.36
     18652      31.06     -27.13       0.89       0.96       0.00       0.00       0.99       0.36
     22193      31.33     -28.34       1.36       0.00       0.00       0.00       0.73       0.36
     23031      31.36     -29.09       0.00       0.93       0.00       0.00       0.44       0.36
     23479      31.54     -27.85       0.80       0.93       0.00       0.00       0.93       0.36
     23955      31.77     -28.08       0.80       0.93       0.00       0.00       0.93       0.36
     24841      32.64     -28.44       1.73       0.00       0.00       0.00       0.68       0.36
     26301      32.74     -28.46       1.76       0.00       0.00       0.00       0.69       0.36
     38873      32.75     -28.25       1.83       0.00       0.00       0.00       0.67       0.35
     39230      33.41     -28.84       1.76       0.00       0.00       0.00       0.54       0.35
     42456      33.90     -24.33       3.00       0.50       0.00       0.00       0.63       0.35
--------------------------------------------------------------------------------
Best docking solution after GA:
     43000      33.90     -24.33       3.00       0.50       0.00       0.00       0.63       0.35

#ops:      43000 #mutates:  20423 #cross:    20443 #migrate:   2134 
#dups:      9787 #niche:    17735 #errors:    2865 
--------------------------------------------------------------------------------

Doing AMOEBA simplex on best individual
Done simplexing #iterations 838, best score  35.41

Ligand is stored in gold_soln_AV-procd_m2614_3.sdf


--------------------------------------------------------------------------------
--- CHEMPLP breakdown of terms                                               ---
--------------------------------------------------------------------------------
CHEMPLP = - ( 1.0000*S(PLP) + -3.0000*S(hbond) + -6.0000*S(metal) + -3.0000*S(cho) )

Score = CHEMPLP - 1.0000*DE(clash) - 2.0000*DE(tors)

Internal energy term has been corrected with the best internal energy encountered.

--------------------------------------------------------------------------------


     Score     S(PLP)   S(hbond)     S(cho)   S(metal)  DE(clash)   DE(tors)     intcor
     35.41     -25.29       2.95       0.66       0.00       0.00       0.52       0.35

--------------------------------------------------------------------------------
--- PLP analysis of protein-ligand interactions                              ---
--------------------------------------------------------------------------------
hydrogen bonding        :      -3.00
metal                   :       0.00
buried (polar-nonpolar) :      -2.24
nonpolar                :     -19.75
repulsive               :       0.20
--------------------------------------------------------------------------------


--------------------------------------------------------------------------------
--- ChemScore analysis of protein-ligand interactions                        ---
--------------------------------------------------------------------------------

* Hydrogen bonds                                                                
Ligand donor    8 hydrogen   33 Protein acceptor 7948 bond energy  1.00 wt 1.00
Protein donor 7997 hydrogen 8008 Ligand acceptor   17 bond energy  1.00 wt 1.00
Protein donor 10752 hydrogen 10765 Ligand acceptor   20 bond energy  1.00 wt 0.95


* CH..O interactions                                                            
  CH group selection                       : activated ring CH (adjacent to hetatom)
Ligand carbon   21 hydrogen   46 Protein acceptor 7949 bond energy  1.00 wt 0.66

--------------------------------------------------------------------------------


--------------------------------------------------------------------------------
--- Intra-ligand clashes                                                     ---
--------------------------------------------------------------------------------

Ligand
--------------------------------------------------------------------------------

--------------------------------------------------------------------------------
--- Rescoring solution                                                       ---
--------------------------------------------------------------------------------

     Score         DG    S(hbond)    S(metal)    S(lipo)     H(rot)  DE(clash)    DE(int)
     13.71     -15.97       1.75        0.00      75.18       1.62       0.22       2.03

Doing AMOEBA simplex on best individual
Done simplexing #iterations 773, best score  14.90

     Score         DG    S(hbond)    S(metal)    S(lipo)     H(rot)  DE(clash)    DE(int)
     14.90     -17.18       2.17        0.00      73.41       1.62       0.30       1.98

--------------------------------------------------------------------------------
--- ChemScore breakdown of terms                                             ---
--------------------------------------------------------------------------------
DG = -5.4800 + -3.3400*S(hbond)
     + -6.0300*S(metal) + -0.1170*S(lipo) + 2.5600*H(rot)


H(rot) = 1.6164

Score = -(DG + DE(clash) + DE(int))


--------------------------------------------------------------------------------


--------------------------------------------------------------------------------
--- ChemScore analysis of protein-ligand interactions                        ---
--------------------------------------------------------------------------------

* Hydrogen bonds                                                                
Ligand donor    8 hydrogen   33 Protein acceptor 7948 bond energy  1.00 wt 0.69
Protein donor 7997 hydrogen 8008 Ligand acceptor   17 bond energy  1.00 wt 0.98
Protein donor 10752 hydrogen 10765 Ligand acceptor   20 bond energy  1.00 wt 0.49

CHEMSCORE EXTRA INTERACTIONS:

* Clashes                                                                       
Clash for ligand atom   4 (**** ):   0.29
--------------------------------------------------------------------------------


--------------------------------------------------------------------------------
--- Chromosome decoded                                                       ---
--------------------------------------------------------------------------------
Ligand Torsions
[   1    2    5    6]   48.02
[   2    5    6    7]  -52.07
[   6    8    9   10] -132.37
[   8    9   10   21]  -72.30
[  19   14   13   12]  109.36
Protein Torsions
[6907 6896 6895 6894]   -6.53 
[7974 7965 7964 7962]  -20.82 
[8008 7997 7996 7995]  -87.75 
[10167 10162 10161 10158]   -1.35 
[10718 10713 10712 10709]   33.29 
[10763 10752 10751 10750] -150.79 
[11005 11000 10999 10996]    4.61 
Mapping
Ligand acceptors to protein hydrogens (mapping then atom ids)
Ligand hydrogens to protein acceptors (mapping then atom ids)
  1   7 [ 33->7948]
Ligand shape atoms to protein points (mapping then atom ids & coords)
  1  2630 [  1->(144.250 132.250 151.250)]
  3  2699 [  4->(144.250 133.750 150.250)]
Chromosome values
Integers:
  -1   -1   -1   -1    6 2629   -1 2698   -1   -1   -1   -1 
  -1   -1   -1   -1   -1 
--------------------------------------------------------------------------------

Current Ranking  1  2  3

--------------------------------------------------------------------------------

* GA execution time :                                                           
  total  0.8937 user  0.8937 sys  0.0000

--------------------------------------------------------------------------------
Fitness function evaluations: 91836

--------------------------------------------------------------------------------
** Docking run number  4 **
--------------------------------------------------------------------------------
  Rank fitness base is 5000.00 ; increment is 11.2233

* Initialising population(s) ...                                                
Number of constraints mappings 0
Number of constraints 0
  Population no.                           :      1
  Population size                          :    100
  Number of duplicates                     :      0
  Number of niche violations               :      0
  Number of errors                         :   4198

Number of constraints mappings 0
Number of constraints 0
  Population no.                           :      2
  Population size                          :    100
  Number of duplicates                     :      0
  Number of niche violations               :      0
  Number of errors                         :   4208

Number of constraints mappings 0
Number of constraints 0
  Population no.                           :      3
  Population size                          :    100
  Number of duplicates                     :      0
  Number of niche violations               :      0
  Number of errors                         :   4080

Number of constraints mappings 0
Number of constraints 0
  Population no.                           :      4
  Population size                          :    100
  Number of duplicates                     :      0
  Number of niche violations               :      0
  Number of errors                         :   4271


Doing GA, no. of population(s) 4 size 100 selection pressure 1.100000

 Operation      Score     S(PLP)   S(hbond)     S(cho)   S(metal)  DE(clash)   DE(tors)     intcor
         0      19.40     -17.01       0.00       1.00       0.00       0.00       0.48       0.35
        33      19.62     -17.26       0.00       1.00       0.00       0.00       0.50       0.35
      1072      24.08     -24.89       0.52       0.00       0.00       0.00       1.36       0.35
      3176      26.49     -26.90       0.52       0.00       0.00       0.00       1.16       0.35
      8778      27.41     -25.70       0.88       0.06       0.00       0.00       0.73       0.35
      8941      27.49     -27.29       0.66       0.00       0.00       0.00       1.06       0.35
     11187      28.34     -26.37       0.83       0.20       0.00       0.00       0.73       0.35
     12940      29.24     -29.87       0.22       0.00       0.00       0.00       0.82       0.35
     15240      29.47     -26.70       0.87       0.40       0.00       0.00       0.69       0.35
     17412      33.14     -30.12       0.82       0.54       0.00       0.00       0.69       0.35
     19588      33.95     -30.37       0.72       0.78       0.00       0.00       0.64       0.35
     21161      34.27     -30.13       0.59       0.99       0.00       0.00       0.47       0.35
     26221      34.63     -30.86       0.67       0.83       0.00       0.00       0.53       0.35
     32236      34.75     -30.70       0.74       0.91       0.00       0.00       0.63       0.35
     33429      35.19     -31.04       0.66       0.90       0.00       0.00       0.43       0.35
     35181      35.51     -31.19       0.61       0.98       0.00       0.00       0.39       0.35
     35681      35.77     -31.30       0.66       0.98       0.00       0.00       0.39       0.35
     39645      35.90     -34.92       0.57       0.00       0.00       0.00       0.53       0.35
     40493      36.33     -34.92       0.71       0.00       0.00       0.00       0.53       0.35
     42029      36.98     -31.98       0.93       1.00       0.00       0.00       0.57       0.35
     42130      36.98     -34.27       1.24       0.00       0.00       0.00       0.67       0.35
     42433      37.10     -35.88       0.64       0.00       0.00       0.00       0.53       0.35
     42663      37.22     -34.50       1.21       0.00       0.00       0.00       0.63       0.35
--------------------------------------------------------------------------------
Best docking solution after GA:
     43000      37.22     -34.50       1.21       0.00       0.00       0.00       0.63       0.35

#ops:      43000 #mutates:  20582 #cross:    20326 #migrate:   2092 
#dups:      8253 #niche:    17296 #errors:    4120 
--------------------------------------------------------------------------------

Doing AMOEBA simplex on best individual
Done simplexing #iterations 1108, best score  42.15

Ligand is stored in gold_soln_AV-procd_m2614_4.sdf


--------------------------------------------------------------------------------
--- CHEMPLP breakdown of terms                                               ---
--------------------------------------------------------------------------------
CHEMPLP = - ( 1.0000*S(PLP) + -3.0000*S(hbond) + -6.0000*S(metal) + -3.0000*S(cho) )

Score = CHEMPLP - 1.0000*DE(clash) - 2.0000*DE(tors)

Internal energy term has been corrected with the best internal energy encountered.

--------------------------------------------------------------------------------


     Score     S(PLP)   S(hbond)     S(cho)   S(metal)  DE(clash)   DE(tors)     intcor
     42.15     -37.52       1.94       0.00       0.00       0.00       0.76       0.35

--------------------------------------------------------------------------------
--- PLP analysis of protein-ligand interactions                              ---
--------------------------------------------------------------------------------
hydrogen bonding        :      -3.00
metal                   :       0.00
buried (polar-nonpolar) :      -2.24
nonpolar                :     -31.71
repulsive               :       0.20
--------------------------------------------------------------------------------


--------------------------------------------------------------------------------
--- ChemScore analysis of protein-ligand interactions                        ---
--------------------------------------------------------------------------------

* Hydrogen bonds                                                                
Protein donor 7997 hydrogen 8010 Ligand acceptor   20 bond energy  1.00 wt 1.00
Protein donor 10752 hydrogen 10763 Ligand acceptor    7 bond energy  1.00 wt 0.94


* CH..O interactions                                                            
  CH group selection                       : activated ring CH (adjacent to hetatom)

--------------------------------------------------------------------------------


--------------------------------------------------------------------------------
--- Intra-ligand clashes                                                     ---
--------------------------------------------------------------------------------

Ligand
--------------------------------------------------------------------------------

--------------------------------------------------------------------------------
--- Rescoring solution                                                       ---
--------------------------------------------------------------------------------

     Score         DG    S(hbond)    S(metal)    S(lipo)     H(rot)  DE(clash)    DE(int)
     11.21     -14.17       0.59        0.00      92.69       1.62       0.05       2.91

Doing AMOEBA simplex on best individual
Done simplexing #iterations 872, best score  13.48

     Score         DG    S(hbond)    S(metal)    S(lipo)     H(rot)  DE(clash)    DE(int)
     13.48     -15.83       0.90        0.00      97.98       1.62       0.31       2.04

--------------------------------------------------------------------------------
--- ChemScore breakdown of terms                                             ---
--------------------------------------------------------------------------------
DG = -5.4800 + -3.3400*S(hbond)
     + -6.0300*S(metal) + -0.1170*S(lipo) + 2.5600*H(rot)


H(rot) = 1.6164

Score = -(DG + DE(clash) + DE(int))


--------------------------------------------------------------------------------


--------------------------------------------------------------------------------
--- ChemScore analysis of protein-ligand interactions                        ---
--------------------------------------------------------------------------------

* Hydrogen bonds                                                                
Protein donor 7997 hydrogen 8010 Ligand acceptor   20 bond energy  1.00 wt 0.03
Protein donor 10752 hydrogen 10763 Ligand acceptor    7 bond energy  1.00 wt 0.87

CHEMSCORE EXTRA INTERACTIONS:

* Clashes                                                                       
Clash for ligand atom   7 (**** ):   0.28
Clash for ligand atom  14 (**** ):   0.01
Clash for ligand atom  21 (**** ):   0.03
--------------------------------------------------------------------------------


--------------------------------------------------------------------------------
--- Chromosome decoded                                                       ---
--------------------------------------------------------------------------------
Ligand Torsions
[   1    2    5    6] -176.99
[   2    5    6    7]  -17.11
[   6    8    9   10] -104.77
[   8    9   10   21]  110.98
[  19   14   13   12]    3.18
Protein Torsions
[6907 6896 6895 6894]  179.84 
[7974 7965 7964 7962]   -6.52 
[8008 7997 7996 7995]   43.66 
[10167 10162 10161 10158]   62.02 
[10718 10713 10712 10709] -143.26 
[10763 10752 10751 10750]   74.41 
[11005 11000 10999 10996]  -48.96 
Mapping
Ligand acceptors to protein hydrogens (mapping then atom ids)
  4  21 [ 20->8010]
Ligand hydrogens to protein acceptors (mapping then atom ids)
Ligand shape atoms to protein points (mapping then atom ids & coords)
  5  8226 [  9->(151.500 138.500 155.250)]
 10  8299 [ 18->(151.500 143.500 158.500)]
Chromosome values
Integers:
  -1   -1   -1   20   -1   -1   -1   -1   -1 8225   -1   -1 
  -1   -1 8298   -1   -1 
--------------------------------------------------------------------------------

Current Ranking  4  1  2  3

--------------------------------------------------------------------------------

* GA execution time :                                                           
  total  0.8847 user  0.8807 sys  0.0040

--------------------------------------------------------------------------------
Fitness function evaluations: 92618

--------------------------------------------------------------------------------
** Docking run number  5 **
--------------------------------------------------------------------------------
  Rank fitness base is 5000.00 ; increment is 11.2233

* Initialising population(s) ...                                                
Number of constraints mappings 0
Number of constraints 0
  Population no.                           :      1
  Population size                          :    100
  Number of duplicates                     :      0
  Number of niche violations               :      0
  Number of errors                         :   4133

Number of constraints mappings 0
Number of constraints 0
  Population no.                           :      2
  Population size                          :    100
  Number of duplicates                     :      0
  Number of niche violations               :      0
  Number of errors                         :   4289

Number of constraints mappings 0
Number of constraints 0
  Population no.                           :      3
  Population size                          :    100
  Number of duplicates                     :      0
  Number of niche violations               :      0
  Number of errors                         :   4115

Number of constraints mappings 0
Number of constraints 0
  Population no.                           :      4
  Population size                          :    100
  Number of duplicates                     :      0
  Number of niche violations               :      0
  Number of errors                         :   4459


Doing GA, no. of population(s) 4 size 100 selection pressure 1.100000

 Operation      Score     S(PLP)   S(hbond)     S(cho)   S(metal)  DE(clash)   DE(tors)     intcor
         0      19.93     -20.39       0.87       0.00       0.00       0.63       1.38       0.35
       258      21.04     -22.86       0.00       0.00       0.00       0.00       1.08       0.35
      2244      21.25     -21.42       0.85       0.00       0.00       0.63       1.22       0.35
      2706      21.96     -21.95       1.05       0.00       0.00       0.00       1.74       0.35
      4269      24.54     -26.12       0.00       0.00       0.00       0.00       0.96       0.35
      5633      26.46     -28.29       0.00       0.00       0.00       0.00       1.09       0.35
      7014      28.01     -27.94       0.85       0.00       0.00       1.59       0.61       0.35
      8133      29.14     -27.48       1.00       0.00       0.00       0.00       0.84       0.35
      8841      33.49     -31.02       1.03       0.00       0.00       0.00       0.48       0.35
     12113      34.90     -30.35       1.72       0.00       0.00       0.00       0.48       0.35
     12714      35.01     -31.09       1.51       0.00       0.00       0.00       0.48       0.35
     12842      35.21     -31.02       1.60       0.00       0.00       0.00       0.48       0.35
     13177      35.66     -31.02       1.75       0.00       0.00       0.00       0.48       0.35
     13429      36.02     -31.09       1.85       0.00       0.00       0.00       0.48       0.35
     14705      36.26     -31.02       1.95       0.00       0.00       0.00       0.48       0.35
     15509      36.46     -31.04       1.95       0.00       0.00       0.00       0.39       0.35
     17156      37.51     -33.44       1.90       0.00       0.00       0.00       0.99       0.35
     17694      39.13     -33.69       2.00       0.00       0.00       0.00       0.45       0.35
     19386      39.78     -35.32       1.84       0.00       0.00       0.00       0.70       0.35
     21054      40.11     -34.94       2.00       0.00       0.00       0.00       0.59       0.35
     21687      40.83     -35.74       2.00       0.00       0.00       0.00       0.63       0.35
     23146      41.22     -35.82       2.00       0.00       0.00       0.00       0.47       0.35
     23863      41.75     -36.99       2.00       0.00       0.00       0.00       0.79       0.35
     27463      42.27     -37.92       2.00       0.00       0.00       0.00       1.00       0.35
     27583      42.33     -37.99       2.00       0.00       0.00       0.00       1.00       0.35
     32341      42.33     -37.91       2.00       0.00       0.00       0.00       0.97       0.35
--------------------------------------------------------------------------------
Best docking solution after GA:
     43000      42.33     -37.91       2.00       0.00       0.00       0.00       0.97       0.35

#ops:      43000 #mutates:  20536 #cross:    20342 #migrate:   2122 
#dups:     13519 #niche:    23099 #errors:    2213 
--------------------------------------------------------------------------------

Doing AMOEBA simplex on best individual
Done simplexing #iterations 647, best score  43.42

Ligand is stored in gold_soln_AV-procd_m2614_5.sdf


--------------------------------------------------------------------------------
--- CHEMPLP breakdown of terms                                               ---
--------------------------------------------------------------------------------
CHEMPLP = - ( 1.0000*S(PLP) + -3.0000*S(hbond) + -6.0000*S(metal) + -3.0000*S(cho) )

Score = CHEMPLP - 1.0000*DE(clash) - 2.0000*DE(tors)

Internal energy term has been corrected with the best internal energy encountered.

--------------------------------------------------------------------------------


     Score     S(PLP)   S(hbond)     S(cho)   S(metal)  DE(clash)   DE(tors)     intcor
     43.42     -39.00       2.00       0.00       0.00       0.00       0.96       0.35

--------------------------------------------------------------------------------
--- PLP analysis of protein-ligand interactions                              ---
--------------------------------------------------------------------------------
hydrogen bonding        :      -2.76
metal                   :       0.00
buried (polar-nonpolar) :      -2.59
nonpolar                :     -33.81
repulsive               :       0.11
--------------------------------------------------------------------------------


--------------------------------------------------------------------------------
--- ChemScore analysis of protein-ligand interactions                        ---
--------------------------------------------------------------------------------

* Hydrogen bonds                                                                
Ligand donor    8 hydrogen   33 Protein acceptor 7948 bond energy  1.00 wt 1.00
Protein donor 7997 hydrogen 8009 Ligand acceptor   20 bond energy  1.00 wt 1.00


* CH..O interactions                                                            
  CH group selection                       : activated ring CH (adjacent to hetatom)

--------------------------------------------------------------------------------


--------------------------------------------------------------------------------
--- Intra-ligand clashes                                                     ---
--------------------------------------------------------------------------------

Ligand
--------------------------------------------------------------------------------

--------------------------------------------------------------------------------
--- Rescoring solution                                                       ---
--------------------------------------------------------------------------------

     Score         DG    S(hbond)    S(metal)    S(lipo)     H(rot)  DE(clash)    DE(int)
     12.66     -15.03       0.69        0.00      97.20       1.62       0.03       2.33

Doing AMOEBA simplex on best individual
Done simplexing #iterations 920, best score  16.51

     Score         DG    S(hbond)    S(metal)    S(lipo)     H(rot)  DE(clash)    DE(int)
     16.51     -17.66       1.43        0.00      98.50       1.62       0.18       0.97

--------------------------------------------------------------------------------
--- ChemScore breakdown of terms                                             ---
--------------------------------------------------------------------------------
DG = -5.4800 + -3.3400*S(hbond)
     + -6.0300*S(metal) + -0.1170*S(lipo) + 2.5600*H(rot)


H(rot) = 1.6164

Score = -(DG + DE(clash) + DE(int))


--------------------------------------------------------------------------------


--------------------------------------------------------------------------------
--- ChemScore analysis of protein-ligand interactions                        ---
--------------------------------------------------------------------------------

* Hydrogen bonds                                                                
Ligand donor    8 hydrogen   33 Protein acceptor 7948 bond energy  1.00 wt 0.71
Protein donor 7997 hydrogen 8009 Ligand acceptor   20 bond energy  1.00 wt 0.73

CHEMSCORE EXTRA INTERACTIONS:

* Clashes                                                                       
Clash for ligand atom   9 (**** ):   0.04
Clash for ligand atom  13 (**** ):   0.01
Clash for ligand atom  14 (**** ):   0.12
--------------------------------------------------------------------------------


--------------------------------------------------------------------------------
--- Chromosome decoded                                                       ---
--------------------------------------------------------------------------------
Ligand Torsions
[   1    2    5    6]  -80.28
[   2    5    6    7]  -84.19
[   6    8    9   10]  -59.50
[   8    9   10   21]  106.35
[  19   14   13   12]  -13.26
Protein Torsions
[6907 6896 6895 6894]  -17.18 
[7974 7965 7964 7962]   -7.95 
[8008 7997 7996 7995]  172.19 
[10167 10162 10161 10158]  108.50 
[10718 10713 10712 10709]  143.79 
[10763 10752 10751 10750]  145.18 
[11005 11000 10999 10996]  148.01 
Mapping
Ligand acceptors to protein hydrogens (mapping then atom ids)
Ligand hydrogens to protein acceptors (mapping then atom ids)
  1   7 [ 33->7948]
Ligand shape atoms to protein points (mapping then atom ids & coords)
  5  7484 [  9->(150.750 138.500 155.250)]
  8  8513 [ 15->(151.750 142.000 159.250)]
  9  9688 [ 16->(153.500 141.250 160.500)]
 10  7562 [ 18->(150.750 143.750 157.750)]
 11  8516 [ 19->(151.750 142.250 158.750)]
Chromosome values
Integers:
  -1   -1   -1   -1    6   -1   -1   -1   -1 7483   -1   -1 
8512 9687 7561 8515   -1 
--------------------------------------------------------------------------------

Current Ranking  5  4  1  2  3

--------------------------------------------------------------------------------

* GA execution time :                                                           
  total  0.9015 user  0.9015 sys  0.0000

--------------------------------------------------------------------------------
Fitness function evaluations: 90657

--------------------------------------------------------------------------------
** Docking run number  6 **
--------------------------------------------------------------------------------
  Rank fitness base is 5000.00 ; increment is 11.2233

* Initialising population(s) ...                                                
Number of constraints mappings 0
Number of constraints 0
  Population no.                           :      1
  Population size                          :    100
  Number of duplicates                     :      0
  Number of niche violations               :      0
  Number of errors                         :   4213

Number of constraints mappings 0
Number of constraints 0
  Population no.                           :      2
  Population size                          :    100
  Number of duplicates                     :      0
  Number of niche violations               :      0
  Number of errors                         :   4286

Number of constraints mappings 0
Number of constraints 0
  Population no.                           :      3
  Population size                          :    100
  Number of duplicates                     :      0
  Number of niche violations               :      0
  Number of errors                         :   4112

Number of constraints mappings 0
Number of constraints 0
  Population no.                           :      4
  Population size                          :    100
  Number of duplicates                     :      0
  Number of niche violations               :      0
  Number of errors                         :   4189


Doing GA, no. of population(s) 4 size 100 selection pressure 1.100000

 Operation      Score     S(PLP)   S(hbond)     S(cho)   S(metal)  DE(clash)   DE(tors)     intcor
         0      21.88     -22.80       0.21       0.00       0.00       0.00       0.94       0.35
      1506      22.42     -24.33       0.00       0.00       0.00       0.00       1.13       0.35
      1738      23.22     -25.13       0.00       0.00       0.00       0.00       1.13       0.35
      2170      23.64     -23.64       0.99       0.00       0.00       0.00       1.66       0.35
      3468      24.32     -23.09       1.00       0.00       0.00       0.00       1.06       0.35
      4045      26.01     -27.91       0.00       0.00       0.00       0.00       1.13       0.35
      4810      26.01     -27.91       0.00       0.00       0.00       0.00       1.13       0.35
      6073      26.05     -24.29       0.00       1.00       0.00       0.00       0.79       0.35
      7274      26.94     -19.81       1.78       1.00       0.00       0.00       0.78       0.35
      8183      27.82     -26.37       0.75       0.00       0.00       0.00       0.58       0.35
      8517      29.67     -25.72       0.88       0.93       0.00       0.00       0.91       0.35
      8559      30.96     -31.38       0.23       0.00       0.00       0.00       0.74       0.35
      8759      33.25     -31.38       1.00       0.00       0.00       0.00       0.74       0.35
     12880      33.27     -28.08       2.00       0.00       0.00       0.00       0.58       0.35
     13096      36.77     -34.08       1.31       0.00       0.00       0.00       0.79       0.35
     16507      37.73     -34.53       1.35       0.00       0.00       0.00       0.60       0.35
     19683      38.86     -34.94       1.59       0.00       0.00       0.00       0.60       0.35
     22110      38.87     -34.82       1.63       0.00       0.00       0.00       0.59       0.35
     23463      38.90     -35.45       1.59       0.00       0.00       0.00       0.84       0.35
     26100      38.98     -35.42       1.63       0.00       0.00       0.00       0.83       0.35
     26381      39.11     -32.49       2.80       0.00       0.00       0.00       1.06       0.35
     26680      39.14     -32.61       2.65       0.00       0.00       0.00       0.89       0.35
     27417      39.44     -32.70       2.78       0.00       0.00       0.00       0.97       0.35
     29408      39.81     -33.03       2.78       0.00       0.00       0.00       0.95       0.35
     39292      39.98     -32.56       3.00       0.00       0.00       0.00       0.96       0.35
     41124      40.03     -32.56       3.00       0.00       0.00       0.00       0.94       0.35
     41125      40.14     -32.51       3.00       0.00       0.00       0.00       0.86       0.35
--------------------------------------------------------------------------------
Best docking solution after GA:
     43000      40.14     -32.51       3.00       0.00       0.00       0.00       0.86       0.35

#ops:      43000 #mutates:  20415 #cross:    20421 #migrate:   2164 
#dups:     10274 #niche:    20495 #errors:    2341 
--------------------------------------------------------------------------------

Doing AMOEBA simplex on best individual
Done simplexing #iterations 416, best score  41.43

Ligand is stored in gold_soln_AV-procd_m2614_6.sdf


--------------------------------------------------------------------------------
--- CHEMPLP breakdown of terms                                               ---
--------------------------------------------------------------------------------
CHEMPLP = - ( 1.0000*S(PLP) + -3.0000*S(hbond) + -6.0000*S(metal) + -3.0000*S(cho) )

Score = CHEMPLP - 1.0000*DE(clash) - 2.0000*DE(tors)

Internal energy term has been corrected with the best internal energy encountered.

--------------------------------------------------------------------------------


     Score     S(PLP)   S(hbond)     S(cho)   S(metal)  DE(clash)   DE(tors)     intcor
     41.43     -33.94       3.00       0.00       0.00       0.00       0.93       0.35

--------------------------------------------------------------------------------
--- PLP analysis of protein-ligand interactions                              ---
--------------------------------------------------------------------------------
hydrogen bonding        :      -4.00
metal                   :       0.00
buried (polar-nonpolar) :      -2.75
nonpolar                :     -26.60
repulsive               :       0.13
--------------------------------------------------------------------------------


--------------------------------------------------------------------------------
--- ChemScore analysis of protein-ligand interactions                        ---
--------------------------------------------------------------------------------

* Hydrogen bonds                                                                
Ligand donor    8 hydrogen   33 Protein acceptor 7948 bond energy  1.00 wt 1.00
Protein donor 7997 hydrogen 8009 Ligand acceptor   20 bond energy  1.00 wt 1.00
Protein donor 10752 hydrogen 10765 Ligand acceptor    7 bond energy  1.00 wt 1.00


* CH..O interactions                                                            
  CH group selection                       : activated ring CH (adjacent to hetatom)

--------------------------------------------------------------------------------


--------------------------------------------------------------------------------
--- Intra-ligand clashes                                                     ---
--------------------------------------------------------------------------------

Ligand
--------------------------------------------------------------------------------

--------------------------------------------------------------------------------
--- Rescoring solution                                                       ---
--------------------------------------------------------------------------------

     Score         DG    S(hbond)    S(metal)    S(lipo)     H(rot)  DE(clash)    DE(int)
     11.41     -16.24       1.43        0.00      86.61       1.62       0.61       4.22

Doing AMOEBA simplex on best individual
Done simplexing #iterations 765, best score  16.05

     Score         DG    S(hbond)    S(metal)    S(lipo)     H(rot)  DE(clash)    DE(int)
     16.05     -19.01       2.20        0.00      88.23       1.62       0.03       2.93

--------------------------------------------------------------------------------
--- ChemScore breakdown of terms                                             ---
--------------------------------------------------------------------------------
DG = -5.4800 + -3.3400*S(hbond)
     + -6.0300*S(metal) + -0.1170*S(lipo) + 2.5600*H(rot)


H(rot) = 1.6164

Score = -(DG + DE(clash) + DE(int))


--------------------------------------------------------------------------------


--------------------------------------------------------------------------------
--- ChemScore analysis of protein-ligand interactions                        ---
--------------------------------------------------------------------------------

* Hydrogen bonds                                                                
Ligand donor    8 hydrogen   33 Protein acceptor 7948 bond energy  1.00 wt 0.57
Protein donor 7997 hydrogen 8009 Ligand acceptor   20 bond energy  1.00 wt 0.65
Protein donor 10752 hydrogen 10765 Ligand acceptor    7 bond energy  1.00 wt 0.98

CHEMSCORE EXTRA INTERACTIONS:

* Clashes                                                                       
Clash for ligand atom   9 (**** ):   0.03
--------------------------------------------------------------------------------


--------------------------------------------------------------------------------
--- Chromosome decoded                                                       ---
--------------------------------------------------------------------------------
Ligand Torsions
[   1    2    5    6] -174.29
[   2    5    6    7]   80.42
[   6    8    9   10]  -51.00
[   8    9   10   21]   88.83
[  19   14   13   12]   -4.06
Protein Torsions
[6907 6896 6895 6894]   -1.99 
[7974 7965 7964 7962]  -56.47 
[8008 7997 7996 7995]  161.21 
[10167 10162 10161 10158] -113.90 
[10718 10713 10712 10709]  -98.41 
[10763 10752 10751 10750] -143.86 
[11005 11000 10999 10996]  -16.16 
Mapping
Ligand acceptors to protein hydrogens (mapping then atom ids)
Ligand hydrogens to protein acceptors (mapping then atom ids)
  1   7 [ 33->7948]
Ligand shape atoms to protein points (mapping then atom ids & coords)
  5  7276 [  9->(150.500 138.250 155.000)]
  8  9207 [ 15->(152.500 141.000 159.500)]
  9  9208 [ 16->(152.500 141.250 159.250)]
 10  9561 [ 18->(153.000 142.750 160.000)]
 11  8819 [ 19->(152.000 143.250 160.250)]
Chromosome values
Integers:
  -1   -1   -1   -1    6   -1   -1   -1   -1 7275   -1   -1 
9206 9207 9560 8818   -1 
--------------------------------------------------------------------------------

Current Ranking  5  4  6  1  2  3

--------------------------------------------------------------------------------

* GA execution time :                                                           
  total  0.8910 user  0.8910 sys  0.0000

--------------------------------------------------------------------------------
Fitness function evaluations: 90454

--------------------------------------------------------------------------------
** Docking run number  7 **
--------------------------------------------------------------------------------
  Rank fitness base is 5000.00 ; increment is 11.2233

* Initialising population(s) ...                                                
Number of constraints mappings 0
Number of constraints 0
  Population no.                           :      1
  Population size                          :    100
  Number of duplicates                     :      0
  Number of niche violations               :      0
  Number of errors                         :   4187

Number of constraints mappings 0
Number of constraints 0
  Population no.                           :      2
  Population size                          :    100
  Number of duplicates                     :      0
  Number of niche violations               :      0
  Number of errors                         :   4109

Number of constraints mappings 0
Number of constraints 0
  Population no.                           :      3
  Population size                          :    100
  Number of duplicates                     :      0
  Number of niche violations               :      0
  Number of errors                         :   4132

Number of constraints mappings 0
Number of constraints 0
  Population no.                           :      4
  Population size                          :    100
  Number of duplicates                     :      0
  Number of niche violations               :      0
  Number of errors                         :   4436


Doing GA, no. of population(s) 4 size 100 selection pressure 1.100000

 Operation      Score     S(PLP)   S(hbond)     S(cho)   S(metal)  DE(clash)   DE(tors)     intcor
         0      16.96     -24.70       0.00       0.00       0.00       4.40       1.85       0.35
       215      22.06     -24.84       0.00       0.00       0.00       0.95       1.09       0.35
       727      22.95     -25.13       0.00       0.00       0.00       0.00       1.26       0.35
      1255      26.15     -29.26       0.00       0.00       0.00       0.00       1.73       0.35
      3607      26.28     -28.84       0.00       0.00       0.00       0.00       1.46       0.35
      4548      27.73     -30.05       0.00       0.00       0.00       0.00       1.34       0.35
      5199      28.57     -31.35       0.00       0.00       0.00       0.00       1.56       0.35
      8559      28.77     -24.21       1.00       1.79       0.00       2.91       0.62       0.35
      9803      29.24     -24.58       1.00       1.82       0.00       2.91       0.62       0.35
     10483      34.31     -26.80       1.00       1.75       0.00       0.00       0.54       0.35
     13391      34.35     -27.38       1.00       1.61       0.00       0.00       0.60       0.35
     13727      34.48     -27.64       1.00       1.56       0.00       0.00       0.60       0.35
     15991      34.55     -26.77       1.00       1.75       0.00       0.00       0.41       0.35
     23083      34.66     -27.60       1.00       1.56       0.00       0.00       0.49       0.35
     24286      35.28     -28.17       1.00       1.56       0.00       0.00       0.46       0.35
     28570      35.39     -28.32       1.00       1.56       0.00       0.00       0.49       0.35
     34129      35.68     -29.00       1.00       1.47       0.00       0.00       0.54       0.35
     35201      35.73     -29.06       1.00       1.47       0.00       0.00       0.55       0.35
     41111      35.75     -29.06       1.00       1.47       0.00       0.00       0.53       0.35
     41456      35.77     -28.58       1.00       1.61       0.00       0.00       0.50       0.35
--------------------------------------------------------------------------------
Best docking solution after GA:
     43000      35.77     -28.58       1.00       1.61       0.00       0.00       0.50       0.35

#ops:      43000 #mutates:  20591 #cross:    20291 #migrate:   2118 
#dups:     10456 #niche:    18495 #errors:    4560 
--------------------------------------------------------------------------------

Doing AMOEBA simplex on best individual
Done simplexing #iterations 359, best score  36.73

Ligand is stored in gold_soln_AV-procd_m2614_7.sdf


--------------------------------------------------------------------------------
--- CHEMPLP breakdown of terms                                               ---
--------------------------------------------------------------------------------
CHEMPLP = - ( 1.0000*S(PLP) + -3.0000*S(hbond) + -6.0000*S(metal) + -3.0000*S(cho) )

Score = CHEMPLP - 1.0000*DE(clash) - 2.0000*DE(tors)

Internal energy term has been corrected with the best internal energy encountered.

--------------------------------------------------------------------------------


     Score     S(PLP)   S(hbond)     S(cho)   S(metal)  DE(clash)   DE(tors)     intcor
     36.73     -29.40       1.00       1.67       0.00       0.00       0.51       0.35

--------------------------------------------------------------------------------
--- PLP analysis of protein-ligand interactions                              ---
--------------------------------------------------------------------------------
hydrogen bonding        :      -1.00
metal                   :       0.00
buried (polar-nonpolar) :      -6.18
nonpolar                :     -22.75
repulsive               :       0.44
--------------------------------------------------------------------------------


--------------------------------------------------------------------------------
--- ChemScore analysis of protein-ligand interactions                        ---
--------------------------------------------------------------------------------

* Hydrogen bonds                                                                
Ligand donor    8 hydrogen   33 Protein acceptor 10175 bond energy  1.00 wt 1.00


* CH..O interactions                                                            
  CH group selection                       : activated ring CH (adjacent to hetatom)
Ligand carbon   21 hydrogen   46 Protein acceptor 10171 bond energy  1.00 wt 0.67
Ligand carbon   21 hydrogen   46 Protein acceptor 10175 bond energy  1.00 wt 1.00

--------------------------------------------------------------------------------


--------------------------------------------------------------------------------
--- Intra-ligand clashes                                                     ---
--------------------------------------------------------------------------------

Ligand
--------------------------------------------------------------------------------

--------------------------------------------------------------------------------
--- Rescoring solution                                                       ---
--------------------------------------------------------------------------------

     Score         DG    S(hbond)    S(metal)    S(lipo)     H(rot)  DE(clash)    DE(int)
      9.40     -11.65       1.00        0.00      59.60       1.62       0.73       1.52

Doing AMOEBA simplex on best individual
Done simplexing #iterations 614, best score  11.29

     Score         DG    S(hbond)    S(metal)    S(lipo)     H(rot)  DE(clash)    DE(int)
     11.29     -11.89       0.99        0.00      61.81       1.62       0.02       0.58

--------------------------------------------------------------------------------
--- ChemScore breakdown of terms                                             ---
--------------------------------------------------------------------------------
DG = -5.4800 + -3.3400*S(hbond)
     + -6.0300*S(metal) + -0.1170*S(lipo) + 2.5600*H(rot)


H(rot) = 1.6164

Score = -(DG + DE(clash) + DE(int))


--------------------------------------------------------------------------------


--------------------------------------------------------------------------------
--- ChemScore analysis of protein-ligand interactions                        ---
--------------------------------------------------------------------------------

* Hydrogen bonds                                                                
Ligand donor    8 hydrogen   33 Protein acceptor 10175 bond energy  1.00 wt 0.99

CHEMSCORE EXTRA INTERACTIONS:

* Clashes                                                                       
Clash for ligand atom  21 (**** ):   0.02
--------------------------------------------------------------------------------


--------------------------------------------------------------------------------
--- Chromosome decoded                                                       ---
--------------------------------------------------------------------------------
Ligand Torsions
[   1    2    5    6] -174.48
[   2    5    6    7]  -60.08
[   6    8    9   10] -121.36
[   8    9   10   21]  -38.23
[  19   14   13   12]   49.61
Protein Torsions
[6907 6896 6895 6894] -174.83 
[7974 7965 7964 7962]  -84.16 
[8008 7997 7996 7995]  134.88 
[10167 10162 10161 10158]  -85.19 
[10718 10713 10712 10709] -103.74 
[10763 10752 10751 10750]  -75.06 
[11005 11000 10999 10996] -157.55 
Mapping
Ligand acceptors to protein hydrogens (mapping then atom ids)
Ligand hydrogens to protein acceptors (mapping then atom ids)
  1  24 [ 33->10175]
Ligand shape atoms to protein points (mapping then atom ids & coords)
  8  4516 [ 15->(146.000 133.750 151.250)]
 10  2614 [ 18->(144.250 131.750 150.750)]
 11  2482 [ 19->(144.000 133.250 151.000)]
Chromosome values
Integers:
  -1   -1   -1   -1   23   -1   -1   -1   -1   -1   -1   -1 
4515   -1 2613 2481   -1 
--------------------------------------------------------------------------------

Current Ranking  5  4  6  1  7  2  3

--------------------------------------------------------------------------------

* GA execution time :                                                           
  total  0.8334 user  0.8334 sys  0.0000

--------------------------------------------------------------------------------
Fitness function evaluations: 89694

--------------------------------------------------------------------------------
** Docking run number  8 **
--------------------------------------------------------------------------------
  Rank fitness base is 5000.00 ; increment is 11.2233

* Initialising population(s) ...                                                
Number of constraints mappings 0
Number of constraints 0
  Population no.                           :      1
  Population size                          :    100
  Number of duplicates                     :      0
  Number of niche violations               :      0
  Number of errors                         :   4080

Number of constraints mappings 0
Number of constraints 0
  Population no.                           :      2
  Population size                          :    100
  Number of duplicates                     :      0
  Number of niche violations               :      0
  Number of errors                         :   4387

Number of constraints mappings 0
Number of constraints 0
  Population no.                           :      3
  Population size                          :    100
  Number of duplicates                     :      0
  Number of niche violations               :      0
  Number of errors                         :   4354

Number of constraints mappings 0
Number of constraints 0
  Population no.                           :      4
  Population size                          :    100
  Number of duplicates                     :      0
  Number of niche violations               :      0
  Number of errors                         :   4111


Doing GA, no. of population(s) 4 size 100 selection pressure 1.100000

 Operation      Score     S(PLP)   S(hbond)     S(cho)   S(metal)  DE(clash)   DE(tors)     intcor
         0      19.25     -19.23       0.00       0.48       0.00       0.00       0.89       0.35
       550      20.29     -20.81       0.00       0.00       0.00       0.00       0.44       0.35
      1158      20.95     -23.39       0.00       0.00       0.00       0.00       1.40       0.35
      1614      21.97     -22.71       0.62       0.00       0.00       0.00       1.48       0.35
      2249      23.82     -25.63       0.64       0.00       0.00       0.00       2.03       0.35
      3182      24.31     -24.52       1.00       0.00       0.00       0.00       1.78       0.35
      3809      25.04     -23.15       1.00       0.00       0.00       0.00       0.73       0.35
      4105      25.04     -23.15       1.00       0.00       0.00       0.00       0.73       0.35
      4108      25.62     -27.56       0.70       0.00       0.00       0.00       2.20       0.35
      5604      25.79     -27.82       0.67       0.00       0.00       0.00       2.20       0.35
      5935      26.18     -26.79       1.00       0.00       0.00       0.00       1.98       0.35
      6474      26.51     -27.56       1.00       0.00       0.00       0.00       2.20       0.35
      6811      26.58     -25.02       1.00       0.00       0.00       0.00       0.90       0.35
      7537      36.91     -35.32       1.34       0.00       0.00       0.00       1.38       0.35
     11581      38.30     -34.86       1.42       0.00       0.00       0.00       0.58       0.35
     11824      38.61     -36.85       1.35       0.00       0.00       0.00       1.33       0.35
     14884      38.63     -36.85       1.36       0.00       0.00       0.00       1.33       0.35
     20813      38.73     -35.44       1.39       0.00       0.00       0.00       0.61       0.35
     24616      39.04     -35.66       1.36       0.00       0.00       0.00       0.52       0.35
     26191      39.73     -37.74       1.41       0.00       0.00       0.00       1.29       0.35
     27139      39.87     -36.56       1.35       0.00       0.00       0.00       0.55       0.35
     29791      39.97     -36.56       1.38       0.00       0.00       0.00       0.55       0.35
     32046      39.98     -36.56       1.39       0.00       0.00       0.00       0.55       0.35
     32654      40.09     -36.82       1.36       0.00       0.00       0.00       0.57       0.35
     33762      40.14     -36.82       1.37       0.00       0.00       0.00       0.57       0.35
     37863      40.15     -36.82       1.38       0.00       0.00       0.00       0.57       0.35
     39967      40.18     -36.96       1.38       0.00       0.00       0.00       0.63       0.35
     40003      40.18     -36.82       1.39       0.00       0.00       0.00       0.57       0.35
     40879      40.21     -36.96       1.39       0.00       0.00       0.00       0.63       0.35
     41203      40.36     -37.18       1.37       0.00       0.00       0.00       0.64       0.35
--------------------------------------------------------------------------------
Best docking solution after GA:
     43000      40.36     -37.18       1.37       0.00       0.00       0.00       0.64       0.35

#ops:      43000 #mutates:  20339 #cross:    20457 #migrate:   2204 
#dups:     11826 #niche:    21420 #errors:    2372 
--------------------------------------------------------------------------------

Doing AMOEBA simplex on best individual
Done simplexing #iterations 923, best score  41.96

Ligand is stored in gold_soln_AV-procd_m2614_8.sdf


--------------------------------------------------------------------------------
--- CHEMPLP breakdown of terms                                               ---
--------------------------------------------------------------------------------
CHEMPLP = - ( 1.0000*S(PLP) + -3.0000*S(hbond) + -6.0000*S(metal) + -3.0000*S(cho) )

Score = CHEMPLP - 1.0000*DE(clash) - 2.0000*DE(tors)

Internal energy term has been corrected with the best internal energy encountered.

--------------------------------------------------------------------------------


     Score     S(PLP)   S(hbond)     S(cho)   S(metal)  DE(clash)   DE(tors)     intcor
     41.96     -37.74       1.74       0.00       0.00       0.00       0.67       0.35

--------------------------------------------------------------------------------
--- PLP analysis of protein-ligand interactions                              ---
--------------------------------------------------------------------------------
hydrogen bonding        :      -2.67
metal                   :       0.00
buried (polar-nonpolar) :      -4.11
nonpolar                :     -31.45
repulsive               :       0.08
--------------------------------------------------------------------------------


--------------------------------------------------------------------------------
--- ChemScore analysis of protein-ligand interactions                        ---
--------------------------------------------------------------------------------

* Hydrogen bonds                                                                
Ligand donor    8 hydrogen   33 Protein acceptor 7948 bond energy  1.00 wt 1.00
Protein donor 7997 hydrogen 8009 Ligand acceptor   20 bond energy  1.00 wt 0.74


* CH..O interactions                                                            
  CH group selection                       : activated ring CH (adjacent to hetatom)

--------------------------------------------------------------------------------


--------------------------------------------------------------------------------
--- Intra-ligand clashes                                                     ---
--------------------------------------------------------------------------------

Ligand
--------------------------------------------------------------------------------

--------------------------------------------------------------------------------
--- Rescoring solution                                                       ---
--------------------------------------------------------------------------------

     Score         DG    S(hbond)    S(metal)    S(lipo)     H(rot)  DE(clash)    DE(int)
     12.55     -15.07       0.65        0.00      98.74       1.62       0.30       2.22

Doing AMOEBA simplex on best individual
Done simplexing #iterations 1057, best score  14.99

     Score         DG    S(hbond)    S(metal)    S(lipo)     H(rot)  DE(clash)    DE(int)
     14.99     -16.61       0.96        0.00     103.04       1.62       0.30       1.32

--------------------------------------------------------------------------------
--- ChemScore breakdown of terms                                             ---
--------------------------------------------------------------------------------
DG = -5.4800 + -3.3400*S(hbond)
     + -6.0300*S(metal) + -0.1170*S(lipo) + 2.5600*H(rot)


H(rot) = 1.6164

Score = -(DG + DE(clash) + DE(int))


--------------------------------------------------------------------------------


--------------------------------------------------------------------------------
--- ChemScore analysis of protein-ligand interactions                        ---
--------------------------------------------------------------------------------

* Hydrogen bonds                                                                
Ligand donor    8 hydrogen   33 Protein acceptor 7948 bond energy  1.00 wt 0.85
Protein donor 7997 hydrogen 8009 Ligand acceptor   20 bond energy  1.00 wt 0.11

CHEMSCORE EXTRA INTERACTIONS:

* Clashes                                                                       
Clash for ligand atom   4 (**** ):   0.13
Clash for ligand atom  15 (**** ):   0.16
Clash for ligand atom  20 (**** ):   0.01
--------------------------------------------------------------------------------


--------------------------------------------------------------------------------
--- Chromosome decoded                                                       ---
--------------------------------------------------------------------------------
Ligand Torsions
[   1    2    5    6]  166.90
[   2    5    6    7]  -84.05
[   6    8    9   10]  -56.69
[   8    9   10   21]  117.32
[  19   14   13   12]  164.85
Protein Torsions
[6907 6896 6895 6894]   54.34 
[7974 7965 7964 7962]   80.29 
[8008 7997 7996 7995]  165.19 
[10167 10162 10161 10158]    3.32 
[10718 10713 10712 10709]  161.73 
[10763 10752 10751 10750]  -55.92 
[11005 11000 10999 10996]  -70.62 
Mapping
Ligand acceptors to protein hydrogens (mapping then atom ids)
Ligand hydrogens to protein acceptors (mapping then atom ids)
  1   7 [ 33->7948]
Ligand shape atoms to protein points (mapping then atom ids & coords)
  7  6642 [ 12->(149.000 141.000 156.000)]
  8  8811 [ 15->(152.000 143.250 158.250)]
 10  9614 [ 18->(153.000 143.750 159.500)]
 11  9384 [ 19->(152.750 141.500 159.750)]
Chromosome values
Integers:
  -1   -1   -1   -1    6   -1   -1   -1   -1   -1   -1 6641 
8810   -1 9613 9383   -1 
--------------------------------------------------------------------------------

Current Ranking  5  4  8  6  1  7  2  3

Top  3 (of  8) solutions are within 1.500 RMSD, finishing docking /DATA2/COVID-19/PDBs_&_Models/AV-procd.sdf.


--------------------------------------------------------------------------------

* GA execution time :                                                           
  total  0.8883 user  0.8883 sys  0.0000

--------------------------------------------------------------------------------
Fitness function evaluations: 91624

--------------------------------------------------------------------------------
--- Ranking analysis                                                         ---
--------------------------------------------------------------------------------


* Final ranked order of GA solutions:                                           
   5  4  8  6  1  7  2  3 

  _______________________________
  RMSD Matrix of RANKED solutions

        2    3    4    5    6    7    8  

   1 :  0.8  0.5  1.7 10.7 12.1  2.2  5.1
   2 :       0.9  1.4 10.8 12.1  2.3  5.1
   3 :            1.8 10.9 12.0  2.1  5.2
   4 :                10.6 11.7  2.4  5.2
   5 :                      9.9 11.1  6.7
   6 :                          11.4 10.2
   7 :                                5.7

  Clustering method                        : complete linkage
  Structure ids in cluster table           : rank nos.
  Ordering of clusters and their members   : by rank (order if from rms_analysis)

  Distance | Clusters
   0.46    |  1  3 |  2 |  4 |  5 |  6 |  7 |  8 |
   0.86    |  1  2  3 |  4 |  5 |  6 |  7 |  8 |
   1.76    |  1  2  3  4 |  5 |  6 |  7 |  8 |
   2.35    |  1  2  3  4  7 |  5 |  6 |  8 |
   5.71    |  1  2  3  4  7  8 |  5 |  6 |
   9.86    |  1  2  3  4  7  8 |  5  6 |
  12.08    |  1  2  3  4  5  6  7  8 |
  Finished Docking Ligand                  : /DATA2/COVID-19/PDBs_&_Models/AV-procd.sdf
--------------------------------------------------------------------------------

  Relative_Ligand_Energy (best encountered) :   0.347
  Relative_Ligand_Energy: fitness values have been corrected using this amount
