# WARNING: atom   10 in /DATA2/COVID-19/PDBs_&_Models/AV-procd.sdf is deduced as an acidic nitrogen

--------------------------------------------------------------------------------
--- Ligand                                                                   ---
--------------------------------------------------------------------------------
  Ligand loaded from file                  : /DATA2/COVID-19/PDBs_&_Models/AV-procd.sdf
  Ligand name                              :  
  "AV-unprocessed.smi:993                                                   "

--------------------------------------------------------------------------------
  N.plc donors                             : 
  none found

  Acidic nitrogen acceptors                : 

  10   
  Sulfur acceptors                         :
  none found


  Donor atoms                              :      0
  
  Acceptor atoms                           :      5
  3   10  12  16  17  

  Hydrogens                                :  (n = 0)
    none found


  Lone pairs added to molecule             :      8
  Numbering                                : from 31 to 38
  Choline groups                           : 
   

--------------------------------------------------------------------------------
--- Postprocessing of typing                                                 ---
--------------------------------------------------------------------------------
  Fragment file                            : /home/scv26/CCDC/Discovery_2020/GOLD/gold/rotatable_bond_override.mol2
  acylurea fragment                        : no matches
  thioacylthiourea fragment                : no matches
  acylthiourea fragment                    : no matches
  thioacylurea fragment                    : no matches
  diarylamine fragment >C.ar-NH-C.ar<      : no matches
  sec-amine (1) fragment                   : no matches
  sec-amine (2) fragment                   : no matches
  sec-amine (3) fragment                   : no matches
  carboxylic ester                         : no matches

* Rotatable bonds in /DATA2/COVID-19/PDBs  :
  [   4    5] [  13   14] [  14   15] 
  No. of rotatable bonds                   :      3


* Fragments found in /DATA2/COVID-19/PDBs  :


* Checking torsion distributions:                                               
  No. of matched torsions                  :      0

--------------------------------------------------------------------------------
--- Shape fitting atoms selection (hydrophobic atoms)                        ---
--------------------------------------------------------------------------------
  Molecule                                 : /DATA2/COVID-19/PDBs_&_Models/AV-procd.sdf
  Selection                                : carbons only
  Atom numbers                             :  (n = 6)
  1    6    7    8    9    14   


--------------------------------------------------------------------------------
--- ChemScore ligand setup summary                                           ---
--------------------------------------------------------------------------------
  ChemScore ligand acceptors               :      5
  3 10 [-] 12 16 [-] 17 [-] 
  ChemScore ligand donors                  :      0
  
  ChemScore ligand CH donors               :      0
  

  ChemScore ligand lipophilic atoms        :  (n = 8)
  1    2    6    7    8    9    13   14   

  ChemScore ligand rotatable bonds         :      3
  4   (****) - 5   (****): SP2_SP2_BOND
  13  (****) - 14  (****): SP3_SP2_BOND
  14  (****) - 15  (****): SP3_SP2_BOND

--------------------------------------------------------------------------------
--- PLP ligand setup summary                                                 ---
--------------------------------------------------------------------------------
    1  ****   C.3 NONPOLAR
    2  ****   C.2 NONPOLAR
    3  ****   N.2 ACCEPTOR
    4  ****   C.2 NONPOLAR
    5  **** N.pl3 NONPOLAR
    6  ****   C.3 NONPOLAR
    7  ****   C.3 NONPOLAR
    8  ****   C.3 NONPOLAR
    9  ****   C.3 NONPOLAR
   10  **** N.pl3 ACCEPTOR
   11  ****   C.2 NONPOLAR
   12  ****   O.2 ACCEPTOR
   13  ****   C.2 NONPOLAR
   14  ****   C.3 NONPOLAR
   15  ****   C.2 NONPOLAR
   16  **** O.co2 ACCEPTOR
   17  **** O.co2 ACCEPTOR


--------------------------------------------------------------------------------
--- Automatic parameter setting                                              ---
--------------------------------------------------------------------------------
  Contribution base                        :   2500
  Contribution per rotatable bond          :   6000
  Contribution per df                      :   4000
  Contribution per water                   :  10000
  Ligand rotatable bonds                   :      3
  Protein flexible side chain bonds        :      0
  Total rotatable bonds                    :      3
  Hydrophobic vol ratio (P/L)              :   3.845
  Base multiplier (polar)                  :   1.000
  Base multiplier (apolar)                 :   4.614
  Base contribution                        : 12500.000
  Fitting points                           :      5
  Estimated maxops needed (optimal)        :  31000

--------------------------------------------------------------------------------

* Population settings                                                           
  maxops                                   :  31000
  popsiz                                   :    100
  select_pressure                          :   1.100
  n_islands                                :      3
  niche_siz                                :      2

* GA settings                                                                   
  pt_crosswt                               :     95
  allele_mutatewt                          :     95
  migratewt                                :     10

* Search settings                                                               
  start_vdw_linear_cutoff                  :   4.000
  initial_virtual_pt_match_max             :   3.000

--------------------------------------------------------------------------------

* Ligand initialisation time :                                                  
  total  0.0078 user  0.0038 sys  0.0040

--------------------------------------------------------------------------------

--------------------------------------------------------------------------------
** Docking run number  1 **
--------------------------------------------------------------------------------
  Rank fitness base is 5000.00 ; increment is 11.2233

* Initialising population(s) ...                                                
Number of constraints mappings 0
Number of constraints 0
  Population no.                           :      1
  Population size                          :    100
  Number of duplicates                     :      0
  Number of niche violations               :      0
  Number of errors                         :   9431

Number of constraints mappings 0
Number of constraints 0
  Population no.                           :      2
  Population size                          :    100
  Number of duplicates                     :      0
  Number of niche violations               :      0
  Number of errors                         :   9121

Number of constraints mappings 0
Number of constraints 0
  Population no.                           :      3
  Population size                          :    100
  Number of duplicates                     :      0
  Number of niche violations               :      0
  Number of errors                         :   9622


Doing GA, no. of population(s) 3 size 100 selection pressure 1.100000

 Operation      Score     S(PLP)   S(hbond)     S(cho)   S(metal)  DE(clash)   DE(tors)     intcor
         0      27.93     -17.28       4.02       0.00       0.00       0.00       0.71       0.02
       515      28.13     -17.28       4.08       0.00       0.00       0.00       0.71       0.02
      1074      29.29     -17.32       4.41       0.00       0.00       0.00       0.64       0.02
      1244      29.97     -24.56       2.00       0.00       0.00       0.00       0.31       0.02
      1298      32.89     -22.45       3.50       0.00       0.00       0.00       0.04       0.02
      1676      33.61     -22.52       3.80       0.00       0.00       0.00       0.16       0.02
      2168      34.86     -29.04       2.10       0.00       0.00       0.00       0.25       0.02
      3314      34.88     -28.77       2.20       0.00       0.00       0.00       0.25       0.02
      3596      34.88     -28.15       2.53       0.00       0.00       0.00       0.44       0.02
      3848      35.63     -31.04       1.54       0.00       0.00       0.00       0.03       0.02
      4010      36.26     -31.04       1.75       0.00       0.00       0.00       0.03       0.02
      4126      39.81     -33.54       2.11       0.00       0.00       0.00       0.04       0.02
      4279      40.33     -33.54       2.29       0.00       0.00       0.00       0.04       0.01
      6028      40.40     -30.62       3.53       0.00       0.00       0.00       0.40       0.01
      6199      41.10     -30.62       3.76       0.00       0.00       0.00       0.40       0.01
      6479      41.67     -32.42       3.17       0.00       0.00       0.00       0.14       0.01
      6712      43.44     -33.13       3.63       0.00       0.00       0.00       0.30       0.01
      8467      45.28     -34.06       3.94       0.00       0.00       0.00       0.31       0.01
      9655      45.37     -34.06       3.97       0.00       0.00       0.00       0.31       0.01
     10717      46.14     -34.06       4.23       0.00       0.00       0.00       0.31       0.01
     10924      46.27     -34.14       4.23       0.00       0.00       0.00       0.28       0.01
     13605      46.56     -34.14       4.32       0.00       0.00       0.00       0.28       0.01
     17394      46.75     -34.14       4.39       0.00       0.00       0.00       0.28       0.01
     20583      46.79     -34.28       4.34       0.00       0.00       0.00       0.26       0.01
     22551      46.91     -34.36       4.34       0.00       0.00       0.00       0.24       0.01
     28830      48.05     -37.77       3.70       0.00       0.00       0.00       0.41       0.01
     30506      48.15     -37.77       3.73       0.00       0.00       0.00       0.41       0.01
--------------------------------------------------------------------------------
Best docking solution after GA:
     31000      48.15     -37.77       3.73       0.00       0.00       0.00       0.41       0.01

#ops:      31000 #mutates:  14832 #cross:    14667 #migrate:   1501 
#dups:      6722 #niche:    13849 #errors:    1768 
--------------------------------------------------------------------------------

Doing AMOEBA simplex on best individual
Done simplexing #iterations 698, best score  50.96

Ligand is stored in gold_soln_AV-procd_m4338_1.sdf


--------------------------------------------------------------------------------
--- CHEMPLP breakdown of terms                                               ---
--------------------------------------------------------------------------------
CHEMPLP = - ( 1.0000*S(PLP) + -3.0000*S(hbond) + -6.0000*S(metal) + -3.0000*S(cho) )

Score = CHEMPLP - 1.0000*DE(clash) - 2.0000*DE(tors)

Internal energy term has been corrected with the best internal energy encountered.

--------------------------------------------------------------------------------


     Score     S(PLP)   S(hbond)     S(cho)   S(metal)  DE(clash)   DE(tors)     intcor
     50.96     -40.55       3.66       0.00       0.00       0.00       0.29       0.01

--------------------------------------------------------------------------------
--- PLP analysis of protein-ligand interactions                              ---
--------------------------------------------------------------------------------
hydrogen bonding        :      -3.00
metal                   :       0.00
buried (polar-nonpolar) :      -4.96
nonpolar                :     -34.34
repulsive               :       0.65
--------------------------------------------------------------------------------


--------------------------------------------------------------------------------
--- ChemScore analysis of protein-ligand interactions                        ---
--------------------------------------------------------------------------------

* Hydrogen bonds                                                                
Protein donor 7997 hydrogen 8010 Ligand acceptor   17 bond energy  1.00 wt 2.00
Protein donor 10752 hydrogen 10765 Ligand acceptor   16 bond energy  1.00 wt 1.66


* CH..O interactions                                                            
  CH group selection                       : activated ring CH (adjacent to hetatom)

--------------------------------------------------------------------------------


--------------------------------------------------------------------------------
--- Intra-ligand clashes                                                     ---
--------------------------------------------------------------------------------

Ligand
--------------------------------------------------------------------------------

--------------------------------------------------------------------------------
--- Rescoring solution                                                       ---
--------------------------------------------------------------------------------

     Score         DG    S(hbond)    S(metal)    S(lipo)     H(rot)  DE(clash)    DE(int)
     15.11     -16.38       1.82        0.00      73.86       1.49       0.06       1.21

Doing AMOEBA simplex on best individual
Done simplexing #iterations 737, best score  16.47

     Score         DG    S(hbond)    S(metal)    S(lipo)     H(rot)  DE(clash)    DE(int)
     16.47     -16.78       1.86        0.00      76.22       1.49       0.13       0.18

--------------------------------------------------------------------------------
--- ChemScore breakdown of terms                                             ---
--------------------------------------------------------------------------------
DG = -5.4800 + -3.3400*S(hbond)
     + -6.0300*S(metal) + -0.1170*S(lipo) + 2.5600*H(rot)


H(rot) = 1.4931

Score = -(DG + DE(clash) + DE(int))


--------------------------------------------------------------------------------


--------------------------------------------------------------------------------
--- ChemScore analysis of protein-ligand interactions                        ---
--------------------------------------------------------------------------------

* Hydrogen bonds                                                                
Protein donor 7997 hydrogen 8010 Ligand acceptor   17 bond energy  1.00 wt 0.98
Protein donor 10752 hydrogen 10765 Ligand acceptor   16 bond energy  1.00 wt 0.88

CHEMSCORE EXTRA INTERACTIONS:

* Clashes                                                                       
Clash for ligand atom   7 (**** ):   0.01
Clash for ligand atom   8 (**** ):   0.06
Clash for ligand atom  16 (**** ):   0.06
--------------------------------------------------------------------------------


--------------------------------------------------------------------------------
--- Chromosome decoded                                                       ---
--------------------------------------------------------------------------------
Ligand Torsions
[   9    5    4    3]  161.62
[  15   14   13    2]  128.44
[  16   15   14   13]  171.22
Protein Torsions
[6907 6896 6895 6894]   69.29 
[7974 7965 7964 7962]  -57.92 
[8008 7997 7996 7995]  109.82 
[10167 10162 10161 10158]  134.61 
[10718 10713 10712 10709]  -86.75 
[10763 10752 10751 10750]  147.64 
[11005 11000 10999 10996]   43.18 
Mapping
Ligand acceptors to protein hydrogens (mapping then atom ids)
Ligand shape atoms to protein points (mapping then atom ids & coords)
  4  8912 [  8->(152.000 144.500 160.750)]
  5  9085 [  9->(152.250 143.500 160.500)]
  6  7723 [ 14->(151.000 138.500 155.250)]
Chromosome values
Integers:
  -1   -1   -1   -1   -1   -1   -1   -1 8911 9084 7722 
--------------------------------------------------------------------------------

Current Ranking  1

--------------------------------------------------------------------------------

* GA execution time :                                                           
  total  0.6449 user  0.6449 sys  0.0000

--------------------------------------------------------------------------------
Fitness function evaluations: 82972

--------------------------------------------------------------------------------
** Docking run number  2 **
--------------------------------------------------------------------------------
  Rank fitness base is 5000.00 ; increment is 11.2233

* Initialising population(s) ...                                                
Number of constraints mappings 0
Number of constraints 0
  Population no.                           :      1
  Population size                          :    100
  Number of duplicates                     :      0
  Number of niche violations               :      0
  Number of errors                         :   9325

Number of constraints mappings 0
Number of constraints 0
  Population no.                           :      2
  Population size                          :    100
  Number of duplicates                     :      0
  Number of niche violations               :      0
  Number of errors                         :   9126

Number of constraints mappings 0
Number of constraints 0
  Population no.                           :      3
  Population size                          :    100
  Number of duplicates                     :      0
  Number of niche violations               :      0
  Number of errors                         :   9894


Doing GA, no. of population(s) 3 size 100 selection pressure 1.100000

 Operation      Score     S(PLP)   S(hbond)     S(cho)   S(metal)  DE(clash)   DE(tors)     intcor
         0      30.87     -24.11       2.77       0.00       0.00       0.00       0.78       0.01
       853      31.08     -29.60       1.00       0.00       0.00       0.00       0.77       0.01
       976      34.26     -31.72       1.08       0.00       0.00       0.00       0.35       0.01
       992      34.45     -28.69       2.20       0.00       0.00       0.00       0.42       0.01
      1240      35.63     -28.15       3.00       0.00       0.00       0.00       0.77       0.01
      2359      36.02     -28.46       3.00       0.00       0.00       0.00       0.73       0.01
      2734      36.77     -29.02       3.00       0.00       0.00       0.00       0.63       0.01
      3157      37.79     -31.72       2.26       0.00       0.00       0.00       0.35       0.01
      4177      38.21     -30.77       2.54       0.00       0.00       0.00       0.09       0.01
      4452      38.38     -30.55       2.83       0.00       0.00       0.00       0.33       0.01
      4527      39.56     -30.55       3.22       0.00       0.00       0.00       0.33       0.01
      4737      40.71     -30.55       3.61       0.00       0.00       0.00       0.33       0.01
      4902      41.09     -30.55       3.73       0.00       0.00       0.00       0.33       0.01
      4924      42.46     -34.87       2.72       0.00       0.00       0.00       0.29       0.01
      6034      46.30     -34.87       4.00       0.00       0.00       0.00       0.29       0.01
     11439      46.49     -34.87       4.06       0.00       0.00       0.00       0.29       0.00
     18852      46.78     -34.94       4.13       0.00       0.00       0.00       0.27       0.00
     21633      47.10     -35.45       4.06       0.00       0.00       0.00       0.27       0.00
     24558      47.63     -35.61       4.18       0.00       0.00       0.00       0.25       0.00
     29550      47.87     -35.80       4.22       0.00       0.00       0.00       0.30       0.00
     29811      48.26     -36.17       4.21       0.00       0.00       0.00       0.27       0.00
     30458      48.41     -36.48       4.16       0.00       0.00       0.00       0.28       0.00
     30606      48.55     -36.17       4.30       0.00       0.00       0.00       0.27       0.00
     30645      48.77     -36.65       4.27       0.00       0.00       0.00       0.34       0.00
     30768      48.86     -36.65       4.30       0.00       0.00       0.00       0.34       0.00
--------------------------------------------------------------------------------
Best docking solution after GA:
     31000      48.86     -36.65       4.30       0.00       0.00       0.00       0.34       0.00

#ops:      31000 #mutates:  14736 #cross:    14659 #migrate:   1605 
#dups:      6566 #niche:    15952 #errors:    1325 
--------------------------------------------------------------------------------

Doing AMOEBA simplex on best individual
Done simplexing #iterations 555, best score  49.41

Ligand is stored in gold_soln_AV-procd_m4338_2.sdf


--------------------------------------------------------------------------------
--- CHEMPLP breakdown of terms                                               ---
--------------------------------------------------------------------------------
CHEMPLP = - ( 1.0000*S(PLP) + -3.0000*S(hbond) + -6.0000*S(metal) + -3.0000*S(cho) )

Score = CHEMPLP - 1.0000*DE(clash) - 2.0000*DE(tors)

Internal energy term has been corrected with the best internal energy encountered.

--------------------------------------------------------------------------------


     Score     S(PLP)   S(hbond)     S(cho)   S(metal)  DE(clash)   DE(tors)     intcor
     49.41     -37.41       4.21       0.00       0.00       0.00       0.31       0.00

--------------------------------------------------------------------------------
--- PLP analysis of protein-ligand interactions                              ---
--------------------------------------------------------------------------------
hydrogen bonding        :      -3.00
metal                   :       0.00
buried (polar-nonpolar) :      -5.55
nonpolar                :     -30.74
repulsive               :       1.26
--------------------------------------------------------------------------------


--------------------------------------------------------------------------------
--- ChemScore analysis of protein-ligand interactions                        ---
--------------------------------------------------------------------------------

* Hydrogen bonds                                                                
Protein donor 7989 hydrogen 7998 Ligand acceptor   12 bond energy  1.00 wt 0.45
Protein donor 7997 hydrogen 8009 Ligand acceptor   16 bond energy  1.00 wt 2.00
Protein donor 10752 hydrogen 10764 Ligand acceptor   17 bond energy  1.00 wt 1.76


* CH..O interactions                                                            
  CH group selection                       : activated ring CH (adjacent to hetatom)

--------------------------------------------------------------------------------


--------------------------------------------------------------------------------
--- Intra-ligand clashes                                                     ---
--------------------------------------------------------------------------------

Ligand
--------------------------------------------------------------------------------

--------------------------------------------------------------------------------
--- Rescoring solution                                                       ---
--------------------------------------------------------------------------------

     Score         DG    S(hbond)    S(metal)    S(lipo)     H(rot)  DE(clash)    DE(int)
     14.77     -16.65       2.05        0.00      69.69       1.49       1.54       0.34

Doing AMOEBA simplex on best individual
Done simplexing #iterations 606, best score  16.45

     Score         DG    S(hbond)    S(metal)    S(lipo)     H(rot)  DE(clash)    DE(int)
     16.45     -16.94       2.13        0.00      69.94       1.49       0.16       0.33

--------------------------------------------------------------------------------
--- ChemScore breakdown of terms                                             ---
--------------------------------------------------------------------------------
DG = -5.4800 + -3.3400*S(hbond)
     + -6.0300*S(metal) + -0.1170*S(lipo) + 2.5600*H(rot)


H(rot) = 1.4931

Score = -(DG + DE(clash) + DE(int))


--------------------------------------------------------------------------------


--------------------------------------------------------------------------------
--- ChemScore analysis of protein-ligand interactions                        ---
--------------------------------------------------------------------------------

* Hydrogen bonds                                                                
Protein donor 7989 hydrogen 7998 Ligand acceptor   12 bond energy  1.00 wt 0.43
Protein donor 7997 hydrogen 8009 Ligand acceptor   16 bond energy  1.00 wt 0.94
Protein donor 10752 hydrogen 10764 Ligand acceptor   17 bond energy  1.00 wt 0.75

CHEMSCORE EXTRA INTERACTIONS:

* Clashes                                                                       
Clash for ligand atom   8 (**** ):   0.07
Clash for ligand atom  12 (**** ):   0.01
Clash for ligand atom  17 (**** ):   0.08
--------------------------------------------------------------------------------


--------------------------------------------------------------------------------
--- Chromosome decoded                                                       ---
--------------------------------------------------------------------------------
Ligand Torsions
[   9    5    4    3]  168.03
[  15   14   13    2]  -78.16
[  16   15   14   13]   -3.08
Protein Torsions
[6907 6896 6895 6894] -168.94 
[7974 7965 7964 7962]  -24.77 
[8008 7997 7996 7995] -129.40 
[10167 10162 10161 10158]   34.97 
[10718 10713 10712 10709]  -19.35 
[10763 10752 10751 10750]  -93.63 
[11005 11000 10999 10996] -124.45 
Mapping
Ligand acceptors to protein hydrogens (mapping then atom ids)
Ligand shape atoms to protein points (mapping then atom ids & coords)
  2  9038 [  6->(152.250 142.750 159.500)]
  3  8683 [  7->(151.750 145.250 160.500)]
  5  8399 [  9->(151.500 145.000 159.000)]
  6  7970 [ 14->(151.250 138.250 155.500)]
Chromosome values
Integers:
  -1   -1   -1   -1   -1   -1 9037 8682   -1 8398 7969 
--------------------------------------------------------------------------------

Current Ranking  1  2

--------------------------------------------------------------------------------

* GA execution time :                                                           
  total  0.6415 user  0.6415 sys  0.0000

--------------------------------------------------------------------------------
Fitness function evaluations: 82885

--------------------------------------------------------------------------------
** Docking run number  3 **
--------------------------------------------------------------------------------
  Rank fitness base is 5000.00 ; increment is 11.2233

* Initialising population(s) ...                                                
Number of constraints mappings 0
Number of constraints 0
  Population no.                           :      1
  Population size                          :    100
  Number of duplicates                     :      0
  Number of niche violations               :      0
  Number of errors                         :   9317

Number of constraints mappings 0
Number of constraints 0
  Population no.                           :      2
  Population size                          :    100
  Number of duplicates                     :      0
  Number of niche violations               :      0
  Number of errors                         :   9591

Number of constraints mappings 0
Number of constraints 0
  Population no.                           :      3
  Population size                          :    100
  Number of duplicates                     :      0
  Number of niche violations               :      0
  Number of errors                         :   9941


Doing GA, no. of population(s) 3 size 100 selection pressure 1.100000

 Operation      Score     S(PLP)   S(hbond)     S(cho)   S(metal)  DE(clash)   DE(tors)     intcor
         0      30.20     -23.18       2.84       0.00       0.00       0.00       0.75       0.00
       143      30.20     -23.18       2.84       0.00       0.00       0.00       0.75       0.00
       938      30.30     -24.86       2.00       0.00       0.00       0.00       0.28       0.00
      1124      30.58     -28.15       1.00       0.00       0.00       0.00       0.28       0.00
      1134      30.59     -25.52       1.97       0.00       0.00       0.00       0.42       0.00
      1419      30.91     -25.34       2.12       0.00       0.00       0.00       0.40       0.00
      1429      33.79     -27.57       2.12       0.00       0.00       0.00       0.07       0.00
      1726      35.51     -30.87       1.59       0.00       0.00       0.00       0.07       0.00
      3055      36.48     -26.96       3.28       0.00       0.00       0.00       0.16       0.00
      3289      36.73     -28.40       2.82       0.00       0.00       0.00       0.07       0.00
      4465      37.07     -28.21       3.18       0.00       0.00       0.00       0.35       0.00
      4606      37.43     -29.80       2.59       0.00       0.00       0.00       0.07       0.00
      5006      39.00     -29.71       3.22       0.00       0.00       0.00       0.18       0.00
      6440      39.36     -29.64       3.50       0.00       0.00       0.00       0.39       0.00
      6935      43.46     -30.81       4.24       0.00       0.00       0.00       0.03       0.00
     11555      43.68     -30.86       4.30       0.00       0.00       0.00       0.03       0.00
     11702      46.27     -33.53       4.26       0.00       0.00       0.00       0.03       0.00
     14119      46.30     -33.66       4.23       0.00       0.00       0.00       0.03       0.00
     14144      47.28     -33.99       4.45       0.00       0.00       0.00       0.03       0.00
     15655      47.52     -34.03       4.51       0.00       0.00       0.00       0.02       0.00
     22613      47.58     -33.99       4.54       0.00       0.00       0.00       0.02       0.00
     28666      47.85     -34.76       4.40       0.00       0.00       0.00       0.05       0.00
     29680      48.14     -34.76       4.49       0.00       0.00       0.00       0.05       0.00
     30697      48.26     -34.79       4.53       0.00       0.00       0.00       0.05       0.00
--------------------------------------------------------------------------------
Best docking solution after GA:
     31000      48.26     -34.79       4.53       0.00       0.00       0.00       0.05       0.00

#ops:      31000 #mutates:  14797 #cross:    14642 #migrate:   1561 
#dups:      7733 #niche:    14077 #errors:    1566 
--------------------------------------------------------------------------------

Doing AMOEBA simplex on best individual
Done simplexing #iterations 581, best score  48.90

Ligand is stored in gold_soln_AV-procd_m4338_3.sdf


--------------------------------------------------------------------------------
--- CHEMPLP breakdown of terms                                               ---
--------------------------------------------------------------------------------
CHEMPLP = - ( 1.0000*S(PLP) + -3.0000*S(hbond) + -6.0000*S(metal) + -3.0000*S(cho) )

Score = CHEMPLP - 1.0000*DE(clash) - 2.0000*DE(tors)

Internal energy term has been corrected with the best internal energy encountered.

--------------------------------------------------------------------------------


     Score     S(PLP)   S(hbond)     S(cho)   S(metal)  DE(clash)   DE(tors)     intcor
     48.90     -35.17       4.62       0.00       0.00       0.00       0.07       0.00

--------------------------------------------------------------------------------
--- PLP analysis of protein-ligand interactions                              ---
--------------------------------------------------------------------------------
hydrogen bonding        :      -3.63
metal                   :       0.00
buried (polar-nonpolar) :      -6.36
nonpolar                :     -27.93
repulsive               :       1.12
--------------------------------------------------------------------------------


--------------------------------------------------------------------------------
--- ChemScore analysis of protein-ligand interactions                        ---
--------------------------------------------------------------------------------

* Hydrogen bonds                                                                
Protein donor 7989 hydrogen 7998 Ligand acceptor   12 bond energy  1.00 wt 0.80
Protein donor 7997 hydrogen 8010 Ligand acceptor   16 bond energy  1.00 wt 2.00
Protein donor 10752 hydrogen 10764 Ligand acceptor   17 bond energy  1.00 wt 1.82


* CH..O interactions                                                            
  CH group selection                       : activated ring CH (adjacent to hetatom)

--------------------------------------------------------------------------------


--------------------------------------------------------------------------------
--- Intra-ligand clashes                                                     ---
--------------------------------------------------------------------------------

Ligand
--------------------------------------------------------------------------------

--------------------------------------------------------------------------------
--- Rescoring solution                                                       ---
--------------------------------------------------------------------------------

     Score         DG    S(hbond)    S(metal)    S(lipo)     H(rot)  DE(clash)    DE(int)
     14.75     -17.91       2.53        0.00      66.72       1.49       0.36       2.79

Doing AMOEBA simplex on best individual
Done simplexing #iterations 534, best score  18.12

     Score         DG    S(hbond)    S(metal)    S(lipo)     H(rot)  DE(clash)    DE(int)
     18.12     -18.25       2.60        0.00      67.54       1.49       0.01       0.11

--------------------------------------------------------------------------------
--- ChemScore breakdown of terms                                             ---
--------------------------------------------------------------------------------
DG = -5.4800 + -3.3400*S(hbond)
     + -6.0300*S(metal) + -0.1170*S(lipo) + 2.5600*H(rot)


H(rot) = 1.4931

Score = -(DG + DE(clash) + DE(int))


--------------------------------------------------------------------------------


--------------------------------------------------------------------------------
--- ChemScore analysis of protein-ligand interactions                        ---
--------------------------------------------------------------------------------

* Hydrogen bonds                                                                
Protein donor 7989 hydrogen 7998 Ligand acceptor   12 bond energy  1.00 wt 0.79
Protein donor 7997 hydrogen 8010 Ligand acceptor   16 bond energy  1.00 wt 0.99
Protein donor 10752 hydrogen 10764 Ligand acceptor   17 bond energy  1.00 wt 0.82

CHEMSCORE EXTRA INTERACTIONS:

* Clashes                                                                       
Clash for ligand atom  10 (**** ):   0.01
--------------------------------------------------------------------------------


--------------------------------------------------------------------------------
--- Chromosome decoded                                                       ---
--------------------------------------------------------------------------------
Ligand Torsions
[   9    5    4    3]    4.42
[  15   14   13    2] -118.61
[  16   15   14   13]    7.89
Protein Torsions
[6907 6896 6895 6894]   67.90 
[7974 7965 7964 7962] -166.87 
[8008 7997 7996 7995]  109.35 
[10167 10162 10161 10158]  139.78 
[10718 10713 10712 10709]  163.66 
[10763 10752 10751 10750]  -95.32 
[11005 11000 10999 10996]   87.08 
Mapping
Ligand acceptors to protein hydrogens (mapping then atom ids)
  3  18 [ 12->7998]
Ligand shape atoms to protein points (mapping then atom ids & coords)
  2  8643 [  6->(151.750 144.500 160.500)]
  3  8692 [  7->(151.750 145.500 160.500)]
  4  8638 [  8->(151.750 144.500 159.250)]
  5  9413 [  9->(152.750 142.500 161.250)]
  6  7979 [ 14->(151.250 139.000 156.000)]
Chromosome values
Integers:
  -1   -1   17   -1   -1   -1 8642 8691 8637 9412 7978 
--------------------------------------------------------------------------------

Current Ranking  1  2  3

--------------------------------------------------------------------------------

* GA execution time :                                                           
  total  0.6289 user  0.6289 sys  0.0000

--------------------------------------------------------------------------------
Fitness function evaluations: 82819

--------------------------------------------------------------------------------
** Docking run number  4 **
--------------------------------------------------------------------------------
  Rank fitness base is 5000.00 ; increment is 11.2233

* Initialising population(s) ...                                                
Number of constraints mappings 0
Number of constraints 0
  Population no.                           :      1
  Population size                          :    100
  Number of duplicates                     :      0
  Number of niche violations               :      0
  Number of errors                         :   9701

Number of constraints mappings 0
Number of constraints 0
  Population no.                           :      2
  Population size                          :    100
  Number of duplicates                     :      0
  Number of niche violations               :      0
  Number of errors                         :   9408

Number of constraints mappings 0
Number of constraints 0
  Population no.                           :      3
  Population size                          :    100
  Number of duplicates                     :      0
  Number of niche violations               :      0
  Number of errors                         :   9442


Doing GA, no. of population(s) 3 size 100 selection pressure 1.100000

 Operation      Score     S(PLP)   S(hbond)     S(cho)   S(metal)  DE(clash)   DE(tors)     intcor
         0      24.08     -21.08       1.98       0.00       0.00       0.00       1.48       0.00
        66      24.81     -21.08       2.23       0.00       0.00       0.00       1.48       0.00
       375      25.10     -12.00       5.00       0.00       0.00       0.00       0.95       0.00
      1014      29.73     -21.70       3.05       0.00       0.00       0.00       0.56       0.00
      1272      33.41     -26.71       2.60       0.00       0.00       0.00       0.56       0.00
      1992      34.28     -26.79       2.96       0.00       0.00       0.00       0.69       0.00
      2801      34.72     -26.89       3.59       0.00       0.00       0.00       1.46       0.00
      4175      35.06     -27.81       2.52       0.00       0.00       0.00       0.15       0.00
      4376      38.01     -29.61       2.90       0.00       0.00       0.00       0.15       0.00
      4529      39.73     -31.48       2.85       0.00       0.00       0.00       0.15       0.00
      5843      40.71     -32.09       2.98       0.00       0.00       0.00       0.15       0.00
      8680      40.72     -32.15       2.98       0.00       0.00       0.00       0.18       0.00
      9160      40.75     -32.09       2.98       0.00       0.00       0.00       0.14       0.00
     16201      41.36     -33.71       2.96       0.00       0.00       0.00       0.62       0.00
     16774      41.56     -33.71       3.03       0.00       0.00       0.00       0.62       0.00
     16792      41.61     -34.00       2.95       0.00       0.00       0.00       0.62       0.00
     19337      44.73     -35.70       3.27       0.00       0.00       0.00       0.39       0.00
     22728      44.82     -35.70       3.31       0.00       0.00       0.00       0.39       0.00
     22810      45.04     -35.82       3.34       0.00       0.00       0.00       0.39       0.00
     22901      45.80     -36.32       3.33       0.00       0.00       0.00       0.25       0.00
     24677      45.80     -36.40       3.30       0.00       0.00       0.00       0.25       0.00
     25502      45.83     -36.46       3.29       0.00       0.00       0.00       0.25       0.00
     25845      45.91     -36.29       3.38       0.00       0.00       0.00       0.26       0.00
     27800      46.03     -36.17       3.43       0.00       0.00       0.00       0.22       0.00
     27944      46.51     -36.17       3.59       0.00       0.00       0.00       0.22       0.00
     29097      46.68     -36.29       3.64       0.00       0.00       0.00       0.26       0.00
     29516      46.72     -36.16       3.67       0.00       0.00       0.00       0.22       0.00
     29663      46.80     -36.17       3.69       0.00       0.00       0.00       0.22       0.00
     29876      46.81     -35.93       3.78       0.00       0.00       0.00       0.23       0.00
--------------------------------------------------------------------------------
Best docking solution after GA:
     31000      46.81     -35.93       3.78       0.00       0.00       0.00       0.23       0.00

#ops:      31000 #mutates:  14696 #cross:    14760 #migrate:   1544 
#dups:      8323 #niche:    13055 #errors:    1541 
--------------------------------------------------------------------------------

Doing AMOEBA simplex on best individual
Done simplexing #iterations 577, best score  47.65

Ligand is stored in gold_soln_AV-procd_m4338_4.sdf


--------------------------------------------------------------------------------
--- CHEMPLP breakdown of terms                                               ---
--------------------------------------------------------------------------------
CHEMPLP = - ( 1.0000*S(PLP) + -3.0000*S(hbond) + -6.0000*S(metal) + -3.0000*S(cho) )

Score = CHEMPLP - 1.0000*DE(clash) - 2.0000*DE(tors)

Internal energy term has been corrected with the best internal energy encountered.

--------------------------------------------------------------------------------


     Score     S(PLP)   S(hbond)     S(cho)   S(metal)  DE(clash)   DE(tors)     intcor
     47.65     -36.94       3.72       0.00       0.00       0.00       0.23       0.00

--------------------------------------------------------------------------------
--- PLP analysis of protein-ligand interactions                              ---
--------------------------------------------------------------------------------
hydrogen bonding        :      -3.00
metal                   :       0.00
buried (polar-nonpolar) :      -5.36
nonpolar                :     -29.11
repulsive               :       0.23
--------------------------------------------------------------------------------


--------------------------------------------------------------------------------
--- ChemScore analysis of protein-ligand interactions                        ---
--------------------------------------------------------------------------------

* Hydrogen bonds                                                                
Protein donor 7989 hydrogen 7998 Ligand acceptor   16 bond energy  1.00 wt 0.16
Protein donor 7997 hydrogen 8010 Ligand acceptor   16 bond energy  1.00 wt 2.00
Protein donor 10752 hydrogen 10765 Ligand acceptor   17 bond energy  1.00 wt 1.57


* CH..O interactions                                                            
  CH group selection                       : activated ring CH (adjacent to hetatom)

--------------------------------------------------------------------------------


--------------------------------------------------------------------------------
--- Intra-ligand clashes                                                     ---
--------------------------------------------------------------------------------

Ligand
--------------------------------------------------------------------------------

--------------------------------------------------------------------------------
--- Rescoring solution                                                       ---
--------------------------------------------------------------------------------

     Score         DG    S(hbond)    S(metal)    S(lipo)     H(rot)  DE(clash)    DE(int)
     15.80     -16.08       1.82        0.00      71.27       1.49       0.05       0.23

Doing AMOEBA simplex on best individual
Done simplexing #iterations 479, best score  16.02

     Score         DG    S(hbond)    S(metal)    S(lipo)     H(rot)  DE(clash)    DE(int)
     16.02     -16.21       1.86        0.00      71.31       1.49       0.05       0.14

--------------------------------------------------------------------------------
--- ChemScore breakdown of terms                                             ---
--------------------------------------------------------------------------------
DG = -5.4800 + -3.3400*S(hbond)
     + -6.0300*S(metal) + -0.1170*S(lipo) + 2.5600*H(rot)


H(rot) = 1.4931

Score = -(DG + DE(clash) + DE(int))


--------------------------------------------------------------------------------


--------------------------------------------------------------------------------
--- ChemScore analysis of protein-ligand interactions                        ---
--------------------------------------------------------------------------------

* Hydrogen bonds                                                                
Protein donor 7989 hydrogen 7998 Ligand acceptor   16 bond energy  1.00 wt 0.18
Protein donor 7997 hydrogen 8010 Ligand acceptor   16 bond energy  1.00 wt 0.89
Protein donor 10752 hydrogen 10765 Ligand acceptor   17 bond energy  1.00 wt 0.79

CHEMSCORE EXTRA INTERACTIONS:

* Clashes                                                                       
Clash for ligand atom   1 (**** ):   0.01
Clash for ligand atom   7 (**** ):   0.01
Clash for ligand atom  16 (**** ):   0.01
Clash for ligand atom  17 (**** ):   0.01
--------------------------------------------------------------------------------


--------------------------------------------------------------------------------
--- Chromosome decoded                                                       ---
--------------------------------------------------------------------------------
Ligand Torsions
[   9    5    4    3]  173.82
[  15   14   13    2]   75.79
[  16   15   14   13]    1.19
Protein Torsions
[6907 6896 6895 6894]  101.98 
[7974 7965 7964 7962]  104.89 
[8008 7997 7996 7995]  105.85 
[10167 10162 10161 10158]    2.65 
[10718 10713 10712 10709]  -92.40 
[10763 10752 10751 10750]  146.89 
[11005 11000 10999 10996]  176.59 
Mapping
Ligand acceptors to protein hydrogens (mapping then atom ids)
Ligand shape atoms to protein points (mapping then atom ids & coords)
  2  8870 [  6->(152.000 144.000 160.000)]
  3  8961 [  7->(152.000 145.750 160.000)]
  4  7888 [  8->(151.000 145.000 161.250)]
  5  9719 [  9->(153.500 142.500 160.750)]
  6  7966 [ 14->(151.250 138.000 155.500)]
Chromosome values
Integers:
  -1   -1   -1   -1   -1   -1 8869 8960 7887 9718 7965 
--------------------------------------------------------------------------------

Current Ranking  1  2  3  4

--------------------------------------------------------------------------------

* GA execution time :                                                           
  total  0.6179 user  0.6139 sys  0.0040

--------------------------------------------------------------------------------
Fitness function evaluations: 82567

--------------------------------------------------------------------------------
** Docking run number  5 **
--------------------------------------------------------------------------------
  Rank fitness base is 5000.00 ; increment is 11.2233

* Initialising population(s) ...                                                
Number of constraints mappings 0
Number of constraints 0
  Population no.                           :      1
  Population size                          :    100
  Number of duplicates                     :      0
  Number of niche violations               :      0
  Number of errors                         :   9477

Number of constraints mappings 0
Number of constraints 0
  Population no.                           :      2
  Population size                          :    100
  Number of duplicates                     :      0
  Number of niche violations               :      0
  Number of errors                         :   9405

Number of constraints mappings 0
Number of constraints 0
  Population no.                           :      3
  Population size                          :    100
  Number of duplicates                     :      0
  Number of niche violations               :      0
  Number of errors                         :   9498


Doing GA, no. of population(s) 3 size 100 selection pressure 1.100000

 Operation      Score     S(PLP)   S(hbond)     S(cho)   S(metal)  DE(clash)   DE(tors)     intcor
         0      21.89     -22.60       1.00       0.00       0.00       0.51       1.60       0.00
       113      23.66     -15.73       3.86       0.00       0.00       0.00       1.82       0.00
       332      25.57     -26.39       0.00       0.00       0.00       0.00       0.41       0.00
       884      26.65     -25.93       0.40       0.00       0.00       0.00       0.24       0.00
       901      26.84     -26.78       0.16       0.00       0.00       0.00       0.21       0.00
       963      30.61     -24.62       3.00       0.00       0.00       0.00       1.51       0.00
      1457      30.73     -30.84       0.17       0.00       0.00       0.00       0.31       0.00
      1598      30.94     -31.57       0.00       0.00       0.00       0.00       0.31       0.00
      1918      32.00     -24.77       3.00       0.00       0.00       0.00       0.89       0.00
      2254      35.56     -27.58       2.80       0.00       0.00       0.00       0.21       0.00
      2518      38.61     -29.87       2.99       0.00       0.00       0.00       0.12       0.00
      2584      38.64     -29.90       2.99       0.00       0.00       0.00       0.12       0.00
      3436      38.85     -30.74       2.85       0.00       0.00       0.00       0.22       0.00
      3466      38.98     -30.85       2.85       0.00       0.00       0.00       0.21       0.00
      4336      39.09     -30.69       2.94       0.00       0.00       0.00       0.22       0.00
      4477      39.19     -31.13       2.83       0.00       0.00       0.00       0.22       0.00
      5851      39.29     -30.66       3.00       0.00       0.00       0.00       0.19       0.00
      6379      40.54     -33.02       2.74       0.00       0.00       0.00       0.36       0.00
      7436      40.87     -33.31       2.76       0.00       0.00       0.00       0.35       0.00
      8227      41.31     -33.31       2.90       0.00       0.00       0.00       0.35       0.00
      9944      42.45     -35.36       2.53       0.00       0.00       0.00       0.25       0.00
     11558      42.72     -31.72       3.88       0.00       0.00       0.00       0.32       0.00
     11864      46.53     -35.36       3.89       0.00       0.00       0.00       0.25       0.00
     16567      46.63     -35.36       3.92       0.00       0.00       0.00       0.25       0.00
     18349      46.85     -35.63       3.95       0.00       0.00       0.00       0.32       0.00
     22937      46.85     -35.59       3.95       0.00       0.00       0.00       0.30       0.00
     24739      47.19     -36.60       3.86       0.00       0.00       0.00       0.49       0.00
     25072      47.38     -36.60       3.92       0.00       0.00       0.00       0.49       0.00
     30729      47.38     -36.65       3.89       0.00       0.00       0.00       0.47       0.00
--------------------------------------------------------------------------------
Best docking solution after GA:
     31000      47.38     -36.65       3.89       0.00       0.00       0.00       0.47       0.00

#ops:      31000 #mutates:  14593 #cross:    14823 #migrate:   1584 
#dups:      7191 #niche:    13640 #errors:    1397 
--------------------------------------------------------------------------------

Doing AMOEBA simplex on best individual
Done simplexing #iterations 559, best score  49.06

Ligand is stored in gold_soln_AV-procd_m4338_5.sdf


--------------------------------------------------------------------------------
--- CHEMPLP breakdown of terms                                               ---
--------------------------------------------------------------------------------
CHEMPLP = - ( 1.0000*S(PLP) + -3.0000*S(hbond) + -6.0000*S(metal) + -3.0000*S(cho) )

Score = CHEMPLP - 1.0000*DE(clash) - 2.0000*DE(tors)

Internal energy term has been corrected with the best internal energy encountered.

--------------------------------------------------------------------------------


     Score     S(PLP)   S(hbond)     S(cho)   S(metal)  DE(clash)   DE(tors)     intcor
     49.06     -38.12       3.91       0.00       0.00       0.00       0.39       0.00

--------------------------------------------------------------------------------
--- PLP analysis of protein-ligand interactions                              ---
--------------------------------------------------------------------------------
hydrogen bonding        :      -3.00
metal                   :       0.00
buried (polar-nonpolar) :      -6.14
nonpolar                :     -30.90
repulsive               :       0.93
--------------------------------------------------------------------------------


--------------------------------------------------------------------------------
--- ChemScore analysis of protein-ligand interactions                        ---
--------------------------------------------------------------------------------

* Hydrogen bonds                                                                
Protein donor 7989 hydrogen 7998 Ligand acceptor   12 bond energy  1.00 wt 0.05
Protein donor 7997 hydrogen 8009 Ligand acceptor   17 bond energy  1.00 wt 2.00
Protein donor 10752 hydrogen 10763 Ligand acceptor   16 bond energy  1.00 wt 1.86


* CH..O interactions                                                            
  CH group selection                       : activated ring CH (adjacent to hetatom)

--------------------------------------------------------------------------------


--------------------------------------------------------------------------------
--- Intra-ligand clashes                                                     ---
--------------------------------------------------------------------------------

Ligand
--------------------------------------------------------------------------------

--------------------------------------------------------------------------------
--- Rescoring solution                                                       ---
--------------------------------------------------------------------------------

     Score         DG    S(hbond)    S(metal)    S(lipo)     H(rot)  DE(clash)    DE(int)
     12.35     -15.87       1.87        0.00      68.06       1.49       2.22       1.30

Doing AMOEBA simplex on best individual
Done simplexing #iterations 703, best score  15.74

     Score         DG    S(hbond)    S(metal)    S(lipo)     H(rot)  DE(clash)    DE(int)
     15.74     -16.22       1.87        0.00      70.93       1.49       0.17       0.30

--------------------------------------------------------------------------------
--- ChemScore breakdown of terms                                             ---
--------------------------------------------------------------------------------
DG = -5.4800 + -3.3400*S(hbond)
     + -6.0300*S(metal) + -0.1170*S(lipo) + 2.5600*H(rot)


H(rot) = 1.4931

Score = -(DG + DE(clash) + DE(int))


--------------------------------------------------------------------------------


--------------------------------------------------------------------------------
--- ChemScore analysis of protein-ligand interactions                        ---
--------------------------------------------------------------------------------

* Hydrogen bonds                                                                
Protein donor 7989 hydrogen 7998 Ligand acceptor   12 bond energy  1.00 wt 0.01
Protein donor 7997 hydrogen 8009 Ligand acceptor   17 bond energy  1.00 wt 0.99
Protein donor 10752 hydrogen 10763 Ligand acceptor   16 bond energy  1.00 wt 0.88

CHEMSCORE EXTRA INTERACTIONS:

* Clashes                                                                       
Clash for ligand atom  12 (**** ):   0.11
Clash for ligand atom  16 (**** ):   0.06
--------------------------------------------------------------------------------


--------------------------------------------------------------------------------
--- Chromosome decoded                                                       ---
--------------------------------------------------------------------------------
Ligand Torsions
[   9    5    4    3]   -2.60
[  15   14   13    2]  -52.73
[  16   15   14   13]  156.50
Protein Torsions
[6907 6896 6895 6894]  -51.26 
[7974 7965 7964 7962] -146.24 
[8008 7997 7996 7995] -121.25 
[10167 10162 10161 10158]  -20.59 
[10718 10713 10712 10709] -117.40 
[10763 10752 10751 10750]   32.17 
[11005 11000 10999 10996]   58.69 
Mapping
Ligand acceptors to protein hydrogens (mapping then atom ids)
Ligand shape atoms to protein points (mapping then atom ids & coords)
  2  8583 [  6->(151.750 143.750 159.500)]
  3  8428 [  7->(151.500 145.750 160.000)]
  4  9089 [  8->(152.250 143.500 161.500)]
  5  8545 [  9->(151.750 143.000 160.250)]
Chromosome values
Integers:
  -1   -1   -1   -1   -1   -1 8582 8427 9088 8544   -1 
--------------------------------------------------------------------------------

Current Ranking  1  2  5  3  4

--------------------------------------------------------------------------------

* GA execution time :                                                           
  total  0.6214 user  0.6214 sys  0.0000

--------------------------------------------------------------------------------
Fitness function evaluations: 83097

--------------------------------------------------------------------------------
** Docking run number  6 **
--------------------------------------------------------------------------------
  Rank fitness base is 5000.00 ; increment is 11.2233

* Initialising population(s) ...                                                
Number of constraints mappings 0
Number of constraints 0
  Population no.                           :      1
  Population size                          :    100
  Number of duplicates                     :      0
  Number of niche violations               :      0
  Number of errors                         :   9412

Number of constraints mappings 0
Number of constraints 0
  Population no.                           :      2
  Population size                          :    100
  Number of duplicates                     :      0
  Number of niche violations               :      0
  Number of errors                         :   9329

Number of constraints mappings 0
Number of constraints 0
  Population no.                           :      3
  Population size                          :    100
  Number of duplicates                     :      0
  Number of niche violations               :      0
  Number of errors                         :  10014


Doing GA, no. of population(s) 3 size 100 selection pressure 1.100000

 Operation      Score     S(PLP)   S(hbond)     S(cho)   S(metal)  DE(clash)   DE(tors)     intcor
         0      21.55     -20.37       0.44       0.00       0.00       0.00       0.07       0.00
        31      25.31     -22.16       1.40       0.00       0.00       0.00       0.52       0.00
       490      27.75     -22.16       2.21       0.00       0.00       0.00       0.52       0.00
       778      28.64     -24.60       2.00       0.00       0.00       0.00       0.98       0.00
      1489      29.79     -20.71       3.54       0.00       0.00       0.00       0.76       0.00
      1763      30.09     -23.31       2.93       0.00       0.00       0.00       1.00       0.00
      1775      30.66     -23.31       3.12       0.00       0.00       0.00       1.00       0.00
      2240      31.60     -26.23       2.81       0.00       0.00       0.00       1.53       0.00
      2681      32.67     -24.81       2.66       0.00       0.00       0.00       0.07       0.00
      2744      32.74     -24.81       2.69       0.00       0.00       0.00       0.07       0.00
      3230      38.50     -28.88       3.25       0.00       0.00       0.00       0.07       0.00
      4196      38.58     -28.82       3.30       0.00       0.00       0.00       0.07       0.00
      5021      40.30     -31.79       2.88       0.00       0.00       0.00       0.07       0.00
      5843      40.37     -31.44       3.13       0.00       0.00       0.00       0.23       0.00
      7858      41.61     -32.03       3.35       0.00       0.00       0.00       0.23       0.00
     13312      41.61     -31.97       3.35       0.00       0.00       0.00       0.20       0.00
     13464      41.67     -32.21       3.38       0.00       0.00       0.00       0.34       0.00
     14538      44.27     -33.86       3.66       0.00       0.00       0.00       0.28       0.00
     16291      44.61     -36.48       2.80       0.00       0.00       0.00       0.13       0.00
     16925      46.30     -35.59       3.62       0.00       0.00       0.00       0.07       0.00
     17726      46.51     -36.03       3.60       0.00       0.00       0.00       0.16       0.00
     18871      46.67     -36.48       3.49       0.00       0.00       0.00       0.13       0.00
     23775      46.70     -34.68       4.16       0.00       0.00       0.00       0.23       0.00
     25607      46.96     -36.48       3.58       0.00       0.00       0.00       0.13       0.00
     28617      47.21     -34.66       4.26       0.00       0.00       0.00       0.11       0.00
     28667      47.27     -36.75       3.58       0.00       0.00       0.00       0.11       0.00
     30970      47.32     -37.10       3.49       0.00       0.00       0.00       0.12       0.00
--------------------------------------------------------------------------------
Best docking solution after GA:
     31000      47.32     -37.10       3.49       0.00       0.00       0.00       0.12       0.00

#ops:      31000 #mutates:  14751 #cross:    14762 #migrate:   1487 
#dups:      5916 #niche:    14779 #errors:    1454 
--------------------------------------------------------------------------------

Doing AMOEBA simplex on best individual
Done simplexing #iterations 1001, best score  50.25

Ligand is stored in gold_soln_AV-procd_m4338_6.sdf


--------------------------------------------------------------------------------
--- CHEMPLP breakdown of terms                                               ---
--------------------------------------------------------------------------------
CHEMPLP = - ( 1.0000*S(PLP) + -3.0000*S(hbond) + -6.0000*S(metal) + -3.0000*S(cho) )

Score = CHEMPLP - 1.0000*DE(clash) - 2.0000*DE(tors)

Internal energy term has been corrected with the best internal energy encountered.

--------------------------------------------------------------------------------


     Score     S(PLP)   S(hbond)     S(cho)   S(metal)  DE(clash)   DE(tors)     intcor
     50.25     -39.13       3.79       0.00       0.00       0.00       0.13       0.00

--------------------------------------------------------------------------------
--- PLP analysis of protein-ligand interactions                              ---
--------------------------------------------------------------------------------
hydrogen bonding        :      -2.57
metal                   :       0.00
buried (polar-nonpolar) :      -6.51
nonpolar                :     -32.23
repulsive               :       0.46
--------------------------------------------------------------------------------


--------------------------------------------------------------------------------
--- ChemScore analysis of protein-ligand interactions                        ---
--------------------------------------------------------------------------------

* Hydrogen bonds                                                                
Protein donor 7997 hydrogen 8010 Ligand acceptor   17 bond energy  1.00 wt 2.00
Protein donor 10752 hydrogen 10764 Ligand acceptor   16 bond energy  1.00 wt 1.79


* CH..O interactions                                                            
  CH group selection                       : activated ring CH (adjacent to hetatom)

--------------------------------------------------------------------------------


--------------------------------------------------------------------------------
--- Intra-ligand clashes                                                     ---
--------------------------------------------------------------------------------

Ligand
--------------------------------------------------------------------------------

--------------------------------------------------------------------------------
--- Rescoring solution                                                       ---
--------------------------------------------------------------------------------

     Score         DG    S(hbond)    S(metal)    S(lipo)     H(rot)  DE(clash)    DE(int)
     12.95     -15.83       1.68        0.00      73.04       1.49       0.36       2.52

Doing AMOEBA simplex on best individual
Done simplexing #iterations 515, best score  16.37

     Score         DG    S(hbond)    S(metal)    S(lipo)     H(rot)  DE(clash)    DE(int)
     16.37     -16.62       1.88        0.00      74.23       1.49       0.08       0.17

--------------------------------------------------------------------------------
--- ChemScore breakdown of terms                                             ---
--------------------------------------------------------------------------------
DG = -5.4800 + -3.3400*S(hbond)
     + -6.0300*S(metal) + -0.1170*S(lipo) + 2.5600*H(rot)


H(rot) = 1.4931

Score = -(DG + DE(clash) + DE(int))


--------------------------------------------------------------------------------


--------------------------------------------------------------------------------
--- ChemScore analysis of protein-ligand interactions                        ---
--------------------------------------------------------------------------------

* Hydrogen bonds                                                                
Protein donor 7997 hydrogen 8010 Ligand acceptor   17 bond energy  1.00 wt 0.98
Protein donor 10752 hydrogen 10764 Ligand acceptor   16 bond energy  1.00 wt 0.90

CHEMSCORE EXTRA INTERACTIONS:

* Clashes                                                                       
Clash for ligand atom   7 (**** ):   0.06
Clash for ligand atom  16 (**** ):   0.03
--------------------------------------------------------------------------------


--------------------------------------------------------------------------------
--- Chromosome decoded                                                       ---
--------------------------------------------------------------------------------
Ligand Torsions
[   9    5    4    3]   -8.10
[  15   14   13    2]  115.95
[  16   15   14   13]  170.41
Protein Torsions
[6907 6896 6895 6894] -155.27 
[7974 7965 7964 7962]  143.56 
[8008 7997 7996 7995]   91.13 
[10167 10162 10161 10158] -176.36 
[10718 10713 10712 10709]   73.89 
[10763 10752 10751 10750]  -82.72 
[11005 11000 10999 10996]   83.37 
Mapping
Ligand acceptors to protein hydrogens (mapping then atom ids)
  5  21 [ 17->8010]
Ligand shape atoms to protein points (mapping then atom ids & coords)
  2  8893 [  6->(152.000 144.250 160.750)]
  3  8833 [  7->(152.000 143.500 160.250)]
  5  8637 [  9->(151.750 144.500 159.000)]
  6  8223 [ 14->(151.500 138.250 155.500)]
Chromosome values
Integers:
  -1   -1   -1   -1   20   -1 8892 8832   -1 8636 8222 
--------------------------------------------------------------------------------

Current Ranking  1  6  2  5  3  4

--------------------------------------------------------------------------------

* GA execution time :                                                           
  total  0.6231 user  0.6191 sys  0.0040

--------------------------------------------------------------------------------
Fitness function evaluations: 84133

--------------------------------------------------------------------------------
** Docking run number  7 **
--------------------------------------------------------------------------------
  Rank fitness base is 5000.00 ; increment is 11.2233

* Initialising population(s) ...                                                
Number of constraints mappings 0
Number of constraints 0
  Population no.                           :      1
  Population size                          :    100
  Number of duplicates                     :      0
  Number of niche violations               :      0
  Number of errors                         :   9495

Number of constraints mappings 0
Number of constraints 0
  Population no.                           :      2
  Population size                          :    100
  Number of duplicates                     :      0
  Number of niche violations               :      0
  Number of errors                         :   9209

Number of constraints mappings 0
Number of constraints 0
  Population no.                           :      3
  Population size                          :    100
  Number of duplicates                     :      0
  Number of niche violations               :      0
  Number of errors                         :   9417


Doing GA, no. of population(s) 3 size 100 selection pressure 1.100000

 Operation      Score     S(PLP)   S(hbond)     S(cho)   S(metal)  DE(clash)   DE(tors)     intcor
         0      19.81     -20.49       0.54       0.00       0.00       1.85       0.23       0.00
       166      24.64     -23.09       0.93       0.00       0.00       0.00       0.62       0.00
       661      24.77     -23.72       0.85       0.00       0.00       0.00       0.75       0.00
       727      26.06     -27.04       0.00       0.00       0.00       0.00       0.49       0.00
       747      27.43     -27.68       0.04       0.00       0.00       0.00       0.18       0.00
      1159      28.14     -27.68       0.27       0.00       0.00       0.00       0.18       0.00
      1495      30.10     -27.92       0.84       0.00       0.00       0.00       0.18       0.00
      1664      30.66     -24.40       2.98       0.00       0.00       0.00       1.33       0.00
      1729      31.84     -26.82       1.79       0.00       0.00       0.00       0.18       0.00
      2223      33.57     -29.45       1.82       0.00       0.00       0.00       0.67       0.00
      2284      34.45     -27.67       2.85       0.00       0.00       0.00       0.88       0.00
      3480      35.69     -30.35       2.00       0.00       0.00       0.00       0.33       0.00
      3724      38.80     -33.59       1.87       0.00       0.00       0.00       0.19       0.00
      3889      39.37     -34.01       1.91       0.00       0.00       0.00       0.19       0.00
      4065      40.01     -32.50       2.64       0.00       0.00       0.00       0.20       0.00
      5124      40.24     -32.78       2.62       0.00       0.00       0.00       0.20       0.00
      5736      40.32     -33.82       2.28       0.00       0.00       0.00       0.17       0.00
      7847      40.37     -33.14       2.54       0.00       0.00       0.00       0.20       0.00
      8124      42.01     -35.84       2.17       0.00       0.00       0.00       0.17       0.00
      9450      42.26     -35.64       2.32       0.00       0.00       0.00       0.17       0.00
     11670      44.00     -34.99       3.09       0.00       0.00       0.00       0.13       0.00
     12552      44.05     -34.99       3.11       0.00       0.00       0.00       0.13       0.00
     17642      45.59     -34.22       3.89       0.00       0.00       0.00       0.14       0.00
     18770      45.66     -34.24       3.89       0.00       0.00       0.00       0.12       0.00
     21574      45.75     -34.19       3.93       0.00       0.00       0.00       0.12       0.00
     22010      45.91     -34.21       3.97       0.00       0.00       0.00       0.10       0.00
     22992      46.58     -34.76       3.95       0.00       0.00       0.00       0.02       0.00
     25185      46.73     -34.76       4.00       0.00       0.00       0.00       0.02       0.00
     29925      47.10     -35.23       3.98       0.00       0.00       0.00       0.04       0.00
     30027      47.52     -35.58       4.00       0.00       0.00       0.00       0.03       0.00
--------------------------------------------------------------------------------
Best docking solution after GA:
     31000      47.52     -35.58       4.00       0.00       0.00       0.00       0.03       0.00

#ops:      31000 #mutates:  14746 #cross:    14720 #migrate:   1534 
#dups:      6835 #niche:    17089 #errors:    1366 
--------------------------------------------------------------------------------

Doing AMOEBA simplex on best individual
Done simplexing #iterations 548, best score  49.48

Ligand is stored in gold_soln_AV-procd_m4338_7.sdf


--------------------------------------------------------------------------------
--- CHEMPLP breakdown of terms                                               ---
--------------------------------------------------------------------------------
CHEMPLP = - ( 1.0000*S(PLP) + -3.0000*S(hbond) + -6.0000*S(metal) + -3.0000*S(cho) )

Score = CHEMPLP - 1.0000*DE(clash) - 2.0000*DE(tors)

Internal energy term has been corrected with the best internal energy encountered.

--------------------------------------------------------------------------------


     Score     S(PLP)   S(hbond)     S(cho)   S(metal)  DE(clash)   DE(tors)     intcor
     49.48     -38.08       3.82       0.00       0.00       0.00       0.04       0.00

--------------------------------------------------------------------------------
--- PLP analysis of protein-ligand interactions                              ---
--------------------------------------------------------------------------------
hydrogen bonding        :      -2.00
metal                   :       0.00
buried (polar-nonpolar) :      -6.77
nonpolar                :     -31.44
repulsive               :       0.77
--------------------------------------------------------------------------------


--------------------------------------------------------------------------------
--- ChemScore analysis of protein-ligand interactions                        ---
--------------------------------------------------------------------------------

* Hydrogen bonds                                                                
Protein donor 7997 hydrogen 8009 Ligand acceptor   16 bond energy  1.00 wt 2.00
Protein donor 10752 hydrogen 10765 Ligand acceptor   17 bond energy  1.00 wt 1.82


* CH..O interactions                                                            
  CH group selection                       : activated ring CH (adjacent to hetatom)

--------------------------------------------------------------------------------


--------------------------------------------------------------------------------
--- Intra-ligand clashes                                                     ---
--------------------------------------------------------------------------------

Ligand
--------------------------------------------------------------------------------

--------------------------------------------------------------------------------
--- Rescoring solution                                                       ---
--------------------------------------------------------------------------------

     Score         DG    S(hbond)    S(metal)    S(lipo)     H(rot)  DE(clash)    DE(int)
     12.49     -16.26       1.84        0.00      72.31       1.49       0.07       3.71

Doing AMOEBA simplex on best individual
Done simplexing #iterations 759, best score  16.40

     Score         DG    S(hbond)    S(metal)    S(lipo)     H(rot)  DE(clash)    DE(int)
     16.40     -16.54       1.87        0.00      73.91       1.49       0.02       0.12

--------------------------------------------------------------------------------
--- ChemScore breakdown of terms                                             ---
--------------------------------------------------------------------------------
DG = -5.4800 + -3.3400*S(hbond)
     + -6.0300*S(metal) + -0.1170*S(lipo) + 2.5600*H(rot)


H(rot) = 1.4931

Score = -(DG + DE(clash) + DE(int))


--------------------------------------------------------------------------------


--------------------------------------------------------------------------------
--- ChemScore analysis of protein-ligand interactions                        ---
--------------------------------------------------------------------------------

* Hydrogen bonds                                                                
Protein donor 7997 hydrogen 8009 Ligand acceptor   16 bond energy  1.00 wt 0.97
Protein donor 10752 hydrogen 10765 Ligand acceptor   17 bond energy  1.00 wt 0.90

CHEMSCORE EXTRA INTERACTIONS:

* Clashes                                                                       
Clash for ligand atom   3 (**** ):   0.01
--------------------------------------------------------------------------------


--------------------------------------------------------------------------------
--- Chromosome decoded                                                       ---
--------------------------------------------------------------------------------
Ligand Torsions
[   9    5    4    3]  174.77
[  15   14   13    2]  120.19
[  16   15   14   13]   -4.84
Protein Torsions
[6907 6896 6895 6894] -121.41 
[7974 7965 7964 7962] -178.82 
[8008 7997 7996 7995] -147.18 
[10167 10162 10161 10158]   -7.77 
[10718 10713 10712 10709]  136.40 
[10763 10752 10751 10750]  155.65 
[11005 11000 10999 10996] -130.57 
Mapping
Ligand acceptors to protein hydrogens (mapping then atom ids)
Ligand shape atoms to protein points (mapping then atom ids & coords)
  2  8666 [  6->(151.750 145.000 158.750)]
  3  8164 [  7->(151.250 145.750 160.500)]
  4  8959 [  8->(152.000 145.500 160.500)]
  5  9552 [  9->(153.000 142.500 160.500)]
  6  7273 [ 14->(150.500 137.750 155.000)]
Chromosome values
Integers:
  -1   -1   -1   -1   -1   -1 8665 8163 8958 9551 7272 
--------------------------------------------------------------------------------

Current Ranking  1  6  7  2  5  3  4

Top  3 (of  7) solutions are within 1.500 RMSD, finishing docking /DATA2/COVID-19/PDBs_&_Models/AV-procd.sdf.


--------------------------------------------------------------------------------

* GA execution time :                                                           
  total  0.6189 user  0.6189 sys  0.0000

--------------------------------------------------------------------------------
Fitness function evaluations: 82594

--------------------------------------------------------------------------------
--- Ranking analysis                                                         ---
--------------------------------------------------------------------------------


* Final ranked order of GA solutions:                                           
   1  6  7  2  5  3  4 

  _______________________________
  RMSD Matrix of RANKED solutions

        2    3    4    5    6    7  

   1 :  0.3  0.4  2.1  2.1  2.2  0.9
   2 :       0.2  2.1  2.1  2.2  0.7
   3 :            2.1  2.0  2.1  0.7
   4 :                 0.5  0.7  2.1
   5 :                      0.7  2.1
   6 :                           2.0

  Clustering method                        : complete linkage
  Structure ids in cluster table           : rank nos.
  Ordering of clusters and their members   : by rank (order if from rms_analysis)

  Distance | Clusters
   0.18    |  1 |  2  3 |  4 |  5 |  6 |  7 |
   0.35    |  1  2  3 |  4 |  5 |  6 |  7 |
   0.48    |  1  2  3 |  4  5 |  6 |  7 |
   0.74    |  1  2  3 |  4  5  6 |  7 |
   0.86    |  1  2  3  7 |  4  5  6 |
   2.23    |  1  2  3  4  5  6  7 |
  Finished Docking Ligand                  : /DATA2/COVID-19/PDBs_&_Models/AV-procd.sdf
--------------------------------------------------------------------------------

  Relative_Ligand_Energy (best encountered) :   0.000
  Relative_Ligand_Energy: fitness values have been corrected using this amount
