
--------------------------------------------------------------------------------
--- Ligand                                                                   ---
--------------------------------------------------------------------------------
  Ligand loaded from file                  : /DATA2/COVID-19/PDBs_&_Models/AV-procd.sdf
  Ligand name                              :  
  "AV-unprocessed.smi:497                                                   "

--------------------------------------------------------------------------------
  N.plc donors                             : 
  none found

  Acidic nitrogen acceptors                : 
  none found
  Sulfur acceptors                         :
  none found


  Donor atoms                              :      1
  8   
  Acceptor atoms                           :      4
  2   10  15  16  

  Hydrogens                                :  (n = 1)
  32   

  Lone pairs added to molecule             :      7
  Numbering                                : from 40 to 46
  Choline groups                           : 
   

--------------------------------------------------------------------------------
--- Postprocessing of typing                                                 ---
--------------------------------------------------------------------------------
  Fragment file                            : /home/scv26/CCDC/Discovery_2020/GOLD/gold/rotatable_bond_override.mol2
  acylurea fragment                        : no matches
  thioacylthiourea fragment                : no matches
  acylthiourea fragment                    : no matches
  thioacylurea fragment                    : no matches
  diarylamine fragment >C.ar-NH-C.ar<      : no matches
  sec-amine (1) fragment                   : no matches
  sec-amine (2) fragment                   : 1 matches
  Ligand bond 5-22  set to 1
  Ligand bond 5-4  set to 1
  Ligand bond 5-6  set to 1
  sec-amine (3) fragment                   : 1 matches
  Ligand bond 5-22  set to 1
  Ligand bond 5-6  set to 1
  Ligand bond 5-4  set to 1
  carboxylic ester                         : no matches

* Rotatable bonds in /DATA2/COVID-19/PDBs  :
  [   2    3] [   3    4] [   4    5] [   6    7] 
  [   7    8] [   9   11] 
  No. of rotatable bonds                   :      6


* Fragments found in /DATA2/COVID-19/PDBs  :
  atom  17: benzene
  atom  18: benzene
  atom  19: benzene
  atom  20: benzene
  atom  21: benzene
  atom  22: benzene


* Checking torsion distributions:                                               
  No. of matched torsions                  :      0

--------------------------------------------------------------------------------
--- Shape fitting atoms selection (hydrophobic atoms)                        ---
--------------------------------------------------------------------------------
  Molecule                                 : /DATA2/COVID-19/PDBs_&_Models/AV-procd.sdf
  Selection                                : carbons only
  Atom numbers                             :  (n = 11)
  1    3    4    7    12   13   14   18   19   20   
  21   


--------------------------------------------------------------------------------
--- ChemScore ligand setup summary                                           ---
--------------------------------------------------------------------------------
  ChemScore ligand acceptors               :      4
  2 10 15 16 
  ChemScore ligand donors                  :      1
  8 ( 32  ) 
  ChemScore ligand CH donors               :      1
  14 ( 35 ) 

  ChemScore ligand lipophilic atoms        :  (n = 14)
  1    3    4    7    11   12   13   14   17   18   
  19   20   21   22   

  ChemScore ligand rotatable bonds         :      6
  2   (****) - 3   (****): SP3_SP3_BOND
  3   (****) - 4   (****): SP3_SP3_BOND
  4   (****) - 5   (****): SP3_SP2_BOND
  6   (****) - 7   (****): SP3_SP2_BOND
  7   (****) - 8   (****): SP3_SP2_BOND
  9   (****) - 11  (****): SP2_SP2_BOND

--------------------------------------------------------------------------------
--- PLP ligand setup summary                                                 ---
--------------------------------------------------------------------------------
    1  ****   C.3 NONPOLAR
    2  ****   O.3 ACCEPTOR
    3  ****   C.3 NONPOLAR
    4  ****   C.3 NONPOLAR
    5  **** N.pl3 NONPOLAR
    6  ****   C.2 NONPOLAR
    7  ****   C.3 NONPOLAR
    8  ****  N.am DONOR
    9  ****   C.2 NONPOLAR
   10  ****   O.2 ACCEPTOR
   11  ****   C.2 NONPOLAR
   12  ****   C.2 NONPOLAR
   13  ****   C.2 NONPOLAR
   14  ****   C.2 NONPOLAR
   15  ****   O.3 ACCEPTOR
   16  ****   N.2 ACCEPTOR
   17  ****  C.ar NONPOLAR
   18  ****  C.ar NONPOLAR
   19  ****  C.ar NONPOLAR
   20  ****  C.ar NONPOLAR
   21  ****  C.ar NONPOLAR
   22  ****  C.ar NONPOLAR


--------------------------------------------------------------------------------
--- Automatic parameter setting                                              ---
--------------------------------------------------------------------------------
  Contribution base                        :   2500
  Contribution per rotatable bond          :   6000
  Contribution per df                      :   4000
  Contribution per water                   :  10000
  Ligand rotatable bonds                   :      6
  Protein flexible side chain bonds        :      0
  Total rotatable bonds                    :      6
  Hydrophobic vol ratio (P/L)              :   2.097
  Base multiplier (polar)                  :   1.000
  Base multiplier (apolar)                 :   4.614
  Base contribution                        : 12500.000
  Fitting points                           :      5
  Estimated maxops needed (optimal)        :  49000

--------------------------------------------------------------------------------

* Population settings                                                           
  maxops                                   :  49000
  popsiz                                   :    100
  select_pressure                          :   1.100
  n_islands                                :      4
  niche_siz                                :      2

* GA settings                                                                   
  pt_crosswt                               :     95
  allele_mutatewt                          :     95
  migratewt                                :     10

* Search settings                                                               
  start_vdw_linear_cutoff                  :   4.000
  initial_virtual_pt_match_max             :   3.000

--------------------------------------------------------------------------------

* Ligand initialisation time :                                                  
  total  0.0113 user  0.0113 sys  0.0000

--------------------------------------------------------------------------------

--------------------------------------------------------------------------------
** Docking run number  1 **
--------------------------------------------------------------------------------
  Rank fitness base is 5000.00 ; increment is 11.2233

* Initialising population(s) ...                                                
Number of constraints mappings 0
Number of constraints 0
  Population no.                           :      1
  Population size                          :    100
  Number of duplicates                     :      0
  Number of niche violations               :      0
  Number of errors                         :   4816

Number of constraints mappings 0
Number of constraints 0
  Population no.                           :      2
  Population size                          :    100
  Number of duplicates                     :      0
  Number of niche violations               :      0
  Number of errors                         :   4783

Number of constraints mappings 0
Number of constraints 0
  Population no.                           :      3
  Population size                          :    100
  Number of duplicates                     :      0
  Number of niche violations               :      0
  Number of errors                         :   4754

Number of constraints mappings 0
Number of constraints 0
  Population no.                           :      4
  Population size                          :    100
  Number of duplicates                     :      0
  Number of niche violations               :      0
  Number of errors                         :   4635


Doing GA, no. of population(s) 4 size 100 selection pressure 1.100000

 Operation      Score     S(PLP)   S(hbond)     S(cho)   S(metal)  DE(clash)   DE(tors)     intcor
         0      21.29     -19.94       1.00       0.00       0.00       0.00       1.37       0.40
       253      27.30     -26.14       1.00       0.00       0.00       0.00       1.12       0.40
      1964      30.62     -31.61       0.70       0.00       0.00       0.00       1.75       0.40
      2280      32.88     -32.63       0.70       0.00       0.00       0.00       1.12       0.40
      5640      33.03     -32.46       0.85       0.00       0.00       0.00       1.15       0.32
      7485      33.91     -32.93       1.00       0.00       0.00       0.00       1.17       0.32
      8643      34.26     -31.18       1.00       0.67       0.00       0.00       1.12       0.32
     10081      35.21     -31.22       1.90       0.00       0.00       0.00       1.02       0.32
     11596      35.62     -33.63       1.00       0.00       0.00       0.00       0.66       0.32
     11975      35.84     -33.97       1.00       0.00       0.00       0.00       0.73       0.32
     12108      37.57     -35.46       1.99       0.00       0.00       0.40       1.89       0.32
     15857      38.38     -31.15       2.85       0.00       0.00       0.00       0.79       0.27
     16690      38.61     -30.60       3.00       0.00       0.00       0.00       0.63       0.27
     18169      39.70     -32.54       2.83       0.00       0.00       0.00       0.79       0.27
     18268      39.93     -36.73       1.46       0.00       0.00       0.00       0.72       0.27
     18758      40.73     -32.85       2.96       0.00       0.00       0.00       0.63       0.27
     19541      44.51     -36.87       2.89       0.00       0.00       0.00       0.66       0.27
     22605      45.63     -37.79       2.96       0.00       0.00       0.00       0.66       0.27
     23194      46.91     -39.92       3.00       0.00       0.00       0.00       1.14       0.27
     24057      47.13     -38.82       3.01       0.00       0.00       0.00       0.50       0.27
     25138      47.24     -40.16       3.00       0.00       0.00       0.00       1.09       0.27
     25234      49.24     -39.33       3.60       0.00       0.00       0.00       0.57       0.27
     25939      49.33     -39.36       3.68       0.00       0.00       0.00       0.67       0.27
     26358      51.59     -40.90       3.86       0.00       0.00       0.00       0.57       0.27
     27731      51.73     -41.14       3.86       0.00       0.00       0.00       0.63       0.27
     29079      52.06     -41.57       3.76       0.00       0.00       0.00       0.52       0.27
     31350      52.31     -42.31       3.63       0.00       0.00       0.00       0.57       0.27
     32570      52.31     -42.28       3.63       0.00       0.00       0.00       0.56       0.27
     33226      52.61     -42.41       3.63       0.00       0.00       0.00       0.47       0.27
     33550      52.79     -42.59       3.64       0.00       0.00       0.00       0.50       0.27
     33767      52.80     -42.49       3.64       0.00       0.00       0.00       0.44       0.27
     35994      52.96     -42.78       3.68       0.00       0.00       0.00       0.56       0.27
     37454      53.07     -43.02       3.63       0.00       0.00       0.00       0.55       0.27
     38347      53.08     -42.95       3.64       0.00       0.00       0.00       0.53       0.27
     38383      53.08     -42.67       3.71       0.00       0.00       0.00       0.49       0.27
     39042      53.14     -43.08       3.61       0.00       0.00       0.00       0.52       0.27
     39131      53.16     -43.23       3.64       0.00       0.00       0.00       0.63       0.27
     40285      53.26     -42.80       3.74       0.00       0.00       0.00       0.52       0.27
     40853      53.43     -42.90       3.78       0.00       0.00       0.00       0.53       0.27
     41769      53.45     -43.02       3.78       0.00       0.00       0.00       0.59       0.27
     42385      53.62     -43.08       3.79       0.00       0.00       0.00       0.55       0.27
     42725      53.66     -43.22       3.79       0.00       0.00       0.00       0.60       0.27
     43665      53.72     -43.13       3.81       0.00       0.00       0.00       0.55       0.27
     45289      53.76     -43.17       3.81       0.00       0.00       0.00       0.55       0.27
     46348      53.92     -43.32       3.82       0.00       0.00       0.00       0.57       0.27
     47852      54.00     -43.50       3.82       0.00       0.00       0.00       0.62       0.27
--------------------------------------------------------------------------------
Best docking solution after GA:
     49000      54.00     -43.50       3.82       0.00       0.00       0.00       0.62       0.27

#ops:      49000 #mutates:  23187 #cross:    23356 #migrate:   2457 
#dups:     12162 #niche:    25383 #errors:    2911 
--------------------------------------------------------------------------------

Doing AMOEBA simplex on best individual
Done simplexing #iterations 525, best score  56.24

Ligand is stored in gold_soln_AV-procd_m2724_1.sdf


--------------------------------------------------------------------------------
--- CHEMPLP breakdown of terms                                               ---
--------------------------------------------------------------------------------
CHEMPLP = - ( 1.0000*S(PLP) + -3.0000*S(hbond) + -6.0000*S(metal) + -3.0000*S(cho) )

Score = CHEMPLP - 1.0000*DE(clash) - 2.0000*DE(tors)

Internal energy term has been corrected with the best internal energy encountered.

--------------------------------------------------------------------------------


     Score     S(PLP)   S(hbond)     S(cho)   S(metal)  DE(clash)   DE(tors)     intcor
     56.24     -45.51       3.79       0.00       0.00       0.00       0.46       0.27

--------------------------------------------------------------------------------
--- PLP analysis of protein-ligand interactions                              ---
--------------------------------------------------------------------------------
hydrogen bonding        :      -4.00
metal                   :       0.00
buried (polar-nonpolar) :      -6.51
nonpolar                :     -36.17
repulsive               :       0.31
--------------------------------------------------------------------------------


--------------------------------------------------------------------------------
--- ChemScore analysis of protein-ligand interactions                        ---
--------------------------------------------------------------------------------

* Hydrogen bonds                                                                
Protein donor 6896 hydrogen 6907 Ligand acceptor   10 bond energy  1.00 wt 1.00
Protein donor 6931 hydrogen 6943 Ligand acceptor   15 bond energy  1.00 wt 0.99
Protein donor 6934 hydrogen 6947 Ligand acceptor   15 bond energy  1.00 wt 0.80
Protein donor 7989 hydrogen 7998 Ligand acceptor    2 bond energy  1.00 wt 1.00


* CH..O interactions                                                            
  CH group selection                       : activated ring CH (adjacent to hetatom)

--------------------------------------------------------------------------------


--------------------------------------------------------------------------------
--- Intra-ligand clashes                                                     ---
--------------------------------------------------------------------------------

Ligand
--------------------------------------------------------------------------------

--------------------------------------------------------------------------------
--- Rescoring solution                                                       ---
--------------------------------------------------------------------------------

     Score         DG    S(hbond)    S(metal)    S(lipo)     H(rot)  DE(clash)    DE(int)
     17.21     -18.40       1.55        0.00     107.83       1.90       0.57       0.62

Doing AMOEBA simplex on best individual
Done simplexing #iterations 872, best score  22.57

     Score         DG    S(hbond)    S(metal)    S(lipo)     H(rot)  DE(clash)    DE(int)
     22.57     -23.17       2.79        0.00     113.09       1.90       0.13       0.46

--------------------------------------------------------------------------------
--- ChemScore breakdown of terms                                             ---
--------------------------------------------------------------------------------
DG = -5.4800 + -3.3400*S(hbond)
     + -6.0300*S(metal) + -0.1170*S(lipo) + 2.5600*H(rot)


H(rot) = 1.9039

Score = -(DG + DE(clash) + DE(int))


--------------------------------------------------------------------------------


--------------------------------------------------------------------------------
--- ChemScore analysis of protein-ligand interactions                        ---
--------------------------------------------------------------------------------

* Hydrogen bonds                                                                
Protein donor 6896 hydrogen 6907 Ligand acceptor   10 bond energy  1.00 wt 0.67
Protein donor 6931 hydrogen 6943 Ligand acceptor   15 bond energy  1.00 wt 0.57
Protein donor 6934 hydrogen 6947 Ligand acceptor   15 bond energy  1.00 wt 0.62
Protein donor 7989 hydrogen 7998 Ligand acceptor    2 bond energy  1.00 wt 0.94

CHEMSCORE EXTRA INTERACTIONS:

* Clashes                                                                       
Clash for ligand atom   1 (**** ):   0.07
Clash for ligand atom   8 (**** ):   0.07
--------------------------------------------------------------------------------


--------------------------------------------------------------------------------
--- Chromosome decoded                                                       ---
--------------------------------------------------------------------------------
Ligand Torsions
[   1    2    3    4]   94.77
[   2    3    4    5]  -64.49
[   3    4    5   22]  117.52
[   8    7    6    5] -111.32
[   9    8    7    6] -167.34
[  15   11    9    8]   12.01
Protein Torsions
[6907 6896 6895 6894]  -65.02 
[7974 7965 7964 7962]  117.14 
[8008 7997 7996 7995] -178.18 
[10167 10162 10161 10158]  135.90 
[10718 10713 10712 10709]  -23.83 
[10763 10752 10751 10750]  146.46 
[11005 11000 10999 10996]  165.47 
Mapping
Ligand acceptors to protein hydrogens (mapping then atom ids)
  1  18 [  2->7998]
  2   3 [ 10->6907]
  3  11 [ 15->6947]
Ligand hydrogens to protein acceptors (mapping then atom ids)
Ligand shape atoms to protein points (mapping then atom ids & coords)
  6  5693 [ 13->(147.250 135.250 162.500)]
  9  9252 [ 19->(152.500 143.000 158.750)]
 10  9614 [ 20->(153.000 143.750 159.500)]
Chromosome values
Integers:
  17    2   10   -1   -1   -1   -1   -1   -1   -1 5692   -1 
  -1 9251 9613   -1 
--------------------------------------------------------------------------------

Current Ranking  1

--------------------------------------------------------------------------------

* GA execution time :                                                           
  total  0.9447 user  0.9447 sys  0.0000

--------------------------------------------------------------------------------
Fitness function evaluations: 101271

--------------------------------------------------------------------------------
** Docking run number  2 **
--------------------------------------------------------------------------------
  Rank fitness base is 5000.00 ; increment is 11.2233

* Initialising population(s) ...                                                
Number of constraints mappings 0
Number of constraints 0
  Population no.                           :      1
  Population size                          :    100
  Number of duplicates                     :      0
  Number of niche violations               :      0
  Number of errors                         :   4588

Number of constraints mappings 0
Number of constraints 0
  Population no.                           :      2
  Population size                          :    100
  Number of duplicates                     :      0
  Number of niche violations               :      0
  Number of errors                         :   4617

Number of constraints mappings 0
Number of constraints 0
  Population no.                           :      3
  Population size                          :    100
  Number of duplicates                     :      0
  Number of niche violations               :      0
  Number of errors                         :   4751

Number of constraints mappings 0
Number of constraints 0
  Population no.                           :      4
  Population size                          :    100
  Number of duplicates                     :      0
  Number of niche violations               :      0
  Number of errors                         :   4980


Doing GA, no. of population(s) 4 size 100 selection pressure 1.100000

 Operation      Score     S(PLP)   S(hbond)     S(cho)   S(metal)  DE(clash)   DE(tors)     intcor
         0      24.18     -24.88       0.00       0.00       0.00       0.00       0.49       0.27
      3539      26.80     -25.71       0.00       1.00       0.00       0.00       1.09       0.27
      3816      27.88     -28.20       0.36       0.00       0.00       0.00       0.83       0.27
      5333      28.72     -27.65       0.84       0.00       0.00       0.00       0.87       0.27
      6504      29.03     -29.46       0.76       0.00       0.00       0.00       1.49       0.27
      6560      29.47     -28.81       1.00       0.00       0.00       0.00       1.31       0.27
      6784      29.48     -30.92       0.00       0.00       0.00       0.00       0.85       0.27
      6904      30.38     -30.53       0.42       0.00       0.00       0.00       0.84       0.27
      7904      32.04     -30.53       0.98       0.00       0.00       0.00       0.84       0.27
      8516      32.11     -30.53       1.00       0.00       0.00       0.00       0.84       0.27
      9787      33.27     -30.53       1.39       0.00       0.00       0.00       0.84       0.27
     10687      33.83     -34.25       0.69       0.00       0.00       0.00       1.38       0.27
     12925      34.55     -34.36       0.89       0.00       0.00       0.00       1.38       0.27
     13113      34.61     -34.60       0.83       0.00       0.00       0.00       1.38       0.27
     13286      39.50     -36.11       1.59       0.00       0.00       0.00       0.83       0.27
     15786      39.92     -36.77       1.54       0.00       0.00       0.00       0.87       0.27
     15802      40.31     -36.98       1.57       0.00       0.00       0.00       0.83       0.27
     22755      40.54     -39.31       1.14       0.00       0.00       0.00       1.23       0.27
     23606      40.99     -37.23       1.71       0.00       0.00       0.00       0.83       0.27
     23825      42.41     -39.05       1.99       0.00       0.00       0.00       1.44       0.27
     24961      42.70     -39.53       1.93       0.00       0.00       0.00       1.44       0.27
     26985      42.72     -39.65       1.99       0.00       0.00       0.00       1.59       0.27
     26998      43.03     -39.58       2.00       0.00       0.00       0.00       1.41       0.27
     27320      43.24     -39.85       2.00       0.00       0.00       0.00       1.44       0.27
     29065      43.25     -39.80       2.00       0.00       0.00       0.00       1.39       0.22
     29300      43.26     -40.12       2.00       0.00       0.00       0.00       1.54       0.22
     29468      43.30     -40.23       1.99       0.00       0.00       0.00       1.56       0.22
     30633      43.32     -39.86       2.00       0.00       0.00       0.00       1.36       0.17
     31568      43.36     -40.49       1.93       0.00       0.00       0.00       1.54       0.17
     32466      43.44     -40.07       2.00       0.00       0.00       0.00       1.40       0.17
     32992      44.45     -40.71       2.00       0.00       0.00       0.00       1.21       0.17
     36664      44.46     -40.75       2.00       0.00       0.00       0.00       1.23       0.17
     36724      44.89     -41.12       2.00       0.00       0.00       0.00       1.20       0.17
     37091      44.90     -40.84       2.00       0.00       0.00       0.00       1.05       0.17
     37212      45.00     -41.26       2.00       0.00       0.00       0.00       1.21       0.17
     39316      45.00     -41.21       2.00       0.00       0.00       0.00       1.19       0.17
     39853      45.16     -41.21       2.00       0.00       0.00       0.00       1.11       0.17
     40403      45.20     -41.24       2.00       0.00       0.00       0.00       1.10       0.17
     40668      45.31     -41.81       1.83       0.00       0.00       0.00       1.08       0.17
     40960      45.58     -41.64       2.00       0.00       0.00       0.00       1.11       0.17
     41476      45.61     -41.80       2.00       0.00       0.00       0.00       1.18       0.17
     42735      45.67     -42.06       2.00       0.00       0.00       0.00       1.28       0.17
     42816      45.69     -40.33       2.52       0.00       0.00       0.00       1.19       0.17
     43244      45.92     -41.96       2.00       0.00       0.00       0.00       1.10       0.17
     43394      46.06     -42.60       1.98       0.00       0.00       0.00       1.32       0.17
     43482      46.09     -42.13       2.00       0.00       0.00       0.00       1.10       0.17
     43870      46.52     -42.60       2.00       0.00       0.00       0.00       1.12       0.17
     44950      46.66     -43.06       2.00       0.00       0.00       0.00       1.28       0.17
     46682      46.68     -43.11       2.00       0.00       0.00       0.00       1.30       0.17
     47050      46.70     -42.96       2.00       0.00       0.00       0.00       1.21       0.17
     47530      46.72     -43.02       1.99       0.00       0.00       0.00       1.22       0.17
     47554      46.73     -43.13       2.00       0.00       0.00       0.00       1.28       0.17
     48374      46.73     -42.98       2.00       0.00       0.00       0.00       1.21       0.17
     48554      46.75     -43.01       2.00       0.00       0.00       0.00       1.21       0.17
     48654      46.80     -43.24       2.00       0.00       0.00       0.00       1.30       0.17
--------------------------------------------------------------------------------
Best docking solution after GA:
     49000      46.80     -43.24       2.00       0.00       0.00       0.00       1.30       0.17

#ops:      49000 #mutates:  23084 #cross:    23530 #migrate:   2386 
#dups:     13419 #niche:    24680 #errors:    3465 
--------------------------------------------------------------------------------

Doing AMOEBA simplex on best individual
Done simplexing #iterations 553, best score  47.83

Ligand is stored in gold_soln_AV-procd_m2724_2.sdf


--------------------------------------------------------------------------------
--- CHEMPLP breakdown of terms                                               ---
--------------------------------------------------------------------------------
CHEMPLP = - ( 1.0000*S(PLP) + -3.0000*S(hbond) + -6.0000*S(metal) + -3.0000*S(cho) )

Score = CHEMPLP - 1.0000*DE(clash) - 2.0000*DE(tors)

Internal energy term has been corrected with the best internal energy encountered.

--------------------------------------------------------------------------------


     Score     S(PLP)   S(hbond)     S(cho)   S(metal)  DE(clash)   DE(tors)     intcor
     47.83     -44.05       1.98       0.00       0.00       0.00       1.17       0.17

--------------------------------------------------------------------------------
--- PLP analysis of protein-ligand interactions                              ---
--------------------------------------------------------------------------------
hydrogen bonding        :      -1.99
metal                   :       0.00
buried (polar-nonpolar) :      -6.98
nonpolar                :     -35.22
repulsive               :       0.21
--------------------------------------------------------------------------------


--------------------------------------------------------------------------------
--- ChemScore analysis of protein-ligand interactions                        ---
--------------------------------------------------------------------------------

* Hydrogen bonds                                                                
Protein donor 6896 hydrogen 6907 Ligand acceptor   10 bond energy  1.00 wt 0.99
Protein donor 6931 hydrogen 6943 Ligand acceptor   15 bond energy  1.00 wt 0.99


* CH..O interactions                                                            
  CH group selection                       : activated ring CH (adjacent to hetatom)

--------------------------------------------------------------------------------


--------------------------------------------------------------------------------
--- Intra-ligand clashes                                                     ---
--------------------------------------------------------------------------------

Ligand
--------------------------------------------------------------------------------

--------------------------------------------------------------------------------
--- Rescoring solution                                                       ---
--------------------------------------------------------------------------------

     Score         DG    S(hbond)    S(metal)    S(lipo)     H(rot)  DE(clash)    DE(int)
     16.18     -18.51       1.49        0.00     110.50       1.90       0.25       2.08

Doing AMOEBA simplex on best individual
Done simplexing #iterations 811, best score  18.32

     Score         DG    S(hbond)    S(metal)    S(lipo)     H(rot)  DE(clash)    DE(int)
     18.32     -19.78       1.84        0.00     111.26       1.90       0.02       1.44

--------------------------------------------------------------------------------
--- ChemScore breakdown of terms                                             ---
--------------------------------------------------------------------------------
DG = -5.4800 + -3.3400*S(hbond)
     + -6.0300*S(metal) + -0.1170*S(lipo) + 2.5600*H(rot)


H(rot) = 1.9039

Score = -(DG + DE(clash) + DE(int))


--------------------------------------------------------------------------------


--------------------------------------------------------------------------------
--- ChemScore analysis of protein-ligand interactions                        ---
--------------------------------------------------------------------------------

* Hydrogen bonds                                                                
Protein donor 6896 hydrogen 6907 Ligand acceptor   10 bond energy  1.00 wt 0.97
Protein donor 6931 hydrogen 6943 Ligand acceptor   15 bond energy  1.00 wt 0.88

CHEMSCORE EXTRA INTERACTIONS:

* Clashes                                                                       
Clash for ligand atom  19 (**** ):   0.01
--------------------------------------------------------------------------------


--------------------------------------------------------------------------------
--- Chromosome decoded                                                       ---
--------------------------------------------------------------------------------
Ligand Torsions
[   1    2    3    4]  -90.46
[   2    3    4    5] -179.19
[   3    4    5   22] -123.36
[   8    7    6    5] -102.04
[   9    8    7    6]  -96.79
[  15   11    9    8] -142.76
Protein Torsions
[6907 6896 6895 6894]  -11.90 
[7974 7965 7964 7962]  -11.51 
[8008 7997 7996 7995]    4.17 
[10167 10162 10161 10158]   32.41 
[10718 10713 10712 10709]  -93.24 
[10763 10752 10751 10750]   -5.69 
[11005 11000 10999 10996] -159.74 
Mapping
Ligand acceptors to protein hydrogens (mapping then atom ids)
  1  18 [  2->7998]
  2   3 [ 10->6907]
Ligand hydrogens to protein acceptors (mapping then atom ids)
Ligand shape atoms to protein points (mapping then atom ids & coords)
  1  5773 [  1->(147.250 141.000 153.750)]
  2  6273 [  3->(148.250 141.000 155.000)]
  8  9422 [ 18->(152.750 142.750 160.750)]
 10  8919 [ 20->(152.000 144.750 158.500)]
 11  8901 [ 21->(152.000 144.500 158.000)]
Chromosome values
Integers:
  17    2   -1   -1   -1 5772 6272   -1   -1   -1   -1   -1 
9421   -1 8918 8900 
--------------------------------------------------------------------------------

Current Ranking  1  2

--------------------------------------------------------------------------------

* GA execution time :                                                           
  total  0.9477 user  0.9437 sys  0.0040

--------------------------------------------------------------------------------
Fitness function evaluations: 101363

--------------------------------------------------------------------------------
** Docking run number  3 **
--------------------------------------------------------------------------------
  Rank fitness base is 5000.00 ; increment is 11.2233

* Initialising population(s) ...                                                
Number of constraints mappings 0
Number of constraints 0
  Population no.                           :      1
  Population size                          :    100
  Number of duplicates                     :      0
  Number of niche violations               :      0
  Number of errors                         :   4733

Number of constraints mappings 0
Number of constraints 0
  Population no.                           :      2
  Population size                          :    100
  Number of duplicates                     :      0
  Number of niche violations               :      0
  Number of errors                         :   4881

Number of constraints mappings 0
Number of constraints 0
  Population no.                           :      3
  Population size                          :    100
  Number of duplicates                     :      0
  Number of niche violations               :      0
  Number of errors                         :   4579

Number of constraints mappings 0
Number of constraints 0
  Population no.                           :      4
  Population size                          :    100
  Number of duplicates                     :      0
  Number of niche violations               :      0
  Number of errors                         :   4579


Doing GA, no. of population(s) 4 size 100 selection pressure 1.100000

 Operation      Score     S(PLP)   S(hbond)     S(cho)   S(metal)  DE(clash)   DE(tors)     intcor
         0      17.68     -21.85       0.00       0.00       0.00       0.00       2.17       0.17
       734      17.84     -17.87       0.59       0.00       0.00       0.00       0.99       0.17
       925      17.88     -19.59       0.00       0.00       0.00       0.00       0.94       0.17
      1229      18.59     -17.33       0.90       0.00       0.00       0.00       0.80       0.17
      1475      21.73     -23.82       0.00       0.00       0.00       0.00       1.13       0.17
      3972      23.70     -21.60       1.00       0.00       0.00       0.00       0.53       0.17
      4218      24.49     -23.88       0.76       0.00       0.00       0.00       0.91       0.17
      4414      24.54     -23.91       0.76       0.00       0.00       0.00       0.91       0.17
      5043      25.03     -22.52       1.38       0.00       0.00       0.00       0.90       0.17
      6587      26.24     -22.74       1.63       0.00       0.00       0.00       0.77       0.17
      7158      26.24     -28.36       0.00       0.00       0.00       0.00       1.15       0.17
      7272      26.84     -26.11       0.88       0.00       0.00       1.17       0.45       0.17
      7563      28.64     -29.40       0.71       0.00       0.00       0.00       1.53       0.17
      8959      31.46     -31.66       0.59       0.00       0.00       0.00       1.08       0.17
     10945      31.97     -29.99       0.96       0.00       0.00       0.00       0.53       0.17
     11381      31.99     -29.99       0.97       0.00       0.00       0.00       0.53       0.17
     12089      33.41     -33.64       0.21       0.00       0.00       0.00       0.51       0.17
     12169      34.70     -29.99       1.87       0.00       0.00       0.00       0.53       0.17
     12429      36.25     -31.15       2.00       0.00       0.00       0.00       0.53       0.17
     20383      36.32     -35.19       0.69       0.00       0.00       0.00       0.56       0.17
     20572      36.72     -35.23       0.77       0.00       0.00       0.00       0.50       0.17
     20843      40.83     -37.55       1.41       0.00       0.00       0.00       0.56       0.17
     24878      46.54     -40.97       2.35       0.00       0.00       0.00       0.82       0.17
     35054      46.64     -41.04       2.34       0.00       0.00       0.00       0.80       0.17
     35314      47.10     -41.03       2.45       0.00       0.00       0.00       0.73       0.17
     36446      47.54     -40.95       2.62       0.00       0.00       0.00       0.72       0.17
     40496      47.61     -41.06       2.61       0.00       0.00       0.00       0.72       0.17
     41406      47.67     -40.91       2.64       0.00       0.00       0.00       0.66       0.17
     44388      47.85     -41.09       2.67       0.00       0.00       0.00       0.72       0.17
     46030      48.02     -41.79       2.44       0.00       0.00       0.00       0.62       0.17
     46187      49.12     -38.80       3.78       0.00       0.00       0.00       0.60       0.17
     46855      49.18     -38.71       3.82       0.00       0.00       0.00       0.57       0.17
--------------------------------------------------------------------------------
Best docking solution after GA:
     49000      49.18     -38.71       3.82       0.00       0.00       0.00       0.57       0.17

#ops:      49000 #mutates:  23275 #cross:    23214 #migrate:   2511 
#dups:     11773 #niche:    21822 #errors:    3787 
--------------------------------------------------------------------------------

Doing AMOEBA simplex on best individual
Done simplexing #iterations 745, best score  56.12

Ligand is stored in gold_soln_AV-procd_m2724_3.sdf


--------------------------------------------------------------------------------
--- CHEMPLP breakdown of terms                                               ---
--------------------------------------------------------------------------------
CHEMPLP = - ( 1.0000*S(PLP) + -3.0000*S(hbond) + -6.0000*S(metal) + -3.0000*S(cho) )

Score = CHEMPLP - 1.0000*DE(clash) - 2.0000*DE(tors)

Internal energy term has been corrected with the best internal energy encountered.

--------------------------------------------------------------------------------


     Score     S(PLP)   S(hbond)     S(cho)   S(metal)  DE(clash)   DE(tors)     intcor
     56.12     -45.38       3.79       0.00       0.00       0.00       0.40       0.17

--------------------------------------------------------------------------------
--- PLP analysis of protein-ligand interactions                              ---
--------------------------------------------------------------------------------
hydrogen bonding        :      -4.00
metal                   :       0.00
buried (polar-nonpolar) :      -6.06
nonpolar                :     -37.37
repulsive               :       0.73
--------------------------------------------------------------------------------


--------------------------------------------------------------------------------
--- ChemScore analysis of protein-ligand interactions                        ---
--------------------------------------------------------------------------------

* Hydrogen bonds                                                                
Protein donor 6896 hydrogen 6907 Ligand acceptor   10 bond energy  1.00 wt 1.00
Protein donor 6931 hydrogen 6943 Ligand acceptor   15 bond energy  1.00 wt 0.99
Protein donor 6934 hydrogen 6947 Ligand acceptor   15 bond energy  1.00 wt 0.80
Protein donor 7989 hydrogen 7998 Ligand acceptor    2 bond energy  1.00 wt 1.00


* CH..O interactions                                                            
  CH group selection                       : activated ring CH (adjacent to hetatom)

--------------------------------------------------------------------------------


--------------------------------------------------------------------------------
--- Intra-ligand clashes                                                     ---
--------------------------------------------------------------------------------

Ligand
--------------------------------------------------------------------------------

--------------------------------------------------------------------------------
--- Rescoring solution                                                       ---
--------------------------------------------------------------------------------

     Score         DG    S(hbond)    S(metal)    S(lipo)     H(rot)  DE(clash)    DE(int)
     18.71     -19.77       2.21        0.00     100.56       1.90       0.48       0.57

Doing AMOEBA simplex on best individual
Done simplexing #iterations 772, best score  22.88

     Score         DG    S(hbond)    S(metal)    S(lipo)     H(rot)  DE(clash)    DE(int)
     22.88     -23.54       3.13        0.00     106.62       1.90       0.08       0.57

--------------------------------------------------------------------------------
--- ChemScore breakdown of terms                                             ---
--------------------------------------------------------------------------------
DG = -5.4800 + -3.3400*S(hbond)
     + -6.0300*S(metal) + -0.1170*S(lipo) + 2.5600*H(rot)


H(rot) = 1.9039

Score = -(DG + DE(clash) + DE(int))


--------------------------------------------------------------------------------


--------------------------------------------------------------------------------
--- ChemScore analysis of protein-ligand interactions                        ---
--------------------------------------------------------------------------------

* Hydrogen bonds                                                                
Protein donor 6896 hydrogen 6907 Ligand acceptor   10 bond energy  1.00 wt 0.84
Protein donor 6931 hydrogen 6943 Ligand acceptor   15 bond energy  1.00 wt 0.79
Protein donor 6934 hydrogen 6947 Ligand acceptor   15 bond energy  1.00 wt 0.54
Protein donor 7989 hydrogen 7998 Ligand acceptor    2 bond energy  1.00 wt 0.96

CHEMSCORE EXTRA INTERACTIONS:

* Clashes                                                                       
Clash for ligand atom   8 (**** ):   0.07
Clash for ligand atom  15 (**** ):   0.01
--------------------------------------------------------------------------------


--------------------------------------------------------------------------------
--- Chromosome decoded                                                       ---
--------------------------------------------------------------------------------
Ligand Torsions
[   1    2    3    4]   57.09
[   2    3    4    5]   72.52
[   3    4    5   22]   43.31
[   8    7    6    5] -111.18
[   9    8    7    6] -170.50
[  15   11    9    8]    6.91
Protein Torsions
[6907 6896 6895 6894]  -53.52 
[7974 7965 7964 7962]  -13.29 
[8008 7997 7996 7995]   -1.78 
[10167 10162 10161 10158]   67.90 
[10718 10713 10712 10709] -113.19 
[10763 10752 10751 10750]   46.56 
[11005 11000 10999 10996]   75.93 
Mapping
Ligand acceptors to protein hydrogens (mapping then atom ids)
  2   3 [ 10->6907]
Ligand hydrogens to protein acceptors (mapping then atom ids)
Ligand shape atoms to protein points (mapping then atom ids & coords)
  6  4533 [ 13->(146.000 135.500 162.000)]
  9  8512 [ 19->(151.750 142.000 159.000)]
 10  8866 [ 20->(152.000 144.000 159.000)]
Chromosome values
Integers:
  -1    2   -1   -1   -1   -1   -1   -1   -1   -1 4532   -1 
  -1 8511 8865   -1 
--------------------------------------------------------------------------------

Current Ranking  1  3  2

--------------------------------------------------------------------------------

* GA execution time :                                                           
  total  0.9548 user  0.9548 sys  0.0000

--------------------------------------------------------------------------------
Fitness function evaluations: 101677

--------------------------------------------------------------------------------
** Docking run number  4 **
--------------------------------------------------------------------------------
  Rank fitness base is 5000.00 ; increment is 11.2233

* Initialising population(s) ...                                                
Number of constraints mappings 0
Number of constraints 0
  Population no.                           :      1
  Population size                          :    100
  Number of duplicates                     :      0
  Number of niche violations               :      0
  Number of errors                         :   4592

Number of constraints mappings 0
Number of constraints 0
  Population no.                           :      2
  Population size                          :    100
  Number of duplicates                     :      0
  Number of niche violations               :      0
  Number of errors                         :   4651

Number of constraints mappings 0
Number of constraints 0
  Population no.                           :      3
  Population size                          :    100
  Number of duplicates                     :      0
  Number of niche violations               :      0
  Number of errors                         :   4680

Number of constraints mappings 0
Number of constraints 0
  Population no.                           :      4
  Population size                          :    100
  Number of duplicates                     :      0
  Number of niche violations               :      0
  Number of errors                         :   4550


Doing GA, no. of population(s) 4 size 100 selection pressure 1.100000

 Operation      Score     S(PLP)   S(hbond)     S(cho)   S(metal)  DE(clash)   DE(tors)     intcor
         0      29.75     -24.71       2.00       0.00       0.00       0.00       0.57       0.14
      1824      41.75     -35.39       2.45       0.00       0.00       0.00       0.56       0.14
      2172      42.20     -36.14       2.45       0.00       0.00       0.00       0.71       0.14
      3712      42.46     -36.65       2.45       0.00       0.00       0.00       0.84       0.14
      4148      42.75     -36.72       2.45       0.00       0.00       0.00       0.73       0.14
      5248      43.02     -36.90       2.45       0.00       0.00       0.00       0.68       0.14
      5725      45.50     -38.97       2.57       0.00       0.00       0.00       0.65       0.14
      7137      45.95     -39.26       2.62       0.00       0.00       0.00       0.65       0.14
      7657      46.11     -39.33       2.50       0.00       0.00       0.00       0.43       0.14
      8816      46.19     -39.65       2.68       0.00       0.00       0.00       0.80       0.09
      9357      46.26     -39.10       2.79       0.00       0.00       0.00       0.65       0.09
      9381      47.19     -41.21       2.40       0.00       0.00       0.00       0.65       0.09
      9553      47.25     -41.18       2.43       0.00       0.00       0.00       0.65       0.09
      9977      47.40     -40.57       2.68       0.00       0.00       0.00       0.65       0.09
     10156      48.28     -42.25       2.49       0.00       0.00       0.00       0.76       0.08
     12088      48.37     -42.38       2.47       0.00       0.00       0.00       0.76       0.08
     12368      48.40     -42.41       2.50       0.00       0.00       0.00       0.80       0.07
     12465      48.57     -41.87       2.69       0.00       0.00       0.00       0.72       0.07
     13735      48.69     -42.27       2.52       0.00       0.00       0.00       0.60       0.07
     14112      48.74     -42.37       2.65       0.00       0.00       0.00       0.83       0.07
     14280      48.81     -42.58       2.52       0.00       0.00       0.00       0.71       0.07
     16251      48.86     -42.47       2.51       0.00       0.00       0.00       0.61       0.07
     16377      48.95     -42.44       2.56       0.00       0.00       0.00       0.62       0.07
     17500      48.99     -42.55       2.60       0.00       0.00       0.00       0.71       0.07
     17830      49.00     -42.41       2.58       0.00       0.00       0.00       0.62       0.07
     18004      49.04     -42.58       2.55       0.00       0.00       0.00       0.63       0.07
     18124      49.05     -42.60       2.54       0.00       0.00       0.00       0.62       0.07
     18522      49.07     -42.45       2.60       0.00       0.00       0.00       0.62       0.07
     18850      49.11     -42.52       2.65       0.00       0.00       0.00       0.72       0.07
     19676      49.22     -42.57       2.65       0.00       0.00       0.00       0.69       0.07
     20106      49.31     -42.70       2.68       0.00       0.00       0.00       0.75       0.06
     20678      49.35     -42.72       2.70       0.00       0.00       0.00       0.76       0.06
     21996      49.49     -42.71       2.68       0.00       0.00       0.00       0.66       0.06
     23400      49.51     -42.80       2.65       0.00       0.00       0.00       0.65       0.06
     24016      49.54     -42.77       2.67       0.00       0.00       0.00       0.65       0.06
     24641      49.63     -42.70       2.73       0.00       0.00       0.00       0.66       0.06
     26344      49.66     -42.72       2.66       0.00       0.00       0.00       0.56       0.06
     26448      49.68     -42.74       2.66       0.00       0.00       0.00       0.55       0.06
     26947      49.73     -42.79       2.70       0.00       0.00       0.00       0.61       0.06
     27231      49.75     -42.87       2.67       0.00       0.00       0.00       0.60       0.06
     27528      49.80     -42.86       2.66       0.00       0.00       0.00       0.55       0.06
     28464      49.84     -42.84       2.69       0.00       0.00       0.00       0.56       0.06
     29060      49.89     -42.83       2.70       0.00       0.00       0.00       0.56       0.06
     29972      49.93     -42.89       2.69       0.00       0.00       0.00       0.55       0.06
     30721      49.95     -42.90       2.71       0.00       0.00       0.00       0.58       0.06
     31482      49.96     -42.92       2.68       0.00       0.00       0.00       0.53       0.06
     32413      50.01     -42.94       2.69       0.00       0.00       0.00       0.53       0.06
     32886      50.03     -42.97       2.71       0.00       0.00       0.00       0.57       0.06
     33249      50.46     -43.49       2.69       0.00       0.00       0.00       0.58       0.06
     34269      50.46     -43.48       2.69       0.00       0.00       0.00       0.57       0.06
     35481      50.49     -43.54       2.67       0.00       0.00       0.00       0.57       0.06
     35933      50.49     -43.46       2.71       0.00       0.00       0.00       0.59       0.06
     36116      50.52     -43.53       2.69       0.00       0.00       0.00       0.57       0.06
     37402      50.53     -43.54       2.68       0.00       0.00       0.00       0.56       0.06
     39217      50.53     -43.53       2.69       0.00       0.00       0.00       0.56       0.06
--------------------------------------------------------------------------------
Best docking solution after GA:
     49000      50.53     -43.53       2.69       0.00       0.00       0.00       0.56       0.06

#ops:      49000 #mutates:  23345 #cross:    23191 #migrate:   2464 
#dups:     23375 #niche:    30346 #errors:    1280 
--------------------------------------------------------------------------------

Doing AMOEBA simplex on best individual
Done simplexing #iterations 446, best score  50.72

Ligand is stored in gold_soln_AV-procd_m2724_4.sdf


--------------------------------------------------------------------------------
--- CHEMPLP breakdown of terms                                               ---
--------------------------------------------------------------------------------
CHEMPLP = - ( 1.0000*S(PLP) + -3.0000*S(hbond) + -6.0000*S(metal) + -3.0000*S(cho) )

Score = CHEMPLP - 1.0000*DE(clash) - 2.0000*DE(tors)

Internal energy term has been corrected with the best internal energy encountered.

--------------------------------------------------------------------------------


     Score     S(PLP)   S(hbond)     S(cho)   S(metal)  DE(clash)   DE(tors)     intcor
     50.72     -43.71       2.69       0.00       0.00       0.00       0.56       0.06

--------------------------------------------------------------------------------
--- PLP analysis of protein-ligand interactions                              ---
--------------------------------------------------------------------------------
hydrogen bonding        :      -3.00
metal                   :       0.00
buried (polar-nonpolar) :      -5.45
nonpolar                :     -36.97
repulsive               :       0.33
--------------------------------------------------------------------------------


--------------------------------------------------------------------------------
--- ChemScore analysis of protein-ligand interactions                        ---
--------------------------------------------------------------------------------

* Hydrogen bonds                                                                
Protein donor 6896 hydrogen 6908 Ligand acceptor   10 bond energy  1.00 wt 1.00
Protein donor 6931 hydrogen 6943 Ligand acceptor   15 bond energy  1.00 wt 1.00
Protein donor 6934 hydrogen 6947 Ligand acceptor   15 bond energy  1.00 wt 0.69


* CH..O interactions                                                            
  CH group selection                       : activated ring CH (adjacent to hetatom)

--------------------------------------------------------------------------------


--------------------------------------------------------------------------------
--- Intra-ligand clashes                                                     ---
--------------------------------------------------------------------------------

Ligand
--------------------------------------------------------------------------------

--------------------------------------------------------------------------------
--- Rescoring solution                                                       ---
--------------------------------------------------------------------------------

     Score         DG    S(hbond)    S(metal)    S(lipo)     H(rot)  DE(clash)    DE(int)
     16.51     -17.22       1.10        0.00     110.74       1.90       0.14       0.56

Doing AMOEBA simplex on best individual
Done simplexing #iterations 838, best score  19.99

     Score         DG    S(hbond)    S(metal)    S(lipo)     H(rot)  DE(clash)    DE(int)
     19.99     -21.02       2.15        0.00     113.04       1.90       0.48       0.55

--------------------------------------------------------------------------------
--- ChemScore breakdown of terms                                             ---
--------------------------------------------------------------------------------
DG = -5.4800 + -3.3400*S(hbond)
     + -6.0300*S(metal) + -0.1170*S(lipo) + 2.5600*H(rot)


H(rot) = 1.9039

Score = -(DG + DE(clash) + DE(int))


--------------------------------------------------------------------------------


--------------------------------------------------------------------------------
--- ChemScore analysis of protein-ligand interactions                        ---
--------------------------------------------------------------------------------

* Hydrogen bonds                                                                
Protein donor 6896 hydrogen 6908 Ligand acceptor   10 bond energy  1.00 wt 0.90
Protein donor 6931 hydrogen 6943 Ligand acceptor   15 bond energy  1.00 wt 0.77
Protein donor 6934 hydrogen 6947 Ligand acceptor   15 bond energy  1.00 wt 0.49

CHEMSCORE EXTRA INTERACTIONS:

* Clashes                                                                       
Clash for ligand atom   8 (**** ):   0.16
Clash for ligand atom  15 (**** ):   0.19
Clash for ligand atom  16 (**** ):   0.13
--------------------------------------------------------------------------------


--------------------------------------------------------------------------------
--- Chromosome decoded                                                       ---
--------------------------------------------------------------------------------
Ligand Torsions
[   1    2    3    4]   56.13
[   2    3    4    5]  134.69
[   3    4    5   22] -111.30
[   8    7    6    5] -128.49
[   9    8    7    6] -165.66
[  15   11    9    8]    2.05
Protein Torsions
[6907 6896 6895 6894]  158.75 
[7974 7965 7964 7962] -170.44 
[8008 7997 7996 7995]  118.02 
[10167 10162 10161 10158]   -4.05 
[10718 10713 10712 10709]   50.07 
[10763 10752 10751 10750]  -87.98 
[11005 11000 10999 10996]  150.29 
Mapping
Ligand acceptors to protein hydrogens (mapping then atom ids)
  2   4 [ 10->6908]
Ligand hydrogens to protein acceptors (mapping then atom ids)
Ligand shape atoms to protein points (mapping then atom ids & coords)
  1  6262 [  1->(148.250 140.500 154.250)]
  2  6911 [  3->(149.750 142.000 157.000)]
  3  6808 [  4->(149.500 141.000 155.750)]
  6  5688 [ 13->(147.250 135.250 161.250)]
  8  9407 [ 18->(152.750 142.500 159.750)]
 10  8598 [ 20->(151.750 144.000 158.500)]
Chromosome values
Integers:
  -1    3   -1   -1   -1 6261 6910 6807   -1   -1 5687   -1 
9406   -1 8597   -1 
--------------------------------------------------------------------------------

Current Ranking  1  3  4  2

Top  3 (of  4) solutions are within 1.500 RMSD, finishing docking /DATA2/COVID-19/PDBs_&_Models/AV-procd.sdf.


--------------------------------------------------------------------------------

* GA execution time :                                                           
  total  1.0414 user  1.0374 sys  0.0040

--------------------------------------------------------------------------------
Fitness function evaluations: 99452

--------------------------------------------------------------------------------
--- Ranking analysis                                                         ---
--------------------------------------------------------------------------------


* Final ranked order of GA solutions:                                           
   1  3  4  2 

  _______________________________
  RMSD Matrix of RANKED solutions

        2    3    4  

   1 :  0.5  1.5  2.0
   2 :       1.5  1.9
   3 :            1.3

  Clustering method                        : complete linkage
  Structure ids in cluster table           : rank nos.
  Ordering of clusters and their members   : by rank (order if from rms_analysis)

  Distance | Clusters
   0.54    |  1  2 |  3 |  4 |
   1.30    |  1  2 |  3  4 |
   1.96    |  1  2  3  4 |
  Finished Docking Ligand                  : /DATA2/COVID-19/PDBs_&_Models/AV-procd.sdf
--------------------------------------------------------------------------------

  Relative_Ligand_Energy (best encountered) :   0.063
  Relative_Ligand_Energy: fitness values have been corrected using this amount
