
--------------------------------------------------------------------------------
--- Ligand                                                                   ---
--------------------------------------------------------------------------------
  Ligand loaded from file                  : /DATA2/COVID-19/PDBs_&_Models/AV-procd.sdf
  Ligand name                              :  
  "AV-unprocessed.smi:458                                                   "

--------------------------------------------------------------------------------
  N.plc donors                             : 
  none found

  Acidic nitrogen acceptors                : 
  none found
  Sulfur acceptors                         :
  none found


  Donor atoms                              :      2
  1   14  
  Acceptor atoms                           :      3
  1   4   14  

  Hydrogens                                :  (n = 2)
  22   32   

  Lone pairs added to molecule             :      5
  Numbering                                : from 37 to 41
  Choline groups                           : 
   

--------------------------------------------------------------------------------
--- Postprocessing of typing                                                 ---
--------------------------------------------------------------------------------
  Fragment file                            : /home/scv26/CCDC/Discovery_2020/GOLD/gold/rotatable_bond_override.mol2
  acylurea fragment                        : no matches
  thioacylthiourea fragment                : no matches
  acylthiourea fragment                    : no matches
  thioacylurea fragment                    : no matches
  diarylamine fragment >C.ar-NH-C.ar<      : no matches
  sec-amine (1) fragment                   : no matches
  sec-amine (2) fragment                   : 1 matches
  Ligand bond 11-10  set to 1
  Ligand bond 11-12  set to 1
  Ligand bond 11-3  set to 1
  sec-amine (3) fragment                   : 1 matches
  Ligand bond 11-10  set to 1
  Ligand bond 11-3  set to 1
  Ligand bond 11-12  set to 1
  carboxylic ester                         : no matches

* Rotatable bonds in /DATA2/COVID-19/PDBs  :
  [   1    2] [   2    3] [  11   12] [  12   13] 
  [  13   14] [  13   15] 
  No. of rotatable bonds                   :      6


* Fragments found in /DATA2/COVID-19/PDBs  :
  atom   5: benzene
  atom   6: benzene
  atom   7: benzene
  atom   8: benzene
  atom   9: benzene
  atom  10: benzene
  atom  15: benzene
  atom  16: benzene
  atom  17: benzene
  atom  18: benzene
  atom  20: benzene
  atom  21: benzene


* Checking torsion distributions:                                               
  No. of matched torsions                  :      0

--------------------------------------------------------------------------------
--- Shape fitting atoms selection (hydrophobic atoms)                        ---
--------------------------------------------------------------------------------
  Molecule                                 : /DATA2/COVID-19/PDBs_&_Models/AV-procd.sdf
  Selection                                : carbons only
  Atom numbers                             :  (n = 11)
  2    6    7    8    9    12   13   16   17   20   
  21   


--------------------------------------------------------------------------------
--- ChemScore ligand setup summary                                           ---
--------------------------------------------------------------------------------
  ChemScore ligand acceptors               :      3
  1 4 14 
  ChemScore ligand donors                  :      2
  1 ( 22  ) 14 ( 32  ) 
  ChemScore ligand CH donors               :      0
  

  ChemScore ligand lipophilic atoms        :  (n = 15)
  2    5    6    7    8    9    10   12   13   15   
  16   17   18   20   21   

  ChemScore ligand rotatable bonds         :      6
  1   (****) - 2   (****): SP3_SP3_BOND
  2   (****) - 3   (****): SP3_SP2_BOND
  11  (****) - 12  (****): SP3_SP2_BOND
  12  (****) - 13  (****): SP3_SP3_BOND
  13  (****) - 14  (****): SP3_SP3_BOND
  13  (****) - 15  (****): SP3_SP2_BOND

--------------------------------------------------------------------------------
--- PLP ligand setup summary                                                 ---
--------------------------------------------------------------------------------
    1  ****   O.3 DONACC
    2  ****   C.3 NONPOLAR
    3  ****   C.2 NONPOLAR
    4  ****   N.2 ACCEPTOR
    5  ****  C.ar NONPOLAR
    6  ****  C.ar NONPOLAR
    7  ****  C.ar NONPOLAR
    8  ****  C.ar NONPOLAR
    9  ****  C.ar NONPOLAR
   10  ****  C.ar NONPOLAR
   11  **** N.pl3 NONPOLAR
   12  ****   C.3 NONPOLAR
   13  ****   C.3 NONPOLAR
   14  ****   O.3 DONACC
   15  ****  C.ar NONPOLAR
   16  ****  C.ar NONPOLAR
   17  ****  C.ar NONPOLAR
   18  ****  C.ar NONPOLAR
   19  ****     F NONPOLAR
   20  ****  C.ar NONPOLAR
   21  ****  C.ar NONPOLAR


--------------------------------------------------------------------------------
--- Automatic parameter setting                                              ---
--------------------------------------------------------------------------------
  Contribution base                        :   2500
  Contribution per rotatable bond          :   6000
  Contribution per df                      :   4000
  Contribution per water                   :  10000
  Ligand rotatable bonds                   :      6
  Protein flexible side chain bonds        :      0
  Total rotatable bonds                    :      6
  Hydrophobic vol ratio (P/L)              :   2.097
  Base multiplier (polar)                  :   1.000
  Base multiplier (apolar)                 :   4.614
  Base contribution                        : 12500.000
  Fitting points                           :      5
  Estimated maxops needed (optimal)        :  49000

--------------------------------------------------------------------------------

* Population settings                                                           
  maxops                                   :  49000
  popsiz                                   :    100
  select_pressure                          :   1.100
  n_islands                                :      4
  niche_siz                                :      2

* GA settings                                                                   
  pt_crosswt                               :     95
  allele_mutatewt                          :     95
  migratewt                                :     10

* Search settings                                                               
  start_vdw_linear_cutoff                  :   4.000
  initial_virtual_pt_match_max             :   3.000

--------------------------------------------------------------------------------

* Ligand initialisation time :                                                  
  total  0.0088 user  0.0088 sys  0.0000

--------------------------------------------------------------------------------

--------------------------------------------------------------------------------
** Docking run number  1 **
--------------------------------------------------------------------------------
  Rank fitness base is 5000.00 ; increment is 11.2233

* Initialising population(s) ...                                                
Number of constraints mappings 0
Number of constraints 0
  Population no.                           :      1
  Population size                          :    100
  Number of duplicates                     :      0
  Number of niche violations               :      0
  Number of errors                         :   5533

Number of constraints mappings 0
Number of constraints 0
  Population no.                           :      2
  Population size                          :    100
  Number of duplicates                     :      0
  Number of niche violations               :      0
  Number of errors                         :   5602

Number of constraints mappings 0
Number of constraints 0
  Population no.                           :      3
  Population size                          :    100
  Number of duplicates                     :      0
  Number of niche violations               :      0
  Number of errors                         :   5564

Number of constraints mappings 0
Number of constraints 0
  Population no.                           :      4
  Population size                          :    100
  Number of duplicates                     :      0
  Number of niche violations               :      0
  Number of errors                         :   5587


Doing GA, no. of population(s) 4 size 100 selection pressure 1.100000

 Operation      Score     S(PLP)   S(hbond)     S(cho)   S(metal)  DE(clash)   DE(tors)     intcor
         0      25.76     -27.69       0.00       0.00       0.00       0.00       1.00       0.08
      3147      25.76     -27.69       0.00       0.00       0.00       0.00       1.00       0.08
      4582      26.17     -27.52       0.28       0.00       0.00       0.00       1.13       0.08
      4815      33.74     -32.86       0.77       0.00       0.00       0.00       0.75       0.08
      6026      33.99     -32.94       0.74       0.00       0.00       0.00       0.61       0.08
      7631      34.38     -33.29       0.94       0.00       0.00       0.00       0.91       0.08
     15259      36.05     -37.60       0.00       0.00       0.00       0.00       0.81       0.08
     16255      36.56     -38.59       0.30       0.00       0.00       0.00       1.50       0.08
     17192      37.54     -38.78       0.00       0.00       0.00       0.00       0.65       0.08
     17884      39.38     -37.45       1.62       0.00       0.00       0.00       1.50       0.08
     18591      39.65     -42.04       0.00       0.00       0.00       0.00       1.23       0.08
     18652      40.47     -38.29       1.78       0.00       0.00       0.00       1.63       0.08
     19146      41.70     -39.40       1.74       0.00       0.00       0.00       1.50       0.08
     25343      42.48     -41.92       1.00       0.00       0.00       0.00       1.26       0.08
     29198      45.85     -43.23       1.85       0.00       0.00       0.00       1.50       0.08
     32047      45.85     -43.24       1.85       0.00       0.00       0.00       1.51       0.08
     32170      46.30     -43.23       2.00       0.00       0.00       0.00       1.50       0.08
     33719      46.41     -43.31       2.00       0.00       0.00       0.00       1.49       0.08
     35039      46.45     -42.85       2.00       0.00       0.00       0.00       1.24       0.08
     35602      46.73     -43.46       2.00       0.00       0.00       0.00       1.40       0.08
     40827      46.74     -43.47       2.00       0.00       0.00       0.00       1.40       0.08
     41721      46.75     -43.40       2.00       0.00       0.00       0.00       1.36       0.08
     42987      46.75     -43.48       2.00       0.00       0.00       0.00       1.40       0.08
     43351      46.93     -43.67       2.00       0.00       0.00       0.00       1.41       0.08
     46535      46.94     -43.60       2.00       0.00       0.00       0.00       1.37       0.08
     48784      46.94     -43.62       2.00       0.00       0.00       0.00       1.38       0.08
--------------------------------------------------------------------------------
Best docking solution after GA:
     49000      46.94     -43.62       2.00       0.00       0.00       0.00       1.38       0.08

#ops:      49000 #mutates:  23200 #cross:    23329 #migrate:   2471 
#dups:      9908 #niche:    23022 #errors:    2929 
--------------------------------------------------------------------------------

Doing AMOEBA simplex on best individual
Done simplexing #iterations 652, best score  48.78

Ligand is stored in gold_soln_AV-procd_m2621_1.sdf


--------------------------------------------------------------------------------
--- CHEMPLP breakdown of terms                                               ---
--------------------------------------------------------------------------------
CHEMPLP = - ( 1.0000*S(PLP) + -3.0000*S(hbond) + -6.0000*S(metal) + -3.0000*S(cho) )

Score = CHEMPLP - 1.0000*DE(clash) - 2.0000*DE(tors)

Internal energy term has been corrected with the best internal energy encountered.

--------------------------------------------------------------------------------


     Score     S(PLP)   S(hbond)     S(cho)   S(metal)  DE(clash)   DE(tors)     intcor
     48.78     -45.33       2.00       0.00       0.00       0.00       1.31       0.08

--------------------------------------------------------------------------------
--- PLP analysis of protein-ligand interactions                              ---
--------------------------------------------------------------------------------
hydrogen bonding        :      -1.88
metal                   :       0.00
buried (polar-nonpolar) :      -6.88
nonpolar                :     -37.15
repulsive               :       0.00
--------------------------------------------------------------------------------


--------------------------------------------------------------------------------
--- ChemScore analysis of protein-ligand interactions                        ---
--------------------------------------------------------------------------------

* Hydrogen bonds                                                                
Protein donor 7989 hydrogen 7998 Ligand acceptor   14 bond energy  1.00 wt 1.00
Protein donor 7997 hydrogen 8009 Ligand acceptor    1 bond energy  1.00 wt 1.00


* CH..O interactions                                                            
  CH group selection                       : activated ring CH (adjacent to hetatom)

--------------------------------------------------------------------------------


--------------------------------------------------------------------------------
--- Intra-ligand clashes                                                     ---
--------------------------------------------------------------------------------

Ligand
--------------------------------------------------------------------------------

--------------------------------------------------------------------------------
--- Rescoring solution                                                       ---
--------------------------------------------------------------------------------

     Score         DG    S(hbond)    S(metal)    S(lipo)     H(rot)  DE(clash)    DE(int)
     13.93     -15.31       1.43        0.00     103.30       2.75       0.00       1.38

Doing AMOEBA simplex on best individual
Done simplexing #iterations 798, best score  16.16

     Score         DG    S(hbond)    S(metal)    S(lipo)     H(rot)  DE(clash)    DE(int)
     16.16     -17.54       1.92        0.00     108.38       2.75       0.05       1.33

--------------------------------------------------------------------------------
--- ChemScore breakdown of terms                                             ---
--------------------------------------------------------------------------------
DG = -5.4800 + -3.3400*S(hbond)
     + -6.0300*S(metal) + -0.1170*S(lipo) + 2.5600*H(rot)


H(rot) = 2.7500

Score = -(DG + DE(clash) + DE(int))


--------------------------------------------------------------------------------


--------------------------------------------------------------------------------
--- ChemScore analysis of protein-ligand interactions                        ---
--------------------------------------------------------------------------------

* Hydrogen bonds                                                                
Protein donor 7989 hydrogen 7998 Ligand acceptor   14 bond energy  1.00 wt 0.93
Protein donor 7997 hydrogen 8009 Ligand acceptor    1 bond energy  1.00 wt 0.99

CHEMSCORE EXTRA INTERACTIONS:

* Clashes                                                                       
Clash for ligand atom  21 (**** ):   0.05
--------------------------------------------------------------------------------


--------------------------------------------------------------------------------
--- Chromosome decoded                                                       ---
--------------------------------------------------------------------------------
Ligand Torsions
[  22    1    2    3]  138.56
[   1    2    3   11]  121.61
[  13   12   11    3] -118.33
[  14   13   12   11]  113.66
[  32   14   13   12]  -33.41
[  21   15   13   12] -162.09
Protein Torsions
[6907 6896 6895 6894]  -29.23 
[7974 7965 7964 7962] -106.68 
[8008 7997 7996 7995]  150.48 
[10167 10162 10161 10158]  166.28 
[10718 10713 10712 10709]  126.07 
[10763 10752 10751 10750]   47.72 
[11005 11000 10999 10996]  -16.84 
Mapping
Ligand acceptors to protein hydrogens (mapping then atom ids)
  3  18 [ 14->7998]
Ligand hydrogens to protein acceptors (mapping then atom ids)
Ligand shape atoms to protein points (mapping then atom ids & coords)
  2  9576 [  6->(153.000 143.000 160.500)]
  3  7414 [  7->(150.500 145.000 159.250)]
  6  7735 [ 12->(151.000 141.750 158.250)]
Chromosome values
Integers:
  -1   -1   17   -1   -1   -1 9575 7413   -1   -1 7734   -1 
  -1   -1   -1   -1 
--------------------------------------------------------------------------------

Current Ranking  1

--------------------------------------------------------------------------------

* GA execution time :                                                           
  total  0.9239 user  0.9239 sys  0.0000

--------------------------------------------------------------------------------
Fitness function evaluations: 104855

--------------------------------------------------------------------------------
** Docking run number  2 **
--------------------------------------------------------------------------------
  Rank fitness base is 5000.00 ; increment is 11.2233

* Initialising population(s) ...                                                
Number of constraints mappings 0
Number of constraints 0
  Population no.                           :      1
  Population size                          :    100
  Number of duplicates                     :      0
  Number of niche violations               :      0
  Number of errors                         :   5724

Number of constraints mappings 0
Number of constraints 0
  Population no.                           :      2
  Population size                          :    100
  Number of duplicates                     :      0
  Number of niche violations               :      0
  Number of errors                         :   5519

Number of constraints mappings 0
Number of constraints 0
  Population no.                           :      3
  Population size                          :    100
  Number of duplicates                     :      0
  Number of niche violations               :      0
  Number of errors                         :   5586

Number of constraints mappings 0
Number of constraints 0
  Population no.                           :      4
  Population size                          :    100
  Number of duplicates                     :      0
  Number of niche violations               :      0
  Number of errors                         :   5556


Doing GA, no. of population(s) 4 size 100 selection pressure 1.100000

 Operation      Score     S(PLP)   S(hbond)     S(cho)   S(metal)  DE(clash)   DE(tors)     intcor
         0      27.56     -25.62       1.38       0.00       0.00       0.00       1.15       0.08
      3016      27.83     -25.62       1.48       0.00       0.00       0.00       1.15       0.06
      4004      28.49     -30.31       0.04       0.00       0.00       0.00       1.00       0.06
      5926      30.64     -28.30       0.94       0.00       0.00       0.00       0.27       0.06
     10278      30.74     -28.45       1.00       0.00       0.00       0.00       0.38       0.06
     10611      31.01     -30.18       0.79       0.00       0.00       0.00       0.79       0.06
     10834      31.60     -29.82       0.96       0.00       0.00       0.00       0.58       0.06
     11005      34.45     -31.84       1.51       0.00       0.00       0.00       0.99       0.06
     15380      36.89     -32.82       2.00       0.00       0.00       0.00       0.99       0.06
     17052      36.93     -33.03       1.94       0.00       0.00       0.00       0.99       0.06
     21151      36.95     -33.03       1.95       0.00       0.00       0.00       0.99       0.06
     21327      37.32     -38.28       0.35       0.00       0.00       0.00       1.03       0.06
     23922      37.76     -34.08       2.00       0.00       0.00       0.00       1.19       0.06
     27058      39.66     -37.34       1.55       0.00       0.00       0.00       1.19       0.06
     31131      39.80     -37.34       1.59       0.00       0.00       0.00       1.19       0.06
     32094      40.31     -38.64       1.47       0.00       0.00       0.00       1.40       0.06
     32249      40.59     -36.52       1.81       0.00       0.00       0.00       0.71       0.06
     33393      40.88     -38.64       1.66       0.00       0.00       0.00       1.40       0.06
     38941      41.12     -36.98       1.83       0.00       0.00       0.00       0.71       0.06
     40389      41.15     -37.00       1.83       0.00       0.00       0.00       0.70       0.06
     43477      41.53     -37.38       1.83       0.00       0.00       0.00       0.70       0.06
     44938      41.61     -37.67       1.76       0.00       0.00       0.00       0.70       0.06
     45310      41.67     -37.47       1.85       0.00       0.00       0.00       0.70       0.06
     45816      42.09     -37.90       1.95       0.00       0.00       0.00       0.85       0.06
     45995      42.27     -37.45       2.30       0.00       0.00       0.00       1.06       0.06
     47310      42.63     -38.17       2.09       0.00       0.00       0.00       0.92       0.06
     47381      42.72     -38.72       1.79       0.00       0.00       0.00       0.71       0.06
     47719      43.18     -38.91       1.87       0.00       0.00       0.00       0.71       0.06
--------------------------------------------------------------------------------
Best docking solution after GA:
     49000      43.18     -38.91       1.87       0.00       0.00       0.00       0.71       0.06

#ops:      49000 #mutates:  23226 #cross:    23409 #migrate:   2365 
#dups:     10176 #niche:    21574 #errors:    4405 
--------------------------------------------------------------------------------

Doing AMOEBA simplex on best individual
Done simplexing #iterations 815, best score  45.56

Ligand is stored in gold_soln_AV-procd_m2621_2.sdf


--------------------------------------------------------------------------------
--- CHEMPLP breakdown of terms                                               ---
--------------------------------------------------------------------------------
CHEMPLP = - ( 1.0000*S(PLP) + -3.0000*S(hbond) + -6.0000*S(metal) + -3.0000*S(cho) )

Score = CHEMPLP - 1.0000*DE(clash) - 2.0000*DE(tors)

Internal energy term has been corrected with the best internal energy encountered.

--------------------------------------------------------------------------------


     Score     S(PLP)   S(hbond)     S(cho)   S(metal)  DE(clash)   DE(tors)     intcor
     45.56     -40.84       1.99       0.00       0.00       0.00       0.66       0.06

--------------------------------------------------------------------------------
--- PLP analysis of protein-ligand interactions                              ---
--------------------------------------------------------------------------------
hydrogen bonding        :      -2.00
metal                   :       0.00
buried (polar-nonpolar) :      -4.46
nonpolar                :     -34.44
repulsive               :       0.00
--------------------------------------------------------------------------------


--------------------------------------------------------------------------------
--- ChemScore analysis of protein-ligand interactions                        ---
--------------------------------------------------------------------------------

* Hydrogen bonds                                                                
Protein donor 7989 hydrogen 7998 Ligand acceptor   14 bond energy  1.00 wt 1.00
Protein donor 10752 hydrogen 10765 Ligand acceptor    1 bond energy  1.00 wt 0.99


* CH..O interactions                                                            
  CH group selection                       : activated ring CH (adjacent to hetatom)

--------------------------------------------------------------------------------


--------------------------------------------------------------------------------
--- Intra-ligand clashes                                                     ---
--------------------------------------------------------------------------------

Ligand
--------------------------------------------------------------------------------

--------------------------------------------------------------------------------
--- Rescoring solution                                                       ---
--------------------------------------------------------------------------------

     Score         DG    S(hbond)    S(metal)    S(lipo)     H(rot)  DE(clash)    DE(int)
     11.52     -12.23       0.86        0.00      93.24       2.75       0.00       0.71

Doing AMOEBA simplex on best individual
Done simplexing #iterations 902, best score  14.65

     Score         DG    S(hbond)    S(metal)    S(lipo)     H(rot)  DE(clash)    DE(int)
     14.65     -15.27       1.67        0.00      96.22       2.75       0.01       0.61

--------------------------------------------------------------------------------
--- ChemScore breakdown of terms                                             ---
--------------------------------------------------------------------------------
DG = -5.4800 + -3.3400*S(hbond)
     + -6.0300*S(metal) + -0.1170*S(lipo) + 2.5600*H(rot)


H(rot) = 2.7500

Score = -(DG + DE(clash) + DE(int))


--------------------------------------------------------------------------------


--------------------------------------------------------------------------------
--- ChemScore analysis of protein-ligand interactions                        ---
--------------------------------------------------------------------------------

* Hydrogen bonds                                                                
Protein donor 7989 hydrogen 7998 Ligand acceptor   14 bond energy  1.00 wt 0.84
Protein donor 10752 hydrogen 10765 Ligand acceptor    1 bond energy  1.00 wt 0.83

CHEMSCORE EXTRA INTERACTIONS:

* Clashes                                                                       
Clash for ligand atom  20 (**** ):   0.01
--------------------------------------------------------------------------------


--------------------------------------------------------------------------------
--- Chromosome decoded                                                       ---
--------------------------------------------------------------------------------
Ligand Torsions
[  22    1    2    3]   -6.72
[   1    2    3   11]  123.11
[  13   12   11    3] -118.60
[  14   13   12   11]   91.31
[  32   14   13   12]   72.38
[  21   15   13   12]   47.52
Protein Torsions
[6907 6896 6895 6894]  -58.97 
[7974 7965 7964 7962]   92.17 
[8008 7997 7996 7995]  -40.88 
[10167 10162 10161 10158]  -72.24 
[10718 10713 10712 10709]  169.94 
[10763 10752 10751 10750] -104.43 
[11005 11000 10999 10996]  142.89 
Mapping
Ligand acceptors to protein hydrogens (mapping then atom ids)
  1  45 [  1->10765]
Ligand hydrogens to protein acceptors (mapping then atom ids)
Ligand shape atoms to protein points (mapping then atom ids & coords)
  2  9632 [  6->(153.250 141.750 160.000)]
  3  9419 [  7->(152.750 142.750 160.000)]
  4  9697 [  8->(153.500 141.750 160.500)]
  6  8232 [ 12->(151.500 138.750 156.000)]
  8  6641 [ 16->(149.000 141.000 155.750)]
  9  6396 [ 17->(148.500 141.500 155.000)]
Chromosome values
Integers:
  44   -1   -1   -1   -1   -1 9631 9418 9696   -1 8231   -1 
6640 6395   -1   -1 
--------------------------------------------------------------------------------

Current Ranking  1  2

--------------------------------------------------------------------------------

* GA execution time :                                                           
  total  0.9647 user  0.9647 sys  0.0000

--------------------------------------------------------------------------------
Fitness function evaluations: 106691

--------------------------------------------------------------------------------
** Docking run number  3 **
--------------------------------------------------------------------------------
  Rank fitness base is 5000.00 ; increment is 11.2233

* Initialising population(s) ...                                                
Number of constraints mappings 0
Number of constraints 0
  Population no.                           :      1
  Population size                          :    100
  Number of duplicates                     :      0
  Number of niche violations               :      0
  Number of errors                         :   5430

Number of constraints mappings 0
Number of constraints 0
  Population no.                           :      2
  Population size                          :    100
  Number of duplicates                     :      0
  Number of niche violations               :      0
  Number of errors                         :   5167

Number of constraints mappings 0
Number of constraints 0
  Population no.                           :      3
  Population size                          :    100
  Number of duplicates                     :      0
  Number of niche violations               :      0
  Number of errors                         :   5432

Number of constraints mappings 0
Number of constraints 0
  Population no.                           :      4
  Population size                          :    100
  Number of duplicates                     :      0
  Number of niche violations               :      0
  Number of errors                         :   5650


Doing GA, no. of population(s) 4 size 100 selection pressure 1.100000

 Operation      Score     S(PLP)   S(hbond)     S(cho)   S(metal)  DE(clash)   DE(tors)     intcor
         0      23.72     -21.74       1.00       0.00       0.00       0.00       0.54       0.06
        25      25.37     -29.74       0.00       0.00       0.00       1.93       1.25       0.06
      1978      26.73     -33.60       0.00       0.00       0.00       4.36       1.28       0.06
      2569      27.10     -30.97       0.00       0.00       0.00       1.28       1.32       0.06
      2721      27.60     -30.04       0.00       0.00       0.00       0.00       1.25       0.06
      3094      28.90     -30.31       0.00       0.00       0.00       0.00       0.73       0.06
      3124      33.99     -35.58       0.00       0.00       0.00       0.00       0.83       0.06
      3518      39.92     -37.13       1.40       0.00       0.00       0.00       0.73       0.06
      6290      40.02     -37.13       1.43       0.00       0.00       0.00       0.73       0.06
      6870      42.29     -45.26       0.00       0.00       0.00       0.00       1.51       0.06
     10045      42.32     -45.29       0.00       0.00       0.00       0.00       1.51       0.06
     10062      42.45     -45.42       0.00       0.00       0.00       0.00       1.51       0.06
     10389      43.48     -41.29       1.20       0.00       0.00       0.00       0.73       0.06
     13623      44.22     -43.44       1.25       0.00       0.00       0.00       1.51       0.06
     17633      44.65     -47.19       0.01       0.00       0.00       0.00       1.32       0.06
     19437      44.75     -47.28       0.01       0.00       0.00       0.00       1.32       0.06
     19912      44.99     -42.50       1.34       0.00       0.00       0.00       0.80       0.06
     20259      45.24     -41.59       1.69       0.00       0.00       0.00       0.73       0.06
     20327      45.35     -43.83       1.43       0.00       0.00       0.00       1.40       0.06
     21365      45.53     -41.26       2.00       0.00       0.00       0.00       0.89       0.06
     21869      45.78     -41.26       2.08       0.00       0.00       0.00       0.89       0.06
     22643      48.22     -44.03       2.02       0.00       0.00       0.00       0.96       0.06
     24742      48.27     -44.06       2.02       0.00       0.00       0.00       0.95       0.06
     25155      48.37     -44.03       2.07       0.00       0.00       0.00       0.96       0.06
     26055      49.56     -45.50       1.91       0.00       0.00       0.00       0.87       0.06
     27546      49.98     -45.61       2.01       0.00       0.00       0.00       0.86       0.06
     39806      51.13     -45.61       2.40       0.00       0.00       0.00       0.86       0.06
     46394      51.28     -45.90       2.37       0.00       0.00       0.00       0.90       0.06
     47494      51.29     -45.84       2.41       0.00       0.00       0.00       0.92       0.06
     48170      51.32     -45.90       2.39       0.00       0.00       0.00       0.90       0.06
     48734      51.61     -45.95       2.44       0.00       0.00       0.00       0.85       0.06
     48868      53.54     -48.20       2.34       0.00       0.00       0.00       0.86       0.06
--------------------------------------------------------------------------------
Best docking solution after GA:
     49000      53.54     -48.20       2.34       0.00       0.00       0.00       0.86       0.06

#ops:      49000 #mutates:  23539 #cross:    23097 #migrate:   2364 
#dups:      9721 #niche:    25908 #errors:    2224 
--------------------------------------------------------------------------------

Doing AMOEBA simplex on best individual
Done simplexing #iterations 893, best score  58.27

Ligand is stored in gold_soln_AV-procd_m2621_3.sdf


--------------------------------------------------------------------------------
--- CHEMPLP breakdown of terms                                               ---
--------------------------------------------------------------------------------
CHEMPLP = - ( 1.0000*S(PLP) + -3.0000*S(hbond) + -6.0000*S(metal) + -3.0000*S(cho) )

Score = CHEMPLP - 1.0000*DE(clash) - 2.0000*DE(tors)

Internal energy term has been corrected with the best internal energy encountered.

--------------------------------------------------------------------------------


     Score     S(PLP)   S(hbond)     S(cho)   S(metal)  DE(clash)   DE(tors)     intcor
     58.27     -51.70       2.81       0.00       0.00       0.00       0.95       0.06

--------------------------------------------------------------------------------
--- PLP analysis of protein-ligand interactions                              ---
--------------------------------------------------------------------------------
hydrogen bonding        :      -4.06
metal                   :       0.00
buried (polar-nonpolar) :      -1.51
nonpolar                :     -44.17
repulsive               :       0.11
--------------------------------------------------------------------------------


--------------------------------------------------------------------------------
--- ChemScore analysis of protein-ligand interactions                        ---
--------------------------------------------------------------------------------

* Hydrogen bonds                                                                
Ligand donor   14 hydrogen   32 Protein acceptor 8028 bond energy  1.00 wt 0.86
Protein donor 7989 hydrogen 7998 Ligand acceptor    4 bond energy  1.00 wt 0.95
Protein donor 7997 hydrogen 8010 Ligand acceptor    1 bond energy  1.00 wt 1.00


* CH..O interactions                                                            
  CH group selection                       : activated ring CH (adjacent to hetatom)

--------------------------------------------------------------------------------


--------------------------------------------------------------------------------
--- Intra-ligand clashes                                                     ---
--------------------------------------------------------------------------------

Ligand
--------------------------------------------------------------------------------

--------------------------------------------------------------------------------
--- Rescoring solution                                                       ---
--------------------------------------------------------------------------------

     Score         DG    S(hbond)    S(metal)    S(lipo)     H(rot)  DE(clash)    DE(int)
     12.33     -15.68       1.00        0.00     118.86       2.75       2.48       0.86

Doing AMOEBA simplex on best individual
Done simplexing #iterations 836, best score  17.40

     Score         DG    S(hbond)    S(metal)    S(lipo)     H(rot)  DE(clash)    DE(int)
     17.40     -18.41       1.86        0.00     117.67       2.75       0.25       0.75

--------------------------------------------------------------------------------
--- ChemScore breakdown of terms                                             ---
--------------------------------------------------------------------------------
DG = -5.4800 + -3.3400*S(hbond)
     + -6.0300*S(metal) + -0.1170*S(lipo) + 2.5600*H(rot)


H(rot) = 2.7500

Score = -(DG + DE(clash) + DE(int))


--------------------------------------------------------------------------------


--------------------------------------------------------------------------------
--- ChemScore analysis of protein-ligand interactions                        ---
--------------------------------------------------------------------------------

* Hydrogen bonds                                                                
Ligand donor   14 hydrogen   32 Protein acceptor 8028 bond energy  1.00 wt 0.75
Protein donor 7989 hydrogen 7998 Ligand acceptor    4 bond energy  1.00 wt 0.41
Protein donor 7997 hydrogen 8010 Ligand acceptor    1 bond energy  1.00 wt 0.69

CHEMSCORE EXTRA INTERACTIONS:

* Clashes                                                                       
Clash for ligand atom   6 (**** ):   0.07
Clash for ligand atom   9 (**** ):   0.01
Clash for ligand atom  19 (**** ):   0.04
Clash for ligand atom  20 (**** ):   0.13
--------------------------------------------------------------------------------


--------------------------------------------------------------------------------
--- Chromosome decoded                                                       ---
--------------------------------------------------------------------------------
Ligand Torsions
[  22    1    2    3]  -75.89
[   1    2    3   11] -147.29
[  13   12   11    3]   98.43
[  14   13   12   11]   71.09
[  32   14   13   12]  -87.45
[  21   15   13   12] -132.16
Protein Torsions
[6907 6896 6895 6894]  139.71 
[7974 7965 7964 7962]   59.34 
[8008 7997 7996 7995]  125.22 
[10167 10162 10161 10158] -108.29 
[10718 10713 10712 10709]  156.85 
[10763 10752 10751 10750]  -37.21 
[11005 11000 10999 10996] -138.29 
Mapping
Ligand acceptors to protein hydrogens (mapping then atom ids)
  2  18 [  4->7998]
Ligand hydrogens to protein acceptors (mapping then atom ids)
Ligand shape atoms to protein points (mapping then atom ids & coords)
  7  7165 [ 13->(150.250 143.000 157.500)]
  9  9689 [ 17->(153.500 141.250 160.750)]
 11  9089 [ 21->(152.250 143.500 161.500)]
Chromosome values
Integers:
  -1   17   -1   -1   -1   -1   -1   -1   -1   -1   -1 7164 
  -1 9688   -1 9088 
--------------------------------------------------------------------------------

Current Ranking  3  1  2

--------------------------------------------------------------------------------

* GA execution time :                                                           
  total  0.9753 user  0.9753 sys  0.0000

--------------------------------------------------------------------------------
Fitness function evaluations: 104805

--------------------------------------------------------------------------------
** Docking run number  4 **
--------------------------------------------------------------------------------
  Rank fitness base is 5000.00 ; increment is 11.2233

* Initialising population(s) ...                                                
Number of constraints mappings 0
Number of constraints 0
  Population no.                           :      1
  Population size                          :    100
  Number of duplicates                     :      0
  Number of niche violations               :      0
  Number of errors                         :   5561

Number of constraints mappings 0
Number of constraints 0
  Population no.                           :      2
  Population size                          :    100
  Number of duplicates                     :      0
  Number of niche violations               :      0
  Number of errors                         :   5489

Number of constraints mappings 0
Number of constraints 0
  Population no.                           :      3
  Population size                          :    100
  Number of duplicates                     :      0
  Number of niche violations               :      0
  Number of errors                         :   5710

Number of constraints mappings 0
Number of constraints 0
  Population no.                           :      4
  Population size                          :    100
  Number of duplicates                     :      0
  Number of niche violations               :      0
  Number of errors                         :   5580


Doing GA, no. of population(s) 4 size 100 selection pressure 1.100000

 Operation      Score     S(PLP)   S(hbond)     S(cho)   S(metal)  DE(clash)   DE(tors)     intcor
         0      21.63     -24.38       1.00       0.00       0.00       4.78       0.51       0.06
       710      23.49     -24.45       0.00       0.00       0.00       0.00       0.51       0.06
      1371      27.95     -28.99       0.00       0.00       0.00       0.00       0.55       0.06
      4055      28.99     -23.63       1.98       0.00       0.00       0.00       0.31       0.06
      4080      38.21     -37.33       0.90       0.00       0.00       0.00       0.94       0.06
      6260      38.65     -37.38       0.80       0.00       0.00       0.00       0.59       0.06
      6392      39.36     -38.48       0.90       0.00       0.00       0.00       0.94       0.06
     10820      39.97     -41.48       0.00       0.00       0.00       0.00       0.77       0.03
     11772      40.53     -41.48       0.19       0.00       0.00       0.00       0.77       0.03
     12059      40.59     -41.48       0.21       0.00       0.00       0.00       0.77       0.03
     12427      40.80     -41.48       0.28       0.00       0.00       0.00       0.77       0.03
     13056      41.14     -42.12       0.00       0.00       0.00       0.00       0.51       0.03
     14004      41.14     -41.48       0.39       0.00       0.00       0.00       0.77       0.03
     14111      42.37     -44.05       0.00       0.00       0.00       0.00       0.85       0.03
     16319      42.42     -44.05       0.00       0.00       0.00       0.00       0.83       0.03
     17316      42.67     -44.15       0.00       0.00       0.00       0.00       0.76       0.03
     17438      43.81     -44.05       0.48       0.00       0.00       0.00       0.85       0.03
     18796      44.43     -44.03       0.76       0.00       0.00       0.00       0.96       0.03
     19552      44.58     -44.03       0.81       0.00       0.00       0.00       0.96       0.03
     19756      44.66     -44.05       0.76       0.00       0.00       0.00       0.85       0.03
     21328      44.74     -44.49       0.71       0.00       0.00       0.00       0.96       0.03
     22777      44.90     -44.05       0.84       0.00       0.00       0.00       0.85       0.03
     24226      44.97     -44.04       0.81       0.00       0.00       0.00       0.76       0.03
     25163      45.07     -44.04       0.84       0.00       0.00       0.00       0.76       0.03
     28187      45.13     -44.05       0.86       0.00       0.00       0.00       0.77       0.03
     33963      45.17     -43.83       0.96       0.00       0.00       0.00       0.79       0.03
     34816      45.51     -44.02       1.00       0.00       0.00       0.00       0.77       0.03
     35028      46.20     -44.73       1.00       0.00       0.00       0.00       0.78       0.03
     36407      46.28     -44.82       1.00       0.00       0.00       0.00       0.79       0.03
     36892      46.79     -45.31       1.00       0.00       0.00       0.00       0.78       0.03
     41844      46.88     -45.43       1.00       0.00       0.00       0.00       0.79       0.03
     42312      46.89     -45.45       1.00       0.00       0.00       0.00       0.79       0.03
     44463      46.92     -45.47       1.00       0.00       0.00       0.00       0.79       0.03
     45398      47.05     -45.56       1.00       0.00       0.00       0.00       0.77       0.03
     45422      47.07     -45.67       0.98       0.00       0.00       0.00       0.78       0.03
     45482      47.35     -45.83       0.98       0.00       0.00       0.00       0.72       0.03
     48395      47.77     -46.17       1.00       0.00       0.00       0.00       0.72       0.03
--------------------------------------------------------------------------------
Best docking solution after GA:
     49000      47.77     -46.17       1.00       0.00       0.00       0.00       0.72       0.03

#ops:      49000 #mutates:  23240 #cross:    23264 #migrate:   2496 
#dups:     14330 #niche:    21329 #errors:    3129 
--------------------------------------------------------------------------------

Doing AMOEBA simplex on best individual
Done simplexing #iterations 689, best score  53.44

Ligand is stored in gold_soln_AV-procd_m2621_4.sdf


--------------------------------------------------------------------------------
--- CHEMPLP breakdown of terms                                               ---
--------------------------------------------------------------------------------
CHEMPLP = - ( 1.0000*S(PLP) + -3.0000*S(hbond) + -6.0000*S(metal) + -3.0000*S(cho) )

Score = CHEMPLP - 1.0000*DE(clash) - 2.0000*DE(tors)

Internal energy term has been corrected with the best internal energy encountered.

--------------------------------------------------------------------------------


     Score     S(PLP)   S(hbond)     S(cho)   S(metal)  DE(clash)   DE(tors)     intcor
     53.44     -50.52       1.00       0.00       0.00       0.00       0.05       0.03

--------------------------------------------------------------------------------
--- PLP analysis of protein-ligand interactions                              ---
--------------------------------------------------------------------------------
hydrogen bonding        :      -1.00
metal                   :       0.00
buried (polar-nonpolar) :      -5.83
nonpolar                :     -43.90
repulsive               :       0.00
--------------------------------------------------------------------------------


--------------------------------------------------------------------------------
--- ChemScore analysis of protein-ligand interactions                        ---
--------------------------------------------------------------------------------

* Hydrogen bonds                                                                
Protein donor 10752 hydrogen 10764 Ligand acceptor    1 bond energy  1.00 wt 1.00


* CH..O interactions                                                            
  CH group selection                       : activated ring CH (adjacent to hetatom)

--------------------------------------------------------------------------------


--------------------------------------------------------------------------------
--- Intra-ligand clashes                                                     ---
--------------------------------------------------------------------------------

Ligand
--------------------------------------------------------------------------------

--------------------------------------------------------------------------------
--- Rescoring solution                                                       ---
--------------------------------------------------------------------------------

     Score         DG    S(hbond)    S(metal)    S(lipo)     H(rot)  DE(clash)    DE(int)
     14.65     -15.44       0.78        0.00     123.20       2.75       0.07       0.72

Doing AMOEBA simplex on best individual
Done simplexing #iterations 858, best score  16.67

     Score         DG    S(hbond)    S(metal)    S(lipo)     H(rot)  DE(clash)    DE(int)
     16.67     -16.81       0.94        0.00     130.07       2.75       0.00       0.13

--------------------------------------------------------------------------------
--- ChemScore breakdown of terms                                             ---
--------------------------------------------------------------------------------
DG = -5.4800 + -3.3400*S(hbond)
     + -6.0300*S(metal) + -0.1170*S(lipo) + 2.5600*H(rot)


H(rot) = 2.7500

Score = -(DG + DE(clash) + DE(int))


--------------------------------------------------------------------------------


--------------------------------------------------------------------------------
--- ChemScore analysis of protein-ligand interactions                        ---
--------------------------------------------------------------------------------

* Hydrogen bonds                                                                
Protein donor 10752 hydrogen 10764 Ligand acceptor    1 bond energy  1.00 wt 0.94

CHEMSCORE EXTRA INTERACTIONS:

* Clashes                                                                       
--------------------------------------------------------------------------------


--------------------------------------------------------------------------------
--- Chromosome decoded                                                       ---
--------------------------------------------------------------------------------
Ligand Torsions
[  22    1    2    3]  -11.98
[   1    2    3   11] -125.23
[  13   12   11    3] -117.29
[  14   13   12   11]   60.51
[  32   14   13   12] -127.84
[  21   15   13   12]  -63.67
Protein Torsions
[6907 6896 6895 6894]  137.13 
[7974 7965 7964 7962]  -46.98 
[8008 7997 7996 7995] -167.27 
[10167 10162 10161 10158]  176.14 
[10718 10713 10712 10709]  167.12 
[10763 10752 10751 10750]   11.11 
[11005 11000 10999 10996]   28.59 
Mapping
Ligand acceptors to protein hydrogens (mapping then atom ids)
  1  44 [  1->10764]
Ligand hydrogens to protein acceptors (mapping then atom ids)
Ligand shape atoms to protein points (mapping then atom ids & coords)
  8  9630 [ 16->(153.250 141.500 160.500)]
  9  9337 [ 17->(152.500 144.000 161.750)]
 10  9214 [ 20->(152.500 141.750 159.250)]
 11  9246 [ 21->(152.500 142.750 160.500)]
Chromosome values
Integers:
  43   -1   -1   -1   -1   -1   -1   -1   -1   -1   -1   -1 
9629 9336 9213 9245 
--------------------------------------------------------------------------------

Current Ranking  3  4  1  2

--------------------------------------------------------------------------------

* GA execution time :                                                           
  total  0.8965 user  0.8965 sys  0.0000

--------------------------------------------------------------------------------
Fitness function evaluations: 104888

--------------------------------------------------------------------------------
** Docking run number  5 **
--------------------------------------------------------------------------------
  Rank fitness base is 5000.00 ; increment is 11.2233

* Initialising population(s) ...                                                
Number of constraints mappings 0
Number of constraints 0
  Population no.                           :      1
  Population size                          :    100
  Number of duplicates                     :      0
  Number of niche violations               :      0
  Number of errors                         :   5595

Number of constraints mappings 0
Number of constraints 0
  Population no.                           :      2
  Population size                          :    100
  Number of duplicates                     :      0
  Number of niche violations               :      0
  Number of errors                         :   5555

Number of constraints mappings 0
Number of constraints 0
  Population no.                           :      3
  Population size                          :    100
  Number of duplicates                     :      0
  Number of niche violations               :      0
  Number of errors                         :   5388

Number of constraints mappings 0
Number of constraints 0
  Population no.                           :      4
  Population size                          :    100
  Number of duplicates                     :      0
  Number of niche violations               :      0
  Number of errors                         :   5553


Doing GA, no. of population(s) 4 size 100 selection pressure 1.100000

 Operation      Score     S(PLP)   S(hbond)     S(cho)   S(metal)  DE(clash)   DE(tors)     intcor
         0      24.75     -25.61       0.00       0.00       0.00       0.00       0.44       0.03
       957      30.19     -28.20       0.95       0.00       0.00       0.00       0.44       0.03
      2018      34.61     -35.40       0.67       0.00       0.00       0.00       1.41       0.03
      3443      36.57     -34.58       1.21       0.00       0.00       0.00       0.83       0.03
      5010      38.88     -39.30       0.35       0.00       0.00       0.00       0.76       0.03
      5603      40.08     -41.76       0.40       0.00       0.00       0.00       1.46       0.03
      5766      40.36     -40.41       0.37       0.00       0.00       0.00       0.60       0.03
      6303      41.65     -42.95       0.53       0.00       0.00       0.00       1.46       0.03
      6475      43.15     -44.83       0.40       0.00       0.00       0.00       1.46       0.03
     13527      44.39     -46.07       0.40       0.00       0.00       0.00       1.46       0.03
     18405      44.39     -43.63       1.07       0.00       0.00       0.00       1.23       0.03
     20119      44.68     -46.36       0.40       0.00       0.00       0.00       1.46       0.03
     20275      45.78     -46.07       0.86       0.00       0.00       0.00       1.46       0.03
     20639      46.14     -45.43       1.20       0.00       0.00       0.00       1.46       0.03
     22513      46.85     -46.28       1.15       0.00       0.00       0.00       1.46       0.03
     24597      48.64     -46.77       1.45       0.00       0.00       0.00       1.26       0.03
     29921      49.52     -47.05       1.65       0.00       0.00       0.00       1.26       0.03
     34432      49.94     -48.42       0.98       0.00       0.00       0.00       0.72       0.03
     36741      50.03     -47.20       1.31       0.00       0.00       0.00       0.57       0.03
     40677      50.46     -48.33       1.18       0.00       0.00       0.00       0.72       0.03
     44001      50.57     -47.51       1.39       0.00       0.00       0.00       0.57       0.03
     44576      50.93     -47.50       1.65       0.00       0.00       0.00       0.78       0.03
     45237      51.29     -47.99       1.65       0.00       0.00       0.00       0.84       0.03
     48005      51.88     -48.05       1.64       0.00       0.00       0.00       0.57       0.03
     48213      52.15     -48.05       1.74       0.00       0.00       0.00       0.57       0.03
     48421      52.18     -48.05       1.74       0.00       0.00       0.00       0.57       0.03
--------------------------------------------------------------------------------
Best docking solution after GA:
     49000      52.18     -48.05       1.74       0.00       0.00       0.00       0.57       0.03

#ops:      49000 #mutates:  23309 #cross:    23227 #migrate:   2464 
#dups:     10476 #niche:    22791 #errors:    2840 
--------------------------------------------------------------------------------

Doing AMOEBA simplex on best individual
Done simplexing #iterations 693, best score  54.07

Ligand is stored in gold_soln_AV-procd_m2621_5.sdf


--------------------------------------------------------------------------------
--- CHEMPLP breakdown of terms                                               ---
--------------------------------------------------------------------------------
CHEMPLP = - ( 1.0000*S(PLP) + -3.0000*S(hbond) + -6.0000*S(metal) + -3.0000*S(cho) )

Score = CHEMPLP - 1.0000*DE(clash) - 2.0000*DE(tors)

Internal energy term has been corrected with the best internal energy encountered.

--------------------------------------------------------------------------------


     Score     S(PLP)   S(hbond)     S(cho)   S(metal)  DE(clash)   DE(tors)     intcor
     54.07     -49.20       2.00       0.00       0.00       0.00       0.58       0.03

--------------------------------------------------------------------------------
--- PLP analysis of protein-ligand interactions                              ---
--------------------------------------------------------------------------------
hydrogen bonding        :      -4.00
metal                   :       0.00
buried (polar-nonpolar) :      -1.37
nonpolar                :     -43.46
repulsive               :       0.09
--------------------------------------------------------------------------------


--------------------------------------------------------------------------------
--- ChemScore analysis of protein-ligand interactions                        ---
--------------------------------------------------------------------------------

* Hydrogen bonds                                                                
Ligand donor   14 hydrogen   32 Protein acceptor 8028 bond energy  1.00 wt 1.00
Protein donor 7989 hydrogen 7998 Ligand acceptor    4 bond energy  1.00 wt 1.00


* CH..O interactions                                                            
  CH group selection                       : activated ring CH (adjacent to hetatom)

--------------------------------------------------------------------------------


--------------------------------------------------------------------------------
--- Intra-ligand clashes                                                     ---
--------------------------------------------------------------------------------

Ligand
--------------------------------------------------------------------------------

--------------------------------------------------------------------------------
--- Rescoring solution                                                       ---
--------------------------------------------------------------------------------

     Score         DG    S(hbond)    S(metal)    S(lipo)     H(rot)  DE(clash)    DE(int)
     14.72     -16.67       1.25        0.00     120.13       2.75       1.37       0.57

Doing AMOEBA simplex on best individual
Done simplexing #iterations 765, best score  16.49

     Score         DG    S(hbond)    S(metal)    S(lipo)     H(rot)  DE(clash)    DE(int)
     16.49     -17.49       1.48        0.00     120.61       2.75       0.48       0.52

--------------------------------------------------------------------------------
--- ChemScore breakdown of terms                                             ---
--------------------------------------------------------------------------------
DG = -5.4800 + -3.3400*S(hbond)
     + -6.0300*S(metal) + -0.1170*S(lipo) + 2.5600*H(rot)


H(rot) = 2.7500

Score = -(DG + DE(clash) + DE(int))


--------------------------------------------------------------------------------


--------------------------------------------------------------------------------
--- ChemScore analysis of protein-ligand interactions                        ---
--------------------------------------------------------------------------------

* Hydrogen bonds                                                                
Ligand donor   14 hydrogen   32 Protein acceptor 8028 bond energy  1.00 wt 0.67
Protein donor 7989 hydrogen 7998 Ligand acceptor    4 bond energy  1.00 wt 0.81

CHEMSCORE EXTRA INTERACTIONS:

* Clashes                                                                       
Clash for ligand atom   6 (**** ):   0.22
Clash for ligand atom   9 (**** ):   0.17
Clash for ligand atom  10 (**** ):   0.07
Clash for ligand atom  17 (**** ):   0.01
--------------------------------------------------------------------------------


--------------------------------------------------------------------------------
--- Chromosome decoded                                                       ---
--------------------------------------------------------------------------------
Ligand Torsions
[  22    1    2    3]   67.29
[   1    2    3   11] -179.20
[  13   12   11    3]   67.56
[  14   13   12   11]   92.44
[  32   14   13   12]  -73.01
[  21   15   13   12]   62.49
Protein Torsions
[6907 6896 6895 6894]   27.47 
[7974 7965 7964 7962]  171.99 
[8008 7997 7996 7995]   23.67 
[10167 10162 10161 10158]   15.46 
[10718 10713 10712 10709]  -20.23 
[10763 10752 10751 10750]  -48.43 
[11005 11000 10999 10996]  102.73 
Mapping
Ligand acceptors to protein hydrogens (mapping then atom ids)
  2  18 [  4->7998]
Ligand hydrogens to protein acceptors (mapping then atom ids)
Ligand shape atoms to protein points (mapping then atom ids & coords)
  2  5929 [  6->(147.500 141.750 154.500)]
  6  7497 [ 12->(150.750 141.250 158.000)]
  7  8014 [ 13->(151.250 143.000 157.750)]
  8  8109 [ 16->(151.250 144.500 160.000)]
  9  8859 [ 17->(152.000 143.750 162.250)]
 11  8790 [ 21->(152.000 142.500 160.250)]
Chromosome values
Integers:
  -1   17   -1   -1   -1   -1 5928   -1   -1   -1 7496 8013 
8108 8858   -1 8789 
--------------------------------------------------------------------------------

Current Ranking  3  5  4  1  2

--------------------------------------------------------------------------------

* GA execution time :                                                           
  total  0.9346 user  0.9346 sys  0.0000

--------------------------------------------------------------------------------
Fitness function evaluations: 105223

--------------------------------------------------------------------------------
** Docking run number  6 **
--------------------------------------------------------------------------------
  Rank fitness base is 5000.00 ; increment is 11.2233

* Initialising population(s) ...                                                
Number of constraints mappings 0
Number of constraints 0
  Population no.                           :      1
  Population size                          :    100
  Number of duplicates                     :      0
  Number of niche violations               :      0
  Number of errors                         :   5498

Number of constraints mappings 0
Number of constraints 0
  Population no.                           :      2
  Population size                          :    100
  Number of duplicates                     :      0
  Number of niche violations               :      0
  Number of errors                         :   5752

Number of constraints mappings 0
Number of constraints 0
  Population no.                           :      3
  Population size                          :    100
  Number of duplicates                     :      0
  Number of niche violations               :      0
  Number of errors                         :   5524

Number of constraints mappings 0
Number of constraints 0
  Population no.                           :      4
  Population size                          :    100
  Number of duplicates                     :      0
  Number of niche violations               :      0
  Number of errors                         :   5519


Doing GA, no. of population(s) 4 size 100 selection pressure 1.100000

 Operation      Score     S(PLP)   S(hbond)     S(cho)   S(metal)  DE(clash)   DE(tors)     intcor
         0      21.07     -25.17       0.28       0.00       0.00       3.21       0.89       0.03
      1043      27.02     -26.12       1.00       0.00       0.00       0.00       1.07       0.03
      1784      28.31     -31.01       0.03       0.00       0.00       0.00       1.40       0.03
      3560      31.64     -27.23       1.68       0.00       0.00       0.00       0.33       0.03
      4416      33.57     -31.27       1.80       0.00       0.00       0.44       1.34       0.03
      4969      33.89     -32.72       1.05       0.00       0.00       0.00       1.00       0.03
      4981      36.48     -34.41       1.61       0.00       0.00       0.00       1.39       0.03
      6033      36.66     -34.60       1.61       0.00       0.00       0.00       1.39       0.03
      9701      37.18     -34.84       1.69       0.00       0.00       0.00       1.38       0.03
     10387      37.66     -35.87       1.05       0.00       0.00       0.00       0.69       0.03
     11760      38.12     -35.39       1.58       0.00       0.00       0.00       1.02       0.03
     12023      38.40     -36.73       1.19       0.00       0.00       0.00       0.96       0.03
     12616      39.52     -36.70       1.61       0.00       0.00       0.00       1.02       0.03
     13209      39.64     -36.52       1.61       0.00       0.00       0.00       0.86       0.03
     18119      40.49     -36.97       1.72       0.00       0.00       0.00       0.84       0.03
     18211      42.69     -40.15       1.54       0.00       0.00       0.00       1.06       0.03
     21175      42.72     -39.93       1.59       0.00       0.00       0.00       1.01       0.03
     23300      42.91     -39.92       1.69       0.00       0.00       0.00       1.06       0.03
     24690      42.91     -40.06       1.65       0.00       0.00       0.00       1.06       0.03
     28836      43.54     -40.01       1.85       0.00       0.00       0.00       1.03       0.03
     33270      43.57     -40.04       1.85       0.00       0.00       0.00       1.03       0.03
     34395      44.01     -41.49       1.47       0.00       0.00       0.00       0.96       0.03
     38367      44.25     -42.69       0.98       0.00       0.00       0.00       0.70       0.03
     39081      44.29     -40.48       1.94       0.00       0.00       0.00       1.03       0.03
     39878      44.33     -42.69       1.00       0.00       0.00       0.00       0.70       0.03
     39897      44.34     -40.53       1.94       0.00       0.00       0.00       1.03       0.03
     41676      45.60     -46.54       0.09       0.00       0.00       0.00       0.62       0.03
     42012      45.82     -46.37       0.09       0.00       0.00       0.00       0.43       0.03
     44587      46.43     -45.77       0.50       0.00       0.00       0.00       0.43       0.03
     45611      46.46     -44.38       1.05       0.00       0.00       0.00       0.55       0.03
     45671      50.61     -47.79       1.20       0.00       0.00       0.00       0.41       0.03
     47375      50.64     -47.58       1.30       0.00       0.00       0.00       0.43       0.03
     47687      51.54     -49.72       0.90       0.00       0.00       0.00       0.46       0.03
     47946      51.81     -49.64       1.00       0.00       0.00       0.00       0.43       0.03
     48331      51.93     -48.86       1.30       0.00       0.00       0.00       0.43       0.03
     48535      52.88     -49.99       1.25       0.00       0.00       0.00       0.45       0.03
     48983      53.33     -50.36       1.25       0.00       0.00       0.00       0.40       0.03
--------------------------------------------------------------------------------
Best docking solution after GA:
     49000      53.33     -50.36       1.25       0.00       0.00       0.00       0.40       0.03

#ops:      49000 #mutates:  23311 #cross:    23214 #migrate:   2475 
#dups:      9475 #niche:    23023 #errors:    2679 
--------------------------------------------------------------------------------

Doing AMOEBA simplex on best individual
Done simplexing #iterations 761, best score  54.82

Ligand is stored in gold_soln_AV-procd_m2621_6.sdf


--------------------------------------------------------------------------------
--- CHEMPLP breakdown of terms                                               ---
--------------------------------------------------------------------------------
CHEMPLP = - ( 1.0000*S(PLP) + -3.0000*S(hbond) + -6.0000*S(metal) + -3.0000*S(cho) )

Score = CHEMPLP - 1.0000*DE(clash) - 2.0000*DE(tors)

Internal energy term has been corrected with the best internal energy encountered.

--------------------------------------------------------------------------------


     Score     S(PLP)   S(hbond)     S(cho)   S(metal)  DE(clash)   DE(tors)     intcor
     54.82     -51.14       1.45       0.00       0.00       0.00       0.35       0.03

--------------------------------------------------------------------------------
--- PLP analysis of protein-ligand interactions                              ---
--------------------------------------------------------------------------------
hydrogen bonding        :      -4.00
metal                   :       0.00
buried (polar-nonpolar) :      -0.94
nonpolar                :     -44.95
repulsive               :       0.15
--------------------------------------------------------------------------------


--------------------------------------------------------------------------------
--- ChemScore analysis of protein-ligand interactions                        ---
--------------------------------------------------------------------------------

* Hydrogen bonds                                                                
Protein donor 7989 hydrogen 7998 Ligand acceptor    4 bond energy  1.00 wt 0.45
Protein donor 7997 hydrogen 8008 Ligand acceptor    1 bond energy  1.00 wt 1.00


* CH..O interactions                                                            
  CH group selection                       : activated ring CH (adjacent to hetatom)

--------------------------------------------------------------------------------


--------------------------------------------------------------------------------
--- Intra-ligand clashes                                                     ---
--------------------------------------------------------------------------------

Ligand
--------------------------------------------------------------------------------

--------------------------------------------------------------------------------
--- Rescoring solution                                                       ---
--------------------------------------------------------------------------------

     Score         DG    S(hbond)    S(metal)    S(lipo)     H(rot)  DE(clash)    DE(int)
      9.19     -13.48       0.18        0.00     123.39       2.75       1.93       2.36

Doing AMOEBA simplex on best individual
Done simplexing #iterations 764, best score  12.42

     Score         DG    S(hbond)    S(metal)    S(lipo)     H(rot)  DE(clash)    DE(int)
     12.42     -15.06       0.89        0.00     116.74       2.75       0.24       2.40

--------------------------------------------------------------------------------
--- ChemScore breakdown of terms                                             ---
--------------------------------------------------------------------------------
DG = -5.4800 + -3.3400*S(hbond)
     + -6.0300*S(metal) + -0.1170*S(lipo) + 2.5600*H(rot)


H(rot) = 2.7500

Score = -(DG + DE(clash) + DE(int))


--------------------------------------------------------------------------------


--------------------------------------------------------------------------------
--- ChemScore analysis of protein-ligand interactions                        ---
--------------------------------------------------------------------------------

* Hydrogen bonds                                                                
Protein donor 7989 hydrogen 7998 Ligand acceptor    4 bond energy  1.00 wt 0.01
Protein donor 7997 hydrogen 8008 Ligand acceptor    1 bond energy  1.00 wt 0.88

CHEMSCORE EXTRA INTERACTIONS:

* Clashes                                                                       
Clash for ligand atom   8 (**** ):   0.02
Clash for ligand atom   9 (**** ):   0.07
Clash for ligand atom  19 (**** ):   0.15
--------------------------------------------------------------------------------


--------------------------------------------------------------------------------
--- Chromosome decoded                                                       ---
--------------------------------------------------------------------------------
Ligand Torsions
[  22    1    2    3]  -34.87
[   1    2    3   11] -115.93
[  13   12   11    3]  101.05
[  14   13   12   11]   47.83
[  32   14   13   12]  129.78
[  21   15   13   12] -123.88
Protein Torsions
[6907 6896 6895 6894]  146.94 
[7974 7965 7964 7962]  -38.26 
[8008 7997 7996 7995]   -7.99 
[10167 10162 10161 10158]   40.32 
[10718 10713 10712 10709]   63.87 
[10763 10752 10751 10750]  -85.50 
[11005 11000 10999 10996]  -28.35 
Mapping
Ligand acceptors to protein hydrogens (mapping then atom ids)
  1  19 [  1->8008]
  2  18 [  4->7998]
Ligand hydrogens to protein acceptors (mapping then atom ids)
Ligand shape atoms to protein points (mapping then atom ids & coords)
  3  5588 [  7->(147.000 142.250 154.750)]
  4  5575 [  8->(147.000 141.250 154.500)]
  8  9399 [ 16->(152.750 142.250 160.000)]
 10  9276 [ 20->(152.500 143.250 160.750)]
Chromosome values
Integers:
  18   17   -1   -1   -1   -1   -1 5587 5574   -1   -1   -1 
9398   -1 9275   -1 
--------------------------------------------------------------------------------

Current Ranking  3  6  5  4  1  2

Top  3 (of  6) solutions are within 1.500 RMSD, finishing docking /DATA2/COVID-19/PDBs_&_Models/AV-procd.sdf.


--------------------------------------------------------------------------------

* GA execution time :                                                           
  total  0.9603 user  0.9603 sys  0.0000

--------------------------------------------------------------------------------
Fitness function evaluations: 106077

--------------------------------------------------------------------------------
--- Ranking analysis                                                         ---
--------------------------------------------------------------------------------


* Final ranked order of GA solutions:                                           
   3  6  5  4  1  2 

  _______________________________
  RMSD Matrix of RANKED solutions

        2    3    4    5    6  

   1 :  0.5  0.6  7.5  6.3  6.5
   2 :       1.0  7.3  6.2  6.3
   3 :            7.7  6.3  6.6
   4 :                 7.3  5.9
   5 :                      2.1

  Clustering method                        : complete linkage
  Structure ids in cluster table           : rank nos.
  Ordering of clusters and their members   : by rank (order if from rms_analysis)

  Distance | Clusters
   0.54    |  1  2 |  3 |  4 |  5 |  6 |
   1.00    |  1  2  3 |  4 |  5 |  6 |
   2.09    |  1  2  3 |  4 |  5  6 |
   6.61    |  1  2  3  5  6 |  4 |
   7.75    |  1  2  3  4  5  6 |
  Finished Docking Ligand                  : /DATA2/COVID-19/PDBs_&_Models/AV-procd.sdf
--------------------------------------------------------------------------------

  Relative_Ligand_Energy (best encountered) :   0.028
  Relative_Ligand_Energy: fitness values have been corrected using this amount
