
--------------------------------------------------------------------------------
--- Ligand                                                                   ---
--------------------------------------------------------------------------------
  Ligand loaded from file                  : /DATA2/COVID-19/PDBs_&_Models/AV-procd.sdf
  Ligand name                              :  
  "AV-unprocessed.smi:2128                                                  "

--------------------------------------------------------------------------------
  N.plc donors                             : 
  pro:   22 
  

  Acidic nitrogen acceptors                : 
  none found
  Sulfur acceptors                         :
  none found


  Donor atoms                              :      4
  9   12  22  25  
  Acceptor atoms                           :      2
  1   11  

  Hydrogens                                :  (n = 4)
  30   31   51   50   

  Lone pairs added to molecule             :      4
  Numbering                                : from 52 to 55
  Choline groups                           : 
   

--------------------------------------------------------------------------------
--- Postprocessing of typing                                                 ---
--------------------------------------------------------------------------------
  Fragment file                            : /home/scv26/CCDC/Discovery_2020/GOLD/gold/rotatable_bond_override.mol2
  acylurea fragment                        : no matches
  thioacylthiourea fragment                : no matches
  acylthiourea fragment                    : no matches
  thioacylurea fragment                    : no matches
  diarylamine fragment >C.ar-NH-C.ar<      : no matches
  sec-amine (1) fragment                   : no matches
  sec-amine (2) fragment                   : 1 matches
  Ligand bond 4-5  set to 1
  Ligand bond 4-3  set to 1
  Ligand bond 4-23  set to 1
  sec-amine (3) fragment                   : no matches
  carboxylic ester                         : no matches

* Rotatable bonds in /DATA2/COVID-19/PDBs  :
  [   4    5] [   8    9] [  12   13] [  13   14] 
  [  14   15] 
  No. of rotatable bonds                   :      5


* Fragments found in /DATA2/COVID-19/PDBs  :


* Checking torsion distributions:                                               
  Rotatable bond [ 7  8  9 10] matches torsion: aromatic amide
   C.ar ( 1H ) | C.ar | N.am ( 1H ) | C.2 ( O.2 ) 
  No. of matched torsions                  :      1

--------------------------------------------------------------------------------
--- Shape fitting atoms selection (hydrophobic atoms)                        ---
--------------------------------------------------------------------------------
  Molecule                                 : /DATA2/COVID-19/PDBs_&_Models/AV-procd.sdf
  Selection                                : carbons only
  Atom numbers                             :  (n = 13)
  3    6    7    13   14   16   17   18   19   20   
  21   23   24   


--------------------------------------------------------------------------------
--- ChemScore ligand setup summary                                           ---
--------------------------------------------------------------------------------
  ChemScore ligand acceptors               :      2
  1 11 
  ChemScore ligand donors                  :      4
  9 ( 30  ) 12 ( 31  ) 22 ( 51 [+]  ) 25 ( 50  ) 
  ChemScore ligand CH donors               :      0
  

  ChemScore ligand lipophilic atoms        :  (n = 15)
  3    6    7    8    13   14   15   16   17   18   
  19   20   21   23   24   

  ChemScore ligand rotatable bonds         :      5
  4   (****) - 5   (****): SP2_SP2_BOND
  8   (****) - 9   (****): SP2_SP2_BOND
  12  (****) - 13  (****): SP3_SP2_BOND
  13  (****) - 14  (****): SP3_SP3_BOND
  14  (****) - 15  (****): SP3_SP2_BOND

--------------------------------------------------------------------------------
--- PLP ligand setup summary                                                 ---
--------------------------------------------------------------------------------
    1  ****   O.2 ACCEPTOR
    2  ****   C.2 NONPOLAR
    3  ****   C.3 NONPOLAR
    4  **** N.pl3 NONPOLAR
    5  ****  C.ar NONPOLAR
    6  ****  C.ar NONPOLAR
    7  ****  C.ar NONPOLAR
    8  ****  C.ar NONPOLAR
    9  ****  N.am DONOR
   10  ****   C.2 NONPOLAR
   11  ****   O.2 ACCEPTOR
   12  ****  N.am DONOR
   13  ****   C.3 NONPOLAR
   14  ****   C.3 NONPOLAR
   15  ****   C.2 NONPOLAR
   16  ****   C.2 NONPOLAR
   17  ****   C.3 NONPOLAR
   18  ****   C.3 NONPOLAR
   19  ****   C.3 NONPOLAR
   20  ****   C.3 NONPOLAR
   21  ****  C.ar NONPOLAR
   22  **** N.pl3 DONOR
   23  ****   C.3 NONPOLAR
   24  ****   C.3 NONPOLAR
   25  ****  N.am DONOR


--------------------------------------------------------------------------------
--- Automatic parameter setting                                              ---
--------------------------------------------------------------------------------
  Contribution base                        :   2500
  Contribution per rotatable bond          :   6000
  Contribution per df                      :   4000
  Contribution per water                   :  10000
  Ligand rotatable bonds                   :      5
  Protein flexible side chain bonds        :      0
  Total rotatable bonds                    :      5
  Hydrophobic vol ratio (P/L)              :   1.774
  Base multiplier (polar)                  :   1.200
  Base multiplier (apolar)                 :   4.614
  Base contribution                        : 12500.000
  Fitting points                           :      6
  Estimated maxops needed (optimal)        :  43000

--------------------------------------------------------------------------------

* Population settings                                                           
  maxops                                   :  43000
  popsiz                                   :    100
  select_pressure                          :   1.100
  n_islands                                :      4
  niche_siz                                :      2

* GA settings                                                                   
  pt_crosswt                               :     95
  allele_mutatewt                          :     95
  migratewt                                :     10

* Search settings                                                               
  start_vdw_linear_cutoff                  :   4.000
  initial_virtual_pt_match_max             :   3.000

--------------------------------------------------------------------------------

* Ligand initialisation time :                                                  
  total  0.0169 user  0.0169 sys  0.0000

--------------------------------------------------------------------------------

--------------------------------------------------------------------------------
** Docking run number  1 **
--------------------------------------------------------------------------------
  Rank fitness base is 5000.00 ; increment is 11.2233

* Initialising population(s) ...                                                
Number of constraints mappings 0
Number of constraints 0
  Population no.                           :      1
  Population size                          :    100
  Number of duplicates                     :      0
  Number of niche violations               :      0
  Number of errors                         :   3586

Number of constraints mappings 0
Number of constraints 0
  Population no.                           :      2
  Population size                          :    100
  Number of duplicates                     :      0
  Number of niche violations               :      0
  Number of errors                         :   3746

Number of constraints mappings 0
Number of constraints 0
  Population no.                           :      3
  Population size                          :    100
  Number of duplicates                     :      0
  Number of niche violations               :      0
  Number of errors                         :   3607

Number of constraints mappings 0
Number of constraints 0
  Population no.                           :      4
  Population size                          :    100
  Number of duplicates                     :      0
  Number of niche violations               :      0
  Number of errors                         :   3796


Doing GA, no. of population(s) 4 size 100 selection pressure 1.100000

 Operation      Score     S(PLP)   S(hbond)     S(cho)   S(metal)  DE(clash)   DE(tors)     intcor
         0      27.77     -28.90       0.59       0.00       0.00       0.00       1.58       0.28
      1790      27.97     -29.16       0.11       0.00       0.00       0.00       0.89       0.25
      2209      30.36     -30.93       0.00       0.00       0.00       0.00       0.41       0.25
      2322      31.31     -30.77       1.00       0.00       0.00       0.00       1.36       0.25
      2589      32.00     -32.57       0.00       0.00       0.00       0.00       0.41       0.25
      4042      32.90     -31.56       1.27       0.00       0.00       0.00       1.36       0.25
      5118      34.62     -33.77       0.91       0.00       0.00       0.00       1.07       0.25
      6715      35.25     -34.99       1.00       0.00       0.00       0.00       1.49       0.25
      7400      36.30     -35.64       1.00       0.00       0.00       0.00       1.29       0.25
     10296      37.38     -35.96       1.39       0.00       0.00       0.00       1.49       0.25
     12677      37.45     -38.41       0.00       0.00       0.00       0.00       0.60       0.25
     13095      37.69     -41.39       0.00       0.00       0.00       2.79       0.58       0.25
     13707      39.21     -34.78       1.57       0.00       0.00       0.00       0.26       0.24
     15634      39.46     -34.64       1.70       0.00       0.00       0.00       0.25       0.24
     16779      39.59     -36.13       2.07       0.00       0.00       0.00       1.49       0.24
     17721      39.74     -34.95       1.99       0.00       0.00       0.00       0.72       0.24
     20043      42.54     -39.53       1.83       0.00       0.00       0.00       1.36       0.24
     21020      43.68     -37.35       2.38       0.00       0.00       0.00       0.52       0.24
     24595      44.16     -40.92       1.92       0.00       0.00       0.00       1.36       0.19
     27335      44.26     -40.92       1.96       0.00       0.00       0.00       1.36       0.19
     29239      44.55     -40.92       2.05       0.00       0.00       0.00       1.36       0.19
     31004      45.41     -38.59       2.60       0.00       0.00       0.00       0.59       0.19
     36418      45.64     -38.48       2.72       0.00       0.00       0.00       0.60       0.19
     38936      45.94     -37.90       2.99       0.00       0.00       0.00       0.57       0.19
     39240      46.62     -38.58       2.98       0.00       0.00       0.00       0.54       0.19
     41032      46.69     -38.85       2.98       0.00       0.00       0.00       0.64       0.19
     41372      46.93     -39.17       2.89       0.00       0.00       0.00       0.55       0.19
     41716      46.97     -38.87       3.00       0.00       0.00       0.00       0.55       0.19
     42035      47.57     -39.54       2.94       0.00       0.00       0.00       0.49       0.19
     42632      47.67     -39.52       2.96       0.00       0.00       0.00       0.46       0.19
--------------------------------------------------------------------------------
Best docking solution after GA:
     43000      47.67     -39.52       2.96       0.00       0.00       0.00       0.46       0.19

#ops:      43000 #mutates:  20336 #cross:    20532 #migrate:   2132 
#dups:     11283 #niche:    16800 #errors:    3715 
--------------------------------------------------------------------------------

Doing AMOEBA simplex on best individual
Done simplexing #iterations 964, best score  56.36

Ligand is stored in gold_soln_AV-procd_m8682_1.sdf


--------------------------------------------------------------------------------
--- CHEMPLP breakdown of terms                                               ---
--------------------------------------------------------------------------------
CHEMPLP = - ( 1.0000*S(PLP) + -3.0000*S(hbond) + -6.0000*S(metal) + -3.0000*S(cho) )

Score = CHEMPLP - 1.0000*DE(clash) - 2.0000*DE(tors)

Internal energy term has been corrected with the best internal energy encountered.

--------------------------------------------------------------------------------


     Score     S(PLP)   S(hbond)     S(cho)   S(metal)  DE(clash)   DE(tors)     intcor
     56.36     -48.04       3.00       0.00       0.00       0.00       0.44       0.19

--------------------------------------------------------------------------------
--- PLP analysis of protein-ligand interactions                              ---
--------------------------------------------------------------------------------
hydrogen bonding        :      -4.00
metal                   :       0.00
buried (polar-nonpolar) :       4.28
nonpolar                :     -48.66
repulsive               :       0.46
--------------------------------------------------------------------------------


--------------------------------------------------------------------------------
--- ChemScore analysis of protein-ligand interactions                        ---
--------------------------------------------------------------------------------

* Hydrogen bonds                                                                
Ligand donor   12 hydrogen   31 Protein acceptor 7948 bond energy  1.00 wt 1.00
Ligand donor   22 hydrogen   51 Protein acceptor 8028 bond energy  1.00 wt 2.00


* CH..O interactions                                                            
  CH group selection                       : activated ring CH (adjacent to hetatom)

--------------------------------------------------------------------------------


--------------------------------------------------------------------------------
--- Intra-ligand clashes                                                     ---
--------------------------------------------------------------------------------

Ligand
--------------------------------------------------------------------------------

--------------------------------------------------------------------------------
--- Rescoring solution                                                       ---
--------------------------------------------------------------------------------

     Score         DG    S(hbond)    S(metal)    S(lipo)     H(rot)  DE(clash)    DE(int)
     11.49     -20.70       1.84        0.00     108.87       1.43       7.42       1.79

Doing AMOEBA simplex on best individual
Done simplexing #iterations 743, best score  16.20

     Score         DG    S(hbond)    S(metal)    S(lipo)     H(rot)  DE(clash)    DE(int)
     16.20     -20.21       1.99        0.00     100.25       1.43       2.32       1.68

--------------------------------------------------------------------------------
--- ChemScore breakdown of terms                                             ---
--------------------------------------------------------------------------------
DG = -5.4800 + -3.3400*S(hbond)
     + -6.0300*S(metal) + -0.1170*S(lipo) + 2.5600*H(rot)


H(rot) = 1.4266

Score = -(DG + DE(clash) + DE(int))


--------------------------------------------------------------------------------


--------------------------------------------------------------------------------
--- ChemScore analysis of protein-ligand interactions                        ---
--------------------------------------------------------------------------------

* Hydrogen bonds                                                                
Ligand donor   12 hydrogen   31 Protein acceptor 7948 bond energy  1.00 wt 1.00
Ligand donor   22 hydrogen   51 Protein acceptor 8028 bond energy  1.00 wt 0.99

CHEMSCORE EXTRA INTERACTIONS:

* Clashes                                                                       
Clash for ligand atom   1 (**** ):   0.27
Clash for ligand atom  10 (**** ):   0.29
Clash for ligand atom  13 (**** ):   0.22
Clash for ligand atom  14 (**** ):   1.52
Clash for ligand atom  23 (**** ):   0.02
--------------------------------------------------------------------------------


--------------------------------------------------------------------------------
--- Chromosome decoded                                                       ---
--------------------------------------------------------------------------------
Ligand Torsions
[   3    4    5   22]  151.31
[   7    8    9   10]  162.17    matched torsion: aromatic amide
[  14   13   12   10] -170.04
[  15   14   13   12]   85.62
[  20   15   14   13] -178.91
Protein Torsions
[6907 6896 6895 6894] -154.76 
[7974 7965 7964 7962]  167.45 
[8008 7997 7996 7995] -141.53 
[10167 10162 10161 10158] -161.86 
[10718 10713 10712 10709]  -84.43 
[10763 10752 10751 10750]   90.47 
[11005 11000 10999 10996]  -45.83 
Mapping
Ligand acceptors to protein hydrogens (mapping then atom ids)
Ligand hydrogens to protein acceptors (mapping then atom ids)
Ligand shape atoms to protein points (mapping then atom ids & coords)
  8  2125 [ 18->(143.500 134.000 152.000)]
 11  6639 [ 21->(149.000 141.000 155.250)]
 12  8369 [ 23->(151.500 144.500 158.500)]
Chromosome values
Integers:
  -1   -1   -1   -1   -1   -1   -1   -1   -1   -1   -1   -1 
  -1 2124   -1   -1 6638 8368   -1 
--------------------------------------------------------------------------------

Current Ranking  1

--------------------------------------------------------------------------------

* GA execution time :                                                           
  total  0.8251 user  0.8251 sys  0.0000

--------------------------------------------------------------------------------
Fitness function evaluations: 89829

--------------------------------------------------------------------------------
** Docking run number  2 **
--------------------------------------------------------------------------------
  Rank fitness base is 5000.00 ; increment is 11.2233

* Initialising population(s) ...                                                
Number of constraints mappings 0
Number of constraints 0
  Population no.                           :      1
  Population size                          :    100
  Number of duplicates                     :      0
  Number of niche violations               :      0
  Number of errors                         :   3631

Number of constraints mappings 0
Number of constraints 0
  Population no.                           :      2
  Population size                          :    100
  Number of duplicates                     :      0
  Number of niche violations               :      0
  Number of errors                         :   3683

Number of constraints mappings 0
Number of constraints 0
  Population no.                           :      3
  Population size                          :    100
  Number of duplicates                     :      0
  Number of niche violations               :      0
  Number of errors                         :   3674

Number of constraints mappings 0
Number of constraints 0
  Population no.                           :      4
  Population size                          :    100
  Number of duplicates                     :      0
  Number of niche violations               :      0
  Number of errors                         :   3702


Doing GA, no. of population(s) 4 size 100 selection pressure 1.100000

 Operation      Score     S(PLP)   S(hbond)     S(cho)   S(metal)  DE(clash)   DE(tors)     intcor
         0      30.77     -31.71       0.00       0.00       0.00       0.00       0.57       0.19
       501      30.92     -33.69       0.00       0.00       0.00       0.00       1.48       0.19
      1122      31.14     -30.84       0.93       0.00       0.00       0.00       1.34       0.19
      2210      34.35     -33.18       0.85       0.00       0.00       0.00       0.78       0.19
      2534      38.86     -38.60       0.40       0.00       0.00       0.00       0.57       0.19
      5177      39.36     -37.97       1.14       0.00       0.00       0.00       1.11       0.19
     10293      39.99     -39.27       0.64       0.00       0.00       0.00       0.70       0.19
     10444      42.72     -40.98       1.62       0.00       0.00       0.00       1.66       0.19
     10760      42.72     -40.98       1.62       0.00       0.00       0.00       1.66       0.19
     13352      42.74     -40.95       1.66       0.00       0.00       0.00       1.69       0.19
     16361      43.49     -38.03       1.90       0.00       0.00       0.00       0.21       0.19
     17637      43.60     -37.82       2.80       0.00       0.00       0.00       1.40       0.19
     18101      44.21     -37.13       2.43       0.00       0.00       0.00       0.20       0.19
     20781      45.30     -39.41       2.85       0.00       0.00       0.00       1.42       0.19
     24121      45.40     -39.41       2.88       0.00       0.00       0.00       1.42       0.19
     24277      45.83     -39.94       2.85       0.00       0.00       0.00       1.42       0.19
     24781      50.30     -43.43       2.85       0.00       0.00       0.00       0.94       0.19
     24805      50.32     -43.36       2.85       0.00       0.00       0.00       0.89       0.19
     33529      50.41     -43.36       2.88       0.00       0.00       0.00       0.89       0.19
     39817      50.56     -43.36       2.93       0.00       0.00       0.00       0.89       0.19
     40500      51.36     -47.10       2.54       0.00       0.00       0.00       1.78       0.19
     40533      51.53     -45.18       3.00       0.00       0.00       0.00       1.42       0.19
     41435      52.24     -47.59       2.17       0.00       0.00       0.00       1.03       0.19
--------------------------------------------------------------------------------
Best docking solution after GA:
     43000      52.24     -47.59       2.17       0.00       0.00       0.00       1.03       0.19

#ops:      43000 #mutates:  20314 #cross:    20484 #migrate:   2202 
#dups:      7263 #niche:    19081 #errors:    5486 
--------------------------------------------------------------------------------

Doing AMOEBA simplex on best individual
Done simplexing #iterations 818, best score  57.83

Ligand is stored in gold_soln_AV-procd_m8682_2.sdf


--------------------------------------------------------------------------------
--- CHEMPLP breakdown of terms                                               ---
--------------------------------------------------------------------------------
CHEMPLP = - ( 1.0000*S(PLP) + -3.0000*S(hbond) + -6.0000*S(metal) + -3.0000*S(cho) )

Score = CHEMPLP - 1.0000*DE(clash) - 2.0000*DE(tors)

Internal energy term has been corrected with the best internal energy encountered.

--------------------------------------------------------------------------------


     Score     S(PLP)   S(hbond)     S(cho)   S(metal)  DE(clash)   DE(tors)     intcor
     57.83     -51.08       2.96       0.00       0.00       0.00       1.16       0.19

--------------------------------------------------------------------------------
--- PLP analysis of protein-ligand interactions                              ---
--------------------------------------------------------------------------------
hydrogen bonding        :      -4.00
metal                   :       0.00
buried (polar-nonpolar) :      -0.56
nonpolar                :     -46.83
repulsive               :       0.49
--------------------------------------------------------------------------------


--------------------------------------------------------------------------------
--- ChemScore analysis of protein-ligand interactions                        ---
--------------------------------------------------------------------------------

* Hydrogen bonds                                                                
Ligand donor   12 hydrogen   31 Protein acceptor 7948 bond energy  1.00 wt 0.96
Ligand donor   22 hydrogen   51 Protein acceptor 8028 bond energy  1.00 wt 2.00


* CH..O interactions                                                            
  CH group selection                       : activated ring CH (adjacent to hetatom)

--------------------------------------------------------------------------------


--------------------------------------------------------------------------------
--- Intra-ligand clashes                                                     ---
--------------------------------------------------------------------------------

Ligand
--------------------------------------------------------------------------------

--------------------------------------------------------------------------------
--- Rescoring solution                                                       ---
--------------------------------------------------------------------------------

     Score         DG    S(hbond)    S(metal)    S(lipo)     H(rot)  DE(clash)    DE(int)
     14.28     -19.35       1.53        0.00     105.97       1.43       2.65       2.41

Doing AMOEBA simplex on best individual
Done simplexing #iterations 826, best score  17.51

     Score         DG    S(hbond)    S(metal)    S(lipo)     H(rot)  DE(clash)    DE(int)
     17.51     -20.34       1.91        0.00     103.75       1.43       0.48       2.35

--------------------------------------------------------------------------------
--- ChemScore breakdown of terms                                             ---
--------------------------------------------------------------------------------
DG = -5.4800 + -3.3400*S(hbond)
     + -6.0300*S(metal) + -0.1170*S(lipo) + 2.5600*H(rot)


H(rot) = 1.4266

Score = -(DG + DE(clash) + DE(int))


--------------------------------------------------------------------------------


--------------------------------------------------------------------------------
--- ChemScore analysis of protein-ligand interactions                        ---
--------------------------------------------------------------------------------

* Hydrogen bonds                                                                
Ligand donor   12 hydrogen   31 Protein acceptor 7948 bond energy  1.00 wt 0.98
Ligand donor   22 hydrogen   51 Protein acceptor 8028 bond energy  1.00 wt 0.93

CHEMSCORE EXTRA INTERACTIONS:

* Clashes                                                                       
Clash for ligand atom  10 (**** ):   0.47
Clash for ligand atom  13 (**** ):   0.01
Clash for ligand atom  25 (**** ):   0.01
--------------------------------------------------------------------------------


--------------------------------------------------------------------------------
--- Chromosome decoded                                                       ---
--------------------------------------------------------------------------------
Ligand Torsions
[   3    4    5   22]  130.65
[   7    8    9   10]  157.21    matched torsion: aromatic amide
[  14   13   12   10]  -82.13
[  15   14   13   12]  -87.71
[  20   15   14   13]  104.09
Protein Torsions
[6907 6896 6895 6894] -104.17 
[7974 7965 7964 7962]   45.30 
[8008 7997 7996 7995]  101.62 
[10167 10162 10161 10158]   13.66 
[10718 10713 10712 10709]  127.33 
[10763 10752 10751 10750] -125.77 
[11005 11000 10999 10996]  -60.44 
Mapping
Ligand acceptors to protein hydrogens (mapping then atom ids)
Ligand hydrogens to protein acceptors (mapping then atom ids)
  2   7 [ 31->7948]
Ligand shape atoms to protein points (mapping then atom ids & coords)
  1  9050 [  3->(152.250 143.000 159.750)]
  7  3627 [ 17->(145.250 133.500 150.500)]
  8  3615 [ 18->(145.250 133.000 151.000)]
  9  4232 [ 19->(145.750 133.500 151.000)]
 12  8904 [ 23->(152.000 144.500 158.750)]
 13  8903 [ 24->(152.000 144.500 158.500)]
Chromosome values
Integers:
  -1   -1   -1    6   -1   -1 9049   -1   -1   -1   -1   -1 
3626 3614 4231   -1   -1 8903 8902 
--------------------------------------------------------------------------------

Current Ranking  2  1

--------------------------------------------------------------------------------

* GA execution time :                                                           
  total  0.8315 user  0.8315 sys  0.0000

--------------------------------------------------------------------------------
Fitness function evaluations: 89623

--------------------------------------------------------------------------------
** Docking run number  3 **
--------------------------------------------------------------------------------
  Rank fitness base is 5000.00 ; increment is 11.2233

* Initialising population(s) ...                                                
Number of constraints mappings 0
Number of constraints 0
  Population no.                           :      1
  Population size                          :    100
  Number of duplicates                     :      0
  Number of niche violations               :      0
  Number of errors                         :   3470

Number of constraints mappings 0
Number of constraints 0
  Population no.                           :      2
  Population size                          :    100
  Number of duplicates                     :      0
  Number of niche violations               :      0
  Number of errors                         :   3615

Number of constraints mappings 0
Number of constraints 0
  Population no.                           :      3
  Population size                          :    100
  Number of duplicates                     :      0
  Number of niche violations               :      0
  Number of errors                         :   3522

Number of constraints mappings 0
Number of constraints 0
  Population no.                           :      4
  Population size                          :    100
  Number of duplicates                     :      0
  Number of niche violations               :      0
  Number of errors                         :   3711


Doing GA, no. of population(s) 4 size 100 selection pressure 1.100000

 Operation      Score     S(PLP)   S(hbond)     S(cho)   S(metal)  DE(clash)   DE(tors)     intcor
         0      36.47     -37.92       0.57       0.00       0.00       0.00       1.67       0.19
      4626      38.46     -39.51       0.74       0.00       0.00       0.00       1.73       0.19
      5686      43.00     -38.41       1.92       0.00       0.00       0.00       0.68       0.19
     11916      44.16     -39.57       1.92       0.00       0.00       0.00       0.68       0.19
     12060      44.50     -39.77       1.92       0.00       0.00       0.00       0.61       0.19
     14144      44.60     -39.79       1.95       0.00       0.00       0.00       0.62       0.19
     16246      45.59     -42.21       1.41       0.00       0.00       0.00       0.52       0.19
     18706      45.69     -42.14       1.47       0.00       0.00       0.00       0.53       0.19
     21430      45.79     -41.17       2.00       0.00       0.00       0.00       0.78       0.19
     21866      46.38     -41.52       2.00       0.00       0.00       0.00       0.67       0.19
     23594      46.57     -41.66       1.98       0.00       0.00       0.00       0.62       0.19
     25376      46.98     -42.24       2.00       0.00       0.00       0.00       0.73       0.19
     28496      47.01     -42.21       2.00       0.00       0.00       0.00       0.70       0.19
     28525      47.04     -42.33       2.00       0.00       0.00       0.00       0.74       0.19
     30111      47.40     -43.44       1.66       0.00       0.00       0.00       0.61       0.19
     34898      47.41     -43.43       1.66       0.00       0.00       0.00       0.60       0.19
     35859      47.48     -43.37       1.70       0.00       0.00       0.00       0.58       0.19
     36908      48.02     -41.98       2.40       0.00       0.00       0.00       0.68       0.19
     38946      48.09     -41.31       2.83       0.00       0.00       0.00       0.96       0.19
     39089      49.55     -42.79       2.91       0.00       0.00       0.00       1.07       0.19
     39961      50.41     -42.90       2.82       0.00       0.00       0.00       0.57       0.19
     41477      50.69     -43.26       2.79       0.00       0.00       0.00       0.57       0.19
     41621      51.52     -43.69       3.00       0.00       0.00       0.00       0.68       0.19
     42912      52.00     -44.07       3.00       0.00       0.00       0.00       0.63       0.19
--------------------------------------------------------------------------------
Best docking solution after GA:
     43000      52.00     -44.07       3.00       0.00       0.00       0.00       0.63       0.19

#ops:      43000 #mutates:  20479 #cross:    20305 #migrate:   2216 
#dups:      7910 #niche:    22037 #errors:    3194 
--------------------------------------------------------------------------------

Doing AMOEBA simplex on best individual
Done simplexing #iterations 865, best score  57.26

Ligand is stored in gold_soln_AV-procd_m8682_3.sdf


--------------------------------------------------------------------------------
--- CHEMPLP breakdown of terms                                               ---
--------------------------------------------------------------------------------
CHEMPLP = - ( 1.0000*S(PLP) + -3.0000*S(hbond) + -6.0000*S(metal) + -3.0000*S(cho) )

Score = CHEMPLP - 1.0000*DE(clash) - 2.0000*DE(tors)

Internal energy term has been corrected with the best internal energy encountered.

--------------------------------------------------------------------------------


     Score     S(PLP)   S(hbond)     S(cho)   S(metal)  DE(clash)   DE(tors)     intcor
     57.26     -50.11       3.00       0.00       0.00       0.00       1.02       0.19

--------------------------------------------------------------------------------
--- PLP analysis of protein-ligand interactions                              ---
--------------------------------------------------------------------------------
hydrogen bonding        :      -4.00
metal                   :       0.00
buried (polar-nonpolar) :       0.51
nonpolar                :     -47.02
repulsive               :       0.49
--------------------------------------------------------------------------------


--------------------------------------------------------------------------------
--- ChemScore analysis of protein-ligand interactions                        ---
--------------------------------------------------------------------------------

* Hydrogen bonds                                                                
Ligand donor   12 hydrogen   31 Protein acceptor 7948 bond energy  1.00 wt 1.00
Ligand donor   22 hydrogen   51 Protein acceptor 8028 bond energy  1.00 wt 2.00


* CH..O interactions                                                            
  CH group selection                       : activated ring CH (adjacent to hetatom)

--------------------------------------------------------------------------------


--------------------------------------------------------------------------------
--- Intra-ligand clashes                                                     ---
--------------------------------------------------------------------------------

Ligand
--------------------------------------------------------------------------------

--------------------------------------------------------------------------------
--- Rescoring solution                                                       ---
--------------------------------------------------------------------------------

     Score         DG    S(hbond)    S(metal)    S(lipo)     H(rot)  DE(clash)    DE(int)
     13.87     -20.46       1.91        0.00     104.84       1.43       4.65       1.94

Doing AMOEBA simplex on best individual
Done simplexing #iterations 792, best score  16.57

     Score         DG    S(hbond)    S(metal)    S(lipo)     H(rot)  DE(clash)    DE(int)
     16.57     -20.39       1.93        0.00     103.56       1.43       1.81       2.01

--------------------------------------------------------------------------------
--- ChemScore breakdown of terms                                             ---
--------------------------------------------------------------------------------
DG = -5.4800 + -3.3400*S(hbond)
     + -6.0300*S(metal) + -0.1170*S(lipo) + 2.5600*H(rot)


H(rot) = 1.4266

Score = -(DG + DE(clash) + DE(int))


--------------------------------------------------------------------------------


--------------------------------------------------------------------------------
--- ChemScore analysis of protein-ligand interactions                        ---
--------------------------------------------------------------------------------

* Hydrogen bonds                                                                
Ligand donor   12 hydrogen   31 Protein acceptor 7948 bond energy  1.00 wt 0.99
Ligand donor   22 hydrogen   51 Protein acceptor 8028 bond energy  1.00 wt 0.95

CHEMSCORE EXTRA INTERACTIONS:

* Clashes                                                                       
Clash for ligand atom  10 (**** ):   0.05
Clash for ligand atom  13 (**** ):   0.24
Clash for ligand atom  16 (**** ):   1.45
Clash for ligand atom  23 (**** ):   0.07
--------------------------------------------------------------------------------


--------------------------------------------------------------------------------
--- Chromosome decoded                                                       ---
--------------------------------------------------------------------------------
Ligand Torsions
[   3    4    5   22]  139.14
[   7    8    9   10]  150.96    matched torsion: aromatic amide
[  14   13   12   10]  -87.84
[  15   14   13   12]  -94.47
[  20   15   14   13] -112.06
Protein Torsions
[6907 6896 6895 6894] -160.82 
[7974 7965 7964 7962]  119.44 
[8008 7997 7996 7995]   45.55 
[10167 10162 10161 10158]  -76.08 
[10718 10713 10712 10709]   77.63 
[10763 10752 10751 10750]   72.14 
[11005 11000 10999 10996]  156.22 
Mapping
Ligand acceptors to protein hydrogens (mapping then atom ids)
Ligand hydrogens to protein acceptors (mapping then atom ids)
  2   7 [ 31->7948]
Ligand shape atoms to protein points (mapping then atom ids & coords)
  1  9240 [  3->(152.500 142.750 159.000)]
  8  3887 [ 18->(145.500 132.250 150.250)]
 11  6638 [ 21->(149.000 141.000 155.000)]
Chromosome values
Integers:
  -1   -1   -1    6   -1   -1 9239   -1   -1   -1   -1   -1 
  -1 3886   -1   -1 6637   -1   -1 
--------------------------------------------------------------------------------

Current Ranking  2  3  1

Top  3 (of  3) solutions are within 1.500 RMSD, finishing docking /DATA2/COVID-19/PDBs_&_Models/AV-procd.sdf.


--------------------------------------------------------------------------------

* GA execution time :                                                           
  total  0.8758 user  0.8718 sys  0.0040

--------------------------------------------------------------------------------
Fitness function evaluations: 89355

--------------------------------------------------------------------------------
--- Ranking analysis                                                         ---
--------------------------------------------------------------------------------


* Final ranked order of GA solutions:                                           
   2  3  1 

  _______________________________
  RMSD Matrix of RANKED solutions

        2    3  

   1 :  1.1  1.2
   2 :       1.2

  Clustering method                        : complete linkage
  Structure ids in cluster table           : rank nos.
  Ordering of clusters and their members   : by rank (order if from rms_analysis)

  Distance | Clusters
   1.12    |  1  2 |  3 |
   1.25    |  1  2  3 |
  Finished Docking Ligand                  : /DATA2/COVID-19/PDBs_&_Models/AV-procd.sdf
--------------------------------------------------------------------------------

  Relative_Ligand_Energy (best encountered) :   0.193
  Relative_Ligand_Energy: fitness values have been corrected using this amount
