
--------------------------------------------------------------------------------
--- Ligand                                                                   ---
--------------------------------------------------------------------------------
  Ligand loaded from file                  : /DATA2/COVID-19/PDBs_&_Models/AV-procd.sdf
  Ligand name                              :  
  "AV-unprocessed.smi:1366                                                  "

--------------------------------------------------------------------------------
  N.plc donors                             : 
  none found

  Acidic nitrogen acceptors                : 
  none found
  Sulfur acceptors                         :
   7 : (thiol or thioether)    (S)  
  N.1 atom 1 is not an acceptor (skipped)

  Donor atoms                              :      1
  17  
  Acceptor atoms                           :      4
  1   5   14  15  

  Hydrogens                                :  (n = 2)
  30   31   

  Lone pairs added to molecule             :      5
  Numbering                                : from 32 to 36
  Choline groups                           : 
   

--------------------------------------------------------------------------------
--- Postprocessing of typing                                                 ---
--------------------------------------------------------------------------------
  Fragment file                            : /home/scv26/CCDC/Discovery_2020/GOLD/gold/rotatable_bond_override.mol2
  acylurea fragment                        : no matches
  thioacylthiourea fragment                : no matches
  acylthiourea fragment                    : no matches
  thioacylurea fragment                    : no matches
  diarylamine fragment >C.ar-NH-C.ar<      : no matches
  sec-amine (1) fragment                   : no matches
  sec-amine (2) fragment                   : no matches
  sec-amine (3) fragment                   : no matches
  carboxylic ester                         : no matches

* Rotatable bonds in /DATA2/COVID-19/PDBs  :
  [   2    3] [   6    7] [   7    8] [   8    9] 
  No. of rotatable bonds                   :      4


* Fragments found in /DATA2/COVID-19/PDBs  :


* Checking torsion distributions:                                               
  No. of matched torsions                  :      0

--------------------------------------------------------------------------------
--- Shape fitting atoms selection (hydrophobic atoms)                        ---
--------------------------------------------------------------------------------
  Molecule                                 : /DATA2/COVID-19/PDBs_&_Models/AV-procd.sdf
  Selection                                : carbons only
  Atom numbers                             :  (n = 7)
  4    8    9    10   11   12   13   


--------------------------------------------------------------------------------
--- ChemScore ligand setup summary                                           ---
--------------------------------------------------------------------------------
  ChemScore ligand acceptors               :      4
  1 5 14 15 
  ChemScore ligand donors                  :      1
  17 ( 30 31  ) 
  ChemScore ligand CH donors               :      1
  4 ( 18 ) 

  ChemScore ligand lipophilic atoms        :  (n = 9)
  3    4    7    8    9    10   11   12   13   

  ChemScore ligand rotatable bonds         :      4
  2   (****) - 3   (****): UNKNOWN_BOND
  6   (****) - 7   (****): SP3_SP2_BOND
  7   (****) - 8   (****): SP3_SP3_BOND
  8   (****) - 9   (****): SP3_SP3_BOND

--------------------------------------------------------------------------------
--- PLP ligand setup summary                                                 ---
--------------------------------------------------------------------------------
    1  ****   N.1 ACCEPTOR
    2  ****   C.1 NONPOLAR
    3  ****  C.ar NONPOLAR
    4  ****  C.ar NONPOLAR
    5  ****  N.ar ACCEPTOR
    6  ****  C.ar NONPOLAR
    7  ****   S.3 NONPOLAR
    8  ****   C.3 NONPOLAR
    9  ****   C.3 NONPOLAR
   10  ****   C.3 NONPOLAR
   11  ****   C.3 NONPOLAR
   12  ****   C.3 NONPOLAR
   13  ****   C.3 NONPOLAR
   14  ****   O.3 ACCEPTOR
   15  ****  N.ar ACCEPTOR
   16  ****  C.ar NONPOLAR
   17  **** N.pl3 DONOR


--------------------------------------------------------------------------------
--- Automatic parameter setting                                              ---
--------------------------------------------------------------------------------
  Contribution base                        :   2500
  Contribution per rotatable bond          :   6000
  Contribution per df                      :   4000
  Contribution per water                   :  10000
  Ligand rotatable bonds                   :      4
  Protein flexible side chain bonds        :      0
  Total rotatable bonds                    :      4
  Hydrophobic vol ratio (P/L)              :   3.295
  Base multiplier (polar)                  :   1.000
  Base multiplier (apolar)                 :   4.614
  Base contribution                        : 12500.000
  Fitting points                           :      5
  Estimated maxops needed (optimal)        :  37000

--------------------------------------------------------------------------------

* Population settings                                                           
  maxops                                   :  37000
  popsiz                                   :    100
  select_pressure                          :   1.100
  n_islands                                :      3
  niche_siz                                :      2

* GA settings                                                                   
  pt_crosswt                               :     95
  allele_mutatewt                          :     95
  migratewt                                :     10

* Search settings                                                               
  start_vdw_linear_cutoff                  :   4.000
  initial_virtual_pt_match_max             :   3.000

--------------------------------------------------------------------------------

* Ligand initialisation time :                                                  
  total  0.0049 user  0.0049 sys  0.0000

--------------------------------------------------------------------------------

--------------------------------------------------------------------------------
** Docking run number  1 **
--------------------------------------------------------------------------------
  Rank fitness base is 5000.00 ; increment is 11.2233

* Initialising population(s) ...                                                
Number of constraints mappings 0
Number of constraints 0
  Population no.                           :      1
  Population size                          :    100
  Number of duplicates                     :      0
  Number of niche violations               :      0
  Number of errors                         :   7424

Number of constraints mappings 0
Number of constraints 0
  Population no.                           :      2
  Population size                          :    100
  Number of duplicates                     :      0
  Number of niche violations               :      0
  Number of errors                         :   7893

Number of constraints mappings 0
Number of constraints 0
  Population no.                           :      3
  Population size                          :    100
  Number of duplicates                     :      0
  Number of niche violations               :      0
  Number of errors                         :   7972


Doing GA, no. of population(s) 3 size 100 selection pressure 1.100000

 Operation      Score     S(PLP)   S(hbond)     S(cho)   S(metal)  DE(clash)   DE(tors)     intcor
         0      25.09     -25.38       0.00       0.00       0.00       0.00       0.16       0.02
       480      25.30     -20.75       1.81       0.00       0.00       0.00       0.44       0.02
      1518      25.61     -26.47       0.00       0.00       0.00       0.00       0.44       0.02
      1584      28.96     -26.60       0.93       0.20       0.00       0.00       0.52       0.02
      3769      28.99     -26.69       0.84       0.28       0.00       0.00       0.54       0.02
      4836      30.27     -27.57       1.03       0.00       0.00       0.00       0.21       0.02
      4838      30.60     -25.54       0.89       1.00       0.00       0.00       0.31       0.02
      5320      31.99     -26.30       1.72       0.40       0.00       0.00       0.35       0.02
      6206      32.99     -27.56       0.70       1.31       0.00       0.00       0.31       0.02
      7801      33.45     -29.24       1.65       0.00       0.00       0.00       0.38       0.02
      7920      34.69     -29.19       2.04       0.00       0.00       0.00       0.32       0.02
      8061      35.16     -29.98       1.95       0.00       0.00       0.00       0.34       0.02
      8317      36.16     -29.01       2.63       0.00       0.00       0.00       0.38       0.02
      8716      36.16     -29.01       2.63       0.00       0.00       0.00       0.38       0.02
      9696      37.26     -30.15       2.65       0.00       0.00       0.00       0.42       0.02
     11966      37.62     -30.38       2.68       0.00       0.00       0.00       0.41       0.02
     12449      39.21     -31.96       2.68       0.00       0.00       0.00       0.40       0.02
     13919      39.60     -32.19       2.74       0.00       0.00       0.00       0.42       0.02
     14072      39.61     -32.24       2.74       0.00       0.00       0.00       0.43       0.02
     14321      40.53     -32.38       3.00       0.00       0.00       0.00       0.43       0.02
     14921      40.56     -32.34       3.00       0.00       0.00       0.00       0.40       0.02
     15242      40.60     -32.41       3.00       0.00       0.00       0.00       0.42       0.02
     16229      40.93     -32.78       2.98       0.00       0.00       0.00       0.40       0.02
     17773      40.98     -32.83       3.00       0.00       0.00       0.00       0.43       0.02
     19117      41.01     -32.83       3.00       0.00       0.00       0.00       0.42       0.02
     20403      41.07     -32.91       3.00       0.00       0.00       0.00       0.43       0.02
     21997      41.13     -33.09       3.00       0.00       0.00       0.00       0.49       0.02
     22975      41.16     -33.20       3.00       0.00       0.00       0.00       0.53       0.02
     22987      41.16     -33.20       3.00       0.00       0.00       0.00       0.53       0.02
     23598      41.17     -33.11       3.00       0.00       0.00       0.00       0.48       0.02
     23950      41.20     -33.17       3.00       0.00       0.00       0.00       0.49       0.02
     25266      41.24     -33.22       3.00       0.00       0.00       0.00       0.50       0.02
     26667      41.24     -33.26       3.00       0.00       0.00       0.00       0.52       0.02
     29232      41.24     -33.26       3.00       0.00       0.00       0.00       0.52       0.02
     31786      41.24     -33.26       3.00       0.00       0.00       0.00       0.52       0.02
     32897      41.24     -33.26       3.00       0.00       0.00       0.00       0.52       0.02
     34379      41.41     -33.42       3.00       0.00       0.00       0.00       0.52       0.02
     36080      41.41     -33.42       3.00       0.00       0.00       0.00       0.52       0.02
--------------------------------------------------------------------------------
Best docking solution after GA:
     37000      41.41     -33.42       3.00       0.00       0.00       0.00       0.52       0.02

#ops:      37000 #mutates:  17619 #cross:    17562 #migrate:   1819 
#dups:     13033 #niche:    21423 #errors:    1316 
--------------------------------------------------------------------------------

Doing AMOEBA simplex on best individual
Done simplexing #iterations 383, best score  43.06

Ligand is stored in gold_soln_AV-procd_m5571_1.sdf


--------------------------------------------------------------------------------
--- CHEMPLP breakdown of terms                                               ---
--------------------------------------------------------------------------------
CHEMPLP = - ( 1.0000*S(PLP) + -3.0000*S(hbond) + -6.0000*S(metal) + -3.0000*S(cho) )

Score = CHEMPLP - 1.0000*DE(clash) - 2.0000*DE(tors)

Internal energy term has been corrected with the best internal energy encountered.

--------------------------------------------------------------------------------


     Score     S(PLP)   S(hbond)     S(cho)   S(metal)  DE(clash)   DE(tors)     intcor
     43.06     -35.11       3.00       0.00       0.00       0.00       0.53       0.02

--------------------------------------------------------------------------------
--- PLP analysis of protein-ligand interactions                              ---
--------------------------------------------------------------------------------
hydrogen bonding        :      -3.92
metal                   :       0.00
buried (polar-nonpolar) :      -6.17
nonpolar                :     -26.05
repulsive               :       0.37
--------------------------------------------------------------------------------


--------------------------------------------------------------------------------
--- ChemScore analysis of protein-ligand interactions                        ---
--------------------------------------------------------------------------------

* Hydrogen bonds                                                                
Ligand donor   17 hydrogen   30 Protein acceptor 7948 bond energy  1.00 wt 1.00
Ligand donor   17 hydrogen   31 Protein acceptor 7957 bond energy  1.00 wt 1.00
Protein donor 7989 hydrogen 7998 Ligand acceptor   15 bond energy  1.00 wt 1.00


* CH..O interactions                                                            
  CH group selection                       : activated ring CH (adjacent to hetatom)

--------------------------------------------------------------------------------


--------------------------------------------------------------------------------
--- Intra-ligand clashes                                                     ---
--------------------------------------------------------------------------------

Ligand
--------------------------------------------------------------------------------

--------------------------------------------------------------------------------
--- Rescoring solution                                                       ---
--------------------------------------------------------------------------------

     Score         DG    S(hbond)    S(metal)    S(lipo)     H(rot)  DE(clash)    DE(int)
     15.34     -17.30       1.91        0.00      84.28       1.73       1.44       0.52

Doing AMOEBA simplex on best individual
Done simplexing #iterations 679, best score  18.01

     Score         DG    S(hbond)    S(metal)    S(lipo)     H(rot)  DE(clash)    DE(int)
     18.01     -19.80       2.65        0.00      84.53       1.73       1.31       0.48

--------------------------------------------------------------------------------
--- ChemScore breakdown of terms                                             ---
--------------------------------------------------------------------------------
DG = -5.4800 + -3.3400*S(hbond)
     + -6.0300*S(metal) + -0.1170*S(lipo) + 2.5600*H(rot)


H(rot) = 1.7266

Score = -(DG + DE(clash) + DE(int))


--------------------------------------------------------------------------------


--------------------------------------------------------------------------------
--- ChemScore analysis of protein-ligand interactions                        ---
--------------------------------------------------------------------------------

* Hydrogen bonds                                                                
Ligand donor   17 hydrogen   30 Protein acceptor 7948 bond energy  1.00 wt 0.95
Ligand donor   17 hydrogen   31 Protein acceptor 7957 bond energy  1.00 wt 0.96
Protein donor 7989 hydrogen 7998 Ligand acceptor   15 bond energy  1.00 wt 0.73

CHEMSCORE EXTRA INTERACTIONS:

* Clashes                                                                       
Clash for ligand atom   7 (**** ):   1.30
Clash for ligand atom  11 (**** ):   0.01
--------------------------------------------------------------------------------


--------------------------------------------------------------------------------
--- Chromosome decoded                                                       ---
--------------------------------------------------------------------------------
Ligand Torsions
[   1    2    3   16] -106.99
[   5    6    7    8]  -32.01
[   6    7    8    9]  166.69
[  14    9    8    7]  164.68
Protein Torsions
[6907 6896 6895 6894]  -30.84 
[7974 7965 7964 7962]   39.64 
[8008 7997 7996 7995]  135.75 
[10167 10162 10161 10158] -144.57 
[10718 10713 10712 10709]   21.17 
[10763 10752 10751 10750] -138.69 
[11005 11000 10999 10996]   20.98 
Mapping
Ligand acceptors to protein hydrogens (mapping then atom ids)
  4  18 [ 15->7998]
Ligand hydrogens to protein acceptors (mapping then atom ids)
Ligand shape atoms to protein points (mapping then atom ids & coords)
  2  7984 [  8->(151.250 141.750 158.250)]
  3  8539 [  9->(151.750 143.000 158.750)]
  4  8312 [ 10->(151.500 143.750 158.000)]
  7  9148 [ 13->(152.250 144.250 161.500)]
Chromosome values
Integers:
  -1   -1   -1   17   -1   -1   -1 7983 8538 8311   -1   -1 
9147 
--------------------------------------------------------------------------------

Current Ranking  1

--------------------------------------------------------------------------------

* GA execution time :                                                           
  total  0.7110 user  0.7110 sys  0.0000

--------------------------------------------------------------------------------
Fitness function evaluations: 84902

--------------------------------------------------------------------------------
** Docking run number  2 **
--------------------------------------------------------------------------------
  Rank fitness base is 5000.00 ; increment is 11.2233

* Initialising population(s) ...                                                
Number of constraints mappings 0
Number of constraints 0
  Population no.                           :      1
  Population size                          :    100
  Number of duplicates                     :      0
  Number of niche violations               :      0
  Number of errors                         :   8050

Number of constraints mappings 0
Number of constraints 0
  Population no.                           :      2
  Population size                          :    100
  Number of duplicates                     :      0
  Number of niche violations               :      0
  Number of errors                         :   7802

Number of constraints mappings 0
Number of constraints 0
  Population no.                           :      3
  Population size                          :    100
  Number of duplicates                     :      0
  Number of niche violations               :      0
  Number of errors                         :   8055


Doing GA, no. of population(s) 3 size 100 selection pressure 1.100000

 Operation      Score     S(PLP)   S(hbond)     S(cho)   S(metal)  DE(clash)   DE(tors)     intcor
         0      19.27     -16.32       1.00       0.00       0.00       0.00       0.03       0.01
       710      25.77     -21.93       1.64       0.00       0.00       0.00       0.54       0.01
      1812      32.80     -27.96       1.62       0.61       0.00       0.00       0.93       0.01
      2355      32.96     -28.18       1.64       0.55       0.00       0.00       0.90       0.01
      5779      34.04     -28.57       1.67       0.55       0.00       0.00       0.59       0.01
      6397      34.11     -31.04       1.36       0.00       0.00       0.00       0.50       0.01
      7374      34.35     -29.15       1.17       0.75       0.00       0.00       0.30       0.01
      7507      34.60     -30.23       1.27       0.58       0.00       0.00       0.59       0.01
      7597      37.64     -31.50       1.71       0.66       0.00       0.00       0.50       0.01
     10945      37.95     -31.81       1.68       0.70       0.00       0.00       0.50       0.01
     11323      38.25     -32.00       1.68       0.73       0.00       0.00       0.49       0.01
     13741      38.25     -32.00       1.68       0.73       0.00       0.00       0.49       0.01
     14609      38.41     -32.09       1.70       0.73       0.00       0.00       0.48       0.01
     14809      38.48     -32.06       1.70       0.76       0.00       0.00       0.48       0.01
     23512      38.66     -32.26       1.67       0.75       0.00       0.00       0.44       0.01
--------------------------------------------------------------------------------
Best docking solution after GA:
     37000      38.66     -32.26       1.67       0.75       0.00       0.00       0.44       0.00

#ops:      37000 #mutates:  17653 #cross:    17520 #migrate:   1827 
#dups:      7964 #niche:    18600 #errors:    2271 
--------------------------------------------------------------------------------

Doing AMOEBA simplex on best individual
Done simplexing #iterations 652, best score  39.85

Ligand is stored in gold_soln_AV-procd_m5571_2.sdf


--------------------------------------------------------------------------------
--- CHEMPLP breakdown of terms                                               ---
--------------------------------------------------------------------------------
CHEMPLP = - ( 1.0000*S(PLP) + -3.0000*S(hbond) + -6.0000*S(metal) + -3.0000*S(cho) )

Score = CHEMPLP - 1.0000*DE(clash) - 2.0000*DE(tors)

Internal energy term has been corrected with the best internal energy encountered.

--------------------------------------------------------------------------------


     Score     S(PLP)   S(hbond)     S(cho)   S(metal)  DE(clash)   DE(tors)     intcor
     39.85     -32.72       1.79       0.90       0.00       0.00       0.46       0.00

--------------------------------------------------------------------------------
--- PLP analysis of protein-ligand interactions                              ---
--------------------------------------------------------------------------------
hydrogen bonding        :      -3.05
metal                   :       0.00
buried (polar-nonpolar) :      -0.95
nonpolar                :     -29.65
repulsive               :       0.58
--------------------------------------------------------------------------------


--------------------------------------------------------------------------------
--- ChemScore analysis of protein-ligand interactions                        ---
--------------------------------------------------------------------------------

* Hydrogen bonds                                                                
Ligand donor   17 hydrogen   30 Protein acceptor 7948 bond energy  1.00 wt 0.93
Protein donor 7954 hydrogen 7966 Ligand acceptor    1 bond energy  1.00 wt 0.86


* CH..O interactions                                                            
  CH group selection                       : activated ring CH (adjacent to hetatom)
Ligand carbon    4 hydrogen   18 Protein acceptor 10175 bond energy  1.00 wt 0.90

--------------------------------------------------------------------------------


--------------------------------------------------------------------------------
--- Intra-ligand clashes                                                     ---
--------------------------------------------------------------------------------

Ligand
--------------------------------------------------------------------------------

--------------------------------------------------------------------------------
--- Rescoring solution                                                       ---
--------------------------------------------------------------------------------

     Score         DG    S(hbond)    S(metal)    S(lipo)     H(rot)  DE(clash)    DE(int)
     11.96     -14.82       1.37        0.00      78.57       1.73       2.42       0.44

Doing AMOEBA simplex on best individual
Done simplexing #iterations 761, best score  15.01

     Score         DG    S(hbond)    S(metal)    S(lipo)     H(rot)  DE(clash)    DE(int)
     15.01     -15.63       1.55        0.00      80.42       1.73       0.17       0.45

--------------------------------------------------------------------------------
--- ChemScore breakdown of terms                                             ---
--------------------------------------------------------------------------------
DG = -5.4800 + -3.3400*S(hbond)
     + -6.0300*S(metal) + -0.1170*S(lipo) + 2.5600*H(rot)


H(rot) = 1.7266

Score = -(DG + DE(clash) + DE(int))


--------------------------------------------------------------------------------


--------------------------------------------------------------------------------
--- ChemScore analysis of protein-ligand interactions                        ---
--------------------------------------------------------------------------------

* Hydrogen bonds                                                                
Ligand donor   17 hydrogen   30 Protein acceptor 7948 bond energy  1.00 wt 0.94
Protein donor 7954 hydrogen 7966 Ligand acceptor    1 bond energy  1.00 wt 0.60

CHEMSCORE EXTRA INTERACTIONS:

* Clashes                                                                       
Clash for ligand atom   1 (**** ):   0.05
Clash for ligand atom   2 (**** ):   0.11
Clash for ligand atom   3 (**** ):   0.01
--------------------------------------------------------------------------------


--------------------------------------------------------------------------------
--- Chromosome decoded                                                       ---
--------------------------------------------------------------------------------
Ligand Torsions
[   1    2    3   16]  -12.53
[   5    6    7    8] -157.51
[   6    7    8    9]  162.44
[  14    9    8    7]   49.12
Protein Torsions
[6907 6896 6895 6894]  -25.32 
[7974 7965 7964 7962]   37.02 
[8008 7997 7996 7995]   13.65 
[10167 10162 10161 10158]  179.03 
[10718 10713 10712 10709]  133.98 
[10763 10752 10751 10750]   76.90 
[11005 11000 10999 10996]  136.11 
Mapping
Ligand acceptors to protein hydrogens (mapping then atom ids)
  1  16 [  1->7966]
Ligand hydrogens to protein acceptors (mapping then atom ids)
Ligand shape atoms to protein points (mapping then atom ids & coords)
  1  5103 [  4->(146.500 141.750 154.250)]
  3  8265 [  9->(151.500 142.750 158.000)]
  4  9171 [ 10->(152.250 144.750 158.500)]
  5  7577 [ 11->(150.750 144.000 158.500)]
  6  9242 [ 12->(152.500 142.750 159.500)]
  7  9066 [ 13->(152.250 143.250 160.250)]
Chromosome values
Integers:
  15   -1   -1   -1   -1   -1 5102   -1 8264 9170 7576 9241 
9065 
--------------------------------------------------------------------------------

Current Ranking  1  2

--------------------------------------------------------------------------------

* GA execution time :                                                           
  total  0.6938 user  0.6898 sys  0.0040

--------------------------------------------------------------------------------
Fitness function evaluations: 86844

--------------------------------------------------------------------------------
** Docking run number  3 **
--------------------------------------------------------------------------------
  Rank fitness base is 5000.00 ; increment is 11.2233

* Initialising population(s) ...                                                
Number of constraints mappings 0
Number of constraints 0
  Population no.                           :      1
  Population size                          :    100
  Number of duplicates                     :      0
  Number of niche violations               :      0
  Number of errors                         :   7809

Number of constraints mappings 0
Number of constraints 0
  Population no.                           :      2
  Population size                          :    100
  Number of duplicates                     :      0
  Number of niche violations               :      0
  Number of errors                         :   7738

Number of constraints mappings 0
Number of constraints 0
  Population no.                           :      3
  Population size                          :    100
  Number of duplicates                     :      0
  Number of niche violations               :      0
  Number of errors                         :   7850


Doing GA, no. of population(s) 3 size 100 selection pressure 1.100000

 Operation      Score     S(PLP)   S(hbond)     S(cho)   S(metal)  DE(clash)   DE(tors)     intcor
         0      22.33     -22.89       0.00       0.00       0.00       0.00       0.28       0.00
       875      23.55     -20.84       1.56       0.00       0.00       0.00       0.98       0.00
      1589      25.50     -26.98       0.00       0.00       0.00       0.00       0.74       0.00
      1784      25.55     -27.20       0.00       0.00       0.00       0.00       0.82       0.00
      2639      26.68     -27.68       0.00       0.00       0.00       0.00       0.50       0.00
      2696      26.68     -27.68       0.00       0.00       0.00       0.00       0.50       0.00
      3159      30.12     -26.52       1.25       0.00       0.00       0.00       0.08       0.00
      4715      30.44     -26.03       2.00       0.00       0.00       0.00       0.80       0.00
      5136      32.59     -27.48       1.84       0.00       0.00       0.00       0.21       0.00
      5737      32.77     -30.32       0.45       1.00       0.00       0.00       0.96       0.00
      5744      32.92     -27.15       1.96       0.00       0.00       0.00       0.06       0.00
      5889      33.57     -29.05       1.65       0.00       0.00       0.00       0.21       0.00
      6135      33.73     -28.34       2.00       0.00       0.00       0.00       0.31       0.00
      6198      34.71     -29.67       1.95       0.00       0.00       0.00       0.40       0.00
      6320      36.96     -31.41       1.95       0.00       0.00       0.00       0.15       0.00
      8525      37.54     -31.65       2.00       0.00       0.00       0.00       0.06       0.00
      8556      38.03     -32.45       2.00       0.00       0.00       0.00       0.21       0.00
      8736      38.03     -32.45       2.00       0.00       0.00       0.00       0.21       0.00
      9268      38.15     -32.36       2.00       0.00       0.00       0.00       0.11       0.00
     10145      38.15     -32.36       2.00       0.00       0.00       0.00       0.11       0.00
     11375      38.24     -32.45       2.00       0.00       0.00       0.00       0.11       0.00
     11453      38.57     -32.78       2.00       0.00       0.00       0.00       0.11       0.00
     12068      39.10     -33.31       2.00       0.00       0.00       0.00       0.11       0.00
     12830      39.38     -33.59       2.00       0.00       0.00       0.00       0.11       0.00
     14324      39.38     -33.59       2.00       0.00       0.00       0.00       0.11       0.00
     14430      39.88     -31.70       3.00       0.00       0.00       0.00       0.41       0.00
     14721      39.88     -31.70       3.00       0.00       0.00       0.00       0.41       0.00
     14924      39.90     -31.72       3.00       0.00       0.00       0.00       0.41       0.00
     15249      39.92     -31.35       3.00       0.00       0.00       0.00       0.22       0.00
     15507      40.04     -31.98       2.98       0.00       0.00       0.00       0.44       0.00
     16051      40.13     -32.35       2.84       0.00       0.00       0.00       0.38       0.00
     16376      40.86     -32.68       3.00       0.00       0.00       0.00       0.41       0.00
     17525      40.94     -32.76       3.00       0.00       0.00       0.00       0.41       0.00
     18004      40.98     -33.03       3.00       0.00       0.00       0.00       0.53       0.00
     21033      41.06     -32.80       3.00       0.00       0.00       0.00       0.37       0.00
     21882      41.07     -32.87       3.00       0.00       0.00       0.00       0.40       0.00
     22470      41.34     -33.14       3.00       0.00       0.00       0.00       0.40       0.00
     22480      41.49     -33.54       3.00       0.00       0.00       0.00       0.53       0.00
     24291      41.56     -33.70       3.00       0.00       0.00       0.00       0.57       0.00
     24354      41.62     -33.76       3.00       0.00       0.00       0.00       0.57       0.00
     25716      41.90     -33.96       3.00       0.00       0.00       0.00       0.53       0.00
     27707      42.04     -34.10       3.00       0.00       0.00       0.00       0.53       0.00
     28072      42.05     -34.02       3.00       0.00       0.00       0.00       0.49       0.00
     29070      42.27     -34.33       3.00       0.00       0.00       0.00       0.53       0.00
     31335      42.36     -34.47       3.00       0.00       0.00       0.00       0.56       0.00
     31421      42.39     -34.42       3.00       0.00       0.00       0.00       0.52       0.00
     35402      42.40     -34.43       3.00       0.00       0.00       0.00       0.52       0.00
     36613      42.54     -34.65       3.00       0.00       0.00       0.00       0.56       0.00
--------------------------------------------------------------------------------
Best docking solution after GA:
     37000      42.54     -34.65       3.00       0.00       0.00       0.00       0.56       0.00

#ops:      37000 #mutates:  17518 #cross:    17675 #migrate:   1807 
#dups:      9510 #niche:    21529 #errors:    1160 
--------------------------------------------------------------------------------

Doing AMOEBA simplex on best individual
Done simplexing #iterations 464, best score  43.32

Ligand is stored in gold_soln_AV-procd_m5571_3.sdf


--------------------------------------------------------------------------------
--- CHEMPLP breakdown of terms                                               ---
--------------------------------------------------------------------------------
CHEMPLP = - ( 1.0000*S(PLP) + -3.0000*S(hbond) + -6.0000*S(metal) + -3.0000*S(cho) )

Score = CHEMPLP - 1.0000*DE(clash) - 2.0000*DE(tors)

Internal energy term has been corrected with the best internal energy encountered.

--------------------------------------------------------------------------------


     Score     S(PLP)   S(hbond)     S(cho)   S(metal)  DE(clash)   DE(tors)     intcor
     43.32     -35.51       3.00       0.00       0.00       0.00       0.60       0.00

--------------------------------------------------------------------------------
--- PLP analysis of protein-ligand interactions                              ---
--------------------------------------------------------------------------------
hydrogen bonding        :      -3.93
metal                   :       0.00
buried (polar-nonpolar) :      -6.23
nonpolar                :     -26.55
repulsive               :       0.37
--------------------------------------------------------------------------------


--------------------------------------------------------------------------------
--- ChemScore analysis of protein-ligand interactions                        ---
--------------------------------------------------------------------------------

* Hydrogen bonds                                                                
Ligand donor   17 hydrogen   30 Protein acceptor 7948 bond energy  1.00 wt 1.00
Ligand donor   17 hydrogen   31 Protein acceptor 7957 bond energy  1.00 wt 1.00
Protein donor 7989 hydrogen 7998 Ligand acceptor   15 bond energy  1.00 wt 1.00


* CH..O interactions                                                            
  CH group selection                       : activated ring CH (adjacent to hetatom)

--------------------------------------------------------------------------------


--------------------------------------------------------------------------------
--- Intra-ligand clashes                                                     ---
--------------------------------------------------------------------------------

Ligand
--------------------------------------------------------------------------------

--------------------------------------------------------------------------------
--- Rescoring solution                                                       ---
--------------------------------------------------------------------------------

     Score         DG    S(hbond)    S(metal)    S(lipo)     H(rot)  DE(clash)    DE(int)
     16.25     -18.22       2.12        0.00      86.20       1.73       1.42       0.56

Doing AMOEBA simplex on best individual
Done simplexing #iterations 800, best score  18.49

     Score         DG    S(hbond)    S(metal)    S(lipo)     H(rot)  DE(clash)    DE(int)
     18.49     -20.19       2.75        0.00      85.00       1.73       1.24       0.46

--------------------------------------------------------------------------------
--- ChemScore breakdown of terms                                             ---
--------------------------------------------------------------------------------
DG = -5.4800 + -3.3400*S(hbond)
     + -6.0300*S(metal) + -0.1170*S(lipo) + 2.5600*H(rot)


H(rot) = 1.7266

Score = -(DG + DE(clash) + DE(int))


--------------------------------------------------------------------------------


--------------------------------------------------------------------------------
--- ChemScore analysis of protein-ligand interactions                        ---
--------------------------------------------------------------------------------

* Hydrogen bonds                                                                
Ligand donor   17 hydrogen   30 Protein acceptor 7948 bond energy  1.00 wt 0.96
Ligand donor   17 hydrogen   31 Protein acceptor 7957 bond energy  1.00 wt 0.96
Protein donor 7989 hydrogen 7998 Ligand acceptor   15 bond energy  1.00 wt 0.82

CHEMSCORE EXTRA INTERACTIONS:

* Clashes                                                                       
Clash for ligand atom   7 (**** ):   1.23
Clash for ligand atom  11 (**** ):   0.01
--------------------------------------------------------------------------------


--------------------------------------------------------------------------------
--- Chromosome decoded                                                       ---
--------------------------------------------------------------------------------
Ligand Torsions
[   1    2    3   16]   58.90
[   5    6    7    8]  -26.54
[   6    7    8    9]  168.22
[  14    9    8    7]  159.41
Protein Torsions
[6907 6896 6895 6894]  -11.86 
[7974 7965 7964 7962] -104.74 
[8008 7997 7996 7995]  141.15 
[10167 10162 10161 10158]  123.24 
[10718 10713 10712 10709]    8.47 
[10763 10752 10751 10750]   12.67 
[11005 11000 10999 10996] -145.50 
Mapping
Ligand acceptors to protein hydrogens (mapping then atom ids)
Ligand hydrogens to protein acceptors (mapping then atom ids)
  1   7 [ 30->7948]
  2   9 [ 31->7957]
Ligand shape atoms to protein points (mapping then atom ids & coords)
  2  9005 [  8->(152.250 141.500 159.250)]
  4  8101 [ 10->(151.250 144.500 158.000)]
Chromosome values
Integers:
  -1   -1   -1   -1    6    8   -1 9004   -1 8100   -1   -1 
  -1 
--------------------------------------------------------------------------------

Current Ranking  3  1  2

--------------------------------------------------------------------------------

* GA execution time :                                                           
  total  0.7080 user  0.7080 sys  0.0000

--------------------------------------------------------------------------------
Fitness function evaluations: 85722

--------------------------------------------------------------------------------
** Docking run number  4 **
--------------------------------------------------------------------------------
  Rank fitness base is 5000.00 ; increment is 11.2233

* Initialising population(s) ...                                                
Number of constraints mappings 0
Number of constraints 0
  Population no.                           :      1
  Population size                          :    100
  Number of duplicates                     :      0
  Number of niche violations               :      0
  Number of errors                         :   8184

Number of constraints mappings 0
Number of constraints 0
  Population no.                           :      2
  Population size                          :    100
  Number of duplicates                     :      0
  Number of niche violations               :      0
  Number of errors                         :   8160

Number of constraints mappings 0
Number of constraints 0
  Population no.                           :      3
  Population size                          :    100
  Number of duplicates                     :      0
  Number of niche violations               :      0
  Number of errors                         :   7877


Doing GA, no. of population(s) 3 size 100 selection pressure 1.100000

 Operation      Score     S(PLP)   S(hbond)     S(cho)   S(metal)  DE(clash)   DE(tors)     intcor
         0      18.56     -20.98       0.00       0.00       0.00       0.00       1.21       0.00
        45      19.99     -17.30       1.45       0.00       0.00       0.00       0.84       0.00
       246      23.85     -21.17       0.01       1.00       0.00       0.00       0.18       0.00
      2205      23.90     -23.06       0.00       0.85       0.00       0.00       0.85       0.00
      2273      23.97     -23.59       0.00       0.22       0.00       0.00       0.14       0.00
      2652      26.11     -22.89       0.21       0.98       0.00       0.00       0.18       0.00
      2763      27.52     -24.74       0.95       0.26       0.00       0.00       0.43       0.00
      2915      27.67     -24.10       0.99       0.35       0.00       0.00       0.23       0.00
      3107      27.86     -24.64       0.76       0.46       0.00       0.00       0.22       0.00
      3356      28.86     -24.53       0.63       0.96       0.00       0.00       0.22       0.00
      3411      30.26     -27.77       0.00       1.00       0.00       0.00       0.25       0.00
      4494      30.71     -26.48       0.31       1.17       0.00       0.00       0.11       0.00
      4599      31.24     -25.92       0.62       1.23       0.00       0.00       0.11       0.00
      5466      32.24     -26.68       0.89       1.03       0.00       0.00       0.11       0.00
      5571      32.55     -26.58       0.81       1.26       0.00       0.00       0.13       0.00
      5745      32.58     -26.95       1.69       0.45       0.00       0.00       0.40       0.00
      5952      32.65     -27.97       0.75       1.07       0.00       0.00       0.38       0.00
      6087      33.71     -27.15       0.91       1.42       0.00       0.00       0.22       0.00
      6491      34.29     -31.20       1.03       0.23       0.00       0.00       0.35       0.00
      6574      34.37     -26.64       1.64       1.10       0.00       0.00       0.24       0.00
      7822      36.19     -31.72       1.01       0.71       0.00       0.00       0.35       0.00
      8285      36.24     -30.03       1.26       1.00       0.00       0.00       0.29       0.00
      8730      36.28     -30.96       1.65       0.37       0.00       0.00       0.37       0.00
      9053      36.35     -31.41       1.44       0.39       0.00       0.00       0.29       0.00
      9612      36.72     -29.76       1.78       0.71       0.00       0.00       0.27       0.00
      9618      36.72     -29.76       1.78       0.71       0.00       0.00       0.27       0.00
     10929      36.75     -30.08       1.64       0.75       0.00       0.00       0.26       0.00
     11852      37.33     -30.51       1.89       0.59       0.00       0.00       0.30       0.00
     14554      37.45     -30.54       1.79       0.68       0.00       0.00       0.25       0.00
     15561      37.67     -30.59       1.95       0.58       0.00       0.00       0.26       0.00
     18264      37.67     -30.59       1.95       0.58       0.00       0.00       0.26       0.00
     18906      37.67     -30.59       1.95       0.58       0.00       0.00       0.26       0.00
     19061      37.67     -30.59       1.95       0.58       0.00       0.00       0.26       0.00
     20200      37.67     -30.59       1.95       0.58       0.00       0.00       0.26       0.00
     20751      37.67     -30.59       1.95       0.58       0.00       0.00       0.26       0.00
     21863      37.67     -30.59       1.95       0.58       0.00       0.00       0.26       0.00
     21977      37.67     -30.59       1.95       0.58       0.00       0.00       0.26       0.00
     24593      37.67     -30.59       1.95       0.58       0.00       0.00       0.26       0.00
     26210      37.67     -30.59       1.95       0.58       0.00       0.00       0.26       0.00
--------------------------------------------------------------------------------
Best docking solution after GA:
     37000      37.67     -30.59       1.95       0.58       0.00       0.00       0.26       0.00

#ops:      37000 #mutates:  17677 #cross:    17481 #migrate:   1842 
#dups:     11445 #niche:    22038 #errors:    1063 
--------------------------------------------------------------------------------

Doing AMOEBA simplex on best individual
Done simplexing #iterations 503, best score  38.52

Ligand is stored in gold_soln_AV-procd_m5571_4.sdf


--------------------------------------------------------------------------------
--- CHEMPLP breakdown of terms                                               ---
--------------------------------------------------------------------------------
CHEMPLP = - ( 1.0000*S(PLP) + -3.0000*S(hbond) + -6.0000*S(metal) + -3.0000*S(cho) )

Score = CHEMPLP - 1.0000*DE(clash) - 2.0000*DE(tors)

Internal energy term has been corrected with the best internal energy encountered.

--------------------------------------------------------------------------------


     Score     S(PLP)   S(hbond)     S(cho)   S(metal)  DE(clash)   DE(tors)     intcor
     38.52     -31.36       1.95       0.65       0.00       0.00       0.31       0.00

--------------------------------------------------------------------------------
--- PLP analysis of protein-ligand interactions                              ---
--------------------------------------------------------------------------------
hydrogen bonding        :      -2.40
metal                   :       0.00
buried (polar-nonpolar) :      -0.17
nonpolar                :     -29.40
repulsive               :       0.55
--------------------------------------------------------------------------------


--------------------------------------------------------------------------------
--- ChemScore analysis of protein-ligand interactions                        ---
--------------------------------------------------------------------------------

* Hydrogen bonds                                                                
Ligand donor   17 hydrogen   30 Protein acceptor 10175 bond energy  1.00 wt 1.00
Protein donor 7989 hydrogen 7998 Ligand acceptor    5 bond energy  1.00 wt 0.95


* CH..O interactions                                                            
  CH group selection                       : activated ring CH (adjacent to hetatom)
Ligand carbon    4 hydrogen   18 Protein acceptor 7948 bond energy  1.00 wt 0.65

--------------------------------------------------------------------------------


--------------------------------------------------------------------------------
--- Intra-ligand clashes                                                     ---
--------------------------------------------------------------------------------

Ligand
--------------------------------------------------------------------------------

--------------------------------------------------------------------------------
--- Rescoring solution                                                       ---
--------------------------------------------------------------------------------

     Score         DG    S(hbond)    S(metal)    S(lipo)     H(rot)  DE(clash)    DE(int)
      9.73     -13.67       0.83        0.00      84.15       1.73       3.67       0.26

Doing AMOEBA simplex on best individual
Done simplexing #iterations 685, best score  13.11

     Score         DG    S(hbond)    S(metal)    S(lipo)     H(rot)  DE(clash)    DE(int)
     13.11     -13.62       0.92        0.00      81.02       1.73       0.24       0.26

--------------------------------------------------------------------------------
--- ChemScore breakdown of terms                                             ---
--------------------------------------------------------------------------------
DG = -5.4800 + -3.3400*S(hbond)
     + -6.0300*S(metal) + -0.1170*S(lipo) + 2.5600*H(rot)


H(rot) = 1.7266

Score = -(DG + DE(clash) + DE(int))


--------------------------------------------------------------------------------


--------------------------------------------------------------------------------
--- ChemScore analysis of protein-ligand interactions                        ---
--------------------------------------------------------------------------------

* Hydrogen bonds                                                                
Ligand donor   17 hydrogen   30 Protein acceptor 10175 bond energy  1.00 wt 0.92

CHEMSCORE EXTRA INTERACTIONS:

* Clashes                                                                       
Clash for ligand atom   4 (**** ):   0.08
Clash for ligand atom   7 (**** ):   0.16
--------------------------------------------------------------------------------


--------------------------------------------------------------------------------
--- Chromosome decoded                                                       ---
--------------------------------------------------------------------------------
Ligand Torsions
[   1    2    3   16] -168.72
[   5    6    7    8]  -78.64
[   6    7    8    9]  176.38
[  14    9    8    7]  169.63
Protein Torsions
[6907 6896 6895 6894]   66.89 
[7974 7965 7964 7962] -131.74 
[8008 7997 7996 7995]   70.65 
[10167 10162 10161 10158] -140.79 
[10718 10713 10712 10709] -153.77 
[10763 10752 10751 10750]   -3.50 
[11005 11000 10999 10996] -160.55 
Mapping
Ligand acceptors to protein hydrogens (mapping then atom ids)
  2  18 [  5->7998]
Ligand hydrogens to protein acceptors (mapping then atom ids)
  1  24 [ 30->10175]
Ligand shape atoms to protein points (mapping then atom ids & coords)
  2  7535 [  8->(150.750 143.000 158.500)]
  3  8263 [  9->(151.500 142.500 159.500)]
  4  7770 [ 10->(151.000 143.000 158.500)]
  5  7818 [ 11->(151.000 144.000 158.750)]
  6  9663 [ 12->(153.250 142.750 160.000)]
  7  9541 [ 13->(153.000 142.250 160.000)]
Chromosome values
Integers:
  -1   17   -1   -1   23   -1   -1 7534 8262 7769 7817 9662 
9540 
--------------------------------------------------------------------------------

Current Ranking  3  1  2  4

--------------------------------------------------------------------------------

* GA execution time :                                                           
  total  0.7108 user  0.7068 sys  0.0040

--------------------------------------------------------------------------------
Fitness function evaluations: 85964

--------------------------------------------------------------------------------
** Docking run number  5 **
--------------------------------------------------------------------------------
  Rank fitness base is 5000.00 ; increment is 11.2233

* Initialising population(s) ...                                                
Number of constraints mappings 0
Number of constraints 0
  Population no.                           :      1
  Population size                          :    100
  Number of duplicates                     :      0
  Number of niche violations               :      0
  Number of errors                         :   7821

Number of constraints mappings 0
Number of constraints 0
  Population no.                           :      2
  Population size                          :    100
  Number of duplicates                     :      0
  Number of niche violations               :      0
  Number of errors                         :   7955

Number of constraints mappings 0
Number of constraints 0
  Population no.                           :      3
  Population size                          :    100
  Number of duplicates                     :      0
  Number of niche violations               :      0
  Number of errors                         :   7539


Doing GA, no. of population(s) 3 size 100 selection pressure 1.100000

 Operation      Score     S(PLP)   S(hbond)     S(cho)   S(metal)  DE(clash)   DE(tors)     intcor
         0      21.57     -19.87       0.29       0.76       0.00       0.00       0.72       0.00
       814      22.04     -23.78       0.00       0.00       0.00       0.00       0.87       0.00
      1100      22.50     -21.32       0.00       0.87       0.00       0.00       0.72       0.00
      1551      28.27     -24.56       0.47       1.00       0.00       0.00       0.35       0.00
      2214      28.27     -24.57       0.47       1.00       0.00       0.00       0.35       0.00
      2519      32.95     -27.74       1.75       0.00       0.00       0.00       0.02       0.00
      4944      33.37     -28.61       1.62       0.00       0.00       0.00       0.05       0.00
      5546      35.48     -30.07       1.83       0.00       0.00       0.00       0.04       0.00
      5588      37.06     -31.26       1.96       0.00       0.00       0.00       0.04       0.00
      5744      37.06     -31.26       1.96       0.00       0.00       0.00       0.04       0.00
      7514      37.06     -31.26       1.96       0.00       0.00       0.00       0.04       0.00
      8330      37.29     -31.38       2.00       0.00       0.00       0.00       0.05       0.00
      8468      37.30     -31.39       2.00       0.00       0.00       0.00       0.04       0.00
      8609      37.30     -31.39       2.00       0.00       0.00       0.00       0.04       0.00
     10532      37.30     -31.39       2.00       0.00       0.00       0.00       0.04       0.00
     10562      37.30     -31.39       2.00       0.00       0.00       0.00       0.04       0.00
     11540      37.30     -31.39       2.00       0.00       0.00       0.00       0.04       0.00
     25126      37.93     -32.02       2.00       0.00       0.00       0.00       0.04       0.00
     26243      38.09     -32.76       2.22       0.00       0.00       0.00       0.67       0.00
     28775      38.35     -32.67       2.32       0.00       0.00       0.00       0.64       0.00
     29078      38.35     -32.67       2.32       0.00       0.00       0.00       0.64       0.00
     29783      38.35     -32.67       2.32       0.00       0.00       0.00       0.64       0.00
     31047      38.52     -32.73       2.36       0.00       0.00       0.00       0.64       0.00
     31698      38.52     -32.73       2.36       0.00       0.00       0.00       0.64       0.00
     32142      38.52     -32.73       2.36       0.00       0.00       0.00       0.64       0.00
     32181      38.57     -33.41       2.18       0.00       0.00       0.00       0.69       0.00
     32234      40.74     -34.71       2.44       0.00       0.00       0.00       0.64       0.00
     36125      40.74     -34.71       2.44       0.00       0.00       0.00       0.64       0.00
--------------------------------------------------------------------------------
Best docking solution after GA:
     37000      40.74     -34.71       2.44       0.00       0.00       0.00       0.64       0.00

#ops:      37000 #mutates:  17572 #cross:    17554 #migrate:   1874 
#dups:     13952 #niche:    19473 #errors:    1475 
--------------------------------------------------------------------------------

Doing AMOEBA simplex on best individual
Done simplexing #iterations 587, best score  42.89

Ligand is stored in gold_soln_AV-procd_m5571_5.sdf


--------------------------------------------------------------------------------
--- CHEMPLP breakdown of terms                                               ---
--------------------------------------------------------------------------------
CHEMPLP = - ( 1.0000*S(PLP) + -3.0000*S(hbond) + -6.0000*S(metal) + -3.0000*S(cho) )

Score = CHEMPLP - 1.0000*DE(clash) - 2.0000*DE(tors)

Internal energy term has been corrected with the best internal energy encountered.

--------------------------------------------------------------------------------


     Score     S(PLP)   S(hbond)     S(cho)   S(metal)  DE(clash)   DE(tors)     intcor
     42.89     -35.59       2.83       0.00       0.00       0.00       0.59       0.00

--------------------------------------------------------------------------------
--- PLP analysis of protein-ligand interactions                              ---
--------------------------------------------------------------------------------
hydrogen bonding        :      -4.12
metal                   :       0.00
buried (polar-nonpolar) :      -4.48
nonpolar                :     -26.93
repulsive               :       0.39
--------------------------------------------------------------------------------


--------------------------------------------------------------------------------
--- ChemScore analysis of protein-ligand interactions                        ---
--------------------------------------------------------------------------------

* Hydrogen bonds                                                                
Ligand donor   17 hydrogen   30 Protein acceptor 7948 bond energy  1.00 wt 1.00
Ligand donor   17 hydrogen   31 Protein acceptor 7957 bond energy  1.00 wt 1.00
Protein donor 7989 hydrogen 7998 Ligand acceptor   15 bond energy  1.00 wt 0.83


* CH..O interactions                                                            
  CH group selection                       : activated ring CH (adjacent to hetatom)

--------------------------------------------------------------------------------


--------------------------------------------------------------------------------
--- Intra-ligand clashes                                                     ---
--------------------------------------------------------------------------------

Ligand
--------------------------------------------------------------------------------

--------------------------------------------------------------------------------
--- Rescoring solution                                                       ---
--------------------------------------------------------------------------------

     Score         DG    S(hbond)    S(metal)    S(lipo)     H(rot)  DE(clash)    DE(int)
     13.63     -14.84       1.21        0.00      83.29       1.73       0.57       0.64

Doing AMOEBA simplex on best individual
Done simplexing #iterations 948, best score  18.40

     Score         DG    S(hbond)    S(metal)    S(lipo)     H(rot)  DE(clash)    DE(int)
     18.40     -19.04       2.39        0.00      85.48       1.73       0.18       0.45

--------------------------------------------------------------------------------
--- ChemScore breakdown of terms                                             ---
--------------------------------------------------------------------------------
DG = -5.4800 + -3.3400*S(hbond)
     + -6.0300*S(metal) + -0.1170*S(lipo) + 2.5600*H(rot)


H(rot) = 1.7266

Score = -(DG + DE(clash) + DE(int))


--------------------------------------------------------------------------------


--------------------------------------------------------------------------------
--- ChemScore analysis of protein-ligand interactions                        ---
--------------------------------------------------------------------------------

* Hydrogen bonds                                                                
Ligand donor   17 hydrogen   30 Protein acceptor 7948 bond energy  1.00 wt 0.85
Ligand donor   17 hydrogen   31 Protein acceptor 7957 bond energy  1.00 wt 0.95
Protein donor 7989 hydrogen 7998 Ligand acceptor   15 bond energy  1.00 wt 0.59

CHEMSCORE EXTRA INTERACTIONS:

* Clashes                                                                       
Clash for ligand atom  11 (**** ):   0.11
Clash for ligand atom  12 (**** ):   0.05
Clash for ligand atom  13 (**** ):   0.02
--------------------------------------------------------------------------------


--------------------------------------------------------------------------------
--- Chromosome decoded                                                       ---
--------------------------------------------------------------------------------
Ligand Torsions
[   1    2    3   16] -169.91
[   5    6    7    8]   -1.00
[   6    7    8    9]  162.52
[  14    9    8    7]  142.82
Protein Torsions
[6907 6896 6895 6894]   45.35 
[7974 7965 7964 7962]   32.15 
[8008 7997 7996 7995]  167.36 
[10167 10162 10161 10158]  116.26 
[10718 10713 10712 10709]   23.42 
[10763 10752 10751 10750] -115.69 
[11005 11000 10999 10996]  -11.58 
Mapping
Ligand acceptors to protein hydrogens (mapping then atom ids)
  4  18 [ 15->7998]
Ligand hydrogens to protein acceptors (mapping then atom ids)
  2   9 [ 31->7957]
Ligand shape atoms to protein points (mapping then atom ids & coords)
  2  7140 [  8->(150.250 141.750 157.750)]
  3  9347 [  9->(152.500 144.250 159.500)]
  4  9587 [ 10->(153.000 143.250 159.250)]
  5  8403 [ 11->(151.500 145.000 160.000)]
  6  8910 [ 12->(152.000 144.500 160.250)]
  7  9198 [ 13->(152.250 145.250 160.000)]
Chromosome values
Integers:
  -1   -1   -1   17   -1    8   -1 7139 9346 9586 8402 8909 
9197 
--------------------------------------------------------------------------------

Current Ranking  3  1  5  2  4

Top  3 (of  5) solutions are within 1.500 RMSD, finishing docking /DATA2/COVID-19/PDBs_&_Models/AV-procd.sdf.


--------------------------------------------------------------------------------

* GA execution time :                                                           
  total  0.7085 user  0.7085 sys  0.0000

--------------------------------------------------------------------------------
Fitness function evaluations: 85847

--------------------------------------------------------------------------------
--- Ranking analysis                                                         ---
--------------------------------------------------------------------------------


* Final ranked order of GA solutions:                                           
   3  1  5  2  4 

  _______________________________
  RMSD Matrix of RANKED solutions

        2    3    4    5  

   1 :  0.1  0.3  3.1  3.2
   2 :       0.4  3.2  3.2
   3 :            3.0  3.2
   4 :                 1.9

  Clustering method                        : complete linkage
  Structure ids in cluster table           : rank nos.
  Ordering of clusters and their members   : by rank (order if from rms_analysis)

  Distance | Clusters
   0.09    |  1  2 |  3 |  4 |  5 |
   0.38    |  1  2  3 |  4 |  5 |
   1.94    |  1  2  3 |  4  5 |
   3.22    |  1  2  3  4  5 |
  Finished Docking Ligand                  : /DATA2/COVID-19/PDBs_&_Models/AV-procd.sdf
--------------------------------------------------------------------------------

  Relative_Ligand_Energy (best encountered) :   0.001
  Relative_Ligand_Energy: fitness values have been corrected using this amount
