
--------------------------------------------------------------------------------
--- Ligand                                                                   ---
--------------------------------------------------------------------------------
  Ligand loaded from file                  : /DATA2/COVID-19/PDBs_&_Models/AV-procd.sdf
  Ligand name                              :  
  "AV-unprocessed.smi:2798                                                  "

--------------------------------------------------------------------------------
  N.plc donors                             : 
  none found

  Acidic nitrogen acceptors                : 
  none found
  Sulfur acceptors                         :
  none found

  N.1 atom 1 is not an acceptor (skipped)

  Donor atoms                              :      1
  7   
  Acceptor atoms                           :      3
  1   14  16  

  Hydrogens                                :  (n = 1)
  19   

  Lone pairs added to molecule             :      4
  Numbering                                : from 30 to 33
  Choline groups                           : 
   

--------------------------------------------------------------------------------
--- Postprocessing of typing                                                 ---
--------------------------------------------------------------------------------
  Fragment file                            : /home/scv26/CCDC/Discovery_2020/GOLD/gold/rotatable_bond_override.mol2
  acylurea fragment                        : no matches
  thioacylthiourea fragment                : no matches
  acylthiourea fragment                    : no matches
  thioacylurea fragment                    : no matches
  diarylamine fragment >C.ar-NH-C.ar<      : no matches
  sec-amine (1) fragment                   : no matches
  sec-amine (2) fragment                   : 1 matches
  Ligand bond 7-6  set to 1
  Ligand bond 7-8  set to 1
  Ligand bond 7-19  set to 1
  sec-amine (3) fragment                   : no matches
  carboxylic ester                         : no matches

* Rotatable bonds in /DATA2/COVID-19/PDBs  :
  [   2    3] [   6    7] [   7    8] 
  No. of rotatable bonds                   :      3


* Fragments found in /DATA2/COVID-19/PDBs  :
  atom   8: ribose
  atom   9: ribose
  atom  10: ribose
  atom  11: ribose
  atom  12: ribose
  atom  13: ribose
  atom  14: ribose


* Checking torsion distributions:                                               
  No. of matched torsions                  :      0

--------------------------------------------------------------------------------
--- Shape fitting atoms selection (hydrophobic atoms)                        ---
--------------------------------------------------------------------------------
  Molecule                                 : /DATA2/COVID-19/PDBs_&_Models/AV-procd.sdf
  Selection                                : carbons only
  Atom numbers                             :  (n = 9)
  4    5    8    9    10   11   12   13   15   


--------------------------------------------------------------------------------
--- ChemScore ligand setup summary                                           ---
--------------------------------------------------------------------------------
  ChemScore ligand acceptors               :      3
  1 14 16 
  ChemScore ligand donors                  :      1
  7 ( 19  ) 
  ChemScore ligand CH donors               :      1
  15 ( 29 ) 

  ChemScore ligand lipophilic atoms        :  (n = 11)
  3    4    5    6    8    9    10   11   12   13   
  15   

  ChemScore ligand rotatable bonds         :      3
  2   (****) - 3   (****): UNKNOWN_BOND
  6   (****) - 7   (****): SP2_SP2_BOND
  7   (****) - 8   (****): SP3_SP2_BOND

--------------------------------------------------------------------------------
--- PLP ligand setup summary                                                 ---
--------------------------------------------------------------------------------
    1  ****   N.1 ACCEPTOR
    2  ****   C.1 NONPOLAR
    3  ****  C.ar NONPOLAR
    4  ****  C.ar NONPOLAR
    5  ****  C.ar NONPOLAR
    6  ****  C.ar NONPOLAR
    7  **** N.pl3 DONOR
    8  ****   C.3 NONPOLAR
    9  ****   C.3 NONPOLAR
   10  ****   C.3 NONPOLAR
   11  ****   C.3 NONPOLAR
   12  ****   C.3 NONPOLAR
   13  ****   C.3 NONPOLAR
   14  ****   O.3 ACCEPTOR
   15  ****  C.ar NONPOLAR
   16  ****  N.ar ACCEPTOR


--------------------------------------------------------------------------------
--- Automatic parameter setting                                              ---
--------------------------------------------------------------------------------
  Contribution base                        :   2500
  Contribution per rotatable bond          :   6000
  Contribution per df                      :   4000
  Contribution per water                   :  10000
  Ligand rotatable bonds                   :      3
  Protein flexible side chain bonds        :      0
  Total rotatable bonds                    :      3
  Hydrophobic vol ratio (P/L)              :   2.563
  Base multiplier (polar)                  :   0.800
  Base multiplier (apolar)                 :   4.614
  Base contribution                        : 12500.000
  Fitting points                           :      4
  Estimated maxops needed (optimal)        :  31000

--------------------------------------------------------------------------------

* Population settings                                                           
  maxops                                   :  31000
  popsiz                                   :    100
  select_pressure                          :   1.100
  n_islands                                :      3
  niche_siz                                :      2

* GA settings                                                                   
  pt_crosswt                               :     95
  allele_mutatewt                          :     95
  migratewt                                :     10

* Search settings                                                               
  start_vdw_linear_cutoff                  :   4.000
  initial_virtual_pt_match_max             :   3.000

--------------------------------------------------------------------------------

* Ligand initialisation time :                                                  
  total  0.0044 user  0.0044 sys  0.0000

--------------------------------------------------------------------------------

--------------------------------------------------------------------------------
** Docking run number  1 **
--------------------------------------------------------------------------------
  Rank fitness base is 5000.00 ; increment is 11.2233

* Initialising population(s) ...                                                
Number of constraints mappings 0
Number of constraints 0
  Population no.                           :      1
  Population size                          :    100
  Number of duplicates                     :      0
  Number of niche violations               :      0
  Number of errors                         :   8559

Number of constraints mappings 0
Number of constraints 0
  Population no.                           :      2
  Population size                          :    100
  Number of duplicates                     :      0
  Number of niche violations               :      0
  Number of errors                         :   8429

Number of constraints mappings 0
Number of constraints 0
  Population no.                           :      3
  Population size                          :    100
  Number of duplicates                     :      0
  Number of niche violations               :      0
  Number of errors                         :   8528


Doing GA, no. of population(s) 3 size 100 selection pressure 1.100000

 Operation      Score     S(PLP)   S(hbond)     S(cho)   S(metal)  DE(clash)   DE(tors)     intcor
         0      21.26     -21.56       0.00       0.00       0.00       0.00       0.16       0.01
       277      23.73     -25.10       0.00       0.00       0.00       0.00       0.69       0.01
       606      24.19     -23.13       0.37       0.00       0.00       0.00       0.03       0.01
       804      26.60     -22.32       1.28       0.45       0.00       0.00       0.45       0.01
       936      26.60     -22.32       1.28       0.45       0.00       0.00       0.45       0.01
      1512      27.56     -23.73       0.86       0.71       0.00       0.00       0.45       0.01
      2913      29.04     -23.77       1.15       0.90       0.00       0.00       0.45       0.01
      3467      29.96     -28.32       1.00       0.00       0.00       0.00       0.69       0.01
      3493      30.41     -24.45       2.00       0.00       0.00       0.00       0.02       0.01
      3764      32.62     -26.66       2.40       0.00       0.00       0.00       0.63       0.01
      4406      33.61     -26.90       2.65       0.00       0.00       0.00       0.63       0.01
      6433      33.99     -27.41       2.65       0.00       0.00       0.00       0.69       0.01
      6580      35.52     -28.94       2.65       0.00       0.00       0.00       0.69       0.01
      7939      35.78     -29.07       2.69       0.00       0.00       0.00       0.69       0.01
      8593      35.90     -29.02       2.75       0.00       0.00       0.00       0.69       0.01
     10249      36.75     -29.12       3.00       0.00       0.00       0.00       0.69       0.01
     12831      37.21     -29.65       2.95       0.00       0.00       0.00       0.65       0.01
     14556      37.34     -32.57       1.75       0.00       0.00       0.00       0.24       0.01
     18041      37.35     -29.66       3.00       0.00       0.00       0.00       0.66       0.01
     21087      37.57     -32.70       1.78       0.00       0.00       0.00       0.24       0.01
     21183      37.57     -32.70       1.78       0.00       0.00       0.00       0.24       0.01
     23376      37.57     -32.70       1.78       0.00       0.00       0.00       0.24       0.01
     24411      38.46     -32.93       2.00       0.00       0.00       0.00       0.24       0.01
     25472      38.85     -34.14       0.94       1.00       0.00       0.00       0.55       0.01
     26346      41.68     -35.19       1.86       0.67       0.00       0.00       0.55       0.01
     28539      41.96     -35.50       1.84       0.68       0.00       0.00       0.55       0.01
     30245      42.29     -36.16       1.70       0.80       0.00       0.00       0.69       0.01
     30439      42.42     -36.31       1.64       0.88       0.00       0.00       0.72       0.01
--------------------------------------------------------------------------------
Best docking solution after GA:
     31000      42.42     -36.31       1.64       0.88       0.00       0.00       0.72       0.01

#ops:      31000 #mutates:  14693 #cross:    14724 #migrate:   1583 
#dups:      5344 #niche:    15401 #errors:    3493 
--------------------------------------------------------------------------------

Doing AMOEBA simplex on best individual
Done simplexing #iterations 658, best score  43.91

Ligand is stored in gold_soln_AV-procd_m10786_1.sdf


--------------------------------------------------------------------------------
--- CHEMPLP breakdown of terms                                               ---
--------------------------------------------------------------------------------
CHEMPLP = - ( 1.0000*S(PLP) + -3.0000*S(hbond) + -6.0000*S(metal) + -3.0000*S(cho) )

Score = CHEMPLP - 1.0000*DE(clash) - 2.0000*DE(tors)

Internal energy term has been corrected with the best internal energy encountered.

--------------------------------------------------------------------------------


     Score     S(PLP)   S(hbond)     S(cho)   S(metal)  DE(clash)   DE(tors)     intcor
     43.91     -37.74       1.63       0.93       0.00       0.00       0.75       0.01

--------------------------------------------------------------------------------
--- PLP analysis of protein-ligand interactions                              ---
--------------------------------------------------------------------------------
hydrogen bonding        :      -2.00
metal                   :       0.00
buried (polar-nonpolar) :      -4.76
nonpolar                :     -31.76
repulsive               :       0.31
--------------------------------------------------------------------------------


--------------------------------------------------------------------------------
--- ChemScore analysis of protein-ligand interactions                        ---
--------------------------------------------------------------------------------

* Hydrogen bonds                                                                
Protein donor 7989 hydrogen 7998 Ligand acceptor   16 bond energy  1.00 wt 0.94
Protein donor 10752 hydrogen 10765 Ligand acceptor    1 bond energy  1.00 wt 0.68


* CH..O interactions                                                            
  CH group selection                       : activated ring CH (adjacent to hetatom)
Ligand carbon   15 hydrogen   29 Protein acceptor 8028 bond energy  1.00 wt 0.93

--------------------------------------------------------------------------------


--------------------------------------------------------------------------------
--- Intra-ligand clashes                                                     ---
--------------------------------------------------------------------------------

Ligand
--------------------------------------------------------------------------------

--------------------------------------------------------------------------------
--- Rescoring solution                                                       ---
--------------------------------------------------------------------------------

     Score         DG    S(hbond)    S(metal)    S(lipo)     H(rot)  DE(clash)    DE(int)
     17.17     -17.94       1.24        0.00      92.97       1.00       0.05       0.72

Doing AMOEBA simplex on best individual
Done simplexing #iterations 606, best score  19.25

     Score         DG    S(hbond)    S(metal)    S(lipo)     H(rot)  DE(clash)    DE(int)
     19.25     -20.04       1.73        0.00      96.82       1.00       0.10       0.69

--------------------------------------------------------------------------------
--- ChemScore breakdown of terms                                             ---
--------------------------------------------------------------------------------
DG = -5.4800 + -3.3400*S(hbond)
     + -6.0300*S(metal) + -0.1170*S(lipo) + 2.5600*H(rot)


H(rot) = 1.0000

Score = -(DG + DE(clash) + DE(int))


--------------------------------------------------------------------------------


--------------------------------------------------------------------------------
--- ChemScore analysis of protein-ligand interactions                        ---
--------------------------------------------------------------------------------

* Hydrogen bonds                                                                
Protein donor 7989 hydrogen 7998 Ligand acceptor   16 bond energy  1.00 wt 0.86
Protein donor 10752 hydrogen 10765 Ligand acceptor    1 bond energy  1.00 wt 0.88

CHEMSCORE EXTRA INTERACTIONS:

* Clashes                                                                       
Clash for ligand atom   1 (**** ):   0.03
Clash for ligand atom   8 (**** ):   0.07
Clash for ligand atom  14 (**** ):   0.01
--------------------------------------------------------------------------------


--------------------------------------------------------------------------------
--- Chromosome decoded                                                       ---
--------------------------------------------------------------------------------
Ligand Torsions
[   1    2    3   16]    9.23
[   5    6    7    8]  108.86
[   6    7    8   13]  -53.49
Protein Torsions
[6907 6896 6895 6894]  -53.81 
[7974 7965 7964 7962]   95.85 
[8008 7997 7996 7995] -161.14 
[10167 10162 10161 10158]  104.93 
[10718 10713 10712 10709]   -6.32 
[10763 10752 10751 10750]  143.76 
[11005 11000 10999 10996]   39.98 
Mapping
Ligand acceptors to protein hydrogens (mapping then atom ids)
  1  45 [  1->10765]
Ligand hydrogens to protein acceptors (mapping then atom ids)
Ligand shape atoms to protein points (mapping then atom ids & coords)
  4  7365 [  9->(150.500 144.000 158.750)]
  5  8162 [ 10->(151.250 145.750 160.000)]
  6  8684 [ 11->(151.750 145.250 160.750)]
  7  9698 [ 12->(153.500 141.750 160.750)]
  8  8639 [ 13->(151.750 144.500 159.500)]
Chromosome values
Integers:
  44   -1   -1   -1   -1   -1   -1 7364 8161 8683 9697 8638 
  -1 
--------------------------------------------------------------------------------

Current Ranking  1

--------------------------------------------------------------------------------

* GA execution time :                                                           
  total  0.5886 user  0.5886 sys  0.0000

--------------------------------------------------------------------------------
Fitness function evaluations: 80497

--------------------------------------------------------------------------------
** Docking run number  2 **
--------------------------------------------------------------------------------
  Rank fitness base is 5000.00 ; increment is 11.2233

* Initialising population(s) ...                                                
Number of constraints mappings 0
Number of constraints 0
  Population no.                           :      1
  Population size                          :    100
  Number of duplicates                     :      0
  Number of niche violations               :      0
  Number of errors                         :   8402

Number of constraints mappings 0
Number of constraints 0
  Population no.                           :      2
  Population size                          :    100
  Number of duplicates                     :      0
  Number of niche violations               :      0
  Number of errors                         :   8239

Number of constraints mappings 0
Number of constraints 0
  Population no.                           :      3
  Population size                          :    100
  Number of duplicates                     :      0
  Number of niche violations               :      0
  Number of errors                         :   8734


Doing GA, no. of population(s) 3 size 100 selection pressure 1.100000

 Operation      Score     S(PLP)   S(hbond)     S(cho)   S(metal)  DE(clash)   DE(tors)     intcor
         0      21.90     -19.76       1.00       0.00       0.00       0.00       0.44       0.01
       364      22.10     -19.98       1.00       0.00       0.00       0.00       0.45       0.01
       539      22.81     -22.45       0.00       0.45       0.00       0.00       0.50       0.01
       784      24.82     -26.16       0.00       0.00       0.00       0.00       0.67       0.01
       820      24.82     -26.16       0.00       0.00       0.00       0.00       0.67       0.01
      1828      27.30     -24.98       1.00       0.00       0.00       0.00       0.34       0.01
      1942      27.37     -25.25       1.00       0.00       0.00       0.00       0.44       0.01
      2221      27.60     -25.56       1.00       0.00       0.00       0.00       0.48       0.01
      3071      28.87     -23.50       2.28       0.00       0.00       0.00       0.74       0.01
      3211      30.07     -25.59       1.55       0.00       0.00       0.00       0.09       0.01
      3263      30.11     -28.16       1.14       0.00       0.00       0.00       0.74       0.01
      4115      30.60     -28.47       1.00       0.00       0.00       0.00       0.44       0.01
      4166      30.98     -25.01       2.48       0.00       0.00       0.00       0.74       0.01
      4338      31.45     -25.62       2.00       0.00       0.00       0.00       0.09       0.01
      5144      32.39     -29.72       1.00       0.00       0.00       0.00       0.17       0.01
      5809      32.85     -28.01       2.00       0.00       0.00       0.00       0.58       0.01
      6282      33.11     -28.23       1.68       0.00       0.00       0.00       0.09       0.01
      6390      33.11     -28.23       1.68       0.00       0.00       0.00       0.09       0.01
      6413      33.41     -28.27       1.77       0.00       0.00       0.00       0.09       0.01
      6767      33.95     -29.45       1.71       0.00       0.00       0.00       0.32       0.01
      6875      38.31     -30.16       2.58       0.31       0.00       0.00       0.26       0.01
      8007      38.31     -30.16       2.58       0.31       0.00       0.00       0.26       0.01
      8720      38.31     -30.16       2.58       0.31       0.00       0.00       0.26       0.01
     10907      38.53     -30.41       2.55       0.33       0.00       0.00       0.26       0.01
     15483      38.53     -30.41       2.55       0.33       0.00       0.00       0.26       0.01
     17496      38.53     -30.41       2.55       0.33       0.00       0.00       0.26       0.01
     23239      38.89     -33.81       1.77       0.41       0.00       0.00       0.73       0.01
     23410      38.90     -33.81       1.77       0.41       0.00       0.00       0.73       0.01
     24289      39.74     -34.28       1.66       0.57       0.00       0.00       0.63       0.01
     24796      39.74     -34.28       1.66       0.57       0.00       0.00       0.63       0.01
     25333      40.03     -34.47       1.70       0.59       0.00       0.00       0.66       0.01
     26686      40.12     -34.57       1.70       0.60       0.00       0.00       0.68       0.01
     28523      40.18     -34.56       1.72       0.61       0.00       0.00       0.68       0.01
     29304      40.42     -34.85       1.67       0.66       0.00       0.00       0.71       0.01
     30305      40.43     -34.78       1.67       0.67       0.00       0.00       0.69       0.01
--------------------------------------------------------------------------------
Best docking solution after GA:
     31000      40.43     -34.78       1.67       0.67       0.00       0.00       0.69       0.01

#ops:      31000 #mutates:  14769 #cross:    14664 #migrate:   1567 
#dups:      7272 #niche:    16955 #errors:    2502 
--------------------------------------------------------------------------------

Doing AMOEBA simplex on best individual
Done simplexing #iterations 603, best score  42.88

Ligand is stored in gold_soln_AV-procd_m10786_2.sdf


--------------------------------------------------------------------------------
--- CHEMPLP breakdown of terms                                               ---
--------------------------------------------------------------------------------
CHEMPLP = - ( 1.0000*S(PLP) + -3.0000*S(hbond) + -6.0000*S(metal) + -3.0000*S(cho) )

Score = CHEMPLP - 1.0000*DE(clash) - 2.0000*DE(tors)

Internal energy term has been corrected with the best internal energy encountered.

--------------------------------------------------------------------------------


     Score     S(PLP)   S(hbond)     S(cho)   S(metal)  DE(clash)   DE(tors)     intcor
     42.88     -36.06       1.87       0.87       0.00       0.00       0.70       0.01

--------------------------------------------------------------------------------
--- PLP analysis of protein-ligand interactions                              ---
--------------------------------------------------------------------------------
hydrogen bonding        :      -2.00
metal                   :       0.00
buried (polar-nonpolar) :      -3.66
nonpolar                :     -31.94
repulsive               :       0.32
--------------------------------------------------------------------------------


--------------------------------------------------------------------------------
--- ChemScore analysis of protein-ligand interactions                        ---
--------------------------------------------------------------------------------

* Hydrogen bonds                                                                
Protein donor 7989 hydrogen 7998 Ligand acceptor   16 bond energy  1.00 wt 0.99
Protein donor 10752 hydrogen 10764 Ligand acceptor    1 bond energy  1.00 wt 0.88


* CH..O interactions                                                            
  CH group selection                       : activated ring CH (adjacent to hetatom)
Ligand carbon   15 hydrogen   29 Protein acceptor 8028 bond energy  1.00 wt 0.87

--------------------------------------------------------------------------------


--------------------------------------------------------------------------------
--- Intra-ligand clashes                                                     ---
--------------------------------------------------------------------------------

Ligand
--------------------------------------------------------------------------------

--------------------------------------------------------------------------------
--- Rescoring solution                                                       ---
--------------------------------------------------------------------------------

     Score         DG    S(hbond)    S(metal)    S(lipo)     H(rot)  DE(clash)    DE(int)
     17.24     -18.24       1.37        0.00      91.81       1.00       0.31       0.69

Doing AMOEBA simplex on best individual
Done simplexing #iterations 552, best score  18.06

     Score         DG    S(hbond)    S(metal)    S(lipo)     H(rot)  DE(clash)    DE(int)
     18.06     -18.73       1.52        0.00      91.79       1.00       0.02       0.66

--------------------------------------------------------------------------------
--- ChemScore breakdown of terms                                             ---
--------------------------------------------------------------------------------
DG = -5.4800 + -3.3400*S(hbond)
     + -6.0300*S(metal) + -0.1170*S(lipo) + 2.5600*H(rot)


H(rot) = 1.0000

Score = -(DG + DE(clash) + DE(int))


--------------------------------------------------------------------------------


--------------------------------------------------------------------------------
--- ChemScore analysis of protein-ligand interactions                        ---
--------------------------------------------------------------------------------

* Hydrogen bonds                                                                
Protein donor 7989 hydrogen 7998 Ligand acceptor   16 bond energy  1.00 wt 0.86
Protein donor 10752 hydrogen 10764 Ligand acceptor    1 bond energy  1.00 wt 0.66

CHEMSCORE EXTRA INTERACTIONS:

* Clashes                                                                       
Clash for ligand atom   1 (**** ):   0.01
--------------------------------------------------------------------------------


--------------------------------------------------------------------------------
--- Chromosome decoded                                                       ---
--------------------------------------------------------------------------------
Ligand Torsions
[   1    2    3   16]  -22.47
[   5    6    7    8]  105.10
[   6    7    8   13]  -62.14
Protein Torsions
[6907 6896 6895 6894]   53.13 
[7974 7965 7964 7962]  -11.09 
[8008 7997 7996 7995]  100.77 
[10167 10162 10161 10158]  168.62 
[10718 10713 10712 10709] -100.18 
[10763 10752 10751 10750]  -89.82 
[11005 11000 10999 10996]    9.02 
Mapping
Ligand acceptors to protein hydrogens (mapping then atom ids)
  1  44 [  1->10764]
Ligand hydrogens to protein acceptors (mapping then atom ids)
Ligand shape atoms to protein points (mapping then atom ids & coords)
  3  8015 [  8->(151.250 143.000 158.000)]
  5  7434 [ 10->(150.500 145.500 160.000)]
  6  8627 [ 11->(151.750 144.250 161.000)]
  7  9107 [ 12->(152.250 143.750 161.250)]
  8  9484 [ 13->(152.750 143.750 159.500)]
Chromosome values
Integers:
  43   -1   -1   -1   -1   -1 8014   -1 7433 8626 9106 9483 
  -1 
--------------------------------------------------------------------------------

Current Ranking  1  2

--------------------------------------------------------------------------------

* GA execution time :                                                           
  total  0.5828 user  0.5828 sys  0.0000

--------------------------------------------------------------------------------
Fitness function evaluations: 79283

--------------------------------------------------------------------------------
** Docking run number  3 **
--------------------------------------------------------------------------------
  Rank fitness base is 5000.00 ; increment is 11.2233

* Initialising population(s) ...                                                
Number of constraints mappings 0
Number of constraints 0
  Population no.                           :      1
  Population size                          :    100
  Number of duplicates                     :      0
  Number of niche violations               :      0
  Number of errors                         :   8350

Number of constraints mappings 0
Number of constraints 0
  Population no.                           :      2
  Population size                          :    100
  Number of duplicates                     :      0
  Number of niche violations               :      0
  Number of errors                         :   8341

Number of constraints mappings 0
Number of constraints 0
  Population no.                           :      3
  Population size                          :    100
  Number of duplicates                     :      0
  Number of niche violations               :      0
  Number of errors                         :   8572


Doing GA, no. of population(s) 3 size 100 selection pressure 1.100000

 Operation      Score     S(PLP)   S(hbond)     S(cho)   S(metal)  DE(clash)   DE(tors)     intcor
         0      27.04     -25.67       1.00       0.00       0.00       0.00       0.82       0.01
      1181      27.67     -24.09       1.64       0.00       0.00       0.00       0.67       0.01
      2138      31.01     -29.39       1.00       0.00       0.00       0.00       0.70       0.01
      3275      33.67     -29.30       2.00       0.00       0.00       0.00       0.82       0.01
      4926      35.87     -30.92       1.99       0.20       0.00       0.00       0.82       0.01
      5877      37.11     -31.91       1.90       0.38       0.00       0.00       0.82       0.01
      7859      37.43     -34.79       1.34       0.00       0.00       0.00       0.69       0.01
     10414      37.90     -32.65       1.74       0.55       0.00       0.00       0.82       0.01
     10825      38.11     -33.44       1.90       0.20       0.00       0.00       0.82       0.01
     12679      38.11     -33.44       1.90       0.20       0.00       0.00       0.82       0.01
     13037      38.60     -33.46       1.93       0.33       0.00       0.00       0.82       0.01
     14035      40.66     -34.85       1.48       1.00       0.00       0.00       0.82       0.01
     14386      40.66     -34.85       1.48       1.00       0.00       0.00       0.82       0.01
     16535      40.82     -34.93       1.50       1.00       0.00       0.00       0.82       0.01
     16802      40.82     -34.93       1.50       1.00       0.00       0.00       0.82       0.01
     20996      40.82     -34.93       1.50       1.00       0.00       0.00       0.82       0.01
     21149      40.84     -34.97       1.50       1.00       0.00       0.00       0.82       0.01
     24109      40.84     -34.98       1.50       1.00       0.00       0.00       0.82       0.01
     25159      40.95     -34.77       1.58       0.99       0.00       0.00       0.77       0.01
     25324      40.95     -34.77       1.58       0.99       0.00       0.00       0.77       0.01
     27995      40.99     -34.93       1.57       0.96       0.00       0.00       0.77       0.01
     28372      40.99     -34.93       1.57       0.96       0.00       0.00       0.77       0.01
     28967      41.00     -34.86       1.58       0.97       0.00       0.00       0.77       0.01
     29300      41.03     -34.81       1.57       1.00       0.00       0.00       0.75       0.01
     29757      41.03     -34.81       1.57       1.00       0.00       0.00       0.75       0.01
     30191      41.09     -34.91       1.56       1.00       0.00       0.00       0.75       0.01
     30494      41.09     -34.91       1.56       1.00       0.00       0.00       0.75       0.01
     30806      41.09     -34.91       1.56       1.00       0.00       0.00       0.75       0.01
--------------------------------------------------------------------------------
Best docking solution after GA:
     31000      41.09     -34.91       1.56       1.00       0.00       0.00       0.75       0.01

#ops:      31000 #mutates:  14812 #cross:    14703 #migrate:   1485 
#dups:      7197 #niche:    14761 #errors:    3617 
--------------------------------------------------------------------------------

Doing AMOEBA simplex on best individual
Done simplexing #iterations 627, best score  43.78

Ligand is stored in gold_soln_AV-procd_m10786_3.sdf


--------------------------------------------------------------------------------
--- CHEMPLP breakdown of terms                                               ---
--------------------------------------------------------------------------------
CHEMPLP = - ( 1.0000*S(PLP) + -3.0000*S(hbond) + -6.0000*S(metal) + -3.0000*S(cho) )

Score = CHEMPLP - 1.0000*DE(clash) - 2.0000*DE(tors)

Internal energy term has been corrected with the best internal energy encountered.

--------------------------------------------------------------------------------


     Score     S(PLP)   S(hbond)     S(cho)   S(metal)  DE(clash)   DE(tors)     intcor
     43.78     -37.91       1.48       0.99       0.00       0.00       0.77       0.01

--------------------------------------------------------------------------------
--- PLP analysis of protein-ligand interactions                              ---
--------------------------------------------------------------------------------
hydrogen bonding        :      -2.00
metal                   :       0.00
buried (polar-nonpolar) :      -4.06
nonpolar                :     -31.94
repulsive               :       0.31
--------------------------------------------------------------------------------


--------------------------------------------------------------------------------
--- ChemScore analysis of protein-ligand interactions                        ---
--------------------------------------------------------------------------------

* Hydrogen bonds                                                                
Protein donor 7989 hydrogen 7998 Ligand acceptor   16 bond energy  1.00 wt 0.93
Protein donor 10752 hydrogen 10763 Ligand acceptor    1 bond energy  1.00 wt 0.55


* CH..O interactions                                                            
  CH group selection                       : activated ring CH (adjacent to hetatom)
Ligand carbon   15 hydrogen   29 Protein acceptor 8028 bond energy  1.00 wt 0.99

--------------------------------------------------------------------------------


--------------------------------------------------------------------------------
--- Intra-ligand clashes                                                     ---
--------------------------------------------------------------------------------

Ligand
--------------------------------------------------------------------------------

--------------------------------------------------------------------------------
--- Rescoring solution                                                       ---
--------------------------------------------------------------------------------

     Score         DG    S(hbond)    S(metal)    S(lipo)     H(rot)  DE(clash)    DE(int)
     14.76     -17.00       0.91        0.00      94.29       1.00       1.49       0.75

Doing AMOEBA simplex on best individual
Done simplexing #iterations 696, best score  18.97

     Score         DG    S(hbond)    S(metal)    S(lipo)     H(rot)  DE(clash)    DE(int)
     18.97     -19.81       1.62        0.00      98.28       1.00       0.09       0.75

--------------------------------------------------------------------------------
--- ChemScore breakdown of terms                                             ---
--------------------------------------------------------------------------------
DG = -5.4800 + -3.3400*S(hbond)
     + -6.0300*S(metal) + -0.1170*S(lipo) + 2.5600*H(rot)


H(rot) = 1.0000

Score = -(DG + DE(clash) + DE(int))


--------------------------------------------------------------------------------


--------------------------------------------------------------------------------
--- ChemScore analysis of protein-ligand interactions                        ---
--------------------------------------------------------------------------------

* Hydrogen bonds                                                                
Protein donor 7989 hydrogen 7998 Ligand acceptor   16 bond energy  1.00 wt 0.84
Protein donor 10752 hydrogen 10763 Ligand acceptor    1 bond energy  1.00 wt 0.77

CHEMSCORE EXTRA INTERACTIONS:

* Clashes                                                                       
Clash for ligand atom   8 (**** ):   0.07
Clash for ligand atom  13 (**** ):   0.01
Clash for ligand atom  14 (**** ):   0.01
--------------------------------------------------------------------------------


--------------------------------------------------------------------------------
--- Chromosome decoded                                                       ---
--------------------------------------------------------------------------------
Ligand Torsions
[   1    2    3   16]  175.58
[   5    6    7    8]  108.85
[   6    7    8   13]  -51.99
Protein Torsions
[6907 6896 6895 6894]  111.06 
[7974 7965 7964 7962]  122.48 
[8008 7997 7996 7995]   38.55 
[10167 10162 10161 10158]   56.00 
[10718 10713 10712 10709]   -2.42 
[10763 10752 10751 10750]   16.28 
[11005 11000 10999 10996] -136.33 
Mapping
Ligand acceptors to protein hydrogens (mapping then atom ids)
  1  43 [  1->10763]
Ligand hydrogens to protein acceptors (mapping then atom ids)
Ligand shape atoms to protein points (mapping then atom ids & coords)
  7  9469 [ 12->(152.750 143.500 160.250)]
  8  9116 [ 13->(152.250 144.000 158.500)]
Chromosome values
Integers:
  42   -1   -1   -1   -1   -1   -1   -1   -1   -1 9468 9115 
  -1 
--------------------------------------------------------------------------------

Current Ranking  1  3  2

Top  3 (of  3) solutions are within 1.500 RMSD, finishing docking /DATA2/COVID-19/PDBs_&_Models/AV-procd.sdf.


--------------------------------------------------------------------------------

* GA execution time :                                                           
  total  0.5622 user  0.5582 sys  0.0040

--------------------------------------------------------------------------------
Fitness function evaluations: 79307

--------------------------------------------------------------------------------
--- Ranking analysis                                                         ---
--------------------------------------------------------------------------------


* Final ranked order of GA solutions:                                           
   1  3  2 

  _______________________________
  RMSD Matrix of RANKED solutions

        2    3  

   1 :  0.2  0.3
   2 :       0.5

  Clustering method                        : complete linkage
  Structure ids in cluster table           : rank nos.
  Ordering of clusters and their members   : by rank (order if from rms_analysis)

  Distance | Clusters
   0.23    |  1  2 |  3 |
   0.47    |  1  2  3 |
  Finished Docking Ligand                  : /DATA2/COVID-19/PDBs_&_Models/AV-procd.sdf
--------------------------------------------------------------------------------

  Relative_Ligand_Energy (best encountered) :   0.009
  Relative_Ligand_Energy: fitness values have been corrected using this amount
