
--------------------------------------------------------------------------------
--- Ligand                                                                   ---
--------------------------------------------------------------------------------
  Ligand loaded from file                  : /DATA2/COVID-19/PDBs_&_Models/AV-procd.sdf
  Ligand name                              :  
  "AV-unprocessed.smi:949                                                   "

--------------------------------------------------------------------------------
  N.plc donors                             : 
  none found

  Acidic nitrogen acceptors                : 
  none found
  Sulfur acceptors                         :
  none found


  Donor atoms                              :      2
  3   10  
  Acceptor atoms                           :      2
  7   15  

  Hydrogens                                :  (n = 3)
  20   24   25   

  Lone pairs added to molecule             :      3
  Numbering                                : from 33 to 35
  Choline groups                           : 
   

--------------------------------------------------------------------------------
--- Postprocessing of typing                                                 ---
--------------------------------------------------------------------------------
  Fragment file                            : /home/scv26/CCDC/Discovery_2020/GOLD/gold/rotatable_bond_override.mol2
  acylurea fragment                        : no matches
  thioacylthiourea fragment                : no matches
  acylthiourea fragment                    : no matches
  thioacylurea fragment                    : no matches
  diarylamine fragment >C.ar-NH-C.ar<      : no matches
  sec-amine (1) fragment                   : no matches
  sec-amine (2) fragment                   : 1 matches
  Ligand bond 3-4  set to 1
  Ligand bond 3-2  set to 1
  Ligand bond 3-20  set to 1
  sec-amine (3) fragment                   : no matches
  carboxylic ester                         : no matches

* Rotatable bonds in /DATA2/COVID-19/PDBs  :
  [   2    3] [   2   11] [   3    4] 
  No. of rotatable bonds                   :      3


* Fragments found in /DATA2/COVID-19/PDBs  :
  atom  11: ribose
  atom  12: ribose
  atom  13: ribose
  atom  14: ribose
  atom  15: ribose


* Checking torsion distributions:                                               
  No. of matched torsions                  :      0

--------------------------------------------------------------------------------
--- Shape fitting atoms selection (hydrophobic atoms)                        ---
--------------------------------------------------------------------------------
  Molecule                                 : /DATA2/COVID-19/PDBs_&_Models/AV-procd.sdf
  Selection                                : carbons only
  Atom numbers                             :  (n = 9)
  1    2    5    6    8    11   12   13   14   


--------------------------------------------------------------------------------
--- ChemScore ligand setup summary                                           ---
--------------------------------------------------------------------------------
  ChemScore ligand acceptors               :      2
  7 15 
  ChemScore ligand donors                  :      2
  3 ( 20  ) 10 ( 24 25  ) 
  ChemScore ligand CH donors               :      2
  6 ( 22 ) 8 ( 23 ) 

  ChemScore ligand lipophilic atoms        :  (n = 11)
  1    2    4    5    6    8    9    11   12   13   
  14   

  ChemScore ligand rotatable bonds         :      3
  2   (****) - 3   (****): SP3_SP2_BOND
  2   (****) - 11  (****): SP3_SP3_BOND
  3   (****) - 4   (****): SP2_SP2_BOND

--------------------------------------------------------------------------------
--- PLP ligand setup summary                                                 ---
--------------------------------------------------------------------------------
    1  ****   C.3 NONPOLAR
    2  ****   C.3 NONPOLAR
    3  **** N.pl3 DONOR
    4  ****  C.ar NONPOLAR
    5  ****  C.ar NONPOLAR
    6  ****  C.ar NONPOLAR
    7  ****  N.ar ACCEPTOR
    8  ****  C.ar NONPOLAR
    9  ****  C.ar NONPOLAR
   10  **** N.pl3 DONOR
   11  ****   C.3 NONPOLAR
   12  ****   C.3 NONPOLAR
   13  ****   C.3 NONPOLAR
   14  ****   C.3 NONPOLAR
   15  ****   O.3 ACCEPTOR


--------------------------------------------------------------------------------
--- Automatic parameter setting                                              ---
--------------------------------------------------------------------------------
  Contribution base                        :   2500
  Contribution per rotatable bond          :   6000
  Contribution per df                      :   4000
  Contribution per water                   :  10000
  Ligand rotatable bonds                   :      3
  Protein flexible side chain bonds        :      0
  Total rotatable bonds                    :      3
  Hydrophobic vol ratio (P/L)              :   2.563
  Base multiplier (polar)                  :   0.800
  Base multiplier (apolar)                 :   4.614
  Base contribution                        : 12500.000
  Fitting points                           :      4
  Estimated maxops needed (optimal)        :  31000

--------------------------------------------------------------------------------

* Population settings                                                           
  maxops                                   :  31000
  popsiz                                   :    100
  select_pressure                          :   1.100
  n_islands                                :      3
  niche_siz                                :      2

* GA settings                                                                   
  pt_crosswt                               :     95
  allele_mutatewt                          :     95
  migratewt                                :     10

* Search settings                                                               
  start_vdw_linear_cutoff                  :   4.000
  initial_virtual_pt_match_max             :   3.000

--------------------------------------------------------------------------------

* Ligand initialisation time :                                                  
  total  0.0045 user  0.0045 sys  0.0000

--------------------------------------------------------------------------------

--------------------------------------------------------------------------------
** Docking run number  1 **
--------------------------------------------------------------------------------
  Rank fitness base is 5000.00 ; increment is 11.2233

* Initialising population(s) ...                                                
Number of constraints mappings 0
Number of constraints 0
  Population no.                           :      1
  Population size                          :    100
  Number of duplicates                     :      0
  Number of niche violations               :      0
  Number of errors                         :   7874

Number of constraints mappings 0
Number of constraints 0
  Population no.                           :      2
  Population size                          :    100
  Number of duplicates                     :      0
  Number of niche violations               :      0
  Number of errors                         :   7668

Number of constraints mappings 0
Number of constraints 0
  Population no.                           :      3
  Population size                          :    100
  Number of duplicates                     :      0
  Number of niche violations               :      0
  Number of errors                         :   7771


Doing GA, no. of population(s) 3 size 100 selection pressure 1.100000

 Operation      Score     S(PLP)   S(hbond)     S(cho)   S(metal)  DE(clash)   DE(tors)     intcor
         0      22.34     -21.65       1.77       0.00       0.00       0.00       2.33       0.04
      1063      23.16     -15.38       1.62       1.53       0.00       0.00       0.85       0.04
      1338      23.34     -22.86       0.00       1.16       0.00       0.00       1.52       0.04
      1907      23.94     -22.48       0.43       0.66       0.00       0.00       0.92       0.04
      2493      24.99     -23.60       0.00       1.40       0.00       0.00       1.43       0.04
      2787      27.25     -27.01       1.66       0.00       0.00       0.00       2.38       0.04
      2792      27.44     -21.54       1.00       1.74       0.00       0.00       1.19       0.04
      3093      28.58     -27.94       1.54       0.00       0.00       0.00       2.01       0.04
      3291      29.14     -28.38       1.00       0.63       0.00       0.00       2.09       0.04
      4614      29.56     -27.82       1.00       0.96       0.00       0.00       2.09       0.04
      5057      30.43     -29.19       0.98       0.00       0.00       0.00       0.87       0.04
      6534      30.91     -33.17       0.19       0.00       0.00       0.00       1.44       0.04
      6849      31.45     -33.71       0.27       0.01       0.00       0.00       1.57       0.04
      7947      32.49     -29.45       0.96       0.64       0.00       0.00       0.90       0.04
      8994      32.73     -29.69       0.94       0.66       0.00       0.00       0.90       0.04
      9722      34.79     -30.63       1.56       0.54       0.00       0.00       1.10       0.04
     10655      36.25     -33.08       0.99       0.59       0.00       0.00       0.81       0.04
     14411      36.97     -33.63       1.00       0.56       0.00       0.00       0.69       0.04
     16810      37.31     -34.40       1.00       0.48       0.00       0.00       0.78       0.04
     26247      37.32     -34.46       1.00       0.47       0.00       0.00       0.80       0.04
--------------------------------------------------------------------------------
Best docking solution after GA:
     31000      37.32     -34.46       1.00       0.47       0.00       0.00       0.80       0.04

#ops:      31000 #mutates:  14851 #cross:    14562 #migrate:   1587 
#dups:      6438 #niche:    16424 #errors:    2084 
--------------------------------------------------------------------------------

Doing AMOEBA simplex on best individual
Done simplexing #iterations 549, best score  38.82

Ligand is stored in gold_soln_AV-procd_m4246_1.sdf


--------------------------------------------------------------------------------
--- CHEMPLP breakdown of terms                                               ---
--------------------------------------------------------------------------------
CHEMPLP = - ( 1.0000*S(PLP) + -3.0000*S(hbond) + -6.0000*S(metal) + -3.0000*S(cho) )

Score = CHEMPLP - 1.0000*DE(clash) - 2.0000*DE(tors)

Internal energy term has been corrected with the best internal energy encountered.

--------------------------------------------------------------------------------


     Score     S(PLP)   S(hbond)     S(cho)   S(metal)  DE(clash)   DE(tors)     intcor
     38.82     -35.24       1.00       0.61       0.00       0.00       0.64       0.04

--------------------------------------------------------------------------------
--- PLP analysis of protein-ligand interactions                              ---
--------------------------------------------------------------------------------
hydrogen bonding        :      -1.25
metal                   :       0.00
buried (polar-nonpolar) :      -1.48
nonpolar                :     -30.48
repulsive               :       0.53
--------------------------------------------------------------------------------


--------------------------------------------------------------------------------
--- ChemScore analysis of protein-ligand interactions                        ---
--------------------------------------------------------------------------------

* Hydrogen bonds                                                                
Ligand donor   10 hydrogen   24 Protein acceptor 8028 bond energy  1.00 wt 1.00


* CH..O interactions                                                            
  CH group selection                       : activated ring CH (adjacent to hetatom)
Ligand carbon    8 hydrogen   23 Protein acceptor 7957 bond energy  1.00 wt 0.61

--------------------------------------------------------------------------------


--------------------------------------------------------------------------------
--- Intra-ligand clashes                                                     ---
--------------------------------------------------------------------------------

Ligand
--------------------------------------------------------------------------------

--------------------------------------------------------------------------------
--- Rescoring solution                                                       ---
--------------------------------------------------------------------------------

     Score         DG    S(hbond)    S(metal)    S(lipo)     H(rot)  DE(clash)    DE(int)
     15.99     -17.31       0.90        0.00     102.01       1.22       0.51       0.80

Doing AMOEBA simplex on best individual
Done simplexing #iterations 519, best score  16.64

     Score         DG    S(hbond)    S(metal)    S(lipo)     H(rot)  DE(clash)    DE(int)
     16.64     -17.71       1.00        0.00     102.72       1.22       0.44       0.64

--------------------------------------------------------------------------------
--- ChemScore breakdown of terms                                             ---
--------------------------------------------------------------------------------
DG = -5.4800 + -3.3400*S(hbond)
     + -6.0300*S(metal) + -0.1170*S(lipo) + 2.5600*H(rot)


H(rot) = 1.2169

Score = -(DG + DE(clash) + DE(int))


--------------------------------------------------------------------------------


--------------------------------------------------------------------------------
--- ChemScore analysis of protein-ligand interactions                        ---
--------------------------------------------------------------------------------

* Hydrogen bonds                                                                
Ligand donor   10 hydrogen   24 Protein acceptor 8028 bond energy  1.00 wt 0.99

CHEMSCORE EXTRA INTERACTIONS:

* Clashes                                                                       
Clash for ligand atom   8 (**** ):   0.40
Clash for ligand atom  10 (**** ):   0.01
Clash for ligand atom  13 (**** ):   0.02
--------------------------------------------------------------------------------


--------------------------------------------------------------------------------
--- Chromosome decoded                                                       ---
--------------------------------------------------------------------------------
Ligand Torsions
[   4    3    2    1]   62.96
[  15   11    2    1]  -52.62
[   9    4    3    2]  116.82
Protein Torsions
[6907 6896 6895 6894] -136.14 
[7974 7965 7964 7962]  156.52 
[8008 7997 7996 7995]  119.29 
[10167 10162 10161 10158] -178.09 
[10718 10713 10712 10709]   16.46 
[10763 10752 10751 10750] -150.90 
[11005 11000 10999 10996] -133.70 
Mapping
Ligand acceptors to protein hydrogens (mapping then atom ids)
  1  18 [  7->7998]
Ligand hydrogens to protein acceptors (mapping then atom ids)
  2  15 [ 24->8028]
Ligand shape atoms to protein points (mapping then atom ids & coords)
  5  6503 [  8->(148.750 140.250 154.500)]
  9  8359 [ 14->(151.500 144.250 160.500)]
Chromosome values
Integers:
  17   -1   -1   14   -1   -1   -1   -1   -1 6502   -1   -1 
  -1 8358 
--------------------------------------------------------------------------------

Current Ranking  1

--------------------------------------------------------------------------------

* GA execution time :                                                           
  total  0.6207 user  0.6207 sys  0.0000

--------------------------------------------------------------------------------
Fitness function evaluations: 76884

--------------------------------------------------------------------------------
** Docking run number  2 **
--------------------------------------------------------------------------------
  Rank fitness base is 5000.00 ; increment is 11.2233

* Initialising population(s) ...                                                
Number of constraints mappings 0
Number of constraints 0
  Population no.                           :      1
  Population size                          :    100
  Number of duplicates                     :      0
  Number of niche violations               :      0
  Number of errors                         :   7578

Number of constraints mappings 0
Number of constraints 0
  Population no.                           :      2
  Population size                          :    100
  Number of duplicates                     :      0
  Number of niche violations               :      0
  Number of errors                         :   7738

Number of constraints mappings 0
Number of constraints 0
  Population no.                           :      3
  Population size                          :    100
  Number of duplicates                     :      0
  Number of niche violations               :      0
  Number of errors                         :   7867


Doing GA, no. of population(s) 3 size 100 selection pressure 1.100000

 Operation      Score     S(PLP)   S(hbond)     S(cho)   S(metal)  DE(clash)   DE(tors)     intcor
         0      17.86     -25.72       0.00       0.80       0.00       6.88       1.71       0.03
       439      18.75     -19.47       0.31       0.00       0.00       0.00       0.84       0.03
       748      22.81     -24.14       0.31       0.00       0.00       0.00       1.14       0.03
      1909      24.50     -18.54       2.00       0.80       0.00       0.00       1.24       0.03
      2348      25.06     -24.19       0.65       0.55       0.00       0.00       1.38       0.03
      2467      25.37     -21.08       0.99       1.00       0.00       0.00       0.86       0.03
      2572      28.87     -26.73       1.00       0.27       0.00       0.00       0.86       0.03
      3471      32.64     -25.00       1.50       1.63       0.00       0.00       0.90       0.03
      4698      33.87     -27.23       1.28       1.52       0.00       0.00       0.90       0.03
      6837      33.92     -26.33       1.46       1.66       0.00       0.00       0.90       0.03
      6867      35.78     -28.17       1.22       1.90       0.00       0.00       0.90       0.03
      8703      35.94     -28.36       1.21       1.91       0.00       0.00       0.90       0.03
     12384      36.10     -28.53       1.22       1.88       0.00       0.00       0.88       0.03
     14601      36.21     -28.45       1.23       1.91       0.00       0.00       0.83       0.03
     18101      36.92     -29.10       1.32       1.79       0.00       0.00       0.76       0.03
     20984      37.33     -29.11       1.32       1.92       0.00       0.00       0.76       0.03
     27467      37.39     -29.11       1.37       1.91       0.00       0.00       0.79       0.03
--------------------------------------------------------------------------------
Best docking solution after GA:
     31000      37.39     -29.11       1.37       1.91       0.00       0.00       0.79       0.03

#ops:      31000 #mutates:  14569 #cross:    14893 #migrate:   1538 
#dups:      6069 #niche:    14876 #errors:    1782 
--------------------------------------------------------------------------------

Doing AMOEBA simplex on best individual
Done simplexing #iterations 666, best score  42.55

Ligand is stored in gold_soln_AV-procd_m4246_2.sdf


--------------------------------------------------------------------------------
--- CHEMPLP breakdown of terms                                               ---
--------------------------------------------------------------------------------
CHEMPLP = - ( 1.0000*S(PLP) + -3.0000*S(hbond) + -6.0000*S(metal) + -3.0000*S(cho) )

Score = CHEMPLP - 1.0000*DE(clash) - 2.0000*DE(tors)

Internal energy term has been corrected with the best internal energy encountered.

--------------------------------------------------------------------------------


     Score     S(PLP)   S(hbond)     S(cho)   S(metal)  DE(clash)   DE(tors)     intcor
     42.55     -31.56       1.99       2.00       0.00       0.00       0.50       0.03

--------------------------------------------------------------------------------
--- PLP analysis of protein-ligand interactions                              ---
--------------------------------------------------------------------------------
hydrogen bonding        :      -2.00
metal                   :       0.00
buried (polar-nonpolar) :      -2.47
nonpolar                :     -28.44
repulsive               :       1.26
--------------------------------------------------------------------------------


--------------------------------------------------------------------------------
--- ChemScore analysis of protein-ligand interactions                        ---
--------------------------------------------------------------------------------

* Hydrogen bonds                                                                
Ligand donor    3 hydrogen   20 Protein acceptor 8028 bond energy  1.00 wt 0.99
Ligand donor   10 hydrogen   24 Protein acceptor 8028 bond energy  1.00 wt 1.00


* CH..O interactions                                                            
  CH group selection                       : activated ring CH (adjacent to hetatom)
Ligand carbon    6 hydrogen   22 Protein acceptor 7948 bond energy  1.00 wt 1.00
Ligand carbon    8 hydrogen   23 Protein acceptor 10175 bond energy  1.00 wt 1.00

--------------------------------------------------------------------------------


--------------------------------------------------------------------------------
--- Intra-ligand clashes                                                     ---
--------------------------------------------------------------------------------

Ligand
--------------------------------------------------------------------------------

--------------------------------------------------------------------------------
--- Rescoring solution                                                       ---
--------------------------------------------------------------------------------

     Score         DG    S(hbond)    S(metal)    S(lipo)     H(rot)  DE(clash)    DE(int)
     13.13     -16.51       0.96        0.00      93.46       1.22       2.59       0.79

Doing AMOEBA simplex on best individual
Done simplexing #iterations 600, best score  16.83

     Score         DG    S(hbond)    S(metal)    S(lipo)     H(rot)  DE(clash)    DE(int)
     16.83     -17.59       1.33        0.00      92.05       1.22       0.11       0.65

--------------------------------------------------------------------------------
--- ChemScore breakdown of terms                                             ---
--------------------------------------------------------------------------------
DG = -5.4800 + -3.3400*S(hbond)
     + -6.0300*S(metal) + -0.1170*S(lipo) + 2.5600*H(rot)


H(rot) = 1.2169

Score = -(DG + DE(clash) + DE(int))


--------------------------------------------------------------------------------


--------------------------------------------------------------------------------
--- ChemScore analysis of protein-ligand interactions                        ---
--------------------------------------------------------------------------------

* Hydrogen bonds                                                                
Ligand donor    3 hydrogen   20 Protein acceptor 8028 bond energy  1.00 wt 0.90
Ligand donor   10 hydrogen   24 Protein acceptor 8028 bond energy  1.00 wt 0.44

CHEMSCORE EXTRA INTERACTIONS:

* Clashes                                                                       
Clash for ligand atom   1 (**** ):   0.08
Clash for ligand atom  10 (**** ):   0.01
Clash for ligand atom  12 (**** ):   0.02
--------------------------------------------------------------------------------


--------------------------------------------------------------------------------
--- Chromosome decoded                                                       ---
--------------------------------------------------------------------------------
Ligand Torsions
[   4    3    2    1]   72.87
[  15   11    2    1]  -55.23
[   9    4    3    2]  139.35
Protein Torsions
[6907 6896 6895 6894]  -79.46 
[7974 7965 7964 7962]  127.99 
[8008 7997 7996 7995]  166.20 
[10167 10162 10161 10158]  -84.97 
[10718 10713 10712 10709]  -56.48 
[10763 10752 10751 10750]   81.76 
[11005 11000 10999 10996]  155.58 
Mapping
Ligand acceptors to protein hydrogens (mapping then atom ids)
Ligand hydrogens to protein acceptors (mapping then atom ids)
Ligand shape atoms to protein points (mapping then atom ids & coords)
  2  6906 [  2->(149.750 141.750 157.000)]
  5  5919 [  8->(147.500 141.250 154.000)]
  8  8331 [ 13->(151.500 144.000 158.250)]
  9  9606 [ 14->(153.000 143.500 159.750)]
Chromosome values
Integers:
  -1   -1   -1   -1   -1   -1 6905   -1   -1 5918   -1   -1 
8330 9605 
--------------------------------------------------------------------------------

Current Ranking  2  1

--------------------------------------------------------------------------------

* GA execution time :                                                           
  total  0.6100 user  0.6100 sys  0.0000

--------------------------------------------------------------------------------
Fitness function evaluations: 77699

--------------------------------------------------------------------------------
** Docking run number  3 **
--------------------------------------------------------------------------------
  Rank fitness base is 5000.00 ; increment is 11.2233

* Initialising population(s) ...                                                
Number of constraints mappings 0
Number of constraints 0
  Population no.                           :      1
  Population size                          :    100
  Number of duplicates                     :      0
  Number of niche violations               :      0
  Number of errors                         :   8021

Number of constraints mappings 0
Number of constraints 0
  Population no.                           :      2
  Population size                          :    100
  Number of duplicates                     :      0
  Number of niche violations               :      0
  Number of errors                         :   7878

Number of constraints mappings 0
Number of constraints 0
  Population no.                           :      3
  Population size                          :    100
  Number of duplicates                     :      0
  Number of niche violations               :      0
  Number of errors                         :   7840


Doing GA, no. of population(s) 3 size 100 selection pressure 1.100000

 Operation      Score     S(PLP)   S(hbond)     S(cho)   S(metal)  DE(clash)   DE(tors)     intcor
         0      20.34     -17.72       1.04       0.32       0.00       0.00       0.73       0.03
      1180      22.93     -21.06       1.55       0.00       0.00       0.00       1.40       0.03
      1302      24.52     -22.05       1.00       0.00       0.00       0.00       0.28       0.03
      3368      24.93     -22.30       1.00       0.00       0.00       0.00       0.20       0.03
      4139      25.29     -20.11       1.80       0.59       0.00       0.21       0.90       0.03
      4415      25.96     -20.63       1.84       0.59       0.00       0.21       0.90       0.03
      4905      26.88     -18.99       1.95       0.83       0.00       0.00       0.24       0.03
      6902      28.01     -20.94       1.75       1.00       0.00       0.00       0.60       0.03
     10933      28.03     -20.27       1.80       0.89       0.00       0.00       0.16       0.03
     12170      29.97     -21.85       1.90       1.00       0.00       0.00       0.30       0.03
     19697      30.06     -22.08       1.90       1.00       0.00       0.00       0.37       0.03
     24824      30.07     -22.17       1.90       1.00       0.00       0.00       0.42       0.03
     27116      30.45     -22.32       1.95       1.00       0.00       0.00       0.37       0.03
     30014      30.58     -22.71       1.85       1.00       0.00       0.00       0.36       0.03
     30065      31.53     -24.70       0.61       1.92       0.00       0.00       0.40       0.03
     30467      31.59     -24.69       0.61       1.92       0.00       0.00       0.36       0.03
--------------------------------------------------------------------------------
Best docking solution after GA:
     31000      31.59     -24.69       0.61       1.92       0.00       0.00       0.36       0.03

#ops:      31000 #mutates:  14688 #cross:    14682 #migrate:   1630 
#dups:      5201 #niche:    13880 #errors:    1301 
--------------------------------------------------------------------------------

Doing AMOEBA simplex on best individual
Done simplexing #iterations 808, best score  41.39

Ligand is stored in gold_soln_AV-procd_m4246_3.sdf


--------------------------------------------------------------------------------
--- CHEMPLP breakdown of terms                                               ---
--------------------------------------------------------------------------------
CHEMPLP = - ( 1.0000*S(PLP) + -3.0000*S(hbond) + -6.0000*S(metal) + -3.0000*S(cho) )

Score = CHEMPLP - 1.0000*DE(clash) - 2.0000*DE(tors)

Internal energy term has been corrected with the best internal energy encountered.

--------------------------------------------------------------------------------


     Score     S(PLP)   S(hbond)     S(cho)   S(metal)  DE(clash)   DE(tors)     intcor
     41.39     -30.34       1.90       1.89       0.00       0.00       0.17       0.03

--------------------------------------------------------------------------------
--- PLP analysis of protein-ligand interactions                              ---
--------------------------------------------------------------------------------
hydrogen bonding        :      -2.00
metal                   :       0.00
buried (polar-nonpolar) :      -5.14
nonpolar                :     -26.14
repulsive               :       1.16
--------------------------------------------------------------------------------


--------------------------------------------------------------------------------
--- ChemScore analysis of protein-ligand interactions                        ---
--------------------------------------------------------------------------------

* Hydrogen bonds                                                                
Ligand donor    3 hydrogen   20 Protein acceptor 8028 bond energy  1.00 wt 1.00
Ligand donor   10 hydrogen   24 Protein acceptor 8028 bond energy  1.00 wt 0.90


* CH..O interactions                                                            
  CH group selection                       : activated ring CH (adjacent to hetatom)
Ligand carbon    6 hydrogen   22 Protein acceptor 7948 bond energy  1.00 wt 1.00
Ligand carbon    8 hydrogen   23 Protein acceptor 10175 bond energy  1.00 wt 0.89

--------------------------------------------------------------------------------


--------------------------------------------------------------------------------
--- Intra-ligand clashes                                                     ---
--------------------------------------------------------------------------------

Ligand
--------------------------------------------------------------------------------

--------------------------------------------------------------------------------
--- Rescoring solution                                                       ---
--------------------------------------------------------------------------------

     Score         DG    S(hbond)    S(metal)    S(lipo)     H(rot)  DE(clash)    DE(int)
     12.16     -13.72       0.59        0.00      80.22       1.22       0.16       1.40

Doing AMOEBA simplex on best individual
Done simplexing #iterations 791, best score  15.13

     Score         DG    S(hbond)    S(metal)    S(lipo)     H(rot)  DE(clash)    DE(int)
     15.13     -15.39       1.01        0.00      82.56       1.22       0.02       0.25

--------------------------------------------------------------------------------
--- ChemScore breakdown of terms                                             ---
--------------------------------------------------------------------------------
DG = -5.4800 + -3.3400*S(hbond)
     + -6.0300*S(metal) + -0.1170*S(lipo) + 2.5600*H(rot)


H(rot) = 1.2169

Score = -(DG + DE(clash) + DE(int))


--------------------------------------------------------------------------------


--------------------------------------------------------------------------------
--- ChemScore analysis of protein-ligand interactions                        ---
--------------------------------------------------------------------------------

* Hydrogen bonds                                                                
Ligand donor    3 hydrogen   20 Protein acceptor 8028 bond energy  1.00 wt 0.99
Ligand donor   10 hydrogen   24 Protein acceptor 8028 bond energy  1.00 wt 0.01

CHEMSCORE EXTRA INTERACTIONS:

* Clashes                                                                       
Clash for ligand atom   1 (**** ):   0.01
--------------------------------------------------------------------------------


--------------------------------------------------------------------------------
--- Chromosome decoded                                                       ---
--------------------------------------------------------------------------------
Ligand Torsions
[   4    3    2    1]   63.93
[  15   11    2    1]  -63.50
[   9    4    3    2]  162.00
Protein Torsions
[6907 6896 6895 6894] -159.14 
[7974 7965 7964 7962] -160.93 
[8008 7997 7996 7995]  -24.87 
[10167 10162 10161 10158]   73.82 
[10718 10713 10712 10709]   25.28 
[10763 10752 10751 10750]   20.97 
[11005 11000 10999 10996]    5.15 
Mapping
Ligand acceptors to protein hydrogens (mapping then atom ids)
Ligand hydrogens to protein acceptors (mapping then atom ids)
Ligand shape atoms to protein points (mapping then atom ids & coords)
  2  6996 [  2->(150.000 141.250 156.750)]
  4  6009 [  6->(147.750 139.750 154.250)]
  5  5753 [  8->(147.250 140.000 154.250)]
Chromosome values
Integers:
  -1   -1   -1   -1   -1   -1 6995   -1 6008 5752   -1   -1 
  -1   -1 
--------------------------------------------------------------------------------

Current Ranking  2  3  1

--------------------------------------------------------------------------------

* GA execution time :                                                           
  total  0.6165 user  0.6165 sys  0.0000

--------------------------------------------------------------------------------
Fitness function evaluations: 78962

--------------------------------------------------------------------------------
** Docking run number  4 **
--------------------------------------------------------------------------------
  Rank fitness base is 5000.00 ; increment is 11.2233

* Initialising population(s) ...                                                
Number of constraints mappings 0
Number of constraints 0
  Population no.                           :      1
  Population size                          :    100
  Number of duplicates                     :      0
  Number of niche violations               :      0
  Number of errors                         :   7482

Number of constraints mappings 0
Number of constraints 0
  Population no.                           :      2
  Population size                          :    100
  Number of duplicates                     :      0
  Number of niche violations               :      0
  Number of errors                         :   7648

Number of constraints mappings 0
Number of constraints 0
  Population no.                           :      3
  Population size                          :    100
  Number of duplicates                     :      0
  Number of niche violations               :      0
  Number of errors                         :   7831


Doing GA, no. of population(s) 3 size 100 selection pressure 1.100000

 Operation      Score     S(PLP)   S(hbond)     S(cho)   S(metal)  DE(clash)   DE(tors)     intcor
         0      17.95     -23.31       0.00       0.00       0.00       2.76       1.32       0.03
       116      18.24     -14.42       1.63       0.94       0.00       0.00       1.96       0.03
       671      18.66     -19.53       1.33       0.00       0.00       1.94       1.48       0.03
       734      23.71     -20.15       1.33       0.00       0.00       0.00       0.23       0.03
      2887      26.24     -23.38       1.10       0.00       0.00       0.00       0.23       0.03
      3204      27.56     -25.86       0.96       0.00       0.00       0.00       0.60       0.03
      5178      28.61     -26.79       1.00       0.00       0.00       0.00       0.60       0.03
      7321      28.69     -26.78       1.00       0.00       0.00       0.00       0.56       0.03
      7759      29.05     -27.89       1.13       0.00       0.00       0.00       1.13       0.03
      9739      30.36     -28.93       1.13       0.00       0.00       0.00       1.00       0.03
      9949      33.07     -30.46       1.52       0.00       0.00       0.00       1.00       0.03
     12806      33.32     -30.68       1.55       0.00       0.00       0.00       1.02       0.03
     16873      34.00     -31.46       1.50       0.00       0.00       0.00       1.00       0.03
     19315      34.05     -31.43       1.51       0.00       0.00       0.00       0.97       0.03
--------------------------------------------------------------------------------
Best docking solution after GA:
     31000      34.05     -31.43       1.51       0.00       0.00       0.00       0.97       0.03

#ops:      31000 #mutates:  14687 #cross:    14709 #migrate:   1604 
#dups:      6903 #niche:    14241 #errors:    2391 
--------------------------------------------------------------------------------

Doing AMOEBA simplex on best individual
Done simplexing #iterations 679, best score  36.97

Ligand is stored in gold_soln_AV-procd_m4246_4.sdf


--------------------------------------------------------------------------------
--- CHEMPLP breakdown of terms                                               ---
--------------------------------------------------------------------------------
CHEMPLP = - ( 1.0000*S(PLP) + -3.0000*S(hbond) + -6.0000*S(metal) + -3.0000*S(cho) )

Score = CHEMPLP - 1.0000*DE(clash) - 2.0000*DE(tors)

Internal energy term has been corrected with the best internal energy encountered.

--------------------------------------------------------------------------------


     Score     S(PLP)   S(hbond)     S(cho)   S(metal)  DE(clash)   DE(tors)     intcor
     36.97     -32.73       2.00       0.00       0.00       0.00       0.90       0.03

--------------------------------------------------------------------------------
--- PLP analysis of protein-ligand interactions                              ---
--------------------------------------------------------------------------------
hydrogen bonding        :      -2.42
metal                   :       0.00
buried (polar-nonpolar) :      -1.07
nonpolar                :     -29.17
repulsive               :       0.22
--------------------------------------------------------------------------------


--------------------------------------------------------------------------------
--- ChemScore analysis of protein-ligand interactions                        ---
--------------------------------------------------------------------------------

* Hydrogen bonds                                                                
Ligand donor    3 hydrogen   20 Protein acceptor 8028 bond energy  1.00 wt 1.00
Ligand donor   10 hydrogen   24 Protein acceptor 8028 bond energy  1.00 wt 1.00


* CH..O interactions                                                            
  CH group selection                       : activated ring CH (adjacent to hetatom)

--------------------------------------------------------------------------------


--------------------------------------------------------------------------------
--- Intra-ligand clashes                                                     ---
--------------------------------------------------------------------------------

Ligand
--------------------------------------------------------------------------------

--------------------------------------------------------------------------------
--- Rescoring solution                                                       ---
--------------------------------------------------------------------------------

     Score         DG    S(hbond)    S(metal)    S(lipo)     H(rot)  DE(clash)    DE(int)
     13.47     -16.11       1.03        0.00      87.94       1.22       0.29       2.35

Doing AMOEBA simplex on best individual
Done simplexing #iterations 609, best score  14.27

     Score         DG    S(hbond)    S(metal)    S(lipo)     H(rot)  DE(clash)    DE(int)
     14.27     -16.71       1.04        0.00      92.93       1.22       0.06       2.39

--------------------------------------------------------------------------------
--- ChemScore breakdown of terms                                             ---
--------------------------------------------------------------------------------
DG = -5.4800 + -3.3400*S(hbond)
     + -6.0300*S(metal) + -0.1170*S(lipo) + 2.5600*H(rot)


H(rot) = 1.2169

Score = -(DG + DE(clash) + DE(int))


--------------------------------------------------------------------------------


--------------------------------------------------------------------------------
--- ChemScore analysis of protein-ligand interactions                        ---
--------------------------------------------------------------------------------

* Hydrogen bonds                                                                
Ligand donor    3 hydrogen   20 Protein acceptor 8028 bond energy  1.00 wt 1.00
Ligand donor   10 hydrogen   24 Protein acceptor 8028 bond energy  1.00 wt 0.04

CHEMSCORE EXTRA INTERACTIONS:

* Clashes                                                                       
Clash for ligand atom  11 (**** ):   0.04
Clash for ligand atom  12 (**** ):   0.01
--------------------------------------------------------------------------------


--------------------------------------------------------------------------------
--- Chromosome decoded                                                       ---
--------------------------------------------------------------------------------
Ligand Torsions
[   4    3    2    1]  163.32
[  15   11    2    1] -147.23
[   9    4    3    2] -171.83
Protein Torsions
[6907 6896 6895 6894]   92.04 
[7974 7965 7964 7962] -109.52 
[8008 7997 7996 7995]   46.07 
[10167 10162 10161 10158]    8.11 
[10718 10713 10712 10709]  123.67 
[10763 10752 10751 10750]   65.47 
[11005 11000 10999 10996]  -26.79 
Mapping
Ligand acceptors to protein hydrogens (mapping then atom ids)
Ligand hydrogens to protein acceptors (mapping then atom ids)
Ligand shape atoms to protein points (mapping then atom ids & coords)
  1  6526 [  1->(148.750 141.500 155.000)]
  2  7000 [  2->(150.000 141.500 156.500)]
  4  9760 [  6->(154.000 140.750 160.750)]
  5  7803 [  8->(151.000 143.750 158.500)]
  6  6996 [ 11->(150.000 141.250 156.750)]
Chromosome values
Integers:
  -1   -1   -1   -1   -1 6525 6999   -1 9759 7802 6995   -1 
  -1   -1 
--------------------------------------------------------------------------------

Current Ranking  2  3  1  4

--------------------------------------------------------------------------------

* GA execution time :                                                           
  total  0.5985 user  0.5985 sys  0.0000

--------------------------------------------------------------------------------
Fitness function evaluations: 77180

--------------------------------------------------------------------------------
** Docking run number  5 **
--------------------------------------------------------------------------------
  Rank fitness base is 5000.00 ; increment is 11.2233

* Initialising population(s) ...                                                
Number of constraints mappings 0
Number of constraints 0
  Population no.                           :      1
  Population size                          :    100
  Number of duplicates                     :      0
  Number of niche violations               :      0
  Number of errors                         :   7753

Number of constraints mappings 0
Number of constraints 0
  Population no.                           :      2
  Population size                          :    100
  Number of duplicates                     :      0
  Number of niche violations               :      0
  Number of errors                         :   7775

Number of constraints mappings 0
Number of constraints 0
  Population no.                           :      3
  Population size                          :    100
  Number of duplicates                     :      0
  Number of niche violations               :      0
  Number of errors                         :   7587


Doing GA, no. of population(s) 3 size 100 selection pressure 1.100000

 Operation      Score     S(PLP)   S(hbond)     S(cho)   S(metal)  DE(clash)   DE(tors)     intcor
         0      23.99     -28.52       1.00       0.44       0.00       6.99       0.94       0.03
      1344      24.06     -20.70       1.49       0.00       0.00       0.00       0.57       0.03
      1660      25.18     -26.65       0.00       0.00       0.00       0.00       0.75       0.03
      2553      26.52     -22.29       1.78       0.00       0.00       0.00       0.57       0.03
      5527      26.76     -24.47       1.37       0.00       0.00       0.00       0.94       0.03
      6499      28.72     -25.40       1.72       0.00       0.00       0.00       0.94       0.03
      8229      30.23     -26.65       1.81       0.00       0.00       0.00       0.94       0.03
      9654      34.76     -26.03       1.75       1.91       0.00       0.00       1.14       0.03
     20813      35.66     -26.36       1.82       2.00       0.00       0.00       1.09       0.03
     24435      35.95     -26.45       1.85       2.00       0.00       0.00       1.03       0.03
     28704      35.95     -26.45       1.85       2.00       0.00       0.00       1.03       0.03
     30746      35.98     -26.00       1.91       2.00       0.00       0.00       0.89       0.03
--------------------------------------------------------------------------------
Best docking solution after GA:
     31000      35.98     -26.00       1.91       2.00       0.00       0.00       0.89       0.03

#ops:      31000 #mutates:  14707 #cross:    14701 #migrate:   1592 
#dups:      5745 #niche:    12647 #errors:    1950 
--------------------------------------------------------------------------------

Doing AMOEBA simplex on best individual
Done simplexing #iterations 723, best score  40.93

Ligand is stored in gold_soln_AV-procd_m4246_5.sdf


--------------------------------------------------------------------------------
--- CHEMPLP breakdown of terms                                               ---
--------------------------------------------------------------------------------
CHEMPLP = - ( 1.0000*S(PLP) + -3.0000*S(hbond) + -6.0000*S(metal) + -3.0000*S(cho) )

Score = CHEMPLP - 1.0000*DE(clash) - 2.0000*DE(tors)

Internal energy term has been corrected with the best internal energy encountered.

--------------------------------------------------------------------------------


     Score     S(PLP)   S(hbond)     S(cho)   S(metal)  DE(clash)   DE(tors)     intcor
     40.93     -30.10       2.00       2.00       0.00       0.00       0.60       0.03

--------------------------------------------------------------------------------
--- PLP analysis of protein-ligand interactions                              ---
--------------------------------------------------------------------------------
hydrogen bonding        :      -2.00
metal                   :       0.00
buried (polar-nonpolar) :      -4.31
nonpolar                :     -25.40
repulsive               :       1.59
--------------------------------------------------------------------------------


--------------------------------------------------------------------------------
--- ChemScore analysis of protein-ligand interactions                        ---
--------------------------------------------------------------------------------

* Hydrogen bonds                                                                
Ligand donor    3 hydrogen   20 Protein acceptor 8028 bond energy  1.00 wt 1.00
Ligand donor   10 hydrogen   24 Protein acceptor 8028 bond energy  1.00 wt 1.00


* CH..O interactions                                                            
  CH group selection                       : activated ring CH (adjacent to hetatom)
Ligand carbon    6 hydrogen   22 Protein acceptor 7948 bond energy  1.00 wt 1.00
Ligand carbon    8 hydrogen   23 Protein acceptor 10175 bond energy  1.00 wt 1.00

--------------------------------------------------------------------------------


--------------------------------------------------------------------------------
--- Intra-ligand clashes                                                     ---
--------------------------------------------------------------------------------

Ligand
--------------------------------------------------------------------------------

--------------------------------------------------------------------------------
--- Rescoring solution                                                       ---
--------------------------------------------------------------------------------

     Score         DG    S(hbond)    S(metal)    S(lipo)     H(rot)  DE(clash)    DE(int)
     12.04     -16.57       1.13        0.00      89.01       1.22       3.07       1.46

Doing AMOEBA simplex on best individual
Done simplexing #iterations 781, best score  17.27

     Score         DG    S(hbond)    S(metal)    S(lipo)     H(rot)  DE(clash)    DE(int)
     17.27     -18.41       1.74        0.00      87.39       1.22       0.27       0.88

--------------------------------------------------------------------------------
--- ChemScore breakdown of terms                                             ---
--------------------------------------------------------------------------------
DG = -5.4800 + -3.3400*S(hbond)
     + -6.0300*S(metal) + -0.1170*S(lipo) + 2.5600*H(rot)


H(rot) = 1.2169

Score = -(DG + DE(clash) + DE(int))


--------------------------------------------------------------------------------


--------------------------------------------------------------------------------
--- ChemScore analysis of protein-ligand interactions                        ---
--------------------------------------------------------------------------------

* Hydrogen bonds                                                                
Ligand donor    3 hydrogen   20 Protein acceptor 8028 bond energy  1.00 wt 0.86
Ligand donor   10 hydrogen   24 Protein acceptor 8028 bond energy  1.00 wt 0.88

CHEMSCORE EXTRA INTERACTIONS:

* Clashes                                                                       
Clash for ligand atom   1 (**** ):   0.05
Clash for ligand atom  10 (**** ):   0.15
Clash for ligand atom  12 (**** ):   0.07
--------------------------------------------------------------------------------


--------------------------------------------------------------------------------
--- Chromosome decoded                                                       ---
--------------------------------------------------------------------------------
Ligand Torsions
[   4    3    2    1]   66.33
[  15   11    2    1] -155.83
[   9    4    3    2]  152.22
Protein Torsions
[6907 6896 6895 6894]  -14.07 
[7974 7965 7964 7962] -156.22 
[8008 7997 7996 7995]  137.47 
[10167 10162 10161 10158] -145.12 
[10718 10713 10712 10709]    6.78 
[10763 10752 10751 10750]  -11.75 
[11005 11000 10999 10996]  165.54 
Mapping
Ligand acceptors to protein hydrogens (mapping then atom ids)
Ligand hydrogens to protein acceptors (mapping then atom ids)
Ligand shape atoms to protein points (mapping then atom ids & coords)
  5  5324 [  8->(146.750 140.500 153.250)]
  8  8620 [ 13->(151.750 144.250 159.250)]
  9  7388 [ 14->(150.500 144.500 159.000)]
Chromosome values
Integers:
  -1   -1   -1   -1   -1   -1   -1   -1   -1 5323   -1   -1 
8619 7387 
--------------------------------------------------------------------------------

Current Ranking  2  3  5  1  4

Top  3 (of  5) solutions are within 1.500 RMSD, finishing docking /DATA2/COVID-19/PDBs_&_Models/AV-procd.sdf.


--------------------------------------------------------------------------------

* GA execution time :                                                           
  total  0.6154 user  0.6154 sys  0.0000

--------------------------------------------------------------------------------
Fitness function evaluations: 77934

--------------------------------------------------------------------------------
--- Ranking analysis                                                         ---
--------------------------------------------------------------------------------


* Final ranked order of GA solutions:                                           
   2  3  5  1  4 

  _______________________________
  RMSD Matrix of RANKED solutions

        2    3    4    5  

   1 :  0.4  0.9  2.1  5.7
   2 :       0.9  2.1  5.7
   3 :            2.2  5.8
   4 :                 5.5

  Clustering method                        : complete linkage
  Structure ids in cluster table           : rank nos.
  Ordering of clusters and their members   : by rank (order if from rms_analysis)

  Distance | Clusters
   0.42    |  1  2 |  3 |  4 |  5 |
   0.90    |  1  2  3 |  4 |  5 |
   2.22    |  1  2  3  4 |  5 |
   5.82    |  1  2  3  4  5 |
  Finished Docking Ligand                  : /DATA2/COVID-19/PDBs_&_Models/AV-procd.sdf
--------------------------------------------------------------------------------

  Relative_Ligand_Energy (best encountered) :   0.031
  Relative_Ligand_Energy: fitness values have been corrected using this amount
