
--------------------------------------------------------------------------------
--- Ligand                                                                   ---
--------------------------------------------------------------------------------
  Ligand loaded from file                  : /DATA2/COVID-19/PDBs_&_Models/AV-procd.sdf
  Ligand name                              :  
  "AV-unprocessed.smi:1392                                                  "

--------------------------------------------------------------------------------
  N.plc donors                             : 
  pro:   19 
  

  Acidic nitrogen acceptors                : 
  none found
  Sulfur acceptors                         :
  none found


  Donor atoms                              :      3
  8   11  19  
  Acceptor atoms                           :      2
  10  16  

  Hydrogens                                :  (n = 3)
  28   29   40   

  Lone pairs added to molecule             :      4
  Numbering                                : from 41 to 44
  Choline groups                           : 
   

--------------------------------------------------------------------------------
--- Postprocessing of typing                                                 ---
--------------------------------------------------------------------------------
  Fragment file                            : /home/scv26/CCDC/Discovery_2020/GOLD/gold/rotatable_bond_override.mol2
  acylurea fragment                        : no matches
  thioacylthiourea fragment                : no matches
  acylthiourea fragment                    : no matches
  thioacylurea fragment                    : no matches
  diarylamine fragment >C.ar-NH-C.ar<      : no matches
  sec-amine (1) fragment                   : no matches
  sec-amine (2) fragment                   : 1 matches
  Ligand bond 2-4  set to 1
  Ligand bond 2-1  set to 1
  Ligand bond 2-3  set to 1
  sec-amine (3) fragment                   : no matches
  carboxylic ester                         : no matches

* Rotatable bonds in /DATA2/COVID-19/PDBs  :
  [   2    4] [   7    8] [  11   12] [  12   13] 
  No. of rotatable bonds                   :      4


* Fragments found in /DATA2/COVID-19/PDBs  :
  atom  13: ribose
  atom  14: ribose
  atom  15: ribose
  atom  16: ribose
  atom  17: ribose


* Checking torsion distributions:                                               
  Rotatable bond [ 6  7  8  9] matches torsion: aromatic amide
   C.ar ( 1H ) | C.ar | N.am ( 1H ) | C.2 ( O.2 ) 
  No. of matched torsions                  :      1

--------------------------------------------------------------------------------
--- Shape fitting atoms selection (hydrophobic atoms)                        ---
--------------------------------------------------------------------------------
  Molecule                                 : /DATA2/COVID-19/PDBs_&_Models/AV-procd.sdf
  Selection                                : carbons only
  Atom numbers                             :  (n = 10)
  1    3    5    6    12   13   14   15   17   18   
  


--------------------------------------------------------------------------------
--- ChemScore ligand setup summary                                           ---
--------------------------------------------------------------------------------
  ChemScore ligand acceptors               :      2
  10 16 
  ChemScore ligand donors                  :      3
  8 ( 28  ) 11 ( 29  ) 19 ( 40 [+]  ) 
  ChemScore ligand CH donors               :      0
  

  ChemScore ligand lipophilic atoms        :  (n = 11)
  1    3    5    6    7    12   13   14   15   17   
  18   

  ChemScore ligand rotatable bonds         :      4
  2   (****) - 4   (****): SP2_SP2_BOND
  7   (****) - 8   (****): SP2_SP2_BOND
  11  (****) - 12  (****): SP3_SP2_BOND
  12  (****) - 13  (****): SP3_SP3_BOND

--------------------------------------------------------------------------------
--- PLP ligand setup summary                                                 ---
--------------------------------------------------------------------------------
    1  ****   C.3 NONPOLAR
    2  **** N.pl3 NONPOLAR
    3  ****   C.3 NONPOLAR
    4  ****  C.ar NONPOLAR
    5  ****  C.ar NONPOLAR
    6  ****  C.ar NONPOLAR
    7  ****  C.ar NONPOLAR
    8  ****  N.am DONOR
    9  ****   C.2 NONPOLAR
   10  ****   O.2 ACCEPTOR
   11  ****  N.am DONOR
   12  ****   C.3 NONPOLAR
   13  ****   C.3 NONPOLAR
   14  ****   C.3 NONPOLAR
   15  ****   C.3 NONPOLAR
   16  ****   O.3 ACCEPTOR
   17  ****   C.3 NONPOLAR
   18  ****  C.ar NONPOLAR
   19  **** N.pl3 DONOR


--------------------------------------------------------------------------------
--- Automatic parameter setting                                              ---
--------------------------------------------------------------------------------
  Contribution base                        :   2500
  Contribution per rotatable bond          :   6000
  Contribution per df                      :   4000
  Contribution per water                   :  10000
  Ligand rotatable bonds                   :      4
  Protein flexible side chain bonds        :      0
  Total rotatable bonds                    :      4
  Hydrophobic vol ratio (P/L)              :   2.307
  Base multiplier (polar)                  :   1.000
  Base multiplier (apolar)                 :   4.614
  Base contribution                        : 12500.000
  Fitting points                           :      5
  Estimated maxops needed (optimal)        :  37000

--------------------------------------------------------------------------------

* Population settings                                                           
  maxops                                   :  37000
  popsiz                                   :    100
  select_pressure                          :   1.100
  n_islands                                :      3
  niche_siz                                :      2

* GA settings                                                                   
  pt_crosswt                               :     95
  allele_mutatewt                          :     95
  migratewt                                :     10

* Search settings                                                               
  start_vdw_linear_cutoff                  :   4.000
  initial_virtual_pt_match_max             :   3.000

--------------------------------------------------------------------------------

* Ligand initialisation time :                                                  
  total  0.0069 user  0.0029 sys  0.0040

--------------------------------------------------------------------------------

--------------------------------------------------------------------------------
** Docking run number  1 **
--------------------------------------------------------------------------------
  Rank fitness base is 5000.00 ; increment is 11.2233

* Initialising population(s) ...                                                
Number of constraints mappings 0
Number of constraints 0
  Population no.                           :      1
  Population size                          :    100
  Number of duplicates                     :      0
  Number of niche violations               :      0
  Number of errors                         :   5351

Number of constraints mappings 0
Number of constraints 0
  Population no.                           :      2
  Population size                          :    100
  Number of duplicates                     :      0
  Number of niche violations               :      0
  Number of errors                         :   5527

Number of constraints mappings 0
Number of constraints 0
  Population no.                           :      3
  Population size                          :    100
  Number of duplicates                     :      0
  Number of niche violations               :      0
  Number of errors                         :   5388


Doing GA, no. of population(s) 3 size 100 selection pressure 1.100000

 Operation      Score     S(PLP)   S(hbond)     S(cho)   S(metal)  DE(clash)   DE(tors)     intcor
         0      20.15     -18.45       1.01       0.00       0.00       0.00       0.70       0.06
        99      20.68     -18.89       1.06       0.00       0.00       0.00       0.72       0.06
       680      21.27     -18.95       1.47       0.00       0.00       0.11       1.02       0.06
       744      21.90     -19.77       1.06       0.00       0.00       0.00       0.55       0.06
       881      26.24     -26.68       0.82       0.00       0.00       0.00       1.47       0.06
      3035      29.60     -23.61       2.62       0.00       0.00       0.00       0.96       0.06
      7516      29.77     -23.67       2.63       0.00       0.00       0.00       0.92       0.06
      8806      30.67     -28.01       2.00       0.00       0.00       0.00       1.69       0.06
      9470      30.78     -26.06       1.66       0.00       0.00       0.00       0.16       0.06
     10270      32.69     -27.75       1.98       0.00       0.00       0.00       0.52       0.06
     10955      33.83     -28.09       2.00       0.00       0.00       0.00       0.16       0.06
     14220      35.50     -30.49       2.00       0.00       0.00       0.00       0.52       0.06
     14988      35.58     -30.58       2.00       0.00       0.00       0.00       0.52       0.04
     15470      35.60     -30.55       2.00       0.00       0.00       0.00       0.50       0.04
     17399      36.51     -31.46       2.00       0.00       0.00       0.00       0.50       0.04
     18582      36.81     -31.81       2.00       0.00       0.00       0.00       0.52       0.04
     19747      36.83     -31.61       2.00       0.00       0.00       0.00       0.41       0.04
     21061      36.92     -31.73       2.00       0.00       0.00       0.00       0.43       0.04
     21221      36.99     -32.02       1.98       0.00       0.00       0.00       0.50       0.04
     22060      37.05     -31.88       2.00       0.00       0.00       0.00       0.43       0.04
     23135      37.31     -32.09       2.00       0.00       0.00       0.00       0.41       0.04
     23855      37.32     -32.14       2.00       0.00       0.00       0.00       0.43       0.04
     26010      38.15     -30.88       2.70       0.00       0.00       0.00       0.43       0.04
     34664      38.22     -30.91       2.72       0.00       0.00       0.00       0.45       0.04
     35468      38.24     -30.92       2.72       0.00       0.00       0.00       0.45       0.04
     35590      38.28     -30.97       2.71       0.00       0.00       0.00       0.44       0.04
     36008      38.31     -31.07       2.71       0.00       0.00       0.00       0.46       0.04
     36916      38.33     -31.17       2.67       0.00       0.00       0.00       0.44       0.04
--------------------------------------------------------------------------------
Best docking solution after GA:
     37000      38.33     -31.17       2.67       0.00       0.00       0.00       0.44       0.04

#ops:      37000 #mutates:  17502 #cross:    17626 #migrate:   1872 
#dups:     11112 #niche:    17950 #errors:    2306 
--------------------------------------------------------------------------------

Doing AMOEBA simplex on best individual
Done simplexing #iterations 750, best score  40.27

Ligand is stored in gold_soln_AV-procd_m5660_1.sdf


--------------------------------------------------------------------------------
--- CHEMPLP breakdown of terms                                               ---
--------------------------------------------------------------------------------
CHEMPLP = - ( 1.0000*S(PLP) + -3.0000*S(hbond) + -6.0000*S(metal) + -3.0000*S(cho) )

Score = CHEMPLP - 1.0000*DE(clash) - 2.0000*DE(tors)

Internal energy term has been corrected with the best internal energy encountered.

--------------------------------------------------------------------------------


     Score     S(PLP)   S(hbond)     S(cho)   S(metal)  DE(clash)   DE(tors)     intcor
     40.27     -33.37       2.61       0.00       0.00       0.00       0.49       0.04

--------------------------------------------------------------------------------
--- PLP analysis of protein-ligand interactions                              ---
--------------------------------------------------------------------------------
hydrogen bonding        :      -4.00
metal                   :       0.00
buried (polar-nonpolar) :      -2.60
nonpolar                :     -32.56
repulsive               :       6.31
--------------------------------------------------------------------------------


--------------------------------------------------------------------------------
--- ChemScore analysis of protein-ligand interactions                        ---
--------------------------------------------------------------------------------

* Hydrogen bonds                                                                
Ligand donor    8 hydrogen   28 Protein acceptor 10175 bond energy  1.00 wt 1.00
Ligand donor   11 hydrogen   29 Protein acceptor 10175 bond energy  1.00 wt 0.99
Ligand donor   19 hydrogen   40 Protein acceptor 7921 bond energy  1.00 wt 0.62


* CH..O interactions                                                            
  CH group selection                       : activated ring CH (adjacent to hetatom)

--------------------------------------------------------------------------------


--------------------------------------------------------------------------------
--- Intra-ligand clashes                                                     ---
--------------------------------------------------------------------------------

Ligand
--------------------------------------------------------------------------------

--------------------------------------------------------------------------------
--- Rescoring solution                                                       ---
--------------------------------------------------------------------------------

     Score         DG    S(hbond)    S(metal)    S(lipo)     H(rot)  DE(clash)    DE(int)
     12.08     -18.42       2.22        0.00      74.09       1.23       5.25       1.09

Doing AMOEBA simplex on best individual
Done simplexing #iterations 731, best score  14.33

     Score         DG    S(hbond)    S(metal)    S(lipo)     H(rot)  DE(clash)    DE(int)
     14.33     -23.43       3.54        0.00      79.31       1.23       8.06       1.04

--------------------------------------------------------------------------------
--- ChemScore breakdown of terms                                             ---
--------------------------------------------------------------------------------
DG = -5.4800 + -3.3400*S(hbond)
     + -6.0300*S(metal) + -0.1170*S(lipo) + 2.5600*H(rot)


H(rot) = 1.2268

Score = -(DG + DE(clash) + DE(int))


--------------------------------------------------------------------------------


--------------------------------------------------------------------------------
--- ChemScore analysis of protein-ligand interactions                        ---
--------------------------------------------------------------------------------

* Hydrogen bonds                                                                
Ligand donor    8 hydrogen   28 Protein acceptor 10175 bond energy  1.00 wt 0.92
Ligand donor   11 hydrogen   29 Protein acceptor 10175 bond energy  1.00 wt 0.76
Ligand donor   19 hydrogen   40 Protein acceptor 7921 bond energy  1.00 wt 0.87
Protein donor 7954 hydrogen 7966 Ligand acceptor   10 bond energy  1.00 wt 0.98

CHEMSCORE EXTRA INTERACTIONS:

* Clashes                                                                       
Clash for ligand atom   3 (**** ):   0.42
Clash for ligand atom   7 (**** ):   1.50
Clash for ligand atom  10 (**** ):   2.87
Clash for ligand atom  12 (**** ):   2.72
Clash for ligand atom  13 (**** ):   0.12
Clash for ligand atom  18 (**** ):   0.42
--------------------------------------------------------------------------------


--------------------------------------------------------------------------------
--- Chromosome decoded                                                       ---
--------------------------------------------------------------------------------
Ligand Torsions
[   1    2    4   19]    7.30
[   6    7    8    9]  140.19    matched torsion: aromatic amide
[  13   12   11    9] -156.80
[  17   13   12   11]   55.61
Protein Torsions
[6907 6896 6895 6894]  -76.41 
[7974 7965 7964 7962]  -14.03 
[8008 7997 7996 7995]  -34.09 
[10167 10162 10161 10158]  -73.17 
[10718 10713 10712 10709]  132.63 
[10763 10752 10751 10750]  -66.38 
[11005 11000 10999 10996]   69.92 
Mapping
Ligand acceptors to protein hydrogens (mapping then atom ids)
  1  16 [ 10->7966]
Ligand hydrogens to protein acceptors (mapping then atom ids)
  1  24 [ 28->10175]
Ligand shape atoms to protein points (mapping then atom ids & coords)
  2  2075 [  3->(143.500 132.750 151.250)]
  6  5102 [ 13->(146.500 141.500 154.750)]
Chromosome values
Integers:
  15   -1   23   -1   -1   -1 2074   -1   -1   -1 5101   -1 
  -1   -1   -1 
--------------------------------------------------------------------------------

Current Ranking  1

--------------------------------------------------------------------------------

* GA execution time :                                                           
  total  0.6746 user  0.6746 sys  0.0000

--------------------------------------------------------------------------------
Fitness function evaluations: 79009

--------------------------------------------------------------------------------
** Docking run number  2 **
--------------------------------------------------------------------------------
  Rank fitness base is 5000.00 ; increment is 11.2233

* Initialising population(s) ...                                                
Number of constraints mappings 0
Number of constraints 0
  Population no.                           :      1
  Population size                          :    100
  Number of duplicates                     :      0
  Number of niche violations               :      0
  Number of errors                         :   5225

Number of constraints mappings 0
Number of constraints 0
  Population no.                           :      2
  Population size                          :    100
  Number of duplicates                     :      0
  Number of niche violations               :      0
  Number of errors                         :   5389

Number of constraints mappings 0
Number of constraints 0
  Population no.                           :      3
  Population size                          :    100
  Number of duplicates                     :      0
  Number of niche violations               :      0
  Number of errors                         :   5316


Doing GA, no. of population(s) 3 size 100 selection pressure 1.100000

 Operation      Score     S(PLP)   S(hbond)     S(cho)   S(metal)  DE(clash)   DE(tors)     intcor
         0      25.78     -24.44       1.63       0.00       0.00       0.00       1.80       0.04
      1610      26.62     -28.97       0.00       0.00       0.00       0.00       1.20       0.04
      1973      26.81     -29.79       0.80       0.00       0.00       3.81       0.80       0.04
      2011      27.16     -29.32       0.00       0.00       0.00       0.00       1.10       0.04
      2302      27.91     -30.01       0.00       0.00       0.00       0.00       1.07       0.04
      2978      28.46     -28.67       0.00       0.00       0.00       0.00       0.13       0.04
      3338      28.82     -27.20       1.00       0.00       0.00       0.00       0.71       0.04
      4465      28.95     -30.96       0.00       0.00       0.00       0.00       1.02       0.04
      5574      30.06     -28.18       0.76       0.00       0.00       0.00       0.21       0.04
      7233      30.26     -28.16       0.83       0.00       0.00       0.00       0.21       0.04
      7380      30.34     -28.15       0.86       0.00       0.00       0.00       0.22       0.04
      7856      30.45     -31.47       0.00       0.00       0.00       0.00       0.53       0.04
      8289      30.54     -31.13       0.00       0.00       0.00       0.00       0.31       0.04
      8303      31.37     -31.52       0.00       0.00       0.00       0.00       0.09       0.04
      8348      31.74     -32.10       0.00       0.00       0.00       0.00       0.20       0.03
      8700      33.81     -30.83       1.73       0.00       0.00       0.00       1.11       0.03
      9489      34.51     -31.82       0.94       0.00       0.00       0.00       0.08       0.03
     11104      34.82     -32.15       0.94       0.00       0.00       0.00       0.09       0.03
     13034      36.27     -33.61       1.88       0.00       0.00       0.00       1.50       0.03
     13394      36.62     -34.10       1.88       0.00       0.00       0.00       1.56       0.03
     15452      38.20     -33.39       2.59       0.00       0.00       0.00       1.50       0.03
     15935      38.36     -33.55       2.59       0.00       0.00       0.00       1.50       0.03
     21206      38.48     -33.68       2.59       0.00       0.00       0.00       1.50       0.02
     22318      38.65     -34.11       2.55       0.00       0.00       0.00       1.56       0.01
     22662      38.77     -34.22       2.57       0.00       0.00       0.00       1.58       0.01
     25759      38.81     -34.35       2.54       0.00       0.00       0.00       1.58       0.01
     26747      38.82     -34.36       2.52       0.00       0.00       0.00       1.56       0.01
     26786      38.87     -34.44       2.52       0.00       0.00       0.00       1.58       0.01
     28470      38.90     -34.59       2.48       0.00       0.00       0.00       1.57       0.01
     28850      39.02     -34.77       2.49       0.00       0.00       0.00       1.61       0.01
     33355      39.08     -34.82       2.49       0.00       0.00       0.00       1.61       0.01
     35006      39.24     -35.35       2.37       0.00       0.00       0.00       1.61       0.01
     35372      39.40     -35.45       2.38       0.00       0.00       0.00       1.61       0.01
     36851      39.74     -35.88       2.38       0.00       0.00       0.00       1.65       0.01
--------------------------------------------------------------------------------
Best docking solution after GA:
     37000      39.74     -35.88       2.38       0.00       0.00       0.00       1.65       0.01

#ops:      37000 #mutates:  17527 #cross:    17610 #migrate:   1863 
#dups:     15068 #niche:    16566 #errors:    3299 
--------------------------------------------------------------------------------

Doing AMOEBA simplex on best individual
Done simplexing #iterations 766, best score  43.87

Ligand is stored in gold_soln_AV-procd_m5660_2.sdf


--------------------------------------------------------------------------------
--- CHEMPLP breakdown of terms                                               ---
--------------------------------------------------------------------------------
CHEMPLP = - ( 1.0000*S(PLP) + -3.0000*S(hbond) + -6.0000*S(metal) + -3.0000*S(cho) )

Score = CHEMPLP - 1.0000*DE(clash) - 2.0000*DE(tors)

Internal energy term has been corrected with the best internal energy encountered.

--------------------------------------------------------------------------------


     Score     S(PLP)   S(hbond)     S(cho)   S(metal)  DE(clash)   DE(tors)     intcor
     43.87     -38.32       2.92       0.00       0.00       0.00       1.61       0.01

--------------------------------------------------------------------------------
--- PLP analysis of protein-ligand interactions                              ---
--------------------------------------------------------------------------------
hydrogen bonding        :      -4.00
metal                   :       0.00
buried (polar-nonpolar) :      -0.86
nonpolar                :     -34.16
repulsive               :       0.63
--------------------------------------------------------------------------------


--------------------------------------------------------------------------------
--- ChemScore analysis of protein-ligand interactions                        ---
--------------------------------------------------------------------------------

* Hydrogen bonds                                                                
Ligand donor   11 hydrogen   29 Protein acceptor 7948 bond energy  1.00 wt 1.00
Ligand donor   19 hydrogen   40 Protein acceptor 8028 bond energy  1.00 wt 1.92


* CH..O interactions                                                            
  CH group selection                       : activated ring CH (adjacent to hetatom)

--------------------------------------------------------------------------------


--------------------------------------------------------------------------------
--- Intra-ligand clashes                                                     ---
--------------------------------------------------------------------------------

Ligand
--------------------------------------------------------------------------------

--------------------------------------------------------------------------------
--- Rescoring solution                                                       ---
--------------------------------------------------------------------------------

     Score         DG    S(hbond)    S(metal)    S(lipo)     H(rot)  DE(clash)    DE(int)
     12.67     -16.87       1.62        0.00      77.84       1.23       1.37       2.83

Doing AMOEBA simplex on best individual
Done simplexing #iterations 590, best score  14.35

     Score         DG    S(hbond)    S(metal)    S(lipo)     H(rot)  DE(clash)    DE(int)
     14.35     -17.58       1.76        0.00      79.91       1.23       0.38       2.84

--------------------------------------------------------------------------------
--- ChemScore breakdown of terms                                             ---
--------------------------------------------------------------------------------
DG = -5.4800 + -3.3400*S(hbond)
     + -6.0300*S(metal) + -0.1170*S(lipo) + 2.5600*H(rot)


H(rot) = 1.2268

Score = -(DG + DE(clash) + DE(int))


--------------------------------------------------------------------------------


--------------------------------------------------------------------------------
--- ChemScore analysis of protein-ligand interactions                        ---
--------------------------------------------------------------------------------

* Hydrogen bonds                                                                
Ligand donor   11 hydrogen   29 Protein acceptor 7948 bond energy  1.00 wt 0.93
Ligand donor   19 hydrogen   40 Protein acceptor 8028 bond energy  1.00 wt 0.83

CHEMSCORE EXTRA INTERACTIONS:

* Clashes                                                                       
Clash for ligand atom   1 (**** ):   0.01
Clash for ligand atom   9 (**** ):   0.31
Clash for ligand atom  18 (**** ):   0.05
--------------------------------------------------------------------------------


--------------------------------------------------------------------------------
--- Chromosome decoded                                                       ---
--------------------------------------------------------------------------------
Ligand Torsions
[   1    2    4   19]  -46.61
[   6    7    8    9]  163.56    matched torsion: aromatic amide
[  13   12   11    9] -118.51
[  17   13   12   11] -120.76
Protein Torsions
[6907 6896 6895 6894]   96.70 
[7974 7965 7964 7962] -174.30 
[8008 7997 7996 7995]  142.89 
[10167 10162 10161 10158]   19.35 
[10718 10713 10712 10709] -102.01 
[10763 10752 10751 10750]  104.75 
[11005 11000 10999 10996]   67.22 
Mapping
Ligand acceptors to protein hydrogens (mapping then atom ids)
Ligand hydrogens to protein acceptors (mapping then atom ids)
Ligand shape atoms to protein points (mapping then atom ids & coords)
  1  8064 [  1->(151.250 144.000 157.250)]
  2  8533 [  3->(151.750 142.750 159.500)]
  6  4560 [ 13->(146.000 137.500 152.250)]
 10  6741 [ 18->(149.250 141.500 155.750)]
Chromosome values
Integers:
  -1   -1   -1   -1   -1 8063 8532   -1   -1   -1 4559   -1 
  -1   -1 6740 
--------------------------------------------------------------------------------

Current Ranking  2  1

--------------------------------------------------------------------------------

* GA execution time :                                                           
  total  0.6274 user  0.6274 sys  0.0000

--------------------------------------------------------------------------------
Fitness function evaluations: 78289

--------------------------------------------------------------------------------
** Docking run number  3 **
--------------------------------------------------------------------------------
  Rank fitness base is 5000.00 ; increment is 11.2233

* Initialising population(s) ...                                                
Number of constraints mappings 0
Number of constraints 0
  Population no.                           :      1
  Population size                          :    100
  Number of duplicates                     :      0
  Number of niche violations               :      0
  Number of errors                         :   5358

Number of constraints mappings 0
Number of constraints 0
  Population no.                           :      2
  Population size                          :    100
  Number of duplicates                     :      0
  Number of niche violations               :      0
  Number of errors                         :   5249

Number of constraints mappings 0
Number of constraints 0
  Population no.                           :      3
  Population size                          :    100
  Number of duplicates                     :      0
  Number of niche violations               :      0
  Number of errors                         :   5212


Doing GA, no. of population(s) 3 size 100 selection pressure 1.100000

 Operation      Score     S(PLP)   S(hbond)     S(cho)   S(metal)  DE(clash)   DE(tors)     intcor
         0      23.28     -21.03       1.00       0.00       0.00       0.00       0.38       0.01
        27      29.35     -24.63       2.16       0.00       0.00       0.00       0.89       0.01
      1373      29.63     -23.26       2.55       0.00       0.00       0.00       0.65       0.01
      1583      30.25     -23.62       2.65       0.00       0.00       0.00       0.66       0.01
      6099      30.59     -27.52       1.49       0.00       0.00       0.00       0.70       0.01
      7972      30.80     -26.47       2.85       0.00       0.00       0.00       2.12       0.01
      8449      31.08     -23.87       2.84       0.00       0.00       0.00       0.66       0.01
      8843      32.38     -25.97       3.16       0.00       0.00       0.00       1.54       0.01
      8972      32.75     -26.34       3.16       0.00       0.00       0.00       1.55       0.01
     11254      32.92     -28.04       2.19       0.00       0.00       0.00       0.86       0.01
     11360      34.19     -27.00       3.42       0.00       0.00       0.00       1.55       0.01
     12314      34.25     -27.08       3.42       0.00       0.00       0.00       1.55       0.01
     12387      34.28     -29.81       2.00       0.00       0.00       0.00       0.77       0.01
     12816      37.16     -28.24       4.00       0.00       0.00       0.00       1.55       0.01
     13824      37.24     -28.31       4.00       0.00       0.00       0.00       1.54       0.01
     14593      37.42     -28.48       4.00       0.00       0.00       0.00       1.54       0.01
     15114      37.66     -28.24       4.00       0.00       0.00       0.00       1.30       0.01
     16879      38.12     -28.71       4.00       0.00       0.00       0.00       1.30       0.01
     19116      38.38     -28.47       4.00       0.00       0.00       0.00       1.05       0.01
     20657      38.42     -28.64       4.00       0.00       0.00       0.00       1.12       0.01
     23228      38.46     -28.62       4.00       0.00       0.00       0.00       1.08       0.01
     25158      38.47     -28.55       4.00       0.00       0.00       0.00       1.05       0.01
     33406      38.47     -28.55       4.00       0.00       0.00       0.00       1.05       0.01
     33937      38.51     -28.98       4.00       0.00       0.00       0.00       1.24       0.01
     36565      38.59     -29.06       4.00       0.00       0.00       0.00       1.24       0.01
--------------------------------------------------------------------------------
Best docking solution after GA:
     37000      38.59     -29.06       4.00       0.00       0.00       0.00       1.24       0.01

#ops:      37000 #mutates:  17607 #cross:    17573 #migrate:   1820 
#dups:     16303 #niche:    18538 #errors:    2860 
--------------------------------------------------------------------------------

Doing AMOEBA simplex on best individual
Done simplexing #iterations 662, best score  39.84

Ligand is stored in gold_soln_AV-procd_m5660_3.sdf


--------------------------------------------------------------------------------
--- CHEMPLP breakdown of terms                                               ---
--------------------------------------------------------------------------------
CHEMPLP = - ( 1.0000*S(PLP) + -3.0000*S(hbond) + -6.0000*S(metal) + -3.0000*S(cho) )

Score = CHEMPLP - 1.0000*DE(clash) - 2.0000*DE(tors)

Internal energy term has been corrected with the best internal energy encountered.

--------------------------------------------------------------------------------


     Score     S(PLP)   S(hbond)     S(cho)   S(metal)  DE(clash)   DE(tors)     intcor
     39.84     -30.25       4.00       0.00       0.00       0.00       1.21       0.01

--------------------------------------------------------------------------------
--- PLP analysis of protein-ligand interactions                              ---
--------------------------------------------------------------------------------
hydrogen bonding        :      -2.98
metal                   :       0.00
buried (polar-nonpolar) :      -4.55
nonpolar                :     -23.40
repulsive               :       0.07
--------------------------------------------------------------------------------


--------------------------------------------------------------------------------
--- ChemScore analysis of protein-ligand interactions                        ---
--------------------------------------------------------------------------------

* Hydrogen bonds                                                                
Ligand donor    8 hydrogen   28 Protein acceptor 10175 bond energy  1.00 wt 1.00
Ligand donor   11 hydrogen   29 Protein acceptor 10175 bond energy  1.00 wt 1.00
Ligand donor   19 hydrogen   40 Protein acceptor 10957 bond energy  1.00 wt 2.00


* CH..O interactions                                                            
  CH group selection                       : activated ring CH (adjacent to hetatom)

--------------------------------------------------------------------------------


--------------------------------------------------------------------------------
--- Intra-ligand clashes                                                     ---
--------------------------------------------------------------------------------

Ligand
--------------------------------------------------------------------------------

--------------------------------------------------------------------------------
--- Rescoring solution                                                       ---
--------------------------------------------------------------------------------

     Score         DG    S(hbond)    S(metal)    S(lipo)     H(rot)  DE(clash)    DE(int)
     13.91     -17.61       2.57        0.00      57.06       1.23       1.25       2.46

Doing AMOEBA simplex on best individual
Done simplexing #iterations 840, best score  15.75

     Score         DG    S(hbond)    S(metal)    S(lipo)     H(rot)  DE(clash)    DE(int)
     15.75     -18.17       2.78        0.00      55.87       1.23       0.10       2.31

--------------------------------------------------------------------------------
--- ChemScore breakdown of terms                                             ---
--------------------------------------------------------------------------------
DG = -5.4800 + -3.3400*S(hbond)
     + -6.0300*S(metal) + -0.1170*S(lipo) + 2.5600*H(rot)


H(rot) = 1.2268

Score = -(DG + DE(clash) + DE(int))


--------------------------------------------------------------------------------


--------------------------------------------------------------------------------
--- ChemScore analysis of protein-ligand interactions                        ---
--------------------------------------------------------------------------------

* Hydrogen bonds                                                                
Ligand donor    8 hydrogen   28 Protein acceptor 10175 bond energy  1.00 wt 0.90
Ligand donor   11 hydrogen   29 Protein acceptor 10175 bond energy  1.00 wt 0.90
Ligand donor   19 hydrogen   40 Protein acceptor 10957 bond energy  1.00 wt 0.98

CHEMSCORE EXTRA INTERACTIONS:

* Clashes                                                                       
Clash for ligand atom   6 (**** ):   0.10
--------------------------------------------------------------------------------


--------------------------------------------------------------------------------
--- Chromosome decoded                                                       ---
--------------------------------------------------------------------------------
Ligand Torsions
[   1    2    4   19]  125.92
[   6    7    8    9]  171.39    matched torsion: aromatic amide
[  13   12   11    9] -123.75
[  17   13   12   11] -161.56
Protein Torsions
[6907 6896 6895 6894]  101.98 
[7974 7965 7964 7962]  -77.93 
[8008 7997 7996 7995]  -45.89 
[10167 10162 10161 10158]   35.46 
[10718 10713 10712 10709]   59.03 
[10763 10752 10751 10750]  118.50 
[11005 11000 10999 10996]  143.12 
Mapping
Ligand acceptors to protein hydrogens (mapping then atom ids)
Ligand hydrogens to protein acceptors (mapping then atom ids)
  1  24 [ 28->10175]
  3  45 [ 40->10957]
Ligand shape atoms to protein points (mapping then atom ids & coords)
  4  3149 [  6->(144.750 135.750 150.750)]
Chromosome values
Integers:
  -1   -1   23   -1   44   -1   -1   -1 3148   -1   -1   -1 
  -1   -1   -1 
--------------------------------------------------------------------------------

Current Ranking  2  1  3

--------------------------------------------------------------------------------

* GA execution time :                                                           
  total  0.6722 user  0.6722 sys  0.0000

--------------------------------------------------------------------------------
Fitness function evaluations: 78181

--------------------------------------------------------------------------------
** Docking run number  4 **
--------------------------------------------------------------------------------
  Rank fitness base is 5000.00 ; increment is 11.2233

* Initialising population(s) ...                                                
Number of constraints mappings 0
Number of constraints 0
  Population no.                           :      1
  Population size                          :    100
  Number of duplicates                     :      0
  Number of niche violations               :      0
  Number of errors                         :   5335

Number of constraints mappings 0
Number of constraints 0
  Population no.                           :      2
  Population size                          :    100
  Number of duplicates                     :      0
  Number of niche violations               :      0
  Number of errors                         :   5375

Number of constraints mappings 0
Number of constraints 0
  Population no.                           :      3
  Population size                          :    100
  Number of duplicates                     :      0
  Number of niche violations               :      0
  Number of errors                         :   5492


Doing GA, no. of population(s) 3 size 100 selection pressure 1.100000

 Operation      Score     S(PLP)   S(hbond)     S(cho)   S(metal)  DE(clash)   DE(tors)     intcor
         0      23.47     -20.58       1.34       0.00       0.00       0.00       0.58       0.01
        38      24.43     -23.91       1.05       0.00       0.00       0.00       1.32       0.01
       182      27.73     -24.20       2.00       0.00       0.00       0.00       1.24       0.01
       945      28.74     -25.61       2.00       0.00       0.00       0.00       1.44       0.01
      2718      29.03     -25.20       1.94       0.00       0.00       0.00       1.01       0.01
      4166      29.27     -25.50       1.98       0.00       0.00       0.00       1.08       0.01
      4612      29.70     -23.03       2.54       0.00       0.00       0.00       0.47       0.01
      4728      30.79     -21.13       3.75       0.00       0.00       0.00       0.80       0.01
      5455      31.52     -22.62       3.20       0.00       0.00       0.00       0.35       0.01
      5659      31.79     -23.73       3.00       0.00       0.00       0.00       0.48       0.01
      6304      33.02     -26.56       3.00       0.00       0.00       0.00       1.28       0.01
      6583      33.82     -25.52       3.55       0.00       0.00       0.00       1.17       0.01
      6997      33.82     -25.52       3.55       0.00       0.00       0.00       1.17       0.01
      7039      34.07     -25.76       3.55       0.00       0.00       0.00       1.17       0.01
      8777      35.19     -29.22       2.44       0.00       0.00       0.00       0.68       0.01
     11180      35.25     -28.77       2.82       0.00       0.00       0.00       0.99       0.01
     11558      35.52     -29.66       2.44       0.00       0.00       0.00       0.74       0.01
     11866      35.93     -30.44       2.46       0.00       0.00       0.00       0.95       0.01
     12790      36.18     -30.65       2.44       0.00       0.00       0.00       0.91       0.01
     13210      36.36     -28.45       3.22       0.00       0.00       0.00       0.89       0.01
     13513      36.39     -27.49       3.54       0.00       0.00       0.00       0.86       0.01
     13906      37.10     -31.01       2.55       0.00       0.00       0.00       0.79       0.01
     14561      37.46     -30.78       3.00       0.00       0.00       0.00       1.17       0.01
     15041      38.24     -32.40       3.00       0.00       0.00       0.67       1.25       0.01
     18993      38.57     -31.70       3.14       0.00       0.00       0.00       1.28       0.01
     20763      39.47     -33.02       3.00       0.00       0.00       0.00       1.28       0.01
     21393      40.47     -34.25       3.00       0.00       0.00       0.00       1.39       0.01
     21609      40.48     -33.46       3.00       0.00       0.00       0.00       1.00       0.01
     22149      40.61     -33.62       3.00       0.00       0.00       0.00       1.01       0.01
     22191      41.42     -34.62       3.00       0.00       0.00       0.00       1.10       0.01
     23922      41.56     -34.74       3.00       0.00       0.00       0.00       1.10       0.01
     24975      41.67     -34.38       3.00       0.00       0.00       0.00       0.86       0.01
     25192      41.79     -34.49       3.00       0.00       0.00       0.00       0.85       0.01
     25233      41.96     -35.54       3.00       0.00       0.00       0.00       1.29       0.01
     25857      42.13     -35.23       3.00       0.00       0.00       0.00       1.05       0.01
     27315      42.15     -35.26       3.00       0.00       0.00       0.00       1.06       0.01
     33854      42.59     -35.69       3.00       0.00       0.00       0.00       1.06       0.01
     35602      42.59     -35.75       3.00       0.00       0.00       0.00       1.09       0.01
--------------------------------------------------------------------------------
Best docking solution after GA:
     37000      42.59     -35.75       3.00       0.00       0.00       0.00       1.09       0.01

#ops:      37000 #mutates:  17444 #cross:    17684 #migrate:   1872 
#dups:     12554 #niche:    19082 #errors:    3601 
--------------------------------------------------------------------------------

Doing AMOEBA simplex on best individual
Done simplexing #iterations 653, best score  44.96

Ligand is stored in gold_soln_AV-procd_m5660_4.sdf


--------------------------------------------------------------------------------
--- CHEMPLP breakdown of terms                                               ---
--------------------------------------------------------------------------------
CHEMPLP = - ( 1.0000*S(PLP) + -3.0000*S(hbond) + -6.0000*S(metal) + -3.0000*S(cho) )

Score = CHEMPLP - 1.0000*DE(clash) - 2.0000*DE(tors)

Internal energy term has been corrected with the best internal energy encountered.

--------------------------------------------------------------------------------


     Score     S(PLP)   S(hbond)     S(cho)   S(metal)  DE(clash)   DE(tors)     intcor
     44.96     -38.31       3.00       0.00       0.00       0.00       1.18       0.01

--------------------------------------------------------------------------------
--- PLP analysis of protein-ligand interactions                              ---
--------------------------------------------------------------------------------
hydrogen bonding        :      -4.00
metal                   :       0.00
buried (polar-nonpolar) :      -1.53
nonpolar                :     -34.29
repulsive               :       0.64
--------------------------------------------------------------------------------


--------------------------------------------------------------------------------
--- ChemScore analysis of protein-ligand interactions                        ---
--------------------------------------------------------------------------------

* Hydrogen bonds                                                                
Ligand donor   11 hydrogen   29 Protein acceptor 7948 bond energy  1.00 wt 1.00
Ligand donor   19 hydrogen   40 Protein acceptor 8028 bond energy  1.00 wt 2.00


* CH..O interactions                                                            
  CH group selection                       : activated ring CH (adjacent to hetatom)

--------------------------------------------------------------------------------


--------------------------------------------------------------------------------
--- Intra-ligand clashes                                                     ---
--------------------------------------------------------------------------------

Ligand
--------------------------------------------------------------------------------

--------------------------------------------------------------------------------
--- Rescoring solution                                                       ---
--------------------------------------------------------------------------------

     Score         DG    S(hbond)    S(metal)    S(lipo)     H(rot)  DE(clash)    DE(int)
     14.79     -18.13       1.97        0.00      78.61       1.23       1.34       2.00

Doing AMOEBA simplex on best individual
Done simplexing #iterations 678, best score  16.15

     Score         DG    S(hbond)    S(metal)    S(lipo)     H(rot)  DE(clash)    DE(int)
     16.15     -18.25       1.99        0.00      79.07       1.23       0.26       1.85

--------------------------------------------------------------------------------
--- ChemScore breakdown of terms                                             ---
--------------------------------------------------------------------------------
DG = -5.4800 + -3.3400*S(hbond)
     + -6.0300*S(metal) + -0.1170*S(lipo) + 2.5600*H(rot)


H(rot) = 1.2268

Score = -(DG + DE(clash) + DE(int))


--------------------------------------------------------------------------------


--------------------------------------------------------------------------------
--- ChemScore analysis of protein-ligand interactions                        ---
--------------------------------------------------------------------------------

* Hydrogen bonds                                                                
Ligand donor   11 hydrogen   29 Protein acceptor 7948 bond energy  1.00 wt 1.00
Ligand donor   19 hydrogen   40 Protein acceptor 8028 bond energy  1.00 wt 1.00

CHEMSCORE EXTRA INTERACTIONS:

* Clashes                                                                       
Clash for ligand atom   3 (**** ):   0.02
Clash for ligand atom   9 (**** ):   0.11
Clash for ligand atom  12 (**** ):   0.12
--------------------------------------------------------------------------------


--------------------------------------------------------------------------------
--- Chromosome decoded                                                       ---
--------------------------------------------------------------------------------
Ligand Torsions
[   1    2    4   19]  150.35
[   6    7    8    9]  156.62    matched torsion: aromatic amide
[  13   12   11    9] -120.48
[  17   13   12   11] -111.28
Protein Torsions
[6907 6896 6895 6894]  -47.50 
[7974 7965 7964 7962]  167.03 
[8008 7997 7996 7995] -135.78 
[10167 10162 10161 10158]  161.11 
[10718 10713 10712 10709]  168.83 
[10763 10752 10751 10750]  158.24 
[11005 11000 10999 10996] -151.93 
Mapping
Ligand acceptors to protein hydrogens (mapping then atom ids)
Ligand hydrogens to protein acceptors (mapping then atom ids)
  2   7 [ 29->7948]
  3  15 [ 40->8028]
Ligand shape atoms to protein points (mapping then atom ids & coords)
  6  3981 [ 13->(145.500 136.750 151.750)]
  8  2344 [ 15->(143.750 134.000 151.750)]
Chromosome values
Integers:
  -1   -1   -1    6   14   -1   -1   -1   -1   -1 3980   -1 
2343   -1   -1 
--------------------------------------------------------------------------------

Current Ranking  4  2  1  3

--------------------------------------------------------------------------------

* GA execution time :                                                           
  total  0.6745 user  0.6745 sys  0.0000

--------------------------------------------------------------------------------
Fitness function evaluations: 78109

--------------------------------------------------------------------------------
** Docking run number  5 **
--------------------------------------------------------------------------------
  Rank fitness base is 5000.00 ; increment is 11.2233

* Initialising population(s) ...                                                
Number of constraints mappings 0
Number of constraints 0
  Population no.                           :      1
  Population size                          :    100
  Number of duplicates                     :      0
  Number of niche violations               :      0
  Number of errors                         :   5512

Number of constraints mappings 0
Number of constraints 0
  Population no.                           :      2
  Population size                          :    100
  Number of duplicates                     :      0
  Number of niche violations               :      0
  Number of errors                         :   5362

Number of constraints mappings 0
Number of constraints 0
  Population no.                           :      3
  Population size                          :    100
  Number of duplicates                     :      0
  Number of niche violations               :      0
  Number of errors                         :   5381


Doing GA, no. of population(s) 3 size 100 selection pressure 1.100000

 Operation      Score     S(PLP)   S(hbond)     S(cho)   S(metal)  DE(clash)   DE(tors)     intcor
         0      28.85     -23.30       2.74       0.00       0.00       0.00       1.34       0.01
       961      28.87     -23.38       2.72       0.00       0.00       0.00       1.34       0.01
      3703      36.40     -27.09       3.34       0.00       0.00       0.00       0.36       0.01
      6926      37.72     -28.41       3.34       0.00       0.00       0.00       0.36       0.01
      7958      38.89     -28.83       3.59       0.00       0.00       0.00       0.36       0.01
      9025      39.03     -28.99       3.59       0.00       0.00       0.00       0.37       0.01
     11945      39.54     -34.03       2.92       0.00       0.00       0.00       1.63       0.01
     15828      40.15     -35.43       2.62       0.00       0.00       0.00       1.58       0.01
     19194      40.65     -35.89       2.62       0.00       0.00       0.00       1.56       0.01
     24384      41.08     -36.25       2.62       0.00       0.00       0.00       1.53       0.01
     26422      41.26     -36.46       2.62       0.00       0.00       0.00       1.54       0.01
     29833      41.30     -36.41       2.66       0.00       0.00       0.00       1.55       0.01
     34960      41.34     -36.42       2.66       0.00       0.00       0.00       1.53       0.01
     35511      41.67     -36.87       2.62       0.00       0.00       0.00       1.54       0.01
     36701      42.29     -36.71       2.89       0.00       0.00       0.00       1.55       0.01
--------------------------------------------------------------------------------
Best docking solution after GA:
     37000      42.29     -36.71       2.89       0.00       0.00       0.00       1.55       0.01

#ops:      37000 #mutates:  17536 #cross:    17608 #migrate:   1856 
#dups:      9878 #niche:    19123 #errors:    2637 
--------------------------------------------------------------------------------

Doing AMOEBA simplex on best individual
Done simplexing #iterations 656, best score  44.98

Ligand is stored in gold_soln_AV-procd_m5660_5.sdf


--------------------------------------------------------------------------------
--- CHEMPLP breakdown of terms                                               ---
--------------------------------------------------------------------------------
CHEMPLP = - ( 1.0000*S(PLP) + -3.0000*S(hbond) + -6.0000*S(metal) + -3.0000*S(cho) )

Score = CHEMPLP - 1.0000*DE(clash) - 2.0000*DE(tors)

Internal energy term has been corrected with the best internal energy encountered.

--------------------------------------------------------------------------------


     Score     S(PLP)   S(hbond)     S(cho)   S(metal)  DE(clash)   DE(tors)     intcor
     44.98     -38.50       3.00       0.00       0.00       0.00       1.27       0.01

--------------------------------------------------------------------------------
--- PLP analysis of protein-ligand interactions                              ---
--------------------------------------------------------------------------------
hydrogen bonding        :      -4.00
metal                   :       0.00
buried (polar-nonpolar) :       0.23
nonpolar                :     -35.41
repulsive               :       0.65
--------------------------------------------------------------------------------


--------------------------------------------------------------------------------
--- ChemScore analysis of protein-ligand interactions                        ---
--------------------------------------------------------------------------------

* Hydrogen bonds                                                                
Ligand donor   11 hydrogen   29 Protein acceptor 7948 bond energy  1.00 wt 1.00
Ligand donor   19 hydrogen   40 Protein acceptor 8028 bond energy  1.00 wt 2.00


* CH..O interactions                                                            
  CH group selection                       : activated ring CH (adjacent to hetatom)

--------------------------------------------------------------------------------


--------------------------------------------------------------------------------
--- Intra-ligand clashes                                                     ---
--------------------------------------------------------------------------------

Ligand
--------------------------------------------------------------------------------

--------------------------------------------------------------------------------
--- Rescoring solution                                                       ---
--------------------------------------------------------------------------------

     Score         DG    S(hbond)    S(metal)    S(lipo)     H(rot)  DE(clash)    DE(int)
     14.60     -17.65       1.87        0.00      77.56       1.23       0.38       2.67

Doing AMOEBA simplex on best individual
Done simplexing #iterations 567, best score  15.01

     Score         DG    S(hbond)    S(metal)    S(lipo)     H(rot)  DE(clash)    DE(int)
     15.01     -17.82       1.91        0.00      77.88       1.23       0.17       2.63

--------------------------------------------------------------------------------
--- ChemScore breakdown of terms                                             ---
--------------------------------------------------------------------------------
DG = -5.4800 + -3.3400*S(hbond)
     + -6.0300*S(metal) + -0.1170*S(lipo) + 2.5600*H(rot)


H(rot) = 1.2268

Score = -(DG + DE(clash) + DE(int))


--------------------------------------------------------------------------------


--------------------------------------------------------------------------------
--- ChemScore analysis of protein-ligand interactions                        ---
--------------------------------------------------------------------------------

* Hydrogen bonds                                                                
Ligand donor   11 hydrogen   29 Protein acceptor 7948 bond energy  1.00 wt 0.96
Ligand donor   19 hydrogen   40 Protein acceptor 8028 bond energy  1.00 wt 0.94

CHEMSCORE EXTRA INTERACTIONS:

* Clashes                                                                       
Clash for ligand atom   9 (**** ):   0.16
Clash for ligand atom  18 (**** ):   0.01
--------------------------------------------------------------------------------


--------------------------------------------------------------------------------
--- Chromosome decoded                                                       ---
--------------------------------------------------------------------------------
Ligand Torsions
[   1    2    4   19]  -32.23
[   6    7    8    9]  160.89    matched torsion: aromatic amide
[  13   12   11    9] -116.52
[  17   13   12   11] -119.30
Protein Torsions
[6907 6896 6895 6894]   98.30 
[7974 7965 7964 7962]  -56.74 
[8008 7997 7996 7995]  106.43 
[10167 10162 10161 10158]  -20.86 
[10718 10713 10712 10709]  174.79 
[10763 10752 10751 10750]  -50.29 
[11005 11000 10999 10996]   72.94 
Mapping
Ligand acceptors to protein hydrogens (mapping then atom ids)
Ligand hydrogens to protein acceptors (mapping then atom ids)
  2   7 [ 29->7948]
Ligand shape atoms to protein points (mapping then atom ids & coords)
  2  9290 [  3->(152.500 143.500 159.750)]
  5  5274 [ 12->(146.750 138.500 152.500)]
  6  3971 [ 13->(145.500 136.500 151.250)]
 10  6808 [ 18->(149.500 141.000 155.750)]
Chromosome values
Integers:
  -1   -1   -1    6   -1   -1 9289   -1   -1 5273 3970   -1 
  -1   -1 6807 
--------------------------------------------------------------------------------

Current Ranking  5  4  2  1  3

Top  3 (of  5) solutions are within 1.500 RMSD, finishing docking /DATA2/COVID-19/PDBs_&_Models/AV-procd.sdf.


--------------------------------------------------------------------------------

* GA execution time :                                                           
  total  0.6740 user  0.6740 sys  0.0000

--------------------------------------------------------------------------------
Fitness function evaluations: 78828

--------------------------------------------------------------------------------
--- Ranking analysis                                                         ---
--------------------------------------------------------------------------------


* Final ranked order of GA solutions:                                           
   5  4  2  1  3 

  _______________________________
  RMSD Matrix of RANKED solutions

        2    3    4    5  

   1 :  0.7  0.2  9.0  9.7
   2 :       0.8  8.8  9.4
   3 :            9.0  9.7
   4 :                 5.3

  Clustering method                        : complete linkage
  Structure ids in cluster table           : rank nos.
  Ordering of clusters and their members   : by rank (order if from rms_analysis)

  Distance | Clusters
   0.16    |  1  3 |  2 |  4 |  5 |
   0.83    |  1  2  3 |  4 |  5 |
   5.25    |  1  2  3 |  4  5 |
   9.74    |  1  2  3  4  5 |
  Finished Docking Ligand                  : /DATA2/COVID-19/PDBs_&_Models/AV-procd.sdf
--------------------------------------------------------------------------------

  Relative_Ligand_Energy (best encountered) :   0.011
  Relative_Ligand_Energy: fitness values have been corrected using this amount
