
--------------------------------------------------------------------------------
--- Ligand                                                                   ---
--------------------------------------------------------------------------------
  Ligand loaded from file                  : /DATA2/COVID-19/PDBs_&_Models/AV-procd.sdf
  Ligand name                              :  
  "AV-unprocessed.smi:519                                                   "

--------------------------------------------------------------------------------
  N.plc donors                             : 
  pro:    4 
  

  Acidic nitrogen acceptors                : 
  none found
  Sulfur acceptors                         :
  none found


  Donor atoms                              :      2
  1   4   
  Acceptor atoms                           :      2
  1   14  

  Hydrogens                                :  (n = 2)
  22   37   

  Lone pairs added to molecule             :      4
  Numbering                                : from 38 to 41
  Choline groups                           : 
   

--------------------------------------------------------------------------------
--- Postprocessing of typing                                                 ---
--------------------------------------------------------------------------------
  Fragment file                            : /home/scv26/CCDC/Discovery_2020/GOLD/gold/rotatable_bond_override.mol2
  acylurea fragment                        : no matches
  thioacylthiourea fragment                : no matches
  acylthiourea fragment                    : no matches
  thioacylurea fragment                    : no matches
  diarylamine fragment >C.ar-NH-C.ar<      : no matches
  sec-amine (1) fragment                   : no matches
  sec-amine (2) fragment                   : 1 matches
  Ligand bond 11-10  set to 1
  Ligand bond 11-12  set to 1
  Ligand bond 11-3  set to 1
  sec-amine (3) fragment                   : 1 matches
  Ligand bond 11-10  set to 1
  Ligand bond 11-3  set to 1
  Ligand bond 11-12  set to 1
  carboxylic ester                         : no matches

* Rotatable bonds in /DATA2/COVID-19/PDBs  :
  [   1    2] [   2    3] [  11   12] [  12   13] 
  [  13   14] [  14   15] 
  No. of rotatable bonds                   :      6


* Fragments found in /DATA2/COVID-19/PDBs  :
  atom   5: benzene
  atom   6: benzene
  atom   7: benzene
  atom   8: benzene
  atom   9: benzene
  atom  10: benzene
  atom  15: benzene
  atom  16: benzene
  atom  17: benzene
  atom  18: benzene
  atom  19: benzene
  atom  20: benzene


* Checking torsion distributions:                                               
  Rotatable bond [16 15 14 13] matches torsion: ortho-substituoed aromatic-aliphatic ether
   C.ar ( 1H ) | C.ar ( C.ar ( 0H ) ) | O.3 | C.3 ( 2H ) 
  No. of matched torsions                  :      1

--------------------------------------------------------------------------------
--- Shape fitting atoms selection (hydrophobic atoms)                        ---
--------------------------------------------------------------------------------
  Molecule                                 : /DATA2/COVID-19/PDBs_&_Models/AV-procd.sdf
  Selection                                : carbons only
  Atom numbers                             :  (n = 11)
  2    6    7    8    9    12   13   16   17   18   
  19   


--------------------------------------------------------------------------------
--- ChemScore ligand setup summary                                           ---
--------------------------------------------------------------------------------
  ChemScore ligand acceptors               :      2
  1 14 
  ChemScore ligand donors                  :      2
  1 ( 22  ) 4 ( 37 [+]  ) 
  ChemScore ligand CH donors               :      0
  

  ChemScore ligand lipophilic atoms        :  (n = 16)
  2    5    6    7    8    9    10   12   13   15   
  16   17   18   19   20   21   

  ChemScore ligand rotatable bonds         :      6
  1   (****) - 2   (****): SP3_SP3_BOND
  2   (****) - 3   (****): SP3_SP2_BOND
  11  (****) - 12  (****): SP3_SP2_BOND
  12  (****) - 13  (****): SP3_SP3_BOND
  13  (****) - 14  (****): SP3_SP3_BOND
  14  (****) - 15  (****): SP3_SP2_BOND

--------------------------------------------------------------------------------
--- PLP ligand setup summary                                                 ---
--------------------------------------------------------------------------------
    1  ****   O.3 DONACC
    2  ****   C.3 NONPOLAR
    3  ****   C.2 NONPOLAR
    4  **** N.pl3 DONOR
    5  ****  C.ar NONPOLAR
    6  ****  C.ar NONPOLAR
    7  ****  C.ar NONPOLAR
    8  ****  C.ar NONPOLAR
    9  ****  C.ar NONPOLAR
   10  ****  C.ar NONPOLAR
   11  **** N.pl3 NONPOLAR
   12  ****   C.3 NONPOLAR
   13  ****   C.3 NONPOLAR
   14  ****   O.3 ACCEPTOR
   15  ****  C.ar NONPOLAR
   16  ****  C.ar NONPOLAR
   17  ****  C.ar NONPOLAR
   18  ****  C.ar NONPOLAR
   19  ****  C.ar NONPOLAR
   20  ****  C.ar NONPOLAR
   21  ****    Cl NONPOLAR


--------------------------------------------------------------------------------
--- Automatic parameter setting                                              ---
--------------------------------------------------------------------------------
  Contribution base                        :   2500
  Contribution per rotatable bond          :   6000
  Contribution per df                      :   4000
  Contribution per water                   :  10000
  Ligand rotatable bonds                   :      6
  Protein flexible side chain bonds        :      0
  Total rotatable bonds                    :      6
  Hydrophobic vol ratio (P/L)              :   2.097
  Base multiplier (polar)                  :   0.800
  Base multiplier (apolar)                 :   4.614
  Base contribution                        : 12500.000
  Fitting points                           :      4
  Estimated maxops needed (optimal)        :  49000

--------------------------------------------------------------------------------

* Population settings                                                           
  maxops                                   :  49000
  popsiz                                   :    100
  select_pressure                          :   1.100
  n_islands                                :      4
  niche_siz                                :      2

* GA settings                                                                   
  pt_crosswt                               :     95
  allele_mutatewt                          :     95
  migratewt                                :     10

* Search settings                                                               
  start_vdw_linear_cutoff                  :   4.000
  initial_virtual_pt_match_max             :   3.000

--------------------------------------------------------------------------------

* Ligand initialisation time :                                                  
  total  0.0089 user  0.0049 sys  0.0040

--------------------------------------------------------------------------------

--------------------------------------------------------------------------------
** Docking run number  1 **
--------------------------------------------------------------------------------
  Rank fitness base is 5000.00 ; increment is 11.2233

* Initialising population(s) ...                                                
Number of constraints mappings 0
Number of constraints 0
  Population no.                           :      1
  Population size                          :    100
  Number of duplicates                     :      0
  Number of niche violations               :      0
  Number of errors                         :   5465

Number of constraints mappings 0
Number of constraints 0
  Population no.                           :      2
  Population size                          :    100
  Number of duplicates                     :      0
  Number of niche violations               :      0
  Number of errors                         :   5870

Number of constraints mappings 0
Number of constraints 0
  Population no.                           :      3
  Population size                          :    100
  Number of duplicates                     :      0
  Number of niche violations               :      0
  Number of errors                         :   5527

Number of constraints mappings 0
Number of constraints 0
  Population no.                           :      4
  Population size                          :    100
  Number of duplicates                     :      0
  Number of niche violations               :      0
  Number of errors                         :   5391


Doing GA, no. of population(s) 4 size 100 selection pressure 1.100000

 Operation      Score     S(PLP)   S(hbond)     S(cho)   S(metal)  DE(clash)   DE(tors)     intcor
         0      26.11     -22.95       1.69       0.00       0.00       0.95       0.55       0.13
       291      26.30     -24.58       1.21       0.00       0.00       0.95       0.55       0.13
       902      29.02     -26.52       1.23       0.00       0.00       0.00       0.66       0.13
      1690      29.17     -26.52       1.29       0.00       0.00       0.00       0.66       0.11
      1833      30.48     -28.55       1.00       0.00       0.00       0.00       0.59       0.11
      4233      36.32     -38.62       0.00       0.00       0.00       0.00       1.20       0.11
      4937      39.63     -35.93       2.00       0.00       0.00       0.00       1.20       0.11
      5185      41.74     -37.99       2.00       0.00       0.00       0.00       1.18       0.11
      7169      43.22     -36.56       2.85       0.00       0.00       0.00       1.00       0.11
      7413      43.88     -37.62       2.71       0.00       0.00       0.00       1.00       0.11
      7749      47.01     -39.90       3.00       0.00       0.00       0.00       1.00       0.11
      9069      47.07     -39.97       3.00       0.00       0.00       0.00       1.01       0.11
     10309      47.07     -39.80       3.00       0.00       0.00       0.00       0.92       0.11
     10913      47.08     -40.01       3.00       0.00       0.00       0.00       1.02       0.11
     11953      47.16     -40.10       3.00       0.00       0.00       0.00       1.02       0.11
     15769      49.12     -44.52       1.98       0.00       0.00       0.00       0.73       0.11
     16689      49.46     -42.59       3.00       0.00       0.00       0.00       1.12       0.11
     19941      49.78     -46.90       1.41       0.00       0.00       0.00       0.73       0.11
     21549      50.17     -43.38       2.98       0.00       0.00       0.00       1.12       0.11
     23277      50.35     -43.46       3.00       0.00       0.00       0.00       1.11       0.11
     23829      50.55     -45.83       2.28       0.00       0.00       0.00       1.12       0.11
     24173      50.66     -44.39       2.80       0.00       0.00       0.00       1.12       0.11
     24189      51.49     -45.37       2.75       0.00       0.00       0.00       1.12       0.11
     26445      51.62     -46.10       2.55       0.00       0.00       0.00       1.12       0.11
     28013      52.22     -46.66       2.55       0.00       0.00       0.00       1.10       0.11
     29572      55.16     -46.41       3.49       0.00       0.00       0.00       0.92       0.11
     35713      55.52     -48.09       2.95       0.00       0.00       0.00       0.77       0.11
     38789      56.00     -46.62       3.69       0.00       0.00       0.00       0.90       0.11
     40598      56.06     -45.75       4.00       0.00       0.00       0.00       0.90       0.11
     41138      56.14     -45.81       4.00       0.00       0.00       0.00       0.89       0.11
     41398      57.00     -47.07       3.87       0.00       0.00       0.00       0.89       0.11
     41486      57.04     -47.06       3.89       0.00       0.00       0.00       0.90       0.11
     41762      57.09     -47.09       3.89       0.00       0.00       0.00       0.89       0.11
     45530      57.11     -47.23       3.85       0.00       0.00       0.00       0.89       0.11
     45793      58.59     -48.32       4.00       0.00       0.00       0.00       0.92       0.11
     47352      58.72     -48.77       3.90       0.00       0.00       0.00       0.92       0.11
     47464      58.91     -48.64       4.00       0.00       0.00       0.00       0.92       0.11
--------------------------------------------------------------------------------
Best docking solution after GA:
     49000      58.91     -48.64       4.00       0.00       0.00       0.00       0.92       0.11

#ops:      49000 #mutates:  23274 #cross:    23231 #migrate:   2495 
#dups:     12322 #niche:    22434 #errors:    2759 
--------------------------------------------------------------------------------

Doing AMOEBA simplex on best individual
Done simplexing #iterations 619, best score  63.65

Ligand is stored in gold_soln_AV-procd_m2796_1.sdf


--------------------------------------------------------------------------------
--- CHEMPLP breakdown of terms                                               ---
--------------------------------------------------------------------------------
CHEMPLP = - ( 1.0000*S(PLP) + -3.0000*S(hbond) + -6.0000*S(metal) + -3.0000*S(cho) )

Score = CHEMPLP - 1.0000*DE(clash) - 2.0000*DE(tors)

Internal energy term has been corrected with the best internal energy encountered.

--------------------------------------------------------------------------------


     Score     S(PLP)   S(hbond)     S(cho)   S(metal)  DE(clash)   DE(tors)     intcor
     63.65     -53.70       4.00       0.00       0.00       0.00       1.08       0.11

--------------------------------------------------------------------------------
--- PLP analysis of protein-ligand interactions                              ---
--------------------------------------------------------------------------------
hydrogen bonding        :      -4.00
metal                   :       0.00
buried (polar-nonpolar) :      -0.64
nonpolar                :     -49.28
repulsive               :       0.07
--------------------------------------------------------------------------------


--------------------------------------------------------------------------------
--- ChemScore analysis of protein-ligand interactions                        ---
--------------------------------------------------------------------------------

* Hydrogen bonds                                                                
Ligand donor    1 hydrogen   22 Protein acceptor 7949 bond energy  1.00 wt 1.00
Ligand donor    4 hydrogen   37 Protein acceptor 7948 bond energy  1.00 wt 2.00
Protein donor 10752 hydrogen 10765 Ligand acceptor    1 bond energy  1.00 wt 1.00


* CH..O interactions                                                            
  CH group selection                       : activated ring CH (adjacent to hetatom)

--------------------------------------------------------------------------------


--------------------------------------------------------------------------------
--- Intra-ligand clashes                                                     ---
--------------------------------------------------------------------------------

Ligand
--------------------------------------------------------------------------------

--------------------------------------------------------------------------------
--- Rescoring solution                                                       ---
--------------------------------------------------------------------------------

     Score         DG    S(hbond)    S(metal)    S(lipo)     H(rot)  DE(clash)    DE(int)
     15.98     -19.23       1.32        0.00     128.97       2.25       2.33       0.92

Doing AMOEBA simplex on best individual
Done simplexing #iterations 858, best score  22.47

     Score         DG    S(hbond)    S(metal)    S(lipo)     H(rot)  DE(clash)    DE(int)
     22.47     -23.56       2.79        0.00     124.14       2.25       0.23       0.86

--------------------------------------------------------------------------------
--- ChemScore breakdown of terms                                             ---
--------------------------------------------------------------------------------
DG = -5.4800 + -3.3400*S(hbond)
     + -6.0300*S(metal) + -0.1170*S(lipo) + 2.5600*H(rot)


H(rot) = 2.2510

Score = -(DG + DE(clash) + DE(int))


--------------------------------------------------------------------------------


--------------------------------------------------------------------------------
--- ChemScore analysis of protein-ligand interactions                        ---
--------------------------------------------------------------------------------

* Hydrogen bonds                                                                
Ligand donor    1 hydrogen   22 Protein acceptor 7949 bond energy  1.00 wt 0.95
Ligand donor    4 hydrogen   37 Protein acceptor 7948 bond energy  1.00 wt 0.94
Protein donor 10752 hydrogen 10765 Ligand acceptor    1 bond energy  1.00 wt 0.89

CHEMSCORE EXTRA INTERACTIONS:

* Clashes                                                                       
Clash for ligand atom   2 (**** ):   0.04
Clash for ligand atom   5 (**** ):   0.01
Clash for ligand atom  12 (**** ):   0.17
--------------------------------------------------------------------------------


--------------------------------------------------------------------------------
--- Chromosome decoded                                                       ---
--------------------------------------------------------------------------------
Ligand Torsions
[  22    1    2    3]   73.64
[   1    2    3   11]  138.92
[  13   12   11    3] -131.28
[  14   13   12   11]  167.69
[  15   14   13   12]  119.75
[  16   15   14   13]  -20.85    matched torsion: ortho-substituoed aromatic-aliphatic ether
Protein Torsions
[6907 6896 6895 6894]   98.69 
[7974 7965 7964 7962]  170.76 
[8008 7997 7996 7995] -113.97 
[10167 10162 10161 10158] -113.34 
[10718 10713 10712 10709]  -96.28 
[10763 10752 10751 10750]  165.04 
[11005 11000 10999 10996] -163.37 
Mapping
Ligand acceptors to protein hydrogens (mapping then atom ids)
  1  45 [  1->10765]
Ligand hydrogens to protein acceptors (mapping then atom ids)
  2   7 [ 37->7948]
Ligand shape atoms to protein points (mapping then atom ids & coords)
  2  6018 [  6->(147.750 140.250 154.000)]
 11  9230 [ 19->(152.500 142.250 160.750)]
Chromosome values
Integers:
  44   -1   -1    6   -1 6017   -1   -1   -1   -1   -1   -1 
  -1   -1 9229 
--------------------------------------------------------------------------------

Current Ranking  1

--------------------------------------------------------------------------------

* GA execution time :                                                           
  total  0.9270 user  0.9270 sys  0.0000

--------------------------------------------------------------------------------
Fitness function evaluations: 104946

--------------------------------------------------------------------------------
** Docking run number  2 **
--------------------------------------------------------------------------------
  Rank fitness base is 5000.00 ; increment is 11.2233

* Initialising population(s) ...                                                
Number of constraints mappings 0
Number of constraints 0
  Population no.                           :      1
  Population size                          :    100
  Number of duplicates                     :      0
  Number of niche violations               :      0
  Number of errors                         :   5421

Number of constraints mappings 0
Number of constraints 0
  Population no.                           :      2
  Population size                          :    100
  Number of duplicates                     :      0
  Number of niche violations               :      0
  Number of errors                         :   5392

Number of constraints mappings 0
Number of constraints 0
  Population no.                           :      3
  Population size                          :    100
  Number of duplicates                     :      0
  Number of niche violations               :      0
  Number of errors                         :   5487

Number of constraints mappings 0
Number of constraints 0
  Population no.                           :      4
  Population size                          :    100
  Number of duplicates                     :      0
  Number of niche violations               :      0
  Number of errors                         :   5459


Doing GA, no. of population(s) 4 size 100 selection pressure 1.100000

 Operation      Score     S(PLP)   S(hbond)     S(cho)   S(metal)  DE(clash)   DE(tors)     intcor
         0      25.67     -22.75       1.43       0.00       0.00       0.00       0.74       0.11
       234      26.15     -30.81       0.00       0.00       0.00       2.44       1.17       0.11
       386      31.80     -27.71       2.04       0.00       0.00       0.00       1.07       0.11
      4483      35.48     -37.08       0.00       0.00       0.00       0.00       0.86       0.11
      5844      43.41     -35.27       3.08       0.00       0.00       0.00       0.60       0.11
      6575      43.86     -35.85       3.04       0.00       0.00       0.00       0.61       0.11
      8070      44.29     -36.19       3.07       0.00       0.00       0.00       0.61       0.11
      8135      46.07     -41.29       2.00       0.00       0.00       0.00       0.67       0.11
      8798      46.92     -41.59       2.39       0.00       0.00       0.00       0.99       0.11
      9174      48.06     -43.56       2.00       0.00       0.00       0.00       0.81       0.11
      9594      48.06     -42.91       2.05       0.00       0.00       0.00       0.55       0.11
      9611      51.58     -46.80       2.00       0.00       0.00       0.00       0.67       0.11
     12123      51.98     -46.85       2.00       0.00       0.00       0.00       0.49       0.11
     16693      52.17     -46.26       2.46       0.00       0.00       0.00       0.78       0.11
     18445      52.62     -46.26       2.60       0.00       0.00       0.00       0.78       0.11
     19594      53.52     -47.13       2.64       0.00       0.00       0.00       0.81       0.11
     21338      53.82     -47.13       2.73       0.00       0.00       0.00       0.81       0.11
     22206      53.83     -47.13       2.73       0.00       0.00       0.00       0.81       0.11
     22758      53.91     -47.13       2.77       0.00       0.00       0.00       0.81       0.11
     23594      55.13     -47.62       3.07       0.00       0.00       0.00       0.91       0.11
     27794      55.31     -47.67       3.12       0.00       0.00       0.00       0.92       0.11
     30923      55.41     -47.48       3.20       0.00       0.00       0.00       0.88       0.11
     31031      55.53     -47.68       3.19       0.00       0.00       0.00       0.91       0.11
     34744      55.93     -47.13       3.44       0.00       0.00       0.00       0.81       0.11
     35756      57.13     -47.13       3.84       0.00       0.00       0.00       0.81       0.11
     37008      57.28     -47.13       3.89       0.00       0.00       0.00       0.81       0.11
     41044      57.32     -47.06       4.00       0.00       0.00       0.00       0.92       0.11
     42127      57.41     -47.18       3.92       0.00       0.00       0.00       0.82       0.11
     43425      57.75     -47.61       4.00       0.00       0.00       0.00       0.98       0.11
     45134      57.88     -47.54       3.95       0.00       0.00       0.00       0.81       0.11
     45722      58.10     -46.71       4.29       0.00       0.00       0.00       0.80       0.11
     45806      58.11     -46.75       4.29       0.00       0.00       0.00       0.81       0.11
     45982      58.77     -47.58       4.23       0.00       0.00       0.00       0.80       0.11
     46682      58.80     -47.78       4.19       0.00       0.00       0.00       0.82       0.11
     47241      59.01     -47.38       4.39       0.00       0.00       0.00       0.83       0.11
     47330      59.10     -48.85       4.00       0.00       0.00       0.00       0.93       0.11
     47842      59.14     -48.66       3.99       0.00       0.00       0.00       0.80       0.11
     47865      59.25     -49.11       4.00       0.00       0.00       0.00       0.98       0.11
     48174      60.01     -49.43       4.00       0.00       0.00       0.00       0.76       0.11
--------------------------------------------------------------------------------
Best docking solution after GA:
     49000      60.01     -49.43       4.00       0.00       0.00       0.00       0.76       0.11

#ops:      49000 #mutates:  23265 #cross:    23317 #migrate:   2418 
#dups:      8961 #niche:    25571 #errors:    2789 
--------------------------------------------------------------------------------

Doing AMOEBA simplex on best individual
Done simplexing #iterations 412, best score  64.51

Ligand is stored in gold_soln_AV-procd_m2796_2.sdf


--------------------------------------------------------------------------------
--- CHEMPLP breakdown of terms                                               ---
--------------------------------------------------------------------------------
CHEMPLP = - ( 1.0000*S(PLP) + -3.0000*S(hbond) + -6.0000*S(metal) + -3.0000*S(cho) )

Score = CHEMPLP - 1.0000*DE(clash) - 2.0000*DE(tors)

Internal energy term has been corrected with the best internal energy encountered.

--------------------------------------------------------------------------------


     Score     S(PLP)   S(hbond)     S(cho)   S(metal)  DE(clash)   DE(tors)     intcor
     64.51     -54.19       4.00       0.00       0.00       0.00       0.89       0.11

--------------------------------------------------------------------------------
--- PLP analysis of protein-ligand interactions                              ---
--------------------------------------------------------------------------------
hydrogen bonding        :      -4.29
metal                   :       0.00
buried (polar-nonpolar) :       0.91
nonpolar                :     -51.31
repulsive               :       0.07
--------------------------------------------------------------------------------


--------------------------------------------------------------------------------
--- ChemScore analysis of protein-ligand interactions                        ---
--------------------------------------------------------------------------------

* Hydrogen bonds                                                                
Ligand donor    1 hydrogen   22 Protein acceptor 7949 bond energy  1.00 wt 1.00
Ligand donor    4 hydrogen   37 Protein acceptor 7948 bond energy  1.00 wt 2.00
Protein donor 10752 hydrogen 10763 Ligand acceptor    1 bond energy  1.00 wt 1.00


* CH..O interactions                                                            
  CH group selection                       : activated ring CH (adjacent to hetatom)

--------------------------------------------------------------------------------


--------------------------------------------------------------------------------
--- Intra-ligand clashes                                                     ---
--------------------------------------------------------------------------------

Ligand
--------------------------------------------------------------------------------

--------------------------------------------------------------------------------
--- Rescoring solution                                                       ---
--------------------------------------------------------------------------------

     Score         DG    S(hbond)    S(metal)    S(lipo)     H(rot)  DE(clash)    DE(int)
     15.79     -20.70       1.69        0.00     131.18       2.25       3.26       1.66

Doing AMOEBA simplex on best individual
Done simplexing #iterations 1039, best score  22.70

     Score         DG    S(hbond)    S(metal)    S(lipo)     H(rot)  DE(clash)    DE(int)
     22.70     -23.96       2.72        0.00     129.50       2.25       0.61       0.66

--------------------------------------------------------------------------------
--- ChemScore breakdown of terms                                             ---
--------------------------------------------------------------------------------
DG = -5.4800 + -3.3400*S(hbond)
     + -6.0300*S(metal) + -0.1170*S(lipo) + 2.5600*H(rot)


H(rot) = 2.2510

Score = -(DG + DE(clash) + DE(int))


--------------------------------------------------------------------------------


--------------------------------------------------------------------------------
--- ChemScore analysis of protein-ligand interactions                        ---
--------------------------------------------------------------------------------

* Hydrogen bonds                                                                
Ligand donor    1 hydrogen   22 Protein acceptor 7949 bond energy  1.00 wt 0.87
Ligand donor    4 hydrogen   37 Protein acceptor 7948 bond energy  1.00 wt 0.95
Protein donor 10752 hydrogen 10763 Ligand acceptor    1 bond energy  1.00 wt 0.90

CHEMSCORE EXTRA INTERACTIONS:

* Clashes                                                                       
Clash for ligand atom   5 (**** ):   0.01
Clash for ligand atom   7 (**** ):   0.55
Clash for ligand atom  12 (**** ):   0.05
--------------------------------------------------------------------------------


--------------------------------------------------------------------------------
--- Chromosome decoded                                                       ---
--------------------------------------------------------------------------------
Ligand Torsions
[  22    1    2    3]   53.48
[   1    2    3   11]  163.06
[  13   12   11    3]  -92.59
[  14   13   12   11]  168.22
[  15   14   13   12]   73.37
[  16   15   14   13]  -16.56    matched torsion: ortho-substituoed aromatic-aliphatic ether
Protein Torsions
[6907 6896 6895 6894]  132.32 
[7974 7965 7964 7962]   20.58 
[8008 7997 7996 7995]   21.11 
[10167 10162 10161 10158]  -84.87 
[10718 10713 10712 10709]  -56.89 
[10763 10752 10751 10750]   41.27 
[11005 11000 10999 10996]  141.96 
Mapping
Ligand acceptors to protein hydrogens (mapping then atom ids)
Ligand hydrogens to protein acceptors (mapping then atom ids)
  2   7 [ 37->7948]
Ligand shape atoms to protein points (mapping then atom ids & coords)
  3  5564 [  7->(147.000 140.750 153.500)]
  9  6943 [ 17->(149.750 144.750 159.000)]
 10  9309 [ 18->(152.500 143.750 159.750)]
 11  8820 [ 19->(152.000 143.250 160.500)]
Chromosome values
Integers:
  -1   -1   -1    6   -1   -1 5563   -1   -1   -1   -1   -1 
6942 9308 8819 
--------------------------------------------------------------------------------

Current Ranking  2  1

--------------------------------------------------------------------------------

* GA execution time :                                                           
  total  0.9184 user  0.9184 sys  0.0000

--------------------------------------------------------------------------------
Fitness function evaluations: 104427

--------------------------------------------------------------------------------
** Docking run number  3 **
--------------------------------------------------------------------------------
  Rank fitness base is 5000.00 ; increment is 11.2233

* Initialising population(s) ...                                                
Number of constraints mappings 0
Number of constraints 0
  Population no.                           :      1
  Population size                          :    100
  Number of duplicates                     :      0
  Number of niche violations               :      0
  Number of errors                         :   5392

Number of constraints mappings 0
Number of constraints 0
  Population no.                           :      2
  Population size                          :    100
  Number of duplicates                     :      0
  Number of niche violations               :      0
  Number of errors                         :   5460

Number of constraints mappings 0
Number of constraints 0
  Population no.                           :      3
  Population size                          :    100
  Number of duplicates                     :      0
  Number of niche violations               :      0
  Number of errors                         :   5478

Number of constraints mappings 0
Number of constraints 0
  Population no.                           :      4
  Population size                          :    100
  Number of duplicates                     :      0
  Number of niche violations               :      0
  Number of errors                         :   5550


Doing GA, no. of population(s) 4 size 100 selection pressure 1.100000

 Operation      Score     S(PLP)   S(hbond)     S(cho)   S(metal)  DE(clash)   DE(tors)     intcor
         0      29.01     -28.26       1.57       0.00       0.00       2.14       0.96       0.04
       741      29.31     -28.75       0.73       0.00       0.00       0.00       0.83       0.04
      1127      34.95     -38.11       0.00       0.00       0.00       0.00       1.60       0.04
      1647      42.49     -34.51       3.56       0.00       0.00       0.00       1.37       0.04
      2260      43.80     -36.00       3.55       0.00       0.00       0.00       1.44       0.04
      3546      47.15     -44.32       2.00       0.00       0.00       0.95       1.13       0.04
      4978      49.68     -40.84       3.85       0.00       0.00       0.00       1.37       0.04
      9482      50.73     -42.94       3.50       0.00       0.00       0.00       1.37       0.04
      9542      51.09     -43.56       3.36       0.00       0.00       0.00       1.29       0.04
      9811      53.23     -45.01       3.81       0.00       0.00       0.00       1.63       0.04
      9927      55.53     -46.75       4.00       0.00       0.00       0.00       1.63       0.04
     11319      55.77     -46.75       4.08       0.00       0.00       0.00       1.63       0.04
     12390      56.15     -46.66       4.24       0.00       0.00       0.00       1.63       0.04
     13595      56.27     -46.66       4.28       0.00       0.00       0.00       1.63       0.04
     14088      56.31     -46.68       4.28       0.00       0.00       0.00       1.62       0.04
     14600      56.47     -46.34       4.44       0.00       0.00       0.00       1.62       0.04
     15692      56.96     -46.64       4.39       0.00       0.00       0.00       1.45       0.04
     18357      57.00     -45.66       4.74       0.00       0.00       0.00       1.45       0.04
     18376      57.16     -45.82       4.74       0.00       0.00       0.00       1.45       0.04
     18617      57.47     -46.69       4.56       0.00       0.00       0.00       1.47       0.04
     19260      57.54     -46.28       4.71       0.00       0.00       0.00       1.44       0.04
     19533      58.31     -47.47       4.57       0.00       0.00       0.00       1.45       0.04
     22689      58.58     -47.56       4.64       0.00       0.00       0.00       1.47       0.04
     26125      58.67     -47.64       4.64       0.00       0.00       0.00       1.47       0.04
     27217      58.82     -47.45       4.76       0.00       0.00       0.00       1.47       0.04
     27685      58.90     -47.62       4.73       0.00       0.00       0.00       1.46       0.04
     29581      58.90     -47.62       4.73       0.00       0.00       0.00       1.47       0.04
     30382      58.91     -47.63       4.73       0.00       0.00       0.00       1.47       0.04
     30422      59.06     -47.39       4.83       0.00       0.00       0.00       1.42       0.04
     31790      59.11     -47.39       4.84       0.00       0.00       0.00       1.42       0.04
     32878      59.26     -47.67       4.79       0.00       0.00       0.00       1.41       0.04
     32982      59.27     -47.68       4.79       0.00       0.00       0.00       1.41       0.04
     33991      59.27     -47.66       4.79       0.00       0.00       0.00       1.40       0.04
     35186      59.34     -47.70       4.81       0.00       0.00       0.00       1.41       0.04
     35621      59.35     -48.09       4.67       0.00       0.00       0.00       1.39       0.04
     37924      59.38     -48.01       4.67       0.00       0.00       0.00       1.33       0.04
     38248      60.25     -48.42       4.88       0.00       0.00       0.00       1.42       0.04
     40849      60.26     -48.43       4.88       0.00       0.00       0.00       1.42       0.04
     41495      60.31     -48.43       4.89       0.00       0.00       0.00       1.42       0.04
     42370      60.40     -48.36       4.93       0.00       0.00       0.00       1.39       0.04
     42634      60.42     -48.39       4.93       0.00       0.00       0.00       1.39       0.04
     44450      60.43     -48.40       4.93       0.00       0.00       0.00       1.39       0.04
--------------------------------------------------------------------------------
Best docking solution after GA:
     49000      60.43     -48.40       4.93       0.00       0.00       0.00       1.39       0.04

#ops:      49000 #mutates:  23123 #cross:    23386 #migrate:   2491 
#dups:     15069 #niche:    31605 #errors:    2100 
--------------------------------------------------------------------------------

Doing AMOEBA simplex on best individual
Done simplexing #iterations 606, best score  61.20

Ligand is stored in gold_soln_AV-procd_m2796_3.sdf


--------------------------------------------------------------------------------
--- CHEMPLP breakdown of terms                                               ---
--------------------------------------------------------------------------------
CHEMPLP = - ( 1.0000*S(PLP) + -3.0000*S(hbond) + -6.0000*S(metal) + -3.0000*S(cho) )

Score = CHEMPLP - 1.0000*DE(clash) - 2.0000*DE(tors)

Internal energy term has been corrected with the best internal energy encountered.

--------------------------------------------------------------------------------


     Score     S(PLP)   S(hbond)     S(cho)   S(metal)  DE(clash)   DE(tors)     intcor
     61.20     -48.92       4.99       0.00       0.00       0.00       1.37       0.04

--------------------------------------------------------------------------------
--- PLP analysis of protein-ligand interactions                              ---
--------------------------------------------------------------------------------
hydrogen bonding        :      -5.00
metal                   :       0.00
buried (polar-nonpolar) :       2.66
nonpolar                :     -45.97
repulsive               :       0.07
--------------------------------------------------------------------------------


--------------------------------------------------------------------------------
--- ChemScore analysis of protein-ligand interactions                        ---
--------------------------------------------------------------------------------

* Hydrogen bonds                                                                
Ligand donor    1 hydrogen   22 Protein acceptor 7949 bond energy  1.00 wt 1.00
Ligand donor    4 hydrogen   37 Protein acceptor 7948 bond energy  1.00 wt 2.00
Protein donor 7997 hydrogen 8008 Ligand acceptor   14 bond energy  1.00 wt 0.99
Protein donor 10752 hydrogen 10763 Ligand acceptor    1 bond energy  1.00 wt 1.00


* CH..O interactions                                                            
  CH group selection                       : activated ring CH (adjacent to hetatom)

--------------------------------------------------------------------------------


--------------------------------------------------------------------------------
--- Intra-ligand clashes                                                     ---
--------------------------------------------------------------------------------

Ligand
--------------------------------------------------------------------------------

--------------------------------------------------------------------------------
--- Rescoring solution                                                       ---
--------------------------------------------------------------------------------

     Score         DG    S(hbond)    S(metal)    S(lipo)     H(rot)  DE(clash)    DE(int)
     16.90     -22.25       2.15        0.00     131.37       2.25       3.96       1.39

Doing AMOEBA simplex on best individual
Done simplexing #iterations 762, best score  23.20

     Score         DG    S(hbond)    S(metal)    S(lipo)     H(rot)  DE(clash)    DE(int)
     23.20     -25.84       3.30        0.00     129.10       2.25       1.36       1.28

--------------------------------------------------------------------------------
--- ChemScore breakdown of terms                                             ---
--------------------------------------------------------------------------------
DG = -5.4800 + -3.3400*S(hbond)
     + -6.0300*S(metal) + -0.1170*S(lipo) + 2.5600*H(rot)


H(rot) = 2.2510

Score = -(DG + DE(clash) + DE(int))


--------------------------------------------------------------------------------


--------------------------------------------------------------------------------
--- ChemScore analysis of protein-ligand interactions                        ---
--------------------------------------------------------------------------------

* Hydrogen bonds                                                                
Ligand donor    1 hydrogen   22 Protein acceptor 7949 bond energy  1.00 wt 0.93
Ligand donor    4 hydrogen   37 Protein acceptor 7948 bond energy  1.00 wt 0.88
Protein donor 7997 hydrogen 8008 Ligand acceptor   14 bond energy  1.00 wt 0.74
Protein donor 10752 hydrogen 10763 Ligand acceptor    1 bond energy  1.00 wt 0.75

CHEMSCORE EXTRA INTERACTIONS:

* Clashes                                                                       
Clash for ligand atom   5 (**** ):   1.15
Clash for ligand atom   7 (**** ):   0.09
Clash for ligand atom  12 (**** ):   0.05
Clash for ligand atom  19 (**** ):   0.02
Clash for ligand atom  21 (**** ):   0.05
--------------------------------------------------------------------------------


--------------------------------------------------------------------------------
--- Chromosome decoded                                                       ---
--------------------------------------------------------------------------------
Ligand Torsions
[  22    1    2    3]   65.84
[   1    2    3   11]  149.21
[  13   12   11    3]  -69.76
[  14   13   12   11]  148.91
[  15   14   13   12]  107.53
[  16   15   14   13]  -30.00    matched torsion: ortho-substituoed aromatic-aliphatic ether
Protein Torsions
[6907 6896 6895 6894]  117.60 
[7974 7965 7964 7962]   94.11 
[8008 7997 7996 7995]  -71.85 
[10167 10162 10161 10158]  150.60 
[10718 10713 10712 10709]  -26.43 
[10763 10752 10751 10750]   61.05 
[11005 11000 10999 10996]  -17.79 
Mapping
Ligand acceptors to protein hydrogens (mapping then atom ids)
Ligand hydrogens to protein acceptors (mapping then atom ids)
  2   7 [ 37->7948]
Ligand shape atoms to protein points (mapping then atom ids & coords)
  5  6526 [  9->(148.750 141.500 155.000)]
  8  9021 [ 16->(152.250 142.250 159.250)]
 11  9697 [ 19->(153.500 141.750 160.500)]
Chromosome values
Integers:
  -1   -1   -1    6   -1   -1   -1   -1 6525   -1   -1 9020 
  -1   -1 9696 
--------------------------------------------------------------------------------

Current Ranking  2  1  3

Top  3 (of  3) solutions are within 1.500 RMSD, finishing docking /DATA2/COVID-19/PDBs_&_Models/AV-procd.sdf.


--------------------------------------------------------------------------------

* GA execution time :                                                           
  total  0.9715 user  0.9715 sys  0.0000

--------------------------------------------------------------------------------
Fitness function evaluations: 103803

--------------------------------------------------------------------------------
--- Ranking analysis                                                         ---
--------------------------------------------------------------------------------


* Final ranked order of GA solutions:                                           
   2  1  3 

  _______________________________
  RMSD Matrix of RANKED solutions

        2    3  

   1 :  0.8  1.4
   2 :       1.1

  Clustering method                        : complete linkage
  Structure ids in cluster table           : rank nos.
  Ordering of clusters and their members   : by rank (order if from rms_analysis)

  Distance | Clusters
   0.77    |  1  2 |  3 |
   1.41    |  1  2  3 |
  Finished Docking Ligand                  : /DATA2/COVID-19/PDBs_&_Models/AV-procd.sdf
--------------------------------------------------------------------------------

  Relative_Ligand_Energy (best encountered) :   0.036
  Relative_Ligand_Energy: fitness values have been corrected using this amount
