# WARNING: atom    8 in /DATA2/COVID-19/PDBs_&_Models/AV-procd.sdf is deduced as an acidic nitrogen

--------------------------------------------------------------------------------
--- Ligand                                                                   ---
--------------------------------------------------------------------------------
  Ligand loaded from file                  : /DATA2/COVID-19/PDBs_&_Models/AV-procd.sdf
  Ligand name                              :  
  "AV-unprocessed.smi:47                                                    "

--------------------------------------------------------------------------------
  N.plc donors                             : 
  none found

  Acidic nitrogen acceptors                : 

  8    
  Sulfur acceptors                         :
  none found


  Donor atoms                              :      2
  1   4   
  Acceptor atoms                           :      4
  1   7   8   16  

  Hydrogens                                :  (n = 3)
  20   23   31   

  Lone pairs added to molecule             :      5
  Numbering                                : from 32 to 36
  Choline groups                           : 
   

--------------------------------------------------------------------------------
--- Postprocessing of typing                                                 ---
--------------------------------------------------------------------------------
  Fragment file                            : /home/scv26/CCDC/Discovery_2020/GOLD/gold/rotatable_bond_override.mol2
  acylurea fragment                        : no matches
  thioacylthiourea fragment                : no matches
  acylthiourea fragment                    : no matches
  thioacylurea fragment                    : no matches
  diarylamine fragment >C.ar-NH-C.ar<      : no matches
  sec-amine (1) fragment                   : no matches
  sec-amine (2) fragment                   : no matches
  sec-amine (3) fragment                   : no matches
  carboxylic ester                         : no matches

* Rotatable bonds in /DATA2/COVID-19/PDBs  :
  [   1    2] [   5    6] [   9   10] 
  No. of rotatable bonds                   :      3


* Fragments found in /DATA2/COVID-19/PDBs  :
  atom  10: benzene
  atom  11: benzene
  atom  12: benzene
  atom  13: benzene
  atom  14: benzene
  atom  15: benzene


* Checking torsion distributions:                                               
  No. of matched torsions                  :      0

--------------------------------------------------------------------------------
--- Shape fitting atoms selection (hydrophobic atoms)                        ---
--------------------------------------------------------------------------------
  Molecule                                 : /DATA2/COVID-19/PDBs_&_Models/AV-procd.sdf
  Selection                                : carbons only
  Atom numbers                             :  (n = 9)
  2    3    5    11   12   13   14   15   17   


--------------------------------------------------------------------------------
--- ChemScore ligand setup summary                                           ---
--------------------------------------------------------------------------------
  ChemScore ligand acceptors               :      4
  1 7 8 [-] 16 
  ChemScore ligand donors                  :      2
  1 ( 20  ) 4 ( 23 [+] 31 [+]  ) 
  ChemScore ligand CH donors               :      0
  

  ChemScore ligand lipophilic atoms        :  (n = 10)
  2    3    5    10   11   12   13   14   15   17   
  

  ChemScore ligand rotatable bonds         :      3
  1   (****) - 2   (****): SP3_SP3_BOND
  5   (****) - 6   (****): SP3_SP2_BOND
  9   (****) - 10  (****): SP2_SP2_BOND

--------------------------------------------------------------------------------
--- PLP ligand setup summary                                                 ---
--------------------------------------------------------------------------------
    1  ****   O.3 DONACC
    2  ****   C.3 NONPOLAR
    3  ****   C.3 NONPOLAR
    4  ****   N.4 DONOR
    5  ****   C.3 NONPOLAR
    6  ****   C.2 NONPOLAR
    7  ****   N.2 ACCEPTOR
    8  **** N.pl3 ACCEPTOR
    9  ****   C.2 NONPOLAR
   10  ****  C.ar NONPOLAR
   11  ****  C.ar NONPOLAR
   12  ****  C.ar NONPOLAR
   13  ****  C.ar NONPOLAR
   14  ****  C.ar NONPOLAR
   15  ****  C.ar NONPOLAR
   16  ****   N.2 ACCEPTOR
   17  ****   C.3 NONPOLAR


--------------------------------------------------------------------------------
--- Automatic parameter setting                                              ---
--------------------------------------------------------------------------------
  Contribution base                        :   2500
  Contribution per rotatable bond          :   6000
  Contribution per df                      :   4000
  Contribution per water                   :  10000
  Ligand rotatable bonds                   :      3
  Protein flexible side chain bonds        :      0
  Total rotatable bonds                    :      3
  Hydrophobic vol ratio (P/L)              :   2.563
  Base multiplier (polar)                  :   1.200
  Base multiplier (apolar)                 :   4.614
  Base contribution                        : 12500.000
  Fitting points                           :      6
  Estimated maxops needed (optimal)        :  31000

--------------------------------------------------------------------------------

* Population settings                                                           
  maxops                                   :  31000
  popsiz                                   :    100
  select_pressure                          :   1.100
  n_islands                                :      3
  niche_siz                                :      2

* GA settings                                                                   
  pt_crosswt                               :     95
  allele_mutatewt                          :     95
  migratewt                                :     10

* Search settings                                                               
  start_vdw_linear_cutoff                  :   4.000
  initial_virtual_pt_match_max             :   3.000

--------------------------------------------------------------------------------

* Ligand initialisation time :                                                  
  total  0.0058 user  0.0058 sys  0.0000

--------------------------------------------------------------------------------

--------------------------------------------------------------------------------
** Docking run number  1 **
--------------------------------------------------------------------------------
  Rank fitness base is 5000.00 ; increment is 11.2233

* Initialising population(s) ...                                                
Number of constraints mappings 0
Number of constraints 0
  Population no.                           :      1
  Population size                          :    100
  Number of duplicates                     :      0
  Number of niche violations               :      0
  Number of errors                         :   5217

Number of constraints mappings 0
Number of constraints 0
  Population no.                           :      2
  Population size                          :    100
  Number of duplicates                     :      0
  Number of niche violations               :      0
  Number of errors                         :   5154

Number of constraints mappings 0
Number of constraints 0
  Population no.                           :      3
  Population size                          :    100
  Number of duplicates                     :      0
  Number of niche violations               :      0
  Number of errors                         :   5239


Doing GA, no. of population(s) 3 size 100 selection pressure 1.100000

 Operation      Score     S(PLP)   S(hbond)     S(cho)   S(metal)  DE(clash)   DE(tors)     intcor
         0      26.61     -17.15       3.21       0.00       0.00       0.00       0.09       0.01
       317      27.52     -24.36       2.00       0.00       0.00       0.00       1.42       0.01
       586      30.36     -28.28       1.55       0.00       0.00       0.00       1.28       0.01
      1150      31.49     -31.04       1.00       0.00       0.00       0.00       1.28       0.01
      1312      33.02     -27.89       1.75       0.00       0.00       0.00       0.06       0.01
      1636      34.12     -28.77       2.00       0.00       0.00       0.00       0.33       0.01
      2045      34.88     -27.67       2.73       0.00       0.00       0.00       0.50       0.01
      2546      34.96     -29.93       1.91       0.00       0.00       0.00       0.35       0.01
      2558      36.23     -31.27       2.00       0.00       0.00       0.00       0.52       0.01
      3260      40.33     -31.76       3.20       0.00       0.00       0.00       0.52       0.01
      4688      40.58     -31.93       3.27       0.00       0.00       0.00       0.58       0.01
      4913      40.63     -31.93       3.28       0.00       0.00       0.00       0.58       0.01
      5138      40.69     -31.93       3.30       0.00       0.00       0.00       0.58       0.01
      5363      40.89     -32.11       3.51       0.00       0.00       0.00       0.88       0.01
      6423      41.54     -31.55       3.89       0.00       0.00       0.00       0.84       0.01
      7293      41.93     -31.55       4.02       0.00       0.00       0.00       0.84       0.01
      8389      42.11     -30.42       4.46       0.00       0.00       0.00       0.84       0.01
      9297      42.13     -31.55       4.09       0.00       0.00       0.00       0.84       0.01
      9641      42.19     -30.47       4.49       0.00       0.00       0.00       0.88       0.01
     10049      42.23     -31.55       4.12       0.00       0.00       0.00       0.84       0.01
     10274      42.47     -30.47       4.58       0.00       0.00       0.00       0.88       0.01
     11284      42.49     -30.39       4.67       0.00       0.00       0.00       0.95       0.01
     11675      42.59     -30.39       4.70       0.00       0.00       0.00       0.95       0.01
     12191      42.69     -30.51       4.72       0.00       0.00       0.00       0.99       0.01
     12698      43.26     -31.18       4.58       0.00       0.00       0.00       0.84       0.01
     14610      43.34     -30.48       4.92       0.00       0.00       0.00       0.95       0.01
     14992      43.48     -30.66       5.00       0.00       0.00       0.00       1.09       0.01
     17644      43.49     -30.60       5.00       0.00       0.00       0.00       1.06       0.01
     17703      43.54     -30.54       5.00       0.00       0.00       0.00       1.00       0.01
     20112      43.81     -31.16       4.88       0.00       0.00       0.00       1.00       0.01
     20649      43.89     -31.33       4.85       0.00       0.00       0.00       1.00       0.01
     21150      43.92     -31.56       4.98       0.00       0.00       0.00       1.30       0.01
     21860      43.94     -31.41       5.00       0.00       0.00       0.00       1.24       0.01
     23349      44.04     -31.48       4.95       0.00       0.00       0.00       1.15       0.01
     23967      44.04     -31.18       4.92       0.00       0.00       0.00       0.95       0.01
     25211      44.11     -31.44       5.00       0.00       0.00       0.00       1.17       0.01
     26188      44.15     -31.27       4.95       0.00       0.00       0.00       0.99       0.01
     26453      44.18     -31.42       4.98       0.00       0.00       0.00       1.09       0.01
     28205      44.19     -31.32       4.98       0.00       0.00       0.00       1.04       0.01
     30377      44.23     -31.43       4.99       0.00       0.00       0.00       1.09       0.01
     30785      44.25     -31.43       5.00       0.00       0.00       0.00       1.09       0.01
     30845      44.33     -31.40       5.00       0.00       0.00       0.00       1.04       0.01
--------------------------------------------------------------------------------
Best docking solution after GA:
     31000      44.33     -31.40       5.00       0.00       0.00       0.00       1.04       0.01

#ops:      31000 #mutates:  14733 #cross:    14749 #migrate:   1518 
#dups:      8983 #niche:    19221 #errors:     928 
--------------------------------------------------------------------------------

Doing AMOEBA simplex on best individual
Done simplexing #iterations 525, best score  44.90

Ligand is stored in gold_soln_AV-procd_m428_1.sdf


--------------------------------------------------------------------------------
--- CHEMPLP breakdown of terms                                               ---
--------------------------------------------------------------------------------
CHEMPLP = - ( 1.0000*S(PLP) + -3.0000*S(hbond) + -6.0000*S(metal) + -3.0000*S(cho) )

Score = CHEMPLP - 1.0000*DE(clash) - 2.0000*DE(tors)

Internal energy term has been corrected with the best internal energy encountered.

--------------------------------------------------------------------------------


     Score     S(PLP)   S(hbond)     S(cho)   S(metal)  DE(clash)   DE(tors)     intcor
     44.90     -31.82       4.98       0.00       0.00       0.00       0.94       0.01

--------------------------------------------------------------------------------
--- PLP analysis of protein-ligand interactions                              ---
--------------------------------------------------------------------------------
hydrogen bonding        :      -3.94
metal                   :       0.00
buried (polar-nonpolar) :      -1.61
nonpolar                :     -26.79
repulsive               :       0.08
--------------------------------------------------------------------------------


--------------------------------------------------------------------------------
--- ChemScore analysis of protein-ligand interactions                        ---
--------------------------------------------------------------------------------

* Hydrogen bonds                                                                
Ligand donor    1 hydrogen   20 Protein acceptor 10175 bond energy  1.00 wt 1.00
Ligand donor    4 hydrogen   31 Protein acceptor 7948 bond energy  1.00 wt 1.98
Protein donor 7997 hydrogen 8009 Ligand acceptor    8 bond energy  1.00 wt 2.00


* CH..O interactions                                                            
  CH group selection                       : activated ring CH (adjacent to hetatom)

--------------------------------------------------------------------------------


--------------------------------------------------------------------------------
--- Intra-ligand clashes                                                     ---
--------------------------------------------------------------------------------

Ligand
--------------------------------------------------------------------------------

--------------------------------------------------------------------------------
--- Rescoring solution                                                       ---
--------------------------------------------------------------------------------

     Score         DG    S(hbond)    S(metal)    S(lipo)     H(rot)  DE(clash)    DE(int)
     17.51     -19.65       2.59        0.00      79.69       1.48       1.10       1.04

Doing AMOEBA simplex on best individual
Done simplexing #iterations 585, best score  18.71

     Score         DG    S(hbond)    S(metal)    S(lipo)     H(rot)  DE(clash)    DE(int)
     18.71     -19.38       2.63        0.00      76.18       1.48       0.12       0.55

--------------------------------------------------------------------------------
--- ChemScore breakdown of terms                                             ---
--------------------------------------------------------------------------------
DG = -5.4800 + -3.3400*S(hbond)
     + -6.0300*S(metal) + -0.1170*S(lipo) + 2.5600*H(rot)


H(rot) = 1.4804

Score = -(DG + DE(clash) + DE(int))


--------------------------------------------------------------------------------


--------------------------------------------------------------------------------
--- ChemScore analysis of protein-ligand interactions                        ---
--------------------------------------------------------------------------------

* Hydrogen bonds                                                                
Ligand donor    1 hydrogen   20 Protein acceptor 10175 bond energy  1.00 wt 0.99
Ligand donor    4 hydrogen   31 Protein acceptor 7948 bond energy  1.00 wt 0.82
Protein donor 7997 hydrogen 8009 Ligand acceptor    8 bond energy  1.00 wt 0.82

CHEMSCORE EXTRA INTERACTIONS:

* Clashes                                                                       
Clash for ligand atom   5 (**** ):   0.12
--------------------------------------------------------------------------------


--------------------------------------------------------------------------------
--- Chromosome decoded                                                       ---
--------------------------------------------------------------------------------
Ligand Torsions
[  20    1    2   18]   12.47
[   4    5    6   16] -106.20
[  15   10    9    8]  -38.51
Protein Torsions
[6907 6896 6895 6894] -173.79 
[7974 7965 7964 7962]   16.54 
[8008 7997 7996 7995] -154.73 
[10167 10162 10161 10158] -114.00 
[10718 10713 10712 10709]   -8.93 
[10763 10752 10751 10750]   60.62 
[11005 11000 10999 10996]   86.54 
Mapping
Ligand acceptors to protein hydrogens (mapping then atom ids)
  3  20 [  8->8009]
Ligand hydrogens to protein acceptors (mapping then atom ids)
  3   7 [ 31->7948]
Ligand shape atoms to protein points (mapping then atom ids & coords)
  1  6133 [  2->(148.000 139.750 153.750)]
  4  7500 [ 11->(150.750 141.500 157.750)]
  5  8582 [ 12->(151.750 143.750 159.250)]
  7  9777 [ 14->(154.000 141.750 160.500)]
  9  6374 [ 17->(148.500 140.250 154.000)]
Chromosome values
Integers:
  -1   -1   19   -1   -1   -1    6 6132   -1   -1 7499 8581 
  -1 9776   -1 6373 
--------------------------------------------------------------------------------

Current Ranking  1

--------------------------------------------------------------------------------

* GA execution time :                                                           
  total  0.6004 user  0.6004 sys  0.0000

--------------------------------------------------------------------------------
Fitness function evaluations: 69076

--------------------------------------------------------------------------------
** Docking run number  2 **
--------------------------------------------------------------------------------
  Rank fitness base is 5000.00 ; increment is 11.2233

* Initialising population(s) ...                                                
Number of constraints mappings 0
Number of constraints 0
  Population no.                           :      1
  Population size                          :    100
  Number of duplicates                     :      0
  Number of niche violations               :      0
  Number of errors                         :   5119

Number of constraints mappings 0
Number of constraints 0
  Population no.                           :      2
  Population size                          :    100
  Number of duplicates                     :      0
  Number of niche violations               :      0
  Number of errors                         :   5066

Number of constraints mappings 0
Number of constraints 0
  Population no.                           :      3
  Population size                          :    100
  Number of duplicates                     :      0
  Number of niche violations               :      0
  Number of errors                         :   5086


Doing GA, no. of population(s) 3 size 100 selection pressure 1.100000

 Operation      Score     S(PLP)   S(hbond)     S(cho)   S(metal)  DE(clash)   DE(tors)     intcor
         0      26.57     -29.20       0.00       0.00       0.00       0.00       1.32       0.00
       477      27.17     -26.44       0.62       0.00       0.00       0.00       0.57       0.00
       557      29.25     -26.54       1.00       0.00       0.00       0.00       0.15       0.00
       967      35.32     -35.48       0.27       0.00       0.00       0.00       0.49       0.00
      1673      35.81     -32.77       1.15       0.00       0.00       0.00       0.21       0.00
      2114      36.19     -33.18       1.07       0.00       0.00       0.00       0.11       0.00
      2842      39.10     -33.43       2.98       0.00       0.00       0.00       1.63       0.00
      3699      40.21     -35.06       2.80       0.00       0.00       0.00       1.63       0.00
      3711      40.27     -35.64       2.63       0.00       0.00       0.00       1.63       0.00
      6307      40.34     -35.93       2.51       0.00       0.00       0.00       1.56       0.00
      6891      40.52     -35.64       2.71       0.00       0.00       0.00       1.63       0.00
      7102      40.60     -35.93       2.59       0.00       0.00       0.00       1.56       0.00
      8277      40.61     -35.64       2.74       0.00       0.00       0.00       1.63       0.00
      8675      40.92     -34.97       3.07       0.00       0.00       0.00       1.63       0.00
      9111      41.05     -34.97       3.11       0.00       0.00       0.00       1.63       0.00
      9654      41.24     -35.09       3.11       0.00       0.00       0.00       1.59       0.00
     11749      41.49     -35.33       2.56       0.00       0.00       0.00       0.76       0.00
     12021      42.08     -34.76       3.37       0.00       0.00       0.00       1.39       0.00
     12474      42.32     -35.04       3.06       0.00       0.00       0.00       0.94       0.00
     12712      42.76     -35.04       3.20       0.00       0.00       0.00       0.94       0.00
     13543      44.30     -35.37       3.61       0.00       0.00       0.00       0.94       0.00
     14929      45.09     -35.73       3.75       0.00       0.00       0.00       0.94       0.00
     16254      45.26     -34.17       4.32       0.00       0.00       0.00       0.94       0.00
     19470      45.27     -34.16       4.31       0.00       0.00       0.00       0.91       0.00
     19480      45.34     -35.30       3.79       0.00       0.00       0.00       0.66       0.00
     19584      45.71     -33.87       4.39       0.00       0.00       0.00       0.66       0.00
     20044      45.86     -33.63       4.43       0.00       0.00       0.00       0.53       0.00
     21963      45.87     -33.90       4.47       0.00       0.00       0.00       0.72       0.00
     22847      45.89     -33.66       4.44       0.00       0.00       0.00       0.55       0.00
     22973      45.95     -33.69       4.49       0.00       0.00       0.00       0.61       0.00
     23693      46.00     -33.69       4.51       0.00       0.00       0.00       0.61       0.00
--------------------------------------------------------------------------------
Best docking solution after GA:
     31000      46.00     -33.69       4.51       0.00       0.00       0.00       0.61       0.00

#ops:      31000 #mutates:  14649 #cross:    14814 #migrate:   1537 
#dups:     10047 #niche:    18656 #errors:     721 
--------------------------------------------------------------------------------

Doing AMOEBA simplex on best individual
Done simplexing #iterations 673, best score  46.16

Ligand is stored in gold_soln_AV-procd_m428_2.sdf


--------------------------------------------------------------------------------
--- CHEMPLP breakdown of terms                                               ---
--------------------------------------------------------------------------------
CHEMPLP = - ( 1.0000*S(PLP) + -3.0000*S(hbond) + -6.0000*S(metal) + -3.0000*S(cho) )

Score = CHEMPLP - 1.0000*DE(clash) - 2.0000*DE(tors)

Internal energy term has been corrected with the best internal energy encountered.

--------------------------------------------------------------------------------


     Score     S(PLP)   S(hbond)     S(cho)   S(metal)  DE(clash)   DE(tors)     intcor
     46.16     -34.07       4.49       0.00       0.00       0.00       0.68       0.00

--------------------------------------------------------------------------------
--- PLP analysis of protein-ligand interactions                              ---
--------------------------------------------------------------------------------
hydrogen bonding        :      -4.00
metal                   :       0.00
buried (polar-nonpolar) :      -2.70
nonpolar                :     -27.36
repulsive               :       0.21
--------------------------------------------------------------------------------


--------------------------------------------------------------------------------
--- ChemScore analysis of protein-ligand interactions                        ---
--------------------------------------------------------------------------------

* Hydrogen bonds                                                                
Ligand donor    1 hydrogen   20 Protein acceptor 10175 bond energy  1.00 wt 1.00
Ligand donor    4 hydrogen   31 Protein acceptor 7957 bond energy  1.00 wt 1.00
Protein donor 7989 hydrogen 7998 Ligand acceptor    7 bond energy  1.00 wt 0.60
Protein donor 7997 hydrogen 8009 Ligand acceptor    8 bond energy  1.00 wt 1.89


* CH..O interactions                                                            
  CH group selection                       : activated ring CH (adjacent to hetatom)

--------------------------------------------------------------------------------


--------------------------------------------------------------------------------
--- Intra-ligand clashes                                                     ---
--------------------------------------------------------------------------------

Ligand
--------------------------------------------------------------------------------

--------------------------------------------------------------------------------
--- Rescoring solution                                                       ---
--------------------------------------------------------------------------------

     Score         DG    S(hbond)    S(metal)    S(lipo)     H(rot)  DE(clash)    DE(int)
     19.67     -20.52       2.79        0.00      81.24       1.48       0.23       0.61

Doing AMOEBA simplex on best individual
Done simplexing #iterations 536, best score  20.00

     Score         DG    S(hbond)    S(metal)    S(lipo)     H(rot)  DE(clash)    DE(int)
     20.00     -20.81       2.87        0.00      81.65       1.48       0.23       0.58

--------------------------------------------------------------------------------
--- ChemScore breakdown of terms                                             ---
--------------------------------------------------------------------------------
DG = -5.4800 + -3.3400*S(hbond)
     + -6.0300*S(metal) + -0.1170*S(lipo) + 2.5600*H(rot)


H(rot) = 1.4804

Score = -(DG + DE(clash) + DE(int))


--------------------------------------------------------------------------------


--------------------------------------------------------------------------------
--- ChemScore analysis of protein-ligand interactions                        ---
--------------------------------------------------------------------------------

* Hydrogen bonds                                                                
Ligand donor    1 hydrogen   20 Protein acceptor 10175 bond energy  1.00 wt 0.96
Ligand donor    4 hydrogen   31 Protein acceptor 7957 bond energy  1.00 wt 0.99
Protein donor 7989 hydrogen 7998 Ligand acceptor    7 bond energy  1.00 wt 0.03
Protein donor 7997 hydrogen 8009 Ligand acceptor    8 bond energy  1.00 wt 0.89

CHEMSCORE EXTRA INTERACTIONS:

* Clashes                                                                       
Clash for ligand atom   6 (**** ):   0.12
Clash for ligand atom   8 (**** ):   0.11
--------------------------------------------------------------------------------


--------------------------------------------------------------------------------
--- Chromosome decoded                                                       ---
--------------------------------------------------------------------------------
Ligand Torsions
[  20    1    2   18]   38.72
[   4    5    6   16] -133.79
[  15   10    9    8]  149.78
Protein Torsions
[6907 6896 6895 6894]   76.78 
[7974 7965 7964 7962]   85.44 
[8008 7997 7996 7995] -161.53 
[10167 10162 10161 10158]  -74.22 
[10718 10713 10712 10709]   42.70 
[10763 10752 10751 10750]  165.08 
[11005 11000 10999 10996] -124.42 
Mapping
Ligand acceptors to protein hydrogens (mapping then atom ids)
  2  18 [  7->7998]
Ligand hydrogens to protein acceptors (mapping then atom ids)
Ligand shape atoms to protein points (mapping then atom ids & coords)
  1  5329 [  2->(146.750 140.750 153.500)]
  2  6261 [  3->(148.250 140.500 154.000)]
  3  6377 [  5->(148.500 140.500 154.250)]
  5  9777 [ 12->(154.000 141.750 160.500)]
  8  8771 [ 15->(152.000 141.750 159.750)]
Chromosome values
Integers:
  -1   17   -1   -1   -1   -1   -1 5328 6260 6376   -1 9776 
  -1   -1 8770   -1 
--------------------------------------------------------------------------------

Current Ranking  2  1

--------------------------------------------------------------------------------

* GA execution time :                                                           
  total  0.5969 user  0.5969 sys  0.0000

--------------------------------------------------------------------------------
Fitness function evaluations: 69214

--------------------------------------------------------------------------------
** Docking run number  3 **
--------------------------------------------------------------------------------
  Rank fitness base is 5000.00 ; increment is 11.2233

* Initialising population(s) ...                                                
Number of constraints mappings 0
Number of constraints 0
  Population no.                           :      1
  Population size                          :    100
  Number of duplicates                     :      0
  Number of niche violations               :      0
  Number of errors                         :   5202

Number of constraints mappings 0
Number of constraints 0
  Population no.                           :      2
  Population size                          :    100
  Number of duplicates                     :      0
  Number of niche violations               :      0
  Number of errors                         :   5174

Number of constraints mappings 0
Number of constraints 0
  Population no.                           :      3
  Population size                          :    100
  Number of duplicates                     :      0
  Number of niche violations               :      0
  Number of errors                         :   5394


Doing GA, no. of population(s) 3 size 100 selection pressure 1.100000

 Operation      Score     S(PLP)   S(hbond)     S(cho)   S(metal)  DE(clash)   DE(tors)     intcor
         0      28.73     -23.76       1.89       0.00       0.00       0.00       0.35       0.00
       801      30.92     -29.14       1.63       0.00       0.00       0.00       1.56       0.00
      1177      31.70     -30.68       0.64       0.00       0.00       0.00       0.45       0.00
      1381      33.68     -28.28       2.03       0.00       0.00       0.00       0.35       0.00
      2438      35.01     -28.39       2.74       0.00       0.00       0.00       0.80       0.00
      2737      35.17     -30.69       2.26       0.00       0.00       0.00       1.16       0.00
      2971      36.17     -29.44       2.77       0.00       0.00       0.00       0.80       0.00
      3629      37.20     -33.47       1.94       0.00       0.00       0.00       1.05       0.00
      3953      37.21     -30.22       2.90       0.00       0.00       0.00       0.86       0.00
      4086      38.62     -32.96       2.68       0.00       0.00       0.00       1.19       0.00
      4790      40.45     -35.48       2.36       0.00       0.00       0.00       1.05       0.00
      5277      41.33     -33.51       3.31       0.00       0.00       0.00       1.06       0.00
      6158      41.62     -36.07       2.54       0.00       0.00       0.00       1.03       0.00
      6732      42.67     -36.16       2.87       0.00       0.00       0.00       1.05       0.00
      8127      42.86     -35.38       3.18       0.00       0.00       0.00       1.03       0.00
      8228      43.20     -36.76       2.83       0.00       0.00       0.00       1.03       0.00
      8732      43.40     -34.95       3.46       0.00       0.00       0.00       0.97       0.00
      8893      43.41     -35.08       3.46       0.00       0.00       0.00       1.03       0.00
      9016      43.80     -34.89       3.66       0.00       0.00       0.00       1.03       0.00
     10916      44.10     -35.50       3.55       0.00       0.00       0.00       1.03       0.00
     11855      44.38     -35.93       3.42       0.00       0.00       0.00       0.91       0.00
     12200      44.59     -36.33       3.53       0.00       0.00       0.00       1.16       0.00
     13289      45.20     -34.66       4.04       0.00       0.00       0.00       0.80       0.00
     13664      45.39     -34.73       4.08       0.00       0.00       0.00       0.80       0.00
     15635      45.52     -35.45       3.89       0.00       0.00       0.00       0.80       0.00
     17062      45.75     -35.48       3.95       0.00       0.00       0.00       0.80       0.00
     20793      45.79     -34.86       4.10       0.00       0.00       0.00       0.69       0.00
     22735      45.84     -35.10       4.11       0.00       0.00       0.00       0.80       0.00
     22823      45.90     -35.08       4.17       0.00       0.00       0.00       0.85       0.00
--------------------------------------------------------------------------------
Best docking solution after GA:
     31000      45.90     -35.08       4.17       0.00       0.00       0.00       0.85       0.00

#ops:      31000 #mutates:  14941 #cross:    14520 #migrate:   1539 
#dups:      9782 #niche:    21143 #errors:     649 
--------------------------------------------------------------------------------

Doing AMOEBA simplex on best individual
Done simplexing #iterations 403, best score  46.19

Ligand is stored in gold_soln_AV-procd_m428_3.sdf


--------------------------------------------------------------------------------
--- CHEMPLP breakdown of terms                                               ---
--------------------------------------------------------------------------------
CHEMPLP = - ( 1.0000*S(PLP) + -3.0000*S(hbond) + -6.0000*S(metal) + -3.0000*S(cho) )

Score = CHEMPLP - 1.0000*DE(clash) - 2.0000*DE(tors)

Internal energy term has been corrected with the best internal energy encountered.

--------------------------------------------------------------------------------


     Score     S(PLP)   S(hbond)     S(cho)   S(metal)  DE(clash)   DE(tors)     intcor
     46.19     -35.14       4.14       0.00       0.00       0.00       0.69       0.00

--------------------------------------------------------------------------------
--- PLP analysis of protein-ligand interactions                              ---
--------------------------------------------------------------------------------
hydrogen bonding        :      -3.96
metal                   :       0.00
buried (polar-nonpolar) :      -1.28
nonpolar                :     -28.36
repulsive               :       0.22
--------------------------------------------------------------------------------


--------------------------------------------------------------------------------
--- ChemScore analysis of protein-ligand interactions                        ---
--------------------------------------------------------------------------------

* Hydrogen bonds                                                                
Ligand donor    1 hydrogen   20 Protein acceptor 10175 bond energy  1.00 wt 1.00
Ligand donor    4 hydrogen   31 Protein acceptor 7957 bond energy  1.00 wt 1.00
Protein donor 7989 hydrogen 7998 Ligand acceptor    7 bond energy  1.00 wt 0.45
Protein donor 7997 hydrogen 8009 Ligand acceptor    8 bond energy  1.00 wt 1.69


* CH..O interactions                                                            
  CH group selection                       : activated ring CH (adjacent to hetatom)

--------------------------------------------------------------------------------


--------------------------------------------------------------------------------
--- Intra-ligand clashes                                                     ---
--------------------------------------------------------------------------------

Ligand
--------------------------------------------------------------------------------

--------------------------------------------------------------------------------
--- Rescoring solution                                                       ---
--------------------------------------------------------------------------------

     Score         DG    S(hbond)    S(metal)    S(lipo)     H(rot)  DE(clash)    DE(int)
     19.32     -20.56       2.71        0.00      83.85       1.48       0.39       0.85

Doing AMOEBA simplex on best individual
Done simplexing #iterations 588, best score  20.05

     Score         DG    S(hbond)    S(metal)    S(lipo)     H(rot)  DE(clash)    DE(int)
     20.05     -20.97       2.77        0.00      85.83       1.48       0.27       0.64

--------------------------------------------------------------------------------
--- ChemScore breakdown of terms                                             ---
--------------------------------------------------------------------------------
DG = -5.4800 + -3.3400*S(hbond)
     + -6.0300*S(metal) + -0.1170*S(lipo) + 2.5600*H(rot)


H(rot) = 1.4804

Score = -(DG + DE(clash) + DE(int))


--------------------------------------------------------------------------------


--------------------------------------------------------------------------------
--- ChemScore analysis of protein-ligand interactions                        ---
--------------------------------------------------------------------------------

* Hydrogen bonds                                                                
Ligand donor    1 hydrogen   20 Protein acceptor 10175 bond energy  1.00 wt 0.96
Ligand donor    4 hydrogen   31 Protein acceptor 7957 bond energy  1.00 wt 0.96
Protein donor 7989 hydrogen 7998 Ligand acceptor    7 bond energy  1.00 wt 0.01
Protein donor 7997 hydrogen 8009 Ligand acceptor    8 bond energy  1.00 wt 0.83

CHEMSCORE EXTRA INTERACTIONS:

* Clashes                                                                       
Clash for ligand atom   6 (**** ):   0.12
Clash for ligand atom   8 (**** ):   0.11
Clash for ligand atom   9 (**** ):   0.04
--------------------------------------------------------------------------------


--------------------------------------------------------------------------------
--- Chromosome decoded                                                       ---
--------------------------------------------------------------------------------
Ligand Torsions
[  20    1    2   18]   57.04
[   4    5    6   16] -136.23
[  15   10    9    8]  -26.25
Protein Torsions
[6907 6896 6895 6894]  -76.03 
[7974 7965 7964 7962]   51.13 
[8008 7997 7996 7995] -161.26 
[10167 10162 10161 10158]   -2.05 
[10718 10713 10712 10709]   69.57 
[10763 10752 10751 10750]    5.85 
[11005 11000 10999 10996]  154.31 
Mapping
Ligand acceptors to protein hydrogens (mapping then atom ids)
  2  18 [  7->7998]
Ligand hydrogens to protein acceptors (mapping then atom ids)
  1  24 [ 20->10175]
  3   9 [ 31->7957]
Ligand shape atoms to protein points (mapping then atom ids & coords)
  1  5766 [  2->(147.250 140.500 154.250)]
  4  8582 [ 11->(151.750 143.750 159.250)]
  5  9453 [ 12->(152.750 143.250 160.750)]
  9  6506 [ 17->(148.750 140.500 154.500)]
Chromosome values
Integers:
  -1   17   -1   -1   23   -1    8 5765   -1   -1 8581 9452 
  -1   -1   -1 6505 
--------------------------------------------------------------------------------

Current Ranking  3  2  1

Top  3 (of  3) solutions are within 1.500 RMSD, finishing docking /DATA2/COVID-19/PDBs_&_Models/AV-procd.sdf.


--------------------------------------------------------------------------------

* GA execution time :                                                           
  total  0.6170 user  0.6130 sys  0.0040

--------------------------------------------------------------------------------
Fitness function evaluations: 69224

--------------------------------------------------------------------------------
--- Ranking analysis                                                         ---
--------------------------------------------------------------------------------


* Final ranked order of GA solutions:                                           
   3  2  1 

  _______________________________
  RMSD Matrix of RANKED solutions

        2    3  

   1 :  0.2  1.1
   2 :       1.0

  Clustering method                        : complete linkage
  Structure ids in cluster table           : rank nos.
  Ordering of clusters and their members   : by rank (order if from rms_analysis)

  Distance | Clusters
   0.20    |  1  2 |  3 |
   1.08    |  1  2  3 |
  Finished Docking Ligand                  : /DATA2/COVID-19/PDBs_&_Models/AV-procd.sdf
--------------------------------------------------------------------------------

  Relative_Ligand_Energy (best encountered) :   0.005
  Relative_Ligand_Energy: fitness values have been corrected using this amount
