# WARNING: atom    1 in /DATA2/COVID-19/PDBs_&_Models/AV-procd.sdf is deduced as a singly charged oxygen
# WARNING: atom    1 in /DATA2/COVID-19/PDBs_&_Models/AV-procd.sdf is deduced as a singly charged oxygen

--------------------------------------------------------------------------------
--- Ligand                                                                   ---
--------------------------------------------------------------------------------
  Ligand loaded from file                  : /DATA2/COVID-19/PDBs_&_Models/AV-procd.sdf
  Ligand name                              :  
  "AV-unprocessed.smi:2557                                                  "

--------------------------------------------------------------------------------
  N.plc donors                             : 
  pro:   14 
  

  Acidic nitrogen acceptors                : 
  none found
  Sulfur acceptors                         :
  none found

   1 (single OCO2 atom)

  Donor atoms                              :      3
  6   14  15  
  Acceptor atoms                           :      3
  1   5   19  

  Hydrogens                                :  (n = 3)
  39   33   34   

  Lone pairs added to molecule             :      4
  Numbering                                : from 1 to 42
  Choline groups                           : 
   

--------------------------------------------------------------------------------
--- Postprocessing of typing                                                 ---
--------------------------------------------------------------------------------
  Fragment file                            : /home/scv26/CCDC/Discovery_2020/GOLD/gold/rotatable_bond_override.mol2
  acylurea fragment                        : no matches
  thioacylthiourea fragment                : no matches
  acylthiourea fragment                    : no matches
  thioacylurea fragment                    : no matches
  diarylamine fragment >C.ar-NH-C.ar<      : no matches
  sec-amine (1) fragment                   : no matches
  sec-amine (2) fragment                   : no matches
  sec-amine (3) fragment                   : no matches
  carboxylic ester                         : no matches

* Rotatable bonds in /DATA2/COVID-19/PDBs  :
  [   2   16] [   7    8] 
  No. of rotatable bonds                   :      2


* Fragments found in /DATA2/COVID-19/PDBs  :


* Checking torsion distributions:                                               
  No. of matched torsions                  :      0

--------------------------------------------------------------------------------
--- Shape fitting atoms selection (hydrophobic atoms)                        ---
--------------------------------------------------------------------------------
  Molecule                                 : /DATA2/COVID-19/PDBs_&_Models/AV-procd.sdf
  Selection                                : carbons only
  Atom numbers                             :  (n = 10)
  8    9    10   11   12   13   17   18   20   21   
  


--------------------------------------------------------------------------------
--- ChemScore ligand setup summary                                           ---
--------------------------------------------------------------------------------
  ChemScore ligand acceptors               :      3
  1 [-] 5 19 
  ChemScore ligand donors                  :      3
  6 ( 39  ) 14 ( 33 [+]  ) 15 ( 34  ) 
  ChemScore ligand CH donors               :      2
  18 ( 36 ) 20 ( 37 ) 

  ChemScore ligand lipophilic atoms        :  (n = 13)
  2    3    8    9    10   11   12   13   16   17   
  18   20   21   

  ChemScore ligand rotatable bonds         :      2
  2   (****) - 16  (****): SP2_SP2_BOND
  7   (****) - 8   (****): SP3_SP2_BOND

--------------------------------------------------------------------------------
--- PLP ligand setup summary                                                 ---
--------------------------------------------------------------------------------
    1  **** O.co2 ACCEPTOR
    2  ****   C.2 NONPOLAR
    3  ****   C.2 NONPOLAR
    4  ****   C.2 NONPOLAR
    5  ****   O.2 ACCEPTOR
    6  ****  N.am DONOR
    7  ****   C.2 NONPOLAR
    8  ****   C.3 NONPOLAR
    9  ****   C.3 NONPOLAR
   10  ****   C.3 NONPOLAR
   11  ****   C.3 NONPOLAR
   12  ****   C.3 NONPOLAR
   13  ****   C.3 NONPOLAR
   14  **** N.pl3 DONOR
   15  **** N.pl3 DONOR
   16  ****  C.ar NONPOLAR
   17  ****  C.ar NONPOLAR
   18  ****  C.ar NONPOLAR
   19  ****  N.ar ACCEPTOR
   20  ****  C.ar NONPOLAR
   21  ****  C.ar NONPOLAR


--------------------------------------------------------------------------------
--- Automatic parameter setting                                              ---
--------------------------------------------------------------------------------
  Contribution base                        :   2500
  Contribution per rotatable bond          :   6000
  Contribution per df                      :   4000
  Contribution per water                   :  10000
  Ligand rotatable bonds                   :      2
  Protein flexible side chain bonds        :      0
  Total rotatable bonds                    :      2
  Hydrophobic vol ratio (P/L)              :   2.307
  Base multiplier (polar)                  :   1.200
  Base multiplier (apolar)                 :   4.614
  Base contribution                        : 12500.000
  Fitting points                           :      6
  Estimated maxops needed (optimal)        :  25000

--------------------------------------------------------------------------------

* Population settings                                                           
  maxops                                   :  25000
  popsiz                                   :    100
  select_pressure                          :   1.100
  n_islands                                :      2
  niche_siz                                :      2

* GA settings                                                                   
  pt_crosswt                               :     95
  allele_mutatewt                          :     95
  migratewt                                :     10

* Search settings                                                               
  start_vdw_linear_cutoff                  :   4.000
  initial_virtual_pt_match_max             :   3.000

--------------------------------------------------------------------------------

* Ligand initialisation time :                                                  
  total  0.0078 user  0.0078 sys  0.0000

--------------------------------------------------------------------------------

--------------------------------------------------------------------------------
** Docking run number  1 **
--------------------------------------------------------------------------------
  Rank fitness base is 5000.00 ; increment is 11.2233

* Initialising population(s) ...                                                
Number of constraints mappings 0
Number of constraints 0
  Population no.                           :      1
  Population size                          :    100
  Number of duplicates                     :      0
  Number of niche violations               :      0
  Number of errors                         :   5202

Number of constraints mappings 0
Number of constraints 0
  Population no.                           :      2
  Population size                          :    100
  Number of duplicates                     :      0
  Number of niche violations               :      0
  Number of errors                         :   5373


Doing GA, no. of population(s) 2 size 100 selection pressure 1.100000

 Operation      Score     S(PLP)   S(hbond)     S(cho)   S(metal)  DE(clash)   DE(tors)     intcor
         0      27.79     -24.07       1.89       0.00       0.00       1.07       1.59       2.27
       395      28.65     -24.37       2.74       0.00       0.00       3.91       1.16       2.27
      1551      29.97     -22.33       3.39       0.00       0.00       0.68       2.06       2.27
      1906      29.99     -25.38       2.00       0.00       0.00       1.07       1.28       2.24
      2220      30.70     -26.09       2.00       0.00       0.00       1.07       1.28       2.24
      2441      34.70     -29.46       2.71       0.00       0.00       1.27       1.92       2.24
      2923      34.81     -29.46       2.74       0.00       0.00       1.27       1.92       2.24
      3326      35.00     -29.46       2.80       0.00       0.00       1.27       1.92       2.24
      4031      35.00     -29.60       2.73       0.00       0.00       1.09       1.97       2.24
      4531      35.16     -29.46       2.86       0.00       0.00       1.27       1.92       2.24
      4756      35.80     -29.46       3.07       0.00       0.00       1.27       1.92       2.24
      7246      35.80     -29.46       3.07       0.00       0.00       1.27       1.92       2.24
      7644      35.89     -29.44       3.11       0.00       0.00       1.27       1.92       2.24
      8016      35.91     -29.84       2.81       0.00       0.00       0.45       2.07       2.24
      8894      35.98     -29.79       2.90       0.00       0.00       0.68       2.04       2.24
      9294      36.07     -29.78       2.93       0.00       0.00       0.68       2.04       2.24
     10833      36.62     -30.01       2.90       0.00       0.00       0.68       1.83       2.24
     11273      36.73     -30.23       2.75       0.00       0.00       0.22       1.88       2.24
     12067      36.79     -30.03       2.93       0.00       0.00       0.68       1.80       2.24
     12935      36.80     -30.03       2.94       0.00       0.00       0.68       1.80       2.24
     12975      36.89     -30.23       2.80       0.00       0.00       0.22       1.88       2.24
     13945      36.90     -30.24       2.80       0.00       0.00       0.22       1.88       2.24
     14145      37.27     -30.27       2.91       0.00       0.00       0.22       1.88       2.24
     14731      37.35     -30.28       2.91       0.00       0.00       0.22       1.85       2.24
     16886      37.37     -30.28       2.92       0.00       0.00       0.22       1.85       2.24
--------------------------------------------------------------------------------
Best docking solution after GA:
     25000      37.37     -30.28       2.92       0.00       0.00       0.22       1.85       2.24

#ops:      25000 #mutates:  11843 #cross:    11894 #migrate:   1263 
#dups:      6193 #niche:    11341 #errors:    1843 
--------------------------------------------------------------------------------

Doing AMOEBA simplex on best individual
Done simplexing #iterations 580, best score  39.38

Ligand is stored in gold_soln_AV-procd_m10031_1.sdf


--------------------------------------------------------------------------------
--- CHEMPLP breakdown of terms                                               ---
--------------------------------------------------------------------------------
CHEMPLP = - ( 1.0000*S(PLP) + -3.0000*S(hbond) + -6.0000*S(metal) + -3.0000*S(cho) )

Score = CHEMPLP - 1.0000*DE(clash) - 2.0000*DE(tors)

Internal energy term has been corrected with the best internal energy encountered.

--------------------------------------------------------------------------------


     Score     S(PLP)   S(hbond)     S(cho)   S(metal)  DE(clash)   DE(tors)     intcor
     39.38     -30.80       3.36       0.00       0.00       0.00       1.87       2.24

--------------------------------------------------------------------------------
--- PLP analysis of protein-ligand interactions                              ---
--------------------------------------------------------------------------------
hydrogen bonding        :      -4.83
metal                   :       0.00
buried (polar-nonpolar) :      -3.26
nonpolar                :     -24.03
repulsive               :       0.09
--------------------------------------------------------------------------------


--------------------------------------------------------------------------------
--- ChemScore analysis of protein-ligand interactions                        ---
--------------------------------------------------------------------------------

* Hydrogen bonds                                                                
Ligand donor   14 hydrogen   33 Protein acceptor 7948 bond energy  1.00 wt 1.28
Ligand donor   15 hydrogen   34 Protein acceptor 7948 bond energy  1.00 wt 0.02
Protein donor 6896 hydrogen 6907 Ligand acceptor    5 bond energy  1.00 wt 0.98
Protein donor 6896 hydrogen 6908 Ligand acceptor    1 bond energy  1.00 wt 0.08
Protein donor 7989 hydrogen 7998 Ligand acceptor   19 bond energy  1.00 wt 1.00


* CH..O interactions                                                            
  CH group selection                       : activated ring CH (adjacent to hetatom)

--------------------------------------------------------------------------------


--------------------------------------------------------------------------------
--- Intra-ligand clashes                                                     ---
--------------------------------------------------------------------------------

Ligand
--------------------------------------------------------------------------------

--------------------------------------------------------------------------------
--- Rescoring solution                                                       ---
--------------------------------------------------------------------------------

     Score         DG    S(hbond)    S(metal)    S(lipo)     H(rot)  DE(clash)    DE(int)
     11.38     -15.91       1.34        0.00      72.69       1.00       1.64       2.90

Doing AMOEBA simplex on best individual
Done simplexing #iterations 688, best score  14.70

     Score         DG    S(hbond)    S(metal)    S(lipo)     H(rot)  DE(clash)    DE(int)
     14.70     -17.64       2.07        0.00      66.67       1.00       0.00       2.93

--------------------------------------------------------------------------------
--- ChemScore breakdown of terms                                             ---
--------------------------------------------------------------------------------
DG = -5.4800 + -3.3400*S(hbond)
     + -6.0300*S(metal) + -0.1170*S(lipo) + 2.5600*H(rot)


H(rot) = 1.0000

Score = -(DG + DE(clash) + DE(int))


--------------------------------------------------------------------------------


--------------------------------------------------------------------------------
--- ChemScore analysis of protein-ligand interactions                        ---
--------------------------------------------------------------------------------

* Hydrogen bonds                                                                
Ligand donor   14 hydrogen   33 Protein acceptor 7948 bond energy  1.00 wt 0.24
Protein donor 6896 hydrogen 6907 Ligand acceptor    5 bond energy  1.00 wt 0.98
Protein donor 6896 hydrogen 6908 Ligand acceptor    1 bond energy  1.00 wt 0.15
Protein donor 7989 hydrogen 7998 Ligand acceptor   19 bond energy  1.00 wt 0.71

CHEMSCORE EXTRA INTERACTIONS:

* Clashes                                                                       
--------------------------------------------------------------------------------


--------------------------------------------------------------------------------
--- Chromosome decoded                                                       ---
--------------------------------------------------------------------------------
Ligand Torsions
[  21   16    2    1]   59.70
[  13    8    7    6]   27.06
Protein Torsions
[6907 6896 6895 6894] -145.68 
[7974 7965 7964 7962] -110.19 
[8008 7997 7996 7995]  176.90 
[10167 10162 10161 10158]  -90.59 
[10718 10713 10712 10709]   79.00 
[10763 10752 10751 10750]  144.88 
[11005 11000 10999 10996]   19.31 
Mapping
Ligand acceptors to protein hydrogens (mapping then atom ids)
  3  18 [ 19->7998]
Ligand hydrogens to protein acceptors (mapping then atom ids)
  2   7 [ 33->7948]
Ligand shape atoms to protein points (mapping then atom ids & coords)
  3  3847 [ 10->(145.500 131.250 151.500)]
  4  4417 [ 11->(146.000 131.000 152.250)]
  5  5432 [ 12->(147.000 130.000 152.750)]
Chromosome values
Integers:
  -1   -1   17   -1    6   -1   -1   -1 3846 4416 5431   -1 
  -1   -1   -1   -1 
--------------------------------------------------------------------------------

Current Ranking  1

--------------------------------------------------------------------------------

* GA execution time :                                                           
  total  0.4798 user  0.4798 sys  0.0000

--------------------------------------------------------------------------------
Fitness function evaluations: 53414

--------------------------------------------------------------------------------
** Docking run number  2 **
--------------------------------------------------------------------------------
  Rank fitness base is 5000.00 ; increment is 11.2233

* Initialising population(s) ...                                                
Number of constraints mappings 0
Number of constraints 0
  Population no.                           :      1
  Population size                          :    100
  Number of duplicates                     :      0
  Number of niche violations               :      0
  Number of errors                         :   5114

Number of constraints mappings 0
Number of constraints 0
  Population no.                           :      2
  Population size                          :    100
  Number of duplicates                     :      0
  Number of niche violations               :      0
  Number of errors                         :   5089


Doing GA, no. of population(s) 2 size 100 selection pressure 1.100000

 Operation      Score     S(PLP)   S(hbond)     S(cho)   S(metal)  DE(clash)   DE(tors)     intcor
         0      24.95     -17.08       4.00       0.00       0.00       3.67       1.35       2.24
        69      26.08     -17.02       4.00       0.00       0.00       2.34       1.42       2.24
       517      27.22     -24.09       2.01       0.49       0.00       3.59       1.51       2.24
      1682      27.35     -24.04       2.02       0.46       0.00       3.18       1.60       2.24
      1817      30.36     -23.58       2.80       0.00       0.00       1.54       1.16       2.24
      2236      30.70     -21.11       4.00       0.00       0.00       1.69       1.48       2.24
      3292      30.77     -21.08       4.00       0.00       0.00       1.54       1.50       2.24
      3698      30.80     -20.36       4.00       0.00       0.00       0.00       1.90       2.24
      4319      31.58     -30.35       0.95       0.00       0.00       1.54       1.16       2.24
      5400      32.07     -26.48       1.47       0.88       0.00       0.60       1.55       2.24
      5516      32.75     -26.83       1.47       0.92       0.00       0.00       1.75       2.24
      7092      32.97     -22.25       3.00       1.00       0.00       0.00       1.76       2.24
      7745      33.22     -24.82       3.30       0.00       0.00       0.00       1.86       2.24
      7996      34.91     -27.68       2.91       0.00       0.00       0.00       1.86       2.24
      9958      35.00     -28.08       2.80       0.00       0.00       0.00       1.86       2.24
     16572      35.10     -28.23       2.79       0.00       0.00       0.00       1.86       2.24
     18059      35.11     -28.36       2.74       0.00       0.00       0.00       1.86       2.24
     18391      35.18     -28.43       2.74       0.00       0.00       0.00       1.86       2.24
     21538      35.71     -25.67       4.19       0.00       0.00       2.40       1.18       2.24
     22876      35.77     -25.70       4.19       0.00       0.00       2.43       1.16       2.24
     24102      35.78     -25.67       4.19       0.00       0.00       2.47       1.12       2.24
     24573      35.80     -25.72       4.19       0.00       0.00       2.46       1.14       2.24
--------------------------------------------------------------------------------
Best docking solution after GA:
     25000      35.80     -25.72       4.19       0.00       0.00       2.46       1.14       2.24

#ops:      25000 #mutates:  11796 #cross:    11940 #migrate:   1264 
#dups:      5774 #niche:    12802 #errors:    1538 
--------------------------------------------------------------------------------

Doing AMOEBA simplex on best individual
Done simplexing #iterations 658, best score  37.10

Ligand is stored in gold_soln_AV-procd_m10031_2.sdf


--------------------------------------------------------------------------------
--- CHEMPLP breakdown of terms                                               ---
--------------------------------------------------------------------------------
CHEMPLP = - ( 1.0000*S(PLP) + -3.0000*S(hbond) + -6.0000*S(metal) + -3.0000*S(cho) )

Score = CHEMPLP - 1.0000*DE(clash) - 2.0000*DE(tors)

Internal energy term has been corrected with the best internal energy encountered.

--------------------------------------------------------------------------------


     Score     S(PLP)   S(hbond)     S(cho)   S(metal)  DE(clash)   DE(tors)     intcor
     37.10     -26.84       4.26       0.00       0.00       2.47       1.14       2.24

--------------------------------------------------------------------------------
--- PLP analysis of protein-ligand interactions                              ---
--------------------------------------------------------------------------------
hydrogen bonding        :      -4.06
metal                   :       0.00
buried (polar-nonpolar) :      -2.51
nonpolar                :     -20.77
repulsive               :       0.06
--------------------------------------------------------------------------------


--------------------------------------------------------------------------------
--- ChemScore analysis of protein-ligand interactions                        ---
--------------------------------------------------------------------------------

* Hydrogen bonds                                                                
Ligand donor   14 hydrogen   33 Protein acceptor 7948 bond energy  1.00 wt 2.00
Protein donor 6896 hydrogen 6907 Ligand acceptor    1 bond energy  1.00 wt 1.44
Protein donor 6896 hydrogen 6909 Ligand acceptor    5 bond energy  1.00 wt 0.82


* CH..O interactions                                                            
  CH group selection                       : activated ring CH (adjacent to hetatom)

--------------------------------------------------------------------------------


--------------------------------------------------------------------------------
--- Intra-ligand clashes                                                     ---
--------------------------------------------------------------------------------

Ligand
 13 (**** ) -   6 (**** ):   2.47 (dist   2.68)
--------------------------------------------------------------------------------

--------------------------------------------------------------------------------
--- Rescoring solution                                                       ---
--------------------------------------------------------------------------------

     Score         DG    S(hbond)    S(metal)    S(lipo)     H(rot)  DE(clash)    DE(int)
     14.19     -16.62       1.83        0.00      64.94       1.00       0.25       2.18

Doing AMOEBA simplex on best individual
Done simplexing #iterations 793, best score  16.10

     Score         DG    S(hbond)    S(metal)    S(lipo)     H(rot)  DE(clash)    DE(int)
     16.10     -18.25       2.47        0.00      60.52       1.00       0.00       2.14

--------------------------------------------------------------------------------
--- ChemScore breakdown of terms                                             ---
--------------------------------------------------------------------------------
DG = -5.4800 + -3.3400*S(hbond)
     + -6.0300*S(metal) + -0.1170*S(lipo) + 2.5600*H(rot)


H(rot) = 1.0000

Score = -(DG + DE(clash) + DE(int))


--------------------------------------------------------------------------------


--------------------------------------------------------------------------------
--- ChemScore analysis of protein-ligand interactions                        ---
--------------------------------------------------------------------------------

* Hydrogen bonds                                                                
Ligand donor   14 hydrogen   33 Protein acceptor 7948 bond energy  1.00 wt 0.88
Protein donor 6896 hydrogen 6907 Ligand acceptor    1 bond energy  1.00 wt 0.74
Protein donor 6896 hydrogen 6909 Ligand acceptor    5 bond energy  1.00 wt 0.85

CHEMSCORE EXTRA INTERACTIONS:

* Clashes                                                                       
--------------------------------------------------------------------------------


--------------------------------------------------------------------------------
--- Chromosome decoded                                                       ---
--------------------------------------------------------------------------------
Ligand Torsions
[  21   16    2    1]  119.51
[  13    8    7    6]    1.02
Protein Torsions
[6907 6896 6895 6894]  -25.07 
[7974 7965 7964 7962]   58.07 
[8008 7997 7996 7995] -130.86 
[10167 10162 10161 10158]  155.57 
[10718 10713 10712 10709]    3.68 
[10763 10752 10751 10750]  -43.59 
[11005 11000 10999 10996]   21.15 
Mapping
Ligand acceptors to protein hydrogens (mapping then atom ids)
  1   3 [  1->6907]
  2   5 [  5->6909]
  3  18 [ 19->7998]
Ligand hydrogens to protein acceptors (mapping then atom ids)
  2   7 [ 33->7948]
Ligand shape atoms to protein points (mapping then atom ids & coords)
  3  4177 [ 10->(145.750 132.000 151.000)]
Chromosome values
Integers:
   2    4   17   -1    6   -1   -1   -1 4176   -1   -1   -1 
  -1   -1   -1   -1 
--------------------------------------------------------------------------------

Current Ranking  1  2

--------------------------------------------------------------------------------

* GA execution time :                                                           
  total  0.4835 user  0.4835 sys  0.0000

--------------------------------------------------------------------------------
Fitness function evaluations: 53801

--------------------------------------------------------------------------------
** Docking run number  3 **
--------------------------------------------------------------------------------
  Rank fitness base is 5000.00 ; increment is 11.2233

* Initialising population(s) ...                                                
Number of constraints mappings 0
Number of constraints 0
  Population no.                           :      1
  Population size                          :    100
  Number of duplicates                     :      0
  Number of niche violations               :      0
  Number of errors                         :   5296

Number of constraints mappings 0
Number of constraints 0
  Population no.                           :      2
  Population size                          :    100
  Number of duplicates                     :      0
  Number of niche violations               :      0
  Number of errors                         :   5664


Doing GA, no. of population(s) 2 size 100 selection pressure 1.100000

 Operation      Score     S(PLP)   S(hbond)     S(cho)   S(metal)  DE(clash)   DE(tors)     intcor
         0      22.55     -22.54       0.72       0.00       0.00       0.00       2.20       2.24
       211      22.87     -13.80       4.00       0.00       0.00       3.27       0.95       2.24
       379      23.34     -18.90       1.95       0.00       0.00       0.08       1.79       2.24
       428      23.88     -21.71       1.66       0.00       0.00       0.63       2.21       2.24
       790      29.93     -25.32       2.05       0.00       0.00       0.85       1.47       2.24
      1945      31.02     -25.32       2.42       0.00       0.00       0.85       1.47       2.24
      2317      31.11     -25.32       2.45       0.00       0.00       0.85       1.47       2.24
      4471      31.38     -25.52       2.45       0.00       0.00       0.85       1.44       2.24
      6094      32.62     -18.28       5.00       0.00       0.00       0.00       1.45       2.24
      6105      32.62     -28.96       1.73       0.00       0.00       1.04       1.37       2.24
      6564      32.73     -18.34       5.00       0.00       0.00       0.00       1.42       2.24
      6621      34.10     -28.96       2.22       0.00       0.00       1.04       1.37       2.24
      7277      34.27     -29.02       2.22       0.00       0.00       1.04       1.31       2.24
     13685      34.44     -29.18       2.22       0.00       0.00       1.04       1.31       2.24
     15261      34.53     -29.18       2.26       0.00       0.00       1.04       1.31       2.24
     24586      34.53     -29.18       2.26       0.00       0.00       1.04       1.31       2.24
--------------------------------------------------------------------------------
Best docking solution after GA:
     25000      34.53     -29.18       2.26       0.00       0.00       1.04       1.31       2.24

#ops:      25000 #mutates:  11890 #cross:    11862 #migrate:   1248 
#dups:      5168 #niche:    11518 #errors:    1925 
--------------------------------------------------------------------------------

Doing AMOEBA simplex on best individual
Done simplexing #iterations 877, best score  36.36

Ligand is stored in gold_soln_AV-procd_m10031_3.sdf


--------------------------------------------------------------------------------
--- CHEMPLP breakdown of terms                                               ---
--------------------------------------------------------------------------------
CHEMPLP = - ( 1.0000*S(PLP) + -3.0000*S(hbond) + -6.0000*S(metal) + -3.0000*S(cho) )

Score = CHEMPLP - 1.0000*DE(clash) - 2.0000*DE(tors)

Internal energy term has been corrected with the best internal energy encountered.

--------------------------------------------------------------------------------


     Score     S(PLP)   S(hbond)     S(cho)   S(metal)  DE(clash)   DE(tors)     intcor
     36.36     -31.20       2.15       0.00       0.00       0.32       1.61       2.24

--------------------------------------------------------------------------------
--- PLP analysis of protein-ligand interactions                              ---
--------------------------------------------------------------------------------
hydrogen bonding        :      -2.00
metal                   :       0.00
buried (polar-nonpolar) :      -2.55
nonpolar                :     -26.82
repulsive               :       0.36
--------------------------------------------------------------------------------


--------------------------------------------------------------------------------
--- ChemScore analysis of protein-ligand interactions                        ---
--------------------------------------------------------------------------------

* Hydrogen bonds                                                                
Protein donor 7989 hydrogen 7998 Ligand acceptor    5 bond energy  1.00 wt 1.00
Protein donor 10752 hydrogen 10765 Ligand acceptor    1 bond energy  1.00 wt 1.15


* CH..O interactions                                                            
  CH group selection                       : activated ring CH (adjacent to hetatom)

--------------------------------------------------------------------------------


--------------------------------------------------------------------------------
--- Intra-ligand clashes                                                     ---
--------------------------------------------------------------------------------

Ligand
 14 (**** ) -  13 (**** ):   0.32 (dist   2.74)
--------------------------------------------------------------------------------

--------------------------------------------------------------------------------
--- Rescoring solution                                                       ---
--------------------------------------------------------------------------------

     Score         DG    S(hbond)    S(metal)    S(lipo)     H(rot)  DE(clash)    DE(int)
     15.45     -19.26       1.54        0.00      95.76       1.00       1.50       2.31

Doing AMOEBA simplex on best individual
Done simplexing #iterations 770, best score  17.78

     Score         DG    S(hbond)    S(metal)    S(lipo)     H(rot)  DE(clash)    DE(int)
     17.78     -19.67       1.61        0.00      97.13       1.00       0.46       1.43

--------------------------------------------------------------------------------
--- ChemScore breakdown of terms                                             ---
--------------------------------------------------------------------------------
DG = -5.4800 + -3.3400*S(hbond)
     + -6.0300*S(metal) + -0.1170*S(lipo) + 2.5600*H(rot)


H(rot) = 1.0000

Score = -(DG + DE(clash) + DE(int))


--------------------------------------------------------------------------------


--------------------------------------------------------------------------------
--- ChemScore analysis of protein-ligand interactions                        ---
--------------------------------------------------------------------------------

* Hydrogen bonds                                                                
Protein donor 7989 hydrogen 7998 Ligand acceptor    5 bond energy  1.00 wt 0.98
Protein donor 10752 hydrogen 10765 Ligand acceptor    1 bond energy  1.00 wt 0.64

CHEMSCORE EXTRA INTERACTIONS:

* Clashes                                                                       
Clash for ligand atom  10 (**** ):   0.01
Clash for ligand atom  20 (**** ):   0.44
Clash for ligand atom  21 (**** ):   0.01
--------------------------------------------------------------------------------


--------------------------------------------------------------------------------
--- Chromosome decoded                                                       ---
--------------------------------------------------------------------------------
Ligand Torsions
[  21   16    2    1]  -59.77
[  13    8    7    6] -162.82
Protein Torsions
[6907 6896 6895 6894]   49.33 
[7974 7965 7964 7962]  136.10 
[8008 7997 7996 7995] -109.06 
[10167 10162 10161 10158] -114.16 
[10718 10713 10712 10709] -130.55 
[10763 10752 10751 10750] -172.35 
[11005 11000 10999 10996]  145.45 
Mapping
Ligand acceptors to protein hydrogens (mapping then atom ids)
  2  18 [  5->7998]
Ligand hydrogens to protein acceptors (mapping then atom ids)
Ligand shape atoms to protein points (mapping then atom ids & coords)
  1  8261 [  8->(151.500 142.500 159.000)]
  6  9069 [ 13->(152.250 143.250 161.000)]
Chromosome values
Integers:
  -1   17   -1   -1   -1   -1 8260   -1   -1   -1   -1 9068 
  -1   -1   -1   -1 
--------------------------------------------------------------------------------

Current Ranking  1  2  3

--------------------------------------------------------------------------------

* GA execution time :                                                           
  total  0.4753 user  0.4753 sys  0.0000

--------------------------------------------------------------------------------
Fitness function evaluations: 54564

--------------------------------------------------------------------------------
** Docking run number  4 **
--------------------------------------------------------------------------------
  Rank fitness base is 5000.00 ; increment is 11.2233

* Initialising population(s) ...                                                
Number of constraints mappings 0
Number of constraints 0
  Population no.                           :      1
  Population size                          :    100
  Number of duplicates                     :      0
  Number of niche violations               :      0
  Number of errors                         :   5555

Number of constraints mappings 0
Number of constraints 0
  Population no.                           :      2
  Population size                          :    100
  Number of duplicates                     :      0
  Number of niche violations               :      0
  Number of errors                         :   5418


Doing GA, no. of population(s) 2 size 100 selection pressure 1.100000

 Operation      Score     S(PLP)   S(hbond)     S(cho)   S(metal)  DE(clash)   DE(tors)     intcor
         0      25.36     -20.90       1.83       0.00       0.00       0.00       1.64       2.24
       268      26.59     -24.53       1.65       0.00       0.00       0.89       2.12       2.24
      1467      29.48     -17.14       4.35       0.00       0.00       0.00       1.47       2.24
      1917      30.54     -17.14       4.70       0.00       0.00       0.00       1.47       2.24
      3029      30.64     -17.23       4.70       0.00       0.00       0.00       1.47       2.24
      3576      31.67     -17.60       4.95       0.00       0.00       0.00       1.51       2.24
      4808      31.82     -17.60       5.00       0.00       0.00       0.00       1.51       2.24
      4951      32.24     -17.60       5.00       0.00       0.00       0.00       1.30       2.24
      5063      34.61     -31.02       1.73       0.00       0.00       1.12       1.36       2.24
      5285      34.83     -31.13       1.76       0.00       0.00       1.18       1.32       2.24
      5703      35.19     -31.24       1.79       0.00       0.00       1.26       1.20       2.24
     10576      35.29     -31.24       1.82       0.00       0.00       1.26       1.20       2.24
     21248      35.30     -31.19       1.82       0.00       0.00       1.26       1.17       2.24
     22864      36.55     -30.20       2.05       0.90       0.00       1.27       1.74       2.24
--------------------------------------------------------------------------------
Best docking solution after GA:
     25000      36.55     -30.20       2.05       0.90       0.00       1.27       1.74       2.24

#ops:      25000 #mutates:  11887 #cross:    11885 #migrate:   1228 
#dups:      4282 #niche:    12413 #errors:    1062 
--------------------------------------------------------------------------------

Doing AMOEBA simplex on best individual
Done simplexing #iterations 614, best score  38.61

Ligand is stored in gold_soln_AV-procd_m10031_4.sdf


--------------------------------------------------------------------------------
--- CHEMPLP breakdown of terms                                               ---
--------------------------------------------------------------------------------
CHEMPLP = - ( 1.0000*S(PLP) + -3.0000*S(hbond) + -6.0000*S(metal) + -3.0000*S(cho) )

Score = CHEMPLP - 1.0000*DE(clash) - 2.0000*DE(tors)

Internal energy term has been corrected with the best internal energy encountered.

--------------------------------------------------------------------------------


     Score     S(PLP)   S(hbond)     S(cho)   S(metal)  DE(clash)   DE(tors)     intcor
     38.61     -32.74       1.81       0.97       0.00       1.31       1.71       2.24

--------------------------------------------------------------------------------
--- PLP analysis of protein-ligand interactions                              ---
--------------------------------------------------------------------------------
hydrogen bonding        :      -2.28
metal                   :       0.00
buried (polar-nonpolar) :      -5.45
nonpolar                :     -25.65
repulsive               :       0.43
--------------------------------------------------------------------------------


--------------------------------------------------------------------------------
--- ChemScore analysis of protein-ligand interactions                        ---
--------------------------------------------------------------------------------

* Hydrogen bonds                                                                
Ligand donor   14 hydrogen   33 Protein acceptor 7948 bond energy  1.00 wt 1.02
Ligand donor   15 hydrogen   34 Protein acceptor 7948 bond energy  1.00 wt 0.04
Protein donor 7989 hydrogen 7998 Ligand acceptor   19 bond energy  1.00 wt 0.75


* CH..O interactions                                                            
  CH group selection                       : activated ring CH (adjacent to hetatom)
Ligand carbon   20 hydrogen   37 Protein acceptor 8028 bond energy  1.00 wt 0.97

--------------------------------------------------------------------------------


--------------------------------------------------------------------------------
--- Intra-ligand clashes                                                     ---
--------------------------------------------------------------------------------

Ligand
  9 (**** ) -   6 (**** ):   1.31 (dist   2.71)
 17 (**** ) -  15 (**** ):   1.31 (dist   3.00)
--------------------------------------------------------------------------------

--------------------------------------------------------------------------------
--- Rescoring solution                                                       ---
--------------------------------------------------------------------------------

     Score         DG    S(hbond)    S(metal)    S(lipo)     H(rot)  DE(clash)    DE(int)
     12.17     -14.91       1.05        0.00      72.65       1.00       0.00       2.74

Doing AMOEBA simplex on best individual
Done simplexing #iterations 824, best score  14.57

     Score         DG    S(hbond)    S(metal)    S(lipo)     H(rot)  DE(clash)    DE(int)
     14.57     -17.30       1.35        0.00      84.27       1.00       0.01       2.73

--------------------------------------------------------------------------------
--- ChemScore breakdown of terms                                             ---
--------------------------------------------------------------------------------
DG = -5.4800 + -3.3400*S(hbond)
     + -6.0300*S(metal) + -0.1170*S(lipo) + 2.5600*H(rot)


H(rot) = 1.0000

Score = -(DG + DE(clash) + DE(int))


--------------------------------------------------------------------------------


--------------------------------------------------------------------------------
--- ChemScore analysis of protein-ligand interactions                        ---
--------------------------------------------------------------------------------

* Hydrogen bonds                                                                
Ligand donor   14 hydrogen   33 Protein acceptor 7948 bond energy  1.00 wt 0.27
Ligand donor   15 hydrogen   34 Protein acceptor 7948 bond energy  1.00 wt 0.33
Protein donor 7989 hydrogen 7998 Ligand acceptor   19 bond energy  1.00 wt 0.75

CHEMSCORE EXTRA INTERACTIONS:

* Clashes                                                                       
Clash for ligand atom  20 (**** ):   0.01
--------------------------------------------------------------------------------


--------------------------------------------------------------------------------
--- Chromosome decoded                                                       ---
--------------------------------------------------------------------------------
Ligand Torsions
[  21   16    2    1]  -59.20
[  13    8    7    6] -142.77
Protein Torsions
[6907 6896 6895 6894]   34.67 
[7974 7965 7964 7962]  -67.20 
[8008 7997 7996 7995]   73.54 
[10167 10162 10161 10158]  -17.60 
[10718 10713 10712 10709] -163.35 
[10763 10752 10751 10750]  130.06 
[11005 11000 10999 10996]   78.39 
Mapping
Ligand acceptors to protein hydrogens (mapping then atom ids)
Ligand hydrogens to protein acceptors (mapping then atom ids)
Ligand shape atoms to protein points (mapping then atom ids & coords)
  3  3593 [ 10->(145.250 132.500 150.500)]
  4  2454 [ 11->(144.000 132.750 150.750)]
  5  3924 [ 12->(145.500 133.250 150.750)]
  8  7277 [ 18->(150.500 138.500 155.000)]
 10  5570 [ 21->(147.000 141.000 154.250)]
Chromosome values
Integers:
  -1   -1   -1   -1   -1   -1   -1   -1 3592 2453 3923   -1 
  -1 7276   -1 5569 
--------------------------------------------------------------------------------

Current Ranking  1  4  2  3

--------------------------------------------------------------------------------

* GA execution time :                                                           
  total  0.4913 user  0.4913 sys  0.0000

--------------------------------------------------------------------------------
Fitness function evaluations: 54944

--------------------------------------------------------------------------------
** Docking run number  5 **
--------------------------------------------------------------------------------
  Rank fitness base is 5000.00 ; increment is 11.2233

* Initialising population(s) ...                                                
Number of constraints mappings 0
Number of constraints 0
  Population no.                           :      1
  Population size                          :    100
  Number of duplicates                     :      0
  Number of niche violations               :      0
  Number of errors                         :   5588

Number of constraints mappings 0
Number of constraints 0
  Population no.                           :      2
  Population size                          :    100
  Number of duplicates                     :      0
  Number of niche violations               :      0
  Number of errors                         :   5274


Doing GA, no. of population(s) 2 size 100 selection pressure 1.100000

 Operation      Score     S(PLP)   S(hbond)     S(cho)   S(metal)  DE(clash)   DE(tors)     intcor
         0      26.07     -26.50       0.05       0.00       0.00       0.65       1.10       2.24
       145      26.26     -26.73       0.07       0.00       0.00       0.65       1.13       2.24
      1495      29.67     -20.56       3.90       0.00       0.00       1.36       1.74       2.24
      2662      30.27     -21.45       3.81       0.00       0.00       1.36       1.74       2.24
      6474      30.67     -17.70       4.35       0.00       0.00       0.00       1.16       2.24
      6659      31.14     -21.82       4.10       0.00       0.00       2.09       1.56       2.24
      6789      31.46     -29.43       1.11       0.25       0.00       0.63       1.83       2.24
      8549      31.60     -28.35       1.22       0.00       0.00       0.00       1.34       2.24
      9055      31.69     -28.32       1.22       0.00       0.00       0.00       1.27       2.24
      9482      31.77     -22.05       4.35       0.00       0.00       2.45       1.56       2.24
      9508      31.84     -21.59       4.35       0.02       0.00       1.80       1.65       2.24
     10499      32.14     -25.02       2.80       0.00       0.00       1.20       1.16       2.24
     11094      32.86     -29.57       1.24       0.00       0.00       0.00       1.34       2.24
     12955      33.25     -29.85       1.16       0.00       0.00       0.00       1.16       2.24
     13254      33.30     -28.68       1.00       0.98       0.00       1.29       1.13       2.24
     14028      33.35     -19.36       4.69       0.00       0.00       0.00       1.16       2.24
     15734      33.36     -19.35       4.73       0.00       0.00       0.00       1.20       2.24
     16739      34.15     -31.07       2.09       0.00       0.00       2.11       1.66       2.24
     24821      34.41     -31.21       2.10       0.00       0.00       1.92       1.70       2.24
--------------------------------------------------------------------------------
Best docking solution after GA:
     25000      34.41     -31.21       2.10       0.00       0.00       1.92       1.70       2.24

#ops:      25000 #mutates:  11714 #cross:    12030 #migrate:   1256 
#dups:      5264 #niche:    11805 #errors:    1979 
--------------------------------------------------------------------------------

Doing AMOEBA simplex on best individual
Done simplexing #iterations 891, best score  38.18

Ligand is stored in gold_soln_AV-procd_m10031_5.sdf


--------------------------------------------------------------------------------
--- CHEMPLP breakdown of terms                                               ---
--------------------------------------------------------------------------------
CHEMPLP = - ( 1.0000*S(PLP) + -3.0000*S(hbond) + -6.0000*S(metal) + -3.0000*S(cho) )

Score = CHEMPLP - 1.0000*DE(clash) - 2.0000*DE(tors)

Internal energy term has been corrected with the best internal energy encountered.

--------------------------------------------------------------------------------


     Score     S(PLP)   S(hbond)     S(cho)   S(metal)  DE(clash)   DE(tors)     intcor
     38.18     -32.92       1.63       1.00       0.00       1.46       1.69       2.24

--------------------------------------------------------------------------------
--- PLP analysis of protein-ligand interactions                              ---
--------------------------------------------------------------------------------
hydrogen bonding        :      -2.55
metal                   :       0.00
buried (polar-nonpolar) :      -4.79
nonpolar                :     -26.09
repulsive               :       0.44
--------------------------------------------------------------------------------


--------------------------------------------------------------------------------
--- ChemScore analysis of protein-ligand interactions                        ---
--------------------------------------------------------------------------------

* Hydrogen bonds                                                                
Ligand donor   14 hydrogen   33 Protein acceptor 7948 bond energy  1.00 wt 0.99
Ligand donor   15 hydrogen   34 Protein acceptor 7948 bond energy  1.00 wt 0.02
Protein donor 7989 hydrogen 7998 Ligand acceptor   19 bond energy  1.00 wt 0.61


* CH..O interactions                                                            
  CH group selection                       : activated ring CH (adjacent to hetatom)
Ligand carbon   18 hydrogen   36 Protein acceptor 8028 bond energy  1.00 wt 1.00

--------------------------------------------------------------------------------


--------------------------------------------------------------------------------
--- Intra-ligand clashes                                                     ---
--------------------------------------------------------------------------------

Ligand
  9 (**** ) -   6 (**** ):   1.46 (dist   2.71)
--------------------------------------------------------------------------------

--------------------------------------------------------------------------------
--- Rescoring solution                                                       ---
--------------------------------------------------------------------------------

     Score         DG    S(hbond)    S(metal)    S(lipo)     H(rot)  DE(clash)    DE(int)
     12.39     -15.24       1.03        0.00      75.89       1.00       0.04       2.81

Doing AMOEBA simplex on best individual
Done simplexing #iterations 612, best score  14.44

     Score         DG    S(hbond)    S(metal)    S(lipo)     H(rot)  DE(clash)    DE(int)
     14.44     -17.17       1.43        0.00      80.85       1.00       0.14       2.59

--------------------------------------------------------------------------------
--- ChemScore breakdown of terms                                             ---
--------------------------------------------------------------------------------
DG = -5.4800 + -3.3400*S(hbond)
     + -6.0300*S(metal) + -0.1170*S(lipo) + 2.5600*H(rot)


H(rot) = 1.0000

Score = -(DG + DE(clash) + DE(int))


--------------------------------------------------------------------------------


--------------------------------------------------------------------------------
--- ChemScore analysis of protein-ligand interactions                        ---
--------------------------------------------------------------------------------

* Hydrogen bonds                                                                
Ligand donor   14 hydrogen   33 Protein acceptor 7948 bond energy  1.00 wt 0.34
Ligand donor   15 hydrogen   34 Protein acceptor 7948 bond energy  1.00 wt 0.29
Protein donor 7989 hydrogen 7998 Ligand acceptor   19 bond energy  1.00 wt 0.81

CHEMSCORE EXTRA INTERACTIONS:

* Clashes                                                                       
Clash for ligand atom  10 (**** ):   0.12
Clash for ligand atom  18 (**** ):   0.01
--------------------------------------------------------------------------------


--------------------------------------------------------------------------------
--- Chromosome decoded                                                       ---
--------------------------------------------------------------------------------
Ligand Torsions
[  21   16    2    1]  120.04
[  13    8    7    6] -141.62
Protein Torsions
[6907 6896 6895 6894]   39.99 
[7974 7965 7964 7962] -151.80 
[8008 7997 7996 7995] -170.37 
[10167 10162 10161 10158]   23.69 
[10718 10713 10712 10709]  138.67 
[10763 10752 10751 10750] -117.96 
[11005 11000 10999 10996]  -63.83 
Mapping
Ligand acceptors to protein hydrogens (mapping then atom ids)
  3  18 [ 19->7998]
Ligand hydrogens to protein acceptors (mapping then atom ids)
  2   7 [ 33->7948]
Ligand shape atoms to protein points (mapping then atom ids & coords)
  2  3607 [  9->(145.250 132.750 151.500)]
  4  2840 [ 11->(144.500 132.500 150.000)]
  5  2640 [ 12->(144.250 132.500 151.000)]
  7  5330 [ 17->(146.750 140.750 153.750)]
  9  6802 [ 20->(149.500 138.500 154.250)]
Chromosome values
Integers:
  -1   -1   17   -1    6   -1   -1 3606   -1 2839 2639   -1 
5329   -1 6801   -1 
--------------------------------------------------------------------------------

Current Ranking  1  4  5  2  3

--------------------------------------------------------------------------------

* GA execution time :                                                           
  total  0.4863 user  0.4823 sys  0.0040

--------------------------------------------------------------------------------
Fitness function evaluations: 54677

--------------------------------------------------------------------------------
** Docking run number  6 **
--------------------------------------------------------------------------------
  Rank fitness base is 5000.00 ; increment is 11.2233

* Initialising population(s) ...                                                
Number of constraints mappings 0
Number of constraints 0
  Population no.                           :      1
  Population size                          :    100
  Number of duplicates                     :      0
  Number of niche violations               :      0
  Number of errors                         :   5265

Number of constraints mappings 0
Number of constraints 0
  Population no.                           :      2
  Population size                          :    100
  Number of duplicates                     :      0
  Number of niche violations               :      0
  Number of errors                         :   5151


Doing GA, no. of population(s) 2 size 100 selection pressure 1.100000

 Operation      Score     S(PLP)   S(hbond)     S(cho)   S(metal)  DE(clash)   DE(tors)     intcor
         0      27.80     -26.05       1.17       0.00       0.00       0.02       1.99       2.24
       415      29.79     -26.05       1.83       0.00       0.00       0.02       1.99       2.24
       704      29.86     -29.34       0.72       0.00       0.00       0.00       1.93       2.24
       830      29.86     -29.34       0.72       0.00       0.00       0.00       1.93       2.24
      1543      30.20     -25.84       2.15       0.00       0.00       0.00       2.16       2.24
      1752      30.68     -26.01       2.15       0.00       0.00       0.00       2.01       2.24
      3556      30.79     -28.79       1.07       0.00       0.00       0.65       1.40       2.24
      3962      30.83     -26.34       2.04       0.00       0.00       0.00       1.94       2.24
      4820      32.47     -32.04       0.69       0.00       0.00       0.00       1.94       2.24
      6113      32.57     -31.03       1.06       0.00       0.00       0.00       1.93       2.24
      6205      33.09     -28.59       1.97       0.00       0.00       0.00       1.82       2.24
      6242      36.20     -35.54       0.70       0.00       0.00       1.20       1.24       2.24
      7828      36.70     -36.03       0.70       0.00       0.00       1.07       1.30       2.24
     10688      36.71     -36.43       0.70       0.00       0.00       1.07       1.49       2.24
     12889      36.81     -36.36       0.70       0.00       0.00       1.07       1.41       2.24
     16841      36.89     -28.89       2.91       0.00       0.00       0.00       1.48       2.24
     17553      37.30     -29.41       2.72       0.00       0.00       0.00       1.25       2.24
     18499      38.68     -30.27       2.89       0.00       0.00       0.00       1.25       2.24
     19769      38.76     -30.62       2.80       0.00       0.00       0.00       1.25       2.24
     20036      38.91     -30.62       2.85       0.00       0.00       0.00       1.25       2.24
     20612      39.02     -31.31       2.62       0.00       0.00       0.00       1.19       2.24
     20979      39.09     -30.68       2.89       0.00       0.00       0.00       1.25       2.24
     21234      39.22     -31.31       2.68       0.00       0.00       0.00       1.19       2.24
     21282      39.80     -31.21       2.95       0.00       0.00       0.00       1.25       2.24
     22076      39.88     -32.10       2.64       0.00       0.00       0.00       1.19       2.24
     22676      40.09     -32.10       2.71       0.00       0.00       0.00       1.19       2.24
     23080      40.34     -32.10       2.80       0.00       0.00       0.00       1.19       2.24
     23536      40.49     -32.10       2.85       0.00       0.00       0.00       1.19       2.24
     24144      40.64     -32.10       2.90       0.00       0.00       0.00       1.19       2.24
     24651      40.85     -32.29       2.89       0.00       0.00       0.00       1.17       2.24
     24895      40.88     -32.29       2.90       0.00       0.00       0.00       1.17       2.24
--------------------------------------------------------------------------------
Best docking solution after GA:
     25000      40.88     -32.29       2.90       0.00       0.00       0.00       1.17       2.24

#ops:      25000 #mutates:  11800 #cross:    11953 #migrate:   1247 
#dups:      5811 #niche:    12395 #errors:    2588 
--------------------------------------------------------------------------------

Doing AMOEBA simplex on best individual
Done simplexing #iterations 681, best score  42.02

Ligand is stored in gold_soln_AV-procd_m10031_6.sdf


--------------------------------------------------------------------------------
--- CHEMPLP breakdown of terms                                               ---
--------------------------------------------------------------------------------
CHEMPLP = - ( 1.0000*S(PLP) + -3.0000*S(hbond) + -6.0000*S(metal) + -3.0000*S(cho) )

Score = CHEMPLP - 1.0000*DE(clash) - 2.0000*DE(tors)

Internal energy term has been corrected with the best internal energy encountered.

--------------------------------------------------------------------------------


     Score     S(PLP)   S(hbond)     S(cho)   S(metal)  DE(clash)   DE(tors)     intcor
     42.02     -32.54       3.19       0.00       0.00       0.00       1.17       2.24

--------------------------------------------------------------------------------
--- PLP analysis of protein-ligand interactions                              ---
--------------------------------------------------------------------------------
hydrogen bonding        :      -3.00
metal                   :       0.00
buried (polar-nonpolar) :      -3.88
nonpolar                :     -27.44
repulsive               :       1.55
--------------------------------------------------------------------------------


--------------------------------------------------------------------------------
--- ChemScore analysis of protein-ligand interactions                        ---
--------------------------------------------------------------------------------

* Hydrogen bonds                                                                
Protein donor 7989 hydrogen 7998 Ligand acceptor    5 bond energy  1.00 wt 0.44
Protein donor 7997 hydrogen 8008 Ligand acceptor    5 bond energy  1.00 wt 0.75
Protein donor 10752 hydrogen 10763 Ligand acceptor    1 bond energy  1.00 wt 2.00


* CH..O interactions                                                            
  CH group selection                       : activated ring CH (adjacent to hetatom)

--------------------------------------------------------------------------------


--------------------------------------------------------------------------------
--- Intra-ligand clashes                                                     ---
--------------------------------------------------------------------------------

Ligand
--------------------------------------------------------------------------------

--------------------------------------------------------------------------------
--- Rescoring solution                                                       ---
--------------------------------------------------------------------------------

     Score         DG    S(hbond)    S(metal)    S(lipo)     H(rot)  DE(clash)    DE(int)
     14.35     -16.75       1.14        0.00      85.76       1.00       0.35       2.05

Doing AMOEBA simplex on best individual
Done simplexing #iterations 894, best score  17.02

     Score         DG    S(hbond)    S(metal)    S(lipo)     H(rot)  DE(clash)    DE(int)
     17.02     -18.32       1.73        0.00      82.16       1.00       0.00       1.29

--------------------------------------------------------------------------------
--- ChemScore breakdown of terms                                             ---
--------------------------------------------------------------------------------
DG = -5.4800 + -3.3400*S(hbond)
     + -6.0300*S(metal) + -0.1170*S(lipo) + 2.5600*H(rot)


H(rot) = 1.0000

Score = -(DG + DE(clash) + DE(int))


--------------------------------------------------------------------------------


--------------------------------------------------------------------------------
--- ChemScore analysis of protein-ligand interactions                        ---
--------------------------------------------------------------------------------

* Hydrogen bonds                                                                
Protein donor 7997 hydrogen 8008 Ligand acceptor    5 bond energy  1.00 wt 0.87
Protein donor 10752 hydrogen 10763 Ligand acceptor    1 bond energy  1.00 wt 0.87

CHEMSCORE EXTRA INTERACTIONS:

* Clashes                                                                       
--------------------------------------------------------------------------------


--------------------------------------------------------------------------------
--- Chromosome decoded                                                       ---
--------------------------------------------------------------------------------
Ligand Torsions
[  21   16    2    1] -119.27
[  13    8    7    6]  -58.36
Protein Torsions
[6907 6896 6895 6894]   56.75 
[7974 7965 7964 7962] -172.52 
[8008 7997 7996 7995]  -28.35 
[10167 10162 10161 10158]   48.97 
[10718 10713 10712 10709]  146.16 
[10763 10752 10751 10750]   31.21 
[11005 11000 10999 10996]  -60.66 
Mapping
Ligand acceptors to protein hydrogens (mapping then atom ids)
  1  43 [  1->10763]
Ligand hydrogens to protein acceptors (mapping then atom ids)
Ligand shape atoms to protein points (mapping then atom ids & coords)
  3  8070 [ 10->(151.250 144.000 158.750)]
  4  8411 [ 11->(151.500 145.250 159.250)]
  5  9102 [ 12->(152.250 143.750 160.000)]
  6  9732 [ 13->(153.750 141.250 160.750)]
Chromosome values
Integers:
  42   -1   -1   -1   -1   -1   -1   -1 8069 8410 9101 9731 
  -1   -1   -1   -1 
--------------------------------------------------------------------------------

Current Ranking  6  1  4  5  2  3

--------------------------------------------------------------------------------

* GA execution time :                                                           
  total  0.4713 user  0.4673 sys  0.0040

--------------------------------------------------------------------------------
Fitness function evaluations: 54047

--------------------------------------------------------------------------------
** Docking run number  7 **
--------------------------------------------------------------------------------
  Rank fitness base is 5000.00 ; increment is 11.2233

* Initialising population(s) ...                                                
Number of constraints mappings 0
Number of constraints 0
  Population no.                           :      1
  Population size                          :    100
  Number of duplicates                     :      0
  Number of niche violations               :      0
  Number of errors                         :   5214

Number of constraints mappings 0
Number of constraints 0
  Population no.                           :      2
  Population size                          :    100
  Number of duplicates                     :      0
  Number of niche violations               :      0
  Number of errors                         :   5531


Doing GA, no. of population(s) 2 size 100 selection pressure 1.100000

 Operation      Score     S(PLP)   S(hbond)     S(cho)   S(metal)  DE(clash)   DE(tors)     intcor
         0      23.10     -19.79       1.67       0.00       0.00       0.00       1.97       2.24
        34      25.35     -21.84       1.47       0.00       0.00       0.00       1.56       2.24
       672      25.95     -21.12       2.00       0.32       0.00       0.00       2.18       2.24
       757      28.11     -24.59       0.20       1.99       0.00       3.12       1.10       2.24
      1501      28.40     -28.58       0.04       0.26       0.00       0.00       1.67       2.24
      1707      28.73     -22.47       2.11       0.42       0.00       0.00       1.77       2.24
      1781      28.84     -23.00       1.84       0.54       0.00       0.00       1.77       2.24
      1839      29.37     -29.21       0.18       0.24       0.00       0.00       1.67       2.24
      2089      32.33     -31.17       0.47       0.52       0.00       0.46       1.80       2.24
      2427      32.91     -31.13       0.59       0.60       0.00       0.46       1.80       2.24
      2841      32.91     -31.13       0.59       0.60       0.00       0.46       1.80       2.24
      7470      33.13     -27.59       1.92       0.00       0.00       0.00       1.22       2.24
      7737      33.19     -27.63       1.90       0.00       0.00       0.00       1.19       2.24
      8702      33.25     -27.80       1.94       0.00       0.00       0.00       1.31       2.24
      9313      33.26     -27.66       1.89       0.00       0.00       0.00       1.16       2.24
      9582      33.32     -27.48       1.98       0.00       0.00       0.00       1.16       2.24
      9617      33.58     -28.14       1.86       0.00       0.00       0.00       1.19       2.24
      9983      33.66     -28.20       1.87       0.00       0.00       0.00       1.19       2.24
     12615      33.67     -28.21       1.89       0.00       0.00       0.00       1.22       2.24
     14117      33.87     -29.16       1.98       0.00       0.00       0.17       1.65       2.24
--------------------------------------------------------------------------------
Best docking solution after GA:
     25000      33.87     -29.16       1.98       0.00       0.00       0.17       1.65       2.24

#ops:      25000 #mutates:  11708 #cross:    12114 #migrate:   1178 
#dups:     11474 #niche:    13262 #errors:    1063 
--------------------------------------------------------------------------------

Doing AMOEBA simplex on best individual
Done simplexing #iterations 751, best score  38.36

Ligand is stored in gold_soln_AV-procd_m10031_7.sdf


--------------------------------------------------------------------------------
--- CHEMPLP breakdown of terms                                               ---
--------------------------------------------------------------------------------
CHEMPLP = - ( 1.0000*S(PLP) + -3.0000*S(hbond) + -6.0000*S(metal) + -3.0000*S(cho) )

Score = CHEMPLP - 1.0000*DE(clash) - 2.0000*DE(tors)

Internal energy term has been corrected with the best internal energy encountered.

--------------------------------------------------------------------------------


     Score     S(PLP)   S(hbond)     S(cho)   S(metal)  DE(clash)   DE(tors)     intcor
     38.36     -33.58       2.00       0.00       0.00       0.05       1.71       2.24

--------------------------------------------------------------------------------
--- PLP analysis of protein-ligand interactions                              ---
--------------------------------------------------------------------------------
hydrogen bonding        :      -1.00
metal                   :       0.00
buried (polar-nonpolar) :      -5.15
nonpolar                :     -27.49
repulsive               :       0.28
--------------------------------------------------------------------------------


--------------------------------------------------------------------------------
--- ChemScore analysis of protein-ligand interactions                        ---
--------------------------------------------------------------------------------

* Hydrogen bonds                                                                
Protein donor 6896 hydrogen 6909 Ligand acceptor    1 bond energy  1.00 wt 2.00


* CH..O interactions                                                            
  CH group selection                       : activated ring CH (adjacent to hetatom)

--------------------------------------------------------------------------------


--------------------------------------------------------------------------------
--- Intra-ligand clashes                                                     ---
--------------------------------------------------------------------------------

Ligand
 14 (**** ) -   9 (**** ):   0.05 (dist   2.75)
--------------------------------------------------------------------------------

--------------------------------------------------------------------------------
--- Rescoring solution                                                       ---
--------------------------------------------------------------------------------

     Score         DG    S(hbond)    S(metal)    S(lipo)     H(rot)  DE(clash)    DE(int)
     12.85     -15.52       0.64        0.00      89.55       1.00       0.06       2.62

Doing AMOEBA simplex on best individual
Done simplexing #iterations 688, best score  17.13

     Score         DG    S(hbond)    S(metal)    S(lipo)     H(rot)  DE(clash)    DE(int)
     17.13     -19.12       0.99        0.00     110.08       1.00       0.10       1.89

--------------------------------------------------------------------------------
--- ChemScore breakdown of terms                                             ---
--------------------------------------------------------------------------------
DG = -5.4800 + -3.3400*S(hbond)
     + -6.0300*S(metal) + -0.1170*S(lipo) + 2.5600*H(rot)


H(rot) = 1.0000

Score = -(DG + DE(clash) + DE(int))


--------------------------------------------------------------------------------


--------------------------------------------------------------------------------
--- ChemScore analysis of protein-ligand interactions                        ---
--------------------------------------------------------------------------------

* Hydrogen bonds                                                                
Protein donor 6896 hydrogen 6909 Ligand acceptor    1 bond energy  1.00 wt 0.99

CHEMSCORE EXTRA INTERACTIONS:

* Clashes                                                                       
Clash for ligand atom  10 (**** ):   0.08
Clash for ligand atom  12 (**** ):   0.02
--------------------------------------------------------------------------------


--------------------------------------------------------------------------------
--- Chromosome decoded                                                       ---
--------------------------------------------------------------------------------
Ligand Torsions
[  21   16    2    1] -119.01
[  13    8    7    6]   78.64
Protein Torsions
[6907 6896 6895 6894]  168.05 
[7974 7965 7964 7962]  141.38 
[8008 7997 7996 7995]   72.50 
[10167 10162 10161 10158]   76.26 
[10718 10713 10712 10709] -122.59 
[10763 10752 10751 10750]  106.95 
[11005 11000 10999 10996]  -24.88 
Mapping
Ligand acceptors to protein hydrogens (mapping then atom ids)
  2  43 [  5->10763]
Ligand hydrogens to protein acceptors (mapping then atom ids)
Ligand shape atoms to protein points (mapping then atom ids & coords)
  2  8937 [  9->(152.000 145.000 159.750)]
  5  7556 [ 12->(150.750 143.500 158.750)]
Chromosome values
Integers:
  -1   42   -1   -1   -1   -1   -1 8936   -1   -1 7555   -1 
  -1   -1   -1   -1 
--------------------------------------------------------------------------------

Current Ranking  6  1  4  7  5  2  3

--------------------------------------------------------------------------------

* GA execution time :                                                           
  total  0.5002 user  0.5002 sys  0.0000

--------------------------------------------------------------------------------
Fitness function evaluations: 53835

--------------------------------------------------------------------------------
** Docking run number  8 **
--------------------------------------------------------------------------------
  Rank fitness base is 5000.00 ; increment is 11.2233

* Initialising population(s) ...                                                
Number of constraints mappings 0
Number of constraints 0
  Population no.                           :      1
  Population size                          :    100
  Number of duplicates                     :      0
  Number of niche violations               :      0
  Number of errors                         :   5522

Number of constraints mappings 0
Number of constraints 0
  Population no.                           :      2
  Population size                          :    100
  Number of duplicates                     :      0
  Number of niche violations               :      0
  Number of errors                         :   5238


Doing GA, no. of population(s) 2 size 100 selection pressure 1.100000

 Operation      Score     S(PLP)   S(hbond)     S(cho)   S(metal)  DE(clash)   DE(tors)     intcor
         0      26.41     -20.52       0.91       1.62       0.00       1.04       1.45       2.24
       206      26.57     -24.22       1.50       0.00       0.00       0.96       1.72       2.24
       490      26.67     -20.52       1.00       1.62       0.00       1.04       1.45       2.24
       691      28.15     -23.33       1.73       0.81       0.00       1.63       1.70       2.24
      1465      28.21     -24.89       2.04       0.00       0.00       1.63       1.70       2.24
      1725      29.13     -24.49       2.03       0.00       0.00       0.46       1.61       2.24
      2175      29.45     -24.58       2.10       0.00       0.00       0.46       1.61       2.24
      2732      29.88     -29.26       2.04       0.00       0.00       5.79       0.97       2.24
      2807      31.97     -23.67       2.38       0.86       0.00       0.46       1.61       2.24
      4169      32.34     -27.59       2.36       0.00       0.00       0.66       1.95       2.24
      4669      32.49     -31.26       1.20       0.13       0.00       1.80       1.59       2.24
      4769      33.26     -29.16       1.36       0.16       0.00       0.28       1.21       2.24
      5740      36.11     -30.00       2.32       0.00       0.00       0.00       1.54       2.24
      6940      36.26     -30.00       2.37       0.00       0.00       0.00       1.54       2.24
      7509      36.31     -29.93       2.37       0.00       0.00       0.00       1.49       2.24
      7934      36.49     -30.16       2.32       0.00       0.00       0.00       1.43       2.24
      8424      36.67     -30.07       2.37       0.00       0.00       0.00       1.38       2.24
     10018      37.32     -30.62       2.41       0.00       0.00       0.00       1.38       2.24
     14769      37.74     -30.25       2.67       0.00       0.00       0.00       1.38       2.24
     15167      38.46     -30.23       2.95       0.00       0.00       0.00       1.43       2.24
     15687      38.88     -30.67       2.94       0.00       0.00       0.00       1.43       2.24
     16153      38.94     -30.75       2.90       0.00       0.00       0.00       1.38       2.24
     17333      39.00     -30.80       2.94       0.00       0.00       0.00       1.43       2.24
     18517      39.19     -30.87       2.94       0.00       0.00       0.00       1.37       2.24
     19265      40.16     -31.34       3.15       0.00       0.00       0.00       1.43       2.24
     20161      40.87     -31.98       3.10       0.00       0.00       0.00       1.32       2.24
     21177      41.11     -32.06       3.18       0.00       0.00       0.00       1.37       2.24
     21437      41.28     -32.41       3.12       0.00       0.00       0.00       1.37       2.24
     22774      41.35     -32.52       3.18       0.00       0.00       0.00       1.47       2.24
     23416      41.42     -32.57       3.19       0.00       0.00       0.00       1.47       2.24
     23596      41.55     -32.55       3.31       0.00       0.00       0.00       1.58       2.24
     23811      41.73     -32.83       3.13       0.00       0.00       0.00       1.37       2.24
     23928      41.79     -32.75       3.32       0.00       0.00       0.00       1.58       2.24
     23972      41.85     -32.72       3.39       0.00       0.00       0.00       1.63       2.24
     24432      41.88     -32.84       3.39       0.00       0.00       0.00       1.68       2.24
     24709      42.23     -33.17       3.26       0.00       0.00       0.00       1.47       2.24
--------------------------------------------------------------------------------
Best docking solution after GA:
     25000      42.23     -33.17       3.26       0.00       0.00       0.00       1.47       2.24

#ops:      25000 #mutates:  11894 #cross:    11839 #migrate:   1267 
#dups:      5121 #niche:    11392 #errors:    2393 
--------------------------------------------------------------------------------

Doing AMOEBA simplex on best individual
Done simplexing #iterations 577, best score  43.23

Ligand is stored in gold_soln_AV-procd_m10031_8.sdf


--------------------------------------------------------------------------------
--- CHEMPLP breakdown of terms                                               ---
--------------------------------------------------------------------------------
CHEMPLP = - ( 1.0000*S(PLP) + -3.0000*S(hbond) + -6.0000*S(metal) + -3.0000*S(cho) )

Score = CHEMPLP - 1.0000*DE(clash) - 2.0000*DE(tors)

Internal energy term has been corrected with the best internal energy encountered.

--------------------------------------------------------------------------------


     Score     S(PLP)   S(hbond)     S(cho)   S(metal)  DE(clash)   DE(tors)     intcor
     43.23     -33.19       3.37       0.00       0.00       0.00       1.15       2.23

--------------------------------------------------------------------------------
--- PLP analysis of protein-ligand interactions                              ---
--------------------------------------------------------------------------------
hydrogen bonding        :      -3.00
metal                   :       0.00
buried (polar-nonpolar) :      -4.76
nonpolar                :     -28.40
repulsive               :       2.04
--------------------------------------------------------------------------------


--------------------------------------------------------------------------------
--- ChemScore analysis of protein-ligand interactions                        ---
--------------------------------------------------------------------------------

* Hydrogen bonds                                                                
Protein donor 7989 hydrogen 7998 Ligand acceptor    5 bond energy  1.00 wt 0.37
Protein donor 7997 hydrogen 8008 Ligand acceptor    5 bond energy  1.00 wt 1.00
Protein donor 10752 hydrogen 10764 Ligand acceptor    1 bond energy  1.00 wt 2.00


* CH..O interactions                                                            
  CH group selection                       : activated ring CH (adjacent to hetatom)

--------------------------------------------------------------------------------


--------------------------------------------------------------------------------
--- Intra-ligand clashes                                                     ---
--------------------------------------------------------------------------------

Ligand
--------------------------------------------------------------------------------

--------------------------------------------------------------------------------
--- Rescoring solution                                                       ---
--------------------------------------------------------------------------------

     Score         DG    S(hbond)    S(metal)    S(lipo)     H(rot)  DE(clash)    DE(int)
     13.72     -17.90       1.35        0.00      89.43       1.00       1.73       2.45

Doing AMOEBA simplex on best individual
Done simplexing #iterations 721, best score  17.82

     Score         DG    S(hbond)    S(metal)    S(lipo)     H(rot)  DE(clash)    DE(int)
     17.82     -19.34       1.81        0.00      88.61       1.00       0.13       1.39

--------------------------------------------------------------------------------
--- ChemScore breakdown of terms                                             ---
--------------------------------------------------------------------------------
DG = -5.4800 + -3.3400*S(hbond)
     + -6.0300*S(metal) + -0.1170*S(lipo) + 2.5600*H(rot)


H(rot) = 1.0000

Score = -(DG + DE(clash) + DE(int))


--------------------------------------------------------------------------------


--------------------------------------------------------------------------------
--- ChemScore analysis of protein-ligand interactions                        ---
--------------------------------------------------------------------------------

* Hydrogen bonds                                                                
Protein donor 7997 hydrogen 8008 Ligand acceptor    5 bond energy  1.00 wt 0.92
Protein donor 10752 hydrogen 10764 Ligand acceptor    1 bond energy  1.00 wt 0.89

CHEMSCORE EXTRA INTERACTIONS:

* Clashes                                                                       
Clash for ligand atom   1 (**** ):   0.06
Clash for ligand atom   5 (**** ):   0.01
Clash for ligand atom   6 (**** ):   0.01
Clash for ligand atom  21 (**** ):   0.05
--------------------------------------------------------------------------------


--------------------------------------------------------------------------------
--- Chromosome decoded                                                       ---
--------------------------------------------------------------------------------
Ligand Torsions
[  21   16    2    1] -121.32
[  13    8    7    6]  -65.67
Protein Torsions
[6907 6896 6895 6894] -120.90 
[7974 7965 7964 7962]   -7.16 
[8008 7997 7996 7995]   -7.37 
[10167 10162 10161 10158]  153.04 
[10718 10713 10712 10709]   94.64 
[10763 10752 10751 10750]  -92.41 
[11005 11000 10999 10996]  -43.09 
Mapping
Ligand acceptors to protein hydrogens (mapping then atom ids)
  1  44 [  1->10764]
Ligand hydrogens to protein acceptors (mapping then atom ids)
Ligand shape atoms to protein points (mapping then atom ids & coords)
  2  8528 [  9->(151.750 142.750 158.250)]
  3  8580 [ 10->(151.750 143.750 158.750)]
  4  8642 [ 11->(151.750 144.500 160.250)]
  5  9292 [ 12->(152.500 143.500 160.250)]
Chromosome values
Integers:
  43   -1   -1   -1   -1   -1   -1 8527 8579 8641 9291   -1 
  -1   -1   -1   -1 
--------------------------------------------------------------------------------

Current Ranking  8  6  1  4  7  5  2  3

--------------------------------------------------------------------------------

* GA execution time :                                                           
  total  0.4712 user  0.4712 sys  0.0000

--------------------------------------------------------------------------------
Fitness function evaluations: 53841

--------------------------------------------------------------------------------
** Docking run number  9 **
--------------------------------------------------------------------------------
  Rank fitness base is 5000.00 ; increment is 11.2233

* Initialising population(s) ...                                                
Number of constraints mappings 0
Number of constraints 0
  Population no.                           :      1
  Population size                          :    100
  Number of duplicates                     :      0
  Number of niche violations               :      0
  Number of errors                         :   5221

Number of constraints mappings 0
Number of constraints 0
  Population no.                           :      2
  Population size                          :    100
  Number of duplicates                     :      0
  Number of niche violations               :      0
  Number of errors                         :   5271


Doing GA, no. of population(s) 2 size 100 selection pressure 1.100000

 Operation      Score     S(PLP)   S(hbond)     S(cho)   S(metal)  DE(clash)   DE(tors)     intcor
         0      27.44     -20.29       2.25       0.73       0.00       0.22       1.90       2.23
      1157      28.21     -25.05       1.29       0.00       0.00       0.00       1.46       2.23
      1880      30.73     -22.56       2.62       0.91       0.00       1.09       1.78       2.23
      3821      33.91     -30.68       2.00       0.00       0.00       1.53       1.73       2.23
      5345      33.97     -29.96       2.26       0.00       0.00       1.53       1.73       2.23
      6098      34.28     -28.53       2.20       0.00       0.00       0.00       1.54       2.23
      7330      34.89     -29.05       2.17       0.00       0.00       0.00       1.45       2.23
      8454      36.14     -30.21       2.14       0.00       0.00       0.00       1.35       2.23
      8775      36.68     -28.53       3.00       0.00       0.00       0.00       1.54       2.23
      9762      37.63     -30.82       2.65       0.00       0.00       0.00       1.68       2.23
      9814      37.69     -31.01       2.61       0.00       0.00       0.00       1.68       2.23
     11124      38.39     -29.67       3.00       0.00       0.00       0.00       1.25       2.23
     11450      38.53     -31.31       2.69       0.00       0.00       0.00       1.54       2.23
     11496      38.96     -30.23       3.00       0.00       0.00       0.00       1.25       2.23
     13320      38.99     -30.38       2.95       0.00       0.00       0.00       1.23       2.23
     13781      39.05     -30.39       2.96       0.00       0.00       0.00       1.22       2.23
     16141      39.45     -30.60       3.00       0.00       0.00       0.00       1.19       2.23
     16399      39.51     -30.67       2.99       0.00       0.00       0.00       1.18       2.23
     16642      40.77     -31.85       3.02       0.00       0.00       0.00       1.19       2.23
     17650      40.79     -31.89       3.02       0.00       0.00       0.00       1.19       2.23
     18289      41.03     -31.99       3.02       0.00       0.00       0.00       1.13       2.23
     18748      41.29     -32.18       3.09       0.00       0.00       0.00       1.19       2.23
     18956      41.34     -32.54       3.03       0.00       0.00       0.00       1.26       2.23
     19028      41.65     -32.55       3.08       0.00       0.00       0.00       1.19       2.23
     20426      41.87     -32.73       3.14       0.00       0.00       0.00       1.26       2.23
     20694      41.96     -32.49       3.21       0.00       0.00       0.00       1.20       2.23
     20890      42.03     -32.99       3.11       0.00       0.00       0.00       1.26       2.23
     21030      42.03     -33.31       3.00       0.00       0.00       0.00       1.26       2.23
     21116      42.10     -33.06       3.11       0.00       0.00       0.00       1.26       2.23
     21275      42.11     -32.90       3.13       0.00       0.00       0.00       1.20       2.23
     22253      42.17     -33.01       3.11       0.00       0.00       0.00       1.20       2.23
     22735      42.23     -33.39       3.00       0.00       0.00       0.00       1.20       2.23
     22814      42.24     -33.04       3.10       0.00       0.00       0.00       1.17       2.23
     23157      42.26     -33.10       3.11       0.00       0.00       0.00       1.20       2.23
     23179      42.30     -33.22       3.08       0.00       0.00       0.00       1.20       2.23
     23541      42.35     -33.47       3.00       0.00       0.00       0.00       1.17       2.23
     23613      42.37     -33.18       3.10       0.00       0.00       0.00       1.17       2.23
     24005      42.42     -33.27       3.11       0.00       0.00       0.00       1.20       2.23
     24245      42.47     -33.38       3.09       0.00       0.00       0.00       1.20       2.23
--------------------------------------------------------------------------------
Best docking solution after GA:
     25000      42.47     -33.38       3.09       0.00       0.00       0.00       1.20       2.23

#ops:      25000 #mutates:  11785 #cross:    12031 #migrate:   1184 
#dups:      6715 #niche:    11926 #errors:    2148 
--------------------------------------------------------------------------------

Doing AMOEBA simplex on best individual
Done simplexing #iterations 578, best score  43.02

Ligand is stored in gold_soln_AV-procd_m10031_9.sdf


--------------------------------------------------------------------------------
--- CHEMPLP breakdown of terms                                               ---
--------------------------------------------------------------------------------
CHEMPLP = - ( 1.0000*S(PLP) + -3.0000*S(hbond) + -6.0000*S(metal) + -3.0000*S(cho) )

Score = CHEMPLP - 1.0000*DE(clash) - 2.0000*DE(tors)

Internal energy term has been corrected with the best internal energy encountered.

--------------------------------------------------------------------------------


     Score     S(PLP)   S(hbond)     S(cho)   S(metal)  DE(clash)   DE(tors)     intcor
     43.02     -33.93       3.07       0.00       0.00       0.00       1.17       2.23

--------------------------------------------------------------------------------
--- PLP analysis of protein-ligand interactions                              ---
--------------------------------------------------------------------------------
hydrogen bonding        :      -3.00
metal                   :       0.00
buried (polar-nonpolar) :      -2.73
nonpolar                :     -30.18
repulsive               :       1.90
--------------------------------------------------------------------------------


--------------------------------------------------------------------------------
--- ChemScore analysis of protein-ligand interactions                        ---
--------------------------------------------------------------------------------

* Hydrogen bonds                                                                
Protein donor 7989 hydrogen 7998 Ligand acceptor    5 bond energy  1.00 wt 0.07
Protein donor 7997 hydrogen 8009 Ligand acceptor    5 bond energy  1.00 wt 1.00
Protein donor 10752 hydrogen 10765 Ligand acceptor    1 bond energy  1.00 wt 2.00


* CH..O interactions                                                            
  CH group selection                       : activated ring CH (adjacent to hetatom)

--------------------------------------------------------------------------------


--------------------------------------------------------------------------------
--- Intra-ligand clashes                                                     ---
--------------------------------------------------------------------------------

Ligand
--------------------------------------------------------------------------------

--------------------------------------------------------------------------------
--- Rescoring solution                                                       ---
--------------------------------------------------------------------------------

     Score         DG    S(hbond)    S(metal)    S(lipo)     H(rot)  DE(clash)    DE(int)
     14.61     -19.19       1.54        0.00      95.23       1.00       2.41       2.17

Doing AMOEBA simplex on best individual
Done simplexing #iterations 708, best score  18.17

     Score         DG    S(hbond)    S(metal)    S(lipo)     H(rot)  DE(clash)    DE(int)
     18.17     -19.58       1.83        0.00      90.25       1.00       0.15       1.27

--------------------------------------------------------------------------------
--- ChemScore breakdown of terms                                             ---
--------------------------------------------------------------------------------
DG = -5.4800 + -3.3400*S(hbond)
     + -6.0300*S(metal) + -0.1170*S(lipo) + 2.5600*H(rot)


H(rot) = 1.0000

Score = -(DG + DE(clash) + DE(int))


--------------------------------------------------------------------------------


--------------------------------------------------------------------------------
--- ChemScore analysis of protein-ligand interactions                        ---
--------------------------------------------------------------------------------

* Hydrogen bonds                                                                
Protein donor 7997 hydrogen 8009 Ligand acceptor    5 bond energy  1.00 wt 0.87
Protein donor 10752 hydrogen 10765 Ligand acceptor    1 bond energy  1.00 wt 0.96

CHEMSCORE EXTRA INTERACTIONS:

* Clashes                                                                       
Clash for ligand atom   1 (**** ):   0.01
Clash for ligand atom   6 (**** ):   0.13
--------------------------------------------------------------------------------


--------------------------------------------------------------------------------
--- Chromosome decoded                                                       ---
--------------------------------------------------------------------------------
Ligand Torsions
[  21   16    2    1] -120.74
[  13    8    7    6]  -66.19
Protein Torsions
[6907 6896 6895 6894] -124.10 
[7974 7965 7964 7962]  120.86 
[8008 7997 7996 7995] -108.99 
[10167 10162 10161 10158] -155.53 
[10718 10713 10712 10709]  -23.66 
[10763 10752 10751 10750]  154.54 
[11005 11000 10999 10996] -159.13 
Mapping
Ligand acceptors to protein hydrogens (mapping then atom ids)
  1  45 [  1->10765]
  2  20 [  5->8009]
Ligand hydrogens to protein acceptors (mapping then atom ids)
Ligand shape atoms to protein points (mapping then atom ids & coords)
  1  7742 [  8->(151.000 142.000 159.000)]
  3  9324 [ 10->(152.500 144.000 158.500)]
  4  7889 [ 11->(151.000 145.250 158.750)]
  5  9515 [ 12->(152.750 144.250 160.000)]
  6  9006 [ 13->(152.250 141.500 159.500)]
Chromosome values
Integers:
  44   19   -1   -1   -1   -1 7741   -1 9323 7888 9514 9005 
  -1   -1   -1   -1 
--------------------------------------------------------------------------------

Current Ranking  8  9  6  1  4  7  5  2  3

Top  3 (of  9) solutions are within 1.500 RMSD, finishing docking /DATA2/COVID-19/PDBs_&_Models/AV-procd.sdf.


--------------------------------------------------------------------------------

* GA execution time :                                                           
  total  0.4678 user  0.4638 sys  0.0040

--------------------------------------------------------------------------------
Fitness function evaluations: 53396

--------------------------------------------------------------------------------
--- Ranking analysis                                                         ---
--------------------------------------------------------------------------------


* Final ranked order of GA solutions:                                           
   8  9  6  1  4  7  5  2  3 

  _______________________________
  RMSD Matrix of RANKED solutions

        2    3    4    5    6    7    8    9  

   1 :  0.3  0.4  8.9  9.8  6.3  9.8  8.8  3.4
   2 :       0.4  8.9  9.8  6.1  9.9  8.8  3.2
   3 :            8.9  9.8  6.1  9.9  8.8  3.1
   4 :                 5.0 10.2  5.0  0.8  9.6
   5 :                     12.1  0.1  4.8 10.8
   6 :                          12.2  9.9  3.8
   7 :                                4.9 10.9
   8 :                                     9.5

  Clustering method                        : complete linkage
  Structure ids in cluster table           : rank nos.
  Ordering of clusters and their members   : by rank (order if from rms_analysis)

  Distance | Clusters
   0.13    |  1 |  2 |  3 |  4 |  5  7 |  6 |  8 |  9 |
   0.33    |  1  2 |  3 |  4 |  5  7 |  6 |  8 |  9 |
   0.42    |  1  2  3 |  4 |  5  7 |  6 |  8 |  9 |
   0.82    |  1  2  3 |  4  8 |  5  7 |  6 |  9 |
   3.38    |  1  2  3  9 |  4  8 |  5  7 |  6 |
   5.00    |  1  2  3  9 |  4  5  7  8 |  6 |
   6.26    |  1  2  3  6  9 |  4  5  7  8 |
  12.18    |  1  2  3  4  5  6  7  8  9 |
  Finished Docking Ligand                  : /DATA2/COVID-19/PDBs_&_Models/AV-procd.sdf
--------------------------------------------------------------------------------

  Relative_Ligand_Energy (best encountered) :   2.225
  Relative_Ligand_Energy: fitness values have been corrected using this amount
