
--------------------------------------------------------------------------------
--- Ligand                                                                   ---
--------------------------------------------------------------------------------
  Ligand loaded from file                  : /DATA2/COVID-19/PDBs_&_Models/AV-procd.sdf
  Ligand name                              :  
  "AV-unprocessed.smi:3019                                                  "

--------------------------------------------------------------------------------
  N.plc donors                             : 
  none found

  Acidic nitrogen acceptors                : 
  none found
  Sulfur acceptors                         :
  none found


  Donor atoms                              :      2
  6   10  
  Acceptor atoms                           :      4
  5   10  13  14  

  Hydrogens                                :  (n = 2)
  15   26   

  Lone pairs added to molecule             :      5
  Numbering                                : from 31 to 35
  Choline groups                           : 
   

--------------------------------------------------------------------------------
--- Postprocessing of typing                                                 ---
--------------------------------------------------------------------------------
  Fragment file                            : /home/scv26/CCDC/Discovery_2020/GOLD/gold/rotatable_bond_override.mol2
  acylurea fragment                        : no matches
  thioacylthiourea fragment                : no matches
  acylthiourea fragment                    : no matches
  thioacylurea fragment                    : no matches
  diarylamine fragment >C.ar-NH-C.ar<      : no matches
  sec-amine (1) fragment                   : no matches
  sec-amine (2) fragment                   : no matches
  sec-amine (3) fragment                   : no matches
  carboxylic ester                         : no matches

* Rotatable bonds in /DATA2/COVID-19/PDBs  :
  [   2    4] [   7    8] 
  No. of rotatable bonds                   :      2


* Fragments found in /DATA2/COVID-19/PDBs  :


* Checking torsion distributions:                                               
  No. of matched torsions                  :      0

--------------------------------------------------------------------------------
--- Shape fitting atoms selection (hydrophobic atoms)                        ---
--------------------------------------------------------------------------------
  Molecule                                 : /DATA2/COVID-19/PDBs_&_Models/AV-procd.sdf
  Selection                                : carbons only
  Atom numbers                             :  (n = 7)
  1    2    3    8    9    11   12   


--------------------------------------------------------------------------------
--- ChemScore ligand setup summary                                           ---
--------------------------------------------------------------------------------
  ChemScore ligand acceptors               :      4
  5 10 13 14 
  ChemScore ligand donors                  :      2
  6 ( 15  ) 10 ( 26  ) 
  ChemScore ligand CH donors               :      0
  

  ChemScore ligand lipophilic atoms        :  (n = 7)
  1    2    3    8    9    11   12   

  ChemScore ligand rotatable bonds         :      2
  2   (****) - 4   (****): SP3_SP2_BOND
  7   (****) - 8   (****): SP3_SP2_BOND

--------------------------------------------------------------------------------
--- PLP ligand setup summary                                                 ---
--------------------------------------------------------------------------------
    1  ****   C.3 NONPOLAR
    2  ****   C.3 NONPOLAR
    3  ****   C.3 NONPOLAR
    4  ****   C.2 NONPOLAR
    5  ****   N.2 ACCEPTOR
    6  **** N.pl3 DONOR
    7  ****   C.2 NONPOLAR
    8  ****   C.3 NONPOLAR
    9  ****   C.3 NONPOLAR
   10  ****   N.3 DONACC
   11  ****   C.3 NONPOLAR
   12  ****   C.3 NONPOLAR
   13  ****   O.3 ACCEPTOR
   14  ****   N.2 ACCEPTOR


--------------------------------------------------------------------------------
--- Automatic parameter setting                                              ---
--------------------------------------------------------------------------------
  Contribution base                        :   2500
  Contribution per rotatable bond          :   6000
  Contribution per df                      :   4000
  Contribution per water                   :  10000
  Ligand rotatable bonds                   :      2
  Protein flexible side chain bonds        :      0
  Total rotatable bonds                    :      2
  Hydrophobic vol ratio (P/L)              :   3.295
  Base multiplier (polar)                  :   1.200
  Base multiplier (apolar)                 :   4.614
  Base contribution                        : 12500.000
  Fitting points                           :      6
  Estimated maxops needed (optimal)        :  25000

--------------------------------------------------------------------------------

* Population settings                                                           
  maxops                                   :  25000
  popsiz                                   :    100
  select_pressure                          :   1.100
  n_islands                                :      2
  niche_siz                                :      2

* GA settings                                                                   
  pt_crosswt                               :     95
  allele_mutatewt                          :     95
  migratewt                                :     10

* Search settings                                                               
  start_vdw_linear_cutoff                  :   4.000
  initial_virtual_pt_match_max             :   3.000

--------------------------------------------------------------------------------

* Ligand initialisation time :                                                  
  total  0.0039 user  0.0039 sys  0.0000

--------------------------------------------------------------------------------

--------------------------------------------------------------------------------
** Docking run number  1 **
--------------------------------------------------------------------------------
  Rank fitness base is 5000.00 ; increment is 11.2233

* Initialising population(s) ...                                                
Number of constraints mappings 0
Number of constraints 0
  Population no.                           :      1
  Population size                          :    100
  Number of duplicates                     :      0
  Number of niche violations               :      0
  Number of errors                         :   7803

Number of constraints mappings 0
Number of constraints 0
  Population no.                           :      2
  Population size                          :    100
  Number of duplicates                     :      0
  Number of niche violations               :      0
  Number of errors                         :   8020


Doing GA, no. of population(s) 2 size 100 selection pressure 1.100000

 Operation      Score     S(PLP)   S(hbond)     S(cho)   S(metal)  DE(clash)   DE(tors)     intcor
         0      19.90     -18.37       1.00       0.00       0.00       0.00       0.77       0.06
       785      24.40     -23.44       1.12       0.00       0.00       0.00       1.23       0.06
      1195      25.23     -23.38       1.41       0.00       0.00       0.00       1.23       0.06
      1639      26.17     -22.48       1.61       0.00       0.00       0.00       0.59       0.06
      2433      26.65     -23.82       1.32       0.00       0.00       0.00       0.59       0.06
      3419      26.76     -23.40       1.50       0.00       0.00       0.00       0.59       0.06
      3735      27.62     -22.53       1.73       0.00       0.00       0.00       0.08       0.06
      3788      28.68     -23.43       1.93       0.00       0.00       0.00       0.30       0.06
      3839      28.72     -23.97       1.96       0.00       0.00       0.00       0.59       0.06
      4004      30.35     -24.62       1.93       0.00       0.00       0.00       0.06       0.06
      4067      30.52     -24.63       2.00       0.00       0.00       0.00       0.08       0.06
      4640      33.17     -29.91       1.40       0.00       0.00       0.00       0.50       0.06
      5622      33.41     -30.10       1.40       0.00       0.00       0.00       0.47       0.06
      5760      34.11     -30.07       1.45       0.00       0.00       0.00       0.18       0.06
      6046      34.40     -30.21       1.50       0.00       0.00       0.00       0.18       0.06
      7056      35.57     -30.92       1.65       0.00       0.00       0.00       0.18       0.06
      8348      35.84     -30.96       1.70       0.00       0.00       0.00       0.14       0.06
      9118      35.92     -31.04       1.70       0.00       0.00       0.00       0.14       0.06
      9468      36.91     -31.22       2.00       0.00       0.00       0.00       0.18       0.06
     10439      37.10     -31.32       2.00       0.00       0.00       0.00       0.14       0.06
--------------------------------------------------------------------------------
Best docking solution after GA:
     25000      37.10     -31.32       2.00       0.00       0.00       0.00       0.14       0.06

#ops:      25000 #mutates:  11858 #cross:    11865 #migrate:   1277 
#dups:      9309 #niche:    15579 #errors:    1158 
--------------------------------------------------------------------------------

Doing AMOEBA simplex on best individual
Done simplexing #iterations 440, best score  37.99

Ligand is stored in gold_soln_AV-procd_m11492_1.sdf


--------------------------------------------------------------------------------
--- CHEMPLP breakdown of terms                                               ---
--------------------------------------------------------------------------------
CHEMPLP = - ( 1.0000*S(PLP) + -3.0000*S(hbond) + -6.0000*S(metal) + -3.0000*S(cho) )

Score = CHEMPLP - 1.0000*DE(clash) - 2.0000*DE(tors)

Internal energy term has been corrected with the best internal energy encountered.

--------------------------------------------------------------------------------


     Score     S(PLP)   S(hbond)     S(cho)   S(metal)  DE(clash)   DE(tors)     intcor
     37.99     -32.32       2.00       0.00       0.00       0.00       0.20       0.06

--------------------------------------------------------------------------------
--- PLP analysis of protein-ligand interactions                              ---
--------------------------------------------------------------------------------
hydrogen bonding        :      -2.00
metal                   :       0.00
buried (polar-nonpolar) :      -5.05
nonpolar                :     -24.61
repulsive               :       0.33
--------------------------------------------------------------------------------


--------------------------------------------------------------------------------
--- ChemScore analysis of protein-ligand interactions                        ---
--------------------------------------------------------------------------------

* Hydrogen bonds                                                                
Ligand donor    6 hydrogen   15 Protein acceptor 8028 bond energy  1.00 wt 1.00
Protein donor 7989 hydrogen 7998 Ligand acceptor   10 bond energy  1.00 wt 1.00


* CH..O interactions                                                            
  CH group selection                       : activated ring CH (adjacent to hetatom)

--------------------------------------------------------------------------------


--------------------------------------------------------------------------------
--- Intra-ligand clashes                                                     ---
--------------------------------------------------------------------------------

Ligand
--------------------------------------------------------------------------------

--------------------------------------------------------------------------------
--- Rescoring solution                                                       ---
--------------------------------------------------------------------------------

     Score         DG    S(hbond)    S(metal)    S(lipo)     H(rot)  DE(clash)    DE(int)
     11.83     -11.98       0.77        0.00      61.12       1.26       0.00       0.14

Doing AMOEBA simplex on best individual
Done simplexing #iterations 613, best score  12.98

     Score         DG    S(hbond)    S(metal)    S(lipo)     H(rot)  DE(clash)    DE(int)
     12.98     -13.26       1.05        0.00      63.94       1.26       0.15       0.12

--------------------------------------------------------------------------------
--- ChemScore breakdown of terms                                             ---
--------------------------------------------------------------------------------
DG = -5.4800 + -3.3400*S(hbond)
     + -6.0300*S(metal) + -0.1170*S(lipo) + 2.5600*H(rot)


H(rot) = 1.2598

Score = -(DG + DE(clash) + DE(int))


--------------------------------------------------------------------------------


--------------------------------------------------------------------------------
--- ChemScore analysis of protein-ligand interactions                        ---
--------------------------------------------------------------------------------

* Hydrogen bonds                                                                
Ligand donor    6 hydrogen   15 Protein acceptor 8028 bond energy  1.00 wt 0.91
Protein donor 7989 hydrogen 7998 Ligand acceptor   10 bond energy  1.00 wt 0.15

CHEMSCORE EXTRA INTERACTIONS:

* Clashes                                                                       
Clash for ligand atom   8 (**** ):   0.15
--------------------------------------------------------------------------------


--------------------------------------------------------------------------------
--- Chromosome decoded                                                       ---
--------------------------------------------------------------------------------
Ligand Torsions
[   1    2    4   14]   -5.99
[  13    8    7    6]  -61.31
Protein Torsions
[6907 6896 6895 6894]  -33.33 
[7974 7965 7964 7962]  153.02 
[8008 7997 7996 7995] -143.62 
[10167 10162 10161 10158]  118.94 
[10718 10713 10712 10709] -171.06 
[10763 10752 10751 10750]  158.86 
[11005 11000 10999 10996] -101.81 
Mapping
Ligand acceptors to protein hydrogens (mapping then atom ids)
  2  18 [ 10->7998]
Ligand hydrogens to protein acceptors (mapping then atom ids)
Ligand shape atoms to protein points (mapping then atom ids & coords)
  1  9773 [  1->(154.000 141.500 160.750)]
  2  9488 [  2->(152.750 143.750 160.500)]
Chromosome values
Integers:
  -1   17   -1   -1   -1   -1 9772 9487   -1   -1   -1   -1 
  -1 
--------------------------------------------------------------------------------

Current Ranking  1

--------------------------------------------------------------------------------

* GA execution time :                                                           
  total  0.4649 user  0.4649 sys  0.0000

--------------------------------------------------------------------------------
Fitness function evaluations: 58121

--------------------------------------------------------------------------------
** Docking run number  2 **
--------------------------------------------------------------------------------
  Rank fitness base is 5000.00 ; increment is 11.2233

* Initialising population(s) ...                                                
Number of constraints mappings 0
Number of constraints 0
  Population no.                           :      1
  Population size                          :    100
  Number of duplicates                     :      0
  Number of niche violations               :      0
  Number of errors                         :   7989

Number of constraints mappings 0
Number of constraints 0
  Population no.                           :      2
  Population size                          :    100
  Number of duplicates                     :      0
  Number of niche violations               :      0
  Number of errors                         :   7908


Doing GA, no. of population(s) 2 size 100 selection pressure 1.100000

 Operation      Score     S(PLP)   S(hbond)     S(cho)   S(metal)  DE(clash)   DE(tors)     intcor
         0      17.63     -19.01       0.00       0.00       0.00       0.00       0.72       0.06
       306      17.92     -18.43       0.00       0.00       0.00       0.00       0.28       0.06
       595      18.57     -19.55       0.00       0.00       0.00       0.00       0.52       0.06
       737      20.98     -19.27       0.78       0.00       0.00       0.00       0.34       0.06
      1021      23.62     -18.17       1.99       0.00       0.00       0.00       0.29       0.06
      1783      24.09     -22.30       1.30       0.00       0.00       0.00       1.09       0.06
      2263      24.11     -21.65       0.84       0.00       0.00       0.00       0.07       0.06
      2420      28.39     -22.74       2.00       0.00       0.00       0.00       0.20       0.06
      4454      28.46     -22.73       2.00       0.00       0.00       0.00       0.16       0.06
      4548      28.49     -22.75       2.00       0.00       0.00       0.00       0.16       0.06
      6499      28.70     -28.96       0.00       0.00       0.00       0.00       0.16       0.06
     10027      29.83     -24.51       1.86       0.00       0.00       0.00       0.16       0.06
     12209      30.71     -25.43       1.88       0.00       0.00       0.00       0.20       0.06
     14990      30.74     -25.54       1.88       0.00       0.00       0.00       0.25       0.06
     21597      30.78     -25.60       1.86       0.00       0.00       0.00       0.23       0.06
     23267      30.78     -25.78       1.86       0.00       0.00       0.00       0.32       0.06
     23612      30.87     -25.89       1.84       0.00       0.00       0.00       0.31       0.06
     24908      30.89     -26.05       1.83       0.00       0.00       0.00       0.35       0.06
--------------------------------------------------------------------------------
Best docking solution after GA:
     25000      30.89     -26.05       1.83       0.00       0.00       0.00       0.35       0.06

#ops:      25000 #mutates:  11907 #cross:    11871 #migrate:   1222 
#dups:      6619 #niche:    13275 #errors:    1618 
--------------------------------------------------------------------------------

Doing AMOEBA simplex on best individual
Done simplexing #iterations 490, best score  32.00

Ligand is stored in gold_soln_AV-procd_m11492_2.sdf


--------------------------------------------------------------------------------
--- CHEMPLP breakdown of terms                                               ---
--------------------------------------------------------------------------------
CHEMPLP = - ( 1.0000*S(PLP) + -3.0000*S(hbond) + -6.0000*S(metal) + -3.0000*S(cho) )

Score = CHEMPLP - 1.0000*DE(clash) - 2.0000*DE(tors)

Internal energy term has been corrected with the best internal energy encountered.

--------------------------------------------------------------------------------


     Score     S(PLP)   S(hbond)     S(cho)   S(metal)  DE(clash)   DE(tors)     intcor
     32.00     -26.47       2.00       0.00       0.00       0.00       0.27       0.06

--------------------------------------------------------------------------------
--- PLP analysis of protein-ligand interactions                              ---
--------------------------------------------------------------------------------
hydrogen bonding        :      -2.69
metal                   :       0.00
buried (polar-nonpolar) :      -3.79
nonpolar                :     -20.28
repulsive               :       0.32
--------------------------------------------------------------------------------


--------------------------------------------------------------------------------
--- ChemScore analysis of protein-ligand interactions                        ---
--------------------------------------------------------------------------------

* Hydrogen bonds                                                                
Ligand donor    6 hydrogen   15 Protein acceptor 8028 bond energy  1.00 wt 1.00
Ligand donor   10 hydrogen   26 Protein acceptor 7948 bond energy  1.00 wt 1.00


* CH..O interactions                                                            
  CH group selection                       : activated ring CH (adjacent to hetatom)

--------------------------------------------------------------------------------


--------------------------------------------------------------------------------
--- Intra-ligand clashes                                                     ---
--------------------------------------------------------------------------------

Ligand
--------------------------------------------------------------------------------

--------------------------------------------------------------------------------
--- Rescoring solution                                                       ---
--------------------------------------------------------------------------------

     Score         DG    S(hbond)    S(metal)    S(lipo)     H(rot)  DE(clash)    DE(int)
     13.69     -14.04       1.78        0.00      49.81       1.26       0.00       0.35

Doing AMOEBA simplex on best individual
Done simplexing #iterations 433, best score  14.88

     Score         DG    S(hbond)    S(metal)    S(lipo)     H(rot)  DE(clash)    DE(int)
     14.88     -14.97       1.98        0.00      52.18       1.26       0.04       0.05

--------------------------------------------------------------------------------
--- ChemScore breakdown of terms                                             ---
--------------------------------------------------------------------------------
DG = -5.4800 + -3.3400*S(hbond)
     + -6.0300*S(metal) + -0.1170*S(lipo) + 2.5600*H(rot)


H(rot) = 1.2598

Score = -(DG + DE(clash) + DE(int))


--------------------------------------------------------------------------------


--------------------------------------------------------------------------------
--- ChemScore analysis of protein-ligand interactions                        ---
--------------------------------------------------------------------------------

* Hydrogen bonds                                                                
Ligand donor    6 hydrogen   15 Protein acceptor 8028 bond energy  1.00 wt 1.00
Ligand donor   10 hydrogen   26 Protein acceptor 7948 bond energy  1.00 wt 0.98

CHEMSCORE EXTRA INTERACTIONS:

* Clashes                                                                       
Clash for ligand atom   9 (**** ):   0.04
--------------------------------------------------------------------------------


--------------------------------------------------------------------------------
--- Chromosome decoded                                                       ---
--------------------------------------------------------------------------------
Ligand Torsions
[   1    2    4   14]  -50.65
[  13    8    7    6]  -50.60
Protein Torsions
[6907 6896 6895 6894]   14.85 
[7974 7965 7964 7962]  179.70 
[8008 7997 7996 7995] -105.97 
[10167 10162 10161 10158] -132.64 
[10718 10713 10712 10709]   87.82 
[10763 10752 10751 10750]   38.85 
[11005 11000 10999 10996] -138.13 
Mapping
Ligand acceptors to protein hydrogens (mapping then atom ids)
Ligand hydrogens to protein acceptors (mapping then atom ids)
  1  15 [ 15->8028]
Ligand shape atoms to protein points (mapping then atom ids & coords)
  3  9541 [  3->(153.000 142.250 160.000)]
  6  5287 [ 11->(146.750 139.000 152.750)]
Chromosome values
Integers:
  -1   -1   -1   -1   14   -1   -1   -1 9540   -1   -1 5286 
  -1 
--------------------------------------------------------------------------------

Current Ranking  1  2

--------------------------------------------------------------------------------

* GA execution time :                                                           
  total  0.4417 user  0.4417 sys  0.0000

--------------------------------------------------------------------------------
Fitness function evaluations: 58466

--------------------------------------------------------------------------------
** Docking run number  3 **
--------------------------------------------------------------------------------
  Rank fitness base is 5000.00 ; increment is 11.2233

* Initialising population(s) ...                                                
Number of constraints mappings 0
Number of constraints 0
  Population no.                           :      1
  Population size                          :    100
  Number of duplicates                     :      0
  Number of niche violations               :      0
  Number of errors                         :   8017

Number of constraints mappings 0
Number of constraints 0
  Population no.                           :      2
  Population size                          :    100
  Number of duplicates                     :      0
  Number of niche violations               :      0
  Number of errors                         :   7931


Doing GA, no. of population(s) 2 size 100 selection pressure 1.100000

 Operation      Score     S(PLP)   S(hbond)     S(cho)   S(metal)  DE(clash)   DE(tors)     intcor
         0      21.50     -20.93       0.69       0.00       0.00       0.00       0.77       0.06
       368      21.75     -18.95       0.96       0.00       0.00       0.00       0.07       0.06
       417      23.15     -23.05       0.17       0.00       0.00       0.00       0.24       0.06
      1101      24.44     -22.70       0.65       0.00       0.00       0.00       0.13       0.06
      1364      24.47     -22.61       0.68       0.00       0.00       0.00       0.12       0.06
      1561      27.65     -24.79       1.00       0.00       0.00       0.00       0.10       0.06
      2752      27.86     -24.96       1.00       0.00       0.00       0.00       0.08       0.06
      2779      29.10     -29.29       0.38       0.00       0.00       0.00       0.70       0.06
      3324      29.28     -27.43       0.65       0.00       0.00       0.00       0.08       0.06
      3490      30.58     -27.64       1.01       0.00       0.00       0.00       0.08       0.06
      3526      30.61     -27.64       1.02       0.00       0.00       0.00       0.07       0.06
      4648      31.60     -27.65       1.77       0.00       0.00       0.00       0.70       0.06
      5891      31.76     -27.75       1.81       0.00       0.00       0.00       0.74       0.06
      6653      35.04     -30.60       1.95       0.00       0.00       0.00       0.74       0.06
      6671      35.63     -31.35       2.00       0.00       0.00       0.00       0.89       0.06
      8547      35.68     -31.50       2.00       0.00       0.00       0.00       0.94       0.06
      8683      35.88     -31.56       2.00       0.00       0.00       0.00       0.87       0.06
      9433      36.16     -31.62       2.00       0.00       0.00       0.00       0.76       0.06
     10827      36.45     -31.67       2.00       0.00       0.00       0.00       0.64       0.06
     12252      36.50     -31.79       2.00       0.00       0.00       0.00       0.67       0.06
     12717      36.61     -31.74       2.00       0.00       0.00       0.00       0.59       0.06
     13178      36.74     -31.29       1.95       0.00       0.00       0.00       0.23       0.06
     14950      36.85     -31.42       1.95       0.00       0.00       0.00       0.24       0.06
     15610      36.89     -31.63       1.95       0.00       0.00       0.00       0.32       0.06
     15728      36.94     -31.54       1.95       0.00       0.00       0.00       0.25       0.06
     17143      36.94     -31.60       1.95       0.00       0.00       0.00       0.28       0.06
     22523      36.94     -31.60       1.95       0.00       0.00       0.00       0.28       0.06
--------------------------------------------------------------------------------
Best docking solution after GA:
     25000      36.94     -31.60       1.95       0.00       0.00       0.00       0.28       0.06

#ops:      25000 #mutates:  11802 #cross:    11859 #migrate:   1339 
#dups:      9592 #niche:    14346 #errors:    1536 
--------------------------------------------------------------------------------

Doing AMOEBA simplex on best individual
Done simplexing #iterations 462, best score  37.88

Ligand is stored in gold_soln_AV-procd_m11492_3.sdf


--------------------------------------------------------------------------------
--- CHEMPLP breakdown of terms                                               ---
--------------------------------------------------------------------------------
CHEMPLP = - ( 1.0000*S(PLP) + -3.0000*S(hbond) + -6.0000*S(metal) + -3.0000*S(cho) )

Score = CHEMPLP - 1.0000*DE(clash) - 2.0000*DE(tors)

Internal energy term has been corrected with the best internal energy encountered.

--------------------------------------------------------------------------------


     Score     S(PLP)   S(hbond)     S(cho)   S(metal)  DE(clash)   DE(tors)     intcor
     37.88     -32.45       2.00       0.00       0.00       0.00       0.31       0.06

--------------------------------------------------------------------------------
--- PLP analysis of protein-ligand interactions                              ---
--------------------------------------------------------------------------------
hydrogen bonding        :      -2.00
metal                   :       0.00
buried (polar-nonpolar) :      -5.45
nonpolar                :     -24.51
repulsive               :       0.29
--------------------------------------------------------------------------------


--------------------------------------------------------------------------------
--- ChemScore analysis of protein-ligand interactions                        ---
--------------------------------------------------------------------------------

* Hydrogen bonds                                                                
Ligand donor    6 hydrogen   15 Protein acceptor 8028 bond energy  1.00 wt 1.00
Protein donor 7989 hydrogen 7998 Ligand acceptor   10 bond energy  1.00 wt 1.00


* CH..O interactions                                                            
  CH group selection                       : activated ring CH (adjacent to hetatom)

--------------------------------------------------------------------------------


--------------------------------------------------------------------------------
--- Intra-ligand clashes                                                     ---
--------------------------------------------------------------------------------

Ligand
--------------------------------------------------------------------------------

--------------------------------------------------------------------------------
--- Rescoring solution                                                       ---
--------------------------------------------------------------------------------

     Score         DG    S(hbond)    S(metal)    S(lipo)     H(rot)  DE(clash)    DE(int)
     11.84     -12.95       1.01        0.00      62.58       1.26       0.82       0.28

Doing AMOEBA simplex on best individual
Done simplexing #iterations 526, best score  12.98

     Score         DG    S(hbond)    S(metal)    S(lipo)     H(rot)  DE(clash)    DE(int)
     12.98     -13.09       1.04        0.00      62.86       1.26       0.01       0.09

--------------------------------------------------------------------------------
--- ChemScore breakdown of terms                                             ---
--------------------------------------------------------------------------------
DG = -5.4800 + -3.3400*S(hbond)
     + -6.0300*S(metal) + -0.1170*S(lipo) + 2.5600*H(rot)


H(rot) = 1.2598

Score = -(DG + DE(clash) + DE(int))


--------------------------------------------------------------------------------


--------------------------------------------------------------------------------
--- ChemScore analysis of protein-ligand interactions                        ---
--------------------------------------------------------------------------------

* Hydrogen bonds                                                                
Ligand donor    6 hydrogen   15 Protein acceptor 8028 bond energy  1.00 wt 0.96
Protein donor 7989 hydrogen 7998 Ligand acceptor   10 bond energy  1.00 wt 0.08

CHEMSCORE EXTRA INTERACTIONS:

* Clashes                                                                       
Clash for ligand atom   8 (**** ):   0.01
--------------------------------------------------------------------------------


--------------------------------------------------------------------------------
--- Chromosome decoded                                                       ---
--------------------------------------------------------------------------------
Ligand Torsions
[   1    2    4   14]   -8.64
[  13    8    7    6]  -64.52
Protein Torsions
[6907 6896 6895 6894]   78.20 
[7974 7965 7964 7962]   84.47 
[8008 7997 7996 7995] -144.92 
[10167 10162 10161 10158]  116.21 
[10718 10713 10712 10709]  -69.79 
[10763 10752 10751 10750]  160.81 
[11005 11000 10999 10996]  -77.73 
Mapping
Ligand acceptors to protein hydrogens (mapping then atom ids)
  2  18 [ 10->7998]
Ligand hydrogens to protein acceptors (mapping then atom ids)
Ligand shape atoms to protein points (mapping then atom ids & coords)
  1  9764 [  1->(154.000 141.000 160.750)]
  3  8382 [  3->(151.500 144.500 161.750)]
Chromosome values
Integers:
  -1   17   -1   -1   -1   -1 9763   -1 8381   -1   -1   -1 
  -1 
--------------------------------------------------------------------------------

Current Ranking  1  3  2

--------------------------------------------------------------------------------

* GA execution time :                                                           
  total  0.4547 user  0.4547 sys  0.0000

--------------------------------------------------------------------------------
Fitness function evaluations: 57884

--------------------------------------------------------------------------------
** Docking run number  4 **
--------------------------------------------------------------------------------
  Rank fitness base is 5000.00 ; increment is 11.2233

* Initialising population(s) ...                                                
Number of constraints mappings 0
Number of constraints 0
  Population no.                           :      1
  Population size                          :    100
  Number of duplicates                     :      0
  Number of niche violations               :      0
  Number of errors                         :   8186

Number of constraints mappings 0
Number of constraints 0
  Population no.                           :      2
  Population size                          :    100
  Number of duplicates                     :      0
  Number of niche violations               :      0
  Number of errors                         :   8166


Doing GA, no. of population(s) 2 size 100 selection pressure 1.100000

 Operation      Score     S(PLP)   S(hbond)     S(cho)   S(metal)  DE(clash)   DE(tors)     intcor
         0      25.64     -23.38       0.84       0.00       0.00       0.00       0.16       0.06
      1633      26.43     -24.62       0.94       0.00       0.00       0.00       0.54       0.06
      2355      27.90     -25.17       1.00       0.00       0.00       0.00       0.16       0.06
      3203      28.72     -27.66       0.58       0.00       0.00       0.00       0.37       0.06
      3451      29.45     -26.53       1.06       0.00       0.00       0.00       0.16       0.06
      4283      30.44     -28.10       0.90       0.00       0.00       0.00       0.21       0.06
      4999      31.11     -27.36       1.35       0.00       0.00       0.00       0.18       0.06
      5217      32.59     -29.72       1.31       0.00       0.00       0.00       0.56       0.06
      5586      32.66     -29.88       1.40       0.00       0.00       0.00       0.74       0.06
      7813      32.90     -30.46       1.40       0.00       0.00       0.00       0.91       0.06
     10038      32.96     -29.88       1.61       0.00       0.00       0.00       0.91       0.06
     10408      32.96     -30.54       1.40       0.00       0.00       0.00       0.92       0.06
     11072      33.56     -29.89       1.67       0.00       0.00       0.00       0.69       0.06
     17520      33.60     -32.02       1.00       0.00       0.00       0.00       0.74       0.06
     18758      34.17     -32.50       1.00       0.00       0.00       0.00       0.69       0.06
     23430      34.37     -30.82       1.65       0.00       0.00       0.00       0.73       0.06
     24560      34.41     -30.78       1.70       0.00       0.00       0.00       0.76       0.06
--------------------------------------------------------------------------------
Best docking solution after GA:
     25000      34.41     -30.78       1.70       0.00       0.00       0.00       0.76       0.06

#ops:      25000 #mutates:  11713 #cross:    12016 #migrate:   1271 
#dups:      5549 #niche:    13966 #errors:    1654 
--------------------------------------------------------------------------------

Doing AMOEBA simplex on best individual
Done simplexing #iterations 503, best score  36.86

Ligand is stored in gold_soln_AV-procd_m11492_4.sdf


--------------------------------------------------------------------------------
--- CHEMPLP breakdown of terms                                               ---
--------------------------------------------------------------------------------
CHEMPLP = - ( 1.0000*S(PLP) + -3.0000*S(hbond) + -6.0000*S(metal) + -3.0000*S(cho) )

Score = CHEMPLP - 1.0000*DE(clash) - 2.0000*DE(tors)

Internal energy term has been corrected with the best internal energy encountered.

--------------------------------------------------------------------------------


     Score     S(PLP)   S(hbond)     S(cho)   S(metal)  DE(clash)   DE(tors)     intcor
     36.86     -32.50       2.00       0.00       0.00       0.00       0.85       0.06

--------------------------------------------------------------------------------
--- PLP analysis of protein-ligand interactions                              ---
--------------------------------------------------------------------------------
hydrogen bonding        :      -2.00
metal                   :       0.00
buried (polar-nonpolar) :      -4.97
nonpolar                :     -25.68
repulsive               :       0.52
--------------------------------------------------------------------------------


--------------------------------------------------------------------------------
--- ChemScore analysis of protein-ligand interactions                        ---
--------------------------------------------------------------------------------

* Hydrogen bonds                                                                
Ligand donor    6 hydrogen   15 Protein acceptor 8028 bond energy  1.00 wt 1.00
Protein donor 7989 hydrogen 7998 Ligand acceptor   10 bond energy  1.00 wt 1.00


* CH..O interactions                                                            
  CH group selection                       : activated ring CH (adjacent to hetatom)

--------------------------------------------------------------------------------


--------------------------------------------------------------------------------
--- Intra-ligand clashes                                                     ---
--------------------------------------------------------------------------------

Ligand
--------------------------------------------------------------------------------

--------------------------------------------------------------------------------
--- Rescoring solution                                                       ---
--------------------------------------------------------------------------------

     Score         DG    S(hbond)    S(metal)    S(lipo)     H(rot)  DE(clash)    DE(int)
     11.10     -11.86       0.76        0.00      60.56       1.26       0.00       0.76

Doing AMOEBA simplex on best individual
Done simplexing #iterations 667, best score  12.81

     Score         DG    S(hbond)    S(metal)    S(lipo)     H(rot)  DE(clash)    DE(int)
     12.81     -13.09       1.02        0.00      63.50       1.26       0.04       0.24

--------------------------------------------------------------------------------
--- ChemScore breakdown of terms                                             ---
--------------------------------------------------------------------------------
DG = -5.4800 + -3.3400*S(hbond)
     + -6.0300*S(metal) + -0.1170*S(lipo) + 2.5600*H(rot)


H(rot) = 1.2598

Score = -(DG + DE(clash) + DE(int))


--------------------------------------------------------------------------------


--------------------------------------------------------------------------------
--- ChemScore analysis of protein-ligand interactions                        ---
--------------------------------------------------------------------------------

* Hydrogen bonds                                                                
Ligand donor    6 hydrogen   15 Protein acceptor 8028 bond energy  1.00 wt 0.96
Protein donor 7989 hydrogen 7998 Ligand acceptor   10 bond energy  1.00 wt 0.06

CHEMSCORE EXTRA INTERACTIONS:

* Clashes                                                                       
Clash for ligand atom   3 (**** ):   0.03
Clash for ligand atom   8 (**** ):   0.01
--------------------------------------------------------------------------------


--------------------------------------------------------------------------------
--- Chromosome decoded                                                       ---
--------------------------------------------------------------------------------
Ligand Torsions
[   1    2    4   14]  -26.57
[  13    8    7    6]  -52.23
Protein Torsions
[6907 6896 6895 6894]   79.50 
[7974 7965 7964 7962] -161.64 
[8008 7997 7996 7995] -155.77 
[10167 10162 10161 10158]   70.64 
[10718 10713 10712 10709] -103.12 
[10763 10752 10751 10750]  159.44 
[11005 11000 10999 10996]   83.88 
Mapping
Ligand acceptors to protein hydrogens (mapping then atom ids)
  2  18 [ 10->7998]
Ligand hydrogens to protein acceptors (mapping then atom ids)
Ligand shape atoms to protein points (mapping then atom ids & coords)
  1  9413 [  1->(152.750 142.500 161.250)]
  2  9354 [  2->(152.500 144.250 161.250)]
  3  9420 [  3->(152.750 142.750 160.250)]
  7  6378 [ 12->(148.500 140.500 154.500)]
Chromosome values
Integers:
  -1   17   -1   -1   -1   -1 9412 9353 9419   -1   -1   -1 
6377 
--------------------------------------------------------------------------------

Current Ranking  1  3  4  2

Top  3 (of  4) solutions are within 1.500 RMSD, finishing docking /DATA2/COVID-19/PDBs_&_Models/AV-procd.sdf.


--------------------------------------------------------------------------------

* GA execution time :                                                           
  total  0.4531 user  0.4531 sys  0.0000

--------------------------------------------------------------------------------
Fitness function evaluations: 59416

--------------------------------------------------------------------------------
--- Ranking analysis                                                         ---
--------------------------------------------------------------------------------


* Final ranked order of GA solutions:                                           
   1  3  4  2 

  _______________________________
  RMSD Matrix of RANKED solutions

        2    3    4  

   1 :  0.1  0.2  2.4
   2 :       0.2  2.4
   3 :            2.4

  Clustering method                        : complete linkage
  Structure ids in cluster table           : rank nos.
  Ordering of clusters and their members   : by rank (order if from rms_analysis)

  Distance | Clusters
   0.09    |  1  2 |  3 |  4 |
   0.23    |  1  2  3 |  4 |
   2.44    |  1  2  3  4 |
  Finished Docking Ligand                  : /DATA2/COVID-19/PDBs_&_Models/AV-procd.sdf
--------------------------------------------------------------------------------

  Relative_Ligand_Energy (best encountered) :   0.059
  Relative_Ligand_Energy: fitness values have been corrected using this amount
