
--------------------------------------------------------------------------------
--- Ligand                                                                   ---
--------------------------------------------------------------------------------
  Ligand loaded from file                  : /DATA2/COVID-19/PDBs_&_Models/AV-procd.sdf
  Ligand name                              :  
  "AV-unprocessed.smi:816                                                   "

--------------------------------------------------------------------------------
  N.plc donors                             : 
  none found

  Acidic nitrogen acceptors                : 
  none found
  Sulfur acceptors                         :
  none found

  N.1 atom 15 is not an acceptor (skipped)
  N.1 atom 22 is not an acceptor (skipped)

  Donor atoms                              :      1
  7   
  Acceptor atoms                           :      6
  3   7   9   15  19  22  

  Hydrogens                                :  (n = 1)
  31   

  Lone pairs added to molecule             :      9
  Numbering                                : from 41 to 49
  Choline groups                           : 
   

--------------------------------------------------------------------------------
--- Postprocessing of typing                                                 ---
--------------------------------------------------------------------------------
  Fragment file                            : /home/scv26/CCDC/Discovery_2020/GOLD/gold/rotatable_bond_override.mol2
  acylurea fragment                        : no matches
  thioacylthiourea fragment                : no matches
  acylthiourea fragment                    : no matches
  thioacylurea fragment                    : no matches
  diarylamine fragment >C.ar-NH-C.ar<      : no matches
  sec-amine (1) fragment                   : no matches
  sec-amine (2) fragment                   : no matches
  sec-amine (3) fragment                   : no matches
  carboxylic ester                         : no matches

* Rotatable bonds in /DATA2/COVID-19/PDBs  :
  [   4    5] [   5    6] [   6    7] [   6    8] 
  [   8    9] [   9   10] [  13   14] [  20   21] 
  No. of rotatable bonds                   :      8


* Fragments found in /DATA2/COVID-19/PDBs  :
  atom  10: benzene
  atom  11: benzene
  atom  12: benzene
  atom  13: benzene
  atom  16: benzene
  atom  17: benzene


* Checking torsion distributions:                                               
  Rotatable bond [11 10  9  8] matches torsion: aromatic-aliphatic ether
   C.ar ( 1H ) | C.ar ( C.ar ( 1H ) ) | O.3 | C.3 ( 2H ) 
  No. of matched torsions                  :      1

--------------------------------------------------------------------------------
--- Shape fitting atoms selection (hydrophobic atoms)                        ---
--------------------------------------------------------------------------------
  Molecule                                 : /DATA2/COVID-19/PDBs_&_Models/AV-procd.sdf
  Selection                                : carbons only
  Atom numbers                             :  (n = 9)
  1    5    6    8    11   12   16   17   24   


--------------------------------------------------------------------------------
--- ChemScore ligand setup summary                                           ---
--------------------------------------------------------------------------------
  ChemScore ligand acceptors               :      6
  3 7 9 15 19 22 
  ChemScore ligand donors                  :      1
  7 ( 31  ) 
  ChemScore ligand CH donors               :      0
  

  ChemScore ligand lipophilic atoms        :  (n = 14)
  1    2    5    6    8    10   11   12   13   16   
  17   20   23   24   

  ChemScore ligand rotatable bonds         :      8
  4   (****) - 5   (****): SP3_SP2_BOND
  5   (****) - 6   (****): SP3_SP3_BOND
  6   (****) - 7   (****): SP3_SP3_BOND
  6   (****) - 8   (****): SP3_SP3_BOND
  8   (****) - 9   (****): SP3_SP3_BOND
  9   (****) - 10  (****): SP3_SP2_BOND
  13  (****) - 14  (****): UNKNOWN_BOND
  20  (****) - 21  (****): UNKNOWN_BOND

--------------------------------------------------------------------------------
--- PLP ligand setup summary                                                 ---
--------------------------------------------------------------------------------
    1  ****   C.3 NONPOLAR
    2  ****   C.2 NONPOLAR
    3  ****   N.2 ACCEPTOR
    4  ****  N.am NONPOLAR
    5  ****   C.3 NONPOLAR
    6  ****   C.3 NONPOLAR
    7  ****   O.3 DONACC
    8  ****   C.3 NONPOLAR
    9  ****   O.3 ACCEPTOR
   10  ****  C.ar NONPOLAR
   11  ****  C.ar NONPOLAR
   12  ****  C.ar NONPOLAR
   13  ****  C.ar NONPOLAR
   14  ****   C.1 NONPOLAR
   15  ****   N.1 ACCEPTOR
   16  ****  C.ar NONPOLAR
   17  ****  C.ar NONPOLAR
   18  ****   C.2 NONPOLAR
   19  ****   O.2 ACCEPTOR
   20  ****   C.2 NONPOLAR
   21  ****   C.1 NONPOLAR
   22  ****   N.1 ACCEPTOR
   23  ****   C.2 NONPOLAR
   24  ****   C.3 NONPOLAR


--------------------------------------------------------------------------------
--- Automatic parameter setting                                              ---
--------------------------------------------------------------------------------
  Contribution base                        :   2500
  Contribution per rotatable bond          :   6000
  Contribution per df                      :   4000
  Contribution per water                   :  10000
  Ligand rotatable bonds                   :      8
  Protein flexible side chain bonds        :      0
  Total rotatable bonds                    :      8
  Hydrophobic vol ratio (P/L)              :   2.563
  Base multiplier (polar)                  :   1.400
  Base multiplier (apolar)                 :   4.614
  Base contribution                        : 15000.000
  Fitting points                           :      7
  Estimated maxops needed (optimal)        :  63500

--------------------------------------------------------------------------------

* Population settings                                                           
  maxops                                   :  63500
  popsiz                                   :    100
  select_pressure                          :   1.100
  n_islands                                :      5
  niche_siz                                :      2

* GA settings                                                                   
  pt_crosswt                               :     95
  allele_mutatewt                          :     95
  migratewt                                :     10

* Search settings                                                               
  start_vdw_linear_cutoff                  :   4.000
  initial_virtual_pt_match_max             :   3.000

--------------------------------------------------------------------------------

* Ligand initialisation time :                                                  
  total  0.0115 user  0.0115 sys  0.0000

--------------------------------------------------------------------------------

--------------------------------------------------------------------------------
** Docking run number  1 **
--------------------------------------------------------------------------------
  Rank fitness base is 5000.00 ; increment is 11.2233

* Initialising population(s) ...                                                
Number of constraints mappings 0
Number of constraints 0
  Population no.                           :      1
  Population size                          :    100
  Number of duplicates                     :      0
  Number of niche violations               :      0
  Number of errors                         :   5712

Number of constraints mappings 0
Number of constraints 0
  Population no.                           :      2
  Population size                          :    100
  Number of duplicates                     :      0
  Number of niche violations               :      0
  Number of errors                         :   5820

Number of constraints mappings 0
Number of constraints 0
  Population no.                           :      3
  Population size                          :    100
  Number of duplicates                     :      0
  Number of niche violations               :      0
  Number of errors                         :   5782

Number of constraints mappings 0
Number of constraints 0
  Population no.                           :      4
  Population size                          :    100
  Number of duplicates                     :      0
  Number of niche violations               :      0
  Number of errors                         :   5698

Number of constraints mappings 0
Number of constraints 0
  Population no.                           :      5
  Population size                          :    100
  Number of duplicates                     :      0
  Number of niche violations               :      0
  Number of errors                         :   6052


Doing GA, no. of population(s) 5 size 100 selection pressure 1.100000

 Operation      Score     S(PLP)   S(hbond)     S(cho)   S(metal)  DE(clash)   DE(tors)     intcor
         0      19.79     -20.51       0.74       0.00       0.00       0.00       1.69       0.39
       751      19.79     -20.51       0.76       0.00       0.00       0.00       1.69       0.39
      1464      20.02     -22.85       0.00       0.00       0.00       2.05       0.59       0.39
      1654      22.60     -24.87       0.00       0.00       0.00       1.85       0.41       0.39
      2365      23.21     -21.80       1.94       0.00       0.00       1.86       1.47       0.39
      2559      27.76     -30.04       0.00       0.00       0.00       1.85       0.41       0.39
      3743      28.52     -29.56       0.35       0.00       0.00       0.00       1.24       0.39
      5394      29.89     -30.63       0.70       0.00       0.00       0.00       1.62       0.39
      5904      29.90     -30.64       0.70       0.00       0.00       0.00       1.62       0.39
      7029      30.72     -29.66       0.63       0.00       0.00       0.00       0.61       0.39
      7944      30.81     -29.65       0.67       0.00       0.00       0.00       0.61       0.39
      9301      31.03     -34.93       0.00       0.00       0.00       0.80       1.75       0.39
      9378      32.46     -32.78       0.41       0.00       0.00       0.00       0.98       0.39
     10195      32.90     -32.47       1.00       0.00       0.00       1.32       0.82       0.39
     10219      33.06     -32.78       0.62       0.00       0.00       0.00       0.98       0.39
     10384      33.07     -32.78       0.62       0.00       0.00       0.00       0.98       0.39
     10549      33.31     -32.78       0.70       0.00       0.00       0.00       0.98       0.39
     10765      35.47     -33.33       1.00       0.00       0.00       0.00       0.62       0.39
     10880      35.79     -33.80       1.00       0.00       0.00       0.00       0.70       0.39
     13286      36.21     -34.31       1.00       0.00       0.00       0.00       0.74       0.39
     14665      36.25     -34.35       1.00       0.00       0.00       0.00       0.74       0.39
     15954      36.39     -34.51       1.00       0.00       0.00       0.00       0.75       0.39
     17474      36.42     -34.54       1.00       0.00       0.00       0.00       0.75       0.39
     19870      36.87     -35.17       1.00       0.00       0.00       0.00       0.84       0.39
     20178      37.60     -35.60       1.00       0.00       0.00       0.00       0.69       0.39
     22286      37.84     -34.87       1.52       0.00       0.00       0.00       0.98       0.39
     24306      37.85     -34.88       1.52       0.00       0.00       0.00       0.98       0.39
     24722      37.99     -35.75       0.92       0.00       0.00       0.00       0.45       0.39
     25451      38.02     -36.55       1.00       0.00       0.00       0.00       0.96       0.39
     26068      38.53     -35.47       1.66       0.00       0.00       0.00       1.14       0.39
     26343      38.54     -35.47       1.66       0.00       0.00       0.00       1.14       0.39
     26374      38.66     -36.52       1.35       0.00       0.00       0.00       1.14       0.39
     26574      38.67     -36.52       1.35       0.00       0.00       0.00       1.14       0.39
     26640      40.17     -36.55       1.67       0.00       0.00       0.00       0.89       0.39
     27490      40.17     -36.55       1.67       0.00       0.00       0.00       0.89       0.39
     28030      40.18     -36.55       1.67       0.00       0.00       0.00       0.89       0.39
     29046      41.06     -37.63       1.60       0.00       0.00       0.00       0.88       0.39
     31962      41.18     -37.40       1.72       0.00       0.00       0.00       0.88       0.39
     33431      41.36     -37.71       1.72       0.00       0.00       0.00       0.94       0.39
     34542      41.41     -37.64       1.72       0.00       0.00       0.00       0.88       0.39
     34581      42.28     -38.26       1.79       0.00       0.00       0.00       0.87       0.39
     39990      42.57     -38.38       1.91       0.00       0.00       0.00       0.87       0.19
     42345      42.62     -38.69       1.91       0.00       0.00       0.00       1.00       0.19
     42406      42.82     -39.04       1.78       0.00       0.00       0.00       0.87       0.19
     43210      42.85     -38.61       1.93       0.00       0.00       0.00       0.87       0.19
     44080      42.85     -38.61       1.93       0.00       0.00       0.00       0.87       0.19
     44694      42.92     -39.38       1.78       0.00       0.00       0.00       0.99       0.19
     45126      43.01     -39.14       1.81       0.00       0.00       0.00       0.87       0.19
     45425      43.12     -38.92       1.93       0.00       0.00       0.00       0.90       0.19
     47184      43.24     -39.39       1.88       0.00       0.00       0.00       0.99       0.19
     47205      43.37     -39.32       1.88       0.00       0.00       0.00       0.90       0.19
     48304      43.54     -40.25       1.81       0.00       0.00       0.00       1.16       0.19
     48671      44.22     -39.65       2.04       0.00       0.00       0.00       0.87       0.19
     49764      44.46     -41.35       1.88       0.00       0.00       0.00       1.36       0.19
     50894      44.47     -41.35       1.88       0.00       0.00       0.00       1.36       0.19
     51155      44.59     -41.51       1.88       0.00       0.00       0.00       1.38       0.19
     51400      44.83     -41.57       1.88       0.00       0.00       0.00       1.29       0.19
     52455      46.37     -42.78       2.04       0.00       0.00       0.00       1.36       0.19
     53650      46.58     -43.00       2.04       0.00       0.00       0.00       1.36       0.19
     53825      46.59     -43.00       2.04       0.00       0.00       0.00       1.36       0.19
     55187      46.90     -43.30       2.04       0.00       0.00       0.00       1.36       0.19
     56972      46.90     -43.31       2.04       0.00       0.00       0.00       1.36       0.19
     59432      46.90     -43.31       2.04       0.00       0.00       0.00       1.36       0.19
     59990      46.91     -43.23       2.04       0.00       0.00       0.00       1.31       0.19
     60522      46.92     -43.06       2.06       0.00       0.00       0.00       1.25       0.19
     60682      46.97     -43.16       2.04       0.00       0.00       0.00       1.25       0.19
     61224      47.04     -43.21       2.04       0.00       0.00       0.00       1.23       0.19
--------------------------------------------------------------------------------
Best docking solution after GA:
     63500      47.04     -43.21       2.04       0.00       0.00       0.00       1.23       0.19

#ops:      63500 #mutates:  30300 #cross:    30192 #migrate:   3008 
#dups:     19712 #niche:    35454 #errors:    3514 
--------------------------------------------------------------------------------

Doing AMOEBA simplex on best individual
Done simplexing #iterations 944, best score  49.13

Ligand is stored in gold_soln_AV-procd_m3827_1.sdf


--------------------------------------------------------------------------------
--- CHEMPLP breakdown of terms                                               ---
--------------------------------------------------------------------------------
CHEMPLP = - ( 1.0000*S(PLP) + -3.0000*S(hbond) + -6.0000*S(metal) + -3.0000*S(cho) )

Score = CHEMPLP - 1.0000*DE(clash) - 2.0000*DE(tors)

Internal energy term has been corrected with the best internal energy encountered.

--------------------------------------------------------------------------------


     Score     S(PLP)   S(hbond)     S(cho)   S(metal)  DE(clash)   DE(tors)     intcor
     49.13     -45.21       2.16       0.00       0.00       0.00       1.38       0.19

--------------------------------------------------------------------------------
--- PLP analysis of protein-ligand interactions                              ---
--------------------------------------------------------------------------------
hydrogen bonding        :      -3.56
metal                   :       0.00
buried (polar-nonpolar) :      -5.99
nonpolar                :     -36.30
repulsive               :       0.22
--------------------------------------------------------------------------------


--------------------------------------------------------------------------------
--- ChemScore analysis of protein-ligand interactions                        ---
--------------------------------------------------------------------------------

* Hydrogen bonds                                                                
Protein donor 7989 hydrogen 7998 Ligand acceptor    7 bond energy  1.00 wt 0.37
Protein donor 7997 hydrogen 8010 Ligand acceptor   19 bond energy  1.00 wt 1.00
Protein donor 8011 hydrogen 8017 Ligand acceptor    7 bond energy  1.00 wt 0.79


* CH..O interactions                                                            
  CH group selection                       : activated ring CH (adjacent to hetatom)

--------------------------------------------------------------------------------


--------------------------------------------------------------------------------
--- Intra-ligand clashes                                                     ---
--------------------------------------------------------------------------------

Ligand
--------------------------------------------------------------------------------

--------------------------------------------------------------------------------
--- Rescoring solution                                                       ---
--------------------------------------------------------------------------------

     Score         DG    S(hbond)    S(metal)    S(lipo)     H(rot)  DE(clash)    DE(int)
     10.36     -12.90       0.84        0.00      96.70       2.62       1.30       1.23

Doing AMOEBA simplex on best individual
Done simplexing #iterations 1048, best score  13.08

     Score         DG    S(hbond)    S(metal)    S(lipo)     H(rot)  DE(clash)    DE(int)
     13.08     -15.42       1.57        0.00      97.59       2.62       1.17       1.18

--------------------------------------------------------------------------------
--- ChemScore breakdown of terms                                             ---
--------------------------------------------------------------------------------
DG = -5.4800 + -3.3400*S(hbond)
     + -6.0300*S(metal) + -0.1170*S(lipo) + 2.5600*H(rot)


H(rot) = 2.6222

Score = -(DG + DE(clash) + DE(int))


--------------------------------------------------------------------------------


--------------------------------------------------------------------------------
--- ChemScore analysis of protein-ligand interactions                        ---
--------------------------------------------------------------------------------

* Hydrogen bonds                                                                
Protein donor 7989 hydrogen 7998 Ligand acceptor    7 bond energy  1.00 wt 0.22
Protein donor 7997 hydrogen 8010 Ligand acceptor   19 bond energy  1.00 wt 0.81
Protein donor 8011 hydrogen 8017 Ligand acceptor    7 bond energy  1.00 wt 0.54

CHEMSCORE EXTRA INTERACTIONS:

* Clashes                                                                       
Clash for ligand atom   4 (**** ):   0.04
Clash for ligand atom   7 (**** ):   1.07
Clash for ligand atom  17 (**** ):   0.01
Clash for ligand atom  18 (**** ):   0.03
--------------------------------------------------------------------------------


--------------------------------------------------------------------------------
--- Chromosome decoded                                                       ---
--------------------------------------------------------------------------------
Ligand Torsions
[   3    4    5    6]   -8.63
[   4    5    6    7]  155.88
[  31    7    6    5]   78.22
[   9    8    6    5] -153.37
[  10    9    8    6] -116.57
[  11   10    9    8]  153.56    matched torsion: aromatic-aliphatic ether
[  15   14   13   12]   -9.79
[  22   21   20   18]  176.25
Protein Torsions
[6907 6896 6895 6894]  -20.33 
[7974 7965 7964 7962] -110.07 
[8008 7997 7996 7995]   40.93 
[10167 10162 10161 10158]   61.50 
[10718 10713 10712 10709]  176.13 
[10763 10752 10751 10750]   60.11 
[11005 11000 10999 10996] -164.91 
Mapping
Ligand acceptors to protein hydrogens (mapping then atom ids)
  2  22 [  7->8017]
  5  21 [ 19->8010]
Ligand hydrogens to protein acceptors (mapping then atom ids)
Ligand shape atoms to protein points (mapping then atom ids & coords)
  1  7890 [  1->(151.000 145.250 159.000)]
  9  9337 [ 24->(152.500 144.000 161.750)]
Chromosome values
Integers:
  -1   21   -1   -1   20   -1   -1 7889   -1   -1   -1   -1 
  -1   -1   -1 9336 
--------------------------------------------------------------------------------

Current Ranking  1

--------------------------------------------------------------------------------

* GA execution time :                                                           
  total  1.3362 user  1.3362 sys  0.0000

--------------------------------------------------------------------------------
Fitness function evaluations: 135659

--------------------------------------------------------------------------------
** Docking run number  2 **
--------------------------------------------------------------------------------
  Rank fitness base is 5000.00 ; increment is 11.2233

* Initialising population(s) ...                                                
Number of constraints mappings 0
Number of constraints 0
  Population no.                           :      1
  Population size                          :    100
  Number of duplicates                     :      0
  Number of niche violations               :      0
  Number of errors                         :   5634

Number of constraints mappings 0
Number of constraints 0
  Population no.                           :      2
  Population size                          :    100
  Number of duplicates                     :      0
  Number of niche violations               :      0
  Number of errors                         :   5647

Number of constraints mappings 0
Number of constraints 0
  Population no.                           :      3
  Population size                          :    100
  Number of duplicates                     :      0
  Number of niche violations               :      0
  Number of errors                         :   5842

Number of constraints mappings 0
Number of constraints 0
  Population no.                           :      4
  Population size                          :    100
  Number of duplicates                     :      0
  Number of niche violations               :      0
  Number of errors                         :   5607

Number of constraints mappings 0
Number of constraints 0
  Population no.                           :      5
  Population size                          :    100
  Number of duplicates                     :      0
  Number of niche violations               :      0
  Number of errors                         :   5728


Doing GA, no. of population(s) 5 size 100 selection pressure 1.100000

 Operation      Score     S(PLP)   S(hbond)     S(cho)   S(metal)  DE(clash)   DE(tors)     intcor
         0      20.29     -21.30       0.32       0.00       0.00       0.00       1.08       0.18
       487      20.44     -21.30       0.37       0.00       0.00       0.00       1.08       0.18
      1942      20.68     -21.30       0.46       0.00       0.00       0.00       1.08       0.18
      2525      21.63     -18.48       1.58       0.00       0.00       0.00       0.89       0.18
      3230      24.73     -20.71       2.20       0.00       0.00       0.00       1.38       0.18
      4300      25.36     -21.30       2.20       0.00       0.00       0.00       1.36       0.18
      5172      27.09     -25.91       0.95       0.00       0.00       0.00       0.93       0.18
      6055      27.33     -21.80       2.61       0.00       0.00       0.00       1.24       0.18
      6689      27.33     -21.81       2.61       0.00       0.00       0.00       1.24       0.18
      9060      27.42     -21.89       2.61       0.00       0.00       0.00       1.24       0.18
     10014      30.17     -23.78       2.61       0.00       0.00       0.00       0.81       0.18
     11415      31.12     -24.74       2.61       0.00       0.00       0.00       0.81       0.18
     11854      31.22     -25.28       2.38       0.00       0.00       0.00       0.69       0.18
     12585      31.38     -25.50       2.43       0.00       0.00       0.00       0.80       0.18
     13450      31.43     -25.55       2.43       0.00       0.00       0.00       0.80       0.18
     14749      32.85     -26.54       2.55       0.00       0.00       0.00       0.76       0.18
     18159      33.77     -27.28       2.61       0.00       0.00       0.00       0.75       0.16
     20560      34.11     -27.74       2.62       0.00       0.00       0.42       0.62       0.16
     23380      34.22     -27.91       2.59       0.00       0.00       0.36       0.63       0.16
     23405      34.42     -29.51       2.73       0.00       0.00       2.06       0.70       0.16
     23720      34.43     -28.03       2.58       0.00       0.00       0.00       0.76       0.16
     27945      34.96     -28.83       2.59       0.00       0.00       0.36       0.69       0.09
     28370      35.15     -28.91       2.59       0.00       0.00       0.22       0.70       0.09
     31469      35.66     -28.76       2.85       0.00       0.00       0.00       0.87       0.09
     38030      35.95     -34.80       0.67       0.00       0.00       0.00       0.46       0.05
     38784      36.21     -29.30       2.86       0.00       0.00       0.00       0.87       0.05
     40568      36.74     -38.06       0.18       0.00       0.00       0.00       0.96       0.05
     42123      36.74     -38.06       0.18       0.00       0.00       0.00       0.96       0.05
     49296      36.82     -37.01       0.32       0.00       0.00       0.00       0.61       0.05
     49547      36.91     -37.11       0.32       0.00       0.00       0.00       0.61       0.05
     50247      37.37     -37.08       1.00       0.00       0.00       0.00       1.38       0.05
     55080      37.75     -37.02       0.67       0.00       0.00       0.00       0.66       0.05
     56959      37.75     -37.02       0.67       0.00       0.00       0.00       0.66       0.05
     57129      37.93     -36.93       0.67       0.00       0.00       0.00       0.53       0.05
     58555      38.00     -36.98       0.67       0.00       0.00       0.00       0.52       0.05
     59805      38.03     -37.07       0.67       0.00       0.00       0.00       0.55       0.05
     59945      38.03     -37.07       0.67       0.00       0.00       0.00       0.55       0.05
     60044      38.35     -37.57       0.58       0.00       0.00       0.00       0.50       0.05
     60095      38.50     -36.53       1.08       0.00       0.00       0.00       0.66       0.05
     60265      38.60     -36.49       1.08       0.00       0.00       0.00       0.60       0.05
     60945      38.87     -36.81       1.09       0.00       0.00       0.00       0.63       0.05
     61435      38.88     -37.12       1.00       0.00       0.00       0.00       0.65       0.05
     61560      39.19     -36.90       1.09       0.00       0.00       0.00       0.51       0.05
     62181      39.28     -37.29       1.00       0.00       0.00       0.00       0.53       0.05
     62331      39.28     -37.29       1.00       0.00       0.00       0.00       0.53       0.05
     63371      39.48     -37.70       1.00       0.00       0.00       0.00       0.64       0.05
--------------------------------------------------------------------------------
Best docking solution after GA:
     63500      39.48     -37.70       1.00       0.00       0.00       0.00       0.64       0.05

#ops:      63500 #mutates:  30197 #cross:    30071 #migrate:   3232 
#dups:     16573 #niche:    26810 #errors:    5172 
--------------------------------------------------------------------------------

Doing AMOEBA simplex on best individual
Done simplexing #iterations 1392, best score  46.52

Ligand is stored in gold_soln_AV-procd_m3827_2.sdf


--------------------------------------------------------------------------------
--- CHEMPLP breakdown of terms                                               ---
--------------------------------------------------------------------------------
CHEMPLP = - ( 1.0000*S(PLP) + -3.0000*S(hbond) + -6.0000*S(metal) + -3.0000*S(cho) )

Score = CHEMPLP - 1.0000*DE(clash) - 2.0000*DE(tors)

Internal energy term has been corrected with the best internal energy encountered.

--------------------------------------------------------------------------------


     Score     S(PLP)   S(hbond)     S(cho)   S(metal)  DE(clash)   DE(tors)     intcor
     46.52     -45.57       1.10       0.00       0.00       0.00       1.20       0.05

--------------------------------------------------------------------------------
--- PLP analysis of protein-ligand interactions                              ---
--------------------------------------------------------------------------------
hydrogen bonding        :      -3.00
metal                   :       0.00
buried (polar-nonpolar) :      -5.13
nonpolar                :     -36.89
repulsive               :       0.22
--------------------------------------------------------------------------------


--------------------------------------------------------------------------------
--- ChemScore analysis of protein-ligand interactions                        ---
--------------------------------------------------------------------------------

* Hydrogen bonds                                                                
Protein donor 7989 hydrogen 7998 Ligand acceptor    7 bond energy  1.00 wt 0.11
Protein donor 8011 hydrogen 8017 Ligand acceptor    7 bond energy  1.00 wt 0.99


* CH..O interactions                                                            
  CH group selection                       : activated ring CH (adjacent to hetatom)

--------------------------------------------------------------------------------


--------------------------------------------------------------------------------
--- Intra-ligand clashes                                                     ---
--------------------------------------------------------------------------------

Ligand
--------------------------------------------------------------------------------

--------------------------------------------------------------------------------
--- Rescoring solution                                                       ---
--------------------------------------------------------------------------------

     Score         DG    S(hbond)    S(metal)    S(lipo)     H(rot)  DE(clash)    DE(int)
      7.79     -11.54       0.61        0.00      91.84       2.62       2.38       1.37

Doing AMOEBA simplex on best individual
Done simplexing #iterations 794, best score  10.02

     Score         DG    S(hbond)    S(metal)    S(lipo)     H(rot)  DE(clash)    DE(int)
     10.02     -11.76       0.74        0.00      89.99       2.62       1.18       0.56

--------------------------------------------------------------------------------
--- ChemScore breakdown of terms                                             ---
--------------------------------------------------------------------------------
DG = -5.4800 + -3.3400*S(hbond)
     + -6.0300*S(metal) + -0.1170*S(lipo) + 2.5600*H(rot)


H(rot) = 2.6222

Score = -(DG + DE(clash) + DE(int))


--------------------------------------------------------------------------------


--------------------------------------------------------------------------------
--- ChemScore analysis of protein-ligand interactions                        ---
--------------------------------------------------------------------------------

* Hydrogen bonds                                                                
Protein donor 8011 hydrogen 8017 Ligand acceptor    7 bond energy  1.00 wt 0.74

CHEMSCORE EXTRA INTERACTIONS:

* Clashes                                                                       
Clash for ligand atom   5 (**** ):   0.05
Clash for ligand atom   6 (**** ):   1.13
--------------------------------------------------------------------------------


--------------------------------------------------------------------------------
--- Chromosome decoded                                                       ---
--------------------------------------------------------------------------------
Ligand Torsions
[   3    4    5    6]  -13.06
[   4    5    6    7]  165.46
[  31    7    6    5]   45.43
[   9    8    6    5] -151.45
[  10    9    8    6] -142.66
[  11   10    9    8]  155.25    matched torsion: aromatic-aliphatic ether
[  15   14   13   12]   24.62
[  22   21   20   18]   43.02
Protein Torsions
[6907 6896 6895 6894]  138.45 
[7974 7965 7964 7962] -111.26 
[8008 7997 7996 7995] -177.19 
[10167 10162 10161 10158] -132.22 
[10718 10713 10712 10709]  120.40 
[10763 10752 10751 10750]  153.06 
[11005 11000 10999 10996]   32.89 
Mapping
Ligand acceptors to protein hydrogens (mapping then atom ids)
Ligand hydrogens to protein acceptors (mapping then atom ids)
Ligand shape atoms to protein points (mapping then atom ids & coords)
  1  8383 [  1->(151.500 144.750 158.250)]
  4  6739 [  8->(149.250 141.250 156.250)]
  9  9030 [ 24->(152.250 142.500 159.750)]
Chromosome values
Integers:
  -1   -1   -1   -1   -1   -1   -1 8382   -1   -1 6738   -1 
  -1   -1   -1 9029 
--------------------------------------------------------------------------------

Current Ranking  1  2

--------------------------------------------------------------------------------

* GA execution time :                                                           
  total  1.3252 user  1.3252 sys  0.0000

--------------------------------------------------------------------------------
Fitness function evaluations: 135583

--------------------------------------------------------------------------------
** Docking run number  3 **
--------------------------------------------------------------------------------
  Rank fitness base is 5000.00 ; increment is 11.2233

* Initialising population(s) ...                                                
Number of constraints mappings 0
Number of constraints 0
  Population no.                           :      1
  Population size                          :    100
  Number of duplicates                     :      0
  Number of niche violations               :      0
  Number of errors                         :   5778

Number of constraints mappings 0
Number of constraints 0
  Population no.                           :      2
  Population size                          :    100
  Number of duplicates                     :      0
  Number of niche violations               :      0
  Number of errors                         :   5710

Number of constraints mappings 0
Number of constraints 0
  Population no.                           :      3
  Population size                          :    100
  Number of duplicates                     :      0
  Number of niche violations               :      0
  Number of errors                         :   5703

Number of constraints mappings 0
Number of constraints 0
  Population no.                           :      4
  Population size                          :    100
  Number of duplicates                     :      0
  Number of niche violations               :      0
  Number of errors                         :   5847

Number of constraints mappings 0
Number of constraints 0
  Population no.                           :      5
  Population size                          :    100
  Number of duplicates                     :      0
  Number of niche violations               :      0
  Number of errors                         :   5695


Doing GA, no. of population(s) 5 size 100 selection pressure 1.100000

 Operation      Score     S(PLP)   S(hbond)     S(cho)   S(metal)  DE(clash)   DE(tors)     intcor
         0      21.23     -24.77       0.01       0.00       0.00       0.49       1.56       0.05
      2280      25.96     -26.76       0.59       0.00       0.00       0.00       1.32       0.05
      2655      25.98     -26.92       0.54       0.00       0.00       0.00       1.32       0.05
      3822      27.54     -23.40       1.87       0.00       0.00       0.00       0.76       0.05
      4667      27.60     -23.46       1.87       0.00       0.00       0.00       0.76       0.05
      5189      30.95     -29.72       1.24       0.00       0.00       0.00       1.27       0.05
      8033      32.58     -34.47       0.45       0.00       0.00       0.00       1.65       0.05
      8793      32.79     -31.17       1.37       0.00       0.00       0.00       1.27       0.05
      9344      35.06     -34.12       0.90       0.00       0.00       0.00       0.92       0.05
      9604      36.54     -36.64       0.61       0.00       0.00       0.00       1.00       0.05
      9644      36.90     -34.12       1.52       0.00       0.00       0.00       0.92       0.05
     11944      36.90     -34.13       1.52       0.00       0.00       0.00       0.92       0.05
     12393      36.90     -34.13       1.52       0.00       0.00       0.00       0.92       0.05
     12729      38.50     -36.51       1.25       0.00       0.00       0.00       0.92       0.05
     15069      38.50     -36.51       1.25       0.00       0.00       0.00       0.92       0.05
     15444      39.58     -43.36       1.45       0.00       0.00       5.24       1.46       0.05
     19509      39.59     -43.36       1.45       0.00       0.00       5.24       1.46       0.05
     20405      39.92     -38.20       1.68       0.00       0.00       0.00       1.68       0.05
     20955      39.92     -38.20       1.68       0.00       0.00       0.00       1.68       0.05
     22480      40.80     -39.08       1.68       0.00       0.00       0.00       1.68       0.05
     23614      43.69     -42.43       1.45       0.00       0.00       0.00       1.57       0.05
     24669      43.89     -42.53       1.48       0.00       0.00       0.00       1.57       0.05
     30081      43.91     -42.12       1.68       0.00       0.00       0.00       1.66       0.05
     32130      44.98     -42.74       1.67       0.00       0.00       0.00       1.42       0.05
     34716      45.82     -44.57       1.68       0.00       0.00       0.29       1.78       0.05
     34851      46.23     -44.76       1.74       0.00       0.00       0.29       1.76       0.05
     36410      46.70     -43.68       1.93       0.00       0.00       0.00       1.42       0.05
     39111      47.14     -44.56       1.87       0.00       0.00       0.00       1.54       0.05
     39220      47.64     -45.26       1.93       0.00       0.00       0.42       1.53       0.05
     41025      47.65     -45.27       1.93       0.00       0.00       0.42       1.53       0.05
     42250      47.65     -45.27       1.93       0.00       0.00       0.42       1.53       0.05
     43505      47.65     -45.27       1.93       0.00       0.00       0.42       1.53       0.05
     43875      47.83     -45.34       1.93       0.00       0.00       0.29       1.54       0.05
     44836      47.99     -45.47       1.94       0.00       0.00       0.29       1.54       0.05
     46591      48.13     -45.40       1.93       0.00       0.00       0.00       1.56       0.05
     46686      48.33     -45.57       1.94       0.00       0.00       0.00       1.56       0.05
     47720      48.33     -45.57       1.94       0.00       0.00       0.00       1.56       0.05
     47921      48.64     -45.83       1.96       0.00       0.00       0.00       1.56       0.05
     48521      48.65     -45.84       1.96       0.00       0.00       0.00       1.56       0.05
     56396      48.65     -45.84       1.96       0.00       0.00       0.00       1.56       0.05
     58875      48.98     -46.16       1.98       0.00       0.00       0.00       1.58       0.05
     58939      48.98     -46.16       1.98       0.00       0.00       0.00       1.58       0.05
     62464      48.98     -46.16       1.98       0.00       0.00       0.00       1.58       0.05
     63180      48.98     -46.16       1.98       0.00       0.00       0.00       1.58       0.05
--------------------------------------------------------------------------------
Best docking solution after GA:
     63500      48.98     -46.16       1.98       0.00       0.00       0.00       1.58       0.05

#ops:      63500 #mutates:  30239 #cross:    30030 #migrate:   3231 
#dups:     21900 #niche:    31585 #errors:    3648 
--------------------------------------------------------------------------------

Doing AMOEBA simplex on best individual
Done simplexing #iterations 987, best score  50.46

Ligand is stored in gold_soln_AV-procd_m3827_3.sdf


--------------------------------------------------------------------------------
--- CHEMPLP breakdown of terms                                               ---
--------------------------------------------------------------------------------
CHEMPLP = - ( 1.0000*S(PLP) + -3.0000*S(hbond) + -6.0000*S(metal) + -3.0000*S(cho) )

Score = CHEMPLP - 1.0000*DE(clash) - 2.0000*DE(tors)

Internal energy term has been corrected with the best internal energy encountered.

--------------------------------------------------------------------------------


     Score     S(PLP)   S(hbond)     S(cho)   S(metal)  DE(clash)   DE(tors)     intcor
     50.46     -47.55       2.00       0.00       0.00       0.00       1.57       0.05

--------------------------------------------------------------------------------
--- PLP analysis of protein-ligand interactions                              ---
--------------------------------------------------------------------------------
hydrogen bonding        :      -4.47
metal                   :       0.00
buried (polar-nonpolar) :      -4.25
nonpolar                :     -37.90
repulsive               :       0.23
--------------------------------------------------------------------------------


--------------------------------------------------------------------------------
--- ChemScore analysis of protein-ligand interactions                        ---
--------------------------------------------------------------------------------

* Hydrogen bonds                                                                
Ligand donor    7 hydrogen   31 Protein acceptor 8028 bond energy  1.00 wt 1.00
Protein donor 7997 hydrogen 8010 Ligand acceptor   19 bond energy  1.00 wt 1.00


* CH..O interactions                                                            
  CH group selection                       : activated ring CH (adjacent to hetatom)

--------------------------------------------------------------------------------


--------------------------------------------------------------------------------
--- Intra-ligand clashes                                                     ---
--------------------------------------------------------------------------------

Ligand
--------------------------------------------------------------------------------

--------------------------------------------------------------------------------
--- Rescoring solution                                                       ---
--------------------------------------------------------------------------------

     Score         DG    S(hbond)    S(metal)    S(lipo)     H(rot)  DE(clash)    DE(int)
     10.72     -15.99       1.83        0.00      94.83       2.62       3.68       1.58

Doing AMOEBA simplex on best individual
Done simplexing #iterations 1064, best score  13.29

     Score         DG    S(hbond)    S(metal)    S(lipo)     H(rot)  DE(clash)    DE(int)
     13.29     -16.34       1.98        0.00      93.76       2.62       1.42       1.62

--------------------------------------------------------------------------------
--- ChemScore breakdown of terms                                             ---
--------------------------------------------------------------------------------
DG = -5.4800 + -3.3400*S(hbond)
     + -6.0300*S(metal) + -0.1170*S(lipo) + 2.5600*H(rot)


H(rot) = 2.6222

Score = -(DG + DE(clash) + DE(int))


--------------------------------------------------------------------------------


--------------------------------------------------------------------------------
--- ChemScore analysis of protein-ligand interactions                        ---
--------------------------------------------------------------------------------

* Hydrogen bonds                                                                
Ligand donor    7 hydrogen   31 Protein acceptor 8028 bond energy  1.00 wt 0.99
Protein donor 7997 hydrogen 8010 Ligand acceptor   19 bond energy  1.00 wt 0.98

CHEMSCORE EXTRA INTERACTIONS:

* Clashes                                                                       
Clash for ligand atom   7 (**** ):   1.42
--------------------------------------------------------------------------------


--------------------------------------------------------------------------------
--- Chromosome decoded                                                       ---
--------------------------------------------------------------------------------
Ligand Torsions
[   3    4    5    6]    2.57
[   4    5    6    7]   86.25
[  31    7    6    5] -128.52
[   9    8    6    5]  120.47
[  10    9    8    6]   86.42
[  11   10    9    8]   29.53    matched torsion: aromatic-aliphatic ether
[  15   14   13   12]  -65.58
[  22   21   20   18]  140.75
Protein Torsions
[6907 6896 6895 6894]  -54.81 
[7974 7965 7964 7962] -107.81 
[8008 7997 7996 7995]   30.80 
[10167 10162 10161 10158]  -46.00 
[10718 10713 10712 10709] -155.41 
[10763 10752 10751 10750]   11.27 
[11005 11000 10999 10996] -174.46 
Mapping
Ligand acceptors to protein hydrogens (mapping then atom ids)
  5  21 [ 19->8010]
Ligand hydrogens to protein acceptors (mapping then atom ids)
Ligand shape atoms to protein points (mapping then atom ids & coords)
  1  7213 [  1->(150.250 144.500 159.750)]
  9  9357 [ 24->(152.500 144.250 162.000)]
Chromosome values
Integers:
  -1   -1   -1   -1   20   -1   -1 7212   -1   -1   -1   -1 
  -1   -1   -1 9356 
--------------------------------------------------------------------------------

Current Ranking  3  1  2

--------------------------------------------------------------------------------

* GA execution time :                                                           
  total  1.3229 user  1.3229 sys  0.0000

--------------------------------------------------------------------------------
Fitness function evaluations: 135041

--------------------------------------------------------------------------------
** Docking run number  4 **
--------------------------------------------------------------------------------
  Rank fitness base is 5000.00 ; increment is 11.2233

* Initialising population(s) ...                                                
Number of constraints mappings 0
Number of constraints 0
  Population no.                           :      1
  Population size                          :    100
  Number of duplicates                     :      0
  Number of niche violations               :      0
  Number of errors                         :   5497

Number of constraints mappings 0
Number of constraints 0
  Population no.                           :      2
  Population size                          :    100
  Number of duplicates                     :      0
  Number of niche violations               :      0
  Number of errors                         :   5692

Number of constraints mappings 0
Number of constraints 0
  Population no.                           :      3
  Population size                          :    100
  Number of duplicates                     :      0
  Number of niche violations               :      0
  Number of errors                         :   5598

Number of constraints mappings 0
Number of constraints 0
  Population no.                           :      4
  Population size                          :    100
  Number of duplicates                     :      0
  Number of niche violations               :      0
  Number of errors                         :   5613

Number of constraints mappings 0
Number of constraints 0
  Population no.                           :      5
  Population size                          :    100
  Number of duplicates                     :      0
  Number of niche violations               :      0
  Number of errors                         :   5560


Doing GA, no. of population(s) 5 size 100 selection pressure 1.100000

 Operation      Score     S(PLP)   S(hbond)     S(cho)   S(metal)  DE(clash)   DE(tors)     intcor
         0      16.77     -19.90       0.02       0.00       0.00       0.86       1.19       0.05
       817      16.77     -19.90       0.02       0.00       0.00       0.86       1.19       0.05
      1224      18.98     -18.65       0.76       0.00       0.00       0.00       1.01       0.05
      2525      20.00     -19.56       0.60       0.00       0.00       0.00       0.71       0.05
      2601      22.89     -23.36       0.00       0.00       0.00       0.00       0.26       0.05
      6259      25.04     -24.97       1.00       0.00       0.00       0.34       1.33       0.05
      8767      30.01     -30.46       0.99       0.00       0.00       0.73       1.37       0.05
      9117      30.15     -30.59       0.99       0.00       0.00       0.73       1.37       0.05
     11547      33.96     -36.76       0.32       0.00       0.00       0.73       1.54       0.05
     18406      33.96     -36.76       0.32       0.00       0.00       0.73       1.54       0.05
     22512      34.42     -36.71       0.23       0.00       0.00       0.00       1.52       0.05
     24922      34.48     -36.73       0.24       0.00       0.00       0.00       1.52       0.05
     26648      34.48     -36.73       0.24       0.00       0.00       0.00       1.52       0.05
     27891      34.56     -36.83       0.27       0.00       0.00       0.00       1.56       0.05
     33058      35.39     -30.94       2.44       0.00       0.00       1.27       0.82       0.05
     33778      37.97     -33.37       2.06       0.00       0.00       0.00       0.81       0.05
     35883      38.10     -33.26       2.00       0.00       0.00       0.00       0.60       0.05
     36293      38.44     -33.97       2.00       0.00       0.00       0.00       0.79       0.05
     40468      38.44     -33.97       2.00       0.00       0.00       0.00       0.79       0.05
     44528      38.46     -33.96       2.00       0.00       0.00       0.00       0.77       0.05
     45053      38.47     -33.96       2.00       0.00       0.00       0.00       0.77       0.05
     45058      38.53     -33.92       2.00       0.00       0.00       0.00       0.73       0.05
     46954      38.79     -37.16       1.80       0.00       0.00       1.57       1.13       0.05
     47239      40.16     -36.27       1.68       0.00       0.00       0.00       0.60       0.05
     47414      40.93     -37.59       1.80       0.00       0.00       0.00       1.06       0.05
     49379      41.05     -37.85       1.80       0.00       0.00       0.00       1.13       0.05
     49587      41.40     -38.48       1.71       0.00       0.00       0.00       1.13       0.05
     53912      41.40     -38.48       1.71       0.00       0.00       0.00       1.13       0.05
     55822      41.43     -38.56       1.68       0.00       0.00       0.00       1.11       0.05
     56632      41.63     -38.79       1.67       0.00       0.00       0.00       1.11       0.05
     57077      41.63     -38.79       1.67       0.00       0.00       0.00       1.11       0.05
     58036      41.91     -39.73       1.93       0.00       0.00       1.57       1.05       0.05
     59266      41.91     -39.73       1.93       0.00       0.00       1.57       1.05       0.05
     62001      42.48     -38.66       1.91       0.00       0.00       0.00       0.98       0.05
     62021      44.37     -40.45       1.91       0.00       0.00       0.00       0.93       0.05
     63486      44.85     -40.98       1.91       0.00       0.00       0.00       0.96       0.05
--------------------------------------------------------------------------------
Best docking solution after GA:
     63500      44.85     -40.98       1.91       0.00       0.00       0.00       0.96       0.05

#ops:      63500 #mutates:  30168 #cross:    30183 #migrate:   3149 
#dups:     15839 #niche:    27578 #errors:    5468 
--------------------------------------------------------------------------------

Doing AMOEBA simplex on best individual
Done simplexing #iterations 951, best score  46.21

Ligand is stored in gold_soln_AV-procd_m3827_4.sdf


--------------------------------------------------------------------------------
--- CHEMPLP breakdown of terms                                               ---
--------------------------------------------------------------------------------
CHEMPLP = - ( 1.0000*S(PLP) + -3.0000*S(hbond) + -6.0000*S(metal) + -3.0000*S(cho) )

Score = CHEMPLP - 1.0000*DE(clash) - 2.0000*DE(tors)

Internal energy term has been corrected with the best internal energy encountered.

--------------------------------------------------------------------------------


     Score     S(PLP)   S(hbond)     S(cho)   S(metal)  DE(clash)   DE(tors)     intcor
     46.21     -42.21       1.98       0.00       0.00       0.00       0.99       0.05

--------------------------------------------------------------------------------
--- PLP analysis of protein-ligand interactions                              ---
--------------------------------------------------------------------------------
hydrogen bonding        :      -2.79
metal                   :       0.00
buried (polar-nonpolar) :      -8.72
nonpolar                :     -31.99
repulsive               :       0.16
--------------------------------------------------------------------------------


--------------------------------------------------------------------------------
--- ChemScore analysis of protein-ligand interactions                        ---
--------------------------------------------------------------------------------

* Hydrogen bonds                                                                
Protein donor 6896 hydrogen 6908 Ligand acceptor   22 bond energy  1.00 wt 0.98
Protein donor 7989 hydrogen 7998 Ligand acceptor    7 bond energy  1.00 wt 1.00


* CH..O interactions                                                            
  CH group selection                       : activated ring CH (adjacent to hetatom)

--------------------------------------------------------------------------------


--------------------------------------------------------------------------------
--- Intra-ligand clashes                                                     ---
--------------------------------------------------------------------------------

Ligand
--------------------------------------------------------------------------------

--------------------------------------------------------------------------------
--- Rescoring solution                                                       ---
--------------------------------------------------------------------------------

     Score         DG    S(hbond)    S(metal)    S(lipo)     H(rot)  DE(clash)    DE(int)
     11.79     -13.40       1.28        0.00      88.62       2.62       0.65       0.96

Doing AMOEBA simplex on best individual
Done simplexing #iterations 1042, best score  14.24

     Score         DG    S(hbond)    S(metal)    S(lipo)     H(rot)  DE(clash)    DE(int)
     14.24     -15.25       1.90        0.00      86.59       2.62       0.04       0.97

--------------------------------------------------------------------------------
--- ChemScore breakdown of terms                                             ---
--------------------------------------------------------------------------------
DG = -5.4800 + -3.3400*S(hbond)
     + -6.0300*S(metal) + -0.1170*S(lipo) + 2.5600*H(rot)


H(rot) = 2.6222

Score = -(DG + DE(clash) + DE(int))


--------------------------------------------------------------------------------


--------------------------------------------------------------------------------
--- ChemScore analysis of protein-ligand interactions                        ---
--------------------------------------------------------------------------------

* Hydrogen bonds                                                                
Protein donor 6896 hydrogen 6908 Ligand acceptor   22 bond energy  1.00 wt 0.98
Protein donor 7989 hydrogen 7998 Ligand acceptor    7 bond energy  1.00 wt 0.92

CHEMSCORE EXTRA INTERACTIONS:

* Clashes                                                                       
Clash for ligand atom  16 (**** ):   0.03
--------------------------------------------------------------------------------


--------------------------------------------------------------------------------
--- Chromosome decoded                                                       ---
--------------------------------------------------------------------------------
Ligand Torsions
[   3    4    5    6]   52.26
[   4    5    6    7]   74.10
[  31    7    6    5]  -39.17
[   9    8    6    5]   28.31
[  10    9    8    6]  139.34
[  11   10    9    8] -166.61    matched torsion: aromatic-aliphatic ether
[  15   14   13   12]  -26.69
[  22   21   20   18] -131.54
Protein Torsions
[6907 6896 6895 6894]  -91.76 
[7974 7965 7964 7962]  -93.41 
[8008 7997 7996 7995]  -95.00 
[10167 10162 10161 10158]  160.79 
[10718 10713 10712 10709]   74.22 
[10763 10752 10751 10750] -151.43 
[11005 11000 10999 10996]  149.32 
Mapping
Ligand acceptors to protein hydrogens (mapping then atom ids)
  2  18 [  7->7998]
  6   4 [ 22->6908]
Ligand hydrogens to protein acceptors (mapping then atom ids)
Ligand shape atoms to protein points (mapping then atom ids & coords)
  9  9760 [ 24->(154.000 140.750 160.750)]
Chromosome values
Integers:
  -1   17   -1   -1   -1    3   -1   -1   -1   -1   -1   -1 
  -1   -1   -1 9759 
--------------------------------------------------------------------------------

Current Ranking  3  1  2  4

--------------------------------------------------------------------------------

* GA execution time :                                                           
  total  1.2927 user  1.2927 sys  0.0000

--------------------------------------------------------------------------------
Fitness function evaluations: 134488

--------------------------------------------------------------------------------
** Docking run number  5 **
--------------------------------------------------------------------------------
  Rank fitness base is 5000.00 ; increment is 11.2233

* Initialising population(s) ...                                                
Number of constraints mappings 0
Number of constraints 0
  Population no.                           :      1
  Population size                          :    100
  Number of duplicates                     :      0
  Number of niche violations               :      0
  Number of errors                         :   5810

Number of constraints mappings 0
Number of constraints 0
  Population no.                           :      2
  Population size                          :    100
  Number of duplicates                     :      0
  Number of niche violations               :      0
  Number of errors                         :   6024

Number of constraints mappings 0
Number of constraints 0
  Population no.                           :      3
  Population size                          :    100
  Number of duplicates                     :      0
  Number of niche violations               :      0
  Number of errors                         :   5614

Number of constraints mappings 0
Number of constraints 0
  Population no.                           :      4
  Population size                          :    100
  Number of duplicates                     :      0
  Number of niche violations               :      0
  Number of errors                         :   5669

Number of constraints mappings 0
Number of constraints 0
  Population no.                           :      5
  Population size                          :    100
  Number of duplicates                     :      0
  Number of niche violations               :      0
  Number of errors                         :   5635


Doing GA, no. of population(s) 5 size 100 selection pressure 1.100000

 Operation      Score     S(PLP)   S(hbond)     S(cho)   S(metal)  DE(clash)   DE(tors)     intcor
         0      22.51     -21.74       0.94       0.00       0.00       0.00       1.06       0.05
       229      23.31     -20.76       2.42       0.00       0.00       1.64       1.56       0.05
       729      23.61     -20.69       2.00       0.00       0.00       0.00       1.56       0.05
      4019      23.83     -20.68       2.35       0.00       0.00       0.42       1.77       0.05
      5079      23.83     -20.68       2.35       0.00       0.00       0.42       1.77       0.05
      6074      25.80     -22.69       1.83       0.00       0.00       0.00       1.22       0.05
      6186      26.50     -22.61       2.65       0.00       0.00       0.00       2.05       0.05
      8720      28.52     -26.01       2.00       0.00       0.00       0.00       1.77       0.05
     10375      32.14     -29.41       2.00       0.00       0.00       0.00       1.66       0.05
     11574      32.16     -28.32       2.25       0.00       0.00       0.00       1.48       0.05
     11895      32.94     -30.20       2.00       0.00       0.00       0.00       1.65       0.05
     14697      34.46     -28.99       2.00       0.00       0.00       0.00       0.29       0.05
     15123      37.19     -35.12       1.42       0.00       0.00       0.00       1.12       0.05
     17320      37.79     -36.92       1.00       0.00       0.00       0.00       1.09       0.05
     17835      38.41     -34.05       2.13       0.00       0.00       0.00       1.04       0.05
     18925      38.43     -33.50       2.32       0.00       0.00       0.00       1.04       0.05
     19458      42.36     -39.20       1.84       0.00       0.00       0.00       1.20       0.05
     20573      43.49     -40.46       1.80       0.00       0.00       0.00       1.21       0.05
     24283      43.49     -40.46       1.80       0.00       0.00       0.00       1.21       0.05
     25748      43.56     -40.50       1.80       0.00       0.00       0.00       1.20       0.05
     25759      45.01     -42.33       1.78       0.00       0.00       0.00       1.36       0.05
     27017      45.15     -41.15       1.65       0.00       0.00       0.00       0.50       0.05
     27337      45.16     -41.15       1.65       0.00       0.00       0.00       0.50       0.05
     27907      45.16     -41.15       1.65       0.00       0.00       0.00       0.50       0.05
     28137      48.13     -43.32       1.90       0.00       0.00       0.00       0.47       0.05
     29467      48.28     -43.42       1.90       0.00       0.00       0.00       0.44       0.05
     30047      48.32     -43.46       1.90       0.00       0.00       0.00       0.45       0.05
     31202      48.56     -43.66       1.90       0.00       0.00       0.00       0.43       0.05
     31722      49.50     -45.25       1.85       0.00       0.00       0.00       0.68       0.05
     36067      49.50     -45.26       1.85       0.00       0.00       0.00       0.68       0.05
     36242      49.74     -45.38       1.90       0.00       0.00       0.00       0.70       0.05
     36352      49.75     -45.39       1.90       0.00       0.00       0.00       0.70       0.05
     36627      49.77     -45.41       1.90       0.00       0.00       0.00       0.70       0.05
     36872      49.78     -45.41       1.90       0.00       0.00       0.00       0.70       0.05
     37852      50.22     -45.89       1.90       0.00       0.00       0.00       0.71       0.05
     40722      50.22     -45.89       1.90       0.00       0.00       0.00       0.71       0.05
     41181      50.35     -45.77       1.95       0.00       0.00       0.00       0.66       0.05
     43040      50.36     -46.06       1.90       0.00       0.00       0.00       0.73       0.05
     43716      50.37     -45.78       1.95       0.00       0.00       0.00       0.66       0.05
     44556      50.37     -45.78       1.95       0.00       0.00       0.00       0.66       0.05
     45425      50.37     -46.07       1.90       0.00       0.00       0.00       0.73       0.05
     47377      50.39     -45.82       1.95       0.00       0.00       0.00       0.67       0.05
     49368      50.40     -45.87       1.95       0.00       0.00       0.00       0.69       0.05
     53543      50.41     -45.89       1.95       0.00       0.00       0.00       0.69       0.05
     55909      50.45     -45.96       1.95       0.00       0.00       0.00       0.71       0.05
     57490      50.45     -45.96       1.95       0.00       0.00       0.00       0.71       0.05
     57683      50.53     -45.89       2.00       0.00       0.00       0.00       0.71       0.05
     57888      50.55     -45.91       2.00       0.00       0.00       0.00       0.71       0.05
     59268      50.57     -45.93       2.00       0.00       0.00       0.00       0.71       0.05
     59858      50.57     -45.93       2.00       0.00       0.00       0.00       0.71       0.05
--------------------------------------------------------------------------------
Best docking solution after GA:
     63500      50.57     -45.93       2.00       0.00       0.00       0.00       0.71       0.05

#ops:      63500 #mutates:  30035 #cross:    30184 #migrate:   3281 
#dups:     23370 #niche:    36570 #errors:    2690 
--------------------------------------------------------------------------------

Doing AMOEBA simplex on best individual
Done simplexing #iterations 847, best score  51.29

Ligand is stored in gold_soln_AV-procd_m3827_5.sdf


--------------------------------------------------------------------------------
--- CHEMPLP breakdown of terms                                               ---
--------------------------------------------------------------------------------
CHEMPLP = - ( 1.0000*S(PLP) + -3.0000*S(hbond) + -6.0000*S(metal) + -3.0000*S(cho) )

Score = CHEMPLP - 1.0000*DE(clash) - 2.0000*DE(tors)

Internal energy term has been corrected with the best internal energy encountered.

--------------------------------------------------------------------------------


     Score     S(PLP)   S(hbond)     S(cho)   S(metal)  DE(clash)   DE(tors)     intcor
     51.29     -46.65       2.00       0.00       0.00       0.00       0.71       0.05

--------------------------------------------------------------------------------
--- PLP analysis of protein-ligand interactions                              ---
--------------------------------------------------------------------------------
hydrogen bonding        :      -3.00
metal                   :       0.00
buried (polar-nonpolar) :      -6.69
nonpolar                :     -36.90
repulsive               :       0.22
--------------------------------------------------------------------------------


--------------------------------------------------------------------------------
--- ChemScore analysis of protein-ligand interactions                        ---
--------------------------------------------------------------------------------

* Hydrogen bonds                                                                
Protein donor 7989 hydrogen 7998 Ligand acceptor    7 bond energy  1.00 wt 1.00
Protein donor 7997 hydrogen 8008 Ligand acceptor   19 bond energy  1.00 wt 1.00


* CH..O interactions                                                            
  CH group selection                       : activated ring CH (adjacent to hetatom)

--------------------------------------------------------------------------------


--------------------------------------------------------------------------------
--- Intra-ligand clashes                                                     ---
--------------------------------------------------------------------------------

Ligand
--------------------------------------------------------------------------------

--------------------------------------------------------------------------------
--- Rescoring solution                                                       ---
--------------------------------------------------------------------------------

     Score         DG    S(hbond)    S(metal)    S(lipo)     H(rot)  DE(clash)    DE(int)
      8.45     -12.12       0.78        0.00      91.85       2.62       1.58       2.09

Doing AMOEBA simplex on best individual
Done simplexing #iterations 1019, best score  11.31

     Score         DG    S(hbond)    S(metal)    S(lipo)     H(rot)  DE(clash)    DE(int)
     11.31     -14.71       1.77        0.00      85.91       2.62       1.37       2.03

--------------------------------------------------------------------------------
--- ChemScore breakdown of terms                                             ---
--------------------------------------------------------------------------------
DG = -5.4800 + -3.3400*S(hbond)
     + -6.0300*S(metal) + -0.1170*S(lipo) + 2.5600*H(rot)


H(rot) = 2.6222

Score = -(DG + DE(clash) + DE(int))


--------------------------------------------------------------------------------


--------------------------------------------------------------------------------
--- ChemScore analysis of protein-ligand interactions                        ---
--------------------------------------------------------------------------------

* Hydrogen bonds                                                                
Protein donor 7989 hydrogen 7998 Ligand acceptor    7 bond energy  1.00 wt 0.86
Protein donor 7997 hydrogen 8008 Ligand acceptor   19 bond energy  1.00 wt 0.90

CHEMSCORE EXTRA INTERACTIONS:

* Clashes                                                                       
Clash for ligand atom  22 (**** ):   1.37
--------------------------------------------------------------------------------


--------------------------------------------------------------------------------
--- Chromosome decoded                                                       ---
--------------------------------------------------------------------------------
Ligand Torsions
[   3    4    5    6]   21.90
[   4    5    6    7]  165.40
[  31    7    6    5]   71.62
[   9    8    6    5] -167.16
[  10    9    8    6] -153.27
[  11   10    9    8]  173.53    matched torsion: aromatic-aliphatic ether
[  15   14   13   12]  -77.26
[  22   21   20   18] -161.62
Protein Torsions
[6907 6896 6895 6894]  -24.65 
[7974 7965 7964 7962]   41.99 
[8008 7997 7996 7995] -110.54 
[10167 10162 10161 10158] -114.98 
[10718 10713 10712 10709]  -55.10 
[10763 10752 10751 10750]   69.31 
[11005 11000 10999 10996]  -90.16 
Mapping
Ligand acceptors to protein hydrogens (mapping then atom ids)
  2  18 [  7->7998]
  5  19 [ 19->8008]
Ligand hydrogens to protein acceptors (mapping then atom ids)
Ligand shape atoms to protein points (mapping then atom ids & coords)
  1  7224 [  1->(150.250 144.750 159.750)]
  4  6642 [  8->(149.000 141.000 156.000)]
  9  8282 [ 24->(151.500 143.000 160.000)]
Chromosome values
Integers:
  -1   17   -1   -1   18   -1   -1 7223   -1   -1 6641   -1 
  -1   -1   -1 8281 
--------------------------------------------------------------------------------

Current Ranking  5  3  1  2  4

Top  3 (of  5) solutions are within 1.500 RMSD, finishing docking /DATA2/COVID-19/PDBs_&_Models/AV-procd.sdf.


--------------------------------------------------------------------------------

* GA execution time :                                                           
  total  1.3350 user  1.3350 sys  0.0000

--------------------------------------------------------------------------------
Fitness function evaluations: 134426

--------------------------------------------------------------------------------
--- Ranking analysis                                                         ---
--------------------------------------------------------------------------------


* Final ranked order of GA solutions:                                           
   5  3  1  2  4 

  _______________________________
  RMSD Matrix of RANKED solutions

        2    3    4    5  

   1 :  1.1  1.1  1.3  2.2
   2 :       1.4  1.7  2.4
   3 :            0.6  2.0
   4 :                 1.7

  Clustering method                        : complete linkage
  Structure ids in cluster table           : rank nos.
  Ordering of clusters and their members   : by rank (order if from rms_analysis)

  Distance | Clusters
   0.55    |  1 |  2 |  3  4 |  5 |
   1.13    |  1  2 |  3  4 |  5 |
   1.74    |  1  2  3  4 |  5 |
   2.43    |  1  2  3  4  5 |
  Finished Docking Ligand                  : /DATA2/COVID-19/PDBs_&_Models/AV-procd.sdf
--------------------------------------------------------------------------------

  Relative_Ligand_Energy (best encountered) :   0.053
  Relative_Ligand_Energy: fitness values have been corrected using this amount
