
--------------------------------------------------------------------------------
--- Ligand                                                                   ---
--------------------------------------------------------------------------------
  Ligand loaded from file                  : /DATA2/COVID-19/PDBs_&_Models/AV-procd.sdf
  Ligand name                              :  
  "AV-unprocessed.smi:2529                                                  "

--------------------------------------------------------------------------------
  N.plc donors                             : 
  none found

  Acidic nitrogen acceptors                : 
  none found
  Sulfur acceptors                         :
  none found


  Donor atoms                              :      1
  6   
  Acceptor atoms                           :      3
  6   10  18  

  Hydrogens                                :  (n = 1)
  29   

  Lone pairs added to molecule             :      5
  Numbering                                : from 45 to 49
  Choline groups                           : 
   

--------------------------------------------------------------------------------
--- Postprocessing of typing                                                 ---
--------------------------------------------------------------------------------
  Fragment file                            : /home/scv26/CCDC/Discovery_2020/GOLD/gold/rotatable_bond_override.mol2
  acylurea fragment                        : no matches
  thioacylthiourea fragment                : no matches
  acylthiourea fragment                    : no matches
  thioacylurea fragment                    : no matches
  diarylamine fragment >C.ar-NH-C.ar<      : no matches
  sec-amine (1) fragment                   : no matches
  sec-amine (2) fragment                   : no matches
  sec-amine (3) fragment                   : no matches
  carboxylic ester                         : no matches

* Rotatable bonds in /DATA2/COVID-19/PDBs  :
  [   5    6] [   5    7] [   7    8] [  11   12] 
  No. of rotatable bonds                   :      4


* Fragments found in /DATA2/COVID-19/PDBs  :


* Checking torsion distributions:                                               
  No. of matched torsions                  :      0

--------------------------------------------------------------------------------
--- Shape fitting atoms selection (hydrophobic atoms)                        ---
--------------------------------------------------------------------------------
  Molecule                                 : /DATA2/COVID-19/PDBs_&_Models/AV-procd.sdf
  Selection                                : carbons only
  Atom numbers                             :  (n = 13)
  1    2    3    4    7    9    12   13   14   15   
  16   19   20   


--------------------------------------------------------------------------------
--- ChemScore ligand setup summary                                           ---
--------------------------------------------------------------------------------
  ChemScore ligand acceptors               :      3
  6 10 18 
  ChemScore ligand donors                  :      1
  6 ( 29  ) 
  ChemScore ligand CH donors               :      1
  9 ( 32 ) 

  ChemScore ligand lipophilic atoms        :  (n = 14)
  1    2    3    4    5    7    11   12   13   14   
  15   16   19   20   

  ChemScore ligand rotatable bonds         :      4
  5   (****) - 6   (****): SP3_SP3_BOND
  5   (****) - 7   (****): SP3_SP3_BOND
  7   (****) - 8   (****): SP3_SP2_BOND
  11  (****) - 12  (****): SP3_SP2_BOND

--------------------------------------------------------------------------------
--- PLP ligand setup summary                                                 ---
--------------------------------------------------------------------------------
    1  ****   C.3 NONPOLAR
    2  ****   C.3 NONPOLAR
    3  ****   C.3 NONPOLAR
    4  ****   C.3 NONPOLAR
    5  ****   C.3 NONPOLAR
    6  ****   O.3 DONACC
    7  ****   C.3 NONPOLAR
    8  ****  N.am NONPOLAR
    9  ****   C.2 NONPOLAR
   10  ****   N.2 ACCEPTOR
   11  ****   C.2 NONPOLAR
   12  ****   C.3 NONPOLAR
   13  ****   C.3 NONPOLAR
   14  ****   C.3 NONPOLAR
   15  ****   C.3 NONPOLAR
   16  ****   C.2 NONPOLAR
   17  ****   C.2 NONPOLAR
   18  ****   O.2 ACCEPTOR
   19  ****   C.3 NONPOLAR
   20  ****   C.3 NONPOLAR


--------------------------------------------------------------------------------
--- Automatic parameter setting                                              ---
--------------------------------------------------------------------------------
  Contribution base                        :   2500
  Contribution per rotatable bond          :   6000
  Contribution per df                      :   4000
  Contribution per water                   :  10000
  Ligand rotatable bonds                   :      4
  Protein flexible side chain bonds        :      0
  Total rotatable bonds                    :      4
  Hydrophobic vol ratio (P/L)              :   1.774
  Base multiplier (polar)                  :   0.800
  Base multiplier (apolar)                 :   4.614
  Base contribution                        : 12500.000
  Fitting points                           :      4
  Estimated maxops needed (optimal)        :  37000

--------------------------------------------------------------------------------

* Population settings                                                           
  maxops                                   :  37000
  popsiz                                   :    100
  select_pressure                          :   1.100
  n_islands                                :      3
  niche_siz                                :      2

* GA settings                                                                   
  pt_crosswt                               :     95
  allele_mutatewt                          :     95
  migratewt                                :     10

* Search settings                                                               
  start_vdw_linear_cutoff                  :   4.000
  initial_virtual_pt_match_max             :   3.000

--------------------------------------------------------------------------------

* Ligand initialisation time :                                                  
  total  0.0097 user  0.0097 sys  0.0000

--------------------------------------------------------------------------------

--------------------------------------------------------------------------------
** Docking run number  1 **
--------------------------------------------------------------------------------
  Rank fitness base is 5000.00 ; increment is 11.2233

* Initialising population(s) ...                                                
Number of constraints mappings 0
Number of constraints 0
  Population no.                           :      1
  Population size                          :    100
  Number of duplicates                     :      0
  Number of niche violations               :      0
  Number of errors                         :   4023

Number of constraints mappings 0
Number of constraints 0
  Population no.                           :      2
  Population size                          :    100
  Number of duplicates                     :      0
  Number of niche violations               :      0
  Number of errors                         :   4073

Number of constraints mappings 0
Number of constraints 0
  Population no.                           :      3
  Population size                          :    100
  Number of duplicates                     :      0
  Number of niche violations               :      0
  Number of errors                         :   3785


Doing GA, no. of population(s) 3 size 100 selection pressure 1.100000

 Operation      Score     S(PLP)   S(hbond)     S(cho)   S(metal)  DE(clash)   DE(tors)     intcor
         0      24.16     -24.64       1.00       0.00       0.00       1.37       1.44       0.50
       607      24.76     -22.41       1.00       0.00       0.00       0.00       0.57       0.50
       722      25.37     -25.81       0.86       0.00       0.00       0.67       1.43       0.50
      1064      27.45     -28.03       1.00       0.00       0.00       0.67       1.70       0.50
      1748      28.22     -25.81       1.81       0.00       0.00       0.67       1.43       0.50
      1976      28.64     -29.22       1.00       0.00       0.00       0.67       1.70       0.50
      2185      30.61     -30.80       1.00       0.00       0.00       0.00       1.84       0.50
      2584      31.35     -31.54       1.00       0.00       0.00       0.00       1.84       0.50
      3343      33.81     -29.14       2.00       0.00       0.00       0.00       0.91       0.50
      6263      33.82     -29.67       2.00       0.00       0.00       0.00       1.17       0.50
      6278      34.35     -30.81       1.80       0.00       0.00       0.00       1.17       0.50
      6353      35.85     -32.45       1.75       0.00       0.00       0.00       1.17       0.50
      7111      36.17     -30.37       2.32       0.99       0.00       1.37       1.64       0.50
      8261      38.68     -33.84       2.00       0.00       0.00       0.00       0.82       0.50
     10668      38.94     -39.93       1.00       0.00       0.00       2.01       1.24       0.50
     10842      40.35     -39.93       1.47       0.00       0.00       2.01       1.24       0.50
     11869      41.08     -36.88       1.78       1.00       0.00       1.37       1.64       0.50
     14283      41.59     -36.65       1.77       1.00       0.00       0.55       1.65       0.50
     14527      42.04     -36.17       1.83       0.98       0.00       0.00       1.53       0.50
     14871      42.38     -37.30       1.82       1.00       0.00       0.55       1.65       0.50
     15808      42.43     -36.72       1.75       0.93       0.00       0.00       1.42       0.50
     16767      43.00     -37.87       1.83       1.00       0.00       0.55       1.65       0.50
     18028      43.06     -37.86       1.82       1.00       0.00       0.55       1.59       0.50
     19171      43.10     -37.83       1.88       1.00       0.00       0.55       1.65       0.50
     19312      44.63     -38.49       1.88       1.00       0.00       0.00       1.50       0.50
     19605      45.05     -38.73       1.83       1.00       0.00       0.00       1.33       0.50
     25060      45.13     -38.92       1.84       1.00       0.00       0.00       1.40       0.50
     29028      45.20     -38.95       1.85       1.00       0.00       0.00       1.40       0.50
     29248      45.22     -38.98       1.85       1.00       0.00       0.00       1.40       0.50
     35228      45.44     -39.14       1.90       1.00       0.00       0.00       1.44       0.50
     35408      45.75     -39.46       1.86       1.00       0.00       0.00       1.40       0.50
     36806      45.76     -39.37       1.90       1.00       0.00       0.00       1.40       0.50
--------------------------------------------------------------------------------
Best docking solution after GA:
     37000      45.76     -39.37       1.90       1.00       0.00       0.00       1.40       0.50

#ops:      37000 #mutates:  17717 #cross:    17447 #migrate:   1836 
#dups:      8280 #niche:    19184 #errors:    1418 
--------------------------------------------------------------------------------

Doing AMOEBA simplex on best individual
Done simplexing #iterations 499, best score  46.50

Ligand is stored in gold_soln_AV-procd_m9961_1.sdf


--------------------------------------------------------------------------------
--- CHEMPLP breakdown of terms                                               ---
--------------------------------------------------------------------------------
CHEMPLP = - ( 1.0000*S(PLP) + -3.0000*S(hbond) + -6.0000*S(metal) + -3.0000*S(cho) )

Score = CHEMPLP - 1.0000*DE(clash) - 2.0000*DE(tors)

Internal energy term has been corrected with the best internal energy encountered.

--------------------------------------------------------------------------------


     Score     S(PLP)   S(hbond)     S(cho)   S(metal)  DE(clash)   DE(tors)     intcor
     46.50     -39.78       1.98       1.00       0.00       0.00       1.35       0.50

--------------------------------------------------------------------------------
--- PLP analysis of protein-ligand interactions                              ---
--------------------------------------------------------------------------------
hydrogen bonding        :      -2.00
metal                   :       0.00
buried (polar-nonpolar) :      -2.79
nonpolar                :     -34.47
repulsive               :       0.10
--------------------------------------------------------------------------------


--------------------------------------------------------------------------------
--- ChemScore analysis of protein-ligand interactions                        ---
--------------------------------------------------------------------------------

* Hydrogen bonds                                                                
Ligand donor    6 hydrogen   29 Protein acceptor 7957 bond energy  1.00 wt 1.00
Protein donor 7989 hydrogen 7998 Ligand acceptor   18 bond energy  1.00 wt 0.98


* CH..O interactions                                                            
  CH group selection                       : activated ring CH (adjacent to hetatom)
Ligand carbon    9 hydrogen   32 Protein acceptor 8028 bond energy  1.00 wt 1.00

--------------------------------------------------------------------------------


--------------------------------------------------------------------------------
--- Intra-ligand clashes                                                     ---
--------------------------------------------------------------------------------

Ligand
--------------------------------------------------------------------------------

--------------------------------------------------------------------------------
--- Rescoring solution                                                       ---
--------------------------------------------------------------------------------

     Score         DG    S(hbond)    S(metal)    S(lipo)     H(rot)  DE(clash)    DE(int)
     10.80     -16.22       1.46        0.00      89.56       1.80       2.54       2.89

Doing AMOEBA simplex on best individual
Done simplexing #iterations 559, best score  15.47

     Score         DG    S(hbond)    S(metal)    S(lipo)     H(rot)  DE(clash)    DE(int)
     15.47     -16.99       1.74        0.00      88.13       1.80       0.17       1.35

--------------------------------------------------------------------------------
--- ChemScore breakdown of terms                                             ---
--------------------------------------------------------------------------------
DG = -5.4800 + -3.3400*S(hbond)
     + -6.0300*S(metal) + -0.1170*S(lipo) + 2.5600*H(rot)


H(rot) = 1.7968

Score = -(DG + DE(clash) + DE(int))


--------------------------------------------------------------------------------


--------------------------------------------------------------------------------
--- ChemScore analysis of protein-ligand interactions                        ---
--------------------------------------------------------------------------------

* Hydrogen bonds                                                                
Ligand donor    6 hydrogen   29 Protein acceptor 7957 bond energy  1.00 wt 0.97
Protein donor 7989 hydrogen 7998 Ligand acceptor   18 bond energy  1.00 wt 0.76

CHEMSCORE EXTRA INTERACTIONS:

* Clashes                                                                       
Clash for ligand atom   7 (**** ):   0.14
Clash for ligand atom  16 (**** ):   0.03
--------------------------------------------------------------------------------


--------------------------------------------------------------------------------
--- Chromosome decoded                                                       ---
--------------------------------------------------------------------------------
Ligand Torsions
[  29    6    5    4]  171.90
[   4    5    7    8]   28.10
[  17    8    7    5]   96.79
[  15   12   11   10] -147.74
Protein Torsions
[6907 6896 6895 6894]  -87.04 
[7974 7965 7964 7962]   51.40 
[8008 7997 7996 7995]  -32.64 
[10167 10162 10161 10158]    8.41 
[10718 10713 10712 10709] -133.91 
[10763 10752 10751 10750]   -3.94 
[11005 11000 10999 10996]  -74.53 
Mapping
Ligand acceptors to protein hydrogens (mapping then atom ids)
  3  18 [ 18->7998]
Ligand hydrogens to protein acceptors (mapping then atom ids)
  1   9 [ 29->7957]
Ligand shape atoms to protein points (mapping then atom ids & coords)
  6  7127 [  9->(150.250 141.250 156.750)]
  7  8766 [ 12->(152.000 141.500 159.500)]
  8  9238 [ 13->(152.500 142.500 160.750)]
  9  9798 [ 14->(154.250 141.000 160.750)]
 10  9802 [ 15->(154.250 141.250 160.750)]
Chromosome values
Integers:
  -1   -1   17    8   -1   -1   -1   -1   -1 7126 8765 9237 
9797 9801   -1   -1   -1 
--------------------------------------------------------------------------------

Current Ranking  1

--------------------------------------------------------------------------------

* GA execution time :                                                           
  total  0.6972 user  0.6972 sys  0.0000

--------------------------------------------------------------------------------
Fitness function evaluations: 74182

--------------------------------------------------------------------------------
** Docking run number  2 **
--------------------------------------------------------------------------------
  Rank fitness base is 5000.00 ; increment is 11.2233

* Initialising population(s) ...                                                
Number of constraints mappings 0
Number of constraints 0
  Population no.                           :      1
  Population size                          :    100
  Number of duplicates                     :      0
  Number of niche violations               :      0
  Number of errors                         :   4067

Number of constraints mappings 0
Number of constraints 0
  Population no.                           :      2
  Population size                          :    100
  Number of duplicates                     :      0
  Number of niche violations               :      0
  Number of errors                         :   3900

Number of constraints mappings 0
Number of constraints 0
  Population no.                           :      3
  Population size                          :    100
  Number of duplicates                     :      0
  Number of niche violations               :      0
  Number of errors                         :   4134


Doing GA, no. of population(s) 3 size 100 selection pressure 1.100000

 Operation      Score     S(PLP)   S(hbond)     S(cho)   S(metal)  DE(clash)   DE(tors)     intcor
         0      22.95     -19.38       1.41       0.00       0.00       0.00       0.56       0.49
      1483      28.20     -25.16       1.61       0.00       0.00       0.00       1.14       0.49
      1578      28.31     -25.16       1.64       0.00       0.00       0.00       1.14       0.49
      2517      28.34     -25.16       1.66       0.00       0.00       0.00       1.14       0.49
      3709      28.75     -27.04       0.98       0.00       0.00       0.00       0.85       0.49
      4311      30.36     -27.19       1.65       0.00       0.00       0.00       1.14       0.49
      4944      30.36     -27.19       1.65       0.00       0.00       0.00       1.14       0.49
      5154      30.47     -27.20       1.00       0.52       0.00       0.00       0.90       0.49
      5991      31.57     -27.50       1.78       0.00       0.00       0.04       0.86       0.49
      7464      32.93     -24.29       1.00       1.99       0.00       0.00       0.40       0.49
      7578      34.30     -30.17       1.90       0.00       0.00       0.00       1.03       0.49
     11027      34.53     -30.61       1.90       0.00       0.00       0.00       1.12       0.49
     11190      37.04     -29.35       2.00       1.00       0.00       0.00       0.90       0.49
     13017      37.05     -29.29       2.00       1.00       0.00       0.00       0.87       0.49
     14248      38.56     -34.04       2.00       0.00       0.00       0.00       0.99       0.49
     15527      39.63     -32.84       1.79       1.00       0.00       0.00       1.04       0.49
     15675      39.93     -32.60       1.86       1.00       0.00       0.00       0.87       0.49
     17537      40.43     -32.91       1.92       1.00       0.00       0.00       0.87       0.49
     18576      40.93     -33.50       1.89       1.00       0.00       0.00       0.87       0.49
     22845      42.00     -34.65       1.86       1.00       0.00       0.00       0.87       0.49
     25797      42.19     -34.50       1.98       1.00       0.00       0.00       0.87       0.49
     29459      42.28     -34.59       1.96       1.00       0.00       0.00       0.84       0.49
--------------------------------------------------------------------------------
Best docking solution after GA:
     37000      42.28     -34.59       1.96       1.00       0.00       0.00       0.84       0.47

#ops:      37000 #mutates:  17662 #cross:    17490 #migrate:   1848 
#dups:      7737 #niche:    18341 #errors:    1975 
--------------------------------------------------------------------------------

Doing AMOEBA simplex on best individual
Done simplexing #iterations 544, best score  44.08

Ligand is stored in gold_soln_AV-procd_m9961_2.sdf


--------------------------------------------------------------------------------
--- CHEMPLP breakdown of terms                                               ---
--------------------------------------------------------------------------------
CHEMPLP = - ( 1.0000*S(PLP) + -3.0000*S(hbond) + -6.0000*S(metal) + -3.0000*S(cho) )

Score = CHEMPLP - 1.0000*DE(clash) - 2.0000*DE(tors)

Internal energy term has been corrected with the best internal energy encountered.

--------------------------------------------------------------------------------


     Score     S(PLP)   S(hbond)     S(cho)   S(metal)  DE(clash)   DE(tors)     intcor
     44.08     -36.52       2.00       1.00       0.00       0.00       0.95       0.47

--------------------------------------------------------------------------------
--- PLP analysis of protein-ligand interactions                              ---
--------------------------------------------------------------------------------
hydrogen bonding        :      -2.00
metal                   :       0.00
buried (polar-nonpolar) :      -2.70
nonpolar                :     -31.60
repulsive               :       0.11
--------------------------------------------------------------------------------


--------------------------------------------------------------------------------
--- ChemScore analysis of protein-ligand interactions                        ---
--------------------------------------------------------------------------------

* Hydrogen bonds                                                                
Ligand donor    6 hydrogen   29 Protein acceptor 8028 bond energy  1.00 wt 1.00
Protein donor 7989 hydrogen 7998 Ligand acceptor   18 bond energy  1.00 wt 1.00


* CH..O interactions                                                            
  CH group selection                       : activated ring CH (adjacent to hetatom)
Ligand carbon    9 hydrogen   32 Protein acceptor 8028 bond energy  1.00 wt 1.00

--------------------------------------------------------------------------------


--------------------------------------------------------------------------------
--- Intra-ligand clashes                                                     ---
--------------------------------------------------------------------------------

Ligand
--------------------------------------------------------------------------------

--------------------------------------------------------------------------------
--- Rescoring solution                                                       ---
--------------------------------------------------------------------------------

     Score         DG    S(hbond)    S(metal)    S(lipo)     H(rot)  DE(clash)    DE(int)
     12.51     -14.19       1.13        0.00      81.54       1.80       0.84       0.84

Doing AMOEBA simplex on best individual
Done simplexing #iterations 780, best score  15.28

     Score         DG    S(hbond)    S(metal)    S(lipo)     H(rot)  DE(clash)    DE(int)
     15.28     -16.20       1.62        0.00      84.56       1.80       0.08       0.84

--------------------------------------------------------------------------------
--- ChemScore breakdown of terms                                             ---
--------------------------------------------------------------------------------
DG = -5.4800 + -3.3400*S(hbond)
     + -6.0300*S(metal) + -0.1170*S(lipo) + 2.5600*H(rot)


H(rot) = 1.7968

Score = -(DG + DE(clash) + DE(int))


--------------------------------------------------------------------------------


--------------------------------------------------------------------------------
--- ChemScore analysis of protein-ligand interactions                        ---
--------------------------------------------------------------------------------

* Hydrogen bonds                                                                
Ligand donor    6 hydrogen   29 Protein acceptor 8028 bond energy  1.00 wt 0.78
Protein donor 7989 hydrogen 7998 Ligand acceptor   18 bond energy  1.00 wt 0.85

CHEMSCORE EXTRA INTERACTIONS:

* Clashes                                                                       
Clash for ligand atom   1 (**** ):   0.01
Clash for ligand atom   3 (**** ):   0.01
Clash for ligand atom   6 (**** ):   0.02
Clash for ligand atom   9 (**** ):   0.04
--------------------------------------------------------------------------------


--------------------------------------------------------------------------------
--- Chromosome decoded                                                       ---
--------------------------------------------------------------------------------
Ligand Torsions
[  29    6    5    4] -137.20
[   4    5    7    8] -153.69
[  17    8    7    5]  135.36
[  15   12   11   10] -166.15
Protein Torsions
[6907 6896 6895 6894]  -77.90 
[7974 7965 7964 7962] -140.27 
[8008 7997 7996 7995]  156.30 
[10167 10162 10161 10158] -120.70 
[10718 10713 10712 10709]   39.65 
[10763 10752 10751 10750]  152.49 
[11005 11000 10999 10996]  111.17 
Mapping
Ligand acceptors to protein hydrogens (mapping then atom ids)
  1  23 [  6->8030]
  3  18 [ 18->7998]
Ligand hydrogens to protein acceptors (mapping then atom ids)
  1  15 [ 29->8028]
Ligand shape atoms to protein points (mapping then atom ids & coords)
  3  5057 [  3->(146.500 138.500 153.250)]
  4  5544 [  4->(147.000 140.000 153.000)]
  7  9631 [ 12->(153.250 141.500 160.750)]
  8  9405 [ 13->(152.750 142.500 159.250)]
Chromosome values
Integers:
  22   -1   17   14   -1   -1 5056 5543   -1   -1 9630 9404 
  -1   -1   -1   -1   -1 
--------------------------------------------------------------------------------

Current Ranking  1  2

--------------------------------------------------------------------------------

* GA execution time :                                                           
  total  0.6758 user  0.6758 sys  0.0000

--------------------------------------------------------------------------------
Fitness function evaluations: 74990

--------------------------------------------------------------------------------
** Docking run number  3 **
--------------------------------------------------------------------------------
  Rank fitness base is 5000.00 ; increment is 11.2233

* Initialising population(s) ...                                                
Number of constraints mappings 0
Number of constraints 0
  Population no.                           :      1
  Population size                          :    100
  Number of duplicates                     :      0
  Number of niche violations               :      0
  Number of errors                         :   4162

Number of constraints mappings 0
Number of constraints 0
  Population no.                           :      2
  Population size                          :    100
  Number of duplicates                     :      0
  Number of niche violations               :      0
  Number of errors                         :   4231

Number of constraints mappings 0
Number of constraints 0
  Population no.                           :      3
  Population size                          :    100
  Number of duplicates                     :      0
  Number of niche violations               :      0
  Number of errors                         :   4095


Doing GA, no. of population(s) 3 size 100 selection pressure 1.100000

 Operation      Score     S(PLP)   S(hbond)     S(cho)   S(metal)  DE(clash)   DE(tors)     intcor
         0      23.53     -21.83       0.94       0.00       0.00       0.00       0.80       0.47
      1361      24.33     -22.58       1.47       0.00       0.00       0.00       1.57       0.47
      1653      24.53     -22.78       1.19       0.00       0.00       0.66       0.82       0.47
      2036      26.52     -22.55       0.89       0.76       0.00       0.00       0.73       0.47
      3045      26.66     -22.32       0.86       0.89       0.00       0.00       0.69       0.47
      3101      33.91     -30.75       1.94       0.00       0.00       0.00       1.57       0.47
      5348      34.01     -30.75       1.98       0.00       0.00       0.00       1.57       0.47
      7522      36.00     -32.58       1.72       0.00       0.00       0.00       1.10       0.47
      9051      36.18     -31.64       1.94       0.09       0.00       0.00       1.01       0.47
     10092      37.18     -31.21       1.94       0.45       0.00       0.00       0.83       0.47
     12843      37.67     -31.97       1.85       0.45       0.00       0.00       0.83       0.47
     14484      38.36     -32.52       2.00       0.37       0.00       0.00       0.87       0.47
     15467      39.54     -34.49       0.94       1.00       0.00       0.00       0.63       0.47
     17032      39.69     -33.70       1.45       1.00       0.00       0.26       0.78       0.47
     20028      41.76     -36.77       1.00       0.94       0.00       0.00       0.65       0.47
     23588      43.86     -39.05       1.00       1.00       0.00       0.00       0.83       0.47
     24095      44.31     -39.80       1.00       1.00       0.00       0.00       0.98       0.47
     30910      44.32     -39.86       1.00       1.00       0.00       0.00       1.00       0.47
     34668      44.34     -39.92       1.00       1.00       0.00       0.00       1.03       0.47
     34961      44.36     -39.95       1.00       1.00       0.00       0.00       1.03       0.47
     35151      44.38     -39.91       1.00       1.00       0.00       0.00       1.00       0.47
     35264      44.39     -39.17       1.44       1.00       0.00       0.00       1.28       0.47
     35453      46.22     -39.58       1.93       0.98       0.00       0.00       1.28       0.47
     36953      46.34     -39.56       1.94       0.98       0.00       0.00       1.22       0.47
--------------------------------------------------------------------------------
Best docking solution after GA:
     37000      46.34     -39.56       1.94       0.98       0.00       0.00       1.22       0.47

#ops:      37000 #mutates:  17548 #cross:    17647 #migrate:   1805 
#dups:      7154 #niche:    18010 #errors:    1510 
--------------------------------------------------------------------------------

Doing AMOEBA simplex on best individual
Done simplexing #iterations 384, best score  47.21

Ligand is stored in gold_soln_AV-procd_m9961_3.sdf


--------------------------------------------------------------------------------
--- CHEMPLP breakdown of terms                                               ---
--------------------------------------------------------------------------------
CHEMPLP = - ( 1.0000*S(PLP) + -3.0000*S(hbond) + -6.0000*S(metal) + -3.0000*S(cho) )

Score = CHEMPLP - 1.0000*DE(clash) - 2.0000*DE(tors)

Internal energy term has been corrected with the best internal energy encountered.

--------------------------------------------------------------------------------


     Score     S(PLP)   S(hbond)     S(cho)   S(metal)  DE(clash)   DE(tors)     intcor
     47.21     -39.76       2.00       1.00       0.00       0.00       1.01       0.47

--------------------------------------------------------------------------------
--- PLP analysis of protein-ligand interactions                              ---
--------------------------------------------------------------------------------
hydrogen bonding        :      -2.00
metal                   :       0.00
buried (polar-nonpolar) :      -2.17
nonpolar                :     -33.96
repulsive               :       0.11
--------------------------------------------------------------------------------


--------------------------------------------------------------------------------
--- ChemScore analysis of protein-ligand interactions                        ---
--------------------------------------------------------------------------------

* Hydrogen bonds                                                                
Ligand donor    6 hydrogen   29 Protein acceptor 7957 bond energy  1.00 wt 1.00
Protein donor 7989 hydrogen 7998 Ligand acceptor   18 bond energy  1.00 wt 1.00


* CH..O interactions                                                            
  CH group selection                       : activated ring CH (adjacent to hetatom)
Ligand carbon    9 hydrogen   32 Protein acceptor 8028 bond energy  1.00 wt 1.00

--------------------------------------------------------------------------------


--------------------------------------------------------------------------------
--- Intra-ligand clashes                                                     ---
--------------------------------------------------------------------------------

Ligand
--------------------------------------------------------------------------------

--------------------------------------------------------------------------------
--- Rescoring solution                                                       ---
--------------------------------------------------------------------------------

     Score         DG    S(hbond)    S(metal)    S(lipo)     H(rot)  DE(clash)    DE(int)
     13.17     -16.16       1.44        0.00      89.59       1.80       1.77       1.22

Doing AMOEBA simplex on best individual
Done simplexing #iterations 628, best score  15.52

     Score         DG    S(hbond)    S(metal)    S(lipo)     H(rot)  DE(clash)    DE(int)
     15.52     -17.32       1.85        0.00      87.79       1.80       0.51       1.29

--------------------------------------------------------------------------------
--- ChemScore breakdown of terms                                             ---
--------------------------------------------------------------------------------
DG = -5.4800 + -3.3400*S(hbond)
     + -6.0300*S(metal) + -0.1170*S(lipo) + 2.5600*H(rot)


H(rot) = 1.7968

Score = -(DG + DE(clash) + DE(int))


--------------------------------------------------------------------------------


--------------------------------------------------------------------------------
--- ChemScore analysis of protein-ligand interactions                        ---
--------------------------------------------------------------------------------

* Hydrogen bonds                                                                
Ligand donor    6 hydrogen   29 Protein acceptor 7957 bond energy  1.00 wt 0.98
Protein donor 7989 hydrogen 7998 Ligand acceptor   18 bond energy  1.00 wt 0.87

CHEMSCORE EXTRA INTERACTIONS:

* Clashes                                                                       
Clash for ligand atom   7 (**** ):   0.35
Clash for ligand atom   9 (**** ):   0.04
Clash for ligand atom  19 (**** ):   0.12
--------------------------------------------------------------------------------


--------------------------------------------------------------------------------
--- Chromosome decoded                                                       ---
--------------------------------------------------------------------------------
Ligand Torsions
[  29    6    5    4]  173.97
[   4    5    7    8]   31.22
[  17    8    7    5]   92.72
[  15   12   11   10] -163.34
Protein Torsions
[6907 6896 6895 6894]    3.79 
[7974 7965 7964 7962]  119.63 
[8008 7997 7996 7995]  -25.13 
[10167 10162 10161 10158]  -11.64 
[10718 10713 10712 10709]  162.49 
[10763 10752 10751 10750]  -97.32 
[11005 11000 10999 10996] -168.57 
Mapping
Ligand acceptors to protein hydrogens (mapping then atom ids)
  3  18 [ 18->7998]
Ligand hydrogens to protein acceptors (mapping then atom ids)
Ligand shape atoms to protein points (mapping then atom ids & coords)
  4  6263 [  4->(148.250 140.500 154.500)]
  6  7025 [  9->(150.000 142.250 158.000)]
  8  9652 [ 13->(153.250 142.500 160.000)]
  9  9797 [ 14->(154.250 141.000 160.500)]
 11  7296 [ 16->(150.500 141.500 158.000)]
 12  6148 [ 19->(148.000 140.750 154.000)]
Chromosome values
Integers:
  -1   -1   17   -1   -1   -1   -1 6262   -1 7024   -1 9651 
9796   -1 7295 6147   -1 
--------------------------------------------------------------------------------

Current Ranking  3  1  2

--------------------------------------------------------------------------------

* GA execution time :                                                           
  total  0.7062 user  0.7062 sys  0.0000

--------------------------------------------------------------------------------
Fitness function evaluations: 75238

--------------------------------------------------------------------------------
** Docking run number  4 **
--------------------------------------------------------------------------------
  Rank fitness base is 5000.00 ; increment is 11.2233

* Initialising population(s) ...                                                
Number of constraints mappings 0
Number of constraints 0
  Population no.                           :      1
  Population size                          :    100
  Number of duplicates                     :      0
  Number of niche violations               :      0
  Number of errors                         :   4104

Number of constraints mappings 0
Number of constraints 0
  Population no.                           :      2
  Population size                          :    100
  Number of duplicates                     :      0
  Number of niche violations               :      0
  Number of errors                         :   4026

Number of constraints mappings 0
Number of constraints 0
  Population no.                           :      3
  Population size                          :    100
  Number of duplicates                     :      0
  Number of niche violations               :      0
  Number of errors                         :   4060


Doing GA, no. of population(s) 3 size 100 selection pressure 1.100000

 Operation      Score     S(PLP)   S(hbond)     S(cho)   S(metal)  DE(clash)   DE(tors)     intcor
         0      23.31     -23.96       0.00       0.00       0.00       0.00       0.56       0.47
      1262      24.02     -24.62       0.46       0.00       0.00       0.00       1.23       0.47
      1634      26.30     -25.51       0.00       0.68       0.00       0.02       0.85       0.47
      1884      26.46     -28.19       0.00       0.62       0.00       1.64       1.21       0.47
      1960      27.84     -29.99       0.07       0.00       0.00       1.39       0.71       0.47
      3682      29.73     -29.80       0.76       0.00       0.00       1.39       0.71       0.47
      4018      30.43     -29.00       0.83       0.00       0.00       0.00       0.76       0.47
      4879      30.76     -29.09       0.89       0.00       0.00       0.00       0.73       0.47
      5475      33.72     -31.19       0.31       1.00       0.00       0.00       0.93       0.47
      6406      37.82     -35.98       0.00       1.00       0.00       0.00       0.82       0.47
      6676      37.89     -36.00       0.00       1.00       0.00       0.00       0.79       0.47
      6690      38.66     -35.49       0.52       1.00       0.00       0.00       0.93       0.47
      7093      38.92     -36.30       0.24       1.00       0.00       0.00       0.79       0.47
      7129      39.58     -36.03       0.57       1.00       0.00       0.00       0.82       0.47
      7380      39.67     -36.09       0.62       1.00       0.00       0.00       0.87       0.47
     10073      40.46     -37.57       0.39       1.00       0.00       0.00       0.87       0.47
     10920      40.96     -36.53       0.90       1.00       0.00       0.00       0.87       0.47
     13720      41.00     -36.61       0.95       1.00       0.00       0.00       0.96       0.47
     16884      41.02     -36.76       0.84       1.00       0.00       0.00       0.87       0.47
     16887      41.80     -37.19       0.96       1.00       0.00       0.00       0.87       0.47
     21021      41.86     -37.20       0.96       1.00       0.00       0.00       0.84       0.47
     21275      43.65     -37.19       1.58       1.00       0.00       0.00       0.87       0.47
     22448      44.18     -37.19       1.75       1.00       0.00       0.00       0.87       0.47
     24494      44.99     -36.65       1.98       1.00       0.00       0.00       0.53       0.47
     26486      45.36     -36.71       2.00       1.00       0.00       0.00       0.41       0.47
     28633      46.29     -37.88       2.00       1.00       0.00       0.00       0.53       0.47
     29949      46.30     -38.00       1.93       1.00       0.00       0.00       0.47       0.47
     30559      46.51     -37.99       2.00       1.00       0.00       0.00       0.47       0.47
     30833      46.58     -37.92       2.00       1.00       0.00       0.00       0.41       0.47
     30926      46.64     -38.00       1.98       1.00       0.00       0.00       0.38       0.47
     31199      46.78     -38.01       2.00       1.00       0.00       0.00       0.35       0.47
     31601      46.90     -38.30       2.00       1.00       0.00       0.00       0.44       0.47
     32301      46.96     -38.46       1.99       1.00       0.00       0.00       0.47       0.47
     32489      46.98     -38.33       2.00       1.00       0.00       0.00       0.41       0.47
     32607      47.01     -38.50       1.96       1.00       0.00       0.00       0.42       0.47
     33312      47.66     -39.81       1.89       1.00       0.00       0.00       0.65       0.47
     34403      47.77     -39.13       2.00       1.00       0.00       0.00       0.42       0.47
     34651      47.84     -39.08       2.00       1.00       0.00       0.00       0.35       0.47
     35079      48.11     -39.94       2.00       1.00       0.00       0.00       0.65       0.47
--------------------------------------------------------------------------------
Best docking solution after GA:
     37000      48.11     -39.94       2.00       1.00       0.00       0.00       0.65       0.47

#ops:      37000 #mutates:  17717 #cross:    17468 #migrate:   1815 
#dups:      6831 #niche:    19677 #errors:    1465 
--------------------------------------------------------------------------------

Doing AMOEBA simplex on best individual
Done simplexing #iterations 245, best score  48.32

Ligand is stored in gold_soln_AV-procd_m9961_4.sdf


--------------------------------------------------------------------------------
--- CHEMPLP breakdown of terms                                               ---
--------------------------------------------------------------------------------
CHEMPLP = - ( 1.0000*S(PLP) + -3.0000*S(hbond) + -6.0000*S(metal) + -3.0000*S(cho) )

Score = CHEMPLP - 1.0000*DE(clash) - 2.0000*DE(tors)

Internal energy term has been corrected with the best internal energy encountered.

--------------------------------------------------------------------------------


     Score     S(PLP)   S(hbond)     S(cho)   S(metal)  DE(clash)   DE(tors)     intcor
     48.32     -40.05       2.00       1.00       0.00       0.00       0.60       0.47

--------------------------------------------------------------------------------
--- PLP analysis of protein-ligand interactions                              ---
--------------------------------------------------------------------------------
hydrogen bonding        :      -2.00
metal                   :       0.00
buried (polar-nonpolar) :      -3.20
nonpolar                :     -33.66
repulsive               :       0.09
--------------------------------------------------------------------------------


--------------------------------------------------------------------------------
--- ChemScore analysis of protein-ligand interactions                        ---
--------------------------------------------------------------------------------

* Hydrogen bonds                                                                
Ligand donor    6 hydrogen   29 Protein acceptor 7957 bond energy  1.00 wt 1.00
Protein donor 7989 hydrogen 7998 Ligand acceptor   18 bond energy  1.00 wt 1.00


* CH..O interactions                                                            
  CH group selection                       : activated ring CH (adjacent to hetatom)
Ligand carbon    9 hydrogen   32 Protein acceptor 8028 bond energy  1.00 wt 1.00

--------------------------------------------------------------------------------


--------------------------------------------------------------------------------
--- Intra-ligand clashes                                                     ---
--------------------------------------------------------------------------------

Ligand
--------------------------------------------------------------------------------

--------------------------------------------------------------------------------
--- Rescoring solution                                                       ---
--------------------------------------------------------------------------------

     Score         DG    S(hbond)    S(metal)    S(lipo)     H(rot)  DE(clash)    DE(int)
     13.70     -16.00       1.43        0.00      88.41       1.80       0.25       2.05

Doing AMOEBA simplex on best individual
Done simplexing #iterations 822, best score  15.41

     Score         DG    S(hbond)    S(metal)    S(lipo)     H(rot)  DE(clash)    DE(int)
     15.41     -17.74       1.88        0.00      90.47       1.80       0.34       1.99

--------------------------------------------------------------------------------
--- ChemScore breakdown of terms                                             ---
--------------------------------------------------------------------------------
DG = -5.4800 + -3.3400*S(hbond)
     + -6.0300*S(metal) + -0.1170*S(lipo) + 2.5600*H(rot)


H(rot) = 1.7968

Score = -(DG + DE(clash) + DE(int))


--------------------------------------------------------------------------------


--------------------------------------------------------------------------------
--- ChemScore analysis of protein-ligand interactions                        ---
--------------------------------------------------------------------------------

* Hydrogen bonds                                                                
Ligand donor    6 hydrogen   29 Protein acceptor 7957 bond energy  1.00 wt 0.98
Protein donor 7989 hydrogen 7998 Ligand acceptor   18 bond energy  1.00 wt 0.89

CHEMSCORE EXTRA INTERACTIONS:

* Clashes                                                                       
Clash for ligand atom   7 (**** ):   0.25
Clash for ligand atom   9 (**** ):   0.04
Clash for ligand atom  19 (**** ):   0.06
--------------------------------------------------------------------------------


--------------------------------------------------------------------------------
--- Chromosome decoded                                                       ---
--------------------------------------------------------------------------------
Ligand Torsions
[  29    6    5    4]  172.08
[   4    5    7    8]   41.74
[  17    8    7    5]   75.71
[  15   12   11   10] -120.77
Protein Torsions
[6907 6896 6895 6894] -138.28 
[7974 7965 7964 7962]   96.65 
[8008 7997 7996 7995]   35.87 
[10167 10162 10161 10158]  164.60 
[10718 10713 10712 10709] -148.62 
[10763 10752 10751 10750]  -73.36 
[11005 11000 10999 10996]  -35.11 
Mapping
Ligand acceptors to protein hydrogens (mapping then atom ids)
  3  18 [ 18->7998]
Ligand hydrogens to protein acceptors (mapping then atom ids)
  1   9 [ 29->7957]
Ligand shape atoms to protein points (mapping then atom ids & coords)
  2  5341 [  2->(146.750 141.500 154.750)]
  4  6732 [  4->(149.250 140.750 155.750)]
  5  6643 [  7->(149.000 141.250 155.000)]
  6  6818 [  9->(149.500 141.500 156.750)]
  7  9010 [ 12->(152.250 141.750 159.500)]
  8  9727 [ 13->(153.750 141.000 160.500)]
  9  9774 [ 14->(154.000 141.500 161.000)]
 11  7730 [ 16->(151.000 141.250 158.250)]
Chromosome values
Integers:
  -1   -1   17    8   -1 5340   -1 6731 6642 6817 9009 9726 
9773   -1 7729   -1   -1 
--------------------------------------------------------------------------------

Current Ranking  4  3  1  2

Top  3 (of  4) solutions are within 1.500 RMSD, finishing docking /DATA2/COVID-19/PDBs_&_Models/AV-procd.sdf.


--------------------------------------------------------------------------------

* GA execution time :                                                           
  total  0.7137 user  0.7137 sys  0.0000

--------------------------------------------------------------------------------
Fitness function evaluations: 74399

--------------------------------------------------------------------------------
--- Ranking analysis                                                         ---
--------------------------------------------------------------------------------


* Final ranked order of GA solutions:                                           
   4  3  1  2 

  _______________________________
  RMSD Matrix of RANKED solutions

        2    3    4  

   1 :  0.4  0.4  2.1
   2 :       0.3  2.1
   3 :            2.1

  Clustering method                        : complete linkage
  Structure ids in cluster table           : rank nos.
  Ordering of clusters and their members   : by rank (order if from rms_analysis)

  Distance | Clusters
   0.26    |  1 |  2  3 |  4 |
   0.37    |  1  2  3 |  4 |
   2.15    |  1  2  3  4 |
  Finished Docking Ligand                  : /DATA2/COVID-19/PDBs_&_Models/AV-procd.sdf
--------------------------------------------------------------------------------

  Relative_Ligand_Energy (best encountered) :   0.469
  Relative_Ligand_Energy: fitness values have been corrected using this amount
