
--------------------------------------------------------------------------------
--- Ligand                                                                   ---
--------------------------------------------------------------------------------
  Ligand loaded from file                  : /DATA2/COVID-19/PDBs_&_Models/AV-procd.sdf
  Ligand name                              :  
  "AV-unprocessed.smi:2041                                                  "

--------------------------------------------------------------------------------
  N.plc donors                             : 
  none found

  Acidic nitrogen acceptors                : 
  none found
  Sulfur acceptors                         :
   8 : (thiol or thioether)    (S)  

  Donor atoms                              :      3
  3   9   15  
  Acceptor atoms                           :      3
  1   5   17  

  Hydrogens                                :  (n = 3)
  18   21   31   

  Lone pairs added to molecule             :      5
  Numbering                                : from 32 to 36
  Choline groups                           : 
   

--------------------------------------------------------------------------------
--- Postprocessing of typing                                                 ---
--------------------------------------------------------------------------------
  Fragment file                            : /home/scv26/CCDC/Discovery_2020/GOLD/gold/rotatable_bond_override.mol2
  acylurea fragment                        : no matches
  thioacylthiourea fragment                : no matches
  acylthiourea fragment                    : no matches
  thioacylurea fragment                    : no matches
  diarylamine fragment >C.ar-NH-C.ar<      : no matches
  sec-amine (1) fragment                   : no matches
  sec-amine (2) fragment                   : no matches
  sec-amine (3) fragment                   : no matches
  carboxylic ester                         : no matches

* Rotatable bonds in /DATA2/COVID-19/PDBs  :
  [   3    4] [   9   10] 
  No. of rotatable bonds                   :      2


* Fragments found in /DATA2/COVID-19/PDBs  :


* Checking torsion distributions:                                               
  Rotatable bond [16 10  9  2] matches torsion: amide nh T2  
   C.2 ( =O.2  N.am ( 1H ) ) | C.3 ( 1H  C.3 ) | N.am ( 1H ) | C.2 ( =O.2 ) 
  No. of matched torsions                  :      1

--------------------------------------------------------------------------------
--- Shape fitting atoms selection (hydrophobic atoms)                        ---
--------------------------------------------------------------------------------
  Molecule                                 : /DATA2/COVID-19/PDBs_&_Models/AV-procd.sdf
  Selection                                : carbons only
  Atom numbers                             :  (n = 7)
  6    7    10   11   12   13   14   


--------------------------------------------------------------------------------
--- ChemScore ligand setup summary                                           ---
--------------------------------------------------------------------------------
  ChemScore ligand acceptors               :      3
  1 5 17 
  ChemScore ligand donors                  :      3
  3 ( 18  ) 9 ( 21  ) 15 ( 31  ) 
  ChemScore ligand CH donors               :      2
  6 ( 19 ) 7 ( 20 ) 

  ChemScore ligand lipophilic atoms        :  (n = 8)
  6    7    8    10   11   12   13   14   

  ChemScore ligand rotatable bonds         :      2
  3   (****) - 4   (****): SP2_SP2_BOND
  9   (****) - 10  (****): SP3_SP2_BOND

--------------------------------------------------------------------------------
--- PLP ligand setup summary                                                 ---
--------------------------------------------------------------------------------
    1  ****   O.2 ACCEPTOR
    2  ****   C.2 NONPOLAR
    3  ****  N.am DONOR
    4  ****   C.2 NONPOLAR
    5  ****   N.2 ACCEPTOR
    6  ****   C.2 NONPOLAR
    7  ****   C.2 NONPOLAR
    8  ****   S.3 NONPOLAR
    9  ****  N.am DONOR
   10  ****   C.3 NONPOLAR
   11  ****   C.3 NONPOLAR
   12  ****   C.3 NONPOLAR
   13  ****   C.3 NONPOLAR
   14  ****   C.3 NONPOLAR
   15  ****  N.am DONOR
   16  ****   C.2 NONPOLAR
   17  ****   O.2 ACCEPTOR


--------------------------------------------------------------------------------
--- Automatic parameter setting                                              ---
--------------------------------------------------------------------------------
  Contribution base                        :   2500
  Contribution per rotatable bond          :   6000
  Contribution per df                      :   4000
  Contribution per water                   :  10000
  Ligand rotatable bonds                   :      2
  Protein flexible side chain bonds        :      0
  Total rotatable bonds                    :      2
  Hydrophobic vol ratio (P/L)              :   3.295
  Base multiplier (polar)                  :   1.200
  Base multiplier (apolar)                 :   4.614
  Base contribution                        : 12500.000
  Fitting points                           :      6
  Estimated maxops needed (optimal)        :  25000

--------------------------------------------------------------------------------

* Population settings                                                           
  maxops                                   :  25000
  popsiz                                   :    100
  select_pressure                          :   1.100
  n_islands                                :      2
  niche_siz                                :      2

* GA settings                                                                   
  pt_crosswt                               :     95
  allele_mutatewt                          :     95
  migratewt                                :     10

* Search settings                                                               
  start_vdw_linear_cutoff                  :   4.000
  initial_virtual_pt_match_max             :   3.000

--------------------------------------------------------------------------------

* Ligand initialisation time :                                                  
  total  0.0039 user  0.0039 sys  0.0000

--------------------------------------------------------------------------------

--------------------------------------------------------------------------------
** Docking run number  1 **
--------------------------------------------------------------------------------
  Rank fitness base is 5000.00 ; increment is 11.2233

* Initialising population(s) ...                                                
Number of constraints mappings 0
Number of constraints 0
  Population no.                           :      1
  Population size                          :    100
  Number of duplicates                     :      0
  Number of niche violations               :      0
  Number of errors                         :   7689

Number of constraints mappings 0
Number of constraints 0
  Population no.                           :      2
  Population size                          :    100
  Number of duplicates                     :      0
  Number of niche violations               :      0
  Number of errors                         :   7471


Doing GA, no. of population(s) 2 size 100 selection pressure 1.100000

 Operation      Score     S(PLP)   S(hbond)     S(cho)   S(metal)  DE(clash)   DE(tors)     intcor
         0      22.47     -15.41       1.87       0.72       0.00       0.00       0.37       0.03
        70      22.59     -20.51       0.28       0.79       0.00       0.00       0.58       0.03
       318      22.97     -19.40       1.35       0.00       0.00       0.00       0.25       0.03
       426      26.29     -19.97       2.48       0.00       0.00       0.00       0.57       0.03
       945      26.64     -23.20       1.41       0.00       0.00       0.00       0.40       0.03
      1183      29.51     -21.32       2.00       1.00       0.00       0.00       0.41       0.03
      1232      30.99     -27.31       1.36       0.00       0.00       0.00       0.22       0.03
      1478      36.60     -28.01       3.00       0.00       0.00       0.00       0.22       0.03
      3018      37.05     -28.41       3.00       0.00       0.00       0.00       0.20       0.03
      3059      37.98     -29.61       2.93       0.00       0.00       0.00       0.22       0.03
      3529      38.66     -30.07       3.00       0.00       0.00       0.00       0.22       0.03
      3878      39.88     -31.71       2.86       0.00       0.00       0.00       0.22       0.03
      4324      40.21     -31.87       2.87       0.00       0.00       0.00       0.16       0.03
      5281      40.22     -31.88       2.87       0.00       0.00       0.00       0.16       0.03
      7089      40.24     -31.86       2.89       0.00       0.00       0.00       0.16       0.03
      7227      40.32     -31.93       2.87       0.00       0.00       0.00       0.13       0.03
      8119      40.35     -31.92       2.89       0.00       0.00       0.00       0.13       0.03
--------------------------------------------------------------------------------
Best docking solution after GA:
     25000      40.35     -31.92       2.89       0.00       0.00       0.00       0.13       0.03

#ops:      25000 #mutates:  11978 #cross:    11792 #migrate:   1230 
#dups:      5632 #niche:    13647 #errors:    1816 
--------------------------------------------------------------------------------

Doing AMOEBA simplex on best individual
Done simplexing #iterations 401, best score  40.90

Ligand is stored in gold_soln_AV-procd_m8291_1.sdf


--------------------------------------------------------------------------------
--- CHEMPLP breakdown of terms                                               ---
--------------------------------------------------------------------------------
CHEMPLP = - ( 1.0000*S(PLP) + -3.0000*S(hbond) + -6.0000*S(metal) + -3.0000*S(cho) )

Score = CHEMPLP - 1.0000*DE(clash) - 2.0000*DE(tors)

Internal energy term has been corrected with the best internal energy encountered.

--------------------------------------------------------------------------------


     Score     S(PLP)   S(hbond)     S(cho)   S(metal)  DE(clash)   DE(tors)     intcor
     40.90     -32.29       2.94       0.00       0.00       0.00       0.13       0.03

--------------------------------------------------------------------------------
--- PLP analysis of protein-ligand interactions                              ---
--------------------------------------------------------------------------------
hydrogen bonding        :      -4.20
metal                   :       0.00
buried (polar-nonpolar) :      -1.32
nonpolar                :     -27.43
repulsive               :       0.30
--------------------------------------------------------------------------------


--------------------------------------------------------------------------------
--- ChemScore analysis of protein-ligand interactions                        ---
--------------------------------------------------------------------------------

* Hydrogen bonds                                                                
Ligand donor    3 hydrogen   18 Protein acceptor 8028 bond energy  1.00 wt 0.94
Ligand donor    9 hydrogen   21 Protein acceptor 8028 bond energy  1.00 wt 1.00
Protein donor 7989 hydrogen 7998 Ligand acceptor   17 bond energy  1.00 wt 1.00


* CH..O interactions                                                            
  CH group selection                       : activated ring CH (adjacent to hetatom)

--------------------------------------------------------------------------------


--------------------------------------------------------------------------------
--- Intra-ligand clashes                                                     ---
--------------------------------------------------------------------------------

Ligand
--------------------------------------------------------------------------------

--------------------------------------------------------------------------------
--- Rescoring solution                                                       ---
--------------------------------------------------------------------------------

     Score         DG    S(hbond)    S(metal)    S(lipo)     H(rot)  DE(clash)    DE(int)
     13.48     -20.21       2.70        0.00      70.82       1.00       1.70       5.04

Doing AMOEBA simplex on best individual
Done simplexing #iterations 660, best score  17.97

     Score         DG    S(hbond)    S(metal)    S(lipo)     H(rot)  DE(clash)    DE(int)
     17.97     -19.51       2.77        0.00      62.75       1.00       0.10       1.44

--------------------------------------------------------------------------------
--- ChemScore breakdown of terms                                             ---
--------------------------------------------------------------------------------
DG = -5.4800 + -3.3400*S(hbond)
     + -6.0300*S(metal) + -0.1170*S(lipo) + 2.5600*H(rot)


H(rot) = 1.0000

Score = -(DG + DE(clash) + DE(int))


--------------------------------------------------------------------------------


--------------------------------------------------------------------------------
--- ChemScore analysis of protein-ligand interactions                        ---
--------------------------------------------------------------------------------

* Hydrogen bonds                                                                
Ligand donor    3 hydrogen   18 Protein acceptor 8028 bond energy  1.00 wt 0.89
Ligand donor    9 hydrogen   21 Protein acceptor 8028 bond energy  1.00 wt 0.89
Protein donor 7989 hydrogen 7998 Ligand acceptor   17 bond energy  1.00 wt 0.99

CHEMSCORE EXTRA INTERACTIONS:

* Clashes                                                                       
Clash for ligand atom  14 (**** ):   0.10
--------------------------------------------------------------------------------


--------------------------------------------------------------------------------
--- Chromosome decoded                                                       ---
--------------------------------------------------------------------------------
Ligand Torsions
[   8    4    3    2] -157.29
[  16   10    9    2]  -54.32    matched torsion: amide nh T2  
Protein Torsions
[6907 6896 6895 6894]   59.67 
[7974 7965 7964 7962]  177.45 
[8008 7997 7996 7995]  -95.41 
[10167 10162 10161 10158]  -17.70 
[10718 10713 10712 10709]   26.05 
[10763 10752 10751 10750]  140.41 
[11005 11000 10999 10996] -123.56 
Mapping
Ligand acceptors to protein hydrogens (mapping then atom ids)
  3  18 [ 17->7998]
Ligand hydrogens to protein acceptors (mapping then atom ids)
  2  15 [ 21->8028]
Ligand shape atoms to protein points (mapping then atom ids & coords)
  1  9229 [  6->(152.500 142.250 160.500)]
  2  8886 [  7->(152.000 144.250 159.000)]
  6  6370 [ 13->(148.500 139.750 154.000)]
  7  5730 [ 14->(147.250 139.250 153.000)]
Chromosome values
Integers:
  -1   -1   17   -1   14   -1 9228 8885   -1   -1   -1 6369 
5729 
--------------------------------------------------------------------------------

Current Ranking  1

--------------------------------------------------------------------------------

* GA execution time :                                                           
  total  0.4677 user  0.4677 sys  0.0000

--------------------------------------------------------------------------------
Fitness function evaluations: 57921

--------------------------------------------------------------------------------
** Docking run number  2 **
--------------------------------------------------------------------------------
  Rank fitness base is 5000.00 ; increment is 11.2233

* Initialising population(s) ...                                                
Number of constraints mappings 0
Number of constraints 0
  Population no.                           :      1
  Population size                          :    100
  Number of duplicates                     :      0
  Number of niche violations               :      0
  Number of errors                         :   7815

Number of constraints mappings 0
Number of constraints 0
  Population no.                           :      2
  Population size                          :    100
  Number of duplicates                     :      0
  Number of niche violations               :      0
  Number of errors                         :   7970


Doing GA, no. of population(s) 2 size 100 selection pressure 1.100000

 Operation      Score     S(PLP)   S(hbond)     S(cho)   S(metal)  DE(clash)   DE(tors)     intcor
         0      23.29     -20.00       1.53       0.00       0.00       0.00       0.67       0.03
         8      23.36     -20.03       1.53       0.00       0.00       0.00       0.64       0.03
        92      27.20     -25.02       0.00       1.00       0.00       0.00       0.42       0.03
      1506      28.03     -21.42       2.38       0.00       0.00       0.00       0.28       0.03
      1620      28.76     -21.47       2.69       0.00       0.00       0.00       0.41       0.03
      1742      29.60     -24.30       2.03       0.00       0.00       0.00       0.41       0.03
      1922      33.73     -25.52       3.00       0.00       0.00       0.00       0.41       0.03
      2309      34.88     -26.65       2.93       0.00       0.00       0.00       0.29       0.03
      2509      35.17     -26.79       2.84       0.00       0.00       0.00       0.08       0.03
      2614      36.21     -27.34       3.00       0.00       0.00       0.00       0.08       0.03
      3720      36.41     -27.55       3.00       0.00       0.00       0.00       0.08       0.03
      3816      37.86     -28.99       3.00       0.00       0.00       0.00       0.08       0.03
      4251      38.31     -29.89       2.98       0.00       0.00       0.00       0.27       0.03
      4729      38.60     -30.11       3.00       0.00       0.00       0.00       0.27       0.03
      5263      38.79     -30.34       3.00       0.00       0.00       0.00       0.29       0.03
      5977      38.98     -30.49       3.00       0.00       0.00       0.00       0.27       0.03
      6675      38.99     -30.07       3.00       0.00       0.00       0.00       0.05       0.03
      7399      39.00     -30.47       3.00       0.00       0.00       0.00       0.25       0.03
      7774      39.05     -30.31       3.00       0.00       0.00       0.00       0.14       0.03
      9010      39.05     -30.37       3.00       0.00       0.00       0.00       0.17       0.03
      9143      39.14     -30.40       3.00       0.00       0.00       0.00       0.14       0.03
      9594      39.23     -30.50       3.00       0.00       0.00       0.00       0.15       0.03
--------------------------------------------------------------------------------
Best docking solution after GA:
     25000      39.23     -30.50       3.00       0.00       0.00       0.00       0.15       0.03

#ops:      25000 #mutates:  12014 #cross:    11740 #migrate:   1246 
#dups:      8831 #niche:    14979 #errors:    1302 
--------------------------------------------------------------------------------

Doing AMOEBA simplex on best individual
Done simplexing #iterations 566, best score  40.78

Ligand is stored in gold_soln_AV-procd_m8291_2.sdf


--------------------------------------------------------------------------------
--- CHEMPLP breakdown of terms                                               ---
--------------------------------------------------------------------------------
CHEMPLP = - ( 1.0000*S(PLP) + -3.0000*S(hbond) + -6.0000*S(metal) + -3.0000*S(cho) )

Score = CHEMPLP - 1.0000*DE(clash) - 2.0000*DE(tors)

Internal energy term has been corrected with the best internal energy encountered.

--------------------------------------------------------------------------------


     Score     S(PLP)   S(hbond)     S(cho)   S(metal)  DE(clash)   DE(tors)     intcor
     40.78     -32.37       2.86       0.00       0.00       0.00       0.09       0.03

--------------------------------------------------------------------------------
--- PLP analysis of protein-ligand interactions                              ---
--------------------------------------------------------------------------------
hydrogen bonding        :      -3.69
metal                   :       0.00
buried (polar-nonpolar) :      -2.79
nonpolar                :     -26.84
repulsive               :       0.28
--------------------------------------------------------------------------------


--------------------------------------------------------------------------------
--- ChemScore analysis of protein-ligand interactions                        ---
--------------------------------------------------------------------------------

* Hydrogen bonds                                                                
Ligand donor    3 hydrogen   18 Protein acceptor 8028 bond energy  1.00 wt 0.86
Ligand donor    9 hydrogen   21 Protein acceptor 8028 bond energy  1.00 wt 1.00
Protein donor 7989 hydrogen 7998 Ligand acceptor   17 bond energy  1.00 wt 1.00


* CH..O interactions                                                            
  CH group selection                       : activated ring CH (adjacent to hetatom)

--------------------------------------------------------------------------------


--------------------------------------------------------------------------------
--- Intra-ligand clashes                                                     ---
--------------------------------------------------------------------------------

Ligand
--------------------------------------------------------------------------------

--------------------------------------------------------------------------------
--- Rescoring solution                                                       ---
--------------------------------------------------------------------------------

     Score         DG    S(hbond)    S(metal)    S(lipo)     H(rot)  DE(clash)    DE(int)
     15.03     -19.74       2.74        0.00      65.50       1.00       0.22       4.49

Doing AMOEBA simplex on best individual
Done simplexing #iterations 533, best score  18.22

     Score         DG    S(hbond)    S(metal)    S(lipo)     H(rot)  DE(clash)    DE(int)
     18.22     -19.67       2.84        0.00      62.15       1.00       0.01       1.44

--------------------------------------------------------------------------------
--- ChemScore breakdown of terms                                             ---
--------------------------------------------------------------------------------
DG = -5.4800 + -3.3400*S(hbond)
     + -6.0300*S(metal) + -0.1170*S(lipo) + 2.5600*H(rot)


H(rot) = 1.0000

Score = -(DG + DE(clash) + DE(int))


--------------------------------------------------------------------------------


--------------------------------------------------------------------------------
--- ChemScore analysis of protein-ligand interactions                        ---
--------------------------------------------------------------------------------

* Hydrogen bonds                                                                
Ligand donor    3 hydrogen   18 Protein acceptor 8028 bond energy  1.00 wt 0.93
Ligand donor    9 hydrogen   21 Protein acceptor 8028 bond energy  1.00 wt 0.92
Protein donor 7989 hydrogen 7998 Ligand acceptor   17 bond energy  1.00 wt 0.99

CHEMSCORE EXTRA INTERACTIONS:

* Clashes                                                                       
Clash for ligand atom  14 (**** ):   0.01
--------------------------------------------------------------------------------


--------------------------------------------------------------------------------
--- Chromosome decoded                                                       ---
--------------------------------------------------------------------------------
Ligand Torsions
[   8    4    3    2] -161.52
[  16   10    9    2]  -58.79    matched torsion: amide nh T2  
Protein Torsions
[6907 6896 6895 6894]  121.14 
[7974 7965 7964 7962]  109.92 
[8008 7997 7996 7995]   46.69 
[10167 10162 10161 10158]   27.94 
[10718 10713 10712 10709] -154.11 
[10763 10752 10751 10750]  -40.04 
[11005 11000 10999 10996]   84.64 
Mapping
Ligand acceptors to protein hydrogens (mapping then atom ids)
  3  18 [ 17->7998]
Ligand hydrogens to protein acceptors (mapping then atom ids)
  1  15 [ 18->8028]
Ligand shape atoms to protein points (mapping then atom ids & coords)
  6  6133 [ 13->(148.000 139.750 153.750)]
  7  6000 [ 14->(147.750 139.250 154.000)]
Chromosome values
Integers:
  -1   -1   17   14   -1   -1   -1   -1   -1   -1   -1 6132 
5999 
--------------------------------------------------------------------------------

Current Ranking  1  2

--------------------------------------------------------------------------------

* GA execution time :                                                           
  total  0.4836 user  0.4836 sys  0.0000

--------------------------------------------------------------------------------
Fitness function evaluations: 57834

--------------------------------------------------------------------------------
** Docking run number  3 **
--------------------------------------------------------------------------------
  Rank fitness base is 5000.00 ; increment is 11.2233

* Initialising population(s) ...                                                
Number of constraints mappings 0
Number of constraints 0
  Population no.                           :      1
  Population size                          :    100
  Number of duplicates                     :      0
  Number of niche violations               :      0
  Number of errors                         :   7670

Number of constraints mappings 0
Number of constraints 0
  Population no.                           :      2
  Population size                          :    100
  Number of duplicates                     :      0
  Number of niche violations               :      0
  Number of errors                         :   7926


Doing GA, no. of population(s) 2 size 100 selection pressure 1.100000

 Operation      Score     S(PLP)   S(hbond)     S(cho)   S(metal)  DE(clash)   DE(tors)     intcor
         0      25.40     -20.45       1.86       0.00       0.00       0.00       0.34       0.03
        10      26.37     -25.37       1.00       0.00       0.00       0.00       1.01       0.03
       476      30.48     -29.09       1.13       0.00       0.00       0.00       1.01       0.03
       624      30.61     -29.19       1.15       0.00       0.00       0.00       1.02       0.03
      1659      31.29     -24.85       1.20       1.00       0.00       0.00       0.10       0.03
      2461      31.82     -25.11       1.28       1.00       0.00       0.00       0.08       0.03
      2797      34.04     -27.56       2.23       0.00       0.00       0.00       0.12       0.03
      3422      34.94     -27.84       2.39       0.00       0.00       0.00       0.05       0.03
      3878      37.72     -30.74       2.34       0.00       0.00       0.00       0.03       0.03
      4240      38.95     -30.06       2.98       0.00       0.00       0.00       0.03       0.03
      5216      38.96     -30.06       2.98       0.00       0.00       0.00       0.03       0.03
      5500      39.02     -30.14       2.98       0.00       0.00       0.00       0.04       0.03
      6278      39.05     -30.32       2.98       0.00       0.00       0.00       0.11       0.03
      6433      39.07     -30.32       2.98       0.00       0.00       0.00       0.10       0.03
      7317      39.18     -30.35       2.98       0.00       0.00       0.00       0.06       0.03
      7839      39.21     -30.40       2.98       0.00       0.00       0.00       0.07       0.03
      8855      39.33     -30.76       2.89       0.00       0.00       0.00       0.06       0.03
     10452      39.64     -30.99       2.89       0.00       0.00       0.00       0.02       0.03
     10752      39.73     -30.98       2.92       0.00       0.00       0.00       0.02       0.03
     11608      39.75     -30.97       2.94       0.00       0.00       0.00       0.02       0.03
     11841      39.95     -31.17       2.96       0.00       0.00       0.00       0.06       0.03
     15079      40.01     -31.30       2.96       0.00       0.00       0.00       0.10       0.03
     15855      40.03     -31.35       2.96       0.00       0.00       0.00       0.11       0.03
--------------------------------------------------------------------------------
Best docking solution after GA:
     25000      40.03     -31.35       2.96       0.00       0.00       0.00       0.11       0.03

#ops:      25000 #mutates:  11814 #cross:    11928 #migrate:   1258 
#dups:     12791 #niche:    13214 #errors:    1032 
--------------------------------------------------------------------------------

Doing AMOEBA simplex on best individual
Done simplexing #iterations 487, best score  40.75

Ligand is stored in gold_soln_AV-procd_m8291_3.sdf


--------------------------------------------------------------------------------
--- CHEMPLP breakdown of terms                                               ---
--------------------------------------------------------------------------------
CHEMPLP = - ( 1.0000*S(PLP) + -3.0000*S(hbond) + -6.0000*S(metal) + -3.0000*S(cho) )

Score = CHEMPLP - 1.0000*DE(clash) - 2.0000*DE(tors)

Internal energy term has been corrected with the best internal energy encountered.

--------------------------------------------------------------------------------


     Score     S(PLP)   S(hbond)     S(cho)   S(metal)  DE(clash)   DE(tors)     intcor
     40.75     -32.33       2.88       0.00       0.00       0.00       0.12       0.03

--------------------------------------------------------------------------------
--- PLP analysis of protein-ligand interactions                              ---
--------------------------------------------------------------------------------
hydrogen bonding        :      -3.54
metal                   :       0.00
buried (polar-nonpolar) :      -2.69
nonpolar                :     -26.84
repulsive               :       0.27
--------------------------------------------------------------------------------


--------------------------------------------------------------------------------
--- ChemScore analysis of protein-ligand interactions                        ---
--------------------------------------------------------------------------------

* Hydrogen bonds                                                                
Ligand donor    3 hydrogen   18 Protein acceptor 8028 bond energy  1.00 wt 0.88
Ligand donor    9 hydrogen   21 Protein acceptor 8028 bond energy  1.00 wt 1.00
Protein donor 7989 hydrogen 7998 Ligand acceptor   17 bond energy  1.00 wt 1.00


* CH..O interactions                                                            
  CH group selection                       : activated ring CH (adjacent to hetatom)

--------------------------------------------------------------------------------


--------------------------------------------------------------------------------
--- Intra-ligand clashes                                                     ---
--------------------------------------------------------------------------------

Ligand
--------------------------------------------------------------------------------

--------------------------------------------------------------------------------
--- Rescoring solution                                                       ---
--------------------------------------------------------------------------------

     Score         DG    S(hbond)    S(metal)    S(lipo)     H(rot)  DE(clash)    DE(int)
     13.38     -19.12       2.49        0.00      67.23       1.00       0.94       4.79

Doing AMOEBA simplex on best individual
Done simplexing #iterations 674, best score  17.65

     Score         DG    S(hbond)    S(metal)    S(lipo)     H(rot)  DE(clash)    DE(int)
     17.65     -19.94       2.87        0.00      63.64       1.00       0.10       2.19

--------------------------------------------------------------------------------
--- ChemScore breakdown of terms                                             ---
--------------------------------------------------------------------------------
DG = -5.4800 + -3.3400*S(hbond)
     + -6.0300*S(metal) + -0.1170*S(lipo) + 2.5600*H(rot)


H(rot) = 1.0000

Score = -(DG + DE(clash) + DE(int))


--------------------------------------------------------------------------------


--------------------------------------------------------------------------------
--- ChemScore analysis of protein-ligand interactions                        ---
--------------------------------------------------------------------------------

* Hydrogen bonds                                                                
Ligand donor    3 hydrogen   18 Protein acceptor 8028 bond energy  1.00 wt 0.92
Ligand donor    9 hydrogen   21 Protein acceptor 8028 bond energy  1.00 wt 0.96
Protein donor 7989 hydrogen 7998 Ligand acceptor   17 bond energy  1.00 wt 0.98

CHEMSCORE EXTRA INTERACTIONS:

* Clashes                                                                       
Clash for ligand atom  14 (**** ):   0.10
--------------------------------------------------------------------------------


--------------------------------------------------------------------------------
--- Chromosome decoded                                                       ---
--------------------------------------------------------------------------------
Ligand Torsions
[   8    4    3    2] -157.67
[  16   10    9    2]  -57.77    matched torsion: amide nh T2  
Protein Torsions
[6907 6896 6895 6894]  -16.99 
[7974 7965 7964 7962]  -35.67 
[8008 7997 7996 7995]  107.17 
[10167 10162 10161 10158]   24.93 
[10718 10713 10712 10709]  -98.09 
[10763 10752 10751 10750] -102.61 
[11005 11000 10999 10996] -154.34 
Mapping
Ligand acceptors to protein hydrogens (mapping then atom ids)
  3  18 [ 17->7998]
Ligand hydrogens to protein acceptors (mapping then atom ids)
  1  15 [ 18->8028]
Ligand shape atoms to protein points (mapping then atom ids & coords)
  5  6255 [ 12->(148.250 140.000 154.000)]
Chromosome values
Integers:
  -1   -1   17   14   -1   -1   -1   -1   -1   -1 6254   -1 
  -1 
--------------------------------------------------------------------------------

Current Ranking  1  2  3

Top  3 (of  3) solutions are within 1.500 RMSD, finishing docking /DATA2/COVID-19/PDBs_&_Models/AV-procd.sdf.


--------------------------------------------------------------------------------

* GA execution time :                                                           
  total  0.4835 user  0.4835 sys  0.0000

--------------------------------------------------------------------------------
Fitness function evaluations: 57788

--------------------------------------------------------------------------------
--- Ranking analysis                                                         ---
--------------------------------------------------------------------------------


* Final ranked order of GA solutions:                                           
   1  2  3 

  _______________________________
  RMSD Matrix of RANKED solutions

        2    3  

   1 :  0.5  0.9
   2 :       0.8

  Clustering method                        : complete linkage
  Structure ids in cluster table           : rank nos.
  Ordering of clusters and their members   : by rank (order if from rms_analysis)

  Distance | Clusters
   0.47    |  1  2 |  3 |
   0.86    |  1  2  3 |
  Finished Docking Ligand                  : /DATA2/COVID-19/PDBs_&_Models/AV-procd.sdf
--------------------------------------------------------------------------------

  Relative_Ligand_Energy (best encountered) :   0.027
  Relative_Ligand_Energy: fitness values have been corrected using this amount
