
--------------------------------------------------------------------------------
--- Ligand                                                                   ---
--------------------------------------------------------------------------------
  Ligand loaded from file                  : /DATA2/COVID-19/PDBs_&_Models/AV-procd.sdf
  Ligand name                              :  
  "AV-unprocessed.smi:507                                                   "

--------------------------------------------------------------------------------
  N.plc donors                             : 
  pro:    5 
  

  Acidic nitrogen acceptors                : 
  none found
  Sulfur acceptors                         :
  none found


  Donor atoms                              :      3
  5   10  12  
  Acceptor atoms                           :      1
  10  

  Hydrogens                                :  (n = 5)
  35   25   28   29   34   

  Lone pairs added to molecule             :      2
  Numbering                                : from 36 to 37
  Choline groups                           : 
   

--------------------------------------------------------------------------------
--- Postprocessing of typing                                                 ---
--------------------------------------------------------------------------------
  Fragment file                            : /home/scv26/CCDC/Discovery_2020/GOLD/gold/rotatable_bond_override.mol2
  acylurea fragment                        : no matches
  thioacylthiourea fragment                : no matches
  acylthiourea fragment                    : no matches
  thioacylurea fragment                    : no matches
  diarylamine fragment >C.ar-NH-C.ar<      : no matches
  sec-amine (1) fragment                   : no matches
  sec-amine (2) fragment                   : 1 matches
  Ligand bond 7-13  set to 1
  Ligand bond 7-8  set to 1
  Ligand bond 7-6  set to 1
  sec-amine (3) fragment                   : 1 matches
  Ligand bond 7-13  set to 1
  Ligand bond 7-6  set to 1
  Ligand bond 7-8  set to 1
  carboxylic ester                         : no matches

* Rotatable bonds in /DATA2/COVID-19/PDBs  :
  [   7    8] [   8    9] [   9   10] [   9   11] 
  [  11   12] 
  No. of rotatable bonds                   :      5


* Fragments found in /DATA2/COVID-19/PDBs  :
  atom   2: benzene
  atom   3: benzene
  atom   4: benzene
  atom  13: benzene
  atom  14: benzene
  atom  15: benzene


* Checking torsion distributions:                                               
  No. of matched torsions                  :      0

--------------------------------------------------------------------------------
--- Shape fitting atoms selection (hydrophobic atoms)                        ---
--------------------------------------------------------------------------------
  Molecule                                 : /DATA2/COVID-19/PDBs_&_Models/AV-procd.sdf
  Selection                                : carbons only
  Atom numbers                             :  (n = 8)
  1    3    6    8    9    11   14   16   


--------------------------------------------------------------------------------
--- ChemScore ligand setup summary                                           ---
--------------------------------------------------------------------------------
  ChemScore ligand acceptors               :      1
  10 
  ChemScore ligand donors                  :      3
  5 ( 35 [+]  ) 10 ( 25  ) 12 ( 28 [+] 29 [+] 34 [+]  ) 
  ChemScore ligand CH donors               :      1
  6 ( 21 ) 

  ChemScore ligand lipophilic atoms        :  (n = 11)
  1    2    3    4    8    9    11   13   14   15   
  16   

  ChemScore ligand rotatable bonds         :      5
  7   (****) - 8   (****): SP3_SP2_BOND
  8   (****) - 9   (****): SP3_SP3_BOND
  9   (****) - 10  (****): SP3_SP3_BOND
  9   (****) - 11  (****): SP3_SP3_BOND
  11  (****) - 12  (****): SP3_SP3_BOND

--------------------------------------------------------------------------------
--- PLP ligand setup summary                                                 ---
--------------------------------------------------------------------------------
    1  ****   C.3 NONPOLAR
    2  ****  C.ar NONPOLAR
    3  ****  C.ar NONPOLAR
    4  ****  C.ar NONPOLAR
    5  **** N.pl3 DONOR
    6  ****   C.2 NONPOLAR
    7  **** N.pl3 NONPOLAR
    8  ****   C.3 NONPOLAR
    9  ****   C.3 NONPOLAR
   10  ****   O.3 DONACC
   11  ****   C.3 NONPOLAR
   12  ****   N.4 DONOR
   13  ****  C.ar NONPOLAR
   14  ****  C.ar NONPOLAR
   15  ****  C.ar NONPOLAR
   16  ****   C.3 NONPOLAR


--------------------------------------------------------------------------------
--- Automatic parameter setting                                              ---
--------------------------------------------------------------------------------
  Contribution base                        :   2500
  Contribution per rotatable bond          :   6000
  Contribution per df                      :   4000
  Contribution per water                   :  10000
  Ligand rotatable bonds                   :      5
  Protein flexible side chain bonds        :      0
  Total rotatable bonds                    :      5
  Hydrophobic vol ratio (P/L)              :   2.884
  Base multiplier (polar)                  :   0.800
  Base multiplier (apolar)                 :   4.614
  Base contribution                        : 12500.000
  Fitting points                           :      4
  Estimated maxops needed (optimal)        :  43000

--------------------------------------------------------------------------------

* Population settings                                                           
  maxops                                   :  43000
  popsiz                                   :    100
  select_pressure                          :   1.100
  n_islands                                :      4
  niche_siz                                :      2

* GA settings                                                                   
  pt_crosswt                               :     95
  allele_mutatewt                          :     95
  migratewt                                :     10

* Search settings                                                               
  start_vdw_linear_cutoff                  :   4.000
  initial_virtual_pt_match_max             :   3.000

--------------------------------------------------------------------------------

* Ligand initialisation time :                                                  
  total  0.0047 user  0.0047 sys  0.0000

--------------------------------------------------------------------------------

--------------------------------------------------------------------------------
** Docking run number  1 **
--------------------------------------------------------------------------------
  Rank fitness base is 5000.00 ; increment is 11.2233

* Initialising population(s) ...                                                
Number of constraints mappings 0
Number of constraints 0
  Population no.                           :      1
  Population size                          :    100
  Number of duplicates                     :      0
  Number of niche violations               :      0
  Number of errors                         :   7376

Number of constraints mappings 0
Number of constraints 0
  Population no.                           :      2
  Population size                          :    100
  Number of duplicates                     :      0
  Number of niche violations               :      0
  Number of errors                         :   7614

Number of constraints mappings 0
Number of constraints 0
  Population no.                           :      3
  Population size                          :    100
  Number of duplicates                     :      0
  Number of niche violations               :      0
  Number of errors                         :   7585

Number of constraints mappings 0
Number of constraints 0
  Population no.                           :      4
  Population size                          :    100
  Number of duplicates                     :      0
  Number of niche violations               :      0
  Number of errors                         :   7435


Doing GA, no. of population(s) 4 size 100 selection pressure 1.100000

 Operation      Score     S(PLP)   S(hbond)     S(cho)   S(metal)  DE(clash)   DE(tors)     intcor
         0      27.93     -27.97       0.98       0.00       0.00       0.00       1.51       0.03
       462      28.77     -22.15       2.48       0.00       0.00       0.00       0.42       0.03
       633      28.98     -27.87       0.67       0.00       0.00       0.00       0.46       0.03
       878      29.51     -24.62       1.90       0.00       0.00       0.00       0.42       0.03
      1272      34.43     -32.90       1.82       0.00       0.00       0.85       1.56       0.03
      1898      37.09     -28.32       3.20       0.00       0.00       0.00       0.42       0.03
      2062      40.52     -31.34       3.31       0.00       0.00       0.29       0.24       0.03
      3625      42.63     -35.68       2.60       0.00       0.00       0.00       0.44       0.03
      5822      43.02     -29.04       4.71       0.00       0.00       0.00       0.08       0.02
      7618      44.91     -30.81       4.75       0.00       0.00       0.00       0.08       0.02
      9242      45.11     -31.01       4.75       0.00       0.00       0.00       0.08       0.02
      9858      45.79     -33.87       4.00       0.00       0.00       0.00       0.05       0.02
      9902      46.11     -32.64       4.54       0.00       0.00       0.00       0.08       0.02
     11206      46.15     -34.34       3.98       0.00       0.00       0.00       0.08       0.02
     12040      46.49     -31.78       4.94       0.00       0.00       0.00       0.07       0.02
     12118      46.53     -34.63       4.00       0.00       0.00       0.00       0.06       0.02
     12154      47.10     -32.80       4.81       0.00       0.00       0.00       0.08       0.02
     15186      47.21     -32.82       4.84       0.00       0.00       0.00       0.08       0.02
     17987      47.44     -33.07       4.83       0.00       0.00       0.00       0.07       0.02
     22005      47.87     -35.38       4.56       0.00       0.00       0.28       0.46       0.02
     22757      48.67     -35.27       4.83       0.00       0.00       0.28       0.41       0.02
     30337      48.85     -33.70       5.29       0.00       0.00       0.00       0.37       0.02
     33113      48.90     -33.70       5.31       0.00       0.00       0.00       0.37       0.02
     34365      49.23     -33.49       5.55       0.00       0.00       0.00       0.46       0.02
     35782      49.57     -35.71       5.05       0.00       0.00       0.43       0.44       0.02
     38406      49.63     -35.71       5.07       0.00       0.00       0.43       0.44       0.02
     40029      50.32     -35.12       5.37       0.00       0.00       0.00       0.46       0.02
     41316      50.37     -35.12       5.39       0.00       0.00       0.00       0.46       0.02
     41364      50.94     -35.07       5.57       0.00       0.00       0.00       0.42       0.02
     42720      50.99     -35.07       5.58       0.00       0.00       0.00       0.42       0.02
--------------------------------------------------------------------------------
Best docking solution after GA:
     43000      50.99     -35.07       5.58       0.00       0.00       0.00       0.42       0.02

#ops:      43000 #mutates:  20380 #cross:    20482 #migrate:   2138 
#dups:     10095 #niche:    27928 #errors:    1576 
--------------------------------------------------------------------------------

Doing AMOEBA simplex on best individual
Done simplexing #iterations 726, best score  52.03

Ligand is stored in gold_soln_AV-procd_m2754_1.sdf


--------------------------------------------------------------------------------
--- CHEMPLP breakdown of terms                                               ---
--------------------------------------------------------------------------------
CHEMPLP = - ( 1.0000*S(PLP) + -3.0000*S(hbond) + -6.0000*S(metal) + -3.0000*S(cho) )

Score = CHEMPLP - 1.0000*DE(clash) - 2.0000*DE(tors)

Internal energy term has been corrected with the best internal energy encountered.

--------------------------------------------------------------------------------


     Score     S(PLP)   S(hbond)     S(cho)   S(metal)  DE(clash)   DE(tors)     intcor
     52.03     -35.66       5.71       0.00       0.00       0.00       0.40       0.02

--------------------------------------------------------------------------------
--- PLP analysis of protein-ligand interactions                              ---
--------------------------------------------------------------------------------
hydrogen bonding        :      -4.00
metal                   :       0.00
buried (polar-nonpolar) :      -2.31
nonpolar                :     -29.50
repulsive               :       0.16
--------------------------------------------------------------------------------


--------------------------------------------------------------------------------
--- ChemScore analysis of protein-ligand interactions                        ---
--------------------------------------------------------------------------------

* Hydrogen bonds                                                                
Ligand donor    5 hydrogen   35 Protein acceptor 8028 bond energy  1.00 wt 2.00
Ligand donor   12 hydrogen   28 Protein acceptor 7948 bond energy  1.00 wt 0.73
Ligand donor   12 hydrogen   34 Protein acceptor 7949 bond energy  1.00 wt 1.98
Protein donor 10752 hydrogen 10765 Ligand acceptor   10 bond energy  1.00 wt 1.00


* CH..O interactions                                                            
  CH group selection                       : activated ring CH (adjacent to hetatom)

--------------------------------------------------------------------------------


--------------------------------------------------------------------------------
--- Intra-ligand clashes                                                     ---
--------------------------------------------------------------------------------

Ligand
--------------------------------------------------------------------------------

--------------------------------------------------------------------------------
--- Rescoring solution                                                       ---
--------------------------------------------------------------------------------

     Score         DG    S(hbond)    S(metal)    S(lipo)     H(rot)  DE(clash)    DE(int)
     17.16     -18.80       2.43        0.00      95.29       2.32       1.22       0.42

Doing AMOEBA simplex on best individual
Done simplexing #iterations 835, best score  19.10

     Score         DG    S(hbond)    S(metal)    S(lipo)     H(rot)  DE(clash)    DE(int)
     19.10     -19.68       2.65        0.00      96.54       2.32       0.12       0.47

--------------------------------------------------------------------------------
--- ChemScore breakdown of terms                                             ---
--------------------------------------------------------------------------------
DG = -5.4800 + -3.3400*S(hbond)
     + -6.0300*S(metal) + -0.1170*S(lipo) + 2.5600*H(rot)


H(rot) = 2.3180

Score = -(DG + DE(clash) + DE(int))


--------------------------------------------------------------------------------


--------------------------------------------------------------------------------
--- ChemScore analysis of protein-ligand interactions                        ---
--------------------------------------------------------------------------------

* Hydrogen bonds                                                                
Ligand donor    5 hydrogen   35 Protein acceptor 8028 bond energy  1.00 wt 0.95
Ligand donor   12 hydrogen   28 Protein acceptor 7948 bond energy  1.00 wt 0.32
Ligand donor   12 hydrogen   34 Protein acceptor 7949 bond energy  1.00 wt 0.55
Protein donor 10752 hydrogen 10765 Ligand acceptor   10 bond energy  1.00 wt 0.83

CHEMSCORE EXTRA INTERACTIONS:

* Clashes                                                                       
Clash for ligand atom   7 (**** ):   0.01
Clash for ligand atom   8 (**** ):   0.05
Clash for ligand atom  12 (**** ):   0.06
--------------------------------------------------------------------------------


--------------------------------------------------------------------------------
--- Chromosome decoded                                                       ---
--------------------------------------------------------------------------------
Ligand Torsions
[   9    8    7    6]  -47.88
[  10    9    8    7] -167.60
[  25   10    9    8]   92.26
[  12   11    9    8]  160.17
[  28   12   11    9]  122.21
Protein Torsions
[6907 6896 6895 6894]  -30.95 
[7974 7965 7964 7962]  134.85 
[8008 7997 7996 7995]  152.10 
[10167 10162 10161 10158] -130.66 
[10718 10713 10712 10709]  -12.83 
[10763 10752 10751 10750] -153.80 
[11005 11000 10999 10996]   77.05 
Mapping
Ligand acceptors to protein hydrogens (mapping then atom ids)
Ligand hydrogens to protein acceptors (mapping then atom ids)
  1  15 [ 35->8028]
  3   7 [ 28->7948]
  5   8 [ 34->7949]
Ligand shape atoms to protein points (mapping then atom ids & coords)
  1  9346 [  1->(152.500 144.250 159.250)]
  2  7989 [  3->(151.250 142.000 158.500)]
  3  7132 [  6->(150.250 141.500 157.000)]
  7  8770 [ 14->(152.000 141.750 159.500)]
  8  9578 [ 16->(153.000 143.000 161.000)]
Chromosome values
Integers:
  -1   14   -1    6   -1    7 9345 7988 7131   -1   -1   -1 
8769 9577 
--------------------------------------------------------------------------------

Current Ranking  1

--------------------------------------------------------------------------------

* GA execution time :                                                           
  total  0.8644 user  0.8604 sys  0.0040

--------------------------------------------------------------------------------
Fitness function evaluations: 104300

--------------------------------------------------------------------------------
** Docking run number  2 **
--------------------------------------------------------------------------------
  Rank fitness base is 5000.00 ; increment is 11.2233

* Initialising population(s) ...                                                
Number of constraints mappings 0
Number of constraints 0
  Population no.                           :      1
  Population size                          :    100
  Number of duplicates                     :      0
  Number of niche violations               :      0
  Number of errors                         :   7500

Number of constraints mappings 0
Number of constraints 0
  Population no.                           :      2
  Population size                          :    100
  Number of duplicates                     :      0
  Number of niche violations               :      0
  Number of errors                         :   7312

Number of constraints mappings 0
Number of constraints 0
  Population no.                           :      3
  Population size                          :    100
  Number of duplicates                     :      0
  Number of niche violations               :      0
  Number of errors                         :   7640

Number of constraints mappings 0
Number of constraints 0
  Population no.                           :      4
  Population size                          :    100
  Number of duplicates                     :      0
  Number of niche violations               :      0
  Number of errors                         :   7557


Doing GA, no. of population(s) 4 size 100 selection pressure 1.100000

 Operation      Score     S(PLP)   S(hbond)     S(cho)   S(metal)  DE(clash)   DE(tors)     intcor
         0      28.42     -30.33       0.07       0.00       0.00       0.00       1.07       0.02
       383      28.94     -30.37       0.14       0.00       0.00       0.00       0.93       0.02
       827      30.71     -26.09       2.00       0.00       0.00       0.00       0.70       0.02
      1234      31.73     -23.82       3.12       0.00       0.00       0.00       0.73       0.02
      1388      32.88     -27.20       2.73       0.00       0.00       0.00       1.27       0.02
      1780      32.88     -27.20       2.73       0.00       0.00       0.00       1.27       0.02
      2725      35.50     -32.79       2.00       0.00       0.00       0.85       1.23       0.02
      4063      38.36     -31.71       2.86       0.00       0.00       0.00       0.97       0.02
      4233      42.29     -29.90       4.97       0.00       0.00       0.00       1.27       0.02
      5708      43.05     -33.83       3.70       0.00       0.00       0.00       0.94       0.02
      7516      43.20     -34.13       3.56       0.00       0.00       0.00       0.81       0.02
      7849      44.27     -34.25       4.18       0.00       0.00       0.00       1.27       0.02
      8577      45.06     -35.56       4.11       0.00       0.00       0.00       1.43       0.02
      8768      45.10     -34.71       4.00       0.00       0.00       0.00       0.81       0.02
      9001      47.13     -35.80       4.74       0.00       0.00       0.00       1.44       0.02
      9109      47.96     -36.33       4.83       0.00       0.00       0.00       1.44       0.02
     12593      48.17     -36.57       4.85       0.00       0.00       0.00       1.47       0.01
     14285      48.76     -37.21       4.85       0.00       0.00       0.00       1.50       0.01
     16717      48.87     -37.50       4.82       0.00       0.00       0.00       1.54       0.01
     17721      48.88     -37.51       4.82       0.00       0.00       0.00       1.54       0.01
     18381      48.92     -37.42       4.85       0.00       0.00       0.00       1.52       0.01
     20301      49.04     -37.52       4.86       0.00       0.00       0.00       1.54       0.01
     21381      49.14     -37.58       4.88       0.00       0.00       0.00       1.54       0.01
     23236      49.15     -37.73       4.83       0.00       0.00       0.00       1.54       0.01
     24180      49.21     -37.75       4.85       0.00       0.00       0.00       1.54       0.01
     24708      49.26     -37.79       4.85       0.00       0.00       0.00       1.54       0.01
     24795      49.28     -37.51       4.95       0.00       0.00       0.00       1.54       0.01
     25271      49.37     -37.54       4.98       0.00       0.00       0.00       1.56       0.01
     26339      49.41     -37.69       4.93       0.00       0.00       0.00       1.54       0.01
     27813      49.81     -36.81       4.91       0.00       0.00       0.00       0.86       0.01
     37941      49.93     -36.92       4.91       0.00       0.00       0.00       0.86       0.01
     41372      50.02     -36.95       4.96       0.00       0.00       0.00       0.91       0.01
     42528      50.13     -37.48       4.76       0.00       0.00       0.00       0.81       0.01
     42640      50.60     -37.41       4.97       0.00       0.00       0.00       0.86       0.01
--------------------------------------------------------------------------------
Best docking solution after GA:
     43000      50.60     -37.41       4.97       0.00       0.00       0.00       0.86       0.01

#ops:      43000 #mutates:  20352 #cross:    20481 #migrate:   2167 
#dups:     15756 #niche:    26939 #errors:    1974 
--------------------------------------------------------------------------------

Doing AMOEBA simplex on best individual
Done simplexing #iterations 786, best score  56.54

Ligand is stored in gold_soln_AV-procd_m2754_2.sdf


--------------------------------------------------------------------------------
--- CHEMPLP breakdown of terms                                               ---
--------------------------------------------------------------------------------
CHEMPLP = - ( 1.0000*S(PLP) + -3.0000*S(hbond) + -6.0000*S(metal) + -3.0000*S(cho) )

Score = CHEMPLP - 1.0000*DE(clash) - 2.0000*DE(tors)

Internal energy term has been corrected with the best internal energy encountered.

--------------------------------------------------------------------------------


     Score     S(PLP)   S(hbond)     S(cho)   S(metal)  DE(clash)   DE(tors)     intcor
     56.54     -41.31       5.69       0.00       0.00       0.00       0.92       0.01

--------------------------------------------------------------------------------
--- PLP analysis of protein-ligand interactions                              ---
--------------------------------------------------------------------------------
hydrogen bonding        :      -5.00
metal                   :       0.00
buried (polar-nonpolar) :      -4.70
nonpolar                :     -31.97
repulsive               :       0.18
--------------------------------------------------------------------------------


--------------------------------------------------------------------------------
--- ChemScore analysis of protein-ligand interactions                        ---
--------------------------------------------------------------------------------

* Hydrogen bonds                                                                
Ligand donor    5 hydrogen   35 Protein acceptor 8028 bond energy  1.00 wt 2.00
Ligand donor   12 hydrogen   29 Protein acceptor 7949 bond energy  1.00 wt 1.25
Ligand donor   12 hydrogen   34 Protein acceptor 7948 bond energy  1.00 wt 1.36
Protein donor 7989 hydrogen 7998 Ligand acceptor   10 bond energy  1.00 wt 0.08
Protein donor 7997 hydrogen 8010 Ligand acceptor   10 bond energy  1.00 wt 1.00


* CH..O interactions                                                            
  CH group selection                       : activated ring CH (adjacent to hetatom)

--------------------------------------------------------------------------------


--------------------------------------------------------------------------------
--- Intra-ligand clashes                                                     ---
--------------------------------------------------------------------------------

Ligand
--------------------------------------------------------------------------------

--------------------------------------------------------------------------------
--- Rescoring solution                                                       ---
--------------------------------------------------------------------------------

     Score         DG    S(hbond)    S(metal)    S(lipo)     H(rot)  DE(clash)    DE(int)
     14.55     -16.50       1.75        0.00      94.98       2.32       0.17       1.78

Doing AMOEBA simplex on best individual
Done simplexing #iterations 740, best score  17.03

     Score         DG    S(hbond)    S(metal)    S(lipo)     H(rot)  DE(clash)    DE(int)
     17.03     -17.98       2.16        0.00      96.06       2.32       0.03       0.92

--------------------------------------------------------------------------------
--- ChemScore breakdown of terms                                             ---
--------------------------------------------------------------------------------
DG = -5.4800 + -3.3400*S(hbond)
     + -6.0300*S(metal) + -0.1170*S(lipo) + 2.5600*H(rot)


H(rot) = 2.3180

Score = -(DG + DE(clash) + DE(int))


--------------------------------------------------------------------------------


--------------------------------------------------------------------------------
--- ChemScore analysis of protein-ligand interactions                        ---
--------------------------------------------------------------------------------

* Hydrogen bonds                                                                
Ligand donor    5 hydrogen   35 Protein acceptor 8028 bond energy  1.00 wt 1.00
Ligand donor   12 hydrogen   29 Protein acceptor 7949 bond energy  1.00 wt 0.45
Ligand donor   12 hydrogen   34 Protein acceptor 7948 bond energy  1.00 wt 0.47
Protein donor 7989 hydrogen 7998 Ligand acceptor   10 bond energy  1.00 wt 0.02
Protein donor 7997 hydrogen 8010 Ligand acceptor   10 bond energy  1.00 wt 0.22

CHEMSCORE EXTRA INTERACTIONS:

* Clashes                                                                       
Clash for ligand atom  11 (**** ):   0.01
Clash for ligand atom  12 (**** ):   0.02
--------------------------------------------------------------------------------


--------------------------------------------------------------------------------
--- Chromosome decoded                                                       ---
--------------------------------------------------------------------------------
Ligand Torsions
[   9    8    7    6]   40.32
[  10    9    8    7]   54.64
[  25   10    9    8]  146.37
[  12   11    9    8] -103.57
[  28   12   11    9]   46.72
Protein Torsions
[6907 6896 6895 6894]  -50.17 
[7974 7965 7964 7962]  -64.56 
[8008 7997 7996 7995]   92.61 
[10167 10162 10161 10158]   90.32 
[10718 10713 10712 10709]   94.07 
[10763 10752 10751 10750] -119.67 
[11005 11000 10999 10996] -124.29 
Mapping
Ligand acceptors to protein hydrogens (mapping then atom ids)
Ligand hydrogens to protein acceptors (mapping then atom ids)
  1  15 [ 35->8028]
  5   7 [ 34->7948]
Ligand shape atoms to protein points (mapping then atom ids & coords)
  1  9124 [  1->(152.250 144.000 160.500)]
  2  8088 [  3->(151.250 144.250 159.000)]
  5  7726 [  9->(151.000 138.750 155.750)]
  8  9533 [ 16->(153.000 141.750 160.750)]
Chromosome values
Integers:
  -1   14   -1   -1   -1    6 9123 8087   -1   -1 7725   -1 
  -1 9532 
--------------------------------------------------------------------------------

Current Ranking  2  1

--------------------------------------------------------------------------------

* GA execution time :                                                           
  total  0.8702 user  0.8701 sys  0.0000

--------------------------------------------------------------------------------
Fitness function evaluations: 103993

--------------------------------------------------------------------------------
** Docking run number  3 **
--------------------------------------------------------------------------------
  Rank fitness base is 5000.00 ; increment is 11.2233

* Initialising population(s) ...                                                
Number of constraints mappings 0
Number of constraints 0
  Population no.                           :      1
  Population size                          :    100
  Number of duplicates                     :      0
  Number of niche violations               :      0
  Number of errors                         :   7464

Number of constraints mappings 0
Number of constraints 0
  Population no.                           :      2
  Population size                          :    100
  Number of duplicates                     :      0
  Number of niche violations               :      0
  Number of errors                         :   7724

Number of constraints mappings 0
Number of constraints 0
  Population no.                           :      3
  Population size                          :    100
  Number of duplicates                     :      0
  Number of niche violations               :      0
  Number of errors                         :   7241

Number of constraints mappings 0
Number of constraints 0
  Population no.                           :      4
  Population size                          :    100
  Number of duplicates                     :      0
  Number of niche violations               :      0
  Number of errors                         :   7356


Doing GA, no. of population(s) 4 size 100 selection pressure 1.100000

 Operation      Score     S(PLP)   S(hbond)     S(cho)   S(metal)  DE(clash)   DE(tors)     intcor
         0      28.40     -25.52       1.47       0.00       0.00       0.00       0.76       0.00
       618      29.06     -26.29       1.50       0.00       0.00       0.00       0.87       0.00
      1591      29.56     -30.23       0.00       0.00       0.00       0.00       0.33       0.00
      1810      30.23     -26.45       1.98       0.66       0.00       2.89       0.63       0.00
      2163      34.52     -27.67       1.98       0.32       0.00       0.00       0.02       0.00
      2659      35.13     -30.96       1.45       0.19       0.00       0.00       0.38       0.00
      2735      37.16     -28.97       2.94       0.00       0.00       0.00       0.32       0.00
      3983      37.19     -27.09       3.57       0.00       0.00       0.00       0.30       0.00
      4035      38.07     -31.99       2.27       0.00       0.00       0.00       0.36       0.00
      4443      39.04     -31.99       2.59       0.00       0.00       0.00       0.36       0.00
      4563      39.46     -31.07       3.04       0.00       0.00       0.00       0.36       0.00
      5591      39.70     -31.07       3.12       0.00       0.00       0.00       0.36       0.00
      5632      41.79     -36.76       2.46       0.00       0.00       0.00       1.18       0.00
      6346      41.83     -37.56       2.80       0.00       0.00       3.48       0.33       0.00
      6854      42.50     -33.70       3.74       0.00       0.00       0.11       1.15       0.00
      6967      43.42     -31.07       4.36       0.00       0.00       0.00       0.36       0.00
      7611      44.08     -33.98       3.46       0.00       0.00       0.00       0.15       0.00
      8094      44.22     -33.69       3.61       0.00       0.00       0.00       0.15       0.00
      8351      45.57     -34.69       3.72       0.00       0.00       0.00       0.15       0.00
      9659      46.32     -34.61       4.00       0.00       0.00       0.00       0.15       0.00
     14157      47.13     -35.21       4.09       0.00       0.00       0.00       0.18       0.00
     15353      47.21     -35.21       4.12       0.00       0.00       0.00       0.18       0.00
     15477      47.21     -35.23       4.11       0.00       0.00       0.00       0.18       0.00
     16353      47.42     -35.77       4.00       0.00       0.00       0.00       0.18       0.00
     16501      47.60     -35.61       4.11       0.00       0.00       0.00       0.18       0.00
     16946      48.17     -35.18       4.44       0.00       0.00       0.00       0.18       0.00
     17990      48.49     -34.98       4.62       0.00       0.00       0.00       0.18       0.00
     18658      49.03     -35.62       4.59       0.00       0.00       0.00       0.18       0.00
     21862      49.71     -35.94       4.74       0.00       0.00       0.00       0.22       0.00
     28105      49.97     -36.03       4.77       0.00       0.00       0.00       0.19       0.00
     28341      50.55     -36.03       4.97       0.00       0.00       0.00       0.19       0.00
     31797      50.65     -36.03       5.00       0.00       0.00       0.00       0.19       0.00
     37432      50.67     -36.12       4.99       0.00       0.00       0.00       0.21       0.00
--------------------------------------------------------------------------------
Best docking solution after GA:
     43000      50.67     -36.12       4.99       0.00       0.00       0.00       0.21       0.00

#ops:      43000 #mutates:  20549 #cross:    20355 #migrate:   2096 
#dups:     12026 #niche:    27144 #errors:    2054 
--------------------------------------------------------------------------------

Doing AMOEBA simplex on best individual
Done simplexing #iterations 277, best score  51.28

Ligand is stored in gold_soln_AV-procd_m2754_3.sdf


--------------------------------------------------------------------------------
--- CHEMPLP breakdown of terms                                               ---
--------------------------------------------------------------------------------
CHEMPLP = - ( 1.0000*S(PLP) + -3.0000*S(hbond) + -6.0000*S(metal) + -3.0000*S(cho) )

Score = CHEMPLP - 1.0000*DE(clash) - 2.0000*DE(tors)

Internal energy term has been corrected with the best internal energy encountered.

--------------------------------------------------------------------------------


     Score     S(PLP)   S(hbond)     S(cho)   S(metal)  DE(clash)   DE(tors)     intcor
     51.28     -36.56       4.99       0.00       0.00       0.00       0.13       0.00

--------------------------------------------------------------------------------
--- PLP analysis of protein-ligand interactions                              ---
--------------------------------------------------------------------------------
hydrogen bonding        :      -3.00
metal                   :       0.00
buried (polar-nonpolar) :      -4.32
nonpolar                :     -28.87
repulsive               :       0.08
--------------------------------------------------------------------------------


--------------------------------------------------------------------------------
--- ChemScore analysis of protein-ligand interactions                        ---
--------------------------------------------------------------------------------

* Hydrogen bonds                                                                
Ligand donor    5 hydrogen   35 Protein acceptor 8028 bond energy  1.00 wt 2.00
Ligand donor   12 hydrogen   28 Protein acceptor 7948 bond energy  1.00 wt 2.00
Protein donor 10752 hydrogen 10765 Ligand acceptor   10 bond energy  1.00 wt 0.99


* CH..O interactions                                                            
  CH group selection                       : activated ring CH (adjacent to hetatom)

--------------------------------------------------------------------------------


--------------------------------------------------------------------------------
--- Intra-ligand clashes                                                     ---
--------------------------------------------------------------------------------

Ligand
--------------------------------------------------------------------------------

--------------------------------------------------------------------------------
--- Rescoring solution                                                       ---
--------------------------------------------------------------------------------

     Score         DG    S(hbond)    S(metal)    S(lipo)     H(rot)  DE(clash)    DE(int)
     17.34     -18.21       2.27        0.00      94.73       2.32       0.65       0.21

Doing AMOEBA simplex on best individual
Done simplexing #iterations 676, best score  19.22

     Score         DG    S(hbond)    S(metal)    S(lipo)     H(rot)  DE(clash)    DE(int)
     19.22     -19.63       2.67        0.00      95.44       2.32       0.17       0.23

--------------------------------------------------------------------------------
--- ChemScore breakdown of terms                                             ---
--------------------------------------------------------------------------------
DG = -5.4800 + -3.3400*S(hbond)
     + -6.0300*S(metal) + -0.1170*S(lipo) + 2.5600*H(rot)


H(rot) = 2.3180

Score = -(DG + DE(clash) + DE(int))


--------------------------------------------------------------------------------


--------------------------------------------------------------------------------
--- ChemScore analysis of protein-ligand interactions                        ---
--------------------------------------------------------------------------------

* Hydrogen bonds                                                                
Ligand donor    5 hydrogen   35 Protein acceptor 8028 bond energy  1.00 wt 0.99
Ligand donor   12 hydrogen   28 Protein acceptor 7948 bond energy  1.00 wt 0.99
Protein donor 10752 hydrogen 10765 Ligand acceptor   10 bond energy  1.00 wt 0.69

CHEMSCORE EXTRA INTERACTIONS:

* Clashes                                                                       
Clash for ligand atom   6 (**** ):   0.12
Clash for ligand atom  13 (**** ):   0.05
--------------------------------------------------------------------------------


--------------------------------------------------------------------------------
--- Chromosome decoded                                                       ---
--------------------------------------------------------------------------------
Ligand Torsions
[   9    8    7    6]  -52.96
[  10    9    8    7] -170.80
[  25   10    9    8]  100.92
[  12   11    9    8] -170.27
[  28   12   11    9] -129.08
Protein Torsions
[6907 6896 6895 6894]   84.27 
[7974 7965 7964 7962]  -89.11 
[8008 7997 7996 7995]  -54.04 
[10167 10162 10161 10158]   38.26 
[10718 10713 10712 10709]   47.29 
[10763 10752 10751 10750]  176.15 
[11005 11000 10999 10996]  119.83 
Mapping
Ligand acceptors to protein hydrogens (mapping then atom ids)
Ligand hydrogens to protein acceptors (mapping then atom ids)
  1  15 [ 35->8028]
  3   7 [ 28->7948]
Ligand shape atoms to protein points (mapping then atom ids & coords)
  1  9596 [  1->(153.000 143.250 161.500)]
  2  7517 [  3->(150.750 142.500 158.000)]
  8  9655 [ 16->(153.250 142.500 160.750)]
Chromosome values
Integers:
  -1   14   -1    6   -1   -1 9595 7516   -1   -1   -1   -1 
  -1 9654 
--------------------------------------------------------------------------------

Current Ranking  2  1  3

Top  3 (of  3) solutions are within 1.500 RMSD, finishing docking /DATA2/COVID-19/PDBs_&_Models/AV-procd.sdf.


--------------------------------------------------------------------------------

* GA execution time :                                                           
  total  0.8406 user  0.8406 sys  0.0000

--------------------------------------------------------------------------------
Fitness function evaluations: 102386

--------------------------------------------------------------------------------
--- Ranking analysis                                                         ---
--------------------------------------------------------------------------------


* Final ranked order of GA solutions:                                           
   2  1  3 

  _______________________________
  RMSD Matrix of RANKED solutions

        2    3  

   1 :  0.9  1.2
   2 :       0.7

  Clustering method                        : complete linkage
  Structure ids in cluster table           : rank nos.
  Ordering of clusters and their members   : by rank (order if from rms_analysis)

  Distance | Clusters
   0.68    |  1 |  2  3 |
   1.17    |  1  2  3 |
  Finished Docking Ligand                  : /DATA2/COVID-19/PDBs_&_Models/AV-procd.sdf
--------------------------------------------------------------------------------

  Relative_Ligand_Energy (best encountered) :   0.003
  Relative_Ligand_Energy: fitness values have been corrected using this amount
