# WARNING: atom    6 in /DATA2/COVID-19/PDBs_&_Models/AV-procd.sdf is deduced as an acidic nitrogen

--------------------------------------------------------------------------------
--- Ligand                                                                   ---
--------------------------------------------------------------------------------
  Ligand loaded from file                  : /DATA2/COVID-19/PDBs_&_Models/AV-procd.sdf
  Ligand name                              :  
  "AV-unprocessed.smi:2456                                                  "

--------------------------------------------------------------------------------
  N.plc donors                             : 
  none found

  Acidic nitrogen acceptors                : 

  6    
  Sulfur acceptors                         :
  11 : (thiol or thioether)    (S)  

  Donor atoms                              :      1
  3   
  Acceptor atoms                           :      4
  5   6   8   13  

  Hydrogens                                :  (n = 1)
  23   

  Lone pairs added to molecule             :      6
  Numbering                                : from 34 to 39
  Choline groups                           : 
   

--------------------------------------------------------------------------------
--- Postprocessing of typing                                                 ---
--------------------------------------------------------------------------------
  Fragment file                            : /home/scv26/CCDC/Discovery_2020/GOLD/gold/rotatable_bond_override.mol2
  acylurea fragment                        : no matches
  thioacylthiourea fragment                : no matches
  acylthiourea fragment                    : no matches
  thioacylurea fragment                    : no matches
  diarylamine fragment >C.ar-NH-C.ar<      : no matches
  sec-amine (1) fragment                   : no matches
  sec-amine (2) fragment                   : no matches
  sec-amine (3) fragment                   : no matches
  carboxylic ester                         : no matches

* Rotatable bonds in /DATA2/COVID-19/PDBs  :
  [   2    3] [   2   12] [   4    6] [   6    7] 
  [  12   14 (flip) ]     
  No. of rotatable bonds                   :      5


* Fragments found in /DATA2/COVID-19/PDBs  :


* Checking torsion distributions:                                               
  No. of matched torsions                  :      0

--------------------------------------------------------------------------------
--- Shape fitting atoms selection (hydrophobic atoms)                        ---
--------------------------------------------------------------------------------
  Molecule                                 : /DATA2/COVID-19/PDBs_&_Models/AV-procd.sdf
  Selection                                : carbons only
  Atom numbers                             :  (n = 8)
  1    2    9    10   15   16   17   18   


--------------------------------------------------------------------------------
--- ChemScore ligand setup summary                                           ---
--------------------------------------------------------------------------------
  ChemScore ligand acceptors               :      4
  5 6 [-] 8 13 
  ChemScore ligand donors                  :      1
  3 ( 23  ) 
  ChemScore ligand CH donors               :      2
  9 ( 24 ) 10 ( 25 ) 

  ChemScore ligand lipophilic atoms        :  (n = 9)
  1    2    9    10   11   15   16   17   18   

  ChemScore ligand rotatable bonds         :      5
  2   (****) - 3   (****): SP3_SP2_BOND
  2   (****) - 12  (****): SP3_SP2_BOND
  4   (****) - 6   (****): SP2_SP2_BOND
  6   (****) - 7   (****): SP2_SP2_BOND
  12  (****) - 14  (****): SP2_SP2_BOND

--------------------------------------------------------------------------------
--- PLP ligand setup summary                                                 ---
--------------------------------------------------------------------------------
    1  ****   C.3 NONPOLAR
    2  ****   C.3 NONPOLAR
    3  ****  N.am DONOR
    4  ****   C.2 NONPOLAR
    5  ****   O.2 ACCEPTOR
    6  **** N.pl3 ACCEPTOR
    7  ****   C.2 NONPOLAR
    8  ****   N.2 ACCEPTOR
    9  ****   C.2 NONPOLAR
   10  ****   C.2 NONPOLAR
   11  ****   S.3 NONPOLAR
   12  ****   C.2 NONPOLAR
   13  ****   O.2 ACCEPTOR
   14  ****  N.am NONPOLAR
   15  ****   C.3 NONPOLAR
   16  ****   C.3 NONPOLAR
   17  ****   C.3 NONPOLAR
   18  ****   C.3 NONPOLAR


--------------------------------------------------------------------------------
--- Automatic parameter setting                                              ---
--------------------------------------------------------------------------------
  Contribution base                        :   2500
  Contribution per rotatable bond          :   6000
  Contribution per df                      :   4000
  Contribution per water                   :  10000
  Ligand rotatable bonds                   :      5
  Protein flexible side chain bonds        :      0
  Total rotatable bonds                    :      5
  Hydrophobic vol ratio (P/L)              :   2.884
  Base multiplier (polar)                  :   1.000
  Base multiplier (apolar)                 :   4.614
  Base contribution                        : 12500.000
  Fitting points                           :      5
  Estimated maxops needed (optimal)        :  43000

--------------------------------------------------------------------------------

* Population settings                                                           
  maxops                                   :  43000
  popsiz                                   :    100
  select_pressure                          :   1.100
  n_islands                                :      4
  niche_siz                                :      2

* GA settings                                                                   
  pt_crosswt                               :     95
  allele_mutatewt                          :     95
  migratewt                                :     10

* Search settings                                                               
  start_vdw_linear_cutoff                  :   4.000
  initial_virtual_pt_match_max             :   3.000

--------------------------------------------------------------------------------

* Ligand initialisation time :                                                  
  total  0.0062 user  0.0062 sys  0.0000

--------------------------------------------------------------------------------

--------------------------------------------------------------------------------
** Docking run number  1 **
--------------------------------------------------------------------------------
  Rank fitness base is 5000.00 ; increment is 11.2233

* Initialising population(s) ...                                                
Number of constraints mappings 0
Number of constraints 0
  Population no.                           :      1
  Population size                          :    100
  Number of duplicates                     :      0
  Number of niche violations               :      0
  Number of errors                         :   8119

Number of constraints mappings 0
Number of constraints 0
  Population no.                           :      2
  Population size                          :    100
  Number of duplicates                     :      0
  Number of niche violations               :      0
  Number of errors                         :   7810

Number of constraints mappings 0
Number of constraints 0
  Population no.                           :      3
  Population size                          :    100
  Number of duplicates                     :      0
  Number of niche violations               :      0
  Number of errors                         :   7267

Number of constraints mappings 0
Number of constraints 0
  Population no.                           :      4
  Population size                          :    100
  Number of duplicates                     :      0
  Number of niche violations               :      0
  Number of errors                         :   7575


Doing GA, no. of population(s) 4 size 100 selection pressure 1.100000

 Operation      Score     S(PLP)   S(hbond)     S(cho)   S(metal)  DE(clash)   DE(tors)     intcor
         0      17.66     -18.32       0.00       0.00       0.00       0.00       0.44       0.14
       463      18.02     -18.85       0.00       0.00       0.00       0.00       0.49       0.14
      1013      24.30     -20.31       2.16       0.00       0.00       0.00       1.32       0.14
      5541      28.52     -26.99       1.39       0.00       0.00       0.00       1.39       0.14
      6121      28.69     -25.12       2.00       0.00       0.00       0.00       1.28       0.14
      7230      28.76     -30.26       0.91       0.00       0.00       2.26       1.06       0.14
      7238      29.98     -29.42       0.96       0.00       0.00       0.37       1.05       0.14
      7274      30.12     -29.63       0.86       0.00       0.00       0.14       1.05       0.14
      8085      33.62     -28.12       2.51       0.00       0.00       0.00       1.09       0.14
      9945      33.73     -28.30       2.49       0.00       0.00       0.00       1.09       0.14
     10739      34.48     -28.99       0.81       1.25       0.00       0.00       0.42       0.14
     17373      34.71     -28.89       2.59       0.00       0.00       0.00       1.03       0.11
     21437      34.84     -29.30       2.60       0.00       0.00       0.27       1.06       0.11
     23060      34.85     -35.00       0.47       0.00       0.00       0.00       0.83       0.11
     23114      34.85     -30.37       2.25       0.00       0.00       0.00       1.19       0.11
     24097      35.89     -34.28       1.00       0.00       0.00       0.00       0.75       0.11
     26637      36.96     -34.15       1.00       0.40       0.00       0.00       0.75       0.11
     27954      37.17     -34.33       1.00       0.38       0.00       0.00       0.70       0.11
     28366      37.56     -35.84       1.00       0.00       0.00       0.00       0.69       0.11
     29057      37.58     -34.70       1.00       0.42       0.00       0.00       0.74       0.11
     29789      37.80     -33.52       1.00       0.89       0.00       0.00       0.75       0.11
     30207      37.89     -35.07       1.00       0.38       0.00       0.00       0.72       0.11
     30966      37.89     -34.90       1.00       0.43       0.00       0.00       0.70       0.11
     31657      37.95     -33.43       1.00       0.99       0.00       0.00       0.78       0.11
     32041      38.07     -33.36       1.00       1.00       0.00       0.00       0.70       0.11
     33404      38.10     -35.09       1.00       0.44       0.00       0.00       0.70       0.11
     34949      38.41     -33.78       1.00       1.00       0.00       0.00       0.73       0.08
     38210      38.53     -34.01       1.00       0.96       0.00       0.00       0.72       0.05
     41354      38.92     -34.32       1.00       1.00       0.00       0.00       0.73       0.05
     42362      39.01     -34.54       1.00       0.95       0.00       0.00       0.72       0.05
--------------------------------------------------------------------------------
Best docking solution after GA:
     43000      39.01     -34.54       1.00       0.95       0.00       0.00       0.72       0.05

#ops:      43000 #mutates:  20603 #cross:    20282 #migrate:   2115 
#dups:      9207 #niche:    20810 #errors:    2688 
--------------------------------------------------------------------------------

Doing AMOEBA simplex on best individual
Done simplexing #iterations 752, best score  41.90

Ligand is stored in gold_soln_AV-procd_m9703_1.sdf


--------------------------------------------------------------------------------
--- CHEMPLP breakdown of terms                                               ---
--------------------------------------------------------------------------------
CHEMPLP = - ( 1.0000*S(PLP) + -3.0000*S(hbond) + -6.0000*S(metal) + -3.0000*S(cho) )

Score = CHEMPLP - 1.0000*DE(clash) - 2.0000*DE(tors)

Internal energy term has been corrected with the best internal energy encountered.

--------------------------------------------------------------------------------


     Score     S(PLP)   S(hbond)     S(cho)   S(metal)  DE(clash)   DE(tors)     intcor
     41.90     -37.39       1.00       1.00       0.00       0.00       0.77       0.05

--------------------------------------------------------------------------------
--- PLP analysis of protein-ligand interactions                              ---
--------------------------------------------------------------------------------
hydrogen bonding        :      -1.00
metal                   :       0.00
buried (polar-nonpolar) :      -5.12
nonpolar                :     -31.85
repulsive               :       0.52
--------------------------------------------------------------------------------


--------------------------------------------------------------------------------
--- ChemScore analysis of protein-ligand interactions                        ---
--------------------------------------------------------------------------------

* Hydrogen bonds                                                                
Ligand donor    3 hydrogen   23 Protein acceptor 8028 bond energy  1.00 wt 1.00


* CH..O interactions                                                            
  CH group selection                       : activated ring CH (adjacent to hetatom)
Ligand carbon   10 hydrogen   25 Protein acceptor 10174 bond energy  1.00 wt 1.00

--------------------------------------------------------------------------------


--------------------------------------------------------------------------------
--- Intra-ligand clashes                                                     ---
--------------------------------------------------------------------------------

Ligand
--------------------------------------------------------------------------------

--------------------------------------------------------------------------------
--- Rescoring solution                                                       ---
--------------------------------------------------------------------------------

     Score         DG    S(hbond)    S(metal)    S(lipo)     H(rot)  DE(clash)    DE(int)
      8.56     -14.07       1.00        0.00      73.94       1.33       0.67       4.83

Doing AMOEBA simplex on best individual
Done simplexing #iterations 789, best score  12.65

     Score         DG    S(hbond)    S(metal)    S(lipo)     H(rot)  DE(clash)    DE(int)
     12.65     -15.03       1.00        0.00      82.19       1.33       0.07       2.30

--------------------------------------------------------------------------------
--- ChemScore breakdown of terms                                             ---
--------------------------------------------------------------------------------
DG = -5.4800 + -3.3400*S(hbond)
     + -6.0300*S(metal) + -0.1170*S(lipo) + 2.5600*H(rot)


H(rot) = 1.3288

Score = -(DG + DE(clash) + DE(int))


--------------------------------------------------------------------------------


--------------------------------------------------------------------------------
--- ChemScore analysis of protein-ligand interactions                        ---
--------------------------------------------------------------------------------

* Hydrogen bonds                                                                
Ligand donor    3 hydrogen   23 Protein acceptor 8028 bond energy  1.00 wt 1.00

CHEMSCORE EXTRA INTERACTIONS:

* Clashes                                                                       
Clash for ligand atom   9 (**** ):   0.04
Clash for ligand atom  10 (**** ):   0.01
Clash for ligand atom  17 (**** ):   0.01
--------------------------------------------------------------------------------


--------------------------------------------------------------------------------
--- Chromosome decoded                                                       ---
--------------------------------------------------------------------------------
Ligand Torsions
[   4    3    2    1]   52.79
[  13   12    2    1]   -4.83
[   7    6    4    3]   68.01
[  11    7    6    4]  176.69
[  18   14   12    2]  179.39
Protein Torsions
[6907 6896 6895 6894]  -13.27 
[7974 7965 7964 7962]  169.61 
[8008 7997 7996 7995]   31.06 
[10167 10162 10161 10158]  177.00 
[10718 10713 10712 10709] -153.19 
[10763 10752 10751 10750]   99.84 
[11005 11000 10999 10996]   72.03 
Mapping
Ligand acceptors to protein hydrogens (mapping then atom ids)
Ligand hydrogens to protein acceptors (mapping then atom ids)
  1  15 [ 23->8028]
Ligand shape atoms to protein points (mapping then atom ids & coords)
  6  8936 [ 16->(152.000 145.000 159.500)]
  7  9297 [ 17->(152.500 143.500 161.500)]
  8  9004 [ 18->(152.250 141.500 159.000)]
Chromosome values
Integers:
  -1   -1   -1   -1   14   -1   -1   -1   -1   -1 8935 9296 
9003 
--------------------------------------------------------------------------------

Current Ranking  1

--------------------------------------------------------------------------------

* GA execution time :                                                           
  total  0.8469 user  0.8429 sys  0.0040

--------------------------------------------------------------------------------
Fitness function evaluations: 104526

--------------------------------------------------------------------------------
** Docking run number  2 **
--------------------------------------------------------------------------------
  Rank fitness base is 5000.00 ; increment is 11.2233

* Initialising population(s) ...                                                
Number of constraints mappings 0
Number of constraints 0
  Population no.                           :      1
  Population size                          :    100
  Number of duplicates                     :      0
  Number of niche violations               :      0
  Number of errors                         :   7565

Number of constraints mappings 0
Number of constraints 0
  Population no.                           :      2
  Population size                          :    100
  Number of duplicates                     :      0
  Number of niche violations               :      0
  Number of errors                         :   7507

Number of constraints mappings 0
Number of constraints 0
  Population no.                           :      3
  Population size                          :    100
  Number of duplicates                     :      0
  Number of niche violations               :      0
  Number of errors                         :   7687

Number of constraints mappings 0
Number of constraints 0
  Population no.                           :      4
  Population size                          :    100
  Number of duplicates                     :      0
  Number of niche violations               :      0
  Number of errors                         :   7844


Doing GA, no. of population(s) 4 size 100 selection pressure 1.100000

 Operation      Score     S(PLP)   S(hbond)     S(cho)   S(metal)  DE(clash)   DE(tors)     intcor
         0      14.34     -16.81       0.00       0.01       0.00       0.00       1.27       0.05
       298      16.39     -17.54       0.01       0.49       0.00       0.00       1.34       0.05
       749      18.73     -21.80       0.00       0.00       0.00       0.00       1.56       0.05
      2053      19.88     -22.54       0.00       0.00       0.00       0.00       1.36       0.05
      2207      20.04     -17.67       2.00       0.00       0.00       0.00       1.84       0.05
      2479      20.16     -17.69       2.00       0.00       0.00       0.00       1.79       0.05
      2829      21.87     -19.75       1.52       0.00       0.00       0.56       0.97       0.05
      3851      23.71     -21.42       1.00       1.00       0.00       0.00       1.88       0.05
      6041      24.02     -21.49       1.56       0.00       0.00       0.56       0.82       0.05
      6458      24.41     -21.01       1.88       0.00       0.00       0.00       1.14       0.05
      6974      29.46     -25.17       1.92       0.00       0.00       0.00       0.76       0.05
      7774      32.04     -30.18       1.66       0.00       0.00       0.00       1.59       0.05
      7838      33.78     -28.42       2.15       0.00       0.00       0.00       0.57       0.05
      9715      34.35     -30.29       1.84       0.00       0.00       0.00       0.75       0.05
     10167      35.51     -29.36       2.78       0.00       0.00       0.00       1.12       0.05
     13419      37.59     -30.32       3.15       0.00       0.00       0.00       1.12       0.05
     15907      37.78     -30.33       3.20       0.00       0.00       0.00       1.10       0.05
     17107      38.25     -29.44       3.58       0.00       0.00       0.00       0.98       0.05
     17567      38.63     -31.06       3.25       0.00       0.00       0.00       1.12       0.05
     17896      39.39     -33.33       3.10       0.00       0.00       0.00       1.65       0.05
     18539      39.74     -32.73       3.32       0.00       0.00       0.00       1.50       0.05
     21786      40.48     -33.09       3.27       0.00       0.00       0.00       1.22       0.02
     22019      40.90     -33.90       3.18       0.00       0.00       0.00       1.28       0.02
     22726      41.52     -32.88       3.70       0.00       0.00       0.00       1.25       0.02
     25476      42.25     -34.14       3.44       0.00       0.00       0.00       1.11       0.02
     26152      42.30     -34.27       3.36       0.00       0.00       0.00       1.03       0.02
     27059      42.31     -34.31       3.37       0.00       0.00       0.00       1.06       0.02
     28103      42.95     -30.21       4.44       0.00       0.00       0.00       0.30       0.02
     29319      43.48     -30.57       4.49       0.00       0.00       0.00       0.28       0.02
     33323      43.51     -30.59       4.49       0.00       0.00       0.00       0.28       0.02
     33643      43.69     -30.82       4.48       0.00       0.00       0.00       0.30       0.02
     34143      43.85     -30.98       4.48       0.00       0.00       0.00       0.30       0.02
     34960      43.90     -31.07       4.48       0.00       0.00       0.00       0.31       0.02
     36411      44.47     -31.79       4.43       0.00       0.00       0.00       0.31       0.02
     37247      44.86     -32.66       4.34       0.00       0.00       0.00       0.42       0.02
     37559      45.40     -33.19       4.35       0.00       0.00       0.00       0.44       0.02
     40008      45.54     -33.38       4.33       0.00       0.00       0.00       0.42       0.02
     40174      45.66     -33.56       4.31       0.00       0.00       0.00       0.42       0.02
     41140      45.84     -33.68       4.23       0.00       0.00       0.00       0.28       0.02
     41396      46.08     -33.52       4.37       0.00       0.00       0.00       0.28       0.02
--------------------------------------------------------------------------------
Best docking solution after GA:
     43000      46.08     -33.52       4.37       0.00       0.00       0.00       0.28       0.02

#ops:      43000 #mutates:  20358 #cross:    20380 #migrate:   2262 
#dups:      9752 #niche:    20263 #errors:    2682 
--------------------------------------------------------------------------------

Doing AMOEBA simplex on best individual
Done simplexing #iterations 485, best score  46.60

Ligand is stored in gold_soln_AV-procd_m9703_2.sdf


--------------------------------------------------------------------------------
--- CHEMPLP breakdown of terms                                               ---
--------------------------------------------------------------------------------
CHEMPLP = - ( 1.0000*S(PLP) + -3.0000*S(hbond) + -6.0000*S(metal) + -3.0000*S(cho) )

Score = CHEMPLP - 1.0000*DE(clash) - 2.0000*DE(tors)

Internal energy term has been corrected with the best internal energy encountered.

--------------------------------------------------------------------------------


     Score     S(PLP)   S(hbond)     S(cho)   S(metal)  DE(clash)   DE(tors)     intcor
     46.60     -33.98       4.38       0.00       0.00       0.00       0.27       0.02

--------------------------------------------------------------------------------
--- PLP analysis of protein-ligand interactions                              ---
--------------------------------------------------------------------------------
hydrogen bonding        :      -5.08
metal                   :       0.00
buried (polar-nonpolar) :      -3.26
nonpolar                :     -25.80
repulsive               :       0.10
--------------------------------------------------------------------------------


--------------------------------------------------------------------------------
--- ChemScore analysis of protein-ligand interactions                        ---
--------------------------------------------------------------------------------

* Hydrogen bonds                                                                
Protein donor 6896 hydrogen 6907 Ligand acceptor    6 bond energy  1.00 wt 2.00
Protein donor 6931 hydrogen 6943 Ligand acceptor    8 bond energy  1.00 wt 0.98
Protein donor 6934 hydrogen 6947 Ligand acceptor    8 bond energy  1.00 wt 0.40
Protein donor 7997 hydrogen 8010 Ligand acceptor   13 bond energy  1.00 wt 1.00


* CH..O interactions                                                            
  CH group selection                       : activated ring CH (adjacent to hetatom)

--------------------------------------------------------------------------------


--------------------------------------------------------------------------------
--- Intra-ligand clashes                                                     ---
--------------------------------------------------------------------------------

Ligand
--------------------------------------------------------------------------------

--------------------------------------------------------------------------------
--- Rescoring solution                                                       ---
--------------------------------------------------------------------------------

     Score         DG    S(hbond)    S(metal)    S(lipo)     H(rot)  DE(clash)    DE(int)
     14.32     -16.20       1.70        0.00      72.15       1.33       0.13       1.74

Doing AMOEBA simplex on best individual
Done simplexing #iterations 750, best score  17.04

     Score         DG    S(hbond)    S(metal)    S(lipo)     H(rot)  DE(clash)    DE(int)
     17.04     -18.95       2.58        0.00      70.68       1.33       0.04       1.87

--------------------------------------------------------------------------------
--- ChemScore breakdown of terms                                             ---
--------------------------------------------------------------------------------
DG = -5.4800 + -3.3400*S(hbond)
     + -6.0300*S(metal) + -0.1170*S(lipo) + 2.5600*H(rot)


H(rot) = 1.3288

Score = -(DG + DE(clash) + DE(int))


--------------------------------------------------------------------------------


--------------------------------------------------------------------------------
--- ChemScore analysis of protein-ligand interactions                        ---
--------------------------------------------------------------------------------

* Hydrogen bonds                                                                
Protein donor 6896 hydrogen 6907 Ligand acceptor    6 bond energy  1.00 wt 0.82
Protein donor 6931 hydrogen 6943 Ligand acceptor    8 bond energy  1.00 wt 0.75
Protein donor 6934 hydrogen 6947 Ligand acceptor    8 bond energy  1.00 wt 0.12
Protein donor 7997 hydrogen 8010 Ligand acceptor   13 bond energy  1.00 wt 0.89

CHEMSCORE EXTRA INTERACTIONS:

* Clashes                                                                       
Clash for ligand atom   5 (**** ):   0.03
Clash for ligand atom   7 (**** ):   0.01
--------------------------------------------------------------------------------


--------------------------------------------------------------------------------
--- Chromosome decoded                                                       ---
--------------------------------------------------------------------------------
Ligand Torsions
[   4    3    2    1] -116.24
[  13   12    2    1]  -56.67
[   7    6    4    3]  158.93
[  11    7    6    4]  153.92
[  18   14   12    2]  179.39
Protein Torsions
[6907 6896 6895 6894]  -41.09 
[7974 7965 7964 7962]   78.04 
[8008 7997 7996 7995]    6.00 
[10167 10162 10161 10158]  129.81 
[10718 10713 10712 10709]   27.54 
[10763 10752 10751 10750]   92.61 
[11005 11000 10999 10996]   10.03 
Mapping
Ligand acceptors to protein hydrogens (mapping then atom ids)
  2   3 [  6->6907]
  4  21 [ 13->8010]
Ligand hydrogens to protein acceptors (mapping then atom ids)
Ligand shape atoms to protein points (mapping then atom ids & coords)
  1  7723 [  1->(151.000 138.500 155.250)]
  5  7761 [ 15->(151.000 142.750 158.750)]
  6  9064 [ 16->(152.250 143.250 159.750)]
  7  9653 [ 17->(153.250 142.500 160.250)]
  8  9629 [ 18->(153.250 141.500 160.250)]
Chromosome values
Integers:
  -1    2   -1   20   -1 7722   -1   -1   -1 7760 9063 9652 
9628 
--------------------------------------------------------------------------------

Current Ranking  2  1

--------------------------------------------------------------------------------

* GA execution time :                                                           
  total  0.8437 user  0.8437 sys  0.0000

--------------------------------------------------------------------------------
Fitness function evaluations: 104632

--------------------------------------------------------------------------------
** Docking run number  3 **
--------------------------------------------------------------------------------
  Rank fitness base is 5000.00 ; increment is 11.2233

* Initialising population(s) ...                                                
Number of constraints mappings 0
Number of constraints 0
  Population no.                           :      1
  Population size                          :    100
  Number of duplicates                     :      0
  Number of niche violations               :      0
  Number of errors                         :   7731

Number of constraints mappings 0
Number of constraints 0
  Population no.                           :      2
  Population size                          :    100
  Number of duplicates                     :      0
  Number of niche violations               :      0
  Number of errors                         :   7203

Number of constraints mappings 0
Number of constraints 0
  Population no.                           :      3
  Population size                          :    100
  Number of duplicates                     :      0
  Number of niche violations               :      0
  Number of errors                         :   7556

Number of constraints mappings 0
Number of constraints 0
  Population no.                           :      4
  Population size                          :    100
  Number of duplicates                     :      0
  Number of niche violations               :      0
  Number of errors                         :   7620


Doing GA, no. of population(s) 4 size 100 selection pressure 1.100000

 Operation      Score     S(PLP)   S(hbond)     S(cho)   S(metal)  DE(clash)   DE(tors)     intcor
         0      17.40     -12.40       2.29       0.00       0.00       0.00       0.94       0.02
      1383      17.45     -19.73       0.00       0.00       0.00       0.00       1.15       0.02
      1769      22.32     -18.11       1.85       0.00       0.00       0.00       0.67       0.02
      2787      25.26     -27.20       0.11       0.00       0.00       0.00       1.15       0.02
      3035      26.77     -27.20       0.62       0.00       0.00       0.00       1.15       0.02
      3471      27.01     -27.20       0.70       0.00       0.00       0.00       1.15       0.02
      5045      27.11     -26.82       1.34       0.00       0.00       1.77       0.98       0.02
      5077      27.23     -22.47       2.00       0.00       0.00       0.00       0.63       0.02
      5509      29.24     -23.83       2.00       0.00       0.00       0.00       0.30       0.02
      7397      29.27     -30.69       0.30       0.00       0.00       0.00       1.18       0.02
      7685      29.33     -29.97       0.56       0.00       0.00       0.00       1.18       0.02
      7837      29.42     -29.97       0.60       0.00       0.00       0.00       1.18       0.02
      8622      29.47     -24.06       2.00       0.00       0.00       0.00       0.30       0.02
      8916      30.19     -29.42       0.40       0.00       0.00       0.00       0.21       0.02
     10164      31.10     -28.95       1.48       0.00       0.00       0.00       1.15       0.02
     13714      31.49     -28.95       1.61       0.00       0.00       0.00       1.15       0.02
     14996      32.13     -28.92       1.65       0.00       0.00       0.00       0.88       0.02
     15824      32.60     -29.17       1.63       0.00       0.00       0.00       0.75       0.02
     17532      32.75     -27.34       2.00       0.00       0.00       0.00       0.30       0.02
     17870      34.23     -29.87       2.00       0.00       0.00       0.00       0.83       0.02
     25473      36.30     -32.14       2.00       0.00       0.00       0.00       0.93       0.02
     27969      36.57     -32.49       2.00       0.00       0.00       0.00       0.97       0.02
     31073      36.63     -32.68       1.90       0.00       0.00       0.00       0.88       0.02
     32427      36.92     -32.69       1.54       0.00       0.00       0.00       0.21       0.02
     34108      38.68     -36.25       1.32       0.00       0.00       0.00       0.78       0.02
     36910      39.05     -36.72       1.32       0.00       0.00       0.00       0.83       0.02
     40419      39.28     -32.63       2.33       0.00       0.00       0.00       0.19       0.02
     41811      39.33     -32.63       2.35       0.00       0.00       0.00       0.19       0.02
     42614      39.69     -32.91       2.38       0.00       0.00       0.00       0.19       0.02
     42739      40.06     -32.72       2.57       0.00       0.00       0.00       0.19       0.02
--------------------------------------------------------------------------------
Best docking solution after GA:
     43000      40.06     -32.72       2.57       0.00       0.00       0.00       0.19       0.02

#ops:      43000 #mutates:  20506 #cross:    20299 #migrate:   2195 
#dups:      7969 #niche:    19486 #errors:    2750 
--------------------------------------------------------------------------------

Doing AMOEBA simplex on best individual
Done simplexing #iterations 863, best score  46.63

Ligand is stored in gold_soln_AV-procd_m9703_3.sdf


--------------------------------------------------------------------------------
--- CHEMPLP breakdown of terms                                               ---
--------------------------------------------------------------------------------
CHEMPLP = - ( 1.0000*S(PLP) + -3.0000*S(hbond) + -6.0000*S(metal) + -3.0000*S(cho) )

Score = CHEMPLP - 1.0000*DE(clash) - 2.0000*DE(tors)

Internal energy term has been corrected with the best internal energy encountered.

--------------------------------------------------------------------------------


     Score     S(PLP)   S(hbond)     S(cho)   S(metal)  DE(clash)   DE(tors)     intcor
     46.63     -33.32       4.57       0.00       0.00       0.00       0.21       0.02

--------------------------------------------------------------------------------
--- PLP analysis of protein-ligand interactions                              ---
--------------------------------------------------------------------------------
hydrogen bonding        :      -5.36
metal                   :       0.00
buried (polar-nonpolar) :      -3.68
nonpolar                :     -24.65
repulsive               :       0.10
--------------------------------------------------------------------------------


--------------------------------------------------------------------------------
--- ChemScore analysis of protein-ligand interactions                        ---
--------------------------------------------------------------------------------

* Hydrogen bonds                                                                
Protein donor 6896 hydrogen 6908 Ligand acceptor    6 bond energy  1.00 wt 2.00
Protein donor 6931 hydrogen 6943 Ligand acceptor    8 bond energy  1.00 wt 0.99
Protein donor 6934 hydrogen 6947 Ligand acceptor    8 bond energy  1.00 wt 0.58
Protein donor 7997 hydrogen 8008 Ligand acceptor   13 bond energy  1.00 wt 1.00


* CH..O interactions                                                            
  CH group selection                       : activated ring CH (adjacent to hetatom)

--------------------------------------------------------------------------------


--------------------------------------------------------------------------------
--- Intra-ligand clashes                                                     ---
--------------------------------------------------------------------------------

Ligand
--------------------------------------------------------------------------------

--------------------------------------------------------------------------------
--- Rescoring solution                                                       ---
--------------------------------------------------------------------------------

     Score         DG    S(hbond)    S(metal)    S(lipo)     H(rot)  DE(clash)    DE(int)
      9.83     -12.01       0.47        0.00      71.48       1.33       0.42       1.76

Doing AMOEBA simplex on best individual
Done simplexing #iterations 821, best score  13.99

     Score         DG    S(hbond)    S(metal)    S(lipo)     H(rot)  DE(clash)    DE(int)
     13.99     -15.92       1.60        0.00      72.60       1.33       0.19       1.74

--------------------------------------------------------------------------------
--- ChemScore breakdown of terms                                             ---
--------------------------------------------------------------------------------
DG = -5.4800 + -3.3400*S(hbond)
     + -6.0300*S(metal) + -0.1170*S(lipo) + 2.5600*H(rot)


H(rot) = 1.3288

Score = -(DG + DE(clash) + DE(int))


--------------------------------------------------------------------------------


--------------------------------------------------------------------------------
--- ChemScore analysis of protein-ligand interactions                        ---
--------------------------------------------------------------------------------

* Hydrogen bonds                                                                
Protein donor 6896 hydrogen 6908 Ligand acceptor    6 bond energy  1.00 wt 0.86
Protein donor 6931 hydrogen 6943 Ligand acceptor    8 bond energy  1.00 wt 0.61
Protein donor 6934 hydrogen 6947 Ligand acceptor    8 bond energy  1.00 wt 0.13

CHEMSCORE EXTRA INTERACTIONS:

* Clashes                                                                       
Clash for ligand atom   5 (**** ):   0.08
Clash for ligand atom   7 (**** ):   0.01
Clash for ligand atom  11 (**** ):   0.10
--------------------------------------------------------------------------------


--------------------------------------------------------------------------------
--- Chromosome decoded                                                       ---
--------------------------------------------------------------------------------
Ligand Torsions
[   4    3    2    1] -120.40
[  13   12    2    1]  -53.07
[   7    6    4    3]  157.17
[  11    7    6    4]  166.90
[  18   14   12    2]   -0.61
Protein Torsions
[6907 6896 6895 6894] -174.19 
[7974 7965 7964 7962]  -87.87 
[8008 7997 7996 7995]  -98.57 
[10167 10162 10161 10158]  162.47 
[10718 10713 10712 10709]   -3.42 
[10763 10752 10751 10750] -111.55 
[11005 11000 10999 10996] -172.64 
Mapping
Ligand acceptors to protein hydrogens (mapping then atom ids)
  4  19 [ 13->8008]
Ligand hydrogens to protein acceptors (mapping then atom ids)
Ligand shape atoms to protein points (mapping then atom ids & coords)
  1  7721 [  1->(151.000 138.250 155.500)]
  5  9692 [ 15->(153.500 141.500 160.500)]
  6  9640 [ 16->(153.250 142.000 160.750)]
  8  9009 [ 18->(152.250 141.750 159.250)]
Chromosome values
Integers:
  -1   -1   -1   18   -1 7720   -1   -1   -1 9691 9639   -1 
9008 
--------------------------------------------------------------------------------

Current Ranking  3  2  1

--------------------------------------------------------------------------------

* GA execution time :                                                           
  total  0.8604 user  0.8604 sys  0.0000

--------------------------------------------------------------------------------
Fitness function evaluations: 105162

--------------------------------------------------------------------------------
** Docking run number  4 **
--------------------------------------------------------------------------------
  Rank fitness base is 5000.00 ; increment is 11.2233

* Initialising population(s) ...                                                
Number of constraints mappings 0
Number of constraints 0
  Population no.                           :      1
  Population size                          :    100
  Number of duplicates                     :      0
  Number of niche violations               :      0
  Number of errors                         :   7685

Number of constraints mappings 0
Number of constraints 0
  Population no.                           :      2
  Population size                          :    100
  Number of duplicates                     :      0
  Number of niche violations               :      0
  Number of errors                         :   7556

Number of constraints mappings 0
Number of constraints 0
  Population no.                           :      3
  Population size                          :    100
  Number of duplicates                     :      0
  Number of niche violations               :      0
  Number of errors                         :   7718

Number of constraints mappings 0
Number of constraints 0
  Population no.                           :      4
  Population size                          :    100
  Number of duplicates                     :      0
  Number of niche violations               :      0
  Number of errors                         :   7708


Doing GA, no. of population(s) 4 size 100 selection pressure 1.100000

 Operation      Score     S(PLP)   S(hbond)     S(cho)   S(metal)  DE(clash)   DE(tors)     intcor
         0      24.18     -22.15       0.00       1.85       0.00       0.00       1.77       0.02
      1607      27.23     -29.71       1.00       0.00       0.00       3.49       1.00       0.02
      4051      28.83     -29.65       1.00       0.00       0.00       1.99       0.92       0.02
      4855      34.22     -27.90       0.46       1.98       0.00       0.00       0.51       0.02
      9283      34.69     -34.00       1.50       0.00       0.00       1.99       0.92       0.02
     13707      35.20     -30.60       0.03       1.84       0.00       0.00       0.51       0.02
     16520      38.05     -34.46       2.32       0.00       0.00       1.99       0.70       0.02
     21012      38.06     -34.45       2.33       0.00       0.00       1.99       0.69       0.02
     27215      38.20     -33.62       0.00       1.86       0.00       0.00       0.51       0.02
     36173      38.62     -35.63       1.00       0.51       0.00       0.00       0.77       0.02
     39481      38.74     -31.15       0.86       1.87       0.00       0.00       0.31       0.02
     39883      38.79     -30.15       1.00       1.99       0.00       0.00       0.18       0.02
     39976      38.88     -34.08       0.00       1.93       0.00       0.00       0.51       0.02
     40018      40.24     -33.92       2.42       0.00       0.00       0.00       0.48       0.02
--------------------------------------------------------------------------------
Best docking solution after GA:
     43000      40.24     -33.92       2.42       0.00       0.00       0.00       0.48       0.02

#ops:      43000 #mutates:  20731 #cross:    20149 #migrate:   2120 
#dups:      6826 #niche:    20191 #errors:    2764 
--------------------------------------------------------------------------------

Doing AMOEBA simplex on best individual
Done simplexing #iterations 583, best score  41.37

Ligand is stored in gold_soln_AV-procd_m9703_4.sdf


--------------------------------------------------------------------------------
--- CHEMPLP breakdown of terms                                               ---
--------------------------------------------------------------------------------
CHEMPLP = - ( 1.0000*S(PLP) + -3.0000*S(hbond) + -6.0000*S(metal) + -3.0000*S(cho) )

Score = CHEMPLP - 1.0000*DE(clash) - 2.0000*DE(tors)

Internal energy term has been corrected with the best internal energy encountered.

--------------------------------------------------------------------------------


     Score     S(PLP)   S(hbond)     S(cho)   S(metal)  DE(clash)   DE(tors)     intcor
     41.37     -34.54       2.59       0.00       0.00       0.00       0.48       0.02

--------------------------------------------------------------------------------
--- PLP analysis of protein-ligand interactions                              ---
--------------------------------------------------------------------------------
hydrogen bonding        :      -4.38
metal                   :       0.00
buried (polar-nonpolar) :      -4.97
nonpolar                :     -27.66
repulsive               :       0.26
--------------------------------------------------------------------------------


--------------------------------------------------------------------------------
--- ChemScore analysis of protein-ligand interactions                        ---
--------------------------------------------------------------------------------

* Hydrogen bonds                                                                
Ligand donor    3 hydrogen   23 Protein acceptor 8028 bond energy  1.00 wt 1.00
Protein donor 6933 hydrogen 6944 Ligand acceptor    8 bond energy  1.00 wt 0.68
Protein donor 6934 hydrogen 6946 Ligand acceptor    8 bond energy  1.00 wt 0.90


* CH..O interactions                                                            
  CH group selection                       : activated ring CH (adjacent to hetatom)

--------------------------------------------------------------------------------


--------------------------------------------------------------------------------
--- Intra-ligand clashes                                                     ---
--------------------------------------------------------------------------------

Ligand
--------------------------------------------------------------------------------

--------------------------------------------------------------------------------
--- Rescoring solution                                                       ---
--------------------------------------------------------------------------------

     Score         DG    S(hbond)    S(metal)    S(lipo)     H(rot)  DE(clash)    DE(int)
      9.91     -14.74       1.22        0.00      73.49       1.33       0.12       4.72

Doing AMOEBA simplex on best individual
Done simplexing #iterations 753, best score  11.65

     Score         DG    S(hbond)    S(metal)    S(lipo)     H(rot)  DE(clash)    DE(int)
     11.65     -15.89       1.58        0.00      73.07       1.33       0.20       4.04

--------------------------------------------------------------------------------
--- ChemScore breakdown of terms                                             ---
--------------------------------------------------------------------------------
DG = -5.4800 + -3.3400*S(hbond)
     + -6.0300*S(metal) + -0.1170*S(lipo) + 2.5600*H(rot)


H(rot) = 1.3288

Score = -(DG + DE(clash) + DE(int))


--------------------------------------------------------------------------------


--------------------------------------------------------------------------------
--- ChemScore analysis of protein-ligand interactions                        ---
--------------------------------------------------------------------------------

* Hydrogen bonds                                                                
Ligand donor    3 hydrogen   23 Protein acceptor 8028 bond energy  1.00 wt 0.91
Protein donor 6933 hydrogen 6944 Ligand acceptor    8 bond energy  1.00 wt 0.09
Protein donor 6934 hydrogen 6946 Ligand acceptor    8 bond energy  1.00 wt 0.58

CHEMSCORE EXTRA INTERACTIONS:

* Clashes                                                                       
Clash for ligand atom   5 (**** ):   0.20
--------------------------------------------------------------------------------


--------------------------------------------------------------------------------
--- Chromosome decoded                                                       ---
--------------------------------------------------------------------------------
Ligand Torsions
[   4    3    2    1]   60.28
[  13   12    2    1]    0.94
[   7    6    4    3] -129.60
[  11    7    6    4]  168.95
[  18   14   12    2]  179.39
Protein Torsions
[6907 6896 6895 6894]  161.26 
[7974 7965 7964 7962]   16.94 
[8008 7997 7996 7995]  172.90 
[10167 10162 10161 10158]   -6.74 
[10718 10713 10712 10709]  169.53 
[10763 10752 10751 10750]   32.32 
[11005 11000 10999 10996]  172.50 
Mapping
Ligand acceptors to protein hydrogens (mapping then atom ids)
Ligand hydrogens to protein acceptors (mapping then atom ids)
  1  15 [ 23->8028]
Ligand shape atoms to protein points (mapping then atom ids & coords)
  1  7000 [  1->(150.000 141.500 156.500)]
  2  7503 [  2->(150.750 141.750 157.750)]
  6  8688 [ 16->(151.750 145.500 159.500)]
  8  9023 [ 18->(152.250 142.250 159.750)]
Chromosome values
Integers:
  -1   -1   -1   -1   14 6999 7502   -1   -1   -1 8687   -1 
9022 
--------------------------------------------------------------------------------

Current Ranking  3  2  1  4

--------------------------------------------------------------------------------

* GA execution time :                                                           
  total  0.8579 user  0.8579 sys  0.0000

--------------------------------------------------------------------------------
Fitness function evaluations: 105426

--------------------------------------------------------------------------------
** Docking run number  5 **
--------------------------------------------------------------------------------
  Rank fitness base is 5000.00 ; increment is 11.2233

* Initialising population(s) ...                                                
Number of constraints mappings 0
Number of constraints 0
  Population no.                           :      1
  Population size                          :    100
  Number of duplicates                     :      0
  Number of niche violations               :      0
  Number of errors                         :   7305

Number of constraints mappings 0
Number of constraints 0
  Population no.                           :      2
  Population size                          :    100
  Number of duplicates                     :      0
  Number of niche violations               :      0
  Number of errors                         :   7655

Number of constraints mappings 0
Number of constraints 0
  Population no.                           :      3
  Population size                          :    100
  Number of duplicates                     :      0
  Number of niche violations               :      0
  Number of errors                         :   7837

Number of constraints mappings 0
Number of constraints 0
  Population no.                           :      4
  Population size                          :    100
  Number of duplicates                     :      0
  Number of niche violations               :      0
  Number of errors                         :   7518


Doing GA, no. of population(s) 4 size 100 selection pressure 1.100000

 Operation      Score     S(PLP)   S(hbond)     S(cho)   S(metal)  DE(clash)   DE(tors)     intcor
         0      15.37     -17.74       0.00       0.00       0.00       0.00       1.20       0.02
       440      20.12     -19.70       0.88       0.00       0.00       0.00       1.12       0.02
      1100      21.06     -20.79       1.00       0.00       0.00       0.00       1.37       0.02
      1701      22.19     -24.73       0.00       0.00       0.00       1.48       0.54       0.02
      2951      22.23     -24.96       0.44       0.00       0.00       0.00       2.04       0.02
      3248      22.97     -25.51       0.00       0.00       0.00       1.48       0.54       0.02
      3304      23.88     -26.21       0.00       0.00       0.00       1.48       0.44       0.02
      3497      27.45     -27.67       0.49       0.00       0.00       0.50       0.61       0.02
      5065      27.58     -27.27       0.61       0.00       0.00       0.00       0.76       0.02
      5111      28.78     -27.01       1.00       0.00       0.00       0.00       0.63       0.02
      6431      30.67     -28.91       1.00       0.00       0.00       0.00       0.63       0.02
      7011      30.77     -28.91       1.03       0.00       0.00       0.00       0.63       0.02
      7215      30.79     -28.91       1.04       0.00       0.00       0.00       0.63       0.02
      7855      31.02     -28.64       1.01       0.00       0.00       0.00       0.34       0.02
      8239      34.57     -28.44       2.32       0.00       0.00       0.00       0.42       0.02
      8302      34.75     -28.44       2.38       0.00       0.00       0.00       0.42       0.02
      8587      35.77     -28.91       2.70       0.00       0.00       0.00       0.63       0.02
      9555      35.96     -28.98       2.60       0.00       0.00       0.00       0.42       0.02
     10558      36.28     -28.22       2.96       0.00       0.00       0.00       0.42       0.02
     11414      36.96     -29.21       2.86       0.00       0.00       0.00       0.42       0.02
     11612      37.11     -27.52       3.65       0.00       0.00       0.00       0.69       0.02
     12308      37.99     -28.11       3.75       0.00       0.00       0.00       0.69       0.02
     13280      38.26     -30.25       3.10       0.00       0.00       0.00       0.66       0.02
     13896      38.36     -30.79       2.96       0.00       0.00       0.00       0.66       0.02
     14584      40.40     -29.73       4.00       0.00       0.00       0.00       0.67       0.02
     14680      40.40     -29.73       4.00       0.00       0.00       0.00       0.67       0.02
     16850      40.53     -28.93       4.36       0.00       0.00       0.00       0.75       0.02
     18280      40.93     -31.07       3.41       0.00       0.00       0.00       0.20       0.02
     20065      43.11     -33.56       3.36       0.00       0.00       0.00       0.27       0.02
     21406      43.33     -33.56       3.43       0.00       0.00       0.00       0.27       0.02
     23973      44.21     -33.63       3.69       0.00       0.00       0.00       0.26       0.02
     25760      44.93     -33.63       3.93       0.00       0.00       0.00       0.26       0.02
     27197      44.94     -33.63       3.94       0.00       0.00       0.00       0.26       0.02
     31428      44.94     -33.63       3.94       0.00       0.00       0.00       0.26       0.02
     33131      44.98     -33.63       3.95       0.00       0.00       0.00       0.26       0.02
     37240      45.29     -33.60       4.07       0.00       0.00       0.00       0.27       0.02
     42462      45.29     -33.64       4.06       0.00       0.00       0.00       0.28       0.02
--------------------------------------------------------------------------------
Best docking solution after GA:
     43000      45.29     -33.64       4.06       0.00       0.00       0.00       0.28       0.02

#ops:      43000 #mutates:  20249 #cross:    20620 #migrate:   2131 
#dups:      9014 #niche:    21091 #errors:    3080 
--------------------------------------------------------------------------------

Doing AMOEBA simplex on best individual
Done simplexing #iterations 700, best score  47.08

Ligand is stored in gold_soln_AV-procd_m9703_5.sdf


--------------------------------------------------------------------------------
--- CHEMPLP breakdown of terms                                               ---
--------------------------------------------------------------------------------
CHEMPLP = - ( 1.0000*S(PLP) + -3.0000*S(hbond) + -6.0000*S(metal) + -3.0000*S(cho) )

Score = CHEMPLP - 1.0000*DE(clash) - 2.0000*DE(tors)

Internal energy term has been corrected with the best internal energy encountered.

--------------------------------------------------------------------------------


     Score     S(PLP)   S(hbond)     S(cho)   S(metal)  DE(clash)   DE(tors)     intcor
     47.08     -34.23       4.44       0.00       0.00       0.00       0.24       0.02

--------------------------------------------------------------------------------
--- PLP analysis of protein-ligand interactions                              ---
--------------------------------------------------------------------------------
hydrogen bonding        :      -5.46
metal                   :       0.00
buried (polar-nonpolar) :      -3.60
nonpolar                :     -25.75
repulsive               :       0.10
--------------------------------------------------------------------------------


--------------------------------------------------------------------------------
--- ChemScore analysis of protein-ligand interactions                        ---
--------------------------------------------------------------------------------

* Hydrogen bonds                                                                
Protein donor 6896 hydrogen 6907 Ligand acceptor    6 bond energy  1.00 wt 2.00
Protein donor 6931 hydrogen 6943 Ligand acceptor    8 bond energy  1.00 wt 1.00
Protein donor 6934 hydrogen 6947 Ligand acceptor    8 bond energy  1.00 wt 0.44
Protein donor 7997 hydrogen 8010 Ligand acceptor   13 bond energy  1.00 wt 1.00


* CH..O interactions                                                            
  CH group selection                       : activated ring CH (adjacent to hetatom)

--------------------------------------------------------------------------------


--------------------------------------------------------------------------------
--- Intra-ligand clashes                                                     ---
--------------------------------------------------------------------------------

Ligand
--------------------------------------------------------------------------------

--------------------------------------------------------------------------------
--- Rescoring solution                                                       ---
--------------------------------------------------------------------------------

     Score         DG    S(hbond)    S(metal)    S(lipo)     H(rot)  DE(clash)    DE(int)
     11.40     -13.13       0.86        0.00      69.82       1.33       0.00       1.73

Doing AMOEBA simplex on best individual
Done simplexing #iterations 942, best score  16.53

     Score         DG    S(hbond)    S(metal)    S(lipo)     H(rot)  DE(clash)    DE(int)
     16.53     -18.42       2.35        0.00      72.70       1.33       0.05       1.84

--------------------------------------------------------------------------------
--- ChemScore breakdown of terms                                             ---
--------------------------------------------------------------------------------
DG = -5.4800 + -3.3400*S(hbond)
     + -6.0300*S(metal) + -0.1170*S(lipo) + 2.5600*H(rot)


H(rot) = 1.3288

Score = -(DG + DE(clash) + DE(int))


--------------------------------------------------------------------------------


--------------------------------------------------------------------------------
--- ChemScore analysis of protein-ligand interactions                        ---
--------------------------------------------------------------------------------

* Hydrogen bonds                                                                
Protein donor 6896 hydrogen 6907 Ligand acceptor    6 bond energy  1.00 wt 0.65
Protein donor 6931 hydrogen 6943 Ligand acceptor    8 bond energy  1.00 wt 0.84
Protein donor 6934 hydrogen 6947 Ligand acceptor    8 bond energy  1.00 wt 0.09
Protein donor 7997 hydrogen 8010 Ligand acceptor   13 bond energy  1.00 wt 0.77

CHEMSCORE EXTRA INTERACTIONS:

* Clashes                                                                       
Clash for ligand atom   5 (**** ):   0.03
Clash for ligand atom  11 (**** ):   0.02
--------------------------------------------------------------------------------


--------------------------------------------------------------------------------
--- Chromosome decoded                                                       ---
--------------------------------------------------------------------------------
Ligand Torsions
[   4    3    2    1] -117.86
[  13   12    2    1]  -52.83
[   7    6    4    3]  156.19
[  11    7    6    4]  166.15
[  18   14   12    2]   -0.61
Protein Torsions
[6907 6896 6895 6894]  -54.04 
[7974 7965 7964 7962] -161.97 
[8008 7997 7996 7995]   10.92 
[10167 10162 10161 10158]  147.39 
[10718 10713 10712 10709]  158.07 
[10763 10752 10751 10750]   -0.68 
[11005 11000 10999 10996]  114.46 
Mapping
Ligand acceptors to protein hydrogens (mapping then atom ids)
  2   3 [  6->6907]
Ligand hydrogens to protein acceptors (mapping then atom ids)
Ligand shape atoms to protein points (mapping then atom ids & coords)
  4  5004 [ 10->(146.500 134.750 162.000)]
  7  9289 [ 17->(152.500 143.500 159.500)]
Chromosome values
Integers:
  -1    2   -1   -1   -1   -1   -1   -1 5003   -1   -1 9288 
  -1 
--------------------------------------------------------------------------------

Current Ranking  5  3  2  1  4

Top  3 (of  5) solutions are within 1.500 RMSD, finishing docking /DATA2/COVID-19/PDBs_&_Models/AV-procd.sdf.


--------------------------------------------------------------------------------

* GA execution time :                                                           
  total  0.8586 user  0.8586 sys  0.0000

--------------------------------------------------------------------------------
Fitness function evaluations: 105244

--------------------------------------------------------------------------------
--- Ranking analysis                                                         ---
--------------------------------------------------------------------------------


* Final ranked order of GA solutions:                                           
   5  3  2  1  4 

  _______________________________
  RMSD Matrix of RANKED solutions

        2    3    4    5  

   1 :  0.5  0.4  5.9  5.4
   2 :       0.6  5.7  5.0
   3 :            5.7  5.2
   4 :                 3.3

  Clustering method                        : complete linkage
  Structure ids in cluster table           : rank nos.
  Ordering of clusters and their members   : by rank (order if from rms_analysis)

  Distance | Clusters
   0.36    |  1  3 |  2 |  4 |  5 |
   0.57    |  1  2  3 |  4 |  5 |
   3.31    |  1  2  3 |  4  5 |
   5.91    |  1  2  3  4  5 |
  Finished Docking Ligand                  : /DATA2/COVID-19/PDBs_&_Models/AV-procd.sdf
--------------------------------------------------------------------------------

  Relative_Ligand_Energy (best encountered) :   0.019
  Relative_Ligand_Energy: fitness values have been corrected using this amount
