# WARNING: atom    3 in /DATA2/COVID-19/PDBs_&_Models/AV-procd.sdf is deduced as an acidic nitrogen

--------------------------------------------------------------------------------
--- Ligand                                                                   ---
--------------------------------------------------------------------------------
  Ligand loaded from file                  : /DATA2/COVID-19/PDBs_&_Models/AV-procd.sdf
  Ligand name                              :  
  "AV-unprocessed.smi:925                                                   "

--------------------------------------------------------------------------------
  N.plc donors                             : 
  none found

  Acidic nitrogen acceptors                : 

  3    
  Sulfur acceptors                         :
   8 : (thiol or thioether)    (S)  

  Donor atoms                              :      1
  9   
  Acceptor atoms                           :      4
  1   3   5   6   

  Hydrogens                                :  (n = 1)
  17   

  Lone pairs added to molecule             :      5
  Numbering                                : from 29 to 33
  Choline groups                           : 
   

--------------------------------------------------------------------------------
--- Postprocessing of typing                                                 ---
--------------------------------------------------------------------------------
  Fragment file                            : /home/scv26/CCDC/Discovery_2020/GOLD/gold/rotatable_bond_override.mol2
  acylurea fragment                        : no matches
  thioacylthiourea fragment                : no matches
  acylthiourea fragment                    : no matches
  thioacylurea fragment                    : no matches
  diarylamine fragment >C.ar-NH-C.ar<      : no matches
  sec-amine (1) fragment                   : no matches
  sec-amine (2) fragment                   : no matches
  sec-amine (3) fragment                   : no matches
  carboxylic ester                         : no matches

* Rotatable bonds in /DATA2/COVID-19/PDBs  :
  [   2    3] [   3    4] [   9   10] 
  No. of rotatable bonds                   :      3


* Fragments found in /DATA2/COVID-19/PDBs  :


* Checking torsion distributions:                                               
  No. of matched torsions                  :      0

--------------------------------------------------------------------------------
--- Shape fitting atoms selection (hydrophobic atoms)                        ---
--------------------------------------------------------------------------------
  Molecule                                 : /DATA2/COVID-19/PDBs_&_Models/AV-procd.sdf
  Selection                                : carbons only
  Atom numbers                             :  (n = 7)
  7    10   11   12   13   14   15   


--------------------------------------------------------------------------------
--- ChemScore ligand setup summary                                           ---
--------------------------------------------------------------------------------
  ChemScore ligand acceptors               :      4
  1 3 [-] 5 6 
  ChemScore ligand donors                  :      1
  9 ( 17  ) 
  ChemScore ligand CH donors               :      1
  7 ( 16 ) 

  ChemScore ligand lipophilic atoms        :  (n = 8)
  7    8    10   11   12   13   14   15   

  ChemScore ligand rotatable bonds         :      3
  2   (****) - 3   (****): SP2_SP2_BOND
  3   (****) - 4   (****): SP2_SP2_BOND
  9   (****) - 10  (****): SP3_SP2_BOND

--------------------------------------------------------------------------------
--- PLP ligand setup summary                                                 ---
--------------------------------------------------------------------------------
    1  ****   O.2 ACCEPTOR
    2  ****   C.2 NONPOLAR
    3  **** N.pl3 ACCEPTOR
    4  ****   C.2 NONPOLAR
    5  ****   N.2 ACCEPTOR
    6  ****   N.2 ACCEPTOR
    7  ****   C.2 NONPOLAR
    8  ****   S.3 NONPOLAR
    9  ****  N.am DONOR
   10  ****   C.3 NONPOLAR
   11  ****   C.3 NONPOLAR
   12  ****   C.3 NONPOLAR
   13  ****   C.3 NONPOLAR
   14  ****   C.3 NONPOLAR
   15  ****   C.3 NONPOLAR


--------------------------------------------------------------------------------
--- Automatic parameter setting                                              ---
--------------------------------------------------------------------------------
  Contribution base                        :   2500
  Contribution per rotatable bond          :   6000
  Contribution per df                      :   4000
  Contribution per water                   :  10000
  Ligand rotatable bonds                   :      3
  Protein flexible side chain bonds        :      0
  Total rotatable bonds                    :      3
  Hydrophobic vol ratio (P/L)              :   3.295
  Base multiplier (polar)                  :   1.000
  Base multiplier (apolar)                 :   4.614
  Base contribution                        : 12500.000
  Fitting points                           :      5
  Estimated maxops needed (optimal)        :  31000

--------------------------------------------------------------------------------

* Population settings                                                           
  maxops                                   :  31000
  popsiz                                   :    100
  select_pressure                          :   1.100
  n_islands                                :      3
  niche_siz                                :      2

* GA settings                                                                   
  pt_crosswt                               :     95
  allele_mutatewt                          :     95
  migratewt                                :     10

* Search settings                                                               
  start_vdw_linear_cutoff                  :   4.000
  initial_virtual_pt_match_max             :   3.000

--------------------------------------------------------------------------------

* Ligand initialisation time :                                                  
  total  0.0038 user  0.0038 sys  0.0000

--------------------------------------------------------------------------------

--------------------------------------------------------------------------------
** Docking run number  1 **
--------------------------------------------------------------------------------
  Rank fitness base is 5000.00 ; increment is 11.2233

* Initialising population(s) ...                                                
Number of constraints mappings 0
Number of constraints 0
  Population no.                           :      1
  Population size                          :    100
  Number of duplicates                     :      0
  Number of niche violations               :      0
  Number of errors                         :   9671

Number of constraints mappings 0
Number of constraints 0
  Population no.                           :      2
  Population size                          :    100
  Number of duplicates                     :      0
  Number of niche violations               :      0
  Number of errors                         :   9463

Number of constraints mappings 0
Number of constraints 0
  Population no.                           :      3
  Population size                          :    100
  Number of duplicates                     :      0
  Number of niche violations               :      0
  Number of errors                         :   9376


Doing GA, no. of population(s) 3 size 100 selection pressure 1.100000

 Operation      Score     S(PLP)   S(hbond)     S(cho)   S(metal)  DE(clash)   DE(tors)     intcor
         0      27.13     -28.55       0.29       1.00       0.00       3.35       0.97       0.01
       605      29.37     -26.17       1.05       1.11       0.00       0.00       1.64       0.01
       746      30.31     -26.17       1.36       1.11       0.00       0.00       1.64       0.01
      2432      30.95     -26.17       1.58       1.11       0.00       0.00       1.64       0.01
      3291      34.85     -27.68       2.00       1.08       0.00       0.00       1.04       0.01
      5447      36.13     -28.52       2.01       0.78       0.00       0.00       0.38       0.01
      6005      41.04     -31.62       2.39       1.00       0.00       0.00       0.38       0.01
      7376      41.34     -30.98       2.78       1.00       0.00       0.00       0.50       0.01
      7403      42.13     -31.62       2.75       1.00       0.00       0.00       0.38       0.01
      8495      42.38     -31.73       2.80       1.00       0.00       0.00       0.38       0.01
      8805      42.94     -32.13       2.85       1.00       0.00       0.00       0.38       0.01
      9432      43.09     -32.13       2.90       1.00       0.00       0.00       0.38       0.01
     10923      43.19     -32.12       2.90       1.00       0.00       0.00       0.32       0.01
     12815      43.28     -32.33       2.93       1.00       0.00       0.00       0.42       0.01
     14735      43.50     -32.33       3.00       1.00       0.00       0.00       0.42       0.01
     16698      43.59     -32.23       3.00       1.00       0.00       0.00       0.32       0.01
     18682      43.73     -32.52       3.00       1.00       0.00       0.00       0.40       0.01
     20347      43.75     -32.57       3.00       1.00       0.00       0.00       0.41       0.01
     22855      44.06     -32.93       2.95       1.00       0.00       0.00       0.36       0.01
     23213      44.70     -33.38       2.99       1.00       0.00       0.00       0.34       0.01
     25788      44.72     -33.38       3.00       1.00       0.00       0.00       0.34       0.01
     27601      44.75     -33.38       3.00       1.00       0.00       0.00       0.32       0.01
--------------------------------------------------------------------------------
Best docking solution after GA:
     31000      44.75     -33.38       3.00       1.00       0.00       0.00       0.32       0.01

#ops:      31000 #mutates:  14743 #cross:    14670 #migrate:   1587 
#dups:      6844 #niche:    16635 #errors:    1395 
--------------------------------------------------------------------------------

Doing AMOEBA simplex on best individual
Done simplexing #iterations 578, best score  47.52

Ligand is stored in gold_soln_AV-procd_m4182_1.sdf


--------------------------------------------------------------------------------
--- CHEMPLP breakdown of terms                                               ---
--------------------------------------------------------------------------------
CHEMPLP = - ( 1.0000*S(PLP) + -3.0000*S(hbond) + -6.0000*S(metal) + -3.0000*S(cho) )

Score = CHEMPLP - 1.0000*DE(clash) - 2.0000*DE(tors)

Internal energy term has been corrected with the best internal energy encountered.

--------------------------------------------------------------------------------


     Score     S(PLP)   S(hbond)     S(cho)   S(metal)  DE(clash)   DE(tors)     intcor
     47.52     -35.62       2.99       1.16       0.00       0.00       0.28       0.01

--------------------------------------------------------------------------------
--- PLP analysis of protein-ligand interactions                              ---
--------------------------------------------------------------------------------
hydrogen bonding        :      -2.40
metal                   :       0.00
buried (polar-nonpolar) :      -4.62
nonpolar                :     -29.25
repulsive               :       0.23
--------------------------------------------------------------------------------


--------------------------------------------------------------------------------
--- ChemScore analysis of protein-ligand interactions                        ---
--------------------------------------------------------------------------------

* Hydrogen bonds                                                                
Protein donor 7997 hydrogen 8009 Ligand acceptor    3 bond energy  1.00 wt 2.00
Protein donor 10752 hydrogen 10764 Ligand acceptor    6 bond energy  1.00 wt 0.99


* CH..O interactions                                                            
  CH group selection                       : activated ring CH (adjacent to hetatom)
Ligand carbon    7 hydrogen   16 Protein acceptor 7948 bond energy  1.00 wt 0.64
Ligand carbon    7 hydrogen   16 Protein acceptor 7949 bond energy  1.00 wt 0.52

--------------------------------------------------------------------------------


--------------------------------------------------------------------------------
--- Intra-ligand clashes                                                     ---
--------------------------------------------------------------------------------

Ligand
--------------------------------------------------------------------------------

--------------------------------------------------------------------------------
--- Rescoring solution                                                       ---
--------------------------------------------------------------------------------

     Score         DG    S(hbond)    S(metal)    S(lipo)     H(rot)  DE(clash)    DE(int)
     13.08     -16.11       1.04        0.00      82.94       1.00       0.73       2.30

Doing AMOEBA simplex on best individual
Done simplexing #iterations 676, best score  16.57

     Score         DG    S(hbond)    S(metal)    S(lipo)     H(rot)  DE(clash)    DE(int)
     16.57     -18.42       1.67        0.00      84.95       1.00       0.09       1.76

--------------------------------------------------------------------------------
--- ChemScore breakdown of terms                                             ---
--------------------------------------------------------------------------------
DG = -5.4800 + -3.3400*S(hbond)
     + -6.0300*S(metal) + -0.1170*S(lipo) + 2.5600*H(rot)


H(rot) = 1.0000

Score = -(DG + DE(clash) + DE(int))


--------------------------------------------------------------------------------


--------------------------------------------------------------------------------
--- ChemScore analysis of protein-ligand interactions                        ---
--------------------------------------------------------------------------------

* Hydrogen bonds                                                                
Protein donor 7997 hydrogen 8009 Ligand acceptor    3 bond energy  1.00 wt 0.89
Protein donor 10752 hydrogen 10764 Ligand acceptor    6 bond energy  1.00 wt 0.78

CHEMSCORE EXTRA INTERACTIONS:

* Clashes                                                                       
Clash for ligand atom   2 (**** ):   0.05
Clash for ligand atom  13 (**** ):   0.04
--------------------------------------------------------------------------------


--------------------------------------------------------------------------------
--- Chromosome decoded                                                       ---
--------------------------------------------------------------------------------
Ligand Torsions
[   4    3    2    1]  -15.17
[   8    4    3    2]   27.00
[   2    9   10   15]  170.39
Protein Torsions
[6907 6896 6895 6894]  135.83 
[7974 7965 7964 7962]   87.50 
[8008 7997 7996 7995] -177.72 
[10167 10162 10161 10158] -153.32 
[10718 10713 10712 10709]   50.33 
[10763 10752 10751 10750]  -61.16 
[11005 11000 10999 10996]  -10.82 
Mapping
Ligand acceptors to protein hydrogens (mapping then atom ids)
Ligand hydrogens to protein acceptors (mapping then atom ids)
Ligand shape atoms to protein points (mapping then atom ids & coords)
  1  7722 [  7->(151.000 138.250 155.750)]
  2  8780 [ 10->(152.000 142.250 159.500)]
  3  8654 [ 11->(151.750 144.750 159.250)]
  4  9175 [ 12->(152.250 144.750 159.500)]
  5  8871 [ 13->(152.000 144.000 160.250)]
  6  9032 [ 14->(152.250 142.500 160.250)]
  7  8552 [ 15->(151.750 143.250 159.250)]
Chromosome values
Integers:
  -1   -1   -1   -1   -1 7721 8779 8653 9174 8870 9031 8551 
--------------------------------------------------------------------------------

Current Ranking  1

--------------------------------------------------------------------------------

* GA execution time :                                                           
  total  0.6251 user  0.6251 sys  0.0000

--------------------------------------------------------------------------------
Fitness function evaluations: 82145

--------------------------------------------------------------------------------
** Docking run number  2 **
--------------------------------------------------------------------------------
  Rank fitness base is 5000.00 ; increment is 11.2233

* Initialising population(s) ...                                                
Number of constraints mappings 0
Number of constraints 0
  Population no.                           :      1
  Population size                          :    100
  Number of duplicates                     :      0
  Number of niche violations               :      0
  Number of errors                         :   9237

Number of constraints mappings 0
Number of constraints 0
  Population no.                           :      2
  Population size                          :    100
  Number of duplicates                     :      0
  Number of niche violations               :      0
  Number of errors                         :   9344

Number of constraints mappings 0
Number of constraints 0
  Population no.                           :      3
  Population size                          :    100
  Number of duplicates                     :      0
  Number of niche violations               :      0
  Number of errors                         :   9467


Doing GA, no. of population(s) 3 size 100 selection pressure 1.100000

 Operation      Score     S(PLP)   S(hbond)     S(cho)   S(metal)  DE(clash)   DE(tors)     intcor
         0      18.50     -17.15       0.80       0.00       0.00       0.00       0.53       0.01
        57      19.43     -16.82       1.00       0.00       0.00       0.00       0.20       0.01
       245      22.21     -21.35       1.00       0.00       0.00       0.00       1.07       0.01
       804      22.83     -21.36       1.00       0.00       0.00       0.00       0.77       0.01
      1094      23.86     -21.46       1.51       0.00       0.00       0.00       1.07       0.01
      1150      24.48     -23.83       1.00       0.00       0.00       0.00       1.18       0.01
      1199      27.15     -25.79       1.43       0.00       0.00       0.00       1.47       0.01
      1748      28.56     -26.86       1.52       0.10       0.00       0.00       1.57       0.01
      3454      28.73     -25.37       0.86       0.87       0.00       0.00       0.92       0.01
      3458      29.06     -24.20       1.00       1.00       0.00       0.00       0.57       0.01
      4188      29.46     -21.61       2.82       0.17       0.00       0.00       0.56       0.01
      4248      31.23     -24.09       2.24       0.97       0.00       2.02       0.25       0.01
      4551      31.41     -26.76       1.00       1.00       0.00       0.00       0.68       0.01
      4974      31.65     -24.63       2.32       1.00       0.00       2.02       0.46       0.01
      5106      32.17     -26.56       1.47       1.00       0.00       0.00       0.90       0.01
      5860      34.33     -26.32       2.00       1.00       0.00       0.00       0.50       0.01
      6094      35.89     -28.00       2.46       0.78       0.00       0.00       0.92       0.01
      7220      36.44     -28.68       2.00       0.91       0.00       0.00       0.50       0.01
      7461      38.76     -30.14       2.42       1.00       0.00       0.00       0.82       0.01
      8790      39.38     -31.60       2.21       1.00       0.00       0.00       0.93       0.01
     10014      39.54     -28.96       3.00       1.09       0.00       0.00       0.85       0.01
     10339      39.78     -31.82       2.28       1.02       0.00       0.00       0.98       0.01
     10359      39.86     -30.14       2.78       1.00       0.00       0.00       0.82       0.01
     10407      41.02     -30.85       2.86       1.00       0.00       0.00       0.70       0.01
     10602      41.39     -31.60       2.88       1.00       0.00       0.00       0.93       0.01
     10783      41.49     -31.60       2.91       1.00       0.00       0.00       0.93       0.01
     10993      42.28     -32.84       2.53       0.86       0.00       0.00       0.37       0.01
     11509      43.43     -33.77       2.48       0.93       0.00       0.00       0.29       0.01
     12061      43.72     -33.77       2.58       0.93       0.00       0.00       0.29       0.01
     12528      43.77     -33.77       2.59       0.93       0.00       0.00       0.29       0.01
     12591      44.01     -33.77       2.67       0.93       0.00       0.00       0.29       0.01
     12888      44.15     -33.77       2.72       0.93       0.00       0.00       0.29       0.01
     15387      44.18     -33.86       2.72       0.92       0.00       0.00       0.30       0.01
     15462      44.20     -33.77       2.74       0.93       0.00       0.00       0.29       0.01
     15501      44.25     -33.77       2.75       0.93       0.00       0.00       0.29       0.01
     16011      44.28     -33.75       2.77       0.95       0.00       0.00       0.32       0.01
     16119      44.37     -33.91       2.72       0.93       0.00       0.00       0.25       0.01
     28666      44.61     -33.92       2.77       1.05       0.00       0.57       0.11       0.01
     29485      44.95     -33.29       3.00       1.12       0.00       0.00       0.35       0.01
     30994      45.40     -33.67       2.88       1.17       0.00       0.00       0.21       0.01
--------------------------------------------------------------------------------
Best docking solution after GA:
     31000      45.40     -33.67       2.88       1.17       0.00       0.00       0.21       0.01

#ops:      31000 #mutates:  14752 #cross:    14680 #migrate:   1568 
#dups:      6775 #niche:    16304 #errors:     883 
--------------------------------------------------------------------------------

Doing AMOEBA simplex on best individual
Done simplexing #iterations 618, best score  47.20

Ligand is stored in gold_soln_AV-procd_m4182_2.sdf


--------------------------------------------------------------------------------
--- CHEMPLP breakdown of terms                                               ---
--------------------------------------------------------------------------------
CHEMPLP = - ( 1.0000*S(PLP) + -3.0000*S(hbond) + -6.0000*S(metal) + -3.0000*S(cho) )

Score = CHEMPLP - 1.0000*DE(clash) - 2.0000*DE(tors)

Internal energy term has been corrected with the best internal energy encountered.

--------------------------------------------------------------------------------


     Score     S(PLP)   S(hbond)     S(cho)   S(metal)  DE(clash)   DE(tors)     intcor
     47.20     -35.21       2.91       1.18       0.00       0.00       0.15       0.01

--------------------------------------------------------------------------------
--- PLP analysis of protein-ligand interactions                              ---
--------------------------------------------------------------------------------
hydrogen bonding        :      -2.24
metal                   :       0.00
buried (polar-nonpolar) :      -4.30
nonpolar                :     -29.41
repulsive               :       0.23
--------------------------------------------------------------------------------


--------------------------------------------------------------------------------
--- ChemScore analysis of protein-ligand interactions                        ---
--------------------------------------------------------------------------------

* Hydrogen bonds                                                                
Protein donor 7997 hydrogen 8010 Ligand acceptor    3 bond energy  1.00 wt 2.00
Protein donor 10752 hydrogen 10764 Ligand acceptor    6 bond energy  1.00 wt 0.91


* CH..O interactions                                                            
  CH group selection                       : activated ring CH (adjacent to hetatom)
Ligand carbon    7 hydrogen   16 Protein acceptor 7948 bond energy  1.00 wt 0.55
Ligand carbon    7 hydrogen   16 Protein acceptor 7949 bond energy  1.00 wt 0.63

--------------------------------------------------------------------------------


--------------------------------------------------------------------------------
--- Intra-ligand clashes                                                     ---
--------------------------------------------------------------------------------

Ligand
  8 (**** ) -   1 (**** ):   0.00 (dist   2.75)
--------------------------------------------------------------------------------

--------------------------------------------------------------------------------
--- Rescoring solution                                                       ---
--------------------------------------------------------------------------------

     Score         DG    S(hbond)    S(metal)    S(lipo)     H(rot)  DE(clash)    DE(int)
     13.26     -16.62       1.15        0.00      84.23       1.00       0.92       2.44

Doing AMOEBA simplex on best individual
Done simplexing #iterations 743, best score  16.56

     Score         DG    S(hbond)    S(metal)    S(lipo)     H(rot)  DE(clash)    DE(int)
     16.56     -18.24       1.62        0.00      84.70       1.00       0.04       1.64

--------------------------------------------------------------------------------
--- ChemScore breakdown of terms                                             ---
--------------------------------------------------------------------------------
DG = -5.4800 + -3.3400*S(hbond)
     + -6.0300*S(metal) + -0.1170*S(lipo) + 2.5600*H(rot)


H(rot) = 1.0000

Score = -(DG + DE(clash) + DE(int))


--------------------------------------------------------------------------------


--------------------------------------------------------------------------------
--- ChemScore analysis of protein-ligand interactions                        ---
--------------------------------------------------------------------------------

* Hydrogen bonds                                                                
Protein donor 7997 hydrogen 8010 Ligand acceptor    3 bond energy  1.00 wt 0.83
Protein donor 10752 hydrogen 10764 Ligand acceptor    6 bond energy  1.00 wt 0.79

CHEMSCORE EXTRA INTERACTIONS:

* Clashes                                                                       
Clash for ligand atom  13 (**** ):   0.04
--------------------------------------------------------------------------------


--------------------------------------------------------------------------------
--- Chromosome decoded                                                       ---
--------------------------------------------------------------------------------
Ligand Torsions
[   4    3    2    1]   -2.61
[   8    4    3    2]   24.55
[   2    9   10   15]  175.45
Protein Torsions
[6907 6896 6895 6894]  -14.88 
[7974 7965 7964 7962]  122.56 
[8008 7997 7996 7995]   57.77 
[10167 10162 10161 10158]   -2.36 
[10718 10713 10712 10709]  128.49 
[10763 10752 10751 10750]  -72.12 
[11005 11000 10999 10996] -119.90 
Mapping
Ligand acceptors to protein hydrogens (mapping then atom ids)
  2  21 [  3->8010]
Ligand hydrogens to protein acceptors (mapping then atom ids)
Ligand shape atoms to protein points (mapping then atom ids & coords)
  2  8770 [ 10->(152.000 141.750 159.500)]
  3  8118 [ 11->(151.250 144.750 158.250)]
  4  8584 [ 12->(151.750 143.750 159.750)]
  5  9354 [ 13->(152.500 144.250 161.250)]
  6  8699 [ 14->(151.750 145.750 160.750)]
Chromosome values
Integers:
  -1   20   -1   -1   -1   -1 8769 8117 8583 9353 8698   -1 
--------------------------------------------------------------------------------

Current Ranking  1  2

--------------------------------------------------------------------------------

* GA execution time :                                                           
  total  0.6245 user  0.6245 sys  0.0000

--------------------------------------------------------------------------------
Fitness function evaluations: 82629

--------------------------------------------------------------------------------
** Docking run number  3 **
--------------------------------------------------------------------------------
  Rank fitness base is 5000.00 ; increment is 11.2233

* Initialising population(s) ...                                                
Number of constraints mappings 0
Number of constraints 0
  Population no.                           :      1
  Population size                          :    100
  Number of duplicates                     :      0
  Number of niche violations               :      0
  Number of errors                         :   9190

Number of constraints mappings 0
Number of constraints 0
  Population no.                           :      2
  Population size                          :    100
  Number of duplicates                     :      0
  Number of niche violations               :      0
  Number of errors                         :   9539

Number of constraints mappings 0
Number of constraints 0
  Population no.                           :      3
  Population size                          :    100
  Number of duplicates                     :      0
  Number of niche violations               :      0
  Number of errors                         :   9545


Doing GA, no. of population(s) 3 size 100 selection pressure 1.100000

 Operation      Score     S(PLP)   S(hbond)     S(cho)   S(metal)  DE(clash)   DE(tors)     intcor
         0      28.36     -25.04       1.44       0.00       0.00       0.00       0.51       0.01
       550      28.80     -25.04       1.59       0.00       0.00       0.00       0.51       0.01
       784      30.47     -25.42       2.02       0.00       0.00       0.00       0.51       0.01
       907      32.03     -25.42       2.54       0.00       0.00       0.00       0.51       0.01
      2907      34.78     -28.01       1.85       0.87       0.00       0.00       0.71       0.01
      5426      36.28     -30.21       1.70       1.00       0.00       0.00       1.02       0.01
      5674      36.53     -32.07       0.96       1.00       0.00       0.00       0.72       0.01
      6019      37.06     -32.67       0.91       1.00       0.00       0.00       0.68       0.01
      6435      37.28     -29.98       2.36       1.08       0.00       2.76       0.14       0.01
      6457      38.68     -32.67       1.45       1.00       0.00       0.00       0.68       0.01
      6955      41.62     -32.67       2.43       1.00       0.00       0.00       0.68       0.01
      7180      42.96     -34.26       2.35       1.00       0.00       0.00       0.68       0.01
      8536      43.32     -34.26       2.47       1.00       0.00       0.00       0.68       0.01
     10921      43.79     -33.42       2.58       1.13       0.00       0.00       0.39       0.01
     11041      45.19     -34.52       2.72       1.10       0.00       0.00       0.39       0.01
     16939      45.24     -34.58       2.74       1.09       0.00       0.00       0.41       0.01
     18547      45.29     -34.58       2.75       1.09       0.00       0.00       0.41       0.01
     30045      45.35     -34.59       2.83       1.09       0.00       0.00       0.50       0.01
--------------------------------------------------------------------------------
Best docking solution after GA:
     31000      45.35     -34.59       2.83       1.09       0.00       0.00       0.50       0.01

#ops:      31000 #mutates:  14844 #cross:    14583 #migrate:   1573 
#dups:      6441 #niche:    16392 #errors:    1122 
--------------------------------------------------------------------------------

Doing AMOEBA simplex on best individual
Done simplexing #iterations 426, best score  46.48

Ligand is stored in gold_soln_AV-procd_m4182_3.sdf


--------------------------------------------------------------------------------
--- CHEMPLP breakdown of terms                                               ---
--------------------------------------------------------------------------------
CHEMPLP = - ( 1.0000*S(PLP) + -3.0000*S(hbond) + -6.0000*S(metal) + -3.0000*S(cho) )

Score = CHEMPLP - 1.0000*DE(clash) - 2.0000*DE(tors)

Internal energy term has been corrected with the best internal energy encountered.

--------------------------------------------------------------------------------


     Score     S(PLP)   S(hbond)     S(cho)   S(metal)  DE(clash)   DE(tors)     intcor
     46.48     -35.11       2.99       1.15       0.00       0.00       0.52       0.01

--------------------------------------------------------------------------------
--- PLP analysis of protein-ligand interactions                              ---
--------------------------------------------------------------------------------
hydrogen bonding        :      -3.00
metal                   :       0.00
buried (polar-nonpolar) :      -3.55
nonpolar                :     -29.11
repulsive               :       0.22
--------------------------------------------------------------------------------


--------------------------------------------------------------------------------
--- ChemScore analysis of protein-ligand interactions                        ---
--------------------------------------------------------------------------------

* Hydrogen bonds                                                                
Protein donor 7997 hydrogen 8010 Ligand acceptor    3 bond energy  1.00 wt 2.00
Protein donor 10752 hydrogen 10765 Ligand acceptor    6 bond energy  1.00 wt 0.99


* CH..O interactions                                                            
  CH group selection                       : activated ring CH (adjacent to hetatom)
Ligand carbon    7 hydrogen   16 Protein acceptor 7948 bond energy  1.00 wt 0.54
Ligand carbon    7 hydrogen   16 Protein acceptor 7949 bond energy  1.00 wt 0.61

--------------------------------------------------------------------------------


--------------------------------------------------------------------------------
--- Intra-ligand clashes                                                     ---
--------------------------------------------------------------------------------

Ligand
--------------------------------------------------------------------------------

--------------------------------------------------------------------------------
--- Rescoring solution                                                       ---
--------------------------------------------------------------------------------

     Score         DG    S(hbond)    S(metal)    S(lipo)     H(rot)  DE(clash)    DE(int)
     15.01     -15.65       0.83        0.00      85.11       1.00       0.14       0.50

Doing AMOEBA simplex on best individual
Done simplexing #iterations 705, best score  17.28

     Score         DG    S(hbond)    S(metal)    S(lipo)     H(rot)  DE(clash)    DE(int)
     17.28     -17.83       1.51        0.00      84.38       1.00       0.01       0.54

--------------------------------------------------------------------------------
--- ChemScore breakdown of terms                                             ---
--------------------------------------------------------------------------------
DG = -5.4800 + -3.3400*S(hbond)
     + -6.0300*S(metal) + -0.1170*S(lipo) + 2.5600*H(rot)


H(rot) = 1.0000

Score = -(DG + DE(clash) + DE(int))


--------------------------------------------------------------------------------


--------------------------------------------------------------------------------
--- ChemScore analysis of protein-ligand interactions                        ---
--------------------------------------------------------------------------------

* Hydrogen bonds                                                                
Protein donor 7997 hydrogen 8010 Ligand acceptor    3 bond energy  1.00 wt 0.83
Protein donor 10752 hydrogen 10765 Ligand acceptor    6 bond energy  1.00 wt 0.68

CHEMSCORE EXTRA INTERACTIONS:

* Clashes                                                                       
Clash for ligand atom  13 (**** ):   0.01
--------------------------------------------------------------------------------


--------------------------------------------------------------------------------
--- Chromosome decoded                                                       ---
--------------------------------------------------------------------------------
Ligand Torsions
[   4    3    2    1]   39.46
[   8    4    3    2]   31.16
[   2    9   10   15]  122.52
Protein Torsions
[6907 6896 6895 6894]  -43.47 
[7974 7965 7964 7962] -126.69 
[8008 7997 7996 7995]   50.87 
[10167 10162 10161 10158]   -7.92 
[10718 10713 10712 10709]   33.20 
[10763 10752 10751 10750]  168.38 
[11005 11000 10999 10996]  -66.08 
Mapping
Ligand acceptors to protein hydrogens (mapping then atom ids)
  2  21 [  3->8010]
Ligand hydrogens to protein acceptors (mapping then atom ids)
Ligand shape atoms to protein points (mapping then atom ids & coords)
  2  8828 [ 10->(152.000 143.500 159.000)]
  3  8562 [ 11->(151.750 143.500 158.250)]
  4  8124 [ 12->(151.250 144.750 159.750)]
  5  8888 [ 13->(152.000 144.250 159.500)]
  6  8878 [ 14->(152.000 144.000 162.000)]
  7  8789 [ 15->(152.000 142.500 160.000)]
Chromosome values
Integers:
  -1   20   -1   -1   -1   -1 8827 8561 8123 8887 8877 8788 
--------------------------------------------------------------------------------

Current Ranking  1  2  3

Top  3 (of  3) solutions are within 1.500 RMSD, finishing docking /DATA2/COVID-19/PDBs_&_Models/AV-procd.sdf.


--------------------------------------------------------------------------------

* GA execution time :                                                           
  total  0.6327 user  0.6327 sys  0.0000

--------------------------------------------------------------------------------
Fitness function evaluations: 82335

--------------------------------------------------------------------------------
--- Ranking analysis                                                         ---
--------------------------------------------------------------------------------


* Final ranked order of GA solutions:                                           
   1  2  3 

  _______________________________
  RMSD Matrix of RANKED solutions

        2    3  

   1 :  0.4  0.6
   2 :       0.5

  Clustering method                        : complete linkage
  Structure ids in cluster table           : rank nos.
  Ordering of clusters and their members   : by rank (order if from rms_analysis)

  Distance | Clusters
   0.37    |  1  2 |  3 |
   0.57    |  1  2  3 |
  Finished Docking Ligand                  : /DATA2/COVID-19/PDBs_&_Models/AV-procd.sdf
--------------------------------------------------------------------------------

  Relative_Ligand_Energy (best encountered) :   0.011
  Relative_Ligand_Energy: fitness values have been corrected using this amount
