
--------------------------------------------------------------------------------
--- Ligand                                                                   ---
--------------------------------------------------------------------------------
  Ligand loaded from file                  : /DATA2/COVID-19/PDBs_&_Models/AV-procd.sdf
  Ligand name                              :  
  "AV-unprocessed.smi:155                                                   "

--------------------------------------------------------------------------------
  N.plc donors                             : 
  none found

  Acidic nitrogen acceptors                : 
  none found
  Sulfur acceptors                         :
  none found


  Donor atoms                              :      3
  2   6   22  
  Acceptor atoms                           :      5
  12  14  17  22  27  

  Hydrogens                                :  (n = 3)
  63   64   51   

  Lone pairs added to molecule             :      7
  Numbering                                : from 65 to 71
  Choline groups                           : 
   2   6   

--------------------------------------------------------------------------------
--- Postprocessing of typing                                                 ---
--------------------------------------------------------------------------------
  Fragment file                            : /home/scv26/CCDC/Discovery_2020/GOLD/gold/rotatable_bond_override.mol2
  acylurea fragment                        : no matches
  thioacylthiourea fragment                : no matches
  acylthiourea fragment                    : no matches
  thioacylurea fragment                    : no matches
  diarylamine fragment >C.ar-NH-C.ar<      : no matches
  sec-amine (1) fragment                   : no matches
  sec-amine (2) fragment                   : 2 matches
  Ligand bond 10-11  set to 1
  Ligand bond 19-15  set to 1
  Ligand bond 10-9  set to 1
  Ligand bond 19-20  set to 1
  Ligand bond 10-28  set to 1
  Ligand bond 19-18  set to 1
  sec-amine (3) fragment                   : 1 matches
  Ligand bond 19-15  set to 1
  Ligand bond 19-18  set to 1
  Ligand bond 19-20  set to 1
  carboxylic ester                         : no matches

* Rotatable bonds in /DATA2/COVID-19/PDBs  :
  [   2    4] [   4    5] [   5    6] [  10   11] 
  [  19   20] [  20   21] [  21   22] [  21   23] 
  No. of rotatable bonds                   :      8


* Fragments found in /DATA2/COVID-19/PDBs  :
  atom  11: adenine
  atom  12: adenine
  atom  13: adenine
  atom  14: adenine
  atom  15: adenine
  atom  16: adenine
  atom  17: adenine
  atom  18: adenine
  atom  19: adenine
  atom  23: ribose
  atom  24: ribose
  atom  25: ribose
  atom  26: ribose
  atom  27: ribose


* Checking torsion distributions:                                               
  No. of matched torsions                  :      0

--------------------------------------------------------------------------------
--- Shape fitting atoms selection (hydrophobic atoms)                        ---
--------------------------------------------------------------------------------
  Molecule                                 : /DATA2/COVID-19/PDBs_&_Models/AV-procd.sdf
  Selection                                : carbons only
  Atom numbers                             :  (n = 17)
  1    3    4    5    7    8    9    13   18   20   
  21   23   24   25   26   28   29   


--------------------------------------------------------------------------------
--- ChemScore ligand setup summary                                           ---
--------------------------------------------------------------------------------
  ChemScore ligand acceptors               :      5
  12 14 17 22 27 
  ChemScore ligand donors                  :      3
  2 ( 63 [+]  ) 6 ( 64 [+]  ) 22 ( 51  ) 
  ChemScore ligand CH donors               :      2
  13 ( 46 ) 18 ( 47 ) 

  ChemScore ligand lipophilic atoms        :  (n = 16)
  1    3    4    5    7    8    9    16   20   21   
  23   24   25   26   28   29   

  ChemScore ligand rotatable bonds         :      8
  2   (****) - 4   (****): SP3_SP3_BOND
  4   (****) - 5   (****): SP3_SP3_BOND
  5   (****) - 6   (****): SP3_SP3_BOND
  10  (****) - 11  (****): SP2_SP2_BOND
  19  (****) - 20  (****): SP3_SP2_BOND
  20  (****) - 21  (****): SP3_SP3_BOND
  21  (****) - 22  (****): SP3_SP3_BOND
  21  (****) - 23  (****): SP3_SP3_BOND

--------------------------------------------------------------------------------
--- PLP ligand setup summary                                                 ---
--------------------------------------------------------------------------------
    1  ****   C.3 NONPOLAR
    2  ****   N.4 DONOR
    3  ****   C.3 NONPOLAR
    4  ****   C.3 NONPOLAR
    5  ****   C.3 NONPOLAR
    6  ****   N.4 DONOR
    7  ****   C.3 NONPOLAR
    8  ****   C.3 NONPOLAR
    9  ****   C.3 NONPOLAR
   10  **** N.pl3 NONPOLAR
   11  ****  C.ar NONPOLAR
   12  ****  N.ar ACCEPTOR
   13  ****  C.ar NONPOLAR
   14  ****  N.ar ACCEPTOR
   15  ****  C.ar NONPOLAR
   16  ****  C.ar NONPOLAR
   17  ****   N.2 ACCEPTOR
   18  ****   C.2 NONPOLAR
   19  **** N.pl3 NONPOLAR
   20  ****   C.3 NONPOLAR
   21  ****   C.3 NONPOLAR
   22  ****   O.3 DONACC
   23  ****   C.3 NONPOLAR
   24  ****   C.3 NONPOLAR
   25  ****   C.3 NONPOLAR
   26  ****   C.3 NONPOLAR
   27  ****   O.3 ACCEPTOR
   28  ****   C.3 NONPOLAR
   29  ****   C.3 NONPOLAR


--------------------------------------------------------------------------------
--- Automatic parameter setting                                              ---
--------------------------------------------------------------------------------
  Contribution base                        :   2500
  Contribution per rotatable bond          :   6000
  Contribution per df                      :   4000
  Contribution per water                   :  10000
  Ligand rotatable bonds                   :      8
  Protein flexible side chain bonds        :      0
  Total rotatable bonds                    :      8
  Hydrophobic vol ratio (P/L)              :   1.357
  Base multiplier (polar)                  :   2.000
  Base multiplier (apolar)                 :   4.614
  Base contribution                        : 15000.000
  Fitting points                           :     10
  Estimated maxops needed (optimal)        :  63500

--------------------------------------------------------------------------------

* Population settings                                                           
  maxops                                   :  63500
  popsiz                                   :    100
  select_pressure                          :   1.100
  n_islands                                :      5
  niche_siz                                :      2

* GA settings                                                                   
  pt_crosswt                               :     95
  allele_mutatewt                          :     95
  migratewt                                :     10

* Search settings                                                               
  start_vdw_linear_cutoff                  :   4.000
  initial_virtual_pt_match_max             :   3.000

--------------------------------------------------------------------------------

* Ligand initialisation time :                                                  
  total  0.0562 user  0.0562 sys  0.0000

--------------------------------------------------------------------------------

--------------------------------------------------------------------------------
** Docking run number  1 **
--------------------------------------------------------------------------------
  Rank fitness base is 5000.00 ; increment is 11.2233

* Initialising population(s) ...                                                
Number of constraints mappings 0
Number of constraints 0
  Population no.                           :      1
  Population size                          :    100
  Number of duplicates                     :      0
  Number of niche violations               :      0
  Number of errors                         :   2437

Number of constraints mappings 0
Number of constraints 0
  Population no.                           :      2
  Population size                          :    100
  Number of duplicates                     :      0
  Number of niche violations               :      0
  Number of errors                         :   2289

Number of constraints mappings 0
Number of constraints 0
  Population no.                           :      3
  Population size                          :    100
  Number of duplicates                     :      0
  Number of niche violations               :      0
  Number of errors                         :   2313

Number of constraints mappings 0
Number of constraints 0
  Population no.                           :      4
  Population size                          :    100
  Number of duplicates                     :      0
  Number of niche violations               :      0
  Number of errors                         :   2242

Number of constraints mappings 0
Number of constraints 0
  Population no.                           :      5
  Population size                          :    100
  Number of duplicates                     :      0
  Number of niche violations               :      0
  Number of errors                         :   2163


Doing GA, no. of population(s) 5 size 100 selection pressure 1.100000

 Operation      Score     S(PLP)   S(hbond)     S(cho)   S(metal)  DE(clash)   DE(tors)     intcor
         0      17.37     -23.34       0.00       0.00       0.00       0.64       3.21       1.08
       727      17.43     -20.64       0.00       0.00       0.00       0.00       2.15       1.08
       878      20.39     -23.07       0.06       0.00       0.00       0.00       1.96       1.08
      1995      20.74     -24.70       0.38       0.14       0.00       0.00       3.32       1.08
      2073      23.55     -26.01       0.00       1.00       0.00       0.00       3.27       1.08
      2438      26.22     -30.50       0.00       0.39       0.00       0.00       3.27       1.08
      2713      29.40     -31.86       0.00       1.00       0.00       0.00       3.27       1.08
      3924      31.63     -34.09       0.00       1.00       0.00       0.00       3.27       1.08
      4398      31.63     -34.09       0.00       1.00       0.00       0.00       3.27       1.08
      5389      33.89     -36.15       0.00       1.00       0.00       0.00       3.17       1.08
      6633      37.84     -33.54       1.90       0.00       0.00       0.00       1.24       1.08
      7743      39.09     -33.83       2.22       0.00       0.00       0.00       1.24       1.08
      9830      40.55     -34.93       2.36       0.00       0.00       0.00       1.26       1.08
     10790      40.56     -35.03       2.29       0.00       0.00       0.00       1.21       1.08
     11474      42.08     -35.85       2.56       0.00       0.00       0.00       1.26       1.08
     12030      42.29     -36.22       2.50       0.00       0.00       0.00       1.26       1.08
     12260      43.12     -37.34       2.41       0.00       0.00       0.00       1.26       1.08
     13105      43.32     -37.74       2.34       0.00       0.00       0.00       1.26       1.08
     13389      43.66     -37.88       2.41       0.00       0.00       0.00       1.26       1.08
     14470      43.66     -37.69       2.47       0.00       0.00       0.00       1.26       1.08
     15795      43.67     -37.61       2.50       0.00       0.00       0.00       1.26       1.08
     16864      44.10     -37.94       2.54       0.00       0.00       0.00       1.26       1.08
     19071      44.20     -38.19       2.57       0.00       0.00       0.00       1.39       1.08
     20383      44.42     -38.03       3.04       0.00       0.00       0.99       1.42       1.08
     21833      44.66     -38.03       3.12       0.00       0.00       0.99       1.42       1.08
     22595      46.42     -36.76       2.98       1.00       0.00       0.00       1.69       1.08
     25435      46.97     -37.60       3.34       1.00       0.00       0.00       2.36       1.08
     26800      47.27     -37.60       3.44       1.00       0.00       0.00       2.36       1.08
     27470      47.41     -37.60       3.49       1.00       0.00       0.00       2.36       1.08
     27690      48.72     -40.82       2.80       1.00       0.00       0.00       2.29       1.08
     28130      49.01     -40.82       2.90       1.00       0.00       0.00       2.29       1.08
     29369      49.19     -41.01       2.98       0.91       0.00       0.00       2.29       1.08
     29379      49.67     -41.01       3.14       0.91       0.00       0.00       2.29       1.08
     30419      49.88     -40.98       3.23       0.91       0.00       0.00       2.31       1.08
     31948      50.06     -41.01       3.27       0.91       0.00       0.00       2.29       1.08
     33656      50.22     -40.51       3.40       1.00       0.00       0.00       2.29       1.08
     41905      50.52     -41.28       3.27       1.00       0.00       0.00       2.33       1.08
     45170      50.57     -41.28       3.29       1.00       0.00       0.00       2.33       1.08
     45226      50.69     -41.19       3.31       1.00       0.00       0.00       2.25       1.08
     47241      50.87     -41.59       3.25       0.99       0.00       0.00       2.26       1.08
     49726      51.13     -41.63       3.33       1.00       0.00       0.00       2.29       1.08
     49826      52.01     -41.61       3.63       1.00       0.00       0.00       2.29       1.08
     52021      52.86     -42.96       3.90       0.00       0.00       0.00       1.44       1.08
     55311      55.78     -47.36       3.50       0.00       0.00       0.00       1.58       1.08
     56726      56.23     -47.36       3.67       0.00       0.00       0.00       1.58       1.02
     57272      56.32     -47.36       3.71       0.00       0.00       0.00       1.58       1.02
     58632      56.51     -47.22       3.83       0.00       0.00       0.00       1.61       1.02
     59085      56.72     -47.17       3.88       0.00       0.00       0.00       1.56       1.02
     59977      57.18     -47.63       3.90       0.00       0.00       0.00       1.58       1.02
     60377      57.51     -47.63       4.01       0.00       0.00       0.00       1.58       1.02
     60885      57.71     -47.83       4.01       0.00       0.00       0.00       1.58       1.02
     60915      58.30     -47.69       4.22       0.00       0.00       0.00       1.53       1.02
     63137      58.38     -48.49       3.96       0.00       0.00       0.00       1.50       1.02
     63347      58.59     -48.00       4.25       0.00       0.00       0.00       1.58       1.02
--------------------------------------------------------------------------------
Best docking solution after GA:
     63500      58.59     -48.00       4.25       0.00       0.00       0.00       1.58       1.02

#ops:      63500 #mutates:  30067 #cross:    30318 #migrate:   3115 
#dups:     13399 #niche:    41151 #errors:    1245 
--------------------------------------------------------------------------------

Doing AMOEBA simplex on best individual
Done simplexing #iterations 822, best score  62.92

Ligand is stored in gold_soln_AV-procd_m1282_1.sdf


--------------------------------------------------------------------------------
--- CHEMPLP breakdown of terms                                               ---
--------------------------------------------------------------------------------
CHEMPLP = - ( 1.0000*S(PLP) + -3.0000*S(hbond) + -6.0000*S(metal) + -3.0000*S(cho) )

Score = CHEMPLP - 1.0000*DE(clash) - 2.0000*DE(tors)

Internal energy term has been corrected with the best internal energy encountered.

--------------------------------------------------------------------------------


     Score     S(PLP)   S(hbond)     S(cho)   S(metal)  DE(clash)   DE(tors)     intcor
     62.92     -50.58       4.67       0.00       0.00       0.00       1.34       1.02

--------------------------------------------------------------------------------
--- PLP analysis of protein-ligand interactions                              ---
--------------------------------------------------------------------------------
hydrogen bonding        :      -3.95
metal                   :       0.00
buried (polar-nonpolar) :      -8.25
nonpolar                :     -38.81
repulsive               :       0.51
--------------------------------------------------------------------------------


--------------------------------------------------------------------------------
--- ChemScore analysis of protein-ligand interactions                        ---
--------------------------------------------------------------------------------

* Hydrogen bonds                                                                
Ligand donor    2 hydrogen   63 Protein acceptor 10747 bond energy  1.00 wt 1.00
Ligand donor    6 hydrogen   64 Protein acceptor 7948 bond energy  1.00 wt 2.00
Protein donor 7989 hydrogen 7998 Ligand acceptor   14 bond energy  1.00 wt 0.67
Protein donor 10752 hydrogen 10765 Ligand acceptor   12 bond energy  1.00 wt 1.00


* CH..O interactions                                                            
  CH group selection                       : activated ring CH (adjacent to hetatom)

--------------------------------------------------------------------------------


--------------------------------------------------------------------------------
--- Intra-ligand clashes                                                     ---
--------------------------------------------------------------------------------

Ligand
--------------------------------------------------------------------------------

--------------------------------------------------------------------------------
--- Rescoring solution                                                       ---
--------------------------------------------------------------------------------

     Score         DG    S(hbond)    S(metal)    S(lipo)     H(rot)  DE(clash)    DE(int)
     13.48     -17.91       1.86        0.00     113.28       2.75       1.51       2.91

Doing AMOEBA simplex on best individual
Done simplexing #iterations 952, best score  14.90

     Score         DG    S(hbond)    S(metal)    S(lipo)     H(rot)  DE(clash)    DE(int)
     14.90     -18.23       1.91        0.00     114.59       2.75       0.59       2.73

--------------------------------------------------------------------------------
--- ChemScore breakdown of terms                                             ---
--------------------------------------------------------------------------------
DG = -5.4800 + -3.3400*S(hbond)
     + -6.0300*S(metal) + -0.1170*S(lipo) + 2.5600*H(rot)


H(rot) = 2.7493

Score = -(DG + DE(clash) + DE(int))


--------------------------------------------------------------------------------


--------------------------------------------------------------------------------
--- ChemScore analysis of protein-ligand interactions                        ---
--------------------------------------------------------------------------------

* Hydrogen bonds                                                                
Ligand donor    2 hydrogen   63 Protein acceptor 10747 bond energy  1.00 wt 0.99
Ligand donor    6 hydrogen   64 Protein acceptor 7948 bond energy  1.00 wt 0.41
Protein donor 7989 hydrogen 7998 Ligand acceptor   14 bond energy  1.00 wt 0.45
Protein donor 10752 hydrogen 10765 Ligand acceptor   12 bond energy  1.00 wt 0.06

CHEMSCORE EXTRA INTERACTIONS:

* Clashes                                                                       
Clash for ligand atom   5 (**** ):   0.15
Clash for ligand atom  12 (**** ):   0.24
Clash for ligand atom  13 (**** ):   0.20
--------------------------------------------------------------------------------


--------------------------------------------------------------------------------
--- Chromosome decoded                                                       ---
--------------------------------------------------------------------------------
Ligand Torsions
[   1    2    4    5] -152.79
[   2    4    5    6] -153.07
[   4    5    6   29]  163.24
[   9   10   11   16]    9.64
[  21   20   19   15] -119.49
[  22   21   20   19]   82.28
[  51   22   21   20] -113.67
[  27   23   21   20]  167.41
Protein Torsions
[6907 6896 6895 6894] -124.12 
[7974 7965 7964 7962]  168.72 
[8008 7997 7996 7995]  167.91 
[10167 10162 10161 10158]  -71.08 
[10718 10713 10712 10709]   92.22 
[10763 10752 10751 10750]  166.60 
[11005 11000 10999 10996]  -14.01 
Mapping
Ligand acceptors to protein hydrogens (mapping then atom ids)
  2  18 [ 14->7998]
Ligand hydrogens to protein acceptors (mapping then atom ids)
  1  40 [ 63->10747]
  2   7 [ 64->7948]
Ligand shape atoms to protein points (mapping then atom ids & coords)
  2  4450 [  3->(146.000 131.750 152.000)]
 11  7135 [ 21->(150.250 141.500 157.750)]
 12  8522 [ 23->(151.750 142.500 158.750)]
 13  8905 [ 24->(152.000 144.500 159.000)]
 15  9177 [ 26->(152.250 144.750 160.000)]
Ligand N+ atoms to protein TRP (mapping then atom ids & coords)
Chromosome values
Integers:
  -1   17   -1   -1   -1   39    6   -1   -1    1   -1 4449 
  -1   -1   -1   -1   -1   -1   -1   -1 7134 8521 8904   -1 
9176   -1   -1 
--------------------------------------------------------------------------------

Current Ranking  1

--------------------------------------------------------------------------------

* GA execution time :                                                           
  total  1.6030 user  1.5910 sys  0.0120

--------------------------------------------------------------------------------
Fitness function evaluations: 118574

--------------------------------------------------------------------------------
** Docking run number  2 **
--------------------------------------------------------------------------------
  Rank fitness base is 5000.00 ; increment is 11.2233

* Initialising population(s) ...                                                
Number of constraints mappings 0
Number of constraints 0
  Population no.                           :      1
  Population size                          :    100
  Number of duplicates                     :      0
  Number of niche violations               :      0
  Number of errors                         :   2338

Number of constraints mappings 0
Number of constraints 0
  Population no.                           :      2
  Population size                          :    100
  Number of duplicates                     :      0
  Number of niche violations               :      0
  Number of errors                         :   2413

Number of constraints mappings 0
Number of constraints 0
  Population no.                           :      3
  Population size                          :    100
  Number of duplicates                     :      0
  Number of niche violations               :      0
  Number of errors                         :   2282

Number of constraints mappings 0
Number of constraints 0
  Population no.                           :      4
  Population size                          :    100
  Number of duplicates                     :      0
  Number of niche violations               :      0
  Number of errors                         :   2407

Number of constraints mappings 0
Number of constraints 0
  Population no.                           :      5
  Population size                          :    100
  Number of duplicates                     :      0
  Number of niche violations               :      0
  Number of errors                         :   2292


Doing GA, no. of population(s) 5 size 100 selection pressure 1.100000

 Operation      Score     S(PLP)   S(hbond)     S(cho)   S(metal)  DE(clash)   DE(tors)     intcor
         0      17.13     -20.70       0.51       0.71       0.00       0.94       3.66       0.86
       965      25.29     -24.97       0.55       0.00       0.00       0.00       1.10       0.86
      2527      28.52     -28.04       1.23       0.65       0.00       0.74       2.64       0.86
      3744      28.81     -33.86       0.00       0.00       0.00       1.65       2.13       0.86
      3815      29.10     -25.87       1.50       0.00       0.00       0.00       1.06       0.86
      4257      39.93     -27.97       4.28       1.00       0.00       0.00       2.36       0.86
      5557      40.10     -28.03       4.31       1.00       0.00       0.00       2.36       0.86
      7168      42.87     -36.73       2.66       0.00       0.00       0.28       1.21       0.86
      8262      43.37     -29.90       4.65       1.00       0.00       0.00       2.17       0.86
     10513      43.66     -37.22       2.77       0.00       0.00       0.28       1.22       0.86
     14057      45.01     -38.26       2.86       0.00       0.00       0.28       1.21       0.86
     15272      46.14     -40.08       2.90       0.00       0.00       1.50       1.01       0.86
     16808      46.25     -39.14       2.98       0.00       0.00       0.28       1.21       0.86
     17057      46.54     -39.51       2.89       0.00       0.00       0.28       1.10       0.86
     17611      46.65     -39.56       3.00       0.00       0.00       0.28       1.25       0.86
     18207      46.69     -40.56       2.93       0.00       0.00       1.50       1.01       0.86
     18337      47.03     -40.81       2.96       0.00       0.00       1.50       1.01       0.86
     18767      47.24     -40.17       2.82       0.45       0.00       1.17       1.21       0.86
     18829      47.76     -41.11       2.46       0.37       0.00       0.28       1.21       0.86
     19859      47.77     -40.46       2.47       0.58       0.00       0.28       1.21       0.86
     20619      49.05     -41.23       2.46       0.76       0.00       0.28       1.21       0.86
     23152      49.33     -41.19       2.98       0.54       0.00       0.89       1.19       0.86
     23297      49.41     -41.17       3.00       0.53       0.00       0.89       1.16       0.86
     23362      49.92     -41.18       2.99       0.51       0.00       0.28       1.18       0.86
     24193      50.23     -41.58       2.50       0.98       0.00       0.28       1.18       0.86
     26138      50.39     -41.26       2.88       0.65       0.00       0.00       1.17       0.86
     26423      50.46     -41.89       2.95       0.65       0.00       0.61       1.24       0.86
     26433      50.49     -42.15       2.52       0.91       0.00       0.28       1.27       0.86
     27263      50.71     -41.88       2.44       1.00       0.00       0.00       1.17       0.86
     27598      50.94     -42.00       2.93       0.64       0.00       0.28       1.18       0.86
     28208      51.27     -42.32       2.83       0.65       0.00       0.00       1.17       0.86
     28653      51.31     -42.56       2.87       0.55       0.00       0.00       1.18       0.86
     28932      51.32     -42.05       2.94       0.63       0.00       0.00       1.16       0.86
     29743      51.39     -42.20       2.90       0.64       0.00       0.00       1.15       0.86
     30507      51.71     -42.40       2.86       0.77       0.00       0.00       1.22       0.86
     30935      51.75     -42.42       2.95       0.81       0.00       0.28       1.27       0.86
     30968      51.87     -41.92       2.95       0.80       0.00       0.00       1.08       0.86
     31502      52.01     -42.57       2.84       0.80       0.00       0.00       1.17       0.86
     33164      52.08     -42.39       2.94       0.79       0.00       0.00       1.19       0.86
     33503      52.42     -42.36       3.00       0.83       0.00       0.00       1.14       0.86
     36168      52.45     -42.34       3.00       0.83       0.00       0.00       1.12       0.86
     39459      52.46     -42.43       2.99       0.83       0.00       0.00       1.15       0.86
     41889      52.49     -42.41       2.99       0.83       0.00       0.00       1.12       0.86
     43066      52.51     -42.39       2.99       0.83       0.00       0.00       1.10       0.86
     45898      52.55     -42.71       3.00       0.74       0.00       0.00       1.12       0.86
     49393      52.58     -42.70       3.00       0.74       0.00       0.00       1.10       0.86
     52244      52.66     -42.64       2.99       0.79       0.00       0.00       1.10       0.86
     56979      52.66     -42.62       2.99       0.79       0.00       0.00       1.08       0.86
--------------------------------------------------------------------------------
Best docking solution after GA:
     63500      52.66     -42.62       2.99       0.79       0.00       0.00       1.08       0.86

#ops:      63500 #mutates:  29994 #cross:    30365 #migrate:   3141 
#dups:     21980 #niche:    41071 #errors:     993 
--------------------------------------------------------------------------------

Doing AMOEBA simplex on best individual
Done simplexing #iterations 556, best score  54.14

Ligand is stored in gold_soln_AV-procd_m1282_2.sdf


--------------------------------------------------------------------------------
--- CHEMPLP breakdown of terms                                               ---
--------------------------------------------------------------------------------
CHEMPLP = - ( 1.0000*S(PLP) + -3.0000*S(hbond) + -6.0000*S(metal) + -3.0000*S(cho) )

Score = CHEMPLP - 1.0000*DE(clash) - 2.0000*DE(tors)

Internal energy term has been corrected with the best internal energy encountered.

--------------------------------------------------------------------------------


     Score     S(PLP)   S(hbond)     S(cho)   S(metal)  DE(clash)   DE(tors)     intcor
     54.14     -43.80       2.99       0.82       0.00       0.00       0.98       0.86

--------------------------------------------------------------------------------
--- PLP analysis of protein-ligand interactions                              ---
--------------------------------------------------------------------------------
hydrogen bonding        :      -2.00
metal                   :       0.00
buried (polar-nonpolar) :      -6.52
nonpolar                :     -35.56
repulsive               :       0.44
--------------------------------------------------------------------------------


--------------------------------------------------------------------------------
--- ChemScore analysis of protein-ligand interactions                        ---
--------------------------------------------------------------------------------

* Hydrogen bonds                                                                
Ligand donor    2 hydrogen   63 Protein acceptor 10747 bond energy  1.00 wt 0.99
Ligand donor    6 hydrogen   64 Protein acceptor 7948 bond energy  1.00 wt 2.00


* CH..O interactions                                                            
  CH group selection                       : activated ring CH (adjacent to hetatom)
Ligand carbon   18 hydrogen   47 Protein acceptor 8028 bond energy  1.00 wt 0.82

--------------------------------------------------------------------------------


--------------------------------------------------------------------------------
--- Intra-ligand clashes                                                     ---
--------------------------------------------------------------------------------

Ligand
--------------------------------------------------------------------------------

--------------------------------------------------------------------------------
--- Rescoring solution                                                       ---
--------------------------------------------------------------------------------

     Score         DG    S(hbond)    S(metal)    S(lipo)     H(rot)  DE(clash)    DE(int)
     13.30     -18.16       1.84        0.00     116.02       2.75       1.41       3.45

Doing AMOEBA simplex on best individual
Done simplexing #iterations 1196, best score  15.59

     Score         DG    S(hbond)    S(metal)    S(lipo)     H(rot)  DE(clash)    DE(int)
     15.59     -18.55       1.92        0.00     117.03       2.75       0.39       2.57

--------------------------------------------------------------------------------
--- ChemScore breakdown of terms                                             ---
--------------------------------------------------------------------------------
DG = -5.4800 + -3.3400*S(hbond)
     + -6.0300*S(metal) + -0.1170*S(lipo) + 2.5600*H(rot)


H(rot) = 2.7493

Score = -(DG + DE(clash) + DE(int))


--------------------------------------------------------------------------------


--------------------------------------------------------------------------------
--- ChemScore analysis of protein-ligand interactions                        ---
--------------------------------------------------------------------------------

* Hydrogen bonds                                                                
Ligand donor    2 hydrogen   63 Protein acceptor 10747 bond energy  1.00 wt 0.94
Ligand donor    6 hydrogen   64 Protein acceptor 7948 bond energy  1.00 wt 0.98

CHEMSCORE EXTRA INTERACTIONS:

* Clashes                                                                       
Clash for ligand atom   5 (**** ):   0.10
Clash for ligand atom  10 (**** ):   0.24
Clash for ligand atom  11 (**** ):   0.01
Clash for ligand atom  26 (**** ):   0.03
--------------------------------------------------------------------------------


--------------------------------------------------------------------------------
--- Chromosome decoded                                                       ---
--------------------------------------------------------------------------------
Ligand Torsions
[   1    2    4    5]  -62.89
[   2    4    5    6] -169.01
[   4    5    6   29]   28.41
[   9   10   11   16]    5.02
[  21   20   19   15]  -72.33
[  22   21   20   19]   56.83
[  51   22   21   20]   98.68
[  27   23   21   20]   65.23
Protein Torsions
[6907 6896 6895 6894] -176.50 
[7974 7965 7964 7962]   96.83 
[8008 7997 7996 7995] -128.25 
[10167 10162 10161 10158]  171.92 
[10718 10713 10712 10709]  143.11 
[10763 10752 10751 10750]  101.81 
[11005 11000 10999 10996]  102.65 
Mapping
Ligand acceptors to protein hydrogens (mapping then atom ids)
Ligand hydrogens to protein acceptors (mapping then atom ids)
  2   7 [ 64->7948]
Ligand shape atoms to protein points (mapping then atom ids & coords)
  1  3292 [  1->(145.000 132.500 150.500)]
  2  4430 [  3->(146.000 131.500 150.500)]
  3  3918 [  4->(145.500 133.000 151.000)]
  4  4772 [  5->(146.250 133.250 151.750)]
  5  3659 [  7->(145.250 135.500 151.500)]
  6  3959 [  8->(145.500 136.000 152.000)]
  7  5508 [  9->(147.000 138.500 153.250)]
  9  6739 [ 18->(149.250 141.250 156.250)]
 11  7145 [ 21->(150.250 142.000 157.500)]
 12  8329 [ 23->(151.500 144.000 157.750)]
 13  9308 [ 24->(152.500 143.750 159.500)]
 14  8951 [ 25->(152.000 145.250 160.500)]
 15  9327 [ 26->(152.500 144.000 159.250)]
Ligand N+ atoms to protein TRP (mapping then atom ids & coords)
Chromosome values
Integers:
  -1   -1   -1   -1   -1   -1    6   -1   -1    1 3291 4429 
3917 4771 3658 3958 5507   -1 6738   -1 7144 8328 9307 8950 
9326   -1   -1 
--------------------------------------------------------------------------------

Current Ranking  1  2

--------------------------------------------------------------------------------

* GA execution time :                                                           
  total  1.6484 user  1.6484 sys  0.0000

--------------------------------------------------------------------------------
Fitness function evaluations: 117325

--------------------------------------------------------------------------------
** Docking run number  3 **
--------------------------------------------------------------------------------
  Rank fitness base is 5000.00 ; increment is 11.2233

* Initialising population(s) ...                                                
Number of constraints mappings 0
Number of constraints 0
  Population no.                           :      1
  Population size                          :    100
  Number of duplicates                     :      0
  Number of niche violations               :      0
  Number of errors                         :   2390

Number of constraints mappings 0
Number of constraints 0
  Population no.                           :      2
  Population size                          :    100
  Number of duplicates                     :      0
  Number of niche violations               :      0
  Number of errors                         :   2306

Number of constraints mappings 0
Number of constraints 0
  Population no.                           :      3
  Population size                          :    100
  Number of duplicates                     :      0
  Number of niche violations               :      0
  Number of errors                         :   2386

Number of constraints mappings 0
Number of constraints 0
  Population no.                           :      4
  Population size                          :    100
  Number of duplicates                     :      0
  Number of niche violations               :      0
  Number of errors                         :   2234

Number of constraints mappings 0
Number of constraints 0
  Population no.                           :      5
  Population size                          :    100
  Number of duplicates                     :      0
  Number of niche violations               :      0
  Number of errors                         :   2384


Doing GA, no. of population(s) 5 size 100 selection pressure 1.100000

 Operation      Score     S(PLP)   S(hbond)     S(cho)   S(metal)  DE(clash)   DE(tors)     intcor
         0      21.89     -25.54       0.00       0.00       0.00       0.00       2.25       0.86
        84      22.12     -25.71       0.00       0.00       0.00       0.00       2.23       0.86
       751      25.98     -32.40       0.00       0.00       0.00       0.00       3.64       0.86
      2106      31.08     -35.58       0.31       0.33       0.00       0.00       3.64       0.86
      3126      32.56     -35.39       0.23       0.97       0.00       0.00       3.64       0.86
      3816      36.62     -38.86       0.39       1.00       0.00       0.00       3.64       0.86
      6896      36.72     -38.99       0.36       1.00       0.00       0.00       3.61       0.86
      9458      37.25     -37.85       1.41       0.00       0.00       0.00       2.84       0.86
      9863      37.41     -36.98       1.69       0.00       0.00       0.00       2.75       0.86
     10843      39.91     -32.32       2.77       1.00       0.00       0.00       2.28       0.86
     11673      43.97     -37.95       1.95       0.97       0.00       0.00       1.80       0.86
     12108      44.11     -38.08       1.92       1.00       0.00       0.00       1.79       0.86
     15770      44.82     -40.58       2.00       0.00       0.00       0.00       1.31       0.86
     16025      45.51     -41.46       2.00       0.00       0.00       0.00       1.40       0.86
     17455      46.49     -41.35       2.36       0.00       0.00       0.00       1.40       0.86
     18333      47.81     -41.69       2.76       0.00       0.00       0.00       1.52       0.86
     20345      48.38     -42.23       2.81       0.00       0.00       0.00       1.57       0.86
     22393      49.86     -43.79       2.75       0.00       0.00       0.00       1.52       0.85
     28199      50.13     -44.96       2.44       0.00       0.00       0.00       1.42       0.70
     30579      50.16     -44.96       2.45       0.00       0.00       0.00       1.42       0.70
     31008      50.47     -44.85       2.65       0.00       0.00       0.00       1.52       0.70
     31867      50.81     -43.73       2.68       0.00       0.00       0.00       0.84       0.70
     31937      52.13     -43.96       3.05       0.00       0.00       0.00       0.84       0.70
     32358      52.14     -45.80       2.75       0.00       0.00       0.00       1.31       0.70
     32952      52.40     -44.18       3.08       0.00       0.00       0.00       0.85       0.70
     35083      53.27     -44.28       3.32       0.00       0.00       0.00       0.84       0.70
     36023      54.68     -44.02       3.88       0.00       0.00       0.00       0.84       0.70
     37816      54.69     -44.80       3.69       0.00       0.00       0.00       0.94       0.70
     41202      56.78     -45.36       4.06       0.00       0.00       0.00       0.72       0.69
     42957      57.43     -45.98       4.63       0.00       0.00       0.39       1.37       0.69
     45573      57.77     -46.08       4.13       0.00       0.00       0.00       0.70       0.69
     45820      58.29     -47.80       3.79       0.00       0.00       0.00       0.79       0.69
     48613      58.87     -47.38       4.35       0.00       0.00       0.00       1.09       0.64
     54005      59.02     -48.57       3.85       0.00       0.00       0.00       0.86       0.60
     54690      59.46     -48.59       3.97       0.00       0.00       0.00       0.82       0.60
     54940      59.65     -48.99       3.90       0.00       0.00       0.00       0.82       0.60
     54985      60.27     -49.14       4.08       0.00       0.00       0.00       0.86       0.60
     57395      60.71     -49.52       4.14       0.00       0.00       0.00       0.92       0.60
     58465      60.79     -49.52       4.29       0.00       0.00       0.00       1.10       0.60
     59334      61.01     -49.78       4.27       0.00       0.00       0.00       1.10       0.60
     60159      61.04     -49.67       4.33       0.00       0.00       0.00       1.11       0.60
     62405      61.19     -49.71       4.38       0.00       0.00       0.00       1.13       0.60
     62912      61.45     -49.68       4.55       0.00       0.00       0.00       1.24       0.60
--------------------------------------------------------------------------------
Best docking solution after GA:
     63500      61.45     -49.68       4.55       0.00       0.00       0.00       1.24       0.60

#ops:      63500 #mutates:  30185 #cross:    30092 #migrate:   3223 
#dups:     11080 #niche:    36919 #errors:    1116 
--------------------------------------------------------------------------------

Doing AMOEBA simplex on best individual
Done simplexing #iterations 877, best score  63.56

Ligand is stored in gold_soln_AV-procd_m1282_3.sdf


--------------------------------------------------------------------------------
--- CHEMPLP breakdown of terms                                               ---
--------------------------------------------------------------------------------
CHEMPLP = - ( 1.0000*S(PLP) + -3.0000*S(hbond) + -6.0000*S(metal) + -3.0000*S(cho) )

Score = CHEMPLP - 1.0000*DE(clash) - 2.0000*DE(tors)

Internal energy term has been corrected with the best internal energy encountered.

--------------------------------------------------------------------------------


     Score     S(PLP)   S(hbond)     S(cho)   S(metal)  DE(clash)   DE(tors)     intcor
     63.56     -50.82       4.74       0.00       0.00       0.00       1.05       0.60

--------------------------------------------------------------------------------
--- PLP analysis of protein-ligand interactions                              ---
--------------------------------------------------------------------------------
hydrogen bonding        :      -4.00
metal                   :       0.00
buried (polar-nonpolar) :      -7.88
nonpolar                :     -38.55
repulsive               :       0.55
--------------------------------------------------------------------------------


--------------------------------------------------------------------------------
--- ChemScore analysis of protein-ligand interactions                        ---
--------------------------------------------------------------------------------

* Hydrogen bonds                                                                
Ligand donor    2 hydrogen   63 Protein acceptor 10747 bond energy  1.00 wt 1.00
Ligand donor    6 hydrogen   64 Protein acceptor 7948 bond energy  1.00 wt 1.86
Protein donor 7989 hydrogen 7998 Ligand acceptor   14 bond energy  1.00 wt 0.89
Protein donor 10752 hydrogen 10764 Ligand acceptor   12 bond energy  1.00 wt 1.00


* CH..O interactions                                                            
  CH group selection                       : activated ring CH (adjacent to hetatom)

--------------------------------------------------------------------------------


--------------------------------------------------------------------------------
--- Intra-ligand clashes                                                     ---
--------------------------------------------------------------------------------

Ligand
--------------------------------------------------------------------------------

--------------------------------------------------------------------------------
--- Rescoring solution                                                       ---
--------------------------------------------------------------------------------

     Score         DG    S(hbond)    S(metal)    S(lipo)     H(rot)  DE(clash)    DE(int)
     15.09     -18.82       2.12        0.00     113.79       2.75       1.11       2.62

Doing AMOEBA simplex on best individual
Done simplexing #iterations 1110, best score  17.38

     Score         DG    S(hbond)    S(metal)    S(lipo)     H(rot)  DE(clash)    DE(int)
     17.38     -20.11       2.51        0.00     113.50       2.75       0.46       2.27

--------------------------------------------------------------------------------
--- ChemScore breakdown of terms                                             ---
--------------------------------------------------------------------------------
DG = -5.4800 + -3.3400*S(hbond)
     + -6.0300*S(metal) + -0.1170*S(lipo) + 2.5600*H(rot)


H(rot) = 2.7493

Score = -(DG + DE(clash) + DE(int))


--------------------------------------------------------------------------------


--------------------------------------------------------------------------------
--- ChemScore analysis of protein-ligand interactions                        ---
--------------------------------------------------------------------------------

* Hydrogen bonds                                                                
Ligand donor    2 hydrogen   63 Protein acceptor 10747 bond energy  1.00 wt 0.98
Ligand donor    6 hydrogen   64 Protein acceptor 7948 bond energy  1.00 wt 0.57
Protein donor 7989 hydrogen 7998 Ligand acceptor   14 bond energy  1.00 wt 0.48
Protein donor 10752 hydrogen 10764 Ligand acceptor   12 bond energy  1.00 wt 0.48

CHEMSCORE EXTRA INTERACTIONS:

* Clashes                                                                       
Clash for ligand atom   4 (**** ):   0.10
Clash for ligand atom   5 (**** ):   0.03
Clash for ligand atom  12 (**** ):   0.01
Clash for ligand atom  13 (**** ):   0.05
Clash for ligand atom  25 (**** ):   0.22
Clash for ligand atom  28 (**** ):   0.04
Clash for ligand atom  29 (**** ):   0.01
--------------------------------------------------------------------------------


--------------------------------------------------------------------------------
--- Chromosome decoded                                                       ---
--------------------------------------------------------------------------------
Ligand Torsions
[   1    2    4    5]  -56.59
[   2    4    5    6]  179.49
[   4    5    6   29]   87.70
[   9   10   11   16]   -2.68
[  21   20   19   15] -120.34
[  22   21   20   19]   79.90
[  51   22   21   20] -107.16
[  27   23   21   20]  156.46
Protein Torsions
[6907 6896 6895 6894] -146.88 
[7974 7965 7964 7962]   15.58 
[8008 7997 7996 7995]  -41.91 
[10167 10162 10161 10158] -160.15 
[10718 10713 10712 10709]  162.15 
[10763 10752 10751 10750]  -77.44 
[11005 11000 10999 10996]  -19.87 
Mapping
Ligand acceptors to protein hydrogens (mapping then atom ids)
  1  44 [ 12->10764]
  2  18 [ 14->7998]
Ligand hydrogens to protein acceptors (mapping then atom ids)
  1  40 [ 63->10747]
  2   7 [ 64->7948]
Ligand shape atoms to protein points (mapping then atom ids & coords)
  2  4727 [  3->(146.250 132.000 151.500)]
  8  7719 [ 13->(151.000 138.250 155.000)]
 11  7517 [ 21->(150.750 142.500 158.000)]
 12  7331 [ 23->(150.500 143.000 158.000)]
 13  8828 [ 24->(152.000 143.500 159.000)]
 14  9509 [ 25->(152.750 144.250 158.500)]
 15  9187 [ 26->(152.250 145.000 159.250)]
Ligand N+ atoms to protein TRP (mapping then atom ids & coords)
Chromosome values
Integers:
  43   17   -1   -1   -1   39    6   -1   -1    4   -1 4726 
  -1   -1   -1   -1   -1 7718   -1   -1 7516 7330 8827 9508 
9186   -1   -1 
--------------------------------------------------------------------------------

Current Ranking  3  1  2

--------------------------------------------------------------------------------

* GA execution time :                                                           
  total  1.5691 user  1.5651 sys  0.0040

--------------------------------------------------------------------------------
Fitness function evaluations: 118569

--------------------------------------------------------------------------------
** Docking run number  4 **
--------------------------------------------------------------------------------
  Rank fitness base is 5000.00 ; increment is 11.2233

* Initialising population(s) ...                                                
Number of constraints mappings 0
Number of constraints 0
  Population no.                           :      1
  Population size                          :    100
  Number of duplicates                     :      0
  Number of niche violations               :      0
  Number of errors                         :   2372

Number of constraints mappings 0
Number of constraints 0
  Population no.                           :      2
  Population size                          :    100
  Number of duplicates                     :      0
  Number of niche violations               :      0
  Number of errors                         :   2355

Number of constraints mappings 0
Number of constraints 0
  Population no.                           :      3
  Population size                          :    100
  Number of duplicates                     :      0
  Number of niche violations               :      0
  Number of errors                         :   2386

Number of constraints mappings 0
Number of constraints 0
  Population no.                           :      4
  Population size                          :    100
  Number of duplicates                     :      0
  Number of niche violations               :      0
  Number of errors                         :   2330

Number of constraints mappings 0
Number of constraints 0
  Population no.                           :      5
  Population size                          :    100
  Number of duplicates                     :      0
  Number of niche violations               :      0
  Number of errors                         :   2307


Doing GA, no. of population(s) 5 size 100 selection pressure 1.100000

 Operation      Score     S(PLP)   S(hbond)     S(cho)   S(metal)  DE(clash)   DE(tors)     intcor
         0      20.99     -26.23       0.00       0.00       0.00       2.63       1.61       0.60
      1891      21.85     -23.07       0.00       0.00       0.00       0.00       0.92       0.60
      2005      27.00     -33.51       0.35       0.66       0.00       4.37       2.90       0.60
      4013      31.55     -35.05       1.20       0.00       0.00       2.29       2.71       0.60
      4233      33.62     -35.31       1.53       0.00       0.00       2.29       2.29       0.60
      4924      36.48     -38.61       1.16       0.00       0.00       2.69       1.76       0.60
      5584      39.14     -38.80       1.40       0.00       0.00       1.74       1.36       0.60
      7024      39.97     -38.82       1.51       0.00       0.00       1.35       1.33       0.60
     10988      41.97     -35.55       1.91       0.96       0.00       0.00       1.40       0.60
     13363      42.17     -35.85       1.93       0.91       0.00       0.00       1.40       0.60
     13998      43.26     -39.13       2.00       1.00       0.00       1.01       2.23       0.60
     14131      44.53     -38.31       2.23       0.58       0.00       0.32       1.24       0.60
     14850      46.35     -39.73       1.98       1.00       0.00       0.00       1.47       0.60
     14976      46.89     -39.70       2.00       1.00       0.00       0.00       1.21       0.60
     16147      48.29     -41.16       2.00       1.00       0.00       0.00       1.24       0.60
     17181      49.16     -41.97       2.00       1.00       0.00       0.00       1.21       0.60
     17722      49.20     -41.71       2.00       1.00       0.00       0.00       1.06       0.60
     18027      49.24     -41.56       2.00       1.00       0.00       0.00       0.96       0.60
     18912      49.28     -41.84       2.00       1.00       0.00       0.00       1.08       0.60
     19247      49.58     -42.16       2.00       1.00       0.00       0.00       1.09       0.60
     19306      50.18     -42.51       2.02       1.00       0.00       0.00       1.00       0.60
     22352      50.40     -42.77       2.00       1.00       0.00       0.00       0.99       0.60
     22937      50.76     -42.70       2.37       1.00       0.00       0.00       1.32       0.60
     23407      51.03     -42.49       2.53       1.00       0.00       0.00       1.32       0.60
     24019      51.97     -43.20       2.30       1.00       0.00       0.00       0.87       0.60
     26072      52.32     -42.69       2.89       1.00       0.00       0.00       1.32       0.60
     26184      52.73     -42.26       2.88       0.99       0.00       0.00       0.87       0.60
     27787      53.79     -43.99       2.95       1.00       0.00       0.00       1.32       0.60
     29717      53.96     -44.10       3.00       1.00       0.00       0.00       1.37       0.60
     29737      54.50     -44.57       2.95       1.00       0.00       0.00       1.19       0.45
     29812      54.66     -44.65       3.00       0.98       0.00       0.00       1.19       0.45
     30397      54.67     -44.56       3.00       1.00       0.00       0.00       1.17       0.45
     32971      54.74     -44.73       3.00       1.00       0.00       0.00       1.22       0.45
     33726      54.80     -44.55       3.00       0.98       0.00       0.06       1.04       0.45
     34873      54.82     -44.74       3.00       0.99       0.00       0.00       1.17       0.45
     35178      54.84     -44.54       3.00       1.00       0.00       0.00       1.08       0.45
     36160      55.07     -44.90       3.00       0.98       0.00       0.00       1.10       0.45
     36916      55.12     -44.76       3.00       1.00       0.00       0.00       1.04       0.45
     38394      55.22     -45.05       3.00       0.96       0.00       0.00       1.08       0.45
     40219      55.29     -45.00       3.00       1.00       0.00       0.00       1.08       0.45
     40461      55.35     -45.01       3.00       1.00       0.00       0.00       1.06       0.45
     40773      55.39     -45.12       3.00       1.00       0.00       0.00       1.09       0.45
     41090      55.39     -45.04       3.00       0.99       0.00       0.00       1.04       0.45
     41727      55.62     -45.38       3.00       0.97       0.00       0.00       1.06       0.45
     41891      55.78     -45.43       3.00       0.98       0.00       0.00       1.02       0.45
     43055      55.80     -45.51       3.00       0.97       0.00       0.00       1.04       0.45
     44740      55.86     -45.61       3.00       0.98       0.00       0.00       1.07       0.45
     46937      55.86     -45.55       3.00       0.98       0.00       0.00       1.04       0.45
     49533      55.89     -45.70       3.00       0.95       0.00       0.00       1.06       0.45
     55494      55.92     -45.81       3.00       0.94       0.00       0.00       1.08       0.45
     57465      55.94     -45.69       3.00       0.97       0.00       0.00       1.06       0.45
     62076      56.00     -45.71       3.00       0.97       0.00       0.00       1.04       0.45
     62401      56.06     -45.75       3.00       0.98       0.00       0.00       1.05       0.45
--------------------------------------------------------------------------------
Best docking solution after GA:
     63500      56.06     -45.75       3.00       0.98       0.00       0.00       1.05       0.45

#ops:      63500 #mutates:  30202 #cross:    30020 #migrate:   3278 
#dups:     23803 #niche:    42200 #errors:    1195 
--------------------------------------------------------------------------------

Doing AMOEBA simplex on best individual
Done simplexing #iterations 350, best score  56.49

Ligand is stored in gold_soln_AV-procd_m1282_4.sdf


--------------------------------------------------------------------------------
--- CHEMPLP breakdown of terms                                               ---
--------------------------------------------------------------------------------
CHEMPLP = - ( 1.0000*S(PLP) + -3.0000*S(hbond) + -6.0000*S(metal) + -3.0000*S(cho) )

Score = CHEMPLP - 1.0000*DE(clash) - 2.0000*DE(tors)

Internal energy term has been corrected with the best internal energy encountered.

--------------------------------------------------------------------------------


     Score     S(PLP)   S(hbond)     S(cho)   S(metal)  DE(clash)   DE(tors)     intcor
     56.49     -45.95       3.00       0.99       0.00       0.00       0.94       0.45

--------------------------------------------------------------------------------
--- PLP analysis of protein-ligand interactions                              ---
--------------------------------------------------------------------------------
hydrogen bonding        :      -2.00
metal                   :       0.00
buried (polar-nonpolar) :      -5.73
nonpolar                :     -39.52
repulsive               :       0.55
--------------------------------------------------------------------------------


--------------------------------------------------------------------------------
--- ChemScore analysis of protein-ligand interactions                        ---
--------------------------------------------------------------------------------

* Hydrogen bonds                                                                
Ligand donor    2 hydrogen   63 Protein acceptor 7921 bond energy  1.00 wt 1.00
Ligand donor    6 hydrogen   64 Protein acceptor 7948 bond energy  1.00 wt 2.00


* CH..O interactions                                                            
  CH group selection                       : activated ring CH (adjacent to hetatom)
Ligand carbon   18 hydrogen   47 Protein acceptor 8028 bond energy  1.00 wt 0.99

--------------------------------------------------------------------------------


--------------------------------------------------------------------------------
--- Intra-ligand clashes                                                     ---
--------------------------------------------------------------------------------

Ligand
--------------------------------------------------------------------------------

--------------------------------------------------------------------------------
--- Rescoring solution                                                       ---
--------------------------------------------------------------------------------

     Score         DG    S(hbond)    S(metal)    S(lipo)     H(rot)  DE(clash)    DE(int)
     12.34     -16.89       1.34        0.00     119.32       2.75       1.18       3.36

Doing AMOEBA simplex on best individual
Done simplexing #iterations 1015, best score  15.30

     Score         DG    S(hbond)    S(metal)    S(lipo)     H(rot)  DE(clash)    DE(int)
     15.30     -18.63       1.90        0.00     118.34       2.75       0.92       2.41

--------------------------------------------------------------------------------
--- ChemScore breakdown of terms                                             ---
--------------------------------------------------------------------------------
DG = -5.4800 + -3.3400*S(hbond)
     + -6.0300*S(metal) + -0.1170*S(lipo) + 2.5600*H(rot)


H(rot) = 2.7493

Score = -(DG + DE(clash) + DE(int))


--------------------------------------------------------------------------------


--------------------------------------------------------------------------------
--- ChemScore analysis of protein-ligand interactions                        ---
--------------------------------------------------------------------------------

* Hydrogen bonds                                                                
Ligand donor    2 hydrogen   63 Protein acceptor 7921 bond energy  1.00 wt 0.90
Ligand donor    6 hydrogen   64 Protein acceptor 7948 bond energy  1.00 wt 1.00

CHEMSCORE EXTRA INTERACTIONS:

* Clashes                                                                       
Clash for ligand atom   1 (**** ):   0.85
Clash for ligand atom   7 (**** ):   0.01
Clash for ligand atom  10 (**** ):   0.05
Clash for ligand atom  20 (**** ):   0.01
--------------------------------------------------------------------------------


--------------------------------------------------------------------------------
--- Chromosome decoded                                                       ---
--------------------------------------------------------------------------------
Ligand Torsions
[   1    2    4    5] -170.29
[   2    4    5    6]  140.95
[   4    5    6   29]   82.41
[   9   10   11   16]   15.55
[  21   20   19   15]  -66.91
[  22   21   20   19]   60.98
[  51   22   21   20]   83.72
[  27   23   21   20]   55.14
Protein Torsions
[6907 6896 6895 6894]   82.29 
[7974 7965 7964 7962]   48.60 
[8008 7997 7996 7995] -136.54 
[10167 10162 10161 10158]  -68.26 
[10718 10713 10712 10709]  -53.58 
[10763 10752 10751 10750]  -19.42 
[11005 11000 10999 10996]  -38.87 
Mapping
Ligand acceptors to protein hydrogens (mapping then atom ids)
Ligand hydrogens to protein acceptors (mapping then atom ids)
  2   7 [ 64->7948]
Ligand shape atoms to protein points (mapping then atom ids & coords)
  1  2639 [  1->(144.250 132.500 150.750)]
  2  4981 [  3->(146.500 133.000 150.750)]
  3  2504 [  4->(144.000 133.750 149.750)]
  4  4768 [  5->(146.250 133.250 150.750)]
  6  3999 [  8->(145.500 137.500 152.250)]
  7  4845 [  9->(146.250 138.750 152.750)]
  8  7975 [ 13->(151.250 138.500 155.750)]
 11  7501 [ 21->(150.750 141.500 158.000)]
 12  8777 [ 23->(152.000 142.250 158.750)]
 13  8566 [ 24->(151.750 143.500 159.250)]
 14  9254 [ 25->(152.500 143.000 159.250)]
 15  8105 [ 26->(151.250 144.500 159.000)]
Ligand N+ atoms to protein TRP (mapping then atom ids & coords)
Chromosome values
Integers:
  -1   -1   -1   -1   -1   -1    6   -1   -1    7 2638 4980 
2503 4767   -1 3998 4844 7974   -1   -1 7500 8776 8565 9253 
8104   -1   -1 
--------------------------------------------------------------------------------

Current Ranking  3  1  4  2

--------------------------------------------------------------------------------

* GA execution time :                                                           
  total  1.6574 user  1.6534 sys  0.0040

--------------------------------------------------------------------------------
Fitness function evaluations: 116271

--------------------------------------------------------------------------------
** Docking run number  5 **
--------------------------------------------------------------------------------
  Rank fitness base is 5000.00 ; increment is 11.2233

* Initialising population(s) ...                                                
Number of constraints mappings 0
Number of constraints 0
  Population no.                           :      1
  Population size                          :    100
  Number of duplicates                     :      0
  Number of niche violations               :      0
  Number of errors                         :   2375

Number of constraints mappings 0
Number of constraints 0
  Population no.                           :      2
  Population size                          :    100
  Number of duplicates                     :      0
  Number of niche violations               :      0
  Number of errors                         :   2404

Number of constraints mappings 0
Number of constraints 0
  Population no.                           :      3
  Population size                          :    100
  Number of duplicates                     :      0
  Number of niche violations               :      0
  Number of errors                         :   2310

Number of constraints mappings 0
Number of constraints 0
  Population no.                           :      4
  Population size                          :    100
  Number of duplicates                     :      0
  Number of niche violations               :      0
  Number of errors                         :   2171

Number of constraints mappings 0
Number of constraints 0
  Population no.                           :      5
  Population size                          :    100
  Number of duplicates                     :      0
  Number of niche violations               :      0
  Number of errors                         :   2400


Doing GA, no. of population(s) 5 size 100 selection pressure 1.100000

 Operation      Score     S(PLP)   S(hbond)     S(cho)   S(metal)  DE(clash)   DE(tors)     intcor
         0      15.00     -20.05       0.00       0.90       0.00       2.40       2.91       0.45
       757      16.96     -25.99       0.00       1.00       0.00       5.27       3.61       0.45
      1738      24.05     -24.08       1.79       0.00       0.00       0.00       2.92       0.45
      3604      24.11     -24.08       1.81       0.00       0.00       0.00       2.92       0.45
      3649      24.38     -22.30       1.85       0.00       0.00       0.00       1.96       0.45
      3998      24.91     -23.06       1.86       0.00       0.00       0.00       2.10       0.45
      4378      25.18     -30.42       1.54       0.80       0.00       4.01       4.34       0.45
      4746      35.79     -37.14       2.11       0.83       0.00       4.01       3.31       0.45
      8141      37.29     -36.94       0.62       1.00       0.00       0.00       2.49       0.45
      8906      38.74     -37.91       0.78       1.00       0.00       0.00       2.49       0.45
     11852      39.42     -41.37       1.73       1.00       0.00       3.35       3.62       0.45
     13542      39.46     -34.84       2.83       1.00       0.00       2.71       2.30       0.45
     13663      39.78     -36.35       2.00       1.00       0.00       1.23       2.39       0.45
     14289      40.19     -40.47       2.89       0.00       0.00       2.86       3.26       0.45
     15511      41.34     -37.94       2.00       1.00       0.00       0.00       3.02       0.45
     17346      41.59     -38.23       1.92       1.00       0.00       0.00       2.92       0.45
     18032      42.21     -38.15       2.90       0.41       0.00       0.00       3.15       0.45
     18156      42.47     -35.04       2.61       0.50       0.00       0.00       1.17       0.45
     19194      43.96     -43.38       2.66       0.00       0.00       1.60       3.13       0.45
     19444      44.71     -37.79       2.82       0.79       0.00       0.00       2.19       0.45
     20599      47.20     -43.98       3.77       0.00       0.00       2.31       3.12       0.45
     22230      48.97     -43.51       2.71       0.00       0.00       0.00       1.55       0.45
     22875      49.09     -45.03       2.40       0.00       0.00       0.28       1.66       0.45
     23092      52.75     -44.13       3.25       0.00       0.00       0.00       0.79       0.45
     23552      53.27     -44.13       3.42       0.00       0.00       0.00       0.79       0.45
     27082      53.29     -44.13       3.43       0.00       0.00       0.00       0.79       0.45
     29161      53.46     -44.15       3.50       0.00       0.00       0.00       0.82       0.45
     30551      53.77     -44.15       3.60       0.00       0.00       0.00       0.82       0.45
     30816      53.80     -44.15       3.61       0.00       0.00       0.00       0.82       0.45
     31489      53.96     -47.26       3.28       0.00       0.00       0.28       1.66       0.45
     32026      54.92     -45.77       3.45       0.00       0.00       0.00       0.82       0.45
     34811      55.20     -45.77       3.54       0.00       0.00       0.00       0.82       0.45
     35119      55.62     -47.58       3.73       0.00       0.00       0.28       1.66       0.45
     36084      56.23     -47.24       3.85       0.00       0.00       0.28       1.37       0.45
     38695      56.34     -48.47       3.64       0.00       0.00       0.28       1.61       0.45
     39984      56.42     -48.31       3.71       0.00       0.00       0.28       1.61       0.45
     40119      56.42     -48.31       3.71       0.00       0.00       0.28       1.61       0.45
     40723      56.47     -48.47       3.68       0.00       0.00       0.28       1.61       0.45
     41873      56.56     -48.31       3.76       0.00       0.00       0.28       1.61       0.45
     41883      56.66     -48.19       3.87       0.00       0.00       0.28       1.66       0.45
     43728      57.14     -48.12       4.06       0.00       0.00       0.28       1.66       0.45
     47173      57.19     -48.12       4.07       0.00       0.00       0.28       1.66       0.45
     48834      57.26     -48.33       4.02       0.00       0.00       0.28       1.65       0.45
     49028      57.33     -47.59       4.08       0.00       0.00       0.28       1.34       0.45
     49478      57.36     -48.33       4.05       0.00       0.00       0.28       1.65       0.45
     51150      57.40     -48.43       4.09       0.00       0.00       0.28       1.74       0.45
     51560      57.45     -48.43       4.10       0.00       0.00       0.28       1.74       0.45
     51868      57.65     -48.01       4.11       0.00       0.00       0.28       1.44       0.45
     52647      57.83     -48.67       4.08       0.00       0.00       0.28       1.63       0.45
     53062      57.88     -48.67       4.10       0.00       0.00       0.28       1.63       0.45
     54543      58.06     -48.28       4.15       0.00       0.00       0.28       1.42       0.45
     56192      58.18     -48.61       4.11       0.00       0.00       0.28       1.47       0.45
     56253      58.32     -48.57       4.13       0.00       0.00       0.28       1.41       0.45
     60548      58.36     -48.86       4.03       0.00       0.00       0.28       1.39       0.45
--------------------------------------------------------------------------------
Best docking solution after GA:
     63500      58.36     -48.86       4.03       0.00       0.00       0.28       1.39       0.45

#ops:      63500 #mutates:  30405 #cross:    29886 #migrate:   3209 
#dups:     15853 #niche:    38487 #errors:    1901 
--------------------------------------------------------------------------------

Doing AMOEBA simplex on best individual
Done simplexing #iterations 683, best score  62.27

Ligand is stored in gold_soln_AV-procd_m1282_5.sdf


--------------------------------------------------------------------------------
--- CHEMPLP breakdown of terms                                               ---
--------------------------------------------------------------------------------
CHEMPLP = - ( 1.0000*S(PLP) + -3.0000*S(hbond) + -6.0000*S(metal) + -3.0000*S(cho) )

Score = CHEMPLP - 1.0000*DE(clash) - 2.0000*DE(tors)

Internal energy term has been corrected with the best internal energy encountered.

--------------------------------------------------------------------------------


     Score     S(PLP)   S(hbond)     S(cho)   S(metal)  DE(clash)   DE(tors)     intcor
     62.27     -49.96       4.86       0.00       0.00       0.06       1.33       0.45

--------------------------------------------------------------------------------
--- PLP analysis of protein-ligand interactions                              ---
--------------------------------------------------------------------------------
hydrogen bonding        :      -4.00
metal                   :       0.00
buried (polar-nonpolar) :      -7.91
nonpolar                :     -38.37
repulsive               :       0.75
--------------------------------------------------------------------------------


--------------------------------------------------------------------------------
--- ChemScore analysis of protein-ligand interactions                        ---
--------------------------------------------------------------------------------

* Hydrogen bonds                                                                
Ligand donor    2 hydrogen   63 Protein acceptor 10747 bond energy  1.00 wt 1.00
Ligand donor    6 hydrogen   64 Protein acceptor 7948 bond energy  1.00 wt 2.00
Protein donor 7989 hydrogen 7998 Ligand acceptor   14 bond energy  1.00 wt 0.86
Protein donor 10752 hydrogen 10765 Ligand acceptor   12 bond energy  1.00 wt 1.00


* CH..O interactions                                                            
  CH group selection                       : activated ring CH (adjacent to hetatom)

--------------------------------------------------------------------------------


--------------------------------------------------------------------------------
--- Intra-ligand clashes                                                     ---
--------------------------------------------------------------------------------

Ligand
  7 (**** ) -   4 (**** ):   0.06 (dist   2.75)
--------------------------------------------------------------------------------

--------------------------------------------------------------------------------
--- Rescoring solution                                                       ---
--------------------------------------------------------------------------------

     Score         DG    S(hbond)    S(metal)    S(lipo)     H(rot)  DE(clash)    DE(int)
     14.37     -17.79       1.93        0.00     110.34       2.75       0.69       2.73

Doing AMOEBA simplex on best individual
Done simplexing #iterations 1163, best score  15.38

     Score         DG    S(hbond)    S(metal)    S(lipo)     H(rot)  DE(clash)    DE(int)
     15.38     -18.01       2.00        0.00     110.18       2.75       0.04       2.59

--------------------------------------------------------------------------------
--- ChemScore breakdown of terms                                             ---
--------------------------------------------------------------------------------
DG = -5.4800 + -3.3400*S(hbond)
     + -6.0300*S(metal) + -0.1170*S(lipo) + 2.5600*H(rot)


H(rot) = 2.7493

Score = -(DG + DE(clash) + DE(int))


--------------------------------------------------------------------------------


--------------------------------------------------------------------------------
--- ChemScore analysis of protein-ligand interactions                        ---
--------------------------------------------------------------------------------

* Hydrogen bonds                                                                
Ligand donor    2 hydrogen   63 Protein acceptor 10747 bond energy  1.00 wt 0.99
Ligand donor    6 hydrogen   64 Protein acceptor 7948 bond energy  1.00 wt 0.28
Protein donor 7989 hydrogen 7998 Ligand acceptor   14 bond energy  1.00 wt 0.42
Protein donor 10752 hydrogen 10765 Ligand acceptor   12 bond energy  1.00 wt 0.31

CHEMSCORE EXTRA INTERACTIONS:

* Clashes                                                                       
Clash for ligand atom   5 (**** ):   0.01
Clash for ligand atom  12 (**** ):   0.03
--------------------------------------------------------------------------------


--------------------------------------------------------------------------------
--- Chromosome decoded                                                       ---
--------------------------------------------------------------------------------
Ligand Torsions
[   1    2    4    5] -149.35
[   2    4    5    6] -156.88
[   4    5    6   29]  155.85
[   9   10   11   16]   11.26
[  21   20   19   15] -114.27
[  22   21   20   19]   64.79
[  51   22   21   20]  165.41
[  27   23   21   20]   70.10
Protein Torsions
[6907 6896 6895 6894] -102.27 
[7974 7965 7964 7962] -134.94 
[8008 7997 7996 7995]   30.62 
[10167 10162 10161 10158]  171.44 
[10718 10713 10712 10709]  -37.79 
[10763 10752 10751 10750]  163.68 
[11005 11000 10999 10996] -143.82 
Mapping
Ligand acceptors to protein hydrogens (mapping then atom ids)
Ligand hydrogens to protein acceptors (mapping then atom ids)
  1  40 [ 63->10747]
Ligand shape atoms to protein points (mapping then atom ids & coords)
  3  4971 [  4->(146.500 132.500 152.000)]
 11  8258 [ 21->(151.500 142.500 158.250)]
 14  9189 [ 25->(152.250 145.000 159.750)]
Ligand N+ atoms to protein TRP (mapping then atom ids & coords)
Chromosome values
Integers:
  -1   -1   -1   -1   -1   39   -1   -1   -1    2   -1   -1 
4970   -1   -1   -1   -1   -1   -1   -1 8257   -1   -1 9188 
  -1   -1   -1 
--------------------------------------------------------------------------------

Current Ranking  3  1  5  4  2

Top  3 (of  5) solutions are within 1.500 RMSD, finishing docking /DATA2/COVID-19/PDBs_&_Models/AV-procd.sdf.


--------------------------------------------------------------------------------

* GA execution time :                                                           
  total  1.5768 user  1.5768 sys  0.0000

--------------------------------------------------------------------------------
Fitness function evaluations: 117252

--------------------------------------------------------------------------------
--- Ranking analysis                                                         ---
--------------------------------------------------------------------------------


* Final ranked order of GA solutions:                                           
   3  1  5  4  2 

  _______________________________
  RMSD Matrix of RANKED solutions

        2    3    4    5  

   1 :  0.8  0.9  2.1  1.9
   2 :       0.7  2.6  2.4
   3 :            2.5  2.3
   4 :                 0.8

  Clustering method                        : complete linkage
  Structure ids in cluster table           : rank nos.
  Ordering of clusters and their members   : by rank (order if from rms_analysis)

  Distance | Clusters
   0.68    |  1 |  2  3 |  4 |  5 |
   0.76    |  1 |  2  3 |  4  5 |
   0.86    |  1  2  3 |  4  5 |
   2.63    |  1  2  3  4  5 |
  Finished Docking Ligand                  : /DATA2/COVID-19/PDBs_&_Models/AV-procd.sdf
--------------------------------------------------------------------------------

  Relative_Ligand_Energy (best encountered) :   0.452
  Relative_Ligand_Energy: fitness values have been corrected using this amount
