
--------------------------------------------------------------------------------
--- Ligand                                                                   ---
--------------------------------------------------------------------------------
  Ligand loaded from file                  : /DATA2/COVID-19/PDBs_&_Models/AV-procd.sdf
  Ligand name                              :  
  "AV-unprocessed.smi:3098                                                  "

--------------------------------------------------------------------------------
  N.plc donors                             : 
  none found

  Acidic nitrogen acceptors                : 
  none found
  Sulfur acceptors                         :
  none found


  Donor atoms                              :      1
  1   
  Acceptor atoms                           :      3
  5   7   10  

  Hydrogens                                :  (n = 3)
  16   17   30   

  Lone pairs added to molecule             :      4
  Numbering                                : from 31 to 34
  Choline groups                           : 
   

--------------------------------------------------------------------------------
--- Postprocessing of typing                                                 ---
--------------------------------------------------------------------------------
  Fragment file                            : /home/scv26/CCDC/Discovery_2020/GOLD/gold/rotatable_bond_override.mol2
  acylurea fragment                        : no matches
  thioacylthiourea fragment                : no matches
  acylthiourea fragment                    : no matches
  thioacylurea fragment                    : no matches
  diarylamine fragment >C.ar-NH-C.ar<      : no matches
  sec-amine (1) fragment                   : no matches
  sec-amine (2) fragment                   : no matches
  sec-amine (3) fragment                   : no matches
  carboxylic ester                         : no matches

* Rotatable bonds in /DATA2/COVID-19/PDBs  :
  [   1    2] [   2    3] [   6    7] 
  No. of rotatable bonds                   :      3


* Fragments found in /DATA2/COVID-19/PDBs  :


* Checking torsion distributions:                                               
  No. of matched torsions                  :      0

--------------------------------------------------------------------------------
--- Shape fitting atoms selection (hydrophobic atoms)                        ---
--------------------------------------------------------------------------------
  Molecule                                 : /DATA2/COVID-19/PDBs_&_Models/AV-procd.sdf
  Selection                                : carbons only
  Atom numbers                             :  (n = 7)
  2    4    8    9    11   12   15   


--------------------------------------------------------------------------------
--- ChemScore ligand setup summary                                           ---
--------------------------------------------------------------------------------
  ChemScore ligand acceptors               :      3
  5 7 10 
  ChemScore ligand donors                  :      1
  1 ( 16 [+] 17 [+] 30 [+]  ) 
  ChemScore ligand CH donors               :      1
  4 ( 20 ) 

  ChemScore ligand lipophilic atoms        :  (n = 9)
  2    3    4    8    9    11   12   13   15   

  ChemScore ligand rotatable bonds         :      3
  1   (****) - 2   (****): SP3_SP3_BOND
  2   (****) - 3   (****): SP3_SP2_BOND
  6   (****) - 7   (****): SP3_SP2_BOND

--------------------------------------------------------------------------------
--- PLP ligand setup summary                                                 ---
--------------------------------------------------------------------------------
    1  ****   N.4 DONOR
    2  ****   C.3 NONPOLAR
    3  ****  C.ar NONPOLAR
    4  ****  C.ar NONPOLAR
    5  ****  N.ar ACCEPTOR
    6  ****  C.ar NONPOLAR
    7  ****   N.3 ACCEPTOR
    8  ****   C.3 NONPOLAR
    9  ****   C.3 NONPOLAR
   10  ****   O.3 ACCEPTOR
   11  ****   C.3 NONPOLAR
   12  ****   C.3 NONPOLAR
   13  ****  C.ar NONPOLAR
   14  ****     F NONPOLAR
   15  ****  C.ar NONPOLAR


--------------------------------------------------------------------------------
--- Automatic parameter setting                                              ---
--------------------------------------------------------------------------------
  Contribution base                        :   2500
  Contribution per rotatable bond          :   6000
  Contribution per df                      :   4000
  Contribution per water                   :  10000
  Ligand rotatable bonds                   :      3
  Protein flexible side chain bonds        :      0
  Total rotatable bonds                    :      3
  Hydrophobic vol ratio (P/L)              :   3.295
  Base multiplier (polar)                  :   0.800
  Base multiplier (apolar)                 :   4.614
  Base contribution                        : 12500.000
  Fitting points                           :      4
  Estimated maxops needed (optimal)        :  31000

--------------------------------------------------------------------------------

* Population settings                                                           
  maxops                                   :  31000
  popsiz                                   :    100
  select_pressure                          :   1.100
  n_islands                                :      3
  niche_siz                                :      2

* GA settings                                                                   
  pt_crosswt                               :     95
  allele_mutatewt                          :     95
  migratewt                                :     10

* Search settings                                                               
  start_vdw_linear_cutoff                  :   4.000
  initial_virtual_pt_match_max             :   3.000

--------------------------------------------------------------------------------

* Ligand initialisation time :                                                  
  total  0.0038 user  0.0038 sys  0.0000

--------------------------------------------------------------------------------

--------------------------------------------------------------------------------
** Docking run number  1 **
--------------------------------------------------------------------------------
  Rank fitness base is 5000.00 ; increment is 11.2233

* Initialising population(s) ...                                                
Number of constraints mappings 0
Number of constraints 0
  Population no.                           :      1
  Population size                          :    100
  Number of duplicates                     :      0
  Number of niche violations               :      0
  Number of errors                         :   7981

Number of constraints mappings 0
Number of constraints 0
  Population no.                           :      2
  Population size                          :    100
  Number of duplicates                     :      0
  Number of niche violations               :      0
  Number of errors                         :   7298

Number of constraints mappings 0
Number of constraints 0
  Population no.                           :      3
  Population size                          :    100
  Number of duplicates                     :      0
  Number of niche violations               :      0
  Number of errors                         :   8147


Doing GA, no. of population(s) 3 size 100 selection pressure 1.100000

 Operation      Score     S(PLP)   S(hbond)     S(cho)   S(metal)  DE(clash)   DE(tors)     intcor
         0      26.41     -19.66       1.98       1.00       0.00       2.08       0.12       0.11
      1828      27.88     -19.68       3.00       0.00       0.00       0.00       0.45       0.11
      1924      28.51     -21.07       3.05       0.00       0.00       0.00       0.91       0.11
      3172      28.81     -21.07       3.15       0.00       0.00       0.00       0.91       0.11
      4468      29.34     -21.07       3.33       0.00       0.00       0.00       0.91       0.11
      5746      29.88     -23.12       2.77       0.00       0.00       0.00       0.83       0.11
      7085      30.64     -22.83       1.57       1.34       0.00       0.00       0.51       0.11
      9592      30.65     -23.27       3.00       0.00       0.00       0.00       0.86       0.11
      9717      30.72     -23.38       1.98       0.48       0.00       0.00       0.08       0.11
     10954      30.96     -22.96       1.57       1.34       0.00       0.00       0.42       0.11
     13456      34.22     -26.50       3.00       0.00       0.00       0.00       0.69       0.11
     14376      36.21     -28.27       3.00       0.00       0.00       0.00       0.59       0.11
     15939      37.01     -28.88       3.00       0.00       0.00       0.00       0.49       0.11
     18426      37.13     -28.88       3.04       0.00       0.00       0.00       0.49       0.11
     18447      37.45     -28.88       3.15       0.00       0.00       0.00       0.49       0.11
     18724      37.56     -28.88       3.18       0.00       0.00       0.00       0.49       0.11
     18847      37.78     -29.12       3.15       0.00       0.00       0.00       0.45       0.11
     22284      38.88     -30.30       3.17       0.00       0.00       0.00       0.52       0.11
     22527      38.89     -30.10       3.12       0.00       0.00       0.00       0.34       0.11
     28039      38.89     -30.10       3.12       0.00       0.00       0.00       0.34       0.11
     29694      38.90     -30.11       3.11       0.00       0.00       0.00       0.33       0.11
     29749      38.91     -30.10       3.12       0.00       0.00       0.00       0.34       0.11
     29817      38.95     -30.24       3.15       0.00       0.00       0.00       0.43       0.11
     30503      38.98     -30.28       3.15       0.00       0.00       0.00       0.43       0.11
--------------------------------------------------------------------------------
Best docking solution after GA:
     31000      38.98     -30.28       3.15       0.00       0.00       0.00       0.43       0.11

#ops:      31000 #mutates:  14770 #cross:    14653 #migrate:   1577 
#dups:      5836 #niche:    14427 #errors:    2154 
--------------------------------------------------------------------------------

Doing AMOEBA simplex on best individual
Done simplexing #iterations 817, best score  42.49

Ligand is stored in gold_soln_AV-procd_m11800_1.sdf


--------------------------------------------------------------------------------
--- CHEMPLP breakdown of terms                                               ---
--------------------------------------------------------------------------------
CHEMPLP = - ( 1.0000*S(PLP) + -3.0000*S(hbond) + -6.0000*S(metal) + -3.0000*S(cho) )

Score = CHEMPLP - 1.0000*DE(clash) - 2.0000*DE(tors)

Internal energy term has been corrected with the best internal energy encountered.

--------------------------------------------------------------------------------


     Score     S(PLP)   S(hbond)     S(cho)   S(metal)  DE(clash)   DE(tors)     intcor
     42.49     -31.18       3.91       0.00       0.00       0.00       0.26       0.11

--------------------------------------------------------------------------------
--- PLP analysis of protein-ligand interactions                              ---
--------------------------------------------------------------------------------
hydrogen bonding        :      -3.00
metal                   :       0.00
buried (polar-nonpolar) :      -4.65
nonpolar                :     -24.97
repulsive               :       0.08
--------------------------------------------------------------------------------


--------------------------------------------------------------------------------
--- ChemScore analysis of protein-ligand interactions                        ---
--------------------------------------------------------------------------------

* Hydrogen bonds                                                                
Ligand donor    1 hydrogen   16 Protein acceptor 7957 bond energy  1.00 wt 1.00
Ligand donor    1 hydrogen   30 Protein acceptor 7948 bond energy  1.00 wt 2.00
Protein donor 7997 hydrogen 8009 Ligand acceptor    5 bond energy  1.00 wt 0.91


* CH..O interactions                                                            
  CH group selection                       : activated ring CH (adjacent to hetatom)

--------------------------------------------------------------------------------


--------------------------------------------------------------------------------
--- Intra-ligand clashes                                                     ---
--------------------------------------------------------------------------------

Ligand
--------------------------------------------------------------------------------

--------------------------------------------------------------------------------
--- Rescoring solution                                                       ---
--------------------------------------------------------------------------------

     Score         DG    S(hbond)    S(metal)    S(lipo)     H(rot)  DE(clash)    DE(int)
     15.56     -17.18       1.85        0.00      76.45       1.34       0.64       0.97

Doing AMOEBA simplex on best individual
Done simplexing #iterations 580, best score  17.60

     Score         DG    S(hbond)    S(metal)    S(lipo)     H(rot)  DE(clash)    DE(int)
     17.60     -18.34       2.06        0.00      80.39       1.34       0.27       0.47

--------------------------------------------------------------------------------
--- ChemScore breakdown of terms                                             ---
--------------------------------------------------------------------------------
DG = -5.4800 + -3.3400*S(hbond)
     + -6.0300*S(metal) + -0.1170*S(lipo) + 2.5600*H(rot)


H(rot) = 1.3423

Score = -(DG + DE(clash) + DE(int))


--------------------------------------------------------------------------------


--------------------------------------------------------------------------------
--- ChemScore analysis of protein-ligand interactions                        ---
--------------------------------------------------------------------------------

* Hydrogen bonds                                                                
Ligand donor    1 hydrogen   16 Protein acceptor 7957 bond energy  1.00 wt 0.99
Ligand donor    1 hydrogen   30 Protein acceptor 7948 bond energy  1.00 wt 0.99
Protein donor 7997 hydrogen 8009 Ligand acceptor    5 bond energy  1.00 wt 0.08

CHEMSCORE EXTRA INTERACTIONS:

* Clashes                                                                       
Clash for ligand atom   2 (**** ):   0.02
Clash for ligand atom  10 (**** ):   0.03
Clash for ligand atom  12 (**** ):   0.02
Clash for ligand atom  14 (**** ):   0.20
--------------------------------------------------------------------------------


--------------------------------------------------------------------------------
--- Chromosome decoded                                                       ---
--------------------------------------------------------------------------------
Ligand Torsions
[  16    1    2    3]   87.63
[   1    2    3   15]   -1.87
[  12    7    6    5]  113.80
Protein Torsions
[6907 6896 6895 6894] -135.57 
[7974 7965 7964 7962] -142.87 
[8008 7997 7996 7995]  165.23 
[10167 10162 10161 10158]  115.91 
[10718 10713 10712 10709]   81.83 
[10763 10752 10751 10750]  -15.19 
[11005 11000 10999 10996] -127.60 
Mapping
Ligand acceptors to protein hydrogens (mapping then atom ids)
Ligand hydrogens to protein acceptors (mapping then atom ids)
  1   9 [ 16->7957]
  3   7 [ 30->7948]
Ligand shape atoms to protein points (mapping then atom ids & coords)
  3  9393 [  8->(152.750 142.000 160.250)]
Chromosome values
Integers:
  -1   -1   -1    8   -1    6   -1   -1 9392   -1   -1   -1 
  -1 
--------------------------------------------------------------------------------

Current Ranking  1

--------------------------------------------------------------------------------

* GA execution time :                                                           
  total  0.6028 user  0.5988 sys  0.0040

--------------------------------------------------------------------------------
Fitness function evaluations: 77972

--------------------------------------------------------------------------------
** Docking run number  2 **
--------------------------------------------------------------------------------
  Rank fitness base is 5000.00 ; increment is 11.2233

* Initialising population(s) ...                                                
Number of constraints mappings 0
Number of constraints 0
  Population no.                           :      1
  Population size                          :    100
  Number of duplicates                     :      0
  Number of niche violations               :      0
  Number of errors                         :   7864

Number of constraints mappings 0
Number of constraints 0
  Population no.                           :      2
  Population size                          :    100
  Number of duplicates                     :      0
  Number of niche violations               :      0
  Number of errors                         :   7468

Number of constraints mappings 0
Number of constraints 0
  Population no.                           :      3
  Population size                          :    100
  Number of duplicates                     :      0
  Number of niche violations               :      0
  Number of errors                         :   7524


Doing GA, no. of population(s) 3 size 100 selection pressure 1.100000

 Operation      Score     S(PLP)   S(hbond)     S(cho)   S(metal)  DE(clash)   DE(tors)     intcor
         0      16.80     -11.73       2.00       0.00       0.00       0.00       0.52       0.11
       169      17.99     -20.54       0.00       0.00       0.00       2.07       0.30       0.11
       295      19.29     -20.30       0.00       0.00       0.00       1.01       0.05       0.11
       334      22.94     -17.76       2.00       1.00       0.00       3.53       0.20       0.11
       517      24.86     -24.12       0.50       0.00       0.00       0.00       0.43       0.11
       781      26.58     -21.63       2.19       0.00       0.00       0.00       0.87       0.11
       958      26.73     -21.63       2.24       0.00       0.00       0.00       0.87       0.11
      3610      27.63     -25.57       0.82       0.00       0.00       0.00       0.25       0.11
      3970      28.47     -23.62       1.84       0.00       0.00       0.00       0.39       0.11
      4269      33.26     -26.43       2.50       0.00       0.00       0.00       0.39       0.11
      4677      33.34     -26.43       2.53       0.00       0.00       0.00       0.39       0.11
      6395      35.45     -27.11       3.00       0.00       0.00       0.00       0.39       0.11
      7793      35.49     -26.98       3.00       0.00       0.00       0.00       0.31       0.11
      8626      36.28     -27.80       3.07       0.00       0.00       0.00       0.42       0.11
      9985      36.55     -28.39       3.07       0.00       0.00       0.00       0.58       0.11
     10399      36.59     -28.22       3.07       0.00       0.00       0.00       0.48       0.11
     13523      36.82     -28.55       3.04       0.00       0.00       0.00       0.48       0.11
     14322      36.95     -29.15       3.02       0.00       0.00       0.00       0.69       0.11
     14912      37.06     -28.70       3.07       0.00       0.00       0.00       0.48       0.11
     15882      37.32     -29.15       3.15       0.00       0.00       0.00       0.69       0.11
     17262      37.34     -29.15       3.15       0.00       0.00       0.00       0.69       0.11
     18472      37.38     -29.36       3.07       0.00       0.00       0.00       0.65       0.11
     19577      37.40     -29.31       3.09       0.00       0.00       0.00       0.65       0.11
     23675      37.52     -29.48       3.10       0.00       0.00       0.00       0.68       0.11
     26843      37.53     -29.48       3.10       0.00       0.00       0.00       0.68       0.11
     27251      37.56     -29.55       3.10       0.00       0.00       0.00       0.70       0.11
     28385      37.58     -29.55       3.10       0.00       0.00       0.00       0.70       0.11
     29689      38.26     -30.06       3.18       0.00       0.00       0.00       0.73       0.11
--------------------------------------------------------------------------------
Best docking solution after GA:
     31000      38.26     -30.06       3.18       0.00       0.00       0.00       0.73       0.11

#ops:      31000 #mutates:  14735 #cross:    14760 #migrate:   1505 
#dups:      5878 #niche:    14604 #errors:    1985 
--------------------------------------------------------------------------------

Doing AMOEBA simplex on best individual
Done simplexing #iterations 786, best score  40.73

Ligand is stored in gold_soln_AV-procd_m11800_2.sdf


--------------------------------------------------------------------------------
--- CHEMPLP breakdown of terms                                               ---
--------------------------------------------------------------------------------
CHEMPLP = - ( 1.0000*S(PLP) + -3.0000*S(hbond) + -6.0000*S(metal) + -3.0000*S(cho) )

Score = CHEMPLP - 1.0000*DE(clash) - 2.0000*DE(tors)

Internal energy term has been corrected with the best internal energy encountered.

--------------------------------------------------------------------------------


     Score     S(PLP)   S(hbond)     S(cho)   S(metal)  DE(clash)   DE(tors)     intcor
     40.73     -30.58       3.60       0.00       0.00       0.00       0.39       0.11

--------------------------------------------------------------------------------
--- PLP analysis of protein-ligand interactions                              ---
--------------------------------------------------------------------------------
hydrogen bonding        :      -3.00
metal                   :       0.00
buried (polar-nonpolar) :      -2.38
nonpolar                :     -25.23
repulsive               :       0.11
--------------------------------------------------------------------------------


--------------------------------------------------------------------------------
--- ChemScore analysis of protein-ligand interactions                        ---
--------------------------------------------------------------------------------

* Hydrogen bonds                                                                
Ligand donor    1 hydrogen   17 Protein acceptor 7948 bond energy  1.00 wt 2.00
Ligand donor    1 hydrogen   30 Protein acceptor 7957 bond energy  1.00 wt 1.00
Protein donor 7997 hydrogen 8010 Ligand acceptor    5 bond energy  1.00 wt 0.60


* CH..O interactions                                                            
  CH group selection                       : activated ring CH (adjacent to hetatom)

--------------------------------------------------------------------------------


--------------------------------------------------------------------------------
--- Intra-ligand clashes                                                     ---
--------------------------------------------------------------------------------

Ligand
--------------------------------------------------------------------------------

--------------------------------------------------------------------------------
--- Rescoring solution                                                       ---
--------------------------------------------------------------------------------

     Score         DG    S(hbond)    S(metal)    S(lipo)     H(rot)  DE(clash)    DE(int)
     15.82     -17.61       1.93        0.00      77.91       1.34       1.06       0.73

Doing AMOEBA simplex on best individual
Done simplexing #iterations 647, best score  17.17

     Score         DG    S(hbond)    S(metal)    S(lipo)     H(rot)  DE(clash)    DE(int)
     17.17     -17.84       1.99        0.00      78.20       1.34       0.12       0.54

--------------------------------------------------------------------------------
--- ChemScore breakdown of terms                                             ---
--------------------------------------------------------------------------------
DG = -5.4800 + -3.3400*S(hbond)
     + -6.0300*S(metal) + -0.1170*S(lipo) + 2.5600*H(rot)


H(rot) = 1.3423

Score = -(DG + DE(clash) + DE(int))


--------------------------------------------------------------------------------


--------------------------------------------------------------------------------
--- ChemScore analysis of protein-ligand interactions                        ---
--------------------------------------------------------------------------------

* Hydrogen bonds                                                                
Ligand donor    1 hydrogen   17 Protein acceptor 7948 bond energy  1.00 wt 1.00
Ligand donor    1 hydrogen   30 Protein acceptor 7957 bond energy  1.00 wt 0.99
Protein donor 7997 hydrogen 8010 Ligand acceptor    5 bond energy  1.00 wt 0.01

CHEMSCORE EXTRA INTERACTIONS:

* Clashes                                                                       
Clash for ligand atom   5 (**** ):   0.12
--------------------------------------------------------------------------------


--------------------------------------------------------------------------------
--- Chromosome decoded                                                       ---
--------------------------------------------------------------------------------
Ligand Torsions
[  16    1    2    3]  -30.52
[   1    2    3   15]    6.60
[  12    7    6    5]  111.34
Protein Torsions
[6907 6896 6895 6894] -174.41 
[7974 7965 7964 7962] -164.89 
[8008 7997 7996 7995]   60.92 
[10167 10162 10161 10158]   -9.51 
[10718 10713 10712 10709]   20.59 
[10763 10752 10751 10750]  -28.96 
[11005 11000 10999 10996]   36.68 
Mapping
Ligand acceptors to protein hydrogens (mapping then atom ids)
Ligand hydrogens to protein acceptors (mapping then atom ids)
  2   7 [ 17->7948]
  3   9 [ 30->7957]
Ligand shape atoms to protein points (mapping then atom ids & coords)
  1  6496 [  2->(148.750 139.500 154.250)]
  4  9676 [  9->(153.250 143.000 160.250)]
  6  8286 [ 12->(151.500 143.250 158.250)]
Chromosome values
Integers:
  -1   -1   -1   -1    6    8 6495   -1   -1 9675   -1 8285 
  -1 
--------------------------------------------------------------------------------

Current Ranking  1  2

--------------------------------------------------------------------------------

* GA execution time :                                                           
  total  0.6019 user  0.6019 sys  0.0000

--------------------------------------------------------------------------------
Fitness function evaluations: 77499

--------------------------------------------------------------------------------
** Docking run number  3 **
--------------------------------------------------------------------------------
  Rank fitness base is 5000.00 ; increment is 11.2233

* Initialising population(s) ...                                                
Number of constraints mappings 0
Number of constraints 0
  Population no.                           :      1
  Population size                          :    100
  Number of duplicates                     :      0
  Number of niche violations               :      0
  Number of errors                         :   7644

Number of constraints mappings 0
Number of constraints 0
  Population no.                           :      2
  Population size                          :    100
  Number of duplicates                     :      0
  Number of niche violations               :      0
  Number of errors                         :   7545

Number of constraints mappings 0
Number of constraints 0
  Population no.                           :      3
  Population size                          :    100
  Number of duplicates                     :      0
  Number of niche violations               :      0
  Number of errors                         :   7972


Doing GA, no. of population(s) 3 size 100 selection pressure 1.100000

 Operation      Score     S(PLP)   S(hbond)     S(cho)   S(metal)  DE(clash)   DE(tors)     intcor
         0      21.60     -15.13       2.67       0.00       0.00       0.00       0.82       0.11
       333      21.86     -14.69       2.67       0.00       0.00       0.00       0.47       0.11
       347      23.62     -15.76       2.89       0.00       0.00       0.00       0.46       0.11
      1046      23.62     -15.76       2.89       0.00       0.00       0.00       0.46       0.11
      1528      24.36     -15.81       2.31       0.98       0.00       1.30       0.07       0.11
      2138      26.09     -17.25       3.10       0.00       0.00       0.00       0.29       0.11
      3231      28.10     -21.54       2.60       0.00       0.00       0.00       0.68       0.11
      3763      28.21     -21.42       2.60       0.00       0.00       0.21       0.46       0.11
      4092      28.59     -23.84       2.00       0.00       0.00       0.00       0.68       0.11
      6262      28.60     -23.84       2.01       0.00       0.00       0.00       0.68       0.11
      6320      29.08     -24.24       2.00       0.00       0.00       0.00       0.64       0.11
      6941      31.24     -25.68       2.05       0.00       0.00       0.21       0.24       0.11
      6998      31.26     -25.68       2.06       0.00       0.00       0.21       0.24       0.11
      7916      31.32     -25.81       2.05       0.00       0.00       0.21       0.27       0.11
      8210      31.34     -25.86       2.05       0.00       0.00       0.21       0.29       0.11
      9572      31.34     -25.90       2.05       0.00       0.00       0.21       0.31       0.11
     10427      34.97     -23.85       3.96       0.00       0.00       0.00       0.43       0.11
     11643      37.46     -25.98       3.96       0.00       0.00       0.00       0.25       0.11
     20110      37.55     -25.91       3.96       0.00       0.00       0.00       0.18       0.11
     23689      37.58     -25.87       3.96       0.00       0.00       0.00       0.14       0.11
     30470      37.58     -25.82       3.96       0.00       0.00       0.00       0.11       0.11
--------------------------------------------------------------------------------
Best docking solution after GA:
     31000      37.58     -25.82       3.96       0.00       0.00       0.00       0.11       0.11

#ops:      31000 #mutates:  14640 #cross:    14775 #migrate:   1585 
#dups:      6648 #niche:    13914 #errors:    2797 
--------------------------------------------------------------------------------

Doing AMOEBA simplex on best individual
Done simplexing #iterations 486, best score  39.17

Ligand is stored in gold_soln_AV-procd_m11800_3.sdf


--------------------------------------------------------------------------------
--- CHEMPLP breakdown of terms                                               ---
--------------------------------------------------------------------------------
CHEMPLP = - ( 1.0000*S(PLP) + -3.0000*S(hbond) + -6.0000*S(metal) + -3.0000*S(cho) )

Score = CHEMPLP - 1.0000*DE(clash) - 2.0000*DE(tors)

Internal energy term has been corrected with the best internal energy encountered.

--------------------------------------------------------------------------------


     Score     S(PLP)   S(hbond)     S(cho)   S(metal)  DE(clash)   DE(tors)     intcor
     39.17     -27.23       4.00       0.00       0.00       0.00       0.08       0.11

--------------------------------------------------------------------------------
--- PLP analysis of protein-ligand interactions                              ---
--------------------------------------------------------------------------------
hydrogen bonding        :      -3.00
metal                   :       0.00
buried (polar-nonpolar) :      -3.28
nonpolar                :     -21.93
repulsive               :       1.20
--------------------------------------------------------------------------------


--------------------------------------------------------------------------------
--- ChemScore analysis of protein-ligand interactions                        ---
--------------------------------------------------------------------------------

* Hydrogen bonds                                                                
Ligand donor    1 hydrogen   16 Protein acceptor 10195 bond energy  1.00 wt 1.00
Ligand donor    1 hydrogen   17 Protein acceptor 7921 bond energy  1.00 wt 1.00
Ligand donor    1 hydrogen   30 Protein acceptor 10186 bond energy  1.00 wt 2.00


* CH..O interactions                                                            
  CH group selection                       : activated ring CH (adjacent to hetatom)

--------------------------------------------------------------------------------


--------------------------------------------------------------------------------
--- Intra-ligand clashes                                                     ---
--------------------------------------------------------------------------------

Ligand
--------------------------------------------------------------------------------

--------------------------------------------------------------------------------
--- Rescoring solution                                                       ---
--------------------------------------------------------------------------------

     Score         DG    S(hbond)    S(metal)    S(lipo)     H(rot)  DE(clash)    DE(int)
     17.25     -19.13       2.76        0.00      67.16       1.34       1.76       0.11

Doing AMOEBA simplex on best individual
Done simplexing #iterations 666, best score  18.32

     Score         DG    S(hbond)    S(metal)    S(lipo)     H(rot)  DE(clash)    DE(int)
     18.32     -18.65       2.77        0.00      62.91       1.34       0.21       0.12

--------------------------------------------------------------------------------
--- ChemScore breakdown of terms                                             ---
--------------------------------------------------------------------------------
DG = -5.4800 + -3.3400*S(hbond)
     + -6.0300*S(metal) + -0.1170*S(lipo) + 2.5600*H(rot)


H(rot) = 1.3423

Score = -(DG + DE(clash) + DE(int))


--------------------------------------------------------------------------------


--------------------------------------------------------------------------------
--- ChemScore analysis of protein-ligand interactions                        ---
--------------------------------------------------------------------------------

* Hydrogen bonds                                                                
Ligand donor    1 hydrogen   16 Protein acceptor 10195 bond energy  1.00 wt 0.98
Ligand donor    1 hydrogen   17 Protein acceptor 7921 bond energy  1.00 wt 0.88
Ligand donor    1 hydrogen   30 Protein acceptor 10186 bond energy  1.00 wt 0.92

CHEMSCORE EXTRA INTERACTIONS:

* Clashes                                                                       
Clash for ligand atom   1 (**** ):   0.08
Clash for ligand atom   2 (**** ):   0.11
Clash for ligand atom  15 (**** ):   0.02
--------------------------------------------------------------------------------


--------------------------------------------------------------------------------
--- Chromosome decoded                                                       ---
--------------------------------------------------------------------------------
Ligand Torsions
[  16    1    2    3]  174.84
[   1    2    3   15]    0.28
[  12    7    6    5]   69.49
Protein Torsions
[6907 6896 6895 6894]  -84.51 
[7974 7965 7964 7962]  141.71 
[8008 7997 7996 7995]  -71.36 
[10167 10162 10161 10158] -135.11 
[10718 10713 10712 10709] -114.75 
[10763 10752 10751 10750]  117.76 
[11005 11000 10999 10996]  133.20 
Mapping
Ligand acceptors to protein hydrogens (mapping then atom ids)
Ligand hydrogens to protein acceptors (mapping then atom ids)
  1  28 [ 16->10195]
Ligand shape atoms to protein points (mapping then atom ids & coords)
  2  3058 [  4->(144.750 132.750 149.750)]
  7  3613 [ 15->(145.250 133.000 150.500)]
Chromosome values
Integers:
  -1   -1   -1   27   -1   -1   -1 3057   -1   -1   -1   -1 
3612 
--------------------------------------------------------------------------------

Current Ranking  1  2  3

--------------------------------------------------------------------------------

* GA execution time :                                                           
  total  0.5891 user  0.5891 sys  0.0000

--------------------------------------------------------------------------------
Fitness function evaluations: 77653

--------------------------------------------------------------------------------
** Docking run number  4 **
--------------------------------------------------------------------------------
  Rank fitness base is 5000.00 ; increment is 11.2233

* Initialising population(s) ...                                                
Number of constraints mappings 0
Number of constraints 0
  Population no.                           :      1
  Population size                          :    100
  Number of duplicates                     :      0
  Number of niche violations               :      0
  Number of errors                         :   7833

Number of constraints mappings 0
Number of constraints 0
  Population no.                           :      2
  Population size                          :    100
  Number of duplicates                     :      0
  Number of niche violations               :      0
  Number of errors                         :   8169

Number of constraints mappings 0
Number of constraints 0
  Population no.                           :      3
  Population size                          :    100
  Number of duplicates                     :      0
  Number of niche violations               :      0
  Number of errors                         :   7808


Doing GA, no. of population(s) 3 size 100 selection pressure 1.100000

 Operation      Score     S(PLP)   S(hbond)     S(cho)   S(metal)  DE(clash)   DE(tors)     intcor
         0      17.61     -16.72       0.55       0.00       0.00       0.00       0.44       0.11
       157      25.52     -17.67       2.80       0.00       0.00       0.00       0.32       0.11
       902      28.89     -18.65       3.59       0.00       0.00       0.00       0.32       0.11
      2198      29.40     -19.22       3.54       0.00       0.00       0.00       0.28       0.11
      3446      29.62     -19.39       3.56       0.00       0.00       0.00       0.28       0.11
      3530      32.18     -25.59       2.78       0.00       0.00       0.00       0.93       0.11
      3596      37.78     -30.04       2.83       0.00       0.00       0.00       0.43       0.11
     12221      37.85     -30.08       2.83       0.00       0.00       0.00       0.41       0.11
     12332      37.90     -24.71       3.94       0.73       0.00       0.00       0.46       0.11
     14150      37.96     -24.68       3.94       0.73       0.00       0.00       0.41       0.11
     17212      38.23     -25.50       3.94       0.67       0.00       1.01       0.10       0.11
     18079      38.61     -25.29       3.94       0.74       0.00       0.00       0.41       0.11
     19099      38.88     -25.68       3.94       0.67       0.00       0.00       0.37       0.11
     19255      38.90     -25.80       3.94       0.67       0.00       0.00       0.42       0.11
     22060      38.92     -26.18       3.94       0.67       0.00       0.00       0.59       0.11
     24350      38.93     -26.10       3.94       0.67       0.00       0.00       0.55       0.11
--------------------------------------------------------------------------------
Best docking solution after GA:
     31000      38.93     -26.10       3.94       0.67       0.00       0.00       0.55       0.11

#ops:      31000 #mutates:  14666 #cross:    14828 #migrate:   1506 
#dups:     10389 #niche:    17410 #errors:    1226 
--------------------------------------------------------------------------------

Doing AMOEBA simplex on best individual
Done simplexing #iterations 499, best score  40.97

Ligand is stored in gold_soln_AV-procd_m11800_4.sdf


--------------------------------------------------------------------------------
--- CHEMPLP breakdown of terms                                               ---
--------------------------------------------------------------------------------
CHEMPLP = - ( 1.0000*S(PLP) + -3.0000*S(hbond) + -6.0000*S(metal) + -3.0000*S(cho) )

Score = CHEMPLP - 1.0000*DE(clash) - 2.0000*DE(tors)

Internal energy term has been corrected with the best internal energy encountered.

--------------------------------------------------------------------------------


     Score     S(PLP)   S(hbond)     S(cho)   S(metal)  DE(clash)   DE(tors)     intcor
     40.97     -28.43       3.93       0.53       0.00       0.00       0.47       0.11

--------------------------------------------------------------------------------
--- PLP analysis of protein-ligand interactions                              ---
--------------------------------------------------------------------------------
hydrogen bonding        :      -2.93
metal                   :       0.00
buried (polar-nonpolar) :      -3.03
nonpolar                :     -23.55
repulsive               :       0.69
--------------------------------------------------------------------------------


--------------------------------------------------------------------------------
--- ChemScore analysis of protein-ligand interactions                        ---
--------------------------------------------------------------------------------

* Hydrogen bonds                                                                
Ligand donor    1 hydrogen   16 Protein acceptor 10186 bond energy  1.00 wt 2.00
Ligand donor    1 hydrogen   17 Protein acceptor 10195 bond energy  1.00 wt 0.93
Ligand donor    1 hydrogen   30 Protein acceptor 7921 bond energy  1.00 wt 1.00


* CH..O interactions                                                            
  CH group selection                       : activated ring CH (adjacent to hetatom)
Ligand carbon    4 hydrogen   20 Protein acceptor 7921 bond energy  1.00 wt 0.53

--------------------------------------------------------------------------------


--------------------------------------------------------------------------------
--- Intra-ligand clashes                                                     ---
--------------------------------------------------------------------------------

Ligand
--------------------------------------------------------------------------------

--------------------------------------------------------------------------------
--- Rescoring solution                                                       ---
--------------------------------------------------------------------------------

     Score         DG    S(hbond)    S(metal)    S(lipo)     H(rot)  DE(clash)    DE(int)
     16.34     -19.10       2.77        0.00      66.76       1.34       2.21       0.55

Doing AMOEBA simplex on best individual
Done simplexing #iterations 611, best score  18.64

     Score         DG    S(hbond)    S(metal)    S(lipo)     H(rot)  DE(clash)    DE(int)
     18.64     -19.35       2.85        0.00      66.42       1.34       0.15       0.56

--------------------------------------------------------------------------------
--- ChemScore breakdown of terms                                             ---
--------------------------------------------------------------------------------
DG = -5.4800 + -3.3400*S(hbond)
     + -6.0300*S(metal) + -0.1170*S(lipo) + 2.5600*H(rot)


H(rot) = 1.3423

Score = -(DG + DE(clash) + DE(int))


--------------------------------------------------------------------------------


--------------------------------------------------------------------------------
--- ChemScore analysis of protein-ligand interactions                        ---
--------------------------------------------------------------------------------

* Hydrogen bonds                                                                
Ligand donor    1 hydrogen   16 Protein acceptor 10186 bond energy  1.00 wt 0.98
Ligand donor    1 hydrogen   17 Protein acceptor 10195 bond energy  1.00 wt 0.92
Ligand donor    1 hydrogen   30 Protein acceptor 7921 bond energy  1.00 wt 0.95

CHEMSCORE EXTRA INTERACTIONS:

* Clashes                                                                       
Clash for ligand atom   2 (**** ):   0.11
Clash for ligand atom   4 (**** ):   0.04
--------------------------------------------------------------------------------


--------------------------------------------------------------------------------
--- Chromosome decoded                                                       ---
--------------------------------------------------------------------------------
Ligand Torsions
[  16    1    2    3]  -69.08
[   1    2    3   15]  175.00
[  12    7    6    5]   22.31
Protein Torsions
[6907 6896 6895 6894]  -40.94 
[7974 7965 7964 7962] -143.82 
[8008 7997 7996 7995]   -3.19 
[10167 10162 10161 10158] -111.21 
[10718 10713 10712 10709] -116.75 
[10763 10752 10751 10750]   76.62 
[11005 11000 10999 10996] -166.87 
Mapping
Ligand acceptors to protein hydrogens (mapping then atom ids)
Ligand hydrogens to protein acceptors (mapping then atom ids)
  1  26 [ 16->10186]
  2  28 [ 17->10195]
  3   5 [ 30->7921]
Ligand shape atoms to protein points (mapping then atom ids & coords)
  1  2836 [  2->(144.500 132.500 149.000)]
Chromosome values
Integers:
  -1   -1   -1   25   27    4 2835   -1   -1   -1   -1   -1 
  -1 
--------------------------------------------------------------------------------

Current Ranking  1  4  2  3

--------------------------------------------------------------------------------

* GA execution time :                                                           
  total  0.6125 user  0.6125 sys  0.0000

--------------------------------------------------------------------------------
Fitness function evaluations: 77475

--------------------------------------------------------------------------------
** Docking run number  5 **
--------------------------------------------------------------------------------
  Rank fitness base is 5000.00 ; increment is 11.2233

* Initialising population(s) ...                                                
Number of constraints mappings 0
Number of constraints 0
  Population no.                           :      1
  Population size                          :    100
  Number of duplicates                     :      0
  Number of niche violations               :      0
  Number of errors                         :   8024

Number of constraints mappings 0
Number of constraints 0
  Population no.                           :      2
  Population size                          :    100
  Number of duplicates                     :      0
  Number of niche violations               :      0
  Number of errors                         :   7643

Number of constraints mappings 0
Number of constraints 0
  Population no.                           :      3
  Population size                          :    100
  Number of duplicates                     :      0
  Number of niche violations               :      0
  Number of errors                         :   7396


Doing GA, no. of population(s) 3 size 100 selection pressure 1.100000

 Operation      Score     S(PLP)   S(hbond)     S(cho)   S(metal)  DE(clash)   DE(tors)     intcor
         0      20.79     -13.33       1.90       1.00       0.00       0.00       0.68       0.11
       145      21.73     -13.33       2.22       1.00       0.00       0.00       0.68       0.11
       631      22.51     -19.22       1.66       0.00       0.00       0.00       0.89       0.11
       714      22.83     -17.81       2.00       0.00       0.00       0.00       0.54       0.11
      1384      23.75     -24.54       0.00       0.00       0.00       0.42       0.24       0.11
      2060      24.13     -18.18       2.00       0.44       0.00       0.00       0.74       0.11
      2080      24.53     -21.14       1.50       0.00       0.00       0.00       0.62       0.11
      2331      25.88     -15.41       3.33       0.28       0.00       0.00       0.23       0.11
      4458      26.29     -22.30       2.00       0.00       0.00       1.00       0.56       0.11
      5140      28.42     -24.10       2.00       0.00       0.00       1.00       0.39       0.11
      5393      31.89     -21.79       3.70       0.20       0.00       1.21       0.24       0.11
      7510      32.80     -27.03       2.48       0.00       0.00       1.00       0.39       0.11
      8740      33.33     -28.11       2.30       0.00       0.00       1.00       0.39       0.11
     17725      33.61     -22.88       3.78       0.00       0.00       0.21       0.26       0.11
     18235      35.88     -25.52       3.66       0.00       0.00       0.21       0.26       0.11
     19379      37.03     -27.93       3.24       0.00       0.00       0.21       0.26       0.11
     20018      39.99     -29.80       3.60       0.00       0.00       0.21       0.26       0.11
     28458      40.08     -29.86       3.60       0.00       0.00       0.21       0.24       0.11
     29278      40.11     -29.92       3.60       0.00       0.00       0.21       0.26       0.11
     30421      40.13     -29.91       3.60       0.00       0.00       0.21       0.24       0.11
--------------------------------------------------------------------------------
Best docking solution after GA:
     31000      40.13     -29.91       3.60       0.00       0.00       0.21       0.24       0.11

#ops:      31000 #mutates:  14723 #cross:    14714 #migrate:   1563 
#dups:      6850 #niche:    14393 #errors:    2415 
--------------------------------------------------------------------------------

Doing AMOEBA simplex on best individual
Done simplexing #iterations 786, best score  42.86

Ligand is stored in gold_soln_AV-procd_m11800_5.sdf


--------------------------------------------------------------------------------
--- CHEMPLP breakdown of terms                                               ---
--------------------------------------------------------------------------------
CHEMPLP = - ( 1.0000*S(PLP) + -3.0000*S(hbond) + -6.0000*S(metal) + -3.0000*S(cho) )

Score = CHEMPLP - 1.0000*DE(clash) - 2.0000*DE(tors)

Internal energy term has been corrected with the best internal energy encountered.

--------------------------------------------------------------------------------


     Score     S(PLP)   S(hbond)     S(cho)   S(metal)  DE(clash)   DE(tors)     intcor
     42.86     -31.31       3.99       0.00       0.00       0.00       0.27       0.11

--------------------------------------------------------------------------------
--- PLP analysis of protein-ligand interactions                              ---
--------------------------------------------------------------------------------
hydrogen bonding        :      -2.92
metal                   :       0.00
buried (polar-nonpolar) :      -3.32
nonpolar                :     -24.71
repulsive               :       0.10
--------------------------------------------------------------------------------


--------------------------------------------------------------------------------
--- ChemScore analysis of protein-ligand interactions                        ---
--------------------------------------------------------------------------------

* Hydrogen bonds                                                                
Ligand donor    1 hydrogen   17 Protein acceptor 7948 bond energy  1.00 wt 2.00
Ligand donor    1 hydrogen   30 Protein acceptor 7957 bond energy  1.00 wt 0.99
Protein donor 7997 hydrogen 8008 Ligand acceptor    5 bond energy  1.00 wt 1.00


* CH..O interactions                                                            
  CH group selection                       : activated ring CH (adjacent to hetatom)

--------------------------------------------------------------------------------


--------------------------------------------------------------------------------
--- Intra-ligand clashes                                                     ---
--------------------------------------------------------------------------------

Ligand
--------------------------------------------------------------------------------

--------------------------------------------------------------------------------
--- Rescoring solution                                                       ---
--------------------------------------------------------------------------------

     Score         DG    S(hbond)    S(metal)    S(lipo)     H(rot)  DE(clash)    DE(int)
     14.90     -16.90       1.79        0.00      76.01       1.34       0.69       1.31

Doing AMOEBA simplex on best individual
Done simplexing #iterations 753, best score  18.50

     Score         DG    S(hbond)    S(metal)    S(lipo)     H(rot)  DE(clash)    DE(int)
     18.50     -19.82       2.63        0.00      76.82       1.34       0.03       1.29

--------------------------------------------------------------------------------
--- ChemScore breakdown of terms                                             ---
--------------------------------------------------------------------------------
DG = -5.4800 + -3.3400*S(hbond)
     + -6.0300*S(metal) + -0.1170*S(lipo) + 2.5600*H(rot)


H(rot) = 1.3423

Score = -(DG + DE(clash) + DE(int))


--------------------------------------------------------------------------------


--------------------------------------------------------------------------------
--- ChemScore analysis of protein-ligand interactions                        ---
--------------------------------------------------------------------------------

* Hydrogen bonds                                                                
Ligand donor    1 hydrogen   17 Protein acceptor 7948 bond energy  1.00 wt 0.99
Ligand donor    1 hydrogen   30 Protein acceptor 7957 bond energy  1.00 wt 0.95
Protein donor 7997 hydrogen 8008 Ligand acceptor    5 bond energy  1.00 wt 0.69

CHEMSCORE EXTRA INTERACTIONS:

* Clashes                                                                       
Clash for ligand atom   2 (**** ):   0.03
--------------------------------------------------------------------------------


--------------------------------------------------------------------------------
--- Chromosome decoded                                                       ---
--------------------------------------------------------------------------------
Ligand Torsions
[  16    1    2    3]  -39.52
[   1    2    3   15]    1.33
[  12    7    6    5]  113.70
Protein Torsions
[6907 6896 6895 6894]   -9.94 
[7974 7965 7964 7962]  -30.81 
[8008 7997 7996 7995]  -65.48 
[10167 10162 10161 10158]   13.12 
[10718 10713 10712 10709]  102.21 
[10763 10752 10751 10750]  -95.53 
[11005 11000 10999 10996]  -41.03 
Mapping
Ligand acceptors to protein hydrogens (mapping then atom ids)
  1  19 [  5->8008]
Ligand hydrogens to protein acceptors (mapping then atom ids)
  2   7 [ 17->7948]
Ligand shape atoms to protein points (mapping then atom ids & coords)
  3  9021 [  8->(152.250 142.250 159.250)]
  5  8804 [ 11->(152.000 143.000 159.500)]
Chromosome values
Integers:
  18   -1   -1   -1    6   -1   -1   -1 9020   -1 8803   -1 
  -1 
--------------------------------------------------------------------------------

Current Ranking  5  1  4  2  3

--------------------------------------------------------------------------------

* GA execution time :                                                           
  total  0.5961 user  0.5961 sys  0.0000

--------------------------------------------------------------------------------
Fitness function evaluations: 77328

--------------------------------------------------------------------------------
** Docking run number  6 **
--------------------------------------------------------------------------------
  Rank fitness base is 5000.00 ; increment is 11.2233

* Initialising population(s) ...                                                
Number of constraints mappings 0
Number of constraints 0
  Population no.                           :      1
  Population size                          :    100
  Number of duplicates                     :      0
  Number of niche violations               :      0
  Number of errors                         :   7910

Number of constraints mappings 0
Number of constraints 0
  Population no.                           :      2
  Population size                          :    100
  Number of duplicates                     :      0
  Number of niche violations               :      0
  Number of errors                         :   7723

Number of constraints mappings 0
Number of constraints 0
  Population no.                           :      3
  Population size                          :    100
  Number of duplicates                     :      0
  Number of niche violations               :      0
  Number of errors                         :   7748


Doing GA, no. of population(s) 3 size 100 selection pressure 1.100000

 Operation      Score     S(PLP)   S(hbond)     S(cho)   S(metal)  DE(clash)   DE(tors)     intcor
         0      20.33     -19.27       0.91       0.00       0.00       0.00       0.89       0.11
         7      20.33     -19.27       0.91       0.00       0.00       0.00       0.89       0.11
       146      21.14     -20.35       0.71       0.00       0.00       1.01       0.22       0.11
      1144      22.55     -16.33       1.51       1.00       0.00       1.30       0.06       0.11
      1337      28.77     -22.35       2.49       0.00       0.00       0.00       0.58       0.11
      1410      30.19     -23.63       2.73       0.00       0.00       0.00       0.87       0.11
      1646      30.90     -24.33       2.54       0.00       0.00       0.00       0.58       0.11
      3107      31.70     -24.79       2.89       0.00       0.00       0.00       0.93       0.11
      8165      31.73     -24.79       2.90       0.00       0.00       0.00       0.93       0.11
      8552      32.99     -21.40       3.38       1.00       0.00       1.01       0.32       0.11
      9089      35.15     -26.98       3.31       0.00       0.00       0.00       0.93       0.11
     10645      35.73     -28.08       3.13       0.00       0.00       0.00       0.93       0.11
     11867      35.76     -28.31       2.86       0.00       0.00       0.00       0.62       0.11
     12949      36.01     -28.31       3.15       0.00       0.00       0.00       0.93       0.11
     16704      37.02     -29.41       3.14       0.00       0.00       0.00       0.96       0.11
     20013      37.07     -29.32       3.16       0.00       0.00       0.00       0.92       0.11
     20511      37.49     -29.55       3.13       0.00       0.00       0.00       0.77       0.11
     23748      37.51     -29.62       3.17       0.00       0.00       0.00       0.86       0.11
     24986      37.54     -29.67       3.15       0.00       0.00       0.00       0.85       0.11
     26064      37.72     -29.93       3.12       0.00       0.00       0.00       0.83       0.11
     29838      37.75     -29.87       3.12       0.00       0.00       0.00       0.80       0.11
     29879      37.76     -29.88       3.16       0.00       0.00       0.00       0.85       0.11
     30018      37.81     -29.93       3.14       0.00       0.00       0.00       0.83       0.11
--------------------------------------------------------------------------------
Best docking solution after GA:
     31000      37.81     -29.93       3.14       0.00       0.00       0.00       0.83       0.11

#ops:      31000 #mutates:  14599 #cross:    14851 #migrate:   1550 
#dups:      7970 #niche:    19357 #errors:    1126 
--------------------------------------------------------------------------------

Doing AMOEBA simplex on best individual
Done simplexing #iterations 900, best score  41.58

Ligand is stored in gold_soln_AV-procd_m11800_6.sdf


--------------------------------------------------------------------------------
--- CHEMPLP breakdown of terms                                               ---
--------------------------------------------------------------------------------
CHEMPLP = - ( 1.0000*S(PLP) + -3.0000*S(hbond) + -6.0000*S(metal) + -3.0000*S(cho) )

Score = CHEMPLP - 1.0000*DE(clash) - 2.0000*DE(tors)

Internal energy term has been corrected with the best internal energy encountered.

--------------------------------------------------------------------------------


     Score     S(PLP)   S(hbond)     S(cho)   S(metal)  DE(clash)   DE(tors)     intcor
     41.58     -30.71       3.84       0.00       0.00       0.00       0.37       0.11

--------------------------------------------------------------------------------
--- PLP analysis of protein-ligand interactions                              ---
--------------------------------------------------------------------------------
hydrogen bonding        :      -3.00
metal                   :       0.00
buried (polar-nonpolar) :      -3.24
nonpolar                :     -24.83
repulsive               :       0.10
--------------------------------------------------------------------------------


--------------------------------------------------------------------------------
--- ChemScore analysis of protein-ligand interactions                        ---
--------------------------------------------------------------------------------

* Hydrogen bonds                                                                
Ligand donor    1 hydrogen   17 Protein acceptor 7948 bond energy  1.00 wt 2.00
Ligand donor    1 hydrogen   30 Protein acceptor 7957 bond energy  1.00 wt 0.99
Protein donor 7997 hydrogen 8009 Ligand acceptor    5 bond energy  1.00 wt 0.84


* CH..O interactions                                                            
  CH group selection                       : activated ring CH (adjacent to hetatom)

--------------------------------------------------------------------------------


--------------------------------------------------------------------------------
--- Intra-ligand clashes                                                     ---
--------------------------------------------------------------------------------

Ligand
--------------------------------------------------------------------------------

--------------------------------------------------------------------------------
--- Rescoring solution                                                       ---
--------------------------------------------------------------------------------

     Score         DG    S(hbond)    S(metal)    S(lipo)     H(rot)  DE(clash)    DE(int)
     16.09     -17.07       1.77        0.00      77.76       1.34       0.14       0.83

Doing AMOEBA simplex on best individual
Done simplexing #iterations 532, best score  17.01

     Score         DG    S(hbond)    S(metal)    S(lipo)     H(rot)  DE(clash)    DE(int)
     17.01     -17.80       2.00        0.00      77.68       1.34       0.14       0.65

--------------------------------------------------------------------------------
--- ChemScore breakdown of terms                                             ---
--------------------------------------------------------------------------------
DG = -5.4800 + -3.3400*S(hbond)
     + -6.0300*S(metal) + -0.1170*S(lipo) + 2.5600*H(rot)


H(rot) = 1.3423

Score = -(DG + DE(clash) + DE(int))


--------------------------------------------------------------------------------


--------------------------------------------------------------------------------
--- ChemScore analysis of protein-ligand interactions                        ---
--------------------------------------------------------------------------------

* Hydrogen bonds                                                                
Ligand donor    1 hydrogen   17 Protein acceptor 7948 bond energy  1.00 wt 1.00
Ligand donor    1 hydrogen   30 Protein acceptor 7957 bond energy  1.00 wt 0.97
Protein donor 7997 hydrogen 8009 Ligand acceptor    5 bond energy  1.00 wt 0.03

CHEMSCORE EXTRA INTERACTIONS:

* Clashes                                                                       
Clash for ligand atom   5 (**** ):   0.12
Clash for ligand atom  12 (**** ):   0.02
--------------------------------------------------------------------------------


--------------------------------------------------------------------------------
--- Chromosome decoded                                                       ---
--------------------------------------------------------------------------------
Ligand Torsions
[  16    1    2    3]  -40.08
[   1    2    3   15]    3.14
[  12    7    6    5]  110.70
Protein Torsions
[6907 6896 6895 6894]  101.35 
[7974 7965 7964 7962]  -43.33 
[8008 7997 7996 7995] -177.62 
[10167 10162 10161 10158]   24.66 
[10718 10713 10712 10709]   -2.45 
[10763 10752 10751 10750]   46.97 
[11005 11000 10999 10996]    2.33 
Mapping
Ligand acceptors to protein hydrogens (mapping then atom ids)
Ligand hydrogens to protein acceptors (mapping then atom ids)
  2   7 [ 17->7948]
Ligand shape atoms to protein points (mapping then atom ids & coords)
  3  8506 [  8->(151.750 141.750 158.750)]
  4  8779 [  9->(152.000 142.250 159.250)]
  5  9103 [ 11->(152.250 143.750 160.250)]
  6  8881 [ 12->(152.000 144.250 157.750)]
Chromosome values
Integers:
  -1   -1   -1   -1    6   -1   -1   -1 8505 8778 9102 8880 
  -1 
--------------------------------------------------------------------------------

Current Ranking  5  1  6  4  2  3

Top  3 (of  6) solutions are within 1.500 RMSD, finishing docking /DATA2/COVID-19/PDBs_&_Models/AV-procd.sdf.


--------------------------------------------------------------------------------

* GA execution time :                                                           
  total  0.6099 user  0.6099 sys  0.0000

--------------------------------------------------------------------------------
Fitness function evaluations: 77872

--------------------------------------------------------------------------------
--- Ranking analysis                                                         ---
--------------------------------------------------------------------------------


* Final ranked order of GA solutions:                                           
   5  1  6  4  2  3 

  _______________________________
  RMSD Matrix of RANKED solutions

        2    3    4    5    6  

   1 :  0.2  0.4 11.1  0.5 11.1
   2 :       0.5 11.0  0.4 11.1
   3 :           11.0  0.4 11.0
   4 :                11.1  2.0
   5 :                     11.1

  Clustering method                        : complete linkage
  Structure ids in cluster table           : rank nos.
  Ordering of clusters and their members   : by rank (order if from rms_analysis)

  Distance | Clusters
   0.21    |  1  2 |  3 |  4 |  5 |  6 |
   0.42    |  1  2 |  3  5 |  4 |  6 |
   0.51    |  1  2  3  5 |  4 |  6 |
   1.99    |  1  2  3  5 |  4  6 |
  11.15    |  1  2  3  4  5  6 |
  Finished Docking Ligand                  : /DATA2/COVID-19/PDBs_&_Models/AV-procd.sdf
--------------------------------------------------------------------------------

  Relative_Ligand_Energy (best encountered) :   0.109
  Relative_Ligand_Energy: fitness values have been corrected using this amount
