
--------------------------------------------------------------------------------
--- Ligand                                                                   ---
--------------------------------------------------------------------------------
  Ligand loaded from file                  : /DATA2/COVID-19/PDBs_&_Models/AV-procd.sdf
  Ligand name                              :  
  "AV-unprocessed.smi:3275                                                  "

--------------------------------------------------------------------------------
  N.plc donors                             : 
  none found

  Acidic nitrogen acceptors                : 
  none found
  Sulfur acceptors                         :
  none found


  Donor atoms                              :      1
  1   
  Acceptor atoms                           :      4
  1   4   9   13  

  Hydrogens                                :  (n = 1)
  18   

  Lone pairs added to molecule             :      6
  Numbering                                : from 35 to 40
  Choline groups                           : 
   

--------------------------------------------------------------------------------
--- Postprocessing of typing                                                 ---
--------------------------------------------------------------------------------
  Fragment file                            : /home/scv26/CCDC/Discovery_2020/GOLD/gold/rotatable_bond_override.mol2
  acylurea fragment                        : no matches
  thioacylthiourea fragment                : no matches
  acylthiourea fragment                    : no matches
  thioacylurea fragment                    : no matches
  diarylamine fragment >C.ar-NH-C.ar<      : no matches
  sec-amine (1) fragment                   : no matches
  sec-amine (2) fragment                   : no matches
  sec-amine (3) fragment                   : no matches
  carboxylic ester                         : no matches

* Rotatable bonds in /DATA2/COVID-19/PDBs  :
  [   1    2] [   2    3] [   3    4] [   4    5] 
  [   9   10] 
  No. of rotatable bonds                   :      5


* Fragments found in /DATA2/COVID-19/PDBs  :


* Checking torsion distributions:                                               
  No. of matched torsions                  :      0

--------------------------------------------------------------------------------
--- Shape fitting atoms selection (hydrophobic atoms)                        ---
--------------------------------------------------------------------------------
  Molecule                                 : /DATA2/COVID-19/PDBs_&_Models/AV-procd.sdf
  Selection                                : carbons only
  Atom numbers                             :  (n = 10)
  2    3    5    6    7    8    11   12   14   17   
  


--------------------------------------------------------------------------------
--- ChemScore ligand setup summary                                           ---
--------------------------------------------------------------------------------
  ChemScore ligand acceptors               :      4
  1 4 9 13 
  ChemScore ligand donors                  :      1
  1 ( 18  ) 
  ChemScore ligand CH donors               :      2
  12 ( 31 ) 14 ( 32 ) 

  ChemScore ligand lipophilic atoms        :  (n = 13)
  2    3    5    6    7    8    10   11   12   14   
  15   16   17   

  ChemScore ligand rotatable bonds         :      5
  1   (****) - 2   (****): SP3_SP3_BOND
  2   (****) - 3   (****): SP3_SP3_BOND
  3   (****) - 4   (****): SP3_SP3_BOND
  4   (****) - 5   (****): SP3_SP3_BOND
  9   (****) - 10  (****): SP3_SP2_BOND

--------------------------------------------------------------------------------
--- PLP ligand setup summary                                                 ---
--------------------------------------------------------------------------------
    1  ****   O.3 DONACC
    2  ****   C.3 NONPOLAR
    3  ****   C.3 NONPOLAR
    4  ****   O.3 ACCEPTOR
    5  ****   C.3 NONPOLAR
    6  ****   C.3 NONPOLAR
    7  ****   C.3 NONPOLAR
    8  ****   C.3 NONPOLAR
    9  ****   N.3 ACCEPTOR
   10  ****  C.ar NONPOLAR
   11  ****  C.ar NONPOLAR
   12  ****  C.ar NONPOLAR
   13  ****  N.ar ACCEPTOR
   14  ****  C.ar NONPOLAR
   15  ****  C.ar NONPOLAR
   16  ****    Cl NONPOLAR
   17  ****   C.3 NONPOLAR


--------------------------------------------------------------------------------
--- Automatic parameter setting                                              ---
--------------------------------------------------------------------------------
  Contribution base                        :   2500
  Contribution per rotatable bond          :   6000
  Contribution per df                      :   4000
  Contribution per water                   :  10000
  Ligand rotatable bonds                   :      5
  Protein flexible side chain bonds        :      0
  Total rotatable bonds                    :      5
  Hydrophobic vol ratio (P/L)              :   2.307
  Base multiplier (polar)                  :   1.000
  Base multiplier (apolar)                 :   4.614
  Base contribution                        : 12500.000
  Fitting points                           :      5
  Estimated maxops needed (optimal)        :  43000

--------------------------------------------------------------------------------

* Population settings                                                           
  maxops                                   :  43000
  popsiz                                   :    100
  select_pressure                          :   1.100
  n_islands                                :      4
  niche_siz                                :      2

* GA settings                                                                   
  pt_crosswt                               :     95
  allele_mutatewt                          :     95
  migratewt                                :     10

* Search settings                                                               
  start_vdw_linear_cutoff                  :   4.000
  initial_virtual_pt_match_max             :   3.000

--------------------------------------------------------------------------------

* Ligand initialisation time :                                                  
  total  0.0058 user  0.0058 sys  0.0000

--------------------------------------------------------------------------------

--------------------------------------------------------------------------------
** Docking run number  1 **
--------------------------------------------------------------------------------
  Rank fitness base is 5000.00 ; increment is 11.2233

* Initialising population(s) ...                                                
Number of constraints mappings 0
Number of constraints 0
  Population no.                           :      1
  Population size                          :    100
  Number of duplicates                     :      0
  Number of niche violations               :      0
  Number of errors                         :   6344

Number of constraints mappings 0
Number of constraints 0
  Population no.                           :      2
  Population size                          :    100
  Number of duplicates                     :      0
  Number of niche violations               :      0
  Number of errors                         :   6501

Number of constraints mappings 0
Number of constraints 0
  Population no.                           :      3
  Population size                          :    100
  Number of duplicates                     :      0
  Number of niche violations               :      0
  Number of errors                         :   6356

Number of constraints mappings 0
Number of constraints 0
  Population no.                           :      4
  Population size                          :    100
  Number of duplicates                     :      0
  Number of niche violations               :      0
  Number of errors                         :   6112


Doing GA, no. of population(s) 4 size 100 selection pressure 1.100000

 Operation      Score     S(PLP)   S(hbond)     S(cho)   S(metal)  DE(clash)   DE(tors)     intcor
         0      22.16     -20.50       0.90       0.64       0.00       1.29       1.08       0.24
      1377      27.40     -26.16       1.19       0.00       0.00       0.00       1.29       0.24
      1821      28.61     -26.99       1.21       0.00       0.00       0.00       1.12       0.24
      3762      28.90     -27.21       1.21       0.00       0.00       0.00       1.08       0.24
      5725      29.10     -27.38       1.19       0.00       0.00       0.00       1.05       0.24
      9985      30.42     -27.51       1.60       0.00       0.00       0.00       1.06       0.24
     20794      31.69     -28.91       1.60       0.00       0.00       0.00       1.12       0.21
     21172      32.48     -28.91       1.86       0.00       0.00       0.00       1.12       0.21
     21766      32.84     -30.59       1.42       0.00       0.00       0.00       1.12       0.21
     22004      33.89     -30.07       1.94       0.00       0.00       0.00       1.12       0.21
     22738      34.57     -30.59       2.00       0.00       0.00       0.00       1.12       0.21
     28570      35.08     -31.04       2.00       0.00       0.00       0.00       1.08       0.20
     37803      35.08     -31.02       2.00       0.00       0.00       0.00       1.07       0.20
     40945      35.10     -31.01       2.00       0.00       0.00       0.00       1.06       0.20
     41095      35.79     -33.24       1.00       0.23       0.00       0.00       0.68       0.20
     41526      36.56     -32.29       1.72       0.23       0.00       0.00       0.90       0.20
     41911      36.84     -33.14       1.56       0.23       0.00       0.00       0.94       0.20
     42047      39.05     -34.99       2.00       0.00       0.00       0.00       1.07       0.20
--------------------------------------------------------------------------------
Best docking solution after GA:
     43000      39.05     -34.99       2.00       0.00       0.00       0.00       1.07       0.20

#ops:      43000 #mutates:  20483 #cross:    20381 #migrate:   2136 
#dups:      9665 #niche:    19701 #errors:    2640 
--------------------------------------------------------------------------------

Doing AMOEBA simplex on best individual
Done simplexing #iterations 792, best score  43.48

Ligand is stored in gold_soln_AV-procd_m12532_1.sdf


--------------------------------------------------------------------------------
--- CHEMPLP breakdown of terms                                               ---
--------------------------------------------------------------------------------
CHEMPLP = - ( 1.0000*S(PLP) + -3.0000*S(hbond) + -6.0000*S(metal) + -3.0000*S(cho) )

Score = CHEMPLP - 1.0000*DE(clash) - 2.0000*DE(tors)

Internal energy term has been corrected with the best internal energy encountered.

--------------------------------------------------------------------------------


     Score     S(PLP)   S(hbond)     S(cho)   S(metal)  DE(clash)   DE(tors)     intcor
     43.48     -36.80       2.00       1.00       0.00       0.00       1.26       0.20

--------------------------------------------------------------------------------
--- PLP analysis of protein-ligand interactions                              ---
--------------------------------------------------------------------------------
hydrogen bonding        :      -2.95
metal                   :       0.00
buried (polar-nonpolar) :      -5.29
nonpolar                :     -28.86
repulsive               :       0.26
--------------------------------------------------------------------------------


--------------------------------------------------------------------------------
--- ChemScore analysis of protein-ligand interactions                        ---
--------------------------------------------------------------------------------

* Hydrogen bonds                                                                
Ligand donor    1 hydrogen   18 Protein acceptor 7957 bond energy  1.00 wt 1.00
Protein donor 7989 hydrogen 7998 Ligand acceptor    4 bond energy  1.00 wt 1.00


* CH..O interactions                                                            
  CH group selection                       : activated ring CH (adjacent to hetatom)
Ligand carbon   12 hydrogen   31 Protein acceptor 8029 bond energy  1.00 wt 1.00

--------------------------------------------------------------------------------


--------------------------------------------------------------------------------
--- Intra-ligand clashes                                                     ---
--------------------------------------------------------------------------------

Ligand
--------------------------------------------------------------------------------

--------------------------------------------------------------------------------
--- Rescoring solution                                                       ---
--------------------------------------------------------------------------------

     Score         DG    S(hbond)    S(metal)    S(lipo)     H(rot)  DE(clash)    DE(int)
     13.53     -16.24       1.19        0.00     103.04       2.06       0.79       1.92

Doing AMOEBA simplex on best individual
Done simplexing #iterations 785, best score  17.42

     Score         DG    S(hbond)    S(metal)    S(lipo)     H(rot)  DE(clash)    DE(int)
     17.42     -18.97       1.95        0.00     104.50       2.06       0.01       1.54

--------------------------------------------------------------------------------
--- ChemScore breakdown of terms                                             ---
--------------------------------------------------------------------------------
DG = -5.4800 + -3.3400*S(hbond)
     + -6.0300*S(metal) + -0.1170*S(lipo) + 2.5600*H(rot)


H(rot) = 2.0570

Score = -(DG + DE(clash) + DE(int))


--------------------------------------------------------------------------------


--------------------------------------------------------------------------------
--- ChemScore analysis of protein-ligand interactions                        ---
--------------------------------------------------------------------------------

* Hydrogen bonds                                                                
Ligand donor    1 hydrogen   18 Protein acceptor 7957 bond energy  1.00 wt 1.00
Protein donor 7989 hydrogen 7998 Ligand acceptor    4 bond energy  1.00 wt 0.95

CHEMSCORE EXTRA INTERACTIONS:

* Clashes                                                                       
Clash for ligand atom  14 (**** ):   0.01
--------------------------------------------------------------------------------


--------------------------------------------------------------------------------
--- Chromosome decoded                                                       ---
--------------------------------------------------------------------------------
Ligand Torsions
[  18    1    2    3]  -47.12
[   1    2    3    4]  126.55
[   2    3    4    5]  100.43
[   3    4    5   17] -150.30
[  15   10    9    8]   60.35
Protein Torsions
[6907 6896 6895 6894]  130.75 
[7974 7965 7964 7962] -168.58 
[8008 7997 7996 7995]   78.30 
[10167 10162 10161 10158]  134.53 
[10718 10713 10712 10709]   81.85 
[10763 10752 10751 10750]  -42.00 
[11005 11000 10999 10996]   77.37 
Mapping
Ligand acceptors to protein hydrogens (mapping then atom ids)
  2  18 [  4->7998]
Ligand hydrogens to protein acceptors (mapping then atom ids)
  1   9 [ 18->7957]
Ligand shape atoms to protein points (mapping then atom ids & coords)
  8  7878 [ 12->(151.000 145.000 158.750)]
Chromosome values
Integers:
  -1   17   -1   -1    8   -1   -1   -1   -1   -1   -1   -1 
7877   -1   -1 
--------------------------------------------------------------------------------

Current Ranking  1

--------------------------------------------------------------------------------

* GA execution time :                                                           
  total  0.8113 user  0.8073 sys  0.0040

--------------------------------------------------------------------------------
Fitness function evaluations: 99670

--------------------------------------------------------------------------------
** Docking run number  2 **
--------------------------------------------------------------------------------
  Rank fitness base is 5000.00 ; increment is 11.2233

* Initialising population(s) ...                                                
Number of constraints mappings 0
Number of constraints 0
  Population no.                           :      1
  Population size                          :    100
  Number of duplicates                     :      0
  Number of niche violations               :      0
  Number of errors                         :   6330

Number of constraints mappings 0
Number of constraints 0
  Population no.                           :      2
  Population size                          :    100
  Number of duplicates                     :      0
  Number of niche violations               :      0
  Number of errors                         :   6739

Number of constraints mappings 0
Number of constraints 0
  Population no.                           :      3
  Population size                          :    100
  Number of duplicates                     :      0
  Number of niche violations               :      0
  Number of errors                         :   6499

Number of constraints mappings 0
Number of constraints 0
  Population no.                           :      4
  Population size                          :    100
  Number of duplicates                     :      0
  Number of niche violations               :      0
  Number of errors                         :   6580


Doing GA, no. of population(s) 4 size 100 selection pressure 1.100000

 Operation      Score     S(PLP)   S(hbond)     S(cho)   S(metal)  DE(clash)   DE(tors)     intcor
         0      17.75     -18.38       0.00       0.00       0.00       0.00       0.42       0.20
       370      20.01     -29.18       0.00       0.00       0.00       8.32       0.52       0.20
      1537      21.05     -23.47       0.00       0.00       0.00       1.01       0.81       0.20
      2431      22.29     -16.69       1.46       0.98       0.00       0.00       0.96       0.20
      5240      24.45     -28.39       0.95       1.00       0.00       7.38       1.30       0.20
      6121      25.44     -27.86       0.00       0.00       0.00       1.01       0.81       0.20
      7145      25.48     -27.66       0.00       0.00       0.00       0.74       0.82       0.20
      8114      27.30     -28.79       0.00       0.00       0.00       0.74       0.47       0.20
      8653      27.62     -29.10       0.00       0.00       0.00       0.74       0.47       0.20
      9457      27.80     -29.98       0.00       0.00       0.00       0.74       0.82       0.20
     11638      28.46     -29.95       0.00       0.00       0.00       0.74       0.47       0.20
     11642      29.02     -30.50       0.00       0.00       0.00       0.74       0.47       0.20
     13101      29.49     -27.94       0.95       1.00       0.00       1.77       1.37       0.20
     15175      31.47     -30.79       0.78       0.00       0.00       0.74       0.57       0.20
     16219      32.12     -30.79       1.00       0.00       0.00       0.74       0.57       0.20
     21941      32.15     -29.68       1.32       0.00       0.00       0.74       0.47       0.20
     22309      32.58     -30.36       1.13       0.00       0.00       0.74       0.31       0.20
     23881      33.15     -30.36       1.32       0.00       0.00       0.74       0.31       0.20
     28988      33.75     -30.55       1.44       0.00       0.00       0.74       0.28       0.20
     30417      35.98     -33.20       1.46       0.00       0.00       0.74       0.53       0.20
     30553      36.19     -33.10       1.57       0.00       0.00       0.74       0.53       0.20
     30641      36.79     -33.10       1.77       0.00       0.00       0.74       0.53       0.20
     31112      36.86     -32.53       1.85       0.00       0.00       0.74       0.34       0.20
     34592      36.90     -32.52       1.86       0.00       0.00       0.74       0.34       0.20
     34708      37.07     -32.61       1.87       0.00       0.00       0.62       0.37       0.20
     36588      37.12     -32.58       1.90       0.00       0.00       0.62       0.37       0.20
     38952      37.14     -32.52       1.91       0.00       0.00       0.62       0.35       0.20
     39440      37.36     -32.58       1.98       0.00       0.00       0.62       0.37       0.20
     41279      37.44     -32.58       2.00       0.00       0.00       0.62       0.36       0.20
--------------------------------------------------------------------------------
Best docking solution after GA:
     43000      37.44     -32.58       2.00       0.00       0.00       0.62       0.36       0.20

#ops:      43000 #mutates:  20353 #cross:    20463 #migrate:   2184 
#dups:      8578 #niche:    18897 #errors:    2504 
--------------------------------------------------------------------------------

Doing AMOEBA simplex on best individual
Done simplexing #iterations 1021, best score  41.78

Ligand is stored in gold_soln_AV-procd_m12532_2.sdf


--------------------------------------------------------------------------------
--- CHEMPLP breakdown of terms                                               ---
--------------------------------------------------------------------------------
CHEMPLP = - ( 1.0000*S(PLP) + -3.0000*S(hbond) + -6.0000*S(metal) + -3.0000*S(cho) )

Score = CHEMPLP - 1.0000*DE(clash) - 2.0000*DE(tors)

Internal energy term has been corrected with the best internal energy encountered.

--------------------------------------------------------------------------------


     Score     S(PLP)   S(hbond)     S(cho)   S(metal)  DE(clash)   DE(tors)     intcor
     41.78     -37.05       1.99       0.00       0.00       0.77       0.34       0.20

--------------------------------------------------------------------------------
--- PLP analysis of protein-ligand interactions                              ---
--------------------------------------------------------------------------------
hydrogen bonding        :      -2.00
metal                   :       0.00
buried (polar-nonpolar) :      -4.69
nonpolar                :     -30.69
repulsive               :       0.21
--------------------------------------------------------------------------------


--------------------------------------------------------------------------------
--- ChemScore analysis of protein-ligand interactions                        ---
--------------------------------------------------------------------------------

* Hydrogen bonds                                                                
Ligand donor    1 hydrogen   18 Protein acceptor 7949 bond energy  1.00 wt 0.99
Protein donor 10752 hydrogen 10764 Ligand acceptor    1 bond energy  1.00 wt 1.00


* CH..O interactions                                                            
  CH group selection                       : activated ring CH (adjacent to hetatom)

--------------------------------------------------------------------------------


--------------------------------------------------------------------------------
--- Intra-ligand clashes                                                     ---
--------------------------------------------------------------------------------

Ligand
 11 (**** ) -   8 (**** ):   0.77 (dist   2.73)
--------------------------------------------------------------------------------

--------------------------------------------------------------------------------
--- Rescoring solution                                                       ---
--------------------------------------------------------------------------------

     Score         DG    S(hbond)    S(metal)    S(lipo)     H(rot)  DE(clash)    DE(int)
     12.14     -15.20       0.77        0.00     106.19       2.06       2.04       1.02

Doing AMOEBA simplex on best individual
Done simplexing #iterations 760, best score  18.16

     Score         DG    S(hbond)    S(metal)    S(lipo)     H(rot)  DE(clash)    DE(int)
     18.16     -19.09       1.81        0.00     109.58       2.06       0.56       0.37

--------------------------------------------------------------------------------
--- ChemScore breakdown of terms                                             ---
--------------------------------------------------------------------------------
DG = -5.4800 + -3.3400*S(hbond)
     + -6.0300*S(metal) + -0.1170*S(lipo) + 2.5600*H(rot)


H(rot) = 2.0570

Score = -(DG + DE(clash) + DE(int))


--------------------------------------------------------------------------------


--------------------------------------------------------------------------------
--- ChemScore analysis of protein-ligand interactions                        ---
--------------------------------------------------------------------------------

* Hydrogen bonds                                                                
Ligand donor    1 hydrogen   18 Protein acceptor 7949 bond energy  1.00 wt 0.90
Protein donor 10752 hydrogen 10764 Ligand acceptor    1 bond energy  1.00 wt 0.91

CHEMSCORE EXTRA INTERACTIONS:

* Clashes                                                                       
Clash for ligand atom  13 (**** ):   0.04
Clash for ligand atom  16 (**** ):   0.52
--------------------------------------------------------------------------------


--------------------------------------------------------------------------------
--- Chromosome decoded                                                       ---
--------------------------------------------------------------------------------
Ligand Torsions
[  18    1    2    3]  101.37
[   1    2    3    4]  172.27
[   2    3    4    5]  -58.54
[   3    4    5   17] -165.34
[  15   10    9    8]  166.34
Protein Torsions
[6907 6896 6895 6894]   81.68 
[7974 7965 7964 7962]  140.07 
[8008 7997 7996 7995]   63.99 
[10167 10162 10161 10158] -100.61 
[10718 10713 10712 10709]   52.65 
[10763 10752 10751 10750]  -73.50 
[11005 11000 10999 10996]  -84.75 
Mapping
Ligand acceptors to protein hydrogens (mapping then atom ids)
Ligand hydrogens to protein acceptors (mapping then atom ids)
Ligand shape atoms to protein points (mapping then atom ids & coords)
  1  7969 [  2->(151.250 138.250 155.250)]
  7  9247 [ 11->(152.500 142.750 160.750)]
  8  9069 [ 12->(152.250 143.250 161.000)]
  9  8935 [ 14->(152.000 145.000 159.250)]
Chromosome values
Integers:
  -1   -1   -1   -1   -1 7968   -1   -1   -1   -1   -1 9246 
9068 8934   -1 
--------------------------------------------------------------------------------

Current Ranking  1  2

--------------------------------------------------------------------------------

* GA execution time :                                                           
  total  0.8145 user  0.8145 sys  0.0000

--------------------------------------------------------------------------------
Fitness function evaluations: 101304

--------------------------------------------------------------------------------
** Docking run number  3 **
--------------------------------------------------------------------------------
  Rank fitness base is 5000.00 ; increment is 11.2233

* Initialising population(s) ...                                                
Number of constraints mappings 0
Number of constraints 0
  Population no.                           :      1
  Population size                          :    100
  Number of duplicates                     :      0
  Number of niche violations               :      0
  Number of errors                         :   6033

Number of constraints mappings 0
Number of constraints 0
  Population no.                           :      2
  Population size                          :    100
  Number of duplicates                     :      0
  Number of niche violations               :      0
  Number of errors                         :   6656

Number of constraints mappings 0
Number of constraints 0
  Population no.                           :      3
  Population size                          :    100
  Number of duplicates                     :      0
  Number of niche violations               :      0
  Number of errors                         :   6377

Number of constraints mappings 0
Number of constraints 0
  Population no.                           :      4
  Population size                          :    100
  Number of duplicates                     :      0
  Number of niche violations               :      0
  Number of errors                         :   6423


Doing GA, no. of population(s) 4 size 100 selection pressure 1.100000

 Operation      Score     S(PLP)   S(hbond)     S(cho)   S(metal)  DE(clash)   DE(tors)     intcor
         0      24.22     -23.80       1.00       0.00       0.00       0.97       0.91       0.20
      1208      24.88     -24.42       1.00       0.00       0.00       0.97       0.89       0.20
      3328      26.35     -22.50       0.80       0.91       0.00       0.00       0.74       0.20
      4206      27.40     -23.07       0.76       1.06       0.00       0.00       0.67       0.20
      4792      30.27     -27.62       1.75       0.42       0.00       0.56       1.75       0.20
      8316      30.53     -27.61       1.75       0.43       0.00       0.36       1.73       0.20
      8434      31.10     -30.62       0.59       0.00       0.00       0.00       0.74       0.20
      8912      31.12     -29.42       1.74       0.03       0.00       0.36       1.73       0.20
      9076      31.61     -29.30       1.91       0.07       0.00       0.36       1.73       0.20
      9254      32.24     -31.93       0.58       0.00       0.00       0.47       0.58       0.20
     10210      32.71     -32.45       0.66       0.00       0.00       0.97       0.47       0.20
     10670      33.40     -30.66       1.94       0.26       0.00       0.56       1.75       0.20
     11240      33.78     -29.68       0.55       1.14       0.00       0.00       0.59       0.20
     11494      34.91     -34.00       1.00       0.00       0.00       0.47       0.91       0.20
     14649      35.87     -31.57       2.05       0.00       0.00       0.00       1.02       0.20
     15227      36.83     -31.11       2.70       0.00       0.00       0.74       0.92       0.20
     16760      37.57     -31.73       2.74       0.00       0.00       0.74       0.92       0.20
     21150      40.65     -34.33       1.86       0.66       0.00       0.00       0.71       0.20
     22001      40.91     -34.36       1.59       1.00       0.00       0.00       0.71       0.20
     22008      41.62     -34.90       1.92       0.67       0.00       0.00       0.62       0.20
     22245      41.81     -34.76       1.85       0.91       0.00       0.00       0.72       0.20
     22978      42.73     -35.35       1.96       0.88       0.00       0.00       0.67       0.20
     26030      42.80     -35.44       1.93       0.90       0.00       0.00       0.66       0.20
     26572      43.07     -35.43       1.99       0.91       0.00       0.00       0.63       0.20
     28520      43.14     -35.60       1.99       0.84       0.00       0.00       0.57       0.20
     29904      43.18     -35.64       1.99       0.85       0.00       0.00       0.59       0.20
     31644      43.25     -35.57       2.00       0.84       0.00       0.00       0.52       0.20
     32324      43.36     -35.60       2.00       0.90       0.00       0.00       0.58       0.20
     32639      43.63     -35.66       2.00       1.00       0.00       0.00       0.62       0.20
     34419      43.89     -35.86       2.00       1.00       0.00       0.00       0.59       0.20
     35476      43.96     -35.91       2.00       1.00       0.00       0.00       0.58       0.20
     37022      43.98     -35.93       2.00       1.00       0.00       0.00       0.57       0.20
     40043      43.98     -35.92       2.00       1.00       0.00       0.00       0.57       0.20
--------------------------------------------------------------------------------
Best docking solution after GA:
     43000      43.98     -35.92       2.00       1.00       0.00       0.00       0.57       0.20

#ops:      43000 #mutates:  20505 #cross:    20392 #migrate:   2103 
#dups:     13307 #niche:    24352 #errors:    2124 
--------------------------------------------------------------------------------

Doing AMOEBA simplex on best individual
Done simplexing #iterations 425, best score  44.25

Ligand is stored in gold_soln_AV-procd_m12532_3.sdf


--------------------------------------------------------------------------------
--- CHEMPLP breakdown of terms                                               ---
--------------------------------------------------------------------------------
CHEMPLP = - ( 1.0000*S(PLP) + -3.0000*S(hbond) + -6.0000*S(metal) + -3.0000*S(cho) )

Score = CHEMPLP - 1.0000*DE(clash) - 2.0000*DE(tors)

Internal energy term has been corrected with the best internal energy encountered.

--------------------------------------------------------------------------------


     Score     S(PLP)   S(hbond)     S(cho)   S(metal)  DE(clash)   DE(tors)     intcor
     44.25     -36.17       2.00       1.00       0.00       0.00       0.56       0.20

--------------------------------------------------------------------------------
--- PLP analysis of protein-ligand interactions                              ---
--------------------------------------------------------------------------------
hydrogen bonding        :      -2.46
metal                   :       0.00
buried (polar-nonpolar) :      -4.49
nonpolar                :     -28.92
repulsive               :       0.28
--------------------------------------------------------------------------------


--------------------------------------------------------------------------------
--- ChemScore analysis of protein-ligand interactions                        ---
--------------------------------------------------------------------------------

* Hydrogen bonds                                                                
Ligand donor    1 hydrogen   18 Protein acceptor 7957 bond energy  1.00 wt 1.00
Protein donor 7989 hydrogen 7998 Ligand acceptor    4 bond energy  1.00 wt 1.00


* CH..O interactions                                                            
  CH group selection                       : activated ring CH (adjacent to hetatom)
Ligand carbon   12 hydrogen   31 Protein acceptor 8029 bond energy  1.00 wt 1.00

--------------------------------------------------------------------------------


--------------------------------------------------------------------------------
--- Intra-ligand clashes                                                     ---
--------------------------------------------------------------------------------

Ligand
--------------------------------------------------------------------------------

--------------------------------------------------------------------------------
--- Rescoring solution                                                       ---
--------------------------------------------------------------------------------

     Score         DG    S(hbond)    S(metal)    S(lipo)     H(rot)  DE(clash)    DE(int)
     15.31     -16.99       1.31        0.00     105.97       2.06       0.12       1.56

Doing AMOEBA simplex on best individual
Done simplexing #iterations 824, best score  17.32

     Score         DG    S(hbond)    S(metal)    S(lipo)     H(rot)  DE(clash)    DE(int)
     17.32     -18.32       1.75        0.00     104.82       2.06       0.30       0.70

--------------------------------------------------------------------------------
--- ChemScore breakdown of terms                                             ---
--------------------------------------------------------------------------------
DG = -5.4800 + -3.3400*S(hbond)
     + -6.0300*S(metal) + -0.1170*S(lipo) + 2.5600*H(rot)


H(rot) = 2.0570

Score = -(DG + DE(clash) + DE(int))


--------------------------------------------------------------------------------


--------------------------------------------------------------------------------
--- ChemScore analysis of protein-ligand interactions                        ---
--------------------------------------------------------------------------------

* Hydrogen bonds                                                                
Ligand donor    1 hydrogen   18 Protein acceptor 7957 bond energy  1.00 wt 0.99
Protein donor 7989 hydrogen 7998 Ligand acceptor    4 bond energy  1.00 wt 0.76

CHEMSCORE EXTRA INTERACTIONS:

* Clashes                                                                       
Clash for ligand atom   4 (**** ):   0.01
Clash for ligand atom  14 (**** ):   0.29
--------------------------------------------------------------------------------


--------------------------------------------------------------------------------
--- Chromosome decoded                                                       ---
--------------------------------------------------------------------------------
Ligand Torsions
[  18    1    2    3]   22.50
[   1    2    3    4]  -86.52
[   2    3    4    5]  -97.95
[   3    4    5   17]  -62.95
[  15   10    9    8]   58.87
Protein Torsions
[6907 6896 6895 6894]  156.48 
[7974 7965 7964 7962]  130.86 
[8008 7997 7996 7995]  -38.23 
[10167 10162 10161 10158]   43.64 
[10718 10713 10712 10709]   71.56 
[10763 10752 10751 10750] -101.92 
[11005 11000 10999 10996] -171.80 
Mapping
Ligand acceptors to protein hydrogens (mapping then atom ids)
  2  18 [  4->7998]
Ligand hydrogens to protein acceptors (mapping then atom ids)
Ligand shape atoms to protein points (mapping then atom ids & coords)
  1  6142 [  2->(148.000 140.250 154.250)]
  4  8224 [  6->(151.500 138.250 155.750)]
  6  8496 [  8->(151.750 141.000 158.750)]
  8  8580 [ 12->(151.750 143.750 158.750)]
  9  8429 [ 14->(151.500 145.750 160.250)]
 10  7010 [ 17->(150.000 141.750 157.250)]
Chromosome values
Integers:
  -1   17   -1   -1   -1 6141   -1   -1 8223   -1 8495   -1 
8579 8428 7009 
--------------------------------------------------------------------------------

Current Ranking  3  1  2

--------------------------------------------------------------------------------

* GA execution time :                                                           
  total  0.8682 user  0.8682 sys  0.0000

--------------------------------------------------------------------------------
Fitness function evaluations: 98365

--------------------------------------------------------------------------------
** Docking run number  4 **
--------------------------------------------------------------------------------
  Rank fitness base is 5000.00 ; increment is 11.2233

* Initialising population(s) ...                                                
Number of constraints mappings 0
Number of constraints 0
  Population no.                           :      1
  Population size                          :    100
  Number of duplicates                     :      0
  Number of niche violations               :      0
  Number of errors                         :   6281

Number of constraints mappings 0
Number of constraints 0
  Population no.                           :      2
  Population size                          :    100
  Number of duplicates                     :      0
  Number of niche violations               :      0
  Number of errors                         :   6240

Number of constraints mappings 0
Number of constraints 0
  Population no.                           :      3
  Population size                          :    100
  Number of duplicates                     :      0
  Number of niche violations               :      0
  Number of errors                         :   6211

Number of constraints mappings 0
Number of constraints 0
  Population no.                           :      4
  Population size                          :    100
  Number of duplicates                     :      0
  Number of niche violations               :      0
  Number of errors                         :   6189


Doing GA, no. of population(s) 4 size 100 selection pressure 1.100000

 Operation      Score     S(PLP)   S(hbond)     S(cho)   S(metal)  DE(clash)   DE(tors)     intcor
         0      17.37     -19.84       0.00       0.00       0.00       0.00       1.34       0.20
       237      21.02     -15.82       1.06       1.00       0.00       0.00       0.59       0.20
      2240      24.58     -27.02       1.60       0.00       0.00       4.82       1.31       0.20
      3565      25.35     -29.52       0.00       0.00       0.00       2.79       0.79       0.20
      3918      25.47     -25.78       0.73       0.00       0.00       0.00       1.35       0.20
      4956      25.55     -27.84       1.60       0.00       0.00       4.82       1.24       0.20
      6118      25.93     -26.03       0.80       0.00       0.00       0.00       1.35       0.20
      6495      27.42     -28.37       0.71       0.00       0.00       0.74       1.26       0.20
      6542      28.26     -28.03       0.91       0.00       0.00       0.00       1.35       0.20
      7134      28.89     -28.03       1.12       0.00       0.00       0.00       1.35       0.20
      8106      30.51     -27.20       1.86       0.00       0.00       0.00       1.23       0.20
      9342      31.10     -27.37       2.00       0.00       0.00       0.00       1.23       0.20
      9806      31.79     -28.06       2.00       0.00       0.00       0.00       1.23       0.20
     12466      32.11     -29.20       1.72       0.00       0.00       0.00       1.23       0.20
     12879      32.34     -27.82       2.00       0.00       0.00       0.00       0.84       0.20
     14731      33.06     -28.54       2.00       0.00       0.00       0.00       0.84       0.20
     16234      33.45     -29.44       1.83       0.00       0.00       0.00       0.84       0.20
     16979      34.43     -29.91       2.00       0.00       0.00       0.00       0.84       0.20
     17538      34.50     -30.60       1.79       0.00       0.00       0.00       0.84       0.20
     18475      34.81     -30.29       2.00       0.00       0.00       0.00       0.84       0.20
     21503      35.08     -30.56       2.00       0.00       0.00       0.00       0.84       0.20
     22879      35.16     -30.64       2.00       0.00       0.00       0.00       0.84       0.20
     24707      35.72     -31.25       1.99       0.00       0.00       0.00       0.85       0.20
     42158      35.75     -31.28       1.99       0.00       0.00       0.00       0.85       0.20
     42305      35.80     -31.33       1.99       0.00       0.00       0.00       0.85       0.20
     42350      35.80     -31.20       2.00       0.00       0.00       0.00       0.80       0.20
--------------------------------------------------------------------------------
Best docking solution after GA:
     43000      35.80     -31.20       2.00       0.00       0.00       0.00       0.80       0.20

#ops:      43000 #mutates:  20232 #cross:    20627 #migrate:   2141 
#dups:      8389 #niche:    21357 #errors:    2482 
--------------------------------------------------------------------------------

Doing AMOEBA simplex on best individual
Done simplexing #iterations 759, best score  38.15

Ligand is stored in gold_soln_AV-procd_m12532_4.sdf


--------------------------------------------------------------------------------
--- CHEMPLP breakdown of terms                                               ---
--------------------------------------------------------------------------------
CHEMPLP = - ( 1.0000*S(PLP) + -3.0000*S(hbond) + -6.0000*S(metal) + -3.0000*S(cho) )

Score = CHEMPLP - 1.0000*DE(clash) - 2.0000*DE(tors)

Internal energy term has been corrected with the best internal energy encountered.

--------------------------------------------------------------------------------


     Score     S(PLP)   S(hbond)     S(cho)   S(metal)  DE(clash)   DE(tors)     intcor
     38.15     -33.64       2.00       0.00       0.00       0.00       0.84       0.20

--------------------------------------------------------------------------------
--- PLP analysis of protein-ligand interactions                              ---
--------------------------------------------------------------------------------
hydrogen bonding        :      -3.00
metal                   :       0.00
buried (polar-nonpolar) :      -4.32
nonpolar                :     -26.15
repulsive               :       0.13
--------------------------------------------------------------------------------


--------------------------------------------------------------------------------
--- ChemScore analysis of protein-ligand interactions                        ---
--------------------------------------------------------------------------------

* Hydrogen bonds                                                                
Ligand donor    1 hydrogen   18 Protein acceptor 7948 bond energy  1.00 wt 1.00
Protein donor 7989 hydrogen 7998 Ligand acceptor    4 bond energy  1.00 wt 1.00


* CH..O interactions                                                            
  CH group selection                       : activated ring CH (adjacent to hetatom)

--------------------------------------------------------------------------------


--------------------------------------------------------------------------------
--- Intra-ligand clashes                                                     ---
--------------------------------------------------------------------------------

Ligand
 11 (**** ) -   8 (**** ):   0.00 (dist   2.75)
--------------------------------------------------------------------------------

--------------------------------------------------------------------------------
--- Rescoring solution                                                       ---
--------------------------------------------------------------------------------

     Score         DG    S(hbond)    S(metal)    S(lipo)     H(rot)  DE(clash)    DE(int)
     12.97     -14.29       0.87        0.00      95.47       2.06       0.53       0.80

Doing AMOEBA simplex on best individual
Done simplexing #iterations 729, best score  15.73

     Score         DG    S(hbond)    S(metal)    S(lipo)     H(rot)  DE(clash)    DE(int)
     15.73     -16.52       1.54        0.00      95.35       2.06       0.07       0.72

--------------------------------------------------------------------------------
--- ChemScore breakdown of terms                                             ---
--------------------------------------------------------------------------------
DG = -5.4800 + -3.3400*S(hbond)
     + -6.0300*S(metal) + -0.1170*S(lipo) + 2.5600*H(rot)


H(rot) = 2.0570

Score = -(DG + DE(clash) + DE(int))


--------------------------------------------------------------------------------


--------------------------------------------------------------------------------
--- ChemScore analysis of protein-ligand interactions                        ---
--------------------------------------------------------------------------------

* Hydrogen bonds                                                                
Ligand donor    1 hydrogen   18 Protein acceptor 7948 bond energy  1.00 wt 0.90
Protein donor 7989 hydrogen 7998 Ligand acceptor    4 bond energy  1.00 wt 0.64

CHEMSCORE EXTRA INTERACTIONS:

* Clashes                                                                       
Clash for ligand atom   3 (**** ):   0.01
Clash for ligand atom   8 (**** ):   0.05
--------------------------------------------------------------------------------


--------------------------------------------------------------------------------
--- Chromosome decoded                                                       ---
--------------------------------------------------------------------------------
Ligand Torsions
[  18    1    2    3]    5.60
[   1    2    3    4]  165.07
[   2    3    4    5]  -81.00
[   3    4    5   17]  147.73
[  15   10    9    8]  159.19
Protein Torsions
[6907 6896 6895 6894] -161.20 
[7974 7965 7964 7962]   -3.91 
[8008 7997 7996 7995]  -48.45 
[10167 10162 10161 10158] -118.24 
[10718 10713 10712 10709] -141.47 
[10763 10752 10751 10750]  146.24 
[11005 11000 10999 10996]  -15.16 
Mapping
Ligand acceptors to protein hydrogens (mapping then atom ids)
Ligand hydrogens to protein acceptors (mapping then atom ids)
  1   7 [ 18->7948]
Ligand shape atoms to protein points (mapping then atom ids & coords)
  3  6887 [  5->(149.750 140.750 156.000)]
  5  6653 [  7->(149.000 141.500 156.250)]
  7  8785 [ 11->(152.000 142.500 159.000)]
  8  9102 [ 12->(152.250 143.750 160.000)]
Chromosome values
Integers:
  -1   -1   -1   -1    6   -1   -1 6886   -1 6652   -1 8784 
9101   -1   -1 
--------------------------------------------------------------------------------

Current Ranking  3  1  2  4

--------------------------------------------------------------------------------

* GA execution time :                                                           
  total  0.8141 user  0.8101 sys  0.0040

--------------------------------------------------------------------------------
Fitness function evaluations: 99429

--------------------------------------------------------------------------------
** Docking run number  5 **
--------------------------------------------------------------------------------
  Rank fitness base is 5000.00 ; increment is 11.2233

* Initialising population(s) ...                                                
Number of constraints mappings 0
Number of constraints 0
  Population no.                           :      1
  Population size                          :    100
  Number of duplicates                     :      0
  Number of niche violations               :      0
  Number of errors                         :   6408

Number of constraints mappings 0
Number of constraints 0
  Population no.                           :      2
  Population size                          :    100
  Number of duplicates                     :      0
  Number of niche violations               :      0
  Number of errors                         :   6378

Number of constraints mappings 0
Number of constraints 0
  Population no.                           :      3
  Population size                          :    100
  Number of duplicates                     :      0
  Number of niche violations               :      0
  Number of errors                         :   6219

Number of constraints mappings 0
Number of constraints 0
  Population no.                           :      4
  Population size                          :    100
  Number of duplicates                     :      0
  Number of niche violations               :      0
  Number of errors                         :   6321


Doing GA, no. of population(s) 4 size 100 selection pressure 1.100000

 Operation      Score     S(PLP)   S(hbond)     S(cho)   S(metal)  DE(clash)   DE(tors)     intcor
         0      22.43     -24.26       0.83       0.00       0.00       2.53       1.00       0.20
      1083      22.43     -24.26       0.83       0.00       0.00       2.53       1.00       0.20
      3151      25.74     -25.12       0.80       0.00       0.00       0.62       0.68       0.20
      6078      28.00     -26.68       0.80       0.00       0.00       0.62       0.33       0.20
      6882      28.41     -26.67       1.00       0.00       0.00       0.62       0.42       0.20
      8631      29.71     -29.65       0.96       0.00       0.00       0.86       1.08       0.20
     11495      31.12     -30.94       1.00       0.00       0.00       0.86       1.08       0.20
     13671      31.13     -30.82       1.00       0.00       0.00       0.62       1.14       0.20
     14300      31.22     -31.04       1.00       0.00       0.00       0.86       1.08       0.20
     14382      33.12     -33.40       0.68       0.00       0.00       0.86       0.84       0.20
     17314      33.61     -33.61       0.78       0.00       0.00       0.86       0.84       0.20
     20352      33.94     -33.61       0.96       0.00       0.00       0.86       0.94       0.20
     21328      34.12     -33.90       0.65       0.00       0.00       0.86       0.53       0.20
     21540      34.30     -32.99       0.81       0.00       0.00       0.32       0.51       0.20
     23799      34.58     -34.34       1.00       0.00       0.00       0.86       1.05       0.20
     24561      35.65     -34.06       0.90       0.00       0.00       0.32       0.51       0.20
     27793      35.79     -34.33       0.86       0.00       0.00       0.32       0.51       0.20
     28485      36.59     -34.84       0.96       0.00       0.00       0.32       0.51       0.20
     29965      36.86     -34.94       1.00       0.00       0.00       0.32       0.49       0.20
     31329      36.96     -34.97       1.00       0.00       0.00       0.32       0.44       0.20
     31882      36.98     -35.11       1.00       0.00       0.00       0.38       0.47       0.20
     34241      36.99     -35.03       1.00       0.00       0.00       0.32       0.46       0.20
     34489      37.04     -35.16       1.00       0.00       0.00       0.38       0.47       0.20
     35709      37.08     -35.13       1.00       0.00       0.00       0.38       0.43       0.20
     36765      37.36     -35.67       0.91       0.00       0.00       0.32       0.47       0.20
     38848      37.67     -35.68       1.00       0.00       0.00       0.00       0.61       0.20
     40952      37.88     -35.94       1.00       0.00       0.00       0.00       0.63       0.20
     42056      38.43     -36.44       1.00       0.00       0.00       0.00       0.61       0.20
     42428      38.51     -36.62       1.00       0.00       0.00       0.00       0.66       0.20
--------------------------------------------------------------------------------
Best docking solution after GA:
     43000      38.51     -36.62       1.00       0.00       0.00       0.00       0.66       0.20

#ops:      43000 #mutates:  20487 #cross:    20400 #migrate:   2113 
#dups:     13265 #niche:    23491 #errors:    1889 
--------------------------------------------------------------------------------

Doing AMOEBA simplex on best individual
Done simplexing #iterations 310, best score  39.87

Ligand is stored in gold_soln_AV-procd_m12532_5.sdf


--------------------------------------------------------------------------------
--- CHEMPLP breakdown of terms                                               ---
--------------------------------------------------------------------------------
CHEMPLP = - ( 1.0000*S(PLP) + -3.0000*S(hbond) + -6.0000*S(metal) + -3.0000*S(cho) )

Score = CHEMPLP - 1.0000*DE(clash) - 2.0000*DE(tors)

Internal energy term has been corrected with the best internal energy encountered.

--------------------------------------------------------------------------------


     Score     S(PLP)   S(hbond)     S(cho)   S(metal)  DE(clash)   DE(tors)     intcor
     39.87     -37.74       1.00       0.00       0.00       0.00       0.53       0.20

--------------------------------------------------------------------------------
--- PLP analysis of protein-ligand interactions                              ---
--------------------------------------------------------------------------------
hydrogen bonding        :      -0.89
metal                   :       0.00
buried (polar-nonpolar) :      -2.40
nonpolar                :     -33.89
repulsive               :       0.70
--------------------------------------------------------------------------------


--------------------------------------------------------------------------------
--- ChemScore analysis of protein-ligand interactions                        ---
--------------------------------------------------------------------------------

* Hydrogen bonds                                                                
Ligand donor    1 hydrogen   18 Protein acceptor 7957 bond energy  1.00 wt 1.00


* CH..O interactions                                                            
  CH group selection                       : activated ring CH (adjacent to hetatom)

--------------------------------------------------------------------------------


--------------------------------------------------------------------------------
--- Intra-ligand clashes                                                     ---
--------------------------------------------------------------------------------

Ligand
--------------------------------------------------------------------------------

--------------------------------------------------------------------------------
--- Rescoring solution                                                       ---
--------------------------------------------------------------------------------

     Score         DG    S(hbond)    S(metal)    S(lipo)     H(rot)  DE(clash)    DE(int)
     15.35     -16.42       0.98        0.00     110.60       2.06       0.42       0.66

Doing AMOEBA simplex on best individual
Done simplexing #iterations 684, best score  15.92

     Score         DG    S(hbond)    S(metal)    S(lipo)     H(rot)  DE(clash)    DE(int)
     15.92     -16.60       1.00        0.00     111.59       2.06       0.13       0.56

--------------------------------------------------------------------------------
--- ChemScore breakdown of terms                                             ---
--------------------------------------------------------------------------------
DG = -5.4800 + -3.3400*S(hbond)
     + -6.0300*S(metal) + -0.1170*S(lipo) + 2.5600*H(rot)


H(rot) = 2.0570

Score = -(DG + DE(clash) + DE(int))


--------------------------------------------------------------------------------


--------------------------------------------------------------------------------
--- ChemScore analysis of protein-ligand interactions                        ---
--------------------------------------------------------------------------------

* Hydrogen bonds                                                                
Ligand donor    1 hydrogen   18 Protein acceptor 7957 bond energy  1.00 wt 1.00

CHEMSCORE EXTRA INTERACTIONS:

* Clashes                                                                       
Clash for ligand atom   2 (**** ):   0.03
Clash for ligand atom   4 (**** ):   0.03
Clash for ligand atom   8 (**** ):   0.07
--------------------------------------------------------------------------------


--------------------------------------------------------------------------------
--- Chromosome decoded                                                       ---
--------------------------------------------------------------------------------
Ligand Torsions
[  18    1    2    3]   95.46
[   1    2    3    4] -175.14
[   2    3    4    5]   87.06
[   3    4    5   17]  170.28
[  15   10    9    8]  159.04
Protein Torsions
[6907 6896 6895 6894]   22.19 
[7974 7965 7964 7962]  -45.47 
[8008 7997 7996 7995]  110.09 
[10167 10162 10161 10158] -102.17 
[10718 10713 10712 10709]  129.69 
[10763 10752 10751 10750]  -94.80 
[11005 11000 10999 10996]   45.25 
Mapping
Ligand acceptors to protein hydrogens (mapping then atom ids)
Ligand hydrogens to protein acceptors (mapping then atom ids)
Ligand shape atoms to protein points (mapping then atom ids & coords)
  1  5756 [  2->(147.250 140.250 153.250)]
  7  9705 [ 11->(153.500 142.000 160.750)]
  9  9038 [ 14->(152.250 142.750 159.500)]
Chromosome values
Integers:
  -1   -1   -1   -1   -1 5755   -1   -1   -1   -1   -1 9704 
  -1 9037   -1 
--------------------------------------------------------------------------------

Current Ranking  3  1  2  5  4

--------------------------------------------------------------------------------

* GA execution time :                                                           
  total  0.8215 user  0.8215 sys  0.0000

--------------------------------------------------------------------------------
Fitness function evaluations: 98159

--------------------------------------------------------------------------------
** Docking run number  6 **
--------------------------------------------------------------------------------
  Rank fitness base is 5000.00 ; increment is 11.2233

* Initialising population(s) ...                                                
Number of constraints mappings 0
Number of constraints 0
  Population no.                           :      1
  Population size                          :    100
  Number of duplicates                     :      0
  Number of niche violations               :      0
  Number of errors                         :   6330

Number of constraints mappings 0
Number of constraints 0
  Population no.                           :      2
  Population size                          :    100
  Number of duplicates                     :      0
  Number of niche violations               :      0
  Number of errors                         :   6353

Number of constraints mappings 0
Number of constraints 0
  Population no.                           :      3
  Population size                          :    100
  Number of duplicates                     :      0
  Number of niche violations               :      0
  Number of errors                         :   6544

Number of constraints mappings 0
Number of constraints 0
  Population no.                           :      4
  Population size                          :    100
  Number of duplicates                     :      0
  Number of niche violations               :      0
  Number of errors                         :   6498


Doing GA, no. of population(s) 4 size 100 selection pressure 1.100000

 Operation      Score     S(PLP)   S(hbond)     S(cho)   S(metal)  DE(clash)   DE(tors)     intcor
         0      19.62     -25.39       1.00       0.00       0.00       7.87       0.55       0.20
       734      27.92     -28.59       0.56       0.00       0.00       0.15       1.20       0.20
      2483      28.28     -29.27       0.55       0.00       0.00       1.28       0.78       0.20
      5565      29.00     -26.67       0.40       1.00       0.00       0.00       1.04       0.20
      5706      29.06     -28.42       1.00       0.00       0.00       0.15       1.21       0.20
      6094      33.24     -29.44       1.93       0.00       0.00       0.00       1.09       0.20
      7587      35.31     -31.56       1.75       0.00       0.00       0.32       0.69       0.20
      8567      35.82     -31.56       1.92       0.00       0.00       0.32       0.69       0.20
      9252      35.91     -31.56       1.95       0.00       0.00       0.32       0.69       0.20
     10739      36.31     -31.66       2.03       0.00       0.00       0.32       0.66       0.20
     12017      36.90     -31.13       1.75       1.00       0.00       0.00       1.33       0.20
     12532      38.48     -31.93       2.00       1.00       0.00       0.00       1.33       0.20
     14797      39.61     -32.87       2.00       1.00       0.00       1.29       0.59       0.20
     16121      40.98     -36.79       1.52       0.57       0.00       1.29       0.49       0.20
     25532      42.69     -34.48       2.43       1.00       0.00       1.29       0.49       0.20
     27508      42.76     -34.48       2.45       1.00       0.00       1.29       0.49       0.20
     29692      43.55     -33.93       2.49       1.00       0.00       0.00       0.53       0.20
     30100      43.58     -35.30       2.45       1.00       0.00       1.29       0.49       0.20
     31741      43.91     -34.80       2.73       1.00       0.00       1.29       0.49       0.20
     31832      44.07     -34.73       2.40       1.00       0.00       0.00       0.53       0.20
     34947      44.24     -35.05       2.45       1.00       0.00       0.34       0.51       0.20
     36951      44.39     -35.05       2.50       1.00       0.00       0.34       0.51       0.20
     38887      45.33     -35.02       2.85       1.00       0.00       0.34       0.54       0.20
     40828      45.46     -35.02       2.89       1.00       0.00       0.34       0.54       0.20
     41054      45.53     -35.00       2.89       1.00       0.00       0.34       0.51       0.20
     42490      45.67     -34.84       2.89       1.00       0.00       0.00       0.53       0.20
--------------------------------------------------------------------------------
Best docking solution after GA:
     43000      45.67     -34.84       2.89       1.00       0.00       0.00       0.53       0.20

#ops:      43000 #mutates:  20487 #cross:    20413 #migrate:   2100 
#dups:      9439 #niche:    23320 #errors:    1786 
--------------------------------------------------------------------------------

Doing AMOEBA simplex on best individual
Done simplexing #iterations 649, best score  46.59

Ligand is stored in gold_soln_AV-procd_m12532_6.sdf


--------------------------------------------------------------------------------
--- CHEMPLP breakdown of terms                                               ---
--------------------------------------------------------------------------------
CHEMPLP = - ( 1.0000*S(PLP) + -3.0000*S(hbond) + -6.0000*S(metal) + -3.0000*S(cho) )

Score = CHEMPLP - 1.0000*DE(clash) - 2.0000*DE(tors)

Internal energy term has been corrected with the best internal energy encountered.

--------------------------------------------------------------------------------


     Score     S(PLP)   S(hbond)     S(cho)   S(metal)  DE(clash)   DE(tors)     intcor
     46.59     -35.46       2.97       1.00       0.00       0.00       0.49       0.20

--------------------------------------------------------------------------------
--- PLP analysis of protein-ligand interactions                              ---
--------------------------------------------------------------------------------
hydrogen bonding        :      -3.41
metal                   :       0.00
buried (polar-nonpolar) :      -5.72
nonpolar                :     -27.12
repulsive               :       0.20
--------------------------------------------------------------------------------


--------------------------------------------------------------------------------
--- ChemScore analysis of protein-ligand interactions                        ---
--------------------------------------------------------------------------------

* Hydrogen bonds                                                                
Ligand donor    1 hydrogen   18 Protein acceptor 7957 bond energy  1.00 wt 0.97
Protein donor 7989 hydrogen 7998 Ligand acceptor    4 bond energy  1.00 wt 1.00
Protein donor 8011 hydrogen 8017 Ligand acceptor    1 bond energy  1.00 wt 1.00


* CH..O interactions                                                            
  CH group selection                       : activated ring CH (adjacent to hetatom)
Ligand carbon   12 hydrogen   31 Protein acceptor 8029 bond energy  1.00 wt 1.00

--------------------------------------------------------------------------------


--------------------------------------------------------------------------------
--- Intra-ligand clashes                                                     ---
--------------------------------------------------------------------------------

Ligand
--------------------------------------------------------------------------------

--------------------------------------------------------------------------------
--- Rescoring solution                                                       ---
--------------------------------------------------------------------------------

     Score         DG    S(hbond)    S(metal)    S(lipo)     H(rot)  DE(clash)    DE(int)
     15.73     -17.25       1.60        0.00     100.01       2.06       0.01       1.52

Doing AMOEBA simplex on best individual
Done simplexing #iterations 907, best score  18.70

     Score         DG    S(hbond)    S(metal)    S(lipo)     H(rot)  DE(clash)    DE(int)
     18.70     -19.45       2.14        0.00     103.17       2.06       0.07       0.67

--------------------------------------------------------------------------------
--- ChemScore breakdown of terms                                             ---
--------------------------------------------------------------------------------
DG = -5.4800 + -3.3400*S(hbond)
     + -6.0300*S(metal) + -0.1170*S(lipo) + 2.5600*H(rot)


H(rot) = 2.0570

Score = -(DG + DE(clash) + DE(int))


--------------------------------------------------------------------------------


--------------------------------------------------------------------------------
--- ChemScore analysis of protein-ligand interactions                        ---
--------------------------------------------------------------------------------

* Hydrogen bonds                                                                
Ligand donor    1 hydrogen   18 Protein acceptor 7957 bond energy  1.00 wt 0.55
Protein donor 7989 hydrogen 7998 Ligand acceptor    4 bond energy  1.00 wt 0.76
Protein donor 8011 hydrogen 8017 Ligand acceptor    1 bond energy  1.00 wt 0.84

CHEMSCORE EXTRA INTERACTIONS:

* Clashes                                                                       
Clash for ligand atom   1 (**** ):   0.05
Clash for ligand atom  14 (**** ):   0.02
--------------------------------------------------------------------------------


--------------------------------------------------------------------------------
--- Chromosome decoded                                                       ---
--------------------------------------------------------------------------------
Ligand Torsions
[  18    1    2    3]   46.23
[   1    2    3    4]   47.86
[   2    3    4    5]  103.05
[   3    4    5   17]  -60.95
[  15   10    9    8]   58.36
Protein Torsions
[6907 6896 6895 6894]   24.25 
[7974 7965 7964 7962] -174.93 
[8008 7997 7996 7995]  -47.34 
[10167 10162 10161 10158]  -51.76 
[10718 10713 10712 10709]  -26.76 
[10763 10752 10751 10750]  170.45 
[11005 11000 10999 10996]  133.23 
Mapping
Ligand acceptors to protein hydrogens (mapping then atom ids)
  1  22 [  1->8017]
  2  18 [  4->7998]
Ligand hydrogens to protein acceptors (mapping then atom ids)
Ligand shape atoms to protein points (mapping then atom ids & coords)
  1  6804 [  2->(149.500 139.000 154.250)]
  2  6372 [  3->(148.500 140.000 154.000)]
  4  7978 [  6->(151.250 138.750 156.000)]
  7  7033 [ 11->(150.000 142.750 158.000)]
  8  8159 [ 12->(151.250 145.500 160.250)]
  9  9161 [ 14->(152.250 144.500 160.000)]
 10  8238 [ 17->(151.500 141.500 158.500)]
Chromosome values
Integers:
  21   17   -1   -1   -1 6803 6371   -1 7977   -1   -1 7032 
8158 9160 8237 
--------------------------------------------------------------------------------

Current Ranking  6  3  1  2  5  4

Top  3 (of  6) solutions are within 1.500 RMSD, finishing docking /DATA2/COVID-19/PDBs_&_Models/AV-procd.sdf.


--------------------------------------------------------------------------------

* GA execution time :                                                           
  total  0.8477 user  0.8477 sys  0.0000

--------------------------------------------------------------------------------
Fitness function evaluations: 100281

--------------------------------------------------------------------------------
--- Ranking analysis                                                         ---
--------------------------------------------------------------------------------


* Final ranked order of GA solutions:                                           
   6  3  1  2  5  4 

  _______________________________
  RMSD Matrix of RANKED solutions

        2    3    4    5    6  

   1 :  1.0  1.2  2.3  2.6  2.9
   2 :       0.8  2.3  2.4  2.6
   3 :            2.1  2.8  2.5
   4 :                 2.9  3.0
   5 :                      3.1

  Clustering method                        : complete linkage
  Structure ids in cluster table           : rank nos.
  Ordering of clusters and their members   : by rank (order if from rms_analysis)

  Distance | Clusters
   0.78    |  1 |  2  3 |  4 |  5 |  6 |
   1.20    |  1  2  3 |  4 |  5 |  6 |
   2.33    |  1  2  3  4 |  5 |  6 |
   2.94    |  1  2  3  4  5 |  6 |
   3.15    |  1  2  3  4  5  6 |
  Finished Docking Ligand                  : /DATA2/COVID-19/PDBs_&_Models/AV-procd.sdf
--------------------------------------------------------------------------------

  Relative_Ligand_Energy (best encountered) :   0.202
  Relative_Ligand_Energy: fitness values have been corrected using this amount
