
--------------------------------------------------------------------------------
--- Ligand                                                                   ---
--------------------------------------------------------------------------------
  Ligand loaded from file                  : /DATA2/COVID-19/PDBs_&_Models/AV-procd.sdf
  Ligand name                              :  
  "AV-unprocessed.smi:1701                                                  "

--------------------------------------------------------------------------------
  N.plc donors                             : 
  none found

  Acidic nitrogen acceptors                : 
  none found
  Sulfur acceptors                         :
  none found


  Donor atoms                              :      3
  10  13  17  
  Acceptor atoms                           :      2
  12  24  

  Hydrogens                                :  (n = 3)
  37   38   54   

  Lone pairs added to molecule             :      3
  Numbering                                : from 55 to 57
  Choline groups                           : 
   17  

--------------------------------------------------------------------------------
--- Postprocessing of typing                                                 ---
--------------------------------------------------------------------------------
  Fragment file                            : /home/scv26/CCDC/Discovery_2020/GOLD/gold/rotatable_bond_override.mol2
  acylurea fragment                        : no matches
  thioacylthiourea fragment                : no matches
  acylthiourea fragment                    : no matches
  thioacylurea fragment                    : no matches
  diarylamine fragment >C.ar-NH-C.ar<      : no matches
  sec-amine (1) fragment                   : no matches
  sec-amine (2) fragment                   : 1 matches
  Ligand bond 3-6  set to 1
  Ligand bond 3-2  set to 1
  Ligand bond 3-4  set to 1
  sec-amine (3) fragment                   : no matches
  carboxylic ester                         : no matches

* Rotatable bonds in /DATA2/COVID-19/PDBs  :
  [   2    3] [   3    4] [   3    6] [   9   10] 
# WARNING: (thio)amide/urea bond [10 11 13 14] in file:
  /DATA2/COVID-19/PDBs_&_Models/AV-procd.sdf
  is cis.
# WARNING: Resetting to planar (input angle is    2.8)
  
  [  13   14] 
  No. of rotatable bonds                   :      5


* Fragments found in /DATA2/COVID-19/PDBs  :


* Checking torsion distributions:                                               
  Rotatable bond [ 8  9 10 11] matches torsion: aromatic amide
   C.ar ( 1H ) | C.ar | N.am ( 1H ) | C.2 ( O.2 ) 
  No. of matched torsions                  :      1

--------------------------------------------------------------------------------
--- Shape fitting atoms selection (hydrophobic atoms)                        ---
--------------------------------------------------------------------------------
  Molecule                                 : /DATA2/COVID-19/PDBs_&_Models/AV-procd.sdf
  Selection                                : carbons only
  Atom numbers                             :  (n = 15)
  1    2    4    5    7    8    14   15   16   18   
  19   20   21   22   23   


--------------------------------------------------------------------------------
--- ChemScore ligand setup summary                                           ---
--------------------------------------------------------------------------------
  ChemScore ligand acceptors               :      2
  12 24 
  ChemScore ligand donors                  :      3
  10 ( 37  ) 13 ( 38  ) 17 ( 54 [+]  ) 
  ChemScore ligand CH donors               :      1
  23 ( 53 ) 

  ChemScore ligand lipophilic atoms        :  (n = 16)
  1    2    4    5    7    8    9    14   15   16   
  18   19   20   21   22   23   

  ChemScore ligand rotatable bonds         :      5
  2   (****) - 3   (****): SP3_SP2_BOND
  3   (****) - 4   (****): SP3_SP2_BOND
  3   (****) - 6   (****): SP2_SP2_BOND
  9   (****) - 10  (****): SP2_SP2_BOND
  13  (****) - 14  (****): SP3_SP2_BOND

--------------------------------------------------------------------------------
--- PLP ligand setup summary                                                 ---
--------------------------------------------------------------------------------
    1  ****   C.3 NONPOLAR
    2  ****   C.3 NONPOLAR
    3  **** N.pl3 NONPOLAR
    4  ****   C.3 NONPOLAR
    5  ****   C.3 NONPOLAR
    6  ****  C.ar NONPOLAR
    7  ****  C.ar NONPOLAR
    8  ****  C.ar NONPOLAR
    9  ****  C.ar NONPOLAR
   10  ****  N.am DONOR
   11  ****   C.2 NONPOLAR
   12  ****   O.2 ACCEPTOR
   13  ****  N.am DONOR
   14  ****   C.3 NONPOLAR
   15  ****   C.3 NONPOLAR
   16  ****   C.3 NONPOLAR
   17  ****   N.4 DONOR
   18  ****   C.3 NONPOLAR
   19  ****   C.3 NONPOLAR
   20  ****   C.3 NONPOLAR
   21  ****   C.3 NONPOLAR
   22  ****   C.3 NONPOLAR
   23  ****  C.ar NONPOLAR
   24  ****  N.ar ACCEPTOR


--------------------------------------------------------------------------------
--- Automatic parameter setting                                              ---
--------------------------------------------------------------------------------
  Contribution base                        :   2500
  Contribution per rotatable bond          :   6000
  Contribution per df                      :   4000
  Contribution per water                   :  10000
  Ligand rotatable bonds                   :      5
  Protein flexible side chain bonds        :      0
  Total rotatable bonds                    :      5
  Hydrophobic vol ratio (P/L)              :   1.538
  Base multiplier (polar)                  :   1.200
  Base multiplier (apolar)                 :   4.614
  Base contribution                        : 12500.000
  Fitting points                           :      6
  Estimated maxops needed (optimal)        :  43000

--------------------------------------------------------------------------------

* Population settings                                                           
  maxops                                   :  43000
  popsiz                                   :    100
  select_pressure                          :   1.100
  n_islands                                :      4
  niche_siz                                :      2

* GA settings                                                                   
  pt_crosswt                               :     95
  allele_mutatewt                          :     95
  migratewt                                :     10

* Search settings                                                               
  start_vdw_linear_cutoff                  :   4.000
  initial_virtual_pt_match_max             :   3.000

--------------------------------------------------------------------------------

* Ligand initialisation time :                                                  
  total  0.0187 user  0.0147 sys  0.0040

--------------------------------------------------------------------------------

--------------------------------------------------------------------------------
** Docking run number  1 **
--------------------------------------------------------------------------------
  Rank fitness base is 5000.00 ; increment is 11.2233

* Initialising population(s) ...                                                
Number of constraints mappings 0
Number of constraints 0
  Population no.                           :      1
  Population size                          :    100
  Number of duplicates                     :      0
  Number of niche violations               :      0
  Number of errors                         :   2849

Number of constraints mappings 0
Number of constraints 0
  Population no.                           :      2
  Population size                          :    100
  Number of duplicates                     :      0
  Number of niche violations               :      0
  Number of errors                         :   2981

Number of constraints mappings 0
Number of constraints 0
  Population no.                           :      3
  Population size                          :    100
  Number of duplicates                     :      0
  Number of niche violations               :      0
  Number of errors                         :   2880

Number of constraints mappings 0
Number of constraints 0
  Population no.                           :      4
  Population size                          :    100
  Number of duplicates                     :      0
  Number of niche violations               :      0
  Number of errors                         :   2709


Doing GA, no. of population(s) 4 size 100 selection pressure 1.100000

 Operation      Score     S(PLP)   S(hbond)     S(cho)   S(metal)  DE(clash)   DE(tors)     intcor
         0      25.72     -27.50       1.00       0.00       0.00       4.01       0.90       1.01
       347      27.74     -23.02       2.23       0.00       0.00       0.00       1.49       1.01
       492      33.98     -28.90       2.00       0.00       0.00       0.00       0.96       1.01
      1328      34.72     -29.73       2.00       0.00       0.00       0.00       1.00       0.98
      5131      38.48     -33.52       2.00       0.00       0.00       0.00       1.00       0.97
      8334      39.29     -33.72       2.32       0.00       0.00       0.76       0.80       0.97
      8571      40.48     -35.47       2.00       0.00       0.00       0.00       0.98       0.97
      9914      41.05     -33.72       2.91       0.00       0.00       0.76       0.80       0.97
     11106      41.42     -36.27       2.00       0.00       0.00       0.00       0.91       0.97
     12014      41.43     -36.27       2.00       0.00       0.00       0.00       0.91       0.97
     12355      42.46     -37.33       2.00       0.05       0.00       0.00       0.99       0.97
     13230      42.81     -37.81       2.00       0.00       0.00       0.32       0.82       0.97
     13763      43.25     -38.03       2.00       0.11       0.00       0.00       1.04       0.97
     14460      43.69     -38.47       2.00       0.19       0.00       0.32       0.99       0.97
     15128      45.07     -38.29       2.00       0.61       0.00       0.32       0.84       0.97
     16468      46.00     -38.55       2.00       0.83       0.00       0.32       0.84       0.97
     16596      46.83     -39.16       2.00       0.80       0.00       0.32       0.69       0.97
     16836      47.05     -39.49       2.00       0.80       0.00       0.47       0.67       0.97
     20281      47.17     -39.67       2.00       0.79       0.00       0.47       0.68       0.97
     22048      47.80     -40.50       2.00       0.86       0.00       0.47       0.89       0.97
     25802      47.89     -40.25       2.00       0.79       0.00       0.46       0.62       0.97
     27629      47.89     -40.19       2.00       0.80       0.00       0.46       0.61       0.97
     28984      47.94     -40.35       2.00       0.79       0.00       0.51       0.62       0.97
     33202      47.97     -40.48       2.00       0.74       0.00       0.46       0.63       0.97
     38129      47.97     -40.38       2.00       0.79       0.00       0.46       0.61       0.91
--------------------------------------------------------------------------------
Best docking solution after GA:
     43000      47.97     -40.38       2.00       0.79       0.00       0.46       0.61       0.86

#ops:      43000 #mutates:  20497 #cross:    20427 #migrate:   2076 
#dups:     11751 #niche:    23133 #errors:    2634 
--------------------------------------------------------------------------------

Doing AMOEBA simplex on best individual
Done simplexing #iterations 607, best score  51.56

Ligand is stored in gold_soln_AV-procd_m6832_1.sdf


--------------------------------------------------------------------------------
--- CHEMPLP breakdown of terms                                               ---
--------------------------------------------------------------------------------
CHEMPLP = - ( 1.0000*S(PLP) + -3.0000*S(hbond) + -6.0000*S(metal) + -3.0000*S(cho) )

Score = CHEMPLP - 1.0000*DE(clash) - 2.0000*DE(tors)

Internal energy term has been corrected with the best internal energy encountered.

--------------------------------------------------------------------------------


     Score     S(PLP)   S(hbond)     S(cho)   S(metal)  DE(clash)   DE(tors)     intcor
     51.56     -42.91       2.00       1.00       0.00       0.00       0.60       0.86

--------------------------------------------------------------------------------
--- PLP analysis of protein-ligand interactions                              ---
--------------------------------------------------------------------------------
hydrogen bonding        :      -1.79
metal                   :       0.00
buried (polar-nonpolar) :       2.02
nonpolar                :     -43.93
repulsive               :       0.36
--------------------------------------------------------------------------------


--------------------------------------------------------------------------------
--- ChemScore analysis of protein-ligand interactions                        ---
--------------------------------------------------------------------------------

* Hydrogen bonds                                                                
Ligand donor   17 hydrogen   54 Protein acceptor 7948 bond energy  1.00 wt 2.00


* CH..O interactions                                                            
  CH group selection                       : activated ring CH (adjacent to hetatom)
Ligand carbon   23 hydrogen   53 Protein acceptor 8028 bond energy  1.00 wt 1.00

--------------------------------------------------------------------------------


--------------------------------------------------------------------------------
--- Intra-ligand clashes                                                     ---
--------------------------------------------------------------------------------

Ligand
--------------------------------------------------------------------------------

--------------------------------------------------------------------------------
--- Rescoring solution                                                       ---
--------------------------------------------------------------------------------

     Score         DG    S(hbond)    S(metal)    S(lipo)     H(rot)  DE(clash)    DE(int)
     13.63     -18.95       1.00        0.00     114.68       1.28       3.37       1.95

Doing AMOEBA simplex on best individual
Done simplexing #iterations 690, best score  14.76

     Score         DG    S(hbond)    S(metal)    S(lipo)     H(rot)  DE(clash)    DE(int)
     14.76     -19.21       1.00        0.00     117.02       1.28       2.51       1.94

--------------------------------------------------------------------------------
--- ChemScore breakdown of terms                                             ---
--------------------------------------------------------------------------------
DG = -5.4800 + -3.3400*S(hbond)
     + -6.0300*S(metal) + -0.1170*S(lipo) + 2.5600*H(rot)


H(rot) = 1.2838

Score = -(DG + DE(clash) + DE(int))


--------------------------------------------------------------------------------


--------------------------------------------------------------------------------
--- ChemScore analysis of protein-ligand interactions                        ---
--------------------------------------------------------------------------------

* Hydrogen bonds                                                                
Ligand donor   17 hydrogen   54 Protein acceptor 7948 bond energy  1.00 wt 1.00

CHEMSCORE EXTRA INTERACTIONS:

* Clashes                                                                       
Clash for ligand atom   1 (**** ):   0.42
Clash for ligand atom   5 (**** ):   0.11
Clash for ligand atom   7 (**** ):   0.02
Clash for ligand atom  15 (**** ):   1.85
Clash for ligand atom  16 (**** ):   0.05
Clash for ligand atom  23 (**** ):   0.05
--------------------------------------------------------------------------------


--------------------------------------------------------------------------------
--- Chromosome decoded                                                       ---
--------------------------------------------------------------------------------
Ligand Torsions
[   1    2    3    4]  115.90
[   5    4    3    2]   15.65
[   2    3    6   24]   17.19
[   8    9   10   11]  151.63    matched torsion: aromatic amide
[  22   14   13   11] -117.19
Protein Torsions
[6907 6896 6895 6894]  -83.57 
[7974 7965 7964 7962]  116.73 
[8008 7997 7996 7995]   64.72 
[10167 10162 10161 10158]  173.60 
[10718 10713 10712 10709]  115.35 
[10763 10752 10751 10750]  -65.84 
[11005 11000 10999 10996]  -92.34 
Mapping
Ligand acceptors to protein hydrogens (mapping then atom ids)
Ligand hydrogens to protein acceptors (mapping then atom ids)
  3   7 [ 54->7948]
Ligand shape atoms to protein points (mapping then atom ids & coords)
  2  7819 [  2->(151.000 144.000 159.000)]
  3  9656 [  4->(153.250 142.500 161.000)]
Ligand N+ atoms to protein TRP (mapping then atom ids & coords)
Chromosome values
Integers:
  -1   -1   -1   -1    6   -1   -1 7818 9655   -1   -1   -1 
  -1   -1   -1   -1   -1   -1   -1   -1   -1 
--------------------------------------------------------------------------------

Current Ranking  1

--------------------------------------------------------------------------------

* GA execution time :                                                           
  total  0.9160 user  0.9080 sys  0.0080

--------------------------------------------------------------------------------
Fitness function evaluations: 84861

--------------------------------------------------------------------------------
** Docking run number  2 **
--------------------------------------------------------------------------------
  Rank fitness base is 5000.00 ; increment is 11.2233

* Initialising population(s) ...                                                
Number of constraints mappings 0
Number of constraints 0
  Population no.                           :      1
  Population size                          :    100
  Number of duplicates                     :      0
  Number of niche violations               :      0
  Number of errors                         :   2837

Number of constraints mappings 0
Number of constraints 0
  Population no.                           :      2
  Population size                          :    100
  Number of duplicates                     :      0
  Number of niche violations               :      0
  Number of errors                         :   2902

Number of constraints mappings 0
Number of constraints 0
  Population no.                           :      3
  Population size                          :    100
  Number of duplicates                     :      0
  Number of niche violations               :      0
  Number of errors                         :   2793

Number of constraints mappings 0
Number of constraints 0
  Population no.                           :      4
  Population size                          :    100
  Number of duplicates                     :      0
  Number of niche violations               :      0
  Number of errors                         :   2887


Doing GA, no. of population(s) 4 size 100 selection pressure 1.100000

 Operation      Score     S(PLP)   S(hbond)     S(cho)   S(metal)  DE(clash)   DE(tors)     intcor
         0      31.31     -29.14       1.82       0.00       0.00       0.00       2.07       0.86
       252      31.87     -30.54       1.48       0.00       0.00       0.07       1.95       0.86
      1048      31.98     -30.68       1.48       0.00       0.00       0.07       1.96       0.86
      1587      32.95     -30.84       2.00       0.00       0.00       0.00       2.37       0.86
      2191      39.99     -37.15       2.00       0.00       0.00       0.00       2.01       0.86
      5099      42.12     -39.29       2.00       0.00       0.00       0.00       2.01       0.86
      6374      43.77     -34.17       3.90       0.00       0.00       0.00       1.47       0.86
      8849      44.11     -35.45       3.58       0.00       0.00       0.00       1.47       0.86
      9702      44.64     -35.16       3.87       0.00       0.00       0.00       1.50       0.86
     12872      45.24     -35.91       3.84       0.00       0.00       0.00       1.53       0.86
     18198      45.55     -40.43       2.03       0.00       0.00       0.00       0.92       0.86
     19437      45.61     -39.92       2.14       0.00       0.00       0.00       0.79       0.86
     21197      45.64     -39.95       2.14       0.00       0.00       0.00       0.79       0.86
     26451      46.04     -36.62       3.90       0.00       0.00       0.00       1.56       0.86
     35807      46.05     -36.63       3.90       0.00       0.00       0.00       1.56       0.86
     35971      46.09     -36.63       3.90       0.00       0.00       0.00       1.54       0.86
     39735      46.29     -37.97       3.00       0.08       0.00       0.00       0.89       0.86
     39793      46.57     -38.62       3.36       0.00       0.00       0.00       1.49       0.86
     40413      46.58     -38.59       3.37       0.00       0.00       0.00       1.49       0.86
     42153      46.60     -38.60       3.37       0.00       0.00       0.00       1.49       0.86
--------------------------------------------------------------------------------
Best docking solution after GA:
     43000      46.60     -38.60       3.37       0.00       0.00       0.00       1.49       0.86

#ops:      43000 #mutates:  20197 #cross:    20589 #migrate:   2214 
#dups:     11729 #niche:    24916 #errors:    1697 
--------------------------------------------------------------------------------

Doing AMOEBA simplex on best individual
Done simplexing #iterations 721, best score  48.05

Ligand is stored in gold_soln_AV-procd_m6832_2.sdf


--------------------------------------------------------------------------------
--- CHEMPLP breakdown of terms                                               ---
--------------------------------------------------------------------------------
CHEMPLP = - ( 1.0000*S(PLP) + -3.0000*S(hbond) + -6.0000*S(metal) + -3.0000*S(cho) )

Score = CHEMPLP - 1.0000*DE(clash) - 2.0000*DE(tors)

Internal energy term has been corrected with the best internal energy encountered.

--------------------------------------------------------------------------------


     Score     S(PLP)   S(hbond)     S(cho)   S(metal)  DE(clash)   DE(tors)     intcor
     48.05     -39.32       3.56       0.00       0.00       0.00       1.41       0.86

--------------------------------------------------------------------------------
--- PLP analysis of protein-ligand interactions                              ---
--------------------------------------------------------------------------------
hydrogen bonding        :      -2.98
metal                   :       0.00
buried (polar-nonpolar) :       5.78
nonpolar                :     -42.73
repulsive               :       0.46
--------------------------------------------------------------------------------


--------------------------------------------------------------------------------
--- ChemScore analysis of protein-ligand interactions                        ---
--------------------------------------------------------------------------------

* Hydrogen bonds                                                                
Ligand donor   10 hydrogen   37 Protein acceptor 7957 bond energy  1.00 wt 0.56
Ligand donor   13 hydrogen   38 Protein acceptor 7957 bond energy  1.00 wt 1.00
Ligand donor   17 hydrogen   54 Protein acceptor 7948 bond energy  1.00 wt 2.00


* CH..O interactions                                                            
  CH group selection                       : activated ring CH (adjacent to hetatom)

--------------------------------------------------------------------------------


--------------------------------------------------------------------------------
--- Intra-ligand clashes                                                     ---
--------------------------------------------------------------------------------

Ligand
--------------------------------------------------------------------------------

--------------------------------------------------------------------------------
--- Rescoring solution                                                       ---
--------------------------------------------------------------------------------

     Score         DG    S(hbond)    S(metal)    S(lipo)     H(rot)  DE(clash)    DE(int)
     12.67     -23.87       2.33        0.00     118.85       1.28       6.67       4.53

Doing AMOEBA simplex on best individual
Done simplexing #iterations 786, best score  16.40

     Score         DG    S(hbond)    S(metal)    S(lipo)     H(rot)  DE(clash)    DE(int)
     16.40     -21.55       2.00        0.00     108.43       1.28       1.34       3.81

--------------------------------------------------------------------------------
--- ChemScore breakdown of terms                                             ---
--------------------------------------------------------------------------------
DG = -5.4800 + -3.3400*S(hbond)
     + -6.0300*S(metal) + -0.1170*S(lipo) + 2.5600*H(rot)


H(rot) = 1.2838

Score = -(DG + DE(clash) + DE(int))


--------------------------------------------------------------------------------


--------------------------------------------------------------------------------
--- ChemScore analysis of protein-ligand interactions                        ---
--------------------------------------------------------------------------------

* Hydrogen bonds                                                                
Ligand donor   13 hydrogen   38 Protein acceptor 7957 bond energy  1.00 wt 1.00
Ligand donor   17 hydrogen   54 Protein acceptor 7948 bond energy  1.00 wt 1.00

CHEMSCORE EXTRA INTERACTIONS:

* Clashes                                                                       
Clash for ligand atom   7 (**** ):   0.07
Clash for ligand atom  15 (**** ):   0.05
Clash for ligand atom  16 (**** ):   1.21
Clash for ligand atom  22 (**** ):   0.01
--------------------------------------------------------------------------------


--------------------------------------------------------------------------------
--- Chromosome decoded                                                       ---
--------------------------------------------------------------------------------
Ligand Torsions
[   1    2    3    4]   27.26
[   5    4    3    2]   75.53
[   2    3    6   24]  151.29
[   8    9   10   11]  141.29    matched torsion: aromatic amide
[  22   14   13   11]  -58.39
Protein Torsions
[6907 6896 6895 6894] -121.23 
[7974 7965 7964 7962]   18.70 
[8008 7997 7996 7995]   64.10 
[10167 10162 10161 10158] -177.79 
[10718 10713 10712 10709]   78.35 
[10763 10752 10751 10750]   28.58 
[11005 11000 10999 10996] -131.25 
Mapping
Ligand acceptors to protein hydrogens (mapping then atom ids)
Ligand hydrogens to protein acceptors (mapping then atom ids)
  2   9 [ 38->7957]
  3   7 [ 54->7948]
Ligand shape atoms to protein points (mapping then atom ids & coords)
  3  7768 [  4->(151.000 143.000 158.000)]
  7  5722 [ 14->(147.250 139.000 152.500)]
Ligand N+ atoms to protein TRP (mapping then atom ids & coords)
Chromosome values
Integers:
  -1   -1   -1    8    6   -1   -1   -1 7767   -1   -1   -1 
5721   -1   -1   -1   -1   -1   -1   -1   -1 
--------------------------------------------------------------------------------

Current Ranking  1  2

--------------------------------------------------------------------------------

* GA execution time :                                                           
  total  0.9474 user  0.9474 sys  0.0000

--------------------------------------------------------------------------------
Fitness function evaluations: 86033

--------------------------------------------------------------------------------
** Docking run number  3 **
--------------------------------------------------------------------------------
  Rank fitness base is 5000.00 ; increment is 11.2233

* Initialising population(s) ...                                                
Number of constraints mappings 0
Number of constraints 0
  Population no.                           :      1
  Population size                          :    100
  Number of duplicates                     :      0
  Number of niche violations               :      0
  Number of errors                         :   2915

Number of constraints mappings 0
Number of constraints 0
  Population no.                           :      2
  Population size                          :    100
  Number of duplicates                     :      0
  Number of niche violations               :      0
  Number of errors                         :   2842

Number of constraints mappings 0
Number of constraints 0
  Population no.                           :      3
  Population size                          :    100
  Number of duplicates                     :      0
  Number of niche violations               :      0
  Number of errors                         :   2939

Number of constraints mappings 0
Number of constraints 0
  Population no.                           :      4
  Population size                          :    100
  Number of duplicates                     :      0
  Number of niche violations               :      0
  Number of errors                         :   2977


Doing GA, no. of population(s) 4 size 100 selection pressure 1.100000

 Operation      Score     S(PLP)   S(hbond)     S(cho)   S(metal)  DE(clash)   DE(tors)     intcor
         0      37.97     -32.78       2.00       0.00       0.00       0.00       0.84       0.85
      4842      39.94     -34.27       2.00       0.00       0.00       0.00       0.60       0.85
      6266      40.83     -35.17       2.00       0.00       0.00       0.00       0.60       0.85
      6514      41.12     -35.46       2.00       0.00       0.00       0.00       0.60       0.85
      7150      42.11     -36.82       2.02       0.00       0.00       0.00       0.81       0.85
      8166      42.74     -36.49       2.33       0.00       0.00       0.00       0.79       0.85
      8482      43.06     -36.64       2.37       0.00       0.00       0.00       0.77       0.85
      9071      43.62     -38.70       2.00       0.00       0.00       0.00       0.96       0.85
     10790      45.28     -37.11       2.00       0.93       0.00       0.00       0.74       0.85
     12502      45.39     -38.51       2.30       0.30       0.00       0.46       0.66       0.85
     12666      46.41     -38.10       2.00       0.98       0.00       0.00       0.74       0.85
     13306      46.50     -38.87       2.00       0.75       0.00       0.00       0.74       0.85
     13362      46.84     -41.30       2.00       0.00       0.00       0.00       0.66       0.85
     14966      46.91     -41.34       2.00       0.00       0.00       0.00       0.64       0.85
     18066      47.11     -40.97       2.25       0.30       0.00       0.67       0.85       0.85
     19949      47.16     -41.71       2.00       0.00       0.00       0.00       0.70       0.85
     20222      47.86     -40.13       2.00       0.70       0.00       0.00       0.61       0.85
     20326      48.88     -40.83       2.00       0.92       0.00       0.21       0.68       0.85
     23698      48.88     -41.11       2.00       0.88       0.00       0.21       0.76       0.85
     31351      49.03     -40.97       2.00       0.79       0.00       0.00       0.58       0.85
     36535      49.10     -40.97       2.00       0.81       0.00       0.00       0.57       0.85
     37614      49.10     -40.94       2.00       0.82       0.00       0.00       0.57       0.85
     40063      49.20     -40.81       2.00       0.89       0.00       0.00       0.57       0.85
     40818      49.22     -40.94       2.00       0.82       0.00       0.00       0.51       0.85
     40867      49.39     -41.02       2.00       0.89       0.00       0.00       0.58       0.85
     41643      49.40     -41.03       2.00       0.89       0.00       0.00       0.57       0.85
     41753      49.55     -40.97       2.00       0.95       0.00       0.00       0.57       0.85
     41776      49.67     -41.12       2.00       0.94       0.00       0.00       0.56       0.85
     41843      49.94     -41.53       2.00       0.90       0.00       0.00       0.57       0.85
--------------------------------------------------------------------------------
Best docking solution after GA:
     43000      49.94     -41.53       2.00       0.90       0.00       0.00       0.57       0.85

#ops:      43000 #mutates:  20624 #cross:    20279 #migrate:   2097 
#dups:     10840 #niche:    26907 #errors:    1113 
--------------------------------------------------------------------------------

Doing AMOEBA simplex on best individual
Done simplexing #iterations 729, best score  51.96

Ligand is stored in gold_soln_AV-procd_m6832_3.sdf


--------------------------------------------------------------------------------
--- CHEMPLP breakdown of terms                                               ---
--------------------------------------------------------------------------------
CHEMPLP = - ( 1.0000*S(PLP) + -3.0000*S(hbond) + -6.0000*S(metal) + -3.0000*S(cho) )

Score = CHEMPLP - 1.0000*DE(clash) - 2.0000*DE(tors)

Internal energy term has been corrected with the best internal energy encountered.

--------------------------------------------------------------------------------


     Score     S(PLP)   S(hbond)     S(cho)   S(metal)  DE(clash)   DE(tors)     intcor
     51.96     -43.34       2.00       0.95       0.00       0.00       0.54       0.85

--------------------------------------------------------------------------------
--- PLP analysis of protein-ligand interactions                              ---
--------------------------------------------------------------------------------
hydrogen bonding        :      -1.00
metal                   :       0.00
buried (polar-nonpolar) :      -3.01
nonpolar                :     -40.89
repulsive               :       0.29
--------------------------------------------------------------------------------


--------------------------------------------------------------------------------
--- ChemScore analysis of protein-ligand interactions                        ---
--------------------------------------------------------------------------------

* Hydrogen bonds                                                                
Ligand donor   17 hydrogen   54 Protein acceptor 7948 bond energy  1.00 wt 2.00


* CH..O interactions                                                            
  CH group selection                       : activated ring CH (adjacent to hetatom)
Ligand carbon   23 hydrogen   53 Protein acceptor 8028 bond energy  1.00 wt 0.95

--------------------------------------------------------------------------------


--------------------------------------------------------------------------------
--- Intra-ligand clashes                                                     ---
--------------------------------------------------------------------------------

Ligand
--------------------------------------------------------------------------------

--------------------------------------------------------------------------------
--- Rescoring solution                                                       ---
--------------------------------------------------------------------------------

     Score         DG    S(hbond)    S(metal)    S(lipo)     H(rot)  DE(clash)    DE(int)
     11.54     -18.53       1.00        0.00     111.10       1.28       2.48       4.51

Doing AMOEBA simplex on best individual
Done simplexing #iterations 674, best score  13.91

     Score         DG    S(hbond)    S(metal)    S(lipo)     H(rot)  DE(clash)    DE(int)
     13.91     -18.64       1.00        0.00     112.00       1.28       2.05       2.68

--------------------------------------------------------------------------------
--- ChemScore breakdown of terms                                             ---
--------------------------------------------------------------------------------
DG = -5.4800 + -3.3400*S(hbond)
     + -6.0300*S(metal) + -0.1170*S(lipo) + 2.5600*H(rot)


H(rot) = 1.2838

Score = -(DG + DE(clash) + DE(int))


--------------------------------------------------------------------------------


--------------------------------------------------------------------------------
--- ChemScore analysis of protein-ligand interactions                        ---
--------------------------------------------------------------------------------

* Hydrogen bonds                                                                
Ligand donor   17 hydrogen   54 Protein acceptor 7948 bond energy  1.00 wt 1.00

CHEMSCORE EXTRA INTERACTIONS:

* Clashes                                                                       
Clash for ligand atom  15 (**** ):   1.46
Clash for ligand atom  16 (**** ):   0.59
--------------------------------------------------------------------------------


--------------------------------------------------------------------------------
--- Chromosome decoded                                                       ---
--------------------------------------------------------------------------------
Ligand Torsions
[   1    2    3    4]  -80.08
[   5    4    3    2]   56.48
[   2    3    6   24]    8.44
[   8    9   10   11] -177.13    matched torsion: aromatic amide
[  22   14   13   11]  175.01
Protein Torsions
[6907 6896 6895 6894]  117.87 
[7974 7965 7964 7962] -131.40 
[8008 7997 7996 7995] -154.75 
[10167 10162 10161 10158]  179.81 
[10718 10713 10712 10709]  132.80 
[10763 10752 10751 10750]   55.96 
[11005 11000 10999 10996]  152.58 
Mapping
Ligand acceptors to protein hydrogens (mapping then atom ids)
Ligand hydrogens to protein acceptors (mapping then atom ids)
  3   7 [ 54->7948]
Ligand shape atoms to protein points (mapping then atom ids & coords)
  1  7634 [  1->(150.750 145.000 159.500)]
  2  9141 [  2->(152.250 144.250 159.750)]
  4  8819 [  5->(152.000 143.250 160.250)]
  7  5727 [ 14->(147.250 139.000 153.750)]
 10  3678 [ 18->(145.250 136.250 151.500)]
Ligand N+ atoms to protein TRP (mapping then atom ids & coords)
Chromosome values
Integers:
  -1   -1   -1   -1    6   -1 7633 9140   -1 8818   -1   -1 
5726   -1   -1 3677   -1   -1   -1   -1   -1 
--------------------------------------------------------------------------------

Current Ranking  3  1  2

--------------------------------------------------------------------------------

* GA execution time :                                                           
  total  0.9535 user  0.9535 sys  0.0000

--------------------------------------------------------------------------------
Fitness function evaluations: 85326

--------------------------------------------------------------------------------
** Docking run number  4 **
--------------------------------------------------------------------------------
  Rank fitness base is 5000.00 ; increment is 11.2233

* Initialising population(s) ...                                                
Number of constraints mappings 0
Number of constraints 0
  Population no.                           :      1
  Population size                          :    100
  Number of duplicates                     :      0
  Number of niche violations               :      0
  Number of errors                         :   2923

Number of constraints mappings 0
Number of constraints 0
  Population no.                           :      2
  Population size                          :    100
  Number of duplicates                     :      0
  Number of niche violations               :      0
  Number of errors                         :   2762

Number of constraints mappings 0
Number of constraints 0
  Population no.                           :      3
  Population size                          :    100
  Number of duplicates                     :      0
  Number of niche violations               :      0
  Number of errors                         :   3104

Number of constraints mappings 0
Number of constraints 0
  Population no.                           :      4
  Population size                          :    100
  Number of duplicates                     :      0
  Number of niche violations               :      0
  Number of errors                         :   2772


Doing GA, no. of population(s) 4 size 100 selection pressure 1.100000

 Operation      Score     S(PLP)   S(hbond)     S(cho)   S(metal)  DE(clash)   DE(tors)     intcor
         0      26.06     -29.95       0.39       0.00       0.00       3.35       1.27       0.84
      1176      26.79     -23.44       0.83       0.67       0.00       0.00       1.01       0.84
      1484      28.02     -28.71       1.55       0.00       0.00       4.46       0.86       0.84
      1986      29.88     -28.57       0.98       0.00       0.00       0.00       1.23       0.84
      1988      30.31     -28.11       1.76       0.00       0.00       0.00       1.96       0.84
      2534      34.68     -30.45       2.05       0.00       0.00       0.67       1.04       0.84
      3238      36.09     -29.29       2.81       0.00       0.00       0.68       0.90       0.84
      4416      38.35     -30.80       3.40       0.00       0.00       0.00       1.75       0.84
      5586      39.52     -36.05       2.00       0.00       0.00       1.36       1.01       0.84
      6278      40.82     -38.37       2.00       0.00       0.00       1.36       1.51       0.84
      7038      41.22     -37.30       2.00       0.00       0.00       0.10       1.41       0.84
      8361      41.24     -34.06       2.89       0.00       0.00       0.68       0.82       0.84
      8870      42.79     -38.66       2.00       0.00       0.00       0.10       1.31       0.84
     11132      43.32     -39.02       2.00       0.00       0.00       0.00       1.27       0.84
     12234      44.25     -39.72       2.00       0.00       0.00       0.00       1.15       0.84
     15978      44.34     -39.75       2.00       0.00       0.00       0.00       1.13       0.84
     16279      44.55     -36.54       3.00       0.00       0.00       0.68       0.57       0.84
     17824      44.58     -36.42       3.00       0.00       0.00       0.62       0.53       0.84
     18584      44.67     -36.72       3.00       0.00       0.00       0.62       0.63       0.84
     19942      44.78     -36.37       3.00       0.00       0.00       0.36       0.54       0.84
     20417      44.86     -36.31       3.00       0.00       0.00       0.24       0.53       0.84
     21303      44.92     -36.45       3.00       0.00       0.00       0.36       0.51       0.84
     22141      44.96     -36.60       2.98       0.00       0.00       0.36       0.54       0.84
     22350      44.98     -36.55       3.00       0.00       0.00       0.24       0.59       0.84
     23414      45.06     -40.74       2.00       0.00       0.00       0.00       1.26       0.84
     24464      45.32     -40.95       2.00       0.00       0.00       0.00       1.23       0.84
     24846      45.94     -39.34       2.00       0.76       0.00       0.76       0.88       0.84
     28435      45.97     -40.64       2.00       0.34       0.00       0.76       0.88       0.84
     29257      46.02     -41.69       2.00       0.00       0.00       0.00       1.25       0.84
     29405      46.68     -41.73       2.00       0.00       0.00       0.00       0.95       0.84
     32126      46.84     -41.13       2.00       0.36       0.00       0.08       1.07       0.84
     33147      46.86     -41.97       2.00       0.00       0.00       0.00       0.97       0.84
     33203      47.45     -42.44       2.00       0.00       0.00       0.00       0.92       0.84
     33878      48.04     -42.84       2.00       0.00       0.00       0.00       0.82       0.84
     38713      48.10     -42.91       2.00       0.00       0.00       0.00       0.83       0.84
     39197      48.13     -42.87       2.00       0.00       0.00       0.00       0.79       0.84
     39685      48.20     -42.89       2.00       0.00       0.00       0.00       0.77       0.84
     40243      48.21     -42.98       2.00       0.00       0.00       0.00       0.81       0.84
     40273      48.37     -43.12       2.00       0.00       0.00       0.00       0.80       0.84
     42305      48.37     -43.09       2.00       0.00       0.00       0.00       0.78       0.84
     42362      48.45     -43.19       2.00       0.00       0.00       0.00       0.79       0.84
--------------------------------------------------------------------------------
Best docking solution after GA:
     43000      48.45     -43.19       2.00       0.00       0.00       0.00       0.79       0.84

#ops:      43000 #mutates:  20360 #cross:    20458 #migrate:   2182 
#dups:     12416 #niche:    26854 #errors:    1301 
--------------------------------------------------------------------------------

Doing AMOEBA simplex on best individual
Done simplexing #iterations 542, best score  49.16

Ligand is stored in gold_soln_AV-procd_m6832_4.sdf


--------------------------------------------------------------------------------
--- CHEMPLP breakdown of terms                                               ---
--------------------------------------------------------------------------------
CHEMPLP = - ( 1.0000*S(PLP) + -3.0000*S(hbond) + -6.0000*S(metal) + -3.0000*S(cho) )

Score = CHEMPLP - 1.0000*DE(clash) - 2.0000*DE(tors)

Internal energy term has been corrected with the best internal energy encountered.

--------------------------------------------------------------------------------


     Score     S(PLP)   S(hbond)     S(cho)   S(metal)  DE(clash)   DE(tors)     intcor
     49.16     -43.91       2.00       0.00       0.00       0.00       0.80       0.84

--------------------------------------------------------------------------------
--- PLP analysis of protein-ligand interactions                              ---
--------------------------------------------------------------------------------
hydrogen bonding        :      -1.00
metal                   :       0.00
buried (polar-nonpolar) :      -0.01
nonpolar                :     -43.11
repulsive               :       0.21
--------------------------------------------------------------------------------


--------------------------------------------------------------------------------
--- ChemScore analysis of protein-ligand interactions                        ---
--------------------------------------------------------------------------------

* Hydrogen bonds                                                                
Ligand donor   17 hydrogen   54 Protein acceptor 7948 bond energy  1.00 wt 2.00


* CH..O interactions                                                            
  CH group selection                       : activated ring CH (adjacent to hetatom)

--------------------------------------------------------------------------------


--------------------------------------------------------------------------------
--- Intra-ligand clashes                                                     ---
--------------------------------------------------------------------------------

Ligand
--------------------------------------------------------------------------------

--------------------------------------------------------------------------------
--- Rescoring solution                                                       ---
--------------------------------------------------------------------------------

     Score         DG    S(hbond)    S(metal)    S(lipo)     H(rot)  DE(clash)    DE(int)
     16.15     -19.36       1.00        0.00     118.14       1.28       2.42       0.79

Doing AMOEBA simplex on best individual
Done simplexing #iterations 628, best score  17.16

     Score         DG    S(hbond)    S(metal)    S(lipo)     H(rot)  DE(clash)    DE(int)
     17.16     -19.37       1.00        0.00     118.28       1.28       1.48       0.73

--------------------------------------------------------------------------------
--- ChemScore breakdown of terms                                             ---
--------------------------------------------------------------------------------
DG = -5.4800 + -3.3400*S(hbond)
     + -6.0300*S(metal) + -0.1170*S(lipo) + 2.5600*H(rot)


H(rot) = 1.2838

Score = -(DG + DE(clash) + DE(int))


--------------------------------------------------------------------------------


--------------------------------------------------------------------------------
--- ChemScore analysis of protein-ligand interactions                        ---
--------------------------------------------------------------------------------

* Hydrogen bonds                                                                
Ligand donor   17 hydrogen   54 Protein acceptor 7948 bond energy  1.00 wt 1.00

CHEMSCORE EXTRA INTERACTIONS:

* Clashes                                                                       
Clash for ligand atom   5 (**** ):   0.01
Clash for ligand atom  16 (**** ):   1.47
--------------------------------------------------------------------------------


--------------------------------------------------------------------------------
--- Chromosome decoded                                                       ---
--------------------------------------------------------------------------------
Ligand Torsions
[   1    2    3    4]   67.10
[   5    4    3    2] -101.55
[   2    3    6   24]   28.54
[   8    9   10   11]  -35.15    matched torsion: aromatic amide
[  22   14   13   11] -174.54
Protein Torsions
[6907 6896 6895 6894]  121.55 
[7974 7965 7964 7962]  -13.68 
[8008 7997 7996 7995]  -81.65 
[10167 10162 10161 10158]  -25.81 
[10718 10713 10712 10709]   41.50 
[10763 10752 10751 10750]  -23.17 
[11005 11000 10999 10996]  -28.32 
Mapping
Ligand acceptors to protein hydrogens (mapping then atom ids)
Ligand hydrogens to protein acceptors (mapping then atom ids)
  3   7 [ 54->7948]
Ligand shape atoms to protein points (mapping then atom ids & coords)
  2  9530 [  2->(153.000 141.750 160.000)]
  3  9623 [  4->(153.000 144.250 159.250)]
 14  3983 [ 22->(145.500 136.750 152.250)]
Ligand N+ atoms to protein TRP (mapping then atom ids & coords)
Chromosome values
Integers:
  -1   -1   -1   -1    6   -1   -1 9529 9622   -1   -1   -1 
  -1   -1   -1   -1   -1   -1   -1 3982   -1 
--------------------------------------------------------------------------------

Current Ranking  3  1  4  2

Top  3 (of  4) solutions are within 1.500 RMSD, finishing docking /DATA2/COVID-19/PDBs_&_Models/AV-procd.sdf.


--------------------------------------------------------------------------------

* GA execution time :                                                           
  total  0.9439 user  0.9439 sys  0.0000

--------------------------------------------------------------------------------
Fitness function evaluations: 84669

--------------------------------------------------------------------------------
--- Ranking analysis                                                         ---
--------------------------------------------------------------------------------


* Final ranked order of GA solutions:                                           
   3  1  4  2 

  _______________________________
  RMSD Matrix of RANKED solutions

        2    3    4  

   1 :  0.9  1.3  1.8
   2 :       1.3  1.4
   3 :            1.4

  Clustering method                        : complete linkage
  Structure ids in cluster table           : rank nos.
  Ordering of clusters and their members   : by rank (order if from rms_analysis)

  Distance | Clusters
   0.88    |  1  2 |  3 |  4 |
   1.33    |  1  2  3 |  4 |
   1.75    |  1  2  3  4 |
  Finished Docking Ligand                  : /DATA2/COVID-19/PDBs_&_Models/AV-procd.sdf
--------------------------------------------------------------------------------

  Relative_Ligand_Energy (best encountered) :   0.840
  Relative_Ligand_Energy: fitness values have been corrected using this amount
