
--------------------------------------------------------------------------------
--- Ligand                                                                   ---
--------------------------------------------------------------------------------
  Ligand loaded from file                  : /DATA2/COVID-19/PDBs_&_Models/AV-procd.sdf
  Ligand name                              :  
  "AV-unprocessed.smi:3177                                                  "

--------------------------------------------------------------------------------
  N.plc donors                             : 
  none found

  Acidic nitrogen acceptors                : 
  none found
  Sulfur acceptors                         :
  none found


  Donor atoms                              :      1
  7   
  Acceptor atoms                           :      4
  2   9   14  16  

  Hydrogens                                :  (n = 1)
  22   

  Lone pairs added to molecule             :      7
  Numbering                                : from 31 to 37
  Choline groups                           : 
   

--------------------------------------------------------------------------------
--- Postprocessing of typing                                                 ---
--------------------------------------------------------------------------------
  Fragment file                            : /home/scv26/CCDC/Discovery_2020/GOLD/gold/rotatable_bond_override.mol2
  acylurea fragment                        : no matches
  thioacylthiourea fragment                : no matches
  acylthiourea fragment                    : no matches
  thioacylurea fragment                    : no matches
  diarylamine fragment >C.ar-NH-C.ar<      : no matches
  sec-amine (1) fragment                   : no matches
  sec-amine (2) fragment                   : no matches
  sec-amine (3) fragment                   : no matches
  carboxylic ester                         : no matches

* Rotatable bonds in /DATA2/COVID-19/PDBs  :
  [   2    3] [   6    7] [   8   10] 
  No. of rotatable bonds                   :      3


* Fragments found in /DATA2/COVID-19/PDBs  :
  atom  10: ribose
  atom  11: ribose
  atom  12: ribose
  atom  13: ribose
  atom  14: ribose


* Checking torsion distributions:                                               
  Rotatable bond [16  3  2  1] matches torsion: hetero aromatic-aliphatic methyl ether
   N.ar ( 0H ) | C.ar ( C.ar ( 1H ) ) | O.3 | C.3 ( 3H ) 
  Rotatable bond [ 5  6  7  8] matches torsion: aromatic amide
   C.ar ( 1H ) | C.ar | N.am ( 1H ) | C.2 ( O.2 ) 
  No. of matched torsions                  :      2

--------------------------------------------------------------------------------
--- Shape fitting atoms selection (hydrophobic atoms)                        ---
--------------------------------------------------------------------------------
  Molecule                                 : /DATA2/COVID-19/PDBs_&_Models/AV-procd.sdf
  Selection                                : carbons only
  Atom numbers                             :  (n = 8)
  1    4    5    10   11   12   13   15   


--------------------------------------------------------------------------------
--- ChemScore ligand setup summary                                           ---
--------------------------------------------------------------------------------
  ChemScore ligand acceptors               :      4
  2 9 14 16 
  ChemScore ligand donors                  :      1
  7 ( 22  ) 
  ChemScore ligand CH donors               :      1
  15 ( 30 ) 

  ChemScore ligand lipophilic atoms        :  (n = 9)
  1    4    5    6    10   11   12   13   15   

  ChemScore ligand rotatable bonds         :      3
  2   (****) - 3   (****): SP3_SP2_BOND
  6   (****) - 7   (****): SP2_SP2_BOND
  8   (****) - 10  (****): SP3_SP2_BOND

--------------------------------------------------------------------------------
--- PLP ligand setup summary                                                 ---
--------------------------------------------------------------------------------
    1  ****   C.3 NONPOLAR
    2  ****   O.3 ACCEPTOR
    3  ****  C.ar NONPOLAR
    4  ****  C.ar NONPOLAR
    5  ****  C.ar NONPOLAR
    6  ****  C.ar NONPOLAR
    7  ****  N.am DONOR
    8  ****   C.2 NONPOLAR
    9  ****   O.2 ACCEPTOR
   10  ****   C.3 NONPOLAR
   11  ****   C.3 NONPOLAR
   12  ****   C.3 NONPOLAR
   13  ****   C.3 NONPOLAR
   14  ****   O.3 ACCEPTOR
   15  ****  C.ar NONPOLAR
   16  ****  N.ar ACCEPTOR


--------------------------------------------------------------------------------
--- Automatic parameter setting                                              ---
--------------------------------------------------------------------------------
  Contribution base                        :   2500
  Contribution per rotatable bond          :   6000
  Contribution per df                      :   4000
  Contribution per water                   :  10000
  Ligand rotatable bonds                   :      3
  Protein flexible side chain bonds        :      0
  Total rotatable bonds                    :      3
  Hydrophobic vol ratio (P/L)              :   2.884
  Base multiplier (polar)                  :   1.000
  Base multiplier (apolar)                 :   4.614
  Base contribution                        : 12500.000
  Fitting points                           :      5
  Estimated maxops needed (optimal)        :  31000

--------------------------------------------------------------------------------

* Population settings                                                           
  maxops                                   :  31000
  popsiz                                   :    100
  select_pressure                          :   1.100
  n_islands                                :      3
  niche_siz                                :      2

* GA settings                                                                   
  pt_crosswt                               :     95
  allele_mutatewt                          :     95
  migratewt                                :     10

* Search settings                                                               
  start_vdw_linear_cutoff                  :   4.000
  initial_virtual_pt_match_max             :   3.000

--------------------------------------------------------------------------------

* Ligand initialisation time :                                                  
  total  0.0047 user  0.0047 sys  0.0000

--------------------------------------------------------------------------------

--------------------------------------------------------------------------------
** Docking run number  1 **
--------------------------------------------------------------------------------
  Rank fitness base is 5000.00 ; increment is 11.2233

* Initialising population(s) ...                                                
Number of constraints mappings 0
Number of constraints 0
  Population no.                           :      1
  Population size                          :    100
  Number of duplicates                     :      0
  Number of niche violations               :      0
  Number of errors                         :   8402

Number of constraints mappings 0
Number of constraints 0
  Population no.                           :      2
  Population size                          :    100
  Number of duplicates                     :      0
  Number of niche violations               :      0
  Number of errors                         :   7661

Number of constraints mappings 0
Number of constraints 0
  Population no.                           :      3
  Population size                          :    100
  Number of duplicates                     :      0
  Number of niche violations               :      0
  Number of errors                         :   7808


Doing GA, no. of population(s) 3 size 100 selection pressure 1.100000

 Operation      Score     S(PLP)   S(hbond)     S(cho)   S(metal)  DE(clash)   DE(tors)     intcor
         0      23.21     -23.64       0.00       0.00       0.00       0.00       0.26       0.05
      1067      23.74     -23.77       0.34       0.00       0.00       0.23       0.43       0.05
      2203      25.63     -24.40       0.81       0.00       0.00       0.00       0.63       0.05
      2647      26.61     -25.33       0.83       0.00       0.00       0.00       0.63       0.05
      2791      26.70     -24.48       0.78       0.00       0.00       0.00       0.09       0.05
      3925      26.81     -24.34       1.00       0.00       0.00       0.00       0.29       0.05
      4513      26.86     -25.11       0.76       0.00       0.00       0.00       0.30       0.05
      5167      30.61     -26.00       1.68       0.00       0.00       0.00       0.24       0.05
      5365      31.28     -27.04       1.94       0.00       0.00       0.00       0.82       0.05
      6608      32.07     -26.67       1.00       1.00       0.00       0.00       0.32       0.05
      8681      33.27     -27.41       1.00       1.00       0.00       0.00       0.10       0.05
     10931      33.30     -27.45       1.00       1.00       0.00       0.00       0.10       0.05
     11335      33.36     -27.64       1.00       1.00       0.00       0.00       0.17       0.05
     13492      33.45     -29.98       1.72       0.00       0.00       0.00       0.87       0.05
     13787      33.97     -29.44       0.66       1.00       0.00       0.00       0.24       0.05
     14777      34.32     -29.47       0.75       1.00       0.00       0.00       0.23       0.05
     15030      35.18     -29.90       0.96       0.90       0.00       0.00       0.17       0.05
     17865      35.26     -29.97       0.96       0.90       0.00       0.00       0.16       0.05
     19258      35.33     -30.03       0.96       0.90       0.00       0.00       0.16       0.05
     20527      35.42     -31.61       1.70       0.00       0.00       0.23       0.57       0.05
     22234      35.84     -31.59       1.78       0.00       0.00       0.01       0.57       0.05
     22297      35.93     -31.94       1.77       0.00       0.00       0.23       0.57       0.05
     23149      36.07     -31.77       1.74       0.00       0.00       0.23       0.37       0.05
     23194      36.11     -31.81       1.74       0.00       0.00       0.23       0.37       0.05
     24121      36.12     -31.72       1.74       0.00       0.00       0.23       0.32       0.05
     24418      36.13     -31.99       1.75       0.00       0.00       0.23       0.47       0.05
     26007      36.13     -31.72       1.75       0.00       0.00       0.15       0.37       0.05
     26628      36.15     -32.02       1.75       0.00       0.00       0.23       0.47       0.05
     28523      36.18     -32.04       1.75       0.00       0.00       0.23       0.47       0.05
     28580      36.21     -31.97       1.78       0.00       0.00       0.23       0.47       0.05
     28820      36.24     -31.85       1.77       0.00       0.00       0.23       0.37       0.05
     29153      36.29     -31.90       1.77       0.00       0.00       0.23       0.37       0.05
     29387      36.29     -32.01       1.77       0.00       0.00       0.23       0.42       0.05
     29817      36.30     -31.89       1.80       0.00       0.00       0.09       0.48       0.05
     29985      36.35     -31.85       1.78       0.00       0.00       0.05       0.43       0.05
     30598      36.37     -31.84       1.78       0.00       0.00       0.01       0.43       0.05
--------------------------------------------------------------------------------
Best docking solution after GA:
     31000      36.37     -31.84       1.78       0.00       0.00       0.01       0.43       0.05

#ops:      31000 #mutates:  14760 #cross:    14711 #migrate:   1529 
#dups:      7515 #niche:    17290 #errors:    2025 
--------------------------------------------------------------------------------

Doing AMOEBA simplex on best individual
Done simplexing #iterations 497, best score  39.22

Ligand is stored in gold_soln_AV-procd_m12128_1.sdf


--------------------------------------------------------------------------------
--- CHEMPLP breakdown of terms                                               ---
--------------------------------------------------------------------------------
CHEMPLP = - ( 1.0000*S(PLP) + -3.0000*S(hbond) + -6.0000*S(metal) + -3.0000*S(cho) )

Score = CHEMPLP - 1.0000*DE(clash) - 2.0000*DE(tors)

Internal energy term has been corrected with the best internal energy encountered.

--------------------------------------------------------------------------------


     Score     S(PLP)   S(hbond)     S(cho)   S(metal)  DE(clash)   DE(tors)     intcor
     39.22     -34.47       1.99       0.00       0.00       0.23       0.52       0.05

--------------------------------------------------------------------------------
--- PLP analysis of protein-ligand interactions                              ---
--------------------------------------------------------------------------------
hydrogen bonding        :      -2.08
metal                   :       0.00
buried (polar-nonpolar) :      -4.37
nonpolar                :     -27.67
repulsive               :       0.84
--------------------------------------------------------------------------------


--------------------------------------------------------------------------------
--- ChemScore analysis of protein-ligand interactions                        ---
--------------------------------------------------------------------------------

* Hydrogen bonds                                                                
Ligand donor    7 hydrogen   22 Protein acceptor 8028 bond energy  1.00 wt 0.99
Protein donor 7989 hydrogen 7998 Ligand acceptor   14 bond energy  1.00 wt 1.00


* CH..O interactions                                                            
  CH group selection                       : activated ring CH (adjacent to hetatom)

--------------------------------------------------------------------------------


--------------------------------------------------------------------------------
--- Intra-ligand clashes                                                     ---
--------------------------------------------------------------------------------

Ligand
 15 (**** ) -   9 (**** ):   0.23 (dist   2.74)
--------------------------------------------------------------------------------

--------------------------------------------------------------------------------
--- Rescoring solution                                                       ---
--------------------------------------------------------------------------------

     Score         DG    S(hbond)    S(metal)    S(lipo)     H(rot)  DE(clash)    DE(int)
     10.52     -16.09       1.47        0.00      75.89       1.24       2.54       3.03

Doing AMOEBA simplex on best individual
Done simplexing #iterations 646, best score  14.04

     Score         DG    S(hbond)    S(metal)    S(lipo)     H(rot)  DE(clash)    DE(int)
     14.04     -17.16       1.84        0.00      74.31       1.24       0.08       3.04

--------------------------------------------------------------------------------
--- ChemScore breakdown of terms                                             ---
--------------------------------------------------------------------------------
DG = -5.4800 + -3.3400*S(hbond)
     + -6.0300*S(metal) + -0.1170*S(lipo) + 2.5600*H(rot)


H(rot) = 1.2381

Score = -(DG + DE(clash) + DE(int))


--------------------------------------------------------------------------------


--------------------------------------------------------------------------------
--- ChemScore analysis of protein-ligand interactions                        ---
--------------------------------------------------------------------------------

* Hydrogen bonds                                                                
Ligand donor    7 hydrogen   22 Protein acceptor 8028 bond energy  1.00 wt 1.00
Protein donor 7989 hydrogen 7998 Ligand acceptor   14 bond energy  1.00 wt 0.85

CHEMSCORE EXTRA INTERACTIONS:

* Clashes                                                                       
Clash for ligand atom   2 (**** ):   0.01
Clash for ligand atom  14 (**** ):   0.06
--------------------------------------------------------------------------------


--------------------------------------------------------------------------------
--- Chromosome decoded                                                       ---
--------------------------------------------------------------------------------
Ligand Torsions
[  16    3    2    1]   10.76    matched torsion: hetero aromatic-aliphatic methyl ether
[   5    6    7    8]  180.00    matched torsion: aromatic amide
[  14   10    8    7]  140.33
Protein Torsions
[6907 6896 6895 6894]    2.38 
[7974 7965 7964 7962]  -37.40 
[8008 7997 7996 7995]   85.24 
[10167 10162 10161 10158]  -83.79 
[10718 10713 10712 10709]  -40.65 
[10763 10752 10751 10750]  -45.67 
[11005 11000 10999 10996]    6.30 
Mapping
Ligand acceptors to protein hydrogens (mapping then atom ids)
  3  18 [ 14->7998]
Ligand hydrogens to protein acceptors (mapping then atom ids)
  1  15 [ 22->8028]
Ligand shape atoms to protein points (mapping then atom ids & coords)
  1  9567 [  1->(153.000 142.750 161.500)]
  3  8865 [  5->(152.000 144.000 158.750)]
  6  5911 [ 12->(147.500 140.750 154.500)]
  8  8507 [ 15->(151.750 141.750 159.000)]
Chromosome values
Integers:
  -1   -1   17   -1   14 9566   -1 8864   -1   -1 5910   -1 
8506 
--------------------------------------------------------------------------------

Current Ranking  1

--------------------------------------------------------------------------------

* GA execution time :                                                           
  total  0.5952 user  0.5952 sys  0.0000

--------------------------------------------------------------------------------
Fitness function evaluations: 77548

--------------------------------------------------------------------------------
** Docking run number  2 **
--------------------------------------------------------------------------------
  Rank fitness base is 5000.00 ; increment is 11.2233

* Initialising population(s) ...                                                
Number of constraints mappings 0
Number of constraints 0
  Population no.                           :      1
  Population size                          :    100
  Number of duplicates                     :      0
  Number of niche violations               :      0
  Number of errors                         :   7982

Number of constraints mappings 0
Number of constraints 0
  Population no.                           :      2
  Population size                          :    100
  Number of duplicates                     :      0
  Number of niche violations               :      0
  Number of errors                         :   7818

Number of constraints mappings 0
Number of constraints 0
  Population no.                           :      3
  Population size                          :    100
  Number of duplicates                     :      0
  Number of niche violations               :      0
  Number of errors                         :   7834


Doing GA, no. of population(s) 3 size 100 selection pressure 1.100000

 Operation      Score     S(PLP)   S(hbond)     S(cho)   S(metal)  DE(clash)   DE(tors)     intcor
         0      17.72     -15.83       0.75       0.07       0.00       0.21       0.20       0.05
       134      21.25     -14.49       2.00       0.52       0.00       0.64       0.10       0.05
       508      21.46     -19.75       1.22       0.00       0.00       0.15       0.92       0.05
       882      26.44     -23.43       1.65       0.00       0.00       0.15       0.92       0.05
      1297      27.37     -26.20       1.03       0.00       0.00       0.15       0.92       0.05
      1428      28.42     -24.56       1.50       0.00       0.00       0.00       0.34       0.05
      2205      28.42     -24.62       1.46       0.00       0.00       0.00       0.32       0.05
      2604      28.87     -25.17       1.48       0.00       0.00       0.00       0.40       0.05
      3015      28.88     -25.30       1.43       0.00       0.00       0.00       0.38       0.05
      3165      29.11     -25.27       1.48       0.00       0.00       0.00       0.33       0.05
      3395      29.13     -25.28       1.47       0.00       0.00       0.00       0.31       0.05
      3667      30.58     -26.91       1.90       0.00       0.00       0.15       0.97       0.05
      6246      31.18     -26.58       0.91       0.94       0.00       0.43       0.29       0.05
      6486      32.26     -25.74       1.78       0.71       0.00       0.43       0.29       0.05
      8313      32.38     -25.71       1.76       0.70       0.00       0.15       0.31       0.05
      8799      32.38     -25.76       1.80       0.71       0.00       0.43       0.26       0.05
      9435      32.41     -25.79       1.80       0.71       0.00       0.43       0.27       0.05
     10351      32.41     -25.70       1.76       0.70       0.00       0.07       0.32       0.05
     11206      32.43     -25.70       1.76       0.70       0.00       0.03       0.33       0.05
     12312      32.51     -25.75       1.80       0.71       0.00       0.15       0.34       0.05
     12729      32.51     -25.70       1.80       0.71       0.00       0.07       0.35       0.05
     12738      32.54     -25.74       1.80       0.71       0.00       0.07       0.35       0.05
     17727      32.56     -25.73       1.80       0.71       0.00       0.03       0.36       0.05
     27332      32.68     -27.31       2.04       0.00       0.00       0.00       0.41       0.05
     28199      32.71     -27.22       2.10       0.00       0.00       0.00       0.42       0.05
     29950      32.74     -27.27       2.08       0.00       0.00       0.00       0.41       0.05
     30559      32.99     -27.51       2.08       0.00       0.00       0.00       0.41       0.05
--------------------------------------------------------------------------------
Best docking solution after GA:
     31000      32.99     -27.51       2.08       0.00       0.00       0.00       0.41       0.05

#ops:      31000 #mutates:  14747 #cross:    14741 #migrate:   1512 
#dups:      7112 #niche:    16091 #errors:    2313 
--------------------------------------------------------------------------------

Doing AMOEBA simplex on best individual
Done simplexing #iterations 606, best score  34.01

Ligand is stored in gold_soln_AV-procd_m12128_2.sdf


--------------------------------------------------------------------------------
--- CHEMPLP breakdown of terms                                               ---
--------------------------------------------------------------------------------
CHEMPLP = - ( 1.0000*S(PLP) + -3.0000*S(hbond) + -6.0000*S(metal) + -3.0000*S(cho) )

Score = CHEMPLP - 1.0000*DE(clash) - 2.0000*DE(tors)

Internal energy term has been corrected with the best internal energy encountered.

--------------------------------------------------------------------------------


     Score     S(PLP)   S(hbond)     S(cho)   S(metal)  DE(clash)   DE(tors)     intcor
     34.01     -27.49       2.43       0.00       0.00       0.00       0.41       0.05

--------------------------------------------------------------------------------
--- PLP analysis of protein-ligand interactions                              ---
--------------------------------------------------------------------------------
hydrogen bonding        :      -4.38
metal                   :       0.00
buried (polar-nonpolar) :       1.65
nonpolar                :     -26.64
repulsive               :       3.34
--------------------------------------------------------------------------------


--------------------------------------------------------------------------------
--- ChemScore analysis of protein-ligand interactions                        ---
--------------------------------------------------------------------------------

* Hydrogen bonds                                                                
Ligand donor    7 hydrogen   22 Protein acceptor 8028 bond energy  1.00 wt 0.84
Protein donor 7989 hydrogen 7998 Ligand acceptor    9 bond energy  1.00 wt 0.64
Protein donor 8011 hydrogen 8017 Ligand acceptor   14 bond energy  1.00 wt 0.95


* CH..O interactions                                                            
  CH group selection                       : activated ring CH (adjacent to hetatom)

--------------------------------------------------------------------------------


--------------------------------------------------------------------------------
--- Intra-ligand clashes                                                     ---
--------------------------------------------------------------------------------

Ligand
--------------------------------------------------------------------------------

--------------------------------------------------------------------------------
--- Rescoring solution                                                       ---
--------------------------------------------------------------------------------

     Score         DG    S(hbond)    S(metal)    S(lipo)     H(rot)  DE(clash)    DE(int)
      7.43     -14.00       1.01        0.00      71.01       1.24       3.81       2.75

Doing AMOEBA simplex on best individual
Done simplexing #iterations 757, best score  10.60

     Score         DG    S(hbond)    S(metal)    S(lipo)     H(rot)  DE(clash)    DE(int)
     10.60     -14.09       0.99        0.00      72.29       1.24       1.41       2.08

--------------------------------------------------------------------------------
--- ChemScore breakdown of terms                                             ---
--------------------------------------------------------------------------------
DG = -5.4800 + -3.3400*S(hbond)
     + -6.0300*S(metal) + -0.1170*S(lipo) + 2.5600*H(rot)


H(rot) = 1.2381

Score = -(DG + DE(clash) + DE(int))


--------------------------------------------------------------------------------


--------------------------------------------------------------------------------
--- ChemScore analysis of protein-ligand interactions                        ---
--------------------------------------------------------------------------------

* Hydrogen bonds                                                                
Ligand donor    7 hydrogen   22 Protein acceptor 8028 bond energy  1.00 wt 0.99

CHEMSCORE EXTRA INTERACTIONS:

* Clashes                                                                       
Clash for ligand atom   2 (**** ):   0.02
Clash for ligand atom  10 (**** ):   0.02
Clash for ligand atom  11 (**** ):   0.03
Clash for ligand atom  14 (**** ):   1.34
--------------------------------------------------------------------------------


--------------------------------------------------------------------------------
--- Chromosome decoded                                                       ---
--------------------------------------------------------------------------------
Ligand Torsions
[  16    3    2    1]    1.02    matched torsion: hetero aromatic-aliphatic methyl ether
[   5    6    7    8]  163.42    matched torsion: aromatic amide
[  14   10    8    7]  170.14
Protein Torsions
[6907 6896 6895 6894]  -73.26 
[7974 7965 7964 7962] -114.11 
[8008 7997 7996 7995]   79.17 
[10167 10162 10161 10158]   97.77 
[10718 10713 10712 10709]   82.63 
[10763 10752 10751 10750]   54.68 
[11005 11000 10999 10996] -131.78 
Mapping
Ligand acceptors to protein hydrogens (mapping then atom ids)
Ligand hydrogens to protein acceptors (mapping then atom ids)
Ligand shape atoms to protein points (mapping then atom ids & coords)
  1  9817 [  1->(154.500 140.750 160.750)]
  2  9540 [  4->(153.000 142.250 159.750)]
  3  9158 [  5->(152.250 144.500 159.250)]
  5  5576 [ 11->(147.000 141.250 154.750)]
Chromosome values
Integers:
  -1   -1   -1   -1   -1 9816 9539 9157   -1 5575   -1   -1 
  -1 
--------------------------------------------------------------------------------

Current Ranking  1  2

--------------------------------------------------------------------------------

* GA execution time :                                                           
  total  0.5822 user  0.5822 sys  0.0000

--------------------------------------------------------------------------------
Fitness function evaluations: 77975

--------------------------------------------------------------------------------
** Docking run number  3 **
--------------------------------------------------------------------------------
  Rank fitness base is 5000.00 ; increment is 11.2233

* Initialising population(s) ...                                                
Number of constraints mappings 0
Number of constraints 0
  Population no.                           :      1
  Population size                          :    100
  Number of duplicates                     :      0
  Number of niche violations               :      0
  Number of errors                         :   7744

Number of constraints mappings 0
Number of constraints 0
  Population no.                           :      2
  Population size                          :    100
  Number of duplicates                     :      0
  Number of niche violations               :      0
  Number of errors                         :   7751

Number of constraints mappings 0
Number of constraints 0
  Population no.                           :      3
  Population size                          :    100
  Number of duplicates                     :      0
  Number of niche violations               :      0
  Number of errors                         :   8220


Doing GA, no. of population(s) 3 size 100 selection pressure 1.100000

 Operation      Score     S(PLP)   S(hbond)     S(cho)   S(metal)  DE(clash)   DE(tors)     intcor
         0      22.28     -21.89       0.00       0.63       0.00       0.00       0.78       0.05
      1323      23.49     -25.35       0.00       0.00       0.00       0.00       0.95       0.05
      1735      25.72     -24.90       1.00       0.00       0.00       0.00       1.12       0.05
      1756      27.80     -26.98       1.00       0.00       0.00       0.00       1.12       0.05
      2482      28.67     -27.03       0.95       0.00       0.00       0.00       0.63       0.05
      3979      28.78     -26.59       1.00       0.00       0.00       0.00       0.44       0.05
      3987      28.80     -26.00       1.00       0.00       0.00       0.00       0.13       0.05
      4053      32.33     -31.44       1.00       0.00       0.00       0.00       1.08       0.05
      5200      32.92     -30.74       0.99       0.00       0.00       0.00       0.42       0.05
      5748      33.19     -31.22       1.00       0.00       0.00       0.00       0.54       0.05
      5783      34.56     -32.36       1.00       0.00       0.00       0.00       0.42       0.05
      6785      34.84     -32.07       1.00       0.00       0.00       0.00       0.14       0.05
      7613      35.03     -32.43       1.00       0.00       0.00       0.00       0.23       0.05
      8708      35.47     -32.87       0.94       0.00       0.00       0.00       0.14       0.05
      9905      35.64     -33.04       1.00       0.00       0.00       0.00       0.23       0.05
     11117      35.86     -33.31       0.93       0.00       0.00       0.00       0.14       0.05
     11819      35.89     -33.32       0.99       0.00       0.00       0.00       0.23       0.05
     11979      36.17     -33.53       0.96       0.00       0.00       0.00       0.14       0.05
     13200      36.27     -33.60       1.00       0.00       0.00       0.00       0.19       0.05
     13581      36.27     -33.60       1.00       0.00       0.00       0.00       0.19       0.05
     15026      36.47     -33.82       0.96       0.00       0.00       0.00       0.14       0.05
     19116      36.48     -33.78       0.98       0.00       0.00       0.00       0.14       0.05
     22925      36.52     -33.92       0.94       0.00       0.00       0.00       0.14       0.05
     23235      36.86     -34.35       0.91       0.00       0.00       0.00       0.14       0.05
     23538      36.94     -34.18       1.00       0.00       0.00       0.00       0.14       0.05
     23871      36.97     -34.20       1.00       0.00       0.00       0.00       0.14       0.05
     25999      36.98     -34.21       1.00       0.00       0.00       0.00       0.14       0.05
     26323      37.00     -34.20       1.00       0.00       0.00       0.00       0.12       0.05
     27737      37.01     -34.26       0.99       0.00       0.00       0.00       0.14       0.05
     30437      37.02     -34.25       1.00       0.00       0.00       0.00       0.14       0.05
--------------------------------------------------------------------------------
Best docking solution after GA:
     31000      37.02     -34.25       1.00       0.00       0.00       0.00       0.14       0.05

#ops:      31000 #mutates:  14584 #cross:    14779 #migrate:   1637 
#dups:     11102 #niche:    18844 #errors:     928 
--------------------------------------------------------------------------------

Doing AMOEBA simplex on best individual
Done simplexing #iterations 244, best score  37.18

Ligand is stored in gold_soln_AV-procd_m12128_3.sdf


--------------------------------------------------------------------------------
--- CHEMPLP breakdown of terms                                               ---
--------------------------------------------------------------------------------
CHEMPLP = - ( 1.0000*S(PLP) + -3.0000*S(hbond) + -6.0000*S(metal) + -3.0000*S(cho) )

Score = CHEMPLP - 1.0000*DE(clash) - 2.0000*DE(tors)

Internal energy term has been corrected with the best internal energy encountered.

--------------------------------------------------------------------------------


     Score     S(PLP)   S(hbond)     S(cho)   S(metal)  DE(clash)   DE(tors)     intcor
     37.18     -34.44       0.99       0.00       0.00       0.00       0.14       0.05

--------------------------------------------------------------------------------
--- PLP analysis of protein-ligand interactions                              ---
--------------------------------------------------------------------------------
hydrogen bonding        :      -1.40
metal                   :       0.00
buried (polar-nonpolar) :      -2.42
nonpolar                :     -30.54
repulsive               :       1.18
--------------------------------------------------------------------------------


--------------------------------------------------------------------------------
--- ChemScore analysis of protein-ligand interactions                        ---
--------------------------------------------------------------------------------

* Hydrogen bonds                                                                
Ligand donor    7 hydrogen   22 Protein acceptor 8028 bond energy  1.00 wt 0.99


* CH..O interactions                                                            
  CH group selection                       : activated ring CH (adjacent to hetatom)

--------------------------------------------------------------------------------


--------------------------------------------------------------------------------
--- Intra-ligand clashes                                                     ---
--------------------------------------------------------------------------------

Ligand
--------------------------------------------------------------------------------

--------------------------------------------------------------------------------
--- Rescoring solution                                                       ---
--------------------------------------------------------------------------------

     Score         DG    S(hbond)    S(metal)    S(lipo)     H(rot)  DE(clash)    DE(int)
     11.21     -14.48       0.94        0.00      77.03       1.24       1.77       1.50

Doing AMOEBA simplex on best individual
Done simplexing #iterations 560, best score  12.81

     Score         DG    S(hbond)    S(metal)    S(lipo)     H(rot)  DE(clash)    DE(int)
     12.81     -14.54       0.97        0.00      76.82       1.24       0.17       1.56

--------------------------------------------------------------------------------
--- ChemScore breakdown of terms                                             ---
--------------------------------------------------------------------------------
DG = -5.4800 + -3.3400*S(hbond)
     + -6.0300*S(metal) + -0.1170*S(lipo) + 2.5600*H(rot)


H(rot) = 1.2381

Score = -(DG + DE(clash) + DE(int))


--------------------------------------------------------------------------------


--------------------------------------------------------------------------------
--- ChemScore analysis of protein-ligand interactions                        ---
--------------------------------------------------------------------------------

* Hydrogen bonds                                                                
Ligand donor    7 hydrogen   22 Protein acceptor 8028 bond energy  1.00 wt 0.97

CHEMSCORE EXTRA INTERACTIONS:

* Clashes                                                                       
Clash for ligand atom   2 (**** ):   0.03
Clash for ligand atom  10 (**** ):   0.02
Clash for ligand atom  14 (**** ):   0.12
--------------------------------------------------------------------------------


--------------------------------------------------------------------------------
--- Chromosome decoded                                                       ---
--------------------------------------------------------------------------------
Ligand Torsions
[  16    3    2    1]    2.33    matched torsion: hetero aromatic-aliphatic methyl ether
[   5    6    7    8]  158.00    matched torsion: aromatic amide
[  14   10    8    7] -175.13
Protein Torsions
[6907 6896 6895 6894]  132.34 
[7974 7965 7964 7962] -158.37 
[8008 7997 7996 7995]  -16.98 
[10167 10162 10161 10158]    0.51 
[10718 10713 10712 10709]  118.98 
[10763 10752 10751 10750]   93.77 
[11005 11000 10999 10996] -132.17 
Mapping
Ligand acceptors to protein hydrogens (mapping then atom ids)
  3  18 [ 14->7998]
Ligand hydrogens to protein acceptors (mapping then atom ids)
Ligand shape atoms to protein points (mapping then atom ids & coords)
  1  9568 [  1->(153.000 142.750 161.750)]
  2  9157 [  4->(152.250 144.500 159.000)]
  3  8332 [  5->(151.500 144.000 158.500)]
  4  6371 [ 10->(148.500 139.750 154.250)]
  5  5783 [ 11->(147.250 141.500 154.500)]
  6  5341 [ 12->(146.750 141.500 154.750)]
  7  6145 [ 13->(148.000 140.500 154.250)]
Chromosome values
Integers:
  -1   -1   17   -1   -1 9567 9156 8331 6370 5782 5340 6144 
  -1 
--------------------------------------------------------------------------------

Current Ranking  1  3  2

--------------------------------------------------------------------------------

* GA execution time :                                                           
  total  0.6156 user  0.6156 sys  0.0000

--------------------------------------------------------------------------------
Fitness function evaluations: 76569

--------------------------------------------------------------------------------
** Docking run number  4 **
--------------------------------------------------------------------------------
  Rank fitness base is 5000.00 ; increment is 11.2233

* Initialising population(s) ...                                                
Number of constraints mappings 0
Number of constraints 0
  Population no.                           :      1
  Population size                          :    100
  Number of duplicates                     :      0
  Number of niche violations               :      0
  Number of errors                         :   8249

Number of constraints mappings 0
Number of constraints 0
  Population no.                           :      2
  Population size                          :    100
  Number of duplicates                     :      0
  Number of niche violations               :      0
  Number of errors                         :   7985

Number of constraints mappings 0
Number of constraints 0
  Population no.                           :      3
  Population size                          :    100
  Number of duplicates                     :      0
  Number of niche violations               :      0
  Number of errors                         :   7855


Doing GA, no. of population(s) 3 size 100 selection pressure 1.100000

 Operation      Score     S(PLP)   S(hbond)     S(cho)   S(metal)  DE(clash)   DE(tors)     intcor
         0      18.66     -23.37       0.00       0.00       0.00       3.55       0.60       0.05
      1112      18.67     -13.70       1.50       0.55       0.00       0.00       0.61       0.05
      1455      18.80     -20.32       0.00       0.00       0.00       0.00       0.78       0.05
      1595      19.34     -20.22       0.00       0.00       0.00       0.72       0.11       0.05
      1650      19.67     -20.37       0.10       0.00       0.00       0.00       0.53       0.05
      1856      20.44     -20.56       0.16       0.00       0.00       0.00       0.33       0.05
      2283      22.71     -21.64       0.67       0.00       0.00       0.00       0.49       0.05
      2973      22.89     -20.89       0.84       0.00       0.00       0.00       0.29       0.05
      3123      24.62     -22.73       0.96       0.00       0.00       0.00       0.52       0.05
      3523      25.31     -23.00       0.95       0.17       0.00       0.62       0.23       0.05
      4205      26.67     -24.02       1.20       0.22       0.00       0.00       0.83       0.05
      5128      29.20     -24.65       1.30       0.90       0.00       0.37       0.86       0.05
      5785      29.44     -24.73       1.30       0.90       0.00       0.07       0.93       0.05
      6527      30.23     -24.04       1.29       1.09       0.00       0.37       0.32       0.05
      7185      30.87     -23.23       1.90       0.87       0.00       0.37       0.19       0.05
      7324      31.60     -24.36       1.90       0.84       0.00       0.34       0.34       0.05
      9818      31.68     -24.40       1.92       0.84       0.00       0.40       0.33       0.05
     10321      32.83     -27.81       2.21       0.00       0.00       0.00       0.83       0.05
     12092      33.29     -28.00       2.35       0.00       0.00       0.00       0.89       0.05
     15033      33.64     -28.40       2.31       0.00       0.00       0.00       0.87       0.05
     15396      33.76     -28.48       2.29       0.00       0.00       0.00       0.83       0.05
     16565      33.87     -28.44       2.18       0.00       0.00       0.00       0.57       0.05
     18090      34.05     -28.50       2.24       0.00       0.00       0.00       0.61       0.05
     18450      34.06     -28.50       2.25       0.00       0.00       0.00       0.62       0.05
     20948      34.13     -28.47       2.21       0.00       0.00       0.00       0.52       0.05
     22320      34.15     -28.47       2.21       0.00       0.00       0.00       0.51       0.05
     23853      34.21     -28.56       2.25       0.00       0.00       0.00       0.57       0.05
--------------------------------------------------------------------------------
Best docking solution after GA:
     31000      34.21     -28.56       2.25       0.00       0.00       0.00       0.57       0.05

#ops:      31000 #mutates:  14697 #cross:    14738 #migrate:   1565 
#dups:      7841 #niche:    16529 #errors:    2185 
--------------------------------------------------------------------------------

Doing AMOEBA simplex on best individual
Done simplexing #iterations 602, best score  34.82

Ligand is stored in gold_soln_AV-procd_m12128_4.sdf


--------------------------------------------------------------------------------
--- CHEMPLP breakdown of terms                                               ---
--------------------------------------------------------------------------------
CHEMPLP = - ( 1.0000*S(PLP) + -3.0000*S(hbond) + -6.0000*S(metal) + -3.0000*S(cho) )

Score = CHEMPLP - 1.0000*DE(clash) - 2.0000*DE(tors)

Internal energy term has been corrected with the best internal energy encountered.

--------------------------------------------------------------------------------


     Score     S(PLP)   S(hbond)     S(cho)   S(metal)  DE(clash)   DE(tors)     intcor
     34.82     -28.54       2.44       0.00       0.00       0.00       0.54       0.05

--------------------------------------------------------------------------------
--- PLP analysis of protein-ligand interactions                              ---
--------------------------------------------------------------------------------
hydrogen bonding        :      -4.28
metal                   :       0.00
buried (polar-nonpolar) :       1.74
nonpolar                :     -27.90
repulsive               :       3.35
--------------------------------------------------------------------------------


--------------------------------------------------------------------------------
--- ChemScore analysis of protein-ligand interactions                        ---
--------------------------------------------------------------------------------

* Hydrogen bonds                                                                
Ligand donor    7 hydrogen   22 Protein acceptor 8028 bond energy  1.00 wt 0.78
Protein donor 7989 hydrogen 7998 Ligand acceptor    9 bond energy  1.00 wt 0.70
Protein donor 8011 hydrogen 8017 Ligand acceptor   14 bond energy  1.00 wt 0.95


* CH..O interactions                                                            
  CH group selection                       : activated ring CH (adjacent to hetatom)

--------------------------------------------------------------------------------


--------------------------------------------------------------------------------
--- Intra-ligand clashes                                                     ---
--------------------------------------------------------------------------------

Ligand
--------------------------------------------------------------------------------

--------------------------------------------------------------------------------
--- Rescoring solution                                                       ---
--------------------------------------------------------------------------------

     Score         DG    S(hbond)    S(metal)    S(lipo)     H(rot)  DE(clash)    DE(int)
      7.40     -14.75       1.12        0.00      74.27       1.24       4.67       2.68

Doing AMOEBA simplex on best individual
Done simplexing #iterations 808, best score  10.88

     Score         DG    S(hbond)    S(metal)    S(lipo)     H(rot)  DE(clash)    DE(int)
     10.88     -14.22       1.04        0.00      72.20       1.24       1.83       1.51

--------------------------------------------------------------------------------
--- ChemScore breakdown of terms                                             ---
--------------------------------------------------------------------------------
DG = -5.4800 + -3.3400*S(hbond)
     + -6.0300*S(metal) + -0.1170*S(lipo) + 2.5600*H(rot)


H(rot) = 1.2381

Score = -(DG + DE(clash) + DE(int))


--------------------------------------------------------------------------------


--------------------------------------------------------------------------------
--- ChemScore analysis of protein-ligand interactions                        ---
--------------------------------------------------------------------------------

* Hydrogen bonds                                                                
Ligand donor    7 hydrogen   22 Protein acceptor 8028 bond energy  1.00 wt 0.77
Protein donor 7989 hydrogen 7998 Ligand acceptor    9 bond energy  1.00 wt 0.26

CHEMSCORE EXTRA INTERACTIONS:

* Clashes                                                                       
Clash for ligand atom   2 (**** ):   0.02
Clash for ligand atom  10 (**** ):   0.26
Clash for ligand atom  13 (**** ):   0.01
Clash for ligand atom  14 (**** ):   1.52
--------------------------------------------------------------------------------


--------------------------------------------------------------------------------
--- Chromosome decoded                                                       ---
--------------------------------------------------------------------------------
Ligand Torsions
[  16    3    2    1]    1.69    matched torsion: hetero aromatic-aliphatic methyl ether
[   5    6    7    8]  144.25    matched torsion: aromatic amide
[  14   10    8    7]  172.07
Protein Torsions
[6907 6896 6895 6894] -100.30 
[7974 7965 7964 7962]  -52.58 
[8008 7997 7996 7995]  -91.82 
[10167 10162 10161 10158]   54.98 
[10718 10713 10712 10709]  -62.43 
[10763 10752 10751 10750]  172.65 
[11005 11000 10999 10996] -126.75 
Mapping
Ligand acceptors to protein hydrogens (mapping then atom ids)
  3  22 [ 14->8017]
Ligand hydrogens to protein acceptors (mapping then atom ids)
  1  16 [ 22->8029]
Ligand shape atoms to protein points (mapping then atom ids & coords)
  1  9747 [  1->(153.750 142.000 160.500)]
  2  9023 [  4->(152.250 142.250 159.750)]
  3  8811 [  5->(152.000 143.250 158.250)]
  8  9207 [ 15->(152.500 141.000 159.500)]
Chromosome values
Integers:
  -1   -1   21   -1   15 9746 9022 8810   -1   -1   -1   -1 
9206 
--------------------------------------------------------------------------------

Current Ranking  1  3  4  2

Top  3 (of  4) solutions are within 1.500 RMSD, finishing docking /DATA2/COVID-19/PDBs_&_Models/AV-procd.sdf.


--------------------------------------------------------------------------------

* GA execution time :                                                           
  total  0.5985 user  0.5985 sys  0.0000

--------------------------------------------------------------------------------
Fitness function evaluations: 78152

--------------------------------------------------------------------------------
--- Ranking analysis                                                         ---
--------------------------------------------------------------------------------


* Final ranked order of GA solutions:                                           
   1  3  4  2 

  _______________________________
  RMSD Matrix of RANKED solutions

        2    3    4  

   1 :  0.9  1.5  1.6
   2 :       1.3  1.5
   3 :            0.3

  Clustering method                        : complete linkage
  Structure ids in cluster table           : rank nos.
  Ordering of clusters and their members   : by rank (order if from rms_analysis)

  Distance | Clusters
   0.27    |  1 |  2 |  3  4 |
   0.93    |  1  2 |  3  4 |
   1.64    |  1  2  3  4 |
  Finished Docking Ligand                  : /DATA2/COVID-19/PDBs_&_Models/AV-procd.sdf
--------------------------------------------------------------------------------

  Relative_Ligand_Energy (best encountered) :   0.047
  Relative_Ligand_Energy: fitness values have been corrected using this amount
