
--------------------------------------------------------------------------------
--- Ligand                                                                   ---
--------------------------------------------------------------------------------
  Ligand loaded from file                  : /DATA2/COVID-19/PDBs_&_Models/AV-procd.sdf
  Ligand name                              :  
  "AV-unprocessed.smi:193                                                   "

--------------------------------------------------------------------------------
  N.plc donors                             : 
  none found

  Acidic nitrogen acceptors                : 
  none found
  Sulfur acceptors                         :
  none found


  Donor atoms                              :      2
  16  24  
  Acceptor atoms                           :      6
  4   6   8   11  16  19  

  Hydrogens                                :  (n = 2)
  40   62   

  Lone pairs added to molecule             :      8
  Numbering                                : from 63 to 70
  Choline groups                           : 
   24  

--------------------------------------------------------------------------------
--- Postprocessing of typing                                                 ---
--------------------------------------------------------------------------------
  Fragment file                            : /home/scv26/CCDC/Discovery_2020/GOLD/gold/rotatable_bond_override.mol2
  acylurea fragment                        : no matches
  thioacylthiourea fragment                : no matches
  acylthiourea fragment                    : no matches
  thioacylurea fragment                    : no matches
  diarylamine fragment >C.ar-NH-C.ar<      : no matches
  sec-amine (1) fragment                   : no matches
  sec-amine (2) fragment                   : 1 matches
  Ligand bond 13-9  set to 1
  Ligand bond 13-14  set to 1
  Ligand bond 13-12  set to 1
  sec-amine (3) fragment                   : 1 matches
  Ligand bond 13-9  set to 1
  Ligand bond 13-12  set to 1
  Ligand bond 13-14  set to 1
  carboxylic ester                         : no matches

* Rotatable bonds in /DATA2/COVID-19/PDBs  :
  [   4    5] [  13   14] [  14   15] [  15   16] 
  [  24   25] 
  No. of rotatable bonds                   :      5


* Fragments found in /DATA2/COVID-19/PDBs  :
  atom   5: adenine
  atom   6: adenine
  atom   7: adenine
  atom   8: adenine
  atom   9: adenine
  atom  10: adenine
  atom  11: adenine
  atom  12: adenine
  atom  13: adenine


* Checking torsion distributions:                                               
  No. of matched torsions                  :      0

--------------------------------------------------------------------------------
--- Shape fitting atoms selection (hydrophobic atoms)                        ---
--------------------------------------------------------------------------------
  Molecule                                 : /DATA2/COVID-19/PDBs_&_Models/AV-procd.sdf
  Selection                                : carbons only
  Atom numbers                             :  (n = 17)
  1    2    3    7    12   14   17   18   20   21   
  22   23   25   26   27   28   29   


--------------------------------------------------------------------------------
--- ChemScore ligand setup summary                                           ---
--------------------------------------------------------------------------------
  ChemScore ligand acceptors               :      6
  4 6 8 11 16 19 
  ChemScore ligand donors                  :      2
  16 ( 40  ) 24 ( 62 [+]  ) 
  ChemScore ligand CH donors               :      2
  7 ( 36 ) 12 ( 37 ) 

  ChemScore ligand lipophilic atoms        :  (n = 17)
  1    2    3    10   14   15   17   18   20   21   
  22   23   25   26   27   28   29   

  ChemScore ligand rotatable bonds         :      5
  4   (****) - 5   (****): SP3_SP2_BOND
  13  (****) - 14  (****): SP3_SP2_BOND
  14  (****) - 15  (****): SP3_SP3_BOND
  15  (****) - 16  (****): SP3_SP3_BOND
  24  (****) - 25  (****): SP3_SP3_BOND

--------------------------------------------------------------------------------
--- PLP ligand setup summary                                                 ---
--------------------------------------------------------------------------------
    1  ****   C.3 NONPOLAR
    2  ****   C.3 NONPOLAR
    3  ****   C.3 NONPOLAR
    4  ****   N.3 ACCEPTOR
    5  ****  C.ar NONPOLAR
    6  ****  N.ar ACCEPTOR
    7  ****  C.ar NONPOLAR
    8  ****  N.ar ACCEPTOR
    9  ****  C.ar NONPOLAR
   10  ****  C.ar NONPOLAR
   11  ****   N.2 ACCEPTOR
   12  ****   C.2 NONPOLAR
   13  **** N.pl3 NONPOLAR
   14  ****   C.3 NONPOLAR
   15  ****   C.3 NONPOLAR
   16  ****   O.3 DONACC
   17  ****   C.3 NONPOLAR
   18  ****   C.3 NONPOLAR
   19  ****   O.3 ACCEPTOR
   20  ****   C.3 NONPOLAR
   21  ****   C.3 NONPOLAR
   22  ****   C.3 NONPOLAR
   23  ****   C.3 NONPOLAR
   24  ****   N.4 DONOR
   25  ****   C.3 NONPOLAR
   26  ****   C.3 NONPOLAR
   27  ****   C.3 NONPOLAR
   28  ****   C.3 NONPOLAR
   29  ****   C.3 NONPOLAR


--------------------------------------------------------------------------------
--- Automatic parameter setting                                              ---
--------------------------------------------------------------------------------
  Contribution base                        :   2500
  Contribution per rotatable bond          :   6000
  Contribution per df                      :   4000
  Contribution per water                   :  10000
  Ligand rotatable bonds                   :      5
  Protein flexible side chain bonds        :      0
  Total rotatable bonds                    :      5
  Hydrophobic vol ratio (P/L)              :   1.357
  Base multiplier (polar)                  :   1.800
  Base multiplier (apolar)                 :   4.614
  Base contribution                        : 15000.000
  Fitting points                           :      9
  Estimated maxops needed (optimal)        :  45500

--------------------------------------------------------------------------------

* Population settings                                                           
  maxops                                   :  45500
  popsiz                                   :    100
  select_pressure                          :   1.100
  n_islands                                :      4
  niche_siz                                :      2

* GA settings                                                                   
  pt_crosswt                               :     95
  allele_mutatewt                          :     95
  migratewt                                :     10

* Search settings                                                               
  start_vdw_linear_cutoff                  :   4.000
  initial_virtual_pt_match_max             :   3.000

--------------------------------------------------------------------------------

* Ligand initialisation time :                                                  
  total  0.0641 user  0.0641 sys  0.0000

--------------------------------------------------------------------------------

--------------------------------------------------------------------------------
** Docking run number  1 **
--------------------------------------------------------------------------------
  Rank fitness base is 5000.00 ; increment is 11.2233

* Initialising population(s) ...                                                
Number of constraints mappings 0
Number of constraints 0
  Population no.                           :      1
  Population size                          :    100
  Number of duplicates                     :      0
  Number of niche violations               :      0
  Number of errors                         :   2271

Number of constraints mappings 0
Number of constraints 0
  Population no.                           :      2
  Population size                          :    100
  Number of duplicates                     :      0
  Number of niche violations               :      0
  Number of errors                         :   2243

Number of constraints mappings 0
Number of constraints 0
  Population no.                           :      3
  Population size                          :    100
  Number of duplicates                     :      0
  Number of niche violations               :      0
  Number of errors                         :   2225

Number of constraints mappings 0
Number of constraints 0
  Population no.                           :      4
  Population size                          :    100
  Number of duplicates                     :      0
  Number of niche violations               :      0
  Number of errors                         :   2226


Doing GA, no. of population(s) 4 size 100 selection pressure 1.100000

 Operation      Score     S(PLP)   S(hbond)     S(cho)   S(metal)  DE(clash)   DE(tors)     intcor
         0      20.13     -24.22       0.00       0.00       0.00       2.40       1.81       1.93
       199      22.88     -24.49       0.00       0.55       0.00       0.19       2.50       1.93
      1557      23.25     -22.59       2.00       0.00       0.00       3.50       1.89       1.93
      2753      24.40     -24.46       0.00       0.53       0.00       0.53       1.52       1.93
      2868      26.09     -23.31       0.96       1.00       0.00       0.00       2.51       1.93
      3440      26.09     -23.31       0.96       1.00       0.00       0.00       2.51       1.93
      4289      26.27     -29.00       1.04       0.00       0.00       3.45       2.17       1.93
      5202      27.33     -26.61       2.19       0.00       0.00       3.45       2.17       1.93
      5365      28.29     -29.16       1.45       0.00       0.00       3.45       1.85       1.93
      6272      29.23     -28.66       0.00       0.66       0.00       0.84       1.25       1.93
      6308      31.69     -30.48       2.00       0.00       0.00       3.42       1.64       1.93
      9476      32.03     -31.94       0.59       0.00       0.00       0.41       1.59       1.93
      9904      32.13     -32.98       0.40       0.00       0.00       0.84       1.57       1.93
     10119      32.34     -24.53       1.92       1.00       0.00       0.53       1.18       1.93
     10684      33.17     -32.70       0.65       0.00       0.00       0.41       1.50       1.93
     10887      36.88     -31.97       2.00       0.00       0.00       0.00       1.51       1.93
     12283      38.12     -31.50       2.00       0.59       0.00       0.53       1.28       1.93
     13294      38.88     -33.97       2.00       0.00       0.00       0.00       1.51       1.93
     13999      39.39     -34.42       2.00       0.00       0.00       0.00       1.48       1.93
     18714      39.50     -34.93       2.00       0.00       0.00       0.00       1.65       1.87
     21482      39.56     -33.27       2.00       0.50       0.00       0.53       1.28       1.87
     23729      39.57     -33.23       2.76       0.00       0.00       0.00       1.90       1.87
     24145      40.58     -33.23       3.10       0.00       0.00       0.00       1.90       1.87
     25557      40.73     -35.53       2.00       0.00       0.00       0.00       1.33       1.87
     26981      41.01     -34.72       2.05       0.50       0.00       0.53       1.35       1.87
     28049      41.73     -34.75       2.00       0.78       0.00       0.53       1.35       1.87
     29225      41.87     -34.82       2.00       0.76       0.00       0.41       1.34       1.87
     29871      42.23     -34.84       2.00       0.76       0.00       0.08       1.34       1.87
     29875      42.71     -35.02       2.00       0.84       0.00       0.08       1.30       1.87
     29915      44.07     -36.65       2.85       0.00       0.00       0.72       1.13       1.87
     33587      46.34     -38.57       2.85       0.00       0.00       0.00       1.32       1.87
     33931      48.04     -38.57       3.41       0.00       0.00       0.00       1.32       1.87
     37655      48.23     -38.67       3.41       0.00       0.00       0.00       1.27       1.87
     38575      48.24     -38.62       3.41       0.00       0.00       0.00       1.24       1.87
     38931      49.08     -38.67       3.70       0.00       0.00       0.00       1.27       1.87
     39779      49.10     -38.68       3.70       0.00       0.00       0.00       1.26       1.87
     42140      49.12     -38.67       3.71       0.00       0.00       0.00       1.27       1.87
     42823      49.34     -38.67       3.78       0.00       0.00       0.00       1.27       1.87
     43669      49.91     -39.16       3.79       0.00       0.00       0.00       1.24       1.87
     44069      50.06     -39.44       3.76       0.00       0.00       0.00       1.25       1.87
     44547      50.10     -39.32       3.78       0.00       0.00       0.00       1.21       1.87
     44557      50.15     -39.44       3.79       0.00       0.00       0.00       1.25       1.87
     45329      50.83     -39.85       3.80       0.00       0.00       0.00       1.15       1.87
--------------------------------------------------------------------------------
Best docking solution after GA:
     45500      50.83     -39.85       3.80       0.00       0.00       0.00       1.15       1.87

#ops:      45500 #mutates:  21723 #cross:    21514 #migrate:   2263 
#dups:      7962 #niche:    22337 #errors:    4999 
--------------------------------------------------------------------------------

Doing AMOEBA simplex on best individual
Done simplexing #iterations 467, best score  52.93

Ligand is stored in gold_soln_AV-procd_m1497_1.sdf


--------------------------------------------------------------------------------
--- CHEMPLP breakdown of terms                                               ---
--------------------------------------------------------------------------------
CHEMPLP = - ( 1.0000*S(PLP) + -3.0000*S(hbond) + -6.0000*S(metal) + -3.0000*S(cho) )

Score = CHEMPLP - 1.0000*DE(clash) - 2.0000*DE(tors)

Internal energy term has been corrected with the best internal energy encountered.

--------------------------------------------------------------------------------


     Score     S(PLP)   S(hbond)     S(cho)   S(metal)  DE(clash)   DE(tors)     intcor
     52.93     -41.75       3.81       0.00       0.00       0.00       1.06       1.87

--------------------------------------------------------------------------------
--- PLP analysis of protein-ligand interactions                              ---
--------------------------------------------------------------------------------
hydrogen bonding        :      -3.14
metal                   :       0.00
buried (polar-nonpolar) :      -3.41
nonpolar                :     -36.73
repulsive               :       0.41
--------------------------------------------------------------------------------


--------------------------------------------------------------------------------
--- ChemScore analysis of protein-ligand interactions                        ---
--------------------------------------------------------------------------------

* Hydrogen bonds                                                                
Ligand donor   24 hydrogen   62 Protein acceptor 7948 bond energy  1.00 wt 2.00
Protein donor 7997 hydrogen 8008 Ligand acceptor    8 bond energy  1.00 wt 1.00
Protein donor 10752 hydrogen 10763 Ligand acceptor    6 bond energy  1.00 wt 0.81


* CH..O interactions                                                            
  CH group selection                       : activated ring CH (adjacent to hetatom)

--------------------------------------------------------------------------------


--------------------------------------------------------------------------------
--- Intra-ligand clashes                                                     ---
--------------------------------------------------------------------------------

Ligand
--------------------------------------------------------------------------------

--------------------------------------------------------------------------------
--- Rescoring solution                                                       ---
--------------------------------------------------------------------------------

     Score         DG    S(hbond)    S(metal)    S(lipo)     H(rot)  DE(clash)    DE(int)
     13.49     -19.24       2.24        0.00     101.73       2.20       2.64       3.11

Doing AMOEBA simplex on best individual
Done simplexing #iterations 769, best score  15.37

     Score         DG    S(hbond)    S(metal)    S(lipo)     H(rot)  DE(clash)    DE(int)
     15.37     -20.49       2.48        0.00     105.56       2.20       2.78       2.33

--------------------------------------------------------------------------------
--- ChemScore breakdown of terms                                             ---
--------------------------------------------------------------------------------
DG = -5.4800 + -3.3400*S(hbond)
     + -6.0300*S(metal) + -0.1170*S(lipo) + 2.5600*H(rot)


H(rot) = 2.2018

Score = -(DG + DE(clash) + DE(int))


--------------------------------------------------------------------------------


--------------------------------------------------------------------------------
--- ChemScore analysis of protein-ligand interactions                        ---
--------------------------------------------------------------------------------

* Hydrogen bonds                                                                
Ligand donor   24 hydrogen   62 Protein acceptor 7948 bond energy  1.00 wt 1.00
Protein donor 7997 hydrogen 8008 Ligand acceptor    8 bond energy  1.00 wt 0.88
Protein donor 10752 hydrogen 10763 Ligand acceptor    6 bond energy  1.00 wt 0.60

CHEMSCORE EXTRA INTERACTIONS:

* Clashes                                                                       
Clash for ligand atom  14 (**** ):   1.67
Clash for ligand atom  22 (**** ):   1.10
--------------------------------------------------------------------------------


--------------------------------------------------------------------------------
--- Chromosome decoded                                                       ---
--------------------------------------------------------------------------------
Ligand Torsions
[   3    4    5   10] -176.46
[  15   14   13    9] -125.10
[  21   15   14   13]  -65.34
[  40   16   15   14]  -76.17
[  27   25   24   23]  101.23
Protein Torsions
[6907 6896 6895 6894]   45.62 
[7974 7965 7964 7962] -129.71 
[8008 7997 7996 7995]  -30.47 
[10167 10162 10161 10158]  -33.04 
[10718 10713 10712 10709]   59.99 
[10763 10752 10751 10750]   55.53 
[11005 11000 10999 10996]   54.96 
Mapping
Ligand acceptors to protein hydrogens (mapping then atom ids)
Ligand hydrogens to protein acceptors (mapping then atom ids)
  2   7 [ 62->7948]
Ligand shape atoms to protein points (mapping then atom ids & coords)
  8  8620 [ 18->(151.750 144.250 159.250)]
 16  3143 [ 28->(144.750 135.500 151.500)]
Ligand N+ atoms to protein TRP (mapping then atom ids & coords)
Chromosome values
Integers:
  -1   -1   -1   -1   -1   -1   -1    6   -1   -1   -1   -1 
  -1   -1   -1   -1 8619   -1   -1   -1   -1   -1   -1   -1 
3142   -1 
--------------------------------------------------------------------------------

Current Ranking  1

--------------------------------------------------------------------------------

* GA execution time :                                                           
  total  1.0320 user  1.0320 sys  0.0000

--------------------------------------------------------------------------------
Fitness function evaluations: 86608

--------------------------------------------------------------------------------
** Docking run number  2 **
--------------------------------------------------------------------------------
  Rank fitness base is 5000.00 ; increment is 11.2233

* Initialising population(s) ...                                                
Number of constraints mappings 0
Number of constraints 0
  Population no.                           :      1
  Population size                          :    100
  Number of duplicates                     :      0
  Number of niche violations               :      0
  Number of errors                         :   2145

Number of constraints mappings 0
Number of constraints 0
  Population no.                           :      2
  Population size                          :    100
  Number of duplicates                     :      0
  Number of niche violations               :      0
  Number of errors                         :   2217

Number of constraints mappings 0
Number of constraints 0
  Population no.                           :      3
  Population size                          :    100
  Number of duplicates                     :      0
  Number of niche violations               :      0
  Number of errors                         :   2226

Number of constraints mappings 0
Number of constraints 0
  Population no.                           :      4
  Population size                          :    100
  Number of duplicates                     :      0
  Number of niche violations               :      0
  Number of errors                         :   2281


Doing GA, no. of population(s) 4 size 100 selection pressure 1.100000

 Operation      Score     S(PLP)   S(hbond)     S(cho)   S(metal)  DE(clash)   DE(tors)     intcor
         0      17.60     -15.52       0.78       0.00       0.00       0.00       1.06       1.87
       846      20.97     -17.30       1.73       0.00       0.00       0.18       1.59       1.87
      1019      22.64     -17.05       2.92       0.44       0.00       2.90       1.73       1.87
      1553      25.92     -25.67       2.04       0.49       0.00       3.93       2.65       1.87
      1733      28.55     -25.58       2.00       0.63       0.00       1.70       2.54       1.87
      4841      30.35     -26.49       2.00       0.93       0.00       1.70       2.54       1.87
      5098      31.75     -31.39       0.98       0.00       0.00       1.35       1.54       1.87
      8810      32.89     -32.45       1.00       0.00       0.00       1.35       1.54       1.87
      9630      33.35     -29.17       2.09       0.89       0.00       1.70       2.45       1.87
     10170      34.63     -32.43       2.00       0.33       0.00       1.70       2.47       1.87
     10957      38.37     -30.14       2.34       1.00       0.00       0.84       1.41       1.87
     12362      38.92     -30.14       2.53       1.00       0.00       0.84       1.41       1.87
     17515      39.14     -34.25       2.38       0.00       0.00       1.43       1.34       1.87
     17843      40.09     -34.60       2.38       0.00       0.00       0.84       1.33       1.87
     18824      40.29     -34.66       2.42       0.00       0.00       0.84       1.32       1.87
     19480      40.89     -34.94       2.38       0.00       0.00       0.41       1.32       1.87
     19499      42.16     -36.81       2.00       0.33       0.00       0.84       1.33       1.87
     21349      42.36     -36.41       2.00       0.53       0.00       0.84       1.33       1.87
     21817      43.82     -37.73       2.00       0.58       0.00       0.84       1.33       1.87
     23040      44.07     -37.10       2.03       0.62       0.00       0.41       1.22       1.87
     23969      44.24     -37.52       2.07       0.65       0.00       0.84       1.23       1.87
     25476      44.25     -38.82       1.81       0.33       0.00       0.41       1.22       1.87
     25584      45.47     -37.79       2.23       0.66       0.00       0.41       1.22       1.87
     25996      45.50     -38.25       2.20       0.54       0.00       0.41       1.22       1.87
     27153      45.69     -38.36       2.20       0.62       0.00       0.53       1.23       1.87
     30173      46.33     -39.97       2.86       0.00       0.00       0.72       1.68       1.87
     30345      47.62     -39.97       3.29       0.00       0.00       0.72       1.68       1.87
     30617      47.72     -39.97       3.32       0.00       0.00       0.72       1.68       1.87
     31573      49.03     -39.76       3.83       0.00       0.00       0.72       1.68       1.87
     31585      49.17     -39.76       3.87       0.00       0.00       0.72       1.68       1.87
     31881      49.50     -39.76       3.98       0.00       0.00       0.72       1.68       1.87
     36472      50.14     -39.93       3.88       0.00       0.00       0.32       1.49       1.87
     38834      50.72     -40.67       3.88       0.00       0.00       0.12       1.67       1.87
     41934      50.80     -40.63       3.88       0.00       0.00       0.12       1.61       1.87
     42581      50.82     -42.08       3.29       0.00       0.00       0.00       1.50       1.87
     42786      50.90     -40.61       3.94       0.00       0.00       0.12       1.65       1.87
     43534      50.97     -40.43       3.94       0.00       0.00       0.12       1.52       1.87
     43842      51.38     -42.97       3.33       0.00       0.00       0.12       1.67       1.87
     43906      51.45     -42.97       3.36       0.00       0.00       0.12       1.67       1.87
     44062      51.60     -42.97       3.41       0.00       0.00       0.12       1.67       1.87
     44210      51.85     -42.97       3.49       0.00       0.00       0.12       1.67       1.87
     44334      51.89     -42.89       3.49       0.00       0.00       0.12       1.61       1.87
     44790      52.14     -42.96       3.58       0.00       0.00       0.12       1.66       1.87
     45001      52.92     -43.92       3.34       0.00       0.00       0.00       1.44       1.87
     45373      53.68     -44.45       3.47       0.00       0.00       0.00       1.53       1.87
     45437      53.96     -44.73       3.37       0.00       0.00       0.00       1.37       1.87
--------------------------------------------------------------------------------
Best docking solution after GA:
     45500      53.96     -44.73       3.37       0.00       0.00       0.00       1.37       1.87

#ops:      45500 #mutates:  21657 #cross:    21614 #migrate:   2229 
#dups:      8523 #niche:    24060 #errors:    2279 
--------------------------------------------------------------------------------

Doing AMOEBA simplex on best individual
Done simplexing #iterations 717, best score  57.56

Ligand is stored in gold_soln_AV-procd_m1497_2.sdf


--------------------------------------------------------------------------------
--- CHEMPLP breakdown of terms                                               ---
--------------------------------------------------------------------------------
CHEMPLP = - ( 1.0000*S(PLP) + -3.0000*S(hbond) + -6.0000*S(metal) + -3.0000*S(cho) )

Score = CHEMPLP - 1.0000*DE(clash) - 2.0000*DE(tors)

Internal energy term has been corrected with the best internal energy encountered.

--------------------------------------------------------------------------------


     Score     S(PLP)   S(hbond)     S(cho)   S(metal)  DE(clash)   DE(tors)     intcor
     57.56     -46.75       3.83       0.00       0.00       0.00       1.27       1.87

--------------------------------------------------------------------------------
--- PLP analysis of protein-ligand interactions                              ---
--------------------------------------------------------------------------------
hydrogen bonding        :      -3.13
metal                   :       0.00
buried (polar-nonpolar) :      -4.28
nonpolar                :     -41.06
repulsive               :       0.24
--------------------------------------------------------------------------------


--------------------------------------------------------------------------------
--- ChemScore analysis of protein-ligand interactions                        ---
--------------------------------------------------------------------------------

* Hydrogen bonds                                                                
Ligand donor   24 hydrogen   62 Protein acceptor 7948 bond energy  1.00 wt 2.00
Protein donor 7997 hydrogen 8010 Ligand acceptor    8 bond energy  1.00 wt 0.95
Protein donor 10752 hydrogen 10764 Ligand acceptor    6 bond energy  1.00 wt 0.88


* CH..O interactions                                                            
  CH group selection                       : activated ring CH (adjacent to hetatom)

--------------------------------------------------------------------------------


--------------------------------------------------------------------------------
--- Intra-ligand clashes                                                     ---
--------------------------------------------------------------------------------

Ligand
--------------------------------------------------------------------------------

--------------------------------------------------------------------------------
--- Rescoring solution                                                       ---
--------------------------------------------------------------------------------

     Score         DG    S(hbond)    S(metal)    S(lipo)     H(rot)  DE(clash)    DE(int)
     13.74     -17.74       1.52        0.00     109.68       2.20       1.56       2.44

Doing AMOEBA simplex on best individual
Done simplexing #iterations 1069, best score  15.14

     Score         DG    S(hbond)    S(metal)    S(lipo)     H(rot)  DE(clash)    DE(int)
     15.14     -19.39       2.06        0.00     108.10       2.20       1.64       2.60

--------------------------------------------------------------------------------
--- ChemScore breakdown of terms                                             ---
--------------------------------------------------------------------------------
DG = -5.4800 + -3.3400*S(hbond)
     + -6.0300*S(metal) + -0.1170*S(lipo) + 2.5600*H(rot)


H(rot) = 2.2018

Score = -(DG + DE(clash) + DE(int))


--------------------------------------------------------------------------------


--------------------------------------------------------------------------------
--- ChemScore analysis of protein-ligand interactions                        ---
--------------------------------------------------------------------------------

* Hydrogen bonds                                                                
Ligand donor   24 hydrogen   62 Protein acceptor 7948 bond energy  1.00 wt 0.99
Protein donor 7997 hydrogen 8010 Ligand acceptor    8 bond energy  1.00 wt 0.54
Protein donor 10752 hydrogen 10764 Ligand acceptor    6 bond energy  1.00 wt 0.53

CHEMSCORE EXTRA INTERACTIONS:

* Clashes                                                                       
Clash for ligand atom   3 (**** ):   0.07
Clash for ligand atom  14 (**** ):   0.02
Clash for ligand atom  17 (**** ):   0.03
Clash for ligand atom  19 (**** ):   0.10
Clash for ligand atom  22 (**** ):   1.42
--------------------------------------------------------------------------------


--------------------------------------------------------------------------------
--- Chromosome decoded                                                       ---
--------------------------------------------------------------------------------
Ligand Torsions
[   3    4    5   10] -175.17
[  15   14   13    9] -101.32
[  21   15   14   13] -176.76
[  40   16   15   14]   -9.06
[  27   25   24   23]  105.03
Protein Torsions
[6907 6896 6895 6894]  123.54 
[7974 7965 7964 7962]   -0.12 
[8008 7997 7996 7995]   96.71 
[10167 10162 10161 10158]   99.51 
[10718 10713 10712 10709]  119.05 
[10763 10752 10751 10750]  -69.53 
[11005 11000 10999 10996] -113.19 
Mapping
Ligand acceptors to protein hydrogens (mapping then atom ids)
  3  21 [  8->8010]
Ligand hydrogens to protein acceptors (mapping then atom ids)
  2   7 [ 62->7948]
Ligand shape atoms to protein points (mapping then atom ids & coords)
  4  8998 [  7->(152.250 138.500 155.500)]
  5  7011 [ 12->(150.000 141.750 157.500)]
 10  8274 [ 21->(151.500 143.000 158.000)]
 16  3103 [ 28->(144.750 134.000 150.250)]
Ligand N+ atoms to protein TRP (mapping then atom ids & coords)
Chromosome values
Integers:
  -1   -1   20   -1   -1   -1   -1    6   -1   -1   -1   -1 
8997 7010   -1   -1   -1   -1 8273   -1   -1   -1   -1   -1 
3102   -1 
--------------------------------------------------------------------------------

Current Ranking  2  1

--------------------------------------------------------------------------------

* GA execution time :                                                           
  total  1.0864 user  1.0864 sys  0.0000

--------------------------------------------------------------------------------
Fitness function evaluations: 87065

--------------------------------------------------------------------------------
** Docking run number  3 **
--------------------------------------------------------------------------------
  Rank fitness base is 5000.00 ; increment is 11.2233

* Initialising population(s) ...                                                
Number of constraints mappings 0
Number of constraints 0
  Population no.                           :      1
  Population size                          :    100
  Number of duplicates                     :      0
  Number of niche violations               :      0
  Number of errors                         :   2150

Number of constraints mappings 0
Number of constraints 0
  Population no.                           :      2
  Population size                          :    100
  Number of duplicates                     :      0
  Number of niche violations               :      0
  Number of errors                         :   2118

Number of constraints mappings 0
Number of constraints 0
  Population no.                           :      3
  Population size                          :    100
  Number of duplicates                     :      0
  Number of niche violations               :      0
  Number of errors                         :   2260

Number of constraints mappings 0
Number of constraints 0
  Population no.                           :      4
  Population size                          :    100
  Number of duplicates                     :      0
  Number of niche violations               :      0
  Number of errors                         :   2190


Doing GA, no. of population(s) 4 size 100 selection pressure 1.100000

 Operation      Score     S(PLP)   S(hbond)     S(cho)   S(metal)  DE(clash)   DE(tors)     intcor
         0      15.74     -20.23       0.01       0.00       0.00       3.25       1.57       1.87
       162      18.81     -20.49       0.00       0.04       0.00       0.00       1.83       1.87
      1107      20.78     -19.91       1.66       0.00       0.00       2.90       1.54       1.87
      1361      24.10     -26.39       0.00       0.40       0.00       1.14       2.11       1.87
      1725      25.11     -25.70       0.00       0.00       0.00       0.00       1.23       1.87
      2117      30.03     -29.31       0.00       0.97       0.00       1.13       1.47       1.87
      3297      30.22     -29.57       0.00       0.94       0.00       1.13       1.46       1.87
      4598      30.95     -30.13       0.00       1.00       0.00       1.13       1.46       1.87
      4752      31.91     -31.35       0.60       1.00       0.00       2.02       2.04       1.87
      5168      33.83     -32.97       0.70       1.00       0.00       2.02       2.04       1.87
      6701      35.18     -33.43       0.01       0.66       0.00       0.00       1.06       1.87
      8540      35.21     -33.48       0.00       0.66       0.00       0.00       1.06       1.87
      9753      35.85     -33.76       0.05       0.73       0.00       0.00       1.06       1.87
     10588      36.14     -34.18       0.00       0.74       0.00       0.00       1.06       1.87
     11477      36.90     -33.25       2.00       0.00       0.00       1.12       1.54       1.87
     13404      37.41     -33.19       2.02       0.00       0.00       0.60       1.55       1.87
     14490      38.99     -34.05       3.82       0.00       0.00       3.27       2.56       1.87
     16207      40.39     -33.87       2.43       0.00       0.00       0.20       1.22       1.87
     16563      42.75     -36.79       2.25       0.00       0.00       0.20       1.22       1.87
     19367      46.49     -40.20       2.35       0.00       0.00       0.20       1.22       1.87
     20035      46.83     -40.40       2.39       0.00       0.00       0.20       1.20       1.87
     21123      47.31     -40.59       2.45       0.00       0.00       0.20       1.15       1.87
     30857      47.81     -43.21       2.05       0.00       0.00       0.32       1.54       1.87
     31014      48.35     -42.22       2.50       0.00       0.00       0.40       1.41       1.87
     31449      51.68     -44.35       2.90       0.00       0.00       0.12       1.56       1.87
     32249      52.84     -44.04       3.35       0.00       0.00       0.12       1.50       1.87
     33226      53.06     -44.35       3.36       0.00       0.00       0.12       1.56       1.87
     33485      53.35     -44.85       3.34       0.00       0.00       0.12       1.63       1.87
     35730      53.40     -44.86       3.34       0.00       0.00       0.12       1.62       1.87
     35976      53.43     -44.35       3.48       0.00       0.00       0.12       1.56       1.87
     36030      53.67     -44.86       3.43       0.00       0.00       0.12       1.62       1.87
     36186      53.74     -44.86       3.45       0.00       0.00       0.12       1.62       1.87
     36366      53.80     -44.88       3.43       0.00       0.00       0.12       1.56       1.87
     37108      54.24     -44.88       3.58       0.00       0.00       0.12       1.56       1.87
     41525      54.37     -44.26       3.83       0.00       0.00       0.12       1.56       1.87
     42216      54.42     -43.95       3.94       0.00       0.00       0.12       1.54       1.87
     42408      54.42     -44.26       3.84       0.00       0.00       0.12       1.56       1.87
     42497      54.45     -43.96       3.97       0.00       0.00       0.12       1.58       1.87
     42625      54.52     -43.95       3.97       0.00       0.00       0.12       1.54       1.87
     43444      54.95     -44.66       3.89       0.00       0.00       0.12       1.56       1.87
     44800      54.95     -44.66       3.89       0.00       0.00       0.12       1.56       1.87
     45195      55.03     -44.44       3.98       0.00       0.00       0.12       1.54       1.87
--------------------------------------------------------------------------------
Best docking solution after GA:
     45500      55.03     -44.44       3.98       0.00       0.00       0.12       1.54       1.87

#ops:      45500 #mutates:  21580 #cross:    21769 #migrate:   2151 
#dups:      8957 #niche:    22751 #errors:    3507 
--------------------------------------------------------------------------------

Doing AMOEBA simplex on best individual
Done simplexing #iterations 686, best score  56.94

Ligand is stored in gold_soln_AV-procd_m1497_3.sdf


--------------------------------------------------------------------------------
--- CHEMPLP breakdown of terms                                               ---
--------------------------------------------------------------------------------
CHEMPLP = - ( 1.0000*S(PLP) + -3.0000*S(hbond) + -6.0000*S(metal) + -3.0000*S(cho) )

Score = CHEMPLP - 1.0000*DE(clash) - 2.0000*DE(tors)

Internal energy term has been corrected with the best internal energy encountered.

--------------------------------------------------------------------------------


     Score     S(PLP)   S(hbond)     S(cho)   S(metal)  DE(clash)   DE(tors)     intcor
     56.94     -46.36       3.94       0.00       0.00       0.00       1.56       1.87

--------------------------------------------------------------------------------
--- PLP analysis of protein-ligand interactions                              ---
--------------------------------------------------------------------------------
hydrogen bonding        :      -3.00
metal                   :       0.00
buried (polar-nonpolar) :      -4.60
nonpolar                :     -39.58
repulsive               :       0.22
--------------------------------------------------------------------------------


--------------------------------------------------------------------------------
--- ChemScore analysis of protein-ligand interactions                        ---
--------------------------------------------------------------------------------

* Hydrogen bonds                                                                
Ligand donor   24 hydrogen   62 Protein acceptor 7948 bond energy  1.00 wt 2.00
Protein donor 7997 hydrogen 8010 Ligand acceptor    8 bond energy  1.00 wt 1.00
Protein donor 10752 hydrogen 10764 Ligand acceptor    6 bond energy  1.00 wt 0.94


* CH..O interactions                                                            
  CH group selection                       : activated ring CH (adjacent to hetatom)

--------------------------------------------------------------------------------


--------------------------------------------------------------------------------
--- Intra-ligand clashes                                                     ---
--------------------------------------------------------------------------------

Ligand
--------------------------------------------------------------------------------

--------------------------------------------------------------------------------
--- Rescoring solution                                                       ---
--------------------------------------------------------------------------------

     Score         DG    S(hbond)    S(metal)    S(lipo)     H(rot)  DE(clash)    DE(int)
     13.83     -18.97       1.94        0.00     108.19       2.20       2.17       2.97

Doing AMOEBA simplex on best individual
Done simplexing #iterations 777, best score  15.95

     Score         DG    S(hbond)    S(metal)    S(lipo)     H(rot)  DE(clash)    DE(int)
     15.95     -19.58       2.12        0.00     108.23       2.20       0.56       3.07

--------------------------------------------------------------------------------
--- ChemScore breakdown of terms                                             ---
--------------------------------------------------------------------------------
DG = -5.4800 + -3.3400*S(hbond)
     + -6.0300*S(metal) + -0.1170*S(lipo) + 2.5600*H(rot)


H(rot) = 2.2018

Score = -(DG + DE(clash) + DE(int))


--------------------------------------------------------------------------------


--------------------------------------------------------------------------------
--- ChemScore analysis of protein-ligand interactions                        ---
--------------------------------------------------------------------------------

* Hydrogen bonds                                                                
Ligand donor   24 hydrogen   62 Protein acceptor 7948 bond energy  1.00 wt 1.00
Protein donor 7997 hydrogen 8010 Ligand acceptor    8 bond energy  1.00 wt 0.55
Protein donor 10752 hydrogen 10764 Ligand acceptor    6 bond energy  1.00 wt 0.57

CHEMSCORE EXTRA INTERACTIONS:

* Clashes                                                                       
Clash for ligand atom   3 (**** ):   0.07
Clash for ligand atom  14 (**** ):   0.26
Clash for ligand atom  22 (**** ):   0.24
--------------------------------------------------------------------------------


--------------------------------------------------------------------------------
--- Chromosome decoded                                                       ---
--------------------------------------------------------------------------------
Ligand Torsions
[   3    4    5   10]  169.51
[  15   14   13    9]  -91.20
[  21   15   14   13] -175.86
[  40   16   15   14]  148.42
[  27   25   24   23]  108.31
Protein Torsions
[6907 6896 6895 6894]  155.28 
[7974 7965 7964 7962]   95.20 
[8008 7997 7996 7995]   81.11 
[10167 10162 10161 10158]   69.79 
[10718 10713 10712 10709]   56.53 
[10763 10752 10751 10750]  -53.68 
[11005 11000 10999 10996]  -15.64 
Mapping
Ligand acceptors to protein hydrogens (mapping then atom ids)
  3  21 [  8->8010]
Ligand hydrogens to protein acceptors (mapping then atom ids)
  2   7 [ 62->7948]
Ligand shape atoms to protein points (mapping then atom ids & coords)
  8  9210 [ 18->(152.500 141.250 159.750)]
  9  8906 [ 20->(152.000 144.500 159.250)]
Ligand N+ atoms to protein TRP (mapping then atom ids & coords)
Chromosome values
Integers:
  -1   -1   20   -1   -1   -1   -1    6   -1   -1   -1   -1 
  -1   -1   -1   -1 9209 8905   -1   -1   -1   -1   -1   -1 
  -1   -1 
--------------------------------------------------------------------------------

Current Ranking  2  3  1

Top  3 (of  3) solutions are within 1.500 RMSD, finishing docking /DATA2/COVID-19/PDBs_&_Models/AV-procd.sdf.


--------------------------------------------------------------------------------

* GA execution time :                                                           
  total  1.0299 user  1.0219 sys  0.0080

--------------------------------------------------------------------------------
Fitness function evaluations: 86194

--------------------------------------------------------------------------------
--- Ranking analysis                                                         ---
--------------------------------------------------------------------------------


* Final ranked order of GA solutions:                                           
   2  3  1 

  _______________________________
  RMSD Matrix of RANKED solutions

        2    3  

   1 :  0.3  1.2
   2 :       1.1

  Clustering method                        : complete linkage
  Structure ids in cluster table           : rank nos.
  Ordering of clusters and their members   : by rank (order if from rms_analysis)

  Distance | Clusters
   0.33    |  1  2 |  3 |
   1.20    |  1  2  3 |
  Finished Docking Ligand                  : /DATA2/COVID-19/PDBs_&_Models/AV-procd.sdf
--------------------------------------------------------------------------------

  Relative_Ligand_Energy (best encountered) :   1.867
  Relative_Ligand_Energy: fitness values have been corrected using this amount
